Track #0, length 12
 54060469 (1185) module 51, x -24.7375, y 9.1975, z 750.469
 51969983 (1135) module 49, x -23.28, y 8.6475, z 705.469
 49879241 (1086) module 47, x -21.8225, y   8.07, z 660.469
 47789012 (1033) module 45, x -20.3375, y 7.4925, z 615.469
 45709807 (982) module 43, x -16.46, y 6.0075, z 496.921
 42992744 (935) module 41, x -13.405, y 4.8525, z 402.473
 40900246 (897) module 39, x -10.9025, y 3.8625, z 325.525
 38806715 (857) module 37, x -8.8675, y 3.0925, z 263.531
 36710858 (816) module 35, x -8.0425, y 2.8175, z 238.531
 34615257 (771) module 33, x  -7.19, y 2.4875, z 213.531
 32519401 (723) module 31, x -6.3375, y  2.185, z 188.531
 30423800 (677) module 29, x -5.5125, y 1.8825, z 163.531

Track #1, length 11
 53854647 (1187) module 51, x -23.0575, y -13.5275, z 750.469
 51761360 (1137) module 49, x -21.655, y -12.7025, z 705.469
 49668074 (1088) module 47, x -20.2525, y -11.8775, z 660.469
 47260420 (1035) module 45, x -18.905, y -11.0425, z 616.531
 45153607 (984) module 43, x -15.2475, y  -8.87, z 497.982
 43048317 (938) module 41, x -12.2775, y  -7.11, z 402.473
 40944809 (900) module 39, x -9.8575, y -5.7075, z 325.525
 38842316 (859) module 37, x -7.9325, y  -4.58, z 263.531
 36743130 (818) module 35, x -7.1625, y -4.1125, z 238.531
 34643944 (773) module 33, x -6.365, y -3.6725, z 213.531
 32544503 (727) module 31, x -5.5675, y -3.205, z 188.531

Track #2, length 7
 54106197 (1193) module 51, x -14.7825, y 14.4775, z 750.469
 52013670 (1143) module 49, x -13.7925, y 13.515, z 705.469
 49920888 (1094) module 47, x -12.83, y 12.5525, z 660.469
 47828361 (1040) module 45, x -11.8675, y 11.6175, z 615.469
 45743287 (988) module 43, x -9.2825, y 9.0875, z 496.921
 43655131 (943) module 41, x  -7.22, y 7.1075, z 401.411
 41565945 (905) module 39, x -5.5425, y 5.4575, z 324.463

Track #3, length 7
 54115413 (1196) module 51, x -12.8025, y 14.4775, z 750.469
 52022374 (1144) module 49, x -11.9225, y 13.5425, z 705.469
 49929079 (1095) module 47, x -11.0975, y  12.58, z 660.469
 47835785 (1042) module 45, x -10.2725, y 11.6175, z 615.469
 45748662 (990) module 43, x -8.0175, y  9.115, z 496.921
 43659739 (945) module 41, x -6.2575, y 7.1075, z 401.411
 41569273 (906) module 39, x   -4.8, y 5.4575, z 324.463

Track #4, length 6
 53670801 (1198) module 51, x -11.1775, y -36.6725, z 751.531
 51562397 (1146) module 49, x -10.5175, y -34.28, z 706.531
 49453993 (1096) module 47, x -9.8575, y -31.8325, z 661.531
 47345591 (1043) module 45, x -9.0875, y -29.4125, z 616.531
 45218525 (991) module 43, x -6.9975, y -22.895, z 497.982
 43097080 (946) module 41, x -5.47583, y -17.6608, z 402.473

Track #5, length 5
 54131894 (1200) module 51, x -9.255, y 9.1425, z 750.469
 52037056 (1148) module 49, x -8.6775, y 8.5925, z 705.469
 49942474 (1099) module 47, x -8.1275, y 8.0425, z 660.469
 47847892 (1046) module 45, x -7.5775, y 7.4925, z 615.469
 45757422 (993) module 43, x  -6.12, y 6.0625, z 496.921

Track #6, length 5
 54139844 (1202) module 51, x -7.4675, y 8.3725, z 750.469
 52045006 (1150) module 49, x -6.9725, y 7.8225, z 705.469
 49950168 (1101) module 47, x -6.4775, y 7.2725, z 660.469
 47855330 (1048) module 45, x -5.9825, y 6.7225, z 615.469
 45764092 (995) module 43, x  -4.69, y 5.2925, z 496.921

Track #7, length 4
 54155995 (1207) module 51, x -4.0025, y 7.1075, z 750.469
 52059874 (1155) module 49, x -3.755, y 6.7225, z 705.469
 49964009 (1105) module 47, x -3.5075, y 6.3375, z 660.469
 47867889 (1051) module 45, x -3.2875, y 5.8975, z 615.469

Track #8, length 7
 54157334 (1209) module 51, x -3.65417, y 17.9242, z 750.469
 52058899 (1154) module 49, x -3.9475, y 18.1075, z 705.469
 49960208 (1104) module 47, x -4.2775, y 18.2725, z 660.469
 47861517 (1050) module 45, x -4.6075, y 18.4375, z 615.469
 45760003 (994) module 43, x -5.5425, y 18.9875, z 496.921
 43831287 (944) module 41, x -6.3125, y  19.51, z 402.473
 41737967 (902) module 39, x -7.1375, y  19.95, z 325.525

Track #9, length 6
 54173808 (1211) module 51, x -0.1525, y 12.9925, z 750.469
 52076671 (1158) module 49, x -0.1525, y 12.1675, z 705.469
 49979534 (1108) module 47, x -0.1525, y 11.3425, z 660.469
 47882397 (1054) module 45, x -0.1525, y 10.5175, z 615.469
 45785286 (998) module 43, x -0.134167, y 8.24417, z 496.921
 43688424 (948) module 41, x -0.0974998, y 6.3925, z 401.411

Track #10, length 6
 54412811 (1182) module 51, x -27.1575, y 32.5175, z 751.531
 52304452 (1132) module 49, x -24.7375, y 29.355, z 706.531
 50196095 (1084) module 47, x -22.2075, y  26.11, z 661.531
 48087227 (1034) module 45, x -19.6775, y 22.8375, z 616.531
 45726557 (985) module 43, x -12.83, y 14.0375, z 496.921
 43654621 (942) module 41, x -7.3575, y 6.9975, z 401.411

Track #11, length 8
 54059855 (1184) module 51, x -24.8475, y  14.78, z 750.469
 51969629 (1134) module 49, x -23.3625, y 14.0375, z 705.469
 49878634 (1085) module 47, x -21.9325, y 13.295, z 660.469
 47788152 (1031) module 45, x -20.5025, y 12.5525, z 615.469
 45708451 (980) module 43, x -16.7625, y  10.16, z 496.921
 43624899 (933) module 41, x -13.8475, y    8.4, z 401.411
 41539038 (895) module 39, x -11.4275, y 6.9425, z 324.463
 39450866 (855) module 37, x -9.5025, y 5.8425, z 262.469

Track #12, length 5
 53913758 (1186) module 51, x -24.4325, y -0.685001, z 750.469
 51815863 (1136) module 49, x -23.03, y -0.877502, z 705.469
 49717456 (1087) module 47, x -21.6825, y -1.125, z 660.469
 47619304 (1032) module 45, x -20.3625, y -1.3725, z 615.469
 45121580 (981) module 43, x -16.7325, y -1.9675, z 497.982

Track #13, length 8
 54075497 (1189) module 51, x -21.3825, y 13.3775, z 750.469
 51982712 (1138) module 49, x -20.4475, y 12.5525, z 705.469
 49889925 (1089) module 47, x -19.5125, y 11.8375, z 660.469
 47797394 (1036) module 45, x -18.5225, y 11.1225, z 615.469
 45713589 (983) module 43, x -15.6625, y 9.1975, z 496.921
 43627727 (936) module 41, x -13.215, y 7.7675, z 401.411
 41540066 (896) module 39, x -11.2075, y 6.7225, z 324.463
 39450866 (855) module 37, x -9.5025, y 5.8425, z 262.469

Track #14, length 11
 54360083 (1192) module 51, x -15.7175, y 32.0775, z 751.531
 52258106 (1142) module 49, x -14.6725, y 29.9325, z 706.531
 50156129 (1093) module 47, x -13.6275, y 27.7875, z 661.531
 48054152 (1039) module 45, x -12.5825, y 25.6425, z 616.531
 45944302 (987) module 43, x -9.8325, y 20.005, z 497.982
 43653444 (941) module 41, x -7.5775, y 15.4125, z 401.411
 41564807 (904) module 39, x -5.7625, y 11.7275, z 324.463
 39474365 (861) module 37, x -4.3325, y 8.7575, z 262.469
 37380050 (820) module 35, x -3.7275, y 7.6025, z 237.469
 35285480 (775) module 33, x  -3.15, y 6.3925, z 212.469
 33191166 (729) module 31, x -2.5725, y 5.1825, z 187.469

Track #15, length 4
 53511294 (1197) module 51, x -12.2225, y -2.1875, z 751.531
 51412887 (1145) module 49, x -10.8475, y -1.9125, z 706.531
 49314223 (1097) module 47, x -9.5275, y  -1.61, z 661.531
 47215559 (1044) module 45, x -8.2075, y -1.2525, z 616.531

Track #16, length 5
 53521573 (1199) module 51, x -10.0775, y -4.3875, z 751.531
 51423154 (1147) module 49, x -9.3625, y -4.1125, z 706.531
 49324478 (1098) module 47, x -8.7025, y  -3.81, z 661.531
 47226058 (1045) module 45, x -8.0425, y -3.5075, z 616.531
 45125355 (992) module 43, x -6.2275, y -2.7375, z 497.982

Track #17, length 4
 53528007 (1201) module 51, x -8.2075, y -5.7625, z 751.531
 51429073 (1149) module 49, x -7.6575, y -5.3775, z 706.531
 49330139 (1100) module 47, x -7.1075, y -4.9925, z 661.531
 47231205 (1047) module 45, x -6.5575, y -4.635, z 616.531

Track #18, length 7
 54147676 (1205) module 51, x -5.735, y 14.0925, z 750.469
 52052333 (1153) module 49, x  -5.35, y 13.1575, z 705.469
 49956989 (1103) module 47, x -4.9925, y  12.25, z 660.469
 47861646 (1049) module 45, x -4.6075, y 11.3425, z 615.469
 45769403 (996) module 43, x -3.5625, y 8.8675, z 496.921
 43675870 (947) module 41, x -2.7925, y 6.9425, z 401.411
 41581819 (907) module 39, x -2.1325, y 5.3475, z 324.463

Track #19, length 5
 54156232 (1208) module 51, x -3.9475, y 8.1525, z 750.469
 52060112 (1156) module 49, x   -3.7, y 7.7125, z 705.469
 49964248 (1106) module 47, x -3.4525, y 7.2725, z 660.469
 47868129 (1052) module 45, x -3.2325, y 6.7775, z 615.469
 45773558 (997) module 43, x -2.655, y  5.595, z 496.921

Track #20, length 4
 54161129 (1210) module 51, x -2.9025, y 6.3375, z 750.469
 52064752 (1157) module 49, x -2.7375, y 5.9525, z 705.469
 49968375 (1107) module 47, x -2.545, y 5.5675, z 660.469
 47872254 (1053) module 45, x -2.3525, y 5.1825, z 615.469

Track #21, length 4
 53139943 (1159) module 50, x -3.01917, y -6.41083, z 738.469
 51042031 (1109) module 48, x -2.8175, y -6.0075, z 693.469
 48944118 (1056) module 46, x -2.6525, y -5.6225, z 648.469
 46846205 (1004) module 44, x -2.4875, y -5.2375, z 603.469

Track #22, length 5
 53126586 (1163) module 50, x -0.122498, y -8.895, z 738.469
 51029444 (1113) module 48, x -0.122498, y -8.3725, z 693.469
 48932301 (1060) module 46, x -0.122498, y -7.8775, z 648.469
 46834902 (1008) module 44, x -0.0950012, y -7.3825, z 603.469
 44737774 (956) module 42, x -0.0675011, y -6.0625, z 484.921

Track #23, length 5
 53105337 (1164) module 50, x 4.4425, y -8.9775, z 738.469
 51009218 (1115) module 48, x 4.18583, y -8.46417, z 693.469
 48913356 (1063) module 46, x 3.9475, y -7.9325, z 648.469
 46817493 (1011) module 44, x 3.6725, y -7.4375, z 603.469
 44723437 (960) module 42, x 3.0125, y -6.1175, z 484.921

Track #24, length 6
 53101902 (1168) module 50, x 5.1575, y -14.8625, z 738.469
 51006560 (1117) module 48, x 4.7725, y -13.845, z 693.469
 48910963 (1064) module 46, x  4.415, y -12.8275, z 648.469
 46815622 (1012) module 44, x 4.0575, y -11.7825, z 603.469
 44722871 (961) module 42, x 3.1225, y -9.0875, z 484.921
 42628829 (914) module 40, x 2.4625, y -6.9975, z 389.411

Track #25, length 6
 52496875 (1169) module 50, x 6.2275, y 9.6125, z 739.531
 50397170 (1119) module 48, x 5.8425, y   8.98, z 694.531
 48297464 (1066) module 46, x 5.5125, y 8.4025, z 649.531
 46197759 (1014) module 44, x 5.1275, y 7.8525, z 604.531
 45805799 (999) module 43, x 4.2475, y 6.4475, z 496.921
 43704831 (949) module 41, x 3.4225, y 5.1275, z 401.411

Track #26, length 7
 52537036 (1173) module 50, x 7.91417, y 18.2658, z 739.531
 50434262 (1121) module 48, x 7.3825, y 17.0375, z 694.531
 48331232 (1068) module 46, x 6.8325, y 15.7725, z 649.531
 46228202 (1016) module 44, x 6.2825, y 14.535, z 604.531
 45809290 (1001) module 43, x 5.0175, y 11.5625, z 496.921
 43706810 (951) module 41, x 3.8625, y 8.9225, z 401.411
 41605345 (909) module 39, x 2.9275, y 6.7775, z 324.463

Track #27, length 4
 52436857 (1175) module 50, x  12.47, y -3.3675, z 739.531
 50340742 (1125) module 48, x 11.7825, y -3.1475, z 694.531
 48244371 (1072) module 46, x 11.0675, y -2.9825, z 649.531
 46148000 (1020) module 44, x 10.3525, y -2.8175, z 604.531

Track #28, length 7
 52488766 (1177) module 50, x 15.7425, y 7.7975, z 739.531
 50389074 (1127) module 48, x 14.6425, y  7.275, z 694.531
 48289637 (1074) module 46, x 13.5975, y 6.7525, z 649.531
 46189944 (1022) module 44, x 12.5525, y 6.2025, z 604.531
 44086443 (966) module 42, x   9.72, y 4.8275, z 485.982
 41983960 (916) module 40, x 7.2725, y 3.6725, z 390.473
 39882747 (869) module 38, x   5.32, y 2.7925, z 313.525

Track #29, length 9
 53226960 (1160) module 50, x -2.5975, y -21.6825, z 739.531
 51131114 (1110) module 48, x -2.3225, y -20.2525, z 694.531
 48941063 (1057) module 46, x -2.0475, y -18.7675, z 648.469
 46842657 (1005) module 44, x -1.7725, y -17.3375, z 603.469
 44742246 (954) module 42, x -1.0575, y -13.5425, z 484.921
 42642589 (911) module 40, x -0.5075, y -10.49, z 389.411
 40543179 (865) module 38, x -0.0125008, y -7.9875, z 312.463
 38444527 (825) module 36, x 0.317501, y -6.0075, z 250.469
 36346621 (780) module 34, x 0.482502, y  -5.21, z 225.469

Track #30, length 5
 53133500 (1162) module 50, x -1.6075, y -8.8125, z 738.469
 51035845 (1112) module 48, x -1.4975, y -8.3175, z 693.469
 48938446 (1058) module 46, x -1.4425, y -7.8225, z 648.469
 46840791 (1006) module 44, x -1.3325, y   -7.3, z 603.469
 44742126 (955) module 42, x -1.03917, y -6.04417, z 484.921

Track #31, length 4
 53105348 (1165) module 50, x 4.4425, y -8.3725, z 738.469
 51009744 (1114) module 48, x 4.1125, y -7.7125, z 693.469
 48913883 (1061) module 46, x 3.8375, y -7.1075, z 648.469
 46818022 (1009) module 44, x 3.5625, y -6.5025, z 603.469

Track #32, length 5
 53104539 (1166) module 50, x   4.58, y -10.6275, z 738.469
 51008936 (1116) module 48, x 4.2775, y -9.9125, z 693.469
 48913333 (1062) module 46, x 3.9475, y -9.1975, z 648.469
 46817474 (1010) module 44, x 3.6725, y -8.4825, z 603.469
 44724196 (959) module 42, x 2.8475, y -6.6125, z 484.921

Track #33, length 6
 53096783 (1170) module 50, x   6.23, y -14.8075, z 738.469
 51002208 (1118) module 48, x   5.68, y -13.8725, z 693.469
 48907634 (1065) module 46, x 5.1575, y -12.855, z 648.469
 46812805 (1013) module 44, x  4.635, y -11.8375, z 603.469
 44721845 (962) module 42, x 3.3425, y -9.1975, z 484.921
 42628829 (914) module 40, x 2.4625, y -6.9975, z 389.411

Track #34, length 9
 52536290 (1171) module 50, x 6.7225, y 18.0825, z 739.531
 50433769 (1120) module 48, x 6.3375, y 16.9275, z 694.531
 48331504 (1067) module 46, x 5.9525, y 15.8275, z 649.531
 46229239 (1015) module 44, x 5.5675, y 14.7275, z 604.531
 45806977 (1000) module 43, x 4.5225, y 12.0575, z 496.921
 43705516 (950) module 41, x 3.5875, y  9.665, z 401.411
 41605071 (908) module 39, x 2.8725, y 7.7675, z 324.463
 39505131 (862) module 37, x  2.295, y 6.2275, z 262.469
 37406966 (821) module 35, x 2.0475, y 5.6225, z 237.469

Track #35, length 5
 52462285 (1172) module 50, x 7.8775, y 2.0775, z 739.531
 50364629 (1122) module 48, x 7.4375, y 1.9675, z 694.531
 48266717 (1069) module 46, x 6.9975, y   1.83, z 649.531
 46169061 (1017) module 44, x 6.5575, y 1.6925, z 604.531
 44070650 (963) module 42, x  5.375, y 1.4175, z 485.982

Track #36, length 7
 52483209 (1174) module 50, x 11.6175, y 6.5875, z 739.531
 50384277 (1124) module 48, x 10.9575, y 6.2025, z 694.531
 48285345 (1071) module 46, x 10.2975, y 5.8175, z 649.531
 46186412 (1019) module 44, x 9.65583, y 5.46917, z 604.531
 44084684 (965) module 42, x 7.9325, y   4.47, z 485.982
 41983973 (915) module 40, x   6.53, y 3.6725, z 390.473
 39883770 (870) module 38, x 5.4025, y 3.0125, z 313.525

Track #37, length 4
 52437856 (1176) module 50, x 13.8725, y -3.1475, z 739.531
 50341236 (1126) module 48, x 12.7725, y -3.0375, z 694.531
 48244874 (1073) module 46, x 11.535, y -2.8725, z 649.531
 46148000 (1020) module 44, x 10.3525, y -2.8175, z 604.531

Track #38, length 7
 53048094 (1178) module 50, x 16.8175, y -17.5025, z 738.469
 50956339 (1128) module 48, x 15.6625, y -16.32, z 693.469
 48864329 (1076) module 46, x 14.535, y -15.1375, z 648.469
 46772830 (1023) module 44, x 13.3525, y -13.955, z 603.469
 44689816 (967) module 42, x 10.3275, y -10.7925, z 484.921
 42603718 (917) module 40, x 7.8525, y -8.2625, z 389.411
 40515563 (871) module 38, x 5.9275, y -6.2275, z 312.463

Track #39, length 7
 52805343 (1179) module 50, x 20.8575, y 13.6925, z 738.469
 50712051 (1129) module 48, x 19.7575, y 12.8675, z 693.469
 48313610 (1078) module 46, x 18.6025, y 12.0325, z 649.531
 46212639 (1024) module 44, x 17.4475, y 11.2075, z 604.531
 44105815 (969) module 42, x  14.34, y   9.09, z 485.982
 42001029 (920) module 40, x 11.8375, y 7.3575, z 390.473
 39897512 (874) module 38, x  9.885, y 5.9825, z 313.525

Track #40, length 13
 51773595 (1133) module 49, x -24.5975, y  -9.98, z 705.469
 49679030 (1083) module 47, x -23.1125, y -9.375, z 660.469
 47584720 (1030) module 45, x -21.6825, y -8.7975, z 615.469
 45145879 (979) module 43, x -17.86, y -7.1925, z 497.982
 43042896 (932) module 41, x -14.7525, y -5.9275, z 402.473
 40941181 (894) module 39, x -12.2775, y -4.9375, z 325.525
 38840225 (852) module 37, x -10.27, y -4.1125, z 263.531
 36741552 (812) module 35, x -9.4725, y -3.7825, z 238.531
 34642879 (767) module 33, x -8.6475, y -3.4525, z 213.531
 32544206 (721) module 31, x -7.8225, y -3.1225, z 188.531
 30445532 (676) module 29, x -7.0525, y -2.7925, z 163.531
 28346859 (633) module 27, x -6.2275, y -2.4625, z 138.531
 26248442 (587) module 25, x -5.4025, y -2.1875, z 113.531

Track #41, length 10
 51673885 (1131) module 49, x -31.5275, y -31.5675, z 705.469
 49587526 (1082) module 47, x -29.2725, y -29.2575, z 660.469
 47500911 (1029) module 45, x -27.0175, y -27.0025, z 615.469
 45431257 (978) module 43, x -21.1875, y -21.0075, z 496.921
 43090479 (931) module 41, x -16.5675, y -16.2675, z 402.473
 40975476 (893) module 39, x -12.7725, y -12.4175, z 325.525
 38864044 (854) module 37, x -9.6925, y -9.3375, z 263.531
 36761794 (814) module 35, x -8.455, y -8.1275, z 238.531
 34659033 (770) module 33, x -7.2175, y -6.9175, z 213.531
 32556272 (726) module 31, x -5.9525, y -5.7075, z 188.531

Track #42, length 13
 50517959 (1123) module 48, x 8.2075, y 35.1325, z 694.531
 48410064 (1070) module 46, x 7.7125, y 32.8225, z 649.531
 46301913 (1018) module 44, x 7.2175, y 30.485, z 604.531
 44176114 (964) module 42, x 5.8425, y 24.2975, z 485.982
 43779055 (952) module 41, x   4.88, y 19.9775, z 402.473
 41610041 (910) module 39, x 3.9725, y  15.99, z 324.463
 39509363 (863) module 37, x   3.23, y 12.8275, z 262.469
 37410954 (822) module 35, x 2.9275, y 11.535, z 237.469
 35312289 (776) module 33, x  2.625, y 10.2975, z 212.469
 33213879 (730) module 31, x 2.3225, y   9.06, z 187.469
 31115469 (681) module 29, x 2.0475, y   7.85, z 162.469
 29016804 (635) module 27, x  1.745, y 6.6125, z 137.469
 26918394 (590) module 25, x 1.4425, y 5.4025, z 112.469

Track #43, length 9
 49686051 (1081) module 47, x -31.1975, y -7.8625, z 660.469
 47592014 (1028) module 45, x -28.8325, y -7.2025, z 615.469
 45502656 (977) module 43, x -22.535, y -5.5525, z 496.921
 43035166 (930) module 41, x -17.5025, y -4.2775, z 402.473
 40933481 (892) module 39, x -13.35, y -3.2875, z 325.525
 38832551 (853) module 37, x -9.9675, y -2.4625, z 263.531
 36733887 (813) module 35, x  -8.62, y -2.1325, z 238.531
 34635224 (769) module 33, x -7.2725, y -1.8025, z 213.531
 32536816 (725) module 31, x -5.9525, y -1.5275, z 188.531

Track #44, length 9
 49477196 (1091) module 47, x -14.9725, y -36.8375, z 661.531
 47366753 (1037) module 45, x -13.8175, y -33.9775, z 616.531
 45235095 (986) module 43, x -10.8475, y -26.5525, z 497.982
 43110595 (940) module 41, x -8.4275, y -20.585, z 402.473
 40991462 (903) module 39, x -6.5025, y -15.8275, z 325.525
 38467217 (823) module 36, x -4.5775, y -11.15, z 250.469
 36367278 (778) module 34, x -3.9725, y -9.5825, z 225.469
 34267082 (732) module 32, x -3.3125, y -8.0425, z 200.469
 32166886 (683) module 30, x  -2.68, y -6.5025, z 175.469

Track #45, length 13
 49182485 (1080) module 46, x 29.8525, y -31.9675, z 649.531
 47076410 (1026) module 44, x 27.9275, y -29.9325, z 604.531
 44956316 (971) module 42, x 22.8675, y -24.515, z 485.982
 42840300 (922) module 40, x 18.7975, y -20.1425, z 390.473
 40471342 (878) module 38, x 15.4975, y -16.6225, z 312.463
 38386529 (833) module 36, x 12.8575, y -13.79, z 250.469
 36294518 (791) module 34, x 11.7575, y -12.6625, z 225.469
 34202251 (744) module 32, x 10.7125, y -11.5075, z 200.469
 32109983 (694) module 30, x 9.6675, y -10.38, z 175.469
 30017204 (646) module 28, x  8.595, y -9.2525, z 150.469
 27924936 (600) module 26, x 7.54083, y -8.11583, z 125.469
 25832925 (557) module 24, x 6.4775, y -6.9975, z 100.469
 23740657 (524) module 22, x 5.4325, y  -5.87, z 75.469

Track #46, length 5
 49038205 (1059) module 46, x -1.3875, y -26.2475, z 649.531
 46943139 (1007) module 44, x -0.9475, y -24.1575, z 604.531
 44736010 (957) module 42, x 0.262501, y -18.6025, z 484.921
 42635354 (912) module 40, x 1.0325, y -14.2025, z 389.411
 40535451 (867) module 38, x 1.6375, y  -10.6, z 312.463

Track #47, length 9
 46525211 (1027) module 44, x  31.61, y 11.2175, z 603.469
 44440473 (972) module 42, x 24.7075, y 8.4675, z 484.921
 42353662 (923) module 40, x 19.1525, y 6.2675, z 389.411
 39890769 (877) module 38, x 14.6975, y 4.5525, z 313.525
 37787027 (832) module 36, x 11.0675, y 3.1225, z 251.531
 35687341 (788) module 34, x 9.6375, y 2.5725, z 226.531
 33587400 (739) module 32, x 8.1525, y  1.995, z 201.531
 31487714 (688) module 30, x  6.695, y 1.4175, z 176.531
 29388029 (641) module 28, x 5.2375, y 0.8675, z 151.531

Track #48, length 10
 45461830 (976) module 43, x -29.245, y -14.38, z 496.921
 43378095 (929) module 41, x -23.4975, y -11.5475, z 401.411
 40960771 (891) module 39, x -18.96, y -9.2825, z 325.525
 38855495 (851) module 37, x -15.2475, y -7.4125, z 263.531
 36755042 (811) module 35, x -13.735, y -6.6975, z 238.531
 34654334 (766) module 33, x -12.2225, y -5.9275, z 213.531
 32553881 (720) module 31, x -10.7375, y -5.2125, z 188.531
 30453173 (675) module 29, x -9.1975, y  -4.47, z 163.531
 28352720 (631) module 27, x -7.7125, y -3.7275, z 138.531
 26252267 (586) module 25, x   -6.2, y -3.0125, z 113.531

Track #49, length 8
 44861495 (958) module 42, x  2.435, y -30.0975, z 485.982
 42762166 (913) module 40, x 1.9125, y -23.1125, z 390.473
 40535839 (866) module 38, x 1.5275, y -17.42, z 312.463
 38440561 (826) module 36, x 1.1425, y -12.91, z 250.469
 36343955 (781) module 34, x 1.0325, y -11.0675, z 225.469
 34247605 (734) module 32, x 0.8675, y -9.1975, z 200.469
 32151255 (685) module 30, x 0.674999, y -7.3275, z 175.469
 30055161 (639) module 28, x 0.482502, y -5.4575, z 150.469

Track #50, length 8
 44996323 (973) module 42, x 31.5575, y -20.61, z 485.982
 42529342 (924) module 40, x 24.0225, y -15.7425, z 389.411
 40459653 (879) module 38, x     18, y -11.8375, z 312.463
 38385086 (834) module 36, x 13.1875, y -8.7025, z 250.469
 36296917 (790) module 34, x 11.2625, y -7.4375, z 225.469
 34208747 (742) module 32, x 9.3375, y   -6.2, z 200.469
 31457747 (691) module 30, x   7.52, y -5.0175, z 176.531
 29366518 (642) module 28, x  5.595, y -3.7525, z 151.531

Track #51, length 7
 43861883 (937) module 41, x -13.0225, y  26.33, z 402.473
 41750253 (899) module 39, x -9.915, y 20.0875, z 325.525
 39459916 (860) module 37, x -7.4125, y 14.9725, z 262.469
 37367409 (819) module 35, x -6.395, y 12.9375, z 237.469
 35275158 (774) module 33, x -5.3775, y 10.9025, z 212.469
 33182651 (728) module 31, x -4.3875, y 8.8675, z 187.469
 31090144 (680) module 29, x -3.3975, y 6.8325, z 162.469

Track #52, length 11
 43537617 (928) module 41, x -32.7125, y   7.63, z 401.411
 41466085 (890) module 39, x -27.1758, y 6.52083, z 324.463
 39389173 (848) module 37, x -22.7575, y   5.65, z 262.469
 37300476 (808) module 35, x -20.9425, y 5.2925, z 237.469
 32508191 (714) module 31, x -17.4475, y 4.5775, z 188.531
 30413120 (669) module 29, x -15.6325, y 4.1375, z 163.531
 28318048 (623) module 27, x -13.8725, y 3.6975, z 138.531
 26222976 (576) module 25, x -12.1125, y 3.2575, z 113.531
 24128160 (539) module 23, x -10.325, y 2.7625, z 88.531
 22033089 (513) module 21, x -8.5375, y 2.3225, z 63.531
 19938273 (490) module 19, x -6.7775, y 1.8275, z 38.531

Track #53, length 7
 43022951 (934) module 41, x -13.4875, y -1.6375, z 402.473
 40924314 (898) module 39, x -10.6825, y -1.3075, z 325.525
 38825919 (858) module 37, x -8.6475, y -1.0325, z 263.531
 36728269 (817) module 35, x -7.8775, y -0.9225, z 238.531
 34630875 (772) module 33, x  -7.08, y -0.8675, z 213.531
 32533226 (724) module 31, x -6.2825, y -0.785, z 188.531
 30435833 (678) module 29, x -5.4575, y -0.7025, z 163.531

Track #54, length 8
 42499951 (926) module 40, x 30.3475, y -13.0475, z 389.411
 40436392 (881) module 38, x 23.0325, y -9.9125, z 312.463
 38366678 (838) module 36, x  17.12, y -7.3825, z 250.469
 36280809 (793) module 34, x 14.7275, y -6.3375, z 225.469
 34194683 (745) module 32, x 12.335, y  -5.32, z 200.469
 31460773 (695) module 30, x  10.05, y -4.3575, z 176.531
 29368273 (645) module 28, x 7.6575, y -3.3675, z 151.531
 27275773 (596) module 26, x 5.2375, y -2.3775, z 126.531

Track #55, length 7
 42800545 (918) module 40, x 10.2725, y -24.2675, z 390.473
 40504595 (873) module 38, x 8.2375, y -18.08, z 312.463
 38415981 (829) module 36, x 6.4225, y -13.1575, z 250.469
 36322705 (784) module 34, x 5.5975, y -11.1775, z 225.469
 34229428 (736) module 32, x 4.7725, y -9.2525, z 200.469
 32136406 (686) module 30, x 3.8925, y -7.3825, z 175.469
 30043385 (640) module 28, x  2.985, y -5.4575, z 150.469

Track #56, length 13
 42123375 (921) module 40, x 13.0475, y 33.8675, z 390.473
 39999383 (875) module 38, x 10.8475, y  28.12, z 313.525
 37880759 (830) module 36, x   9.06, y 23.4725, z 251.531
 35775428 (786) module 34, x 8.3725, y 21.6025, z 226.531
 33669329 (737) module 32, x 7.6575, y 19.705, z 201.531
 31563486 (689) module 30, x 6.9425, y 17.8075, z 176.531
 29457388 (644) module 28, x 6.1725, y 15.8825, z 151.531
 27351289 (597) module 26, x 5.4575, y 13.9575, z 126.531
 26934898 (592) module 25, x 5.0175, y 12.855, z 112.469
 24834197 (549) module 23, x 4.28417, y 10.9208, z 87.469
 22733752 (519) module 21, x 3.5325, y  9.005, z 62.469
 20633052 (498) module 19, x 2.7625, y 7.0525, z 37.469
 18532351 (461) module 17, x   2.02, y 5.1275, z 12.469

Track #57, length 9
 42292080 (925) module 40, x 26.9442, y 19.5408, z 389.411
 40213973 (880) module 38, x 21.4075, y 15.5075, z 312.463
 37829159 (837) module 36, x  16.98, y 12.3075, z 251.531
 35725896 (794) module 34, x 15.165, y 10.9875, z 226.531
 33622633 (746) module 32, x  13.35, y 9.6675, z 201.531
 31519882 (696) module 30, x 11.5625, y 8.3475, z 176.531
 29416619 (648) module 28, x 9.7475, y 7.0275, z 151.531
 27313357 (602) module 26, x 7.8775, y  5.735, z 126.531
 25210094 (555) module 24, x 6.0625, y  4.415, z 101.531

Track #58, length 10
 41229580 (885) module 39, x -32.4625, y -22.52, z 324.463
 39152512 (844) module 37, x -26.0642, y -18.2208, z 262.469
 37063599 (804) module 35, x -23.4975, y -16.4975, z 237.469
 34974942 (760) module 33, x -20.9125, y -14.6825, z 212.469
 32589069 (712) module 31, x -18.41, y -12.9125, z 188.531
 30483516 (667) module 29, x -15.8388, y -11.0975, z 163.531
 28377964 (625) module 27, x -13.1942, y -9.30083, z 138.531
 26272668 (578) module 25, x -10.5725, y  -7.44, z 113.531
 24167115 (540) module 23, x -7.9875, y -5.625, z 88.531
 22061818 (515) module 21, x -5.4025, y -3.8375, z 63.531

Track #59, length 7
 41327437 (888) module 39, x -28.86, y   -1.4, z 324.463
 39232209 (850) module 37, x -21.6275, y -1.0425, z 262.469
 36727814 (810) module 35, x -18.8225, y -0.895, z 238.531
 34630203 (765) module 33, x -15.88, y -0.7575, z 213.531
 32532337 (719) module 31, x -12.9375, y  -0.62, z 188.531
 30434726 (674) module 29, x -9.995, y -0.4825, z 163.531
 28336860 (632) module 27, x -7.0525, y -0.345, z 138.531

Track #60, length 10
 41232147 (886) module 39, x -32.05, y -21.97, z 324.463
 39155078 (845) module 37, x -25.7525, y -17.7075, z 262.469
 37065652 (805) module 35, x -23.2225, y -16.03, z 237.469
 34976482 (761) module 33, x -20.6925, y -14.325, z 212.469
 32587792 (713) module 31, x -18.245, y -12.6375, z 188.531
 30482495 (668) module 29, x -15.6875, y -10.905, z 163.531
 28377453 (626) module 27, x -13.1575, y -9.1725, z 138.531
 26272668 (578) module 25, x -10.5725, y  -7.44, z 113.531
 24167115 (540) module 23, x -7.9875, y -5.625, z 88.531
 22061818 (515) module 21, x -5.4025, y -3.8375, z 63.531

Track #61, length 9
 41182767 (887) module 39, x -30.5008, y -32.7042, z 324.463
 39115935 (847) module 37, x -24.35, y -26.205, z 262.469
 37030605 (807) module 35, x -21.8475, y -23.5925, z 237.469
 34945786 (762) module 33, x -19.345, y -20.9525, z 212.469
 32614696 (716) module 31, x -16.9525, y -18.4125, z 188.531
 30505045 (670) module 29, x -14.45, y -15.7175, z 163.531
 28395395 (627) module 27, x -11.9475, y -13.05, z 138.531
 26286000 (582) module 25, x -9.445, y -10.3825, z 113.531
 24176605 (541) module 23, x -6.97917, y -7.65083, z 88.531

Track #62, length 9
 41258339 (889) module 39, x -27.65, y -16.3875, z 324.463
 39176391 (849) module 37, x -22.1775, y -13.1425, z 262.469
 37085423 (809) module 35, x -19.9775, y -11.8225, z 237.469
 34675223 (764) module 33, x -17.8508, y -10.5842, z 213.531
 32571967 (717) module 31, x -15.6692, y -9.24583, z 188.531
 30469223 (671) module 29, x -13.4875, y -7.935, z 163.531
 28366223 (628) module 27, x -11.26, y -6.6425, z 138.531
 26262967 (583) module 25, x  -9.06, y -5.3225, z 113.531
 24159711 (542) module 23, x -6.85083, y -4.03917, z 88.531

Track #63, length 9
 40015827 (872) module 38, x 7.5475, y 31.6125, z 313.525
 37887727 (828) module 36, x   5.98, y 24.985, z 251.531
 35778811 (783) module 34, x 5.3475, y 22.3175, z 226.531
 35389918 (777) module 33, x 5.0175, y 20.9125, z 213.531
 33223186 (731) module 31, x 4.3575, y 18.1625, z 187.469
 31123011 (682) module 29, x 3.6975, y 15.4675, z 162.469
 29022835 (636) module 27, x  3.065, y 12.8275, z 137.469
 26922916 (591) module 25, x 2.4325, y 10.1325, z 112.469
 24822996 (548) module 23, x 1.8275, y  7.465, z 87.469

Track #64, length 9
 40715838 (876) module 38, x 12.995, y -29.7125, z 313.525
 38606001 (831) module 36, x 10.2175, y -23.36, z 251.531
 36504031 (787) module 34, x 9.1725, y -20.83, z 226.531
 34213905 (738) module 32, x  8.045, y -18.2175, z 200.469
 32121919 (690) module 30, x 6.9725, y -15.6875, z 175.469
 30029932 (643) module 28, x 5.8725, y -13.2125, z 150.469
 27937945 (595) module 26, x 4.7725, y -10.7375, z 125.469
 25845958 (552) module 24, x 3.6725, y -8.235, z 100.469
 23753972 (523) module 22, x 2.5725, y -5.7325, z 75.469

Track #65, length 7
 40282241 (882) module 38, x 25.9908, y 0.694168, z 312.463
 38185977 (839) module 36, x 19.4275, y 0.547501, z 250.469
 35677481 (795) module 34, x 16.8975, y 0.4825, z 226.531
 33580120 (747) module 32, x 14.285, y 0.4275, z 201.531
 31482504 (697) module 30, x 11.645, y 0.3175, z 176.531
 29385144 (647) module 28, x  9.005, y 0.2625, z 151.531
 27287528 (598) module 26, x 6.3925, y   0.18, z 126.531

Track #66, length 11
 40635930 (864) module 38, x -4.275, y -31.6925, z 313.525
 38542459 (824) module 36, x -3.5325, y -26.3575, z 251.531
 36446626 (779) module 34, x -3.2575, y -24.2125, z 226.531
 34350793 (733) module 32, x -2.9825, y -22.0675, z 201.531
 32255216 (684) module 30, x -2.6525, y -19.9225, z 176.531
 30068251 (638) module 28, x -2.3775, y -17.6675, z 150.469
 27969602 (594) module 26, x -2.0475, y -15.5225, z 125.469
 25871209 (551) module 24, x -1.7725, y -13.3775, z 100.469
 23772816 (522) module 22, x -1.4975, y -11.2325, z 75.469
 21674167 (502) module 20, x -1.1675, y  -9.06, z 50.469
 19575774 (464) module 18, x -0.892498, y -6.915, z 25.469

Track #67, length 7
 40197669 (883) module 38, x  31.06, y 18.9725, z 312.463
 38123187 (840) module 36, x  23.25, y 14.1325, z 250.469
 36035053 (796) module 34, x 20.0875, y 12.2075, z 225.469
 33625893 (748) module 32, x  17.09, y 10.3825, z 201.531
 31520351 (699) module 30, x 13.9275, y 8.4575, z 176.531
 29414296 (649) module 28, x 10.7925, y 6.5325, z 151.531
 27308242 (601) module 26, x 7.6025, y  4.635, z 126.531

Track #68, length 9
 40241951 (884) module 38, x 31.4175, y 9.3475, z 312.463
 38154129 (841) module 36, x 25.1475, y 7.3675, z 250.469
 36060607 (798) module 34, x 22.6175, y 6.5975, z 225.469
 33967085 (750) module 32, x 20.0875, y 5.8275, z 200.469
 31504411 (701) module 30, x 17.6675, y  5.075, z 176.531
 29403722 (651) module 28, x 15.0825, y  4.305, z 151.531
 27303032 (605) module 26, x 12.5525, y  3.535, z 126.531
 25202599 (559) module 24, x   9.94, y 2.7925, z 101.531
 23101910 (525) module 22, x  7.355, y   2.05, z 76.531

Track #69, length 6
 39244937 (846) module 37, x -25.5875, y 1.7075, z 262.469
 37146824 (806) module 35, x -22.1225, y 1.4875, z 237.469
 34620679 (763) module 33, x -18.7675, y 1.2775, z 213.531
 32524870 (718) module 31, x -15.3025, y 1.0025, z 188.531
 30428806 (673) module 29, x -11.7825, y  0.755, z 163.531
 28332997 (630) module 27, x -8.3175, y 0.5075, z 138.531

Track #70, length 4
 37935716 (835) module 36, x 13.6525, y 35.2975, z 251.531
 35816080 (789) module 34, x 11.2325, y 30.4575, z 226.531
 33696188 (741) module 32, x 8.8125, y  25.59, z 201.531
 31577319 (687) module 30, x 6.4475, y 20.805, z 176.531

Track #71, length 6
 38121353 (842) module 36, x  25.56, y 14.5175, z 250.469
 36034252 (797) module 34, x 21.875, y 12.3725, z 225.469
 33625615 (749) module 32, x 18.3275, y 10.3275, z 201.531
 31519058 (700) module 30, x 14.615, y 8.1825, z 176.531
 29411990 (650) module 28, x 10.9025, y 6.0375, z 151.531
 27304922 (599) module 26, x 7.1625, y   3.92, z 126.531

Track #72, length 7
 38189313 (843) module 36, x  33.04, y -0.2225, z 250.469
 36091986 (799) module 34, x 28.5758, y -0.204166, z 225.469
 33994660 (751) module 32, x 24.075, y -0.139999, z 200.469
 31897590 (702) module 30, x 19.5925, y -0.112499, z 175.469
 29383494 (652) module 28, x 15.275, y -0.0675001, z 151.531
 27286680 (603) module 26, x 10.7925, y -0.0124998, z 126.531
 25189610 (556) module 24, x 6.2825, y -0.0124998, z 101.531

Track #73, length 6
 36858051 (815) module 35, x -8.4275, y -29.055, z 238.531
 34745814 (768) module 33, x -7.3825, y -25.81, z 213.531
 32634088 (722) module 31, x -6.3925, y -22.565, z 188.531
 30521594 (679) module 29, x -5.4025, y -19.265, z 163.531
 27978842 (593) module 26, x -4.0275, y -14.175, z 125.469
 23775442 (521) module 22, x -2.0475, y -7.575, z 75.469

Track #74, length 6
 37117980 (803) module 35, x -31.5825, y -4.6725, z 237.469
 35023983 (759) module 33, x -26.99, y -3.985, z 212.469
 32930243 (711) module 31, x -22.3975, y -3.2975, z 187.469
 30444565 (665) module 29, x -17.97, y -2.6275, z 163.531
 28344169 (624) module 27, x -13.35, y -1.9125, z 138.531
 26244030 (584) module 25, x -8.7025, y -1.2525, z 113.531

Track #75, length 6
 35582742 (754) module 33, x -36.6908, y 31.8942, z 213.531
 33456505 (706) module 31, x -30.4208, y 26.4492, z 188.531
 31330268 (661) module 29, x -24.16, y 21.0225, z 163.531
 28927044 (617) module 27, x -17.6242, y 15.3758, z 137.469
 26858919 (577) module 25, x -11.3908, y 9.94917, z 112.469
 24118777 (546) module 23, x -5.42083, y 4.77917, z 88.531

Track #76, length 5
 35034398 (757) module 33, x -31.4725, y -1.7575, z 212.469
 32938888 (708) module 31, x -25.615, y -1.4275, z 187.469
 30843123 (663) module 29, x -19.73, y -1.1525, z 162.469
 28339291 (622) module 27, x -14.12, y -0.8675, z 138.531
 26240710 (585) module 25, x -8.2625, y -0.5375, z 113.531

Track #77, length 5
 34979650 (758) module 33, x -29.465, y -13.6375, z 212.469
 32893342 (710) module 31, x -24.4142, y -11.2908, z 187.469
 30806778 (664) module 29, x -19.345, y -8.9625, z 162.469
 28366420 (621) module 27, x -14.505, y -6.6975, z 138.531
 26258352 (581) module 25, x -9.445, y -4.3325, z 113.531

Track #78, length 5
 34961947 (756) module 33, x -31.6192, y -17.3958, z 212.469
 32878974 (707) module 31, x -26.1925, y -14.4075, z 187.469
 30795745 (662) module 29, x -20.7475, y -11.41, z 162.469
 28374849 (619) module 27, x -15.5408, y -8.54917, z 138.531
 26263972 (580) module 25, x -10.1142, y -5.56083, z 113.531

Track #79, length 5
 33999678 (752) module 32, x 29.685, y -1.2125, z 200.469
 31901356 (703) module 30, x 23.635, y -0.965, z 175.469
 29380119 (653) module 28, x  17.86, y -0.7825, z 151.531
 27284102 (604) module 26, x 11.755, y -0.5625, z 126.531
 25188340 (554) module 24, x  5.705, y -0.2875, z 101.531

Track #80, length 4
 32880670 (705) module 31, x -31.4725, y -13.995, z 187.469
 30798496 (660) module 29, x -24.295, y -10.8325, z 162.469
 28371231 (618) module 27, x -17.4292, y -7.76083, z 138.531
 26259362 (579) module 25, x -10.2425, y  -4.58, z 113.531

Track #81, length 5
 33055193 (704) module 31, x -31.97, y 7.2175, z 187.469
 30988788 (659) module 29, x -25.37, y 5.7325, z 162.469
 28315138 (616) module 27, x -19.015, y 4.3025, z 138.531
 26225019 (574) module 25, x -12.3875, y 2.8175, z 113.531
 24134899 (545) module 23, x  -5.76, y 1.3325, z 88.531

Track #82, length 4
 33395533 (715) module 31, x -17.2025, y  28.86, z 188.531
 31280324 (672) module 29, x -13.2975, y 22.315, z 163.531
 28966210 (629) module 27, x -9.2275, y 15.495, z 137.469
 26886585 (588) module 25, x -5.34083, y 8.95917, z 112.469

Track #83, length 8
 31298101 (666) module 29, x -17.1842, y 30.1708, z 163.531
 29191796 (620) module 27, x -15.1675, y 26.7425, z 138.531
 27085490 (572) module 25, x -13.1875, y 23.305, z 113.531
 24979185 (537) module 23, x -11.235, y 19.8675, z 88.531
 22674740 (512) module 21, x -9.2275, y 16.2925, z 62.469
 20586354 (488) module 19, x -7.2475, y 12.855, z 37.469
 18498226 (459) module 17, x -5.3225, y 9.3625, z 12.469
 16410353 (420) module 15, x -3.3425, y 5.8975, z -12.531

Track #84, length 8
 28591555 (613) module 27, x -22.3975, y -34.5375, z 137.469
 26515448 (569) module 25, x -19.4825, y -30.0275, z 112.469
 24259372 (535) module 23, x -16.7325, y  -25.7, z 88.531
 22142048 (510) module 21, x -13.845, y -21.2175, z 63.531
 20023957 (483) module 19, x -10.9575, y -16.735, z 38.531
 17906121 (453) module 17, x  -8.07, y -12.2525, z 13.531
 15788799 (419) module 15, x -5.1275, y -7.7975, z -11.469
 15393785 (382) module 14, x  -3.56, y -5.4575, z -24.531

Track #85, length 5
 29115188 (634) module 27, x 1.3875, y 30.235, z 138.531
 27019424 (589) module 25, x 1.1125, y 24.3225, z 113.531
 24818194 (547) module 23, x 0.837498, y 18.135, z 87.469
 22719869 (518) module 21, x 0.5625, y  12.25, z 62.469
 20621545 (496) module 19, x 0.287498, y   6.31, z 37.469

Track #86, length 5
 28600482 (612) module 27, x -24.1942, y -32.5758, z 137.469
 26532085 (568) module 25, x -19.6292, y -26.4158, z 112.469
 24235847 (536) module 23, x -15.2475, y -20.53, z 88.531
 22110106 (511) module 21, x -10.6825, y -14.37, z 63.531
 19984877 (491) module 19, x -6.1175, y  -8.21, z 38.531

Track #87, length 4
 19967899 (485) module 19, x  -10.6, y -4.5525, z 38.531
 17883681 (447) module 17, x -17.3008, y -7.39417, z 13.531
 16120736 (404) module 15, x -24.295, y -10.3375, z -12.531
 14010406 (354) module 13, x -31.005, y -13.1425, z -37.531

Track #88, length 5
 19983292 (487) module 19, x -8.785, y -7.8525, z 38.531
 17908311 (448) module 17, x -14.3308, y -12.7842, z 13.531
 16085484 (406) module 15, x -20.1058, y -17.9092, z -12.531
 13965447 (356) module 13, x -25.6608, y -22.8042, z -37.531
 11845923 (312) module 11, x -31.1975, y -27.69, z -62.531

Track #89, length 4
 19942126 (492) module 19, x -6.02583, y 0.984167, z 38.531
 17841036 (449) module 17, x -11.425, y 1.8275, z 13.531
 15739946 (408) module 15, x -16.815, y 2.6525, z -11.469
 14087618 (358) module 13, x -22.4525, y 3.5225, z -37.531

Track #90, length 5
 20620254 (495) module 19, x 0.0125008, y 6.9425, z 37.469
 18523280 (460) module 17, x 0.0675011, y 11.2325, z 12.469
 16426050 (424) module 15, x 0.0675011, y 15.495, z -12.531
 14441206 (378) module 13, x 0.1225, y 19.5925, z -36.469
 12343720 (331) module 11, x 0.1775, y 23.855, z -61.469

Track #91, length 5
 18932942 (468) module 18, x  7.795, y 7.4675, z 26.531
 16851850 (440) module 16, x 11.5625, y  11.07, z  1.531
 14771269 (397) module 14, x 15.3208, y 14.6542, z -23.469
 12690945 (350) module 12, x  19.07, y 18.2475, z -48.469
 10823608 (307) module 10, x 23.0025, y  21.97, z -74.531

Track #92, length 9
 19564286 (465) module 18, x 1.5825, y -5.1825, z 25.469
 17463506 (432) module 16, x 2.3525, y -7.575, z  0.469
 15362726 (384) module 14, x 3.1225, y -9.995, z -24.531
 13261946 (336) module 12, x 3.8925, y -12.4425, z -49.531
 11160910 (287) module 10, x   4.69, y -14.8625, z -74.531
  9231059 (246) module  8, x 6.9175, y -21.5175, z -143.219
  7143767 (192) module  6, x 9.1725, y -28.31, z -212.969
  5050412 (134) module  4, x 10.025, y -30.7025, z -237.969
  2957312 (78) module  2, x 10.905, y -33.1225, z -262.969

Track #93, length 5
 18908371 (467) module 18, x   7.52, y 2.1875, z 26.531
 16815755 (439) module 16, x 11.5075, y 3.1775, z  1.531
 14723138 (398) module 14, x 15.495, y 4.1675, z -23.469
 12998644 (352) module 12, x 19.675, y 5.1675, z -49.531
 10896812 (308) module 10, x 23.635, y 6.1575, z -74.531

Track #94, length 5
 18908869 (469) module 18, x   8.29, y 2.2975, z 26.531
 16816764 (441) module 16, x 12.3325, y 3.3975, z  1.531
 14724658 (399) module 14, x 16.375, y 4.4975, z -23.469
 12996324 (353) module 12, x 20.5825, y 5.6625, z -49.531
 10893978 (309) module 10, x 24.625, y 6.7625, z -74.531

Track #95, length 4
 18490225 (455) module 17, x -6.99083, y 12.9192, z 12.469
 16377605 (411) module 15, x -10.41, y 18.8775, z -12.531
 14505116 (360) module 13, x -13.7375, y 24.515, z -36.469
 12424240 (314) module 11, x -17.2575, y 30.4825, z -61.469

Track #96, length 7
 17860079 (457) module 17, x -6.0075, y  -2.27, z 13.531
 15767996 (413) module 15, x -8.8125, y -3.3425, z -11.469
 13675913 (361) module 13, x -11.59, y -4.4425, z -36.469
 11583575 (316) module 11, x -14.3675, y -5.4875, z -61.469
  9836744 (264) module  9, x -22.1225, y -8.6325, z -132.281
  7725372 (211) module  7, x -29.8225, y -11.7675, z -202.031
  5623049 (152) module  5, x -32.6275, y -12.8675, z -227.031

Track #97, length 9
 17881074 (458) module 17, x -5.8425, y -6.7525, z 13.531
 15795401 (414) module 15, x -8.0975, y -9.365, z -11.469
 13710496 (362) module 13, x -10.3525, y -11.9775, z -36.469
 11625335 (319) module 11, x -12.6075, y -14.5625, z -61.469
  9561604 (265) module  9, x -18.9325, y -21.795, z -131.219
  7645069 (212) module  7, x -25.3675, y -29.12, z -202.031
  5535844 (153) module  5, x -27.6225, y -31.705, z -227.031
  3426619 (96) module  3, x -29.8775, y -34.29, z -252.031
  1317393 (37) module  1, x -32.1692, y -36.8658, z -277.031

Track #98, length 9
 17458671 (434) module 16, x 3.3975, y -6.0075, z  0.469
 15356364 (386) module 14, x   4.47, y -7.9325, z -24.531
 13254313 (339) module 12, x 5.5425, y -9.8575, z -49.531
 11152006 (295) module 10, x 6.6425, y -11.7825, z -74.531
  9041189 (252) module  8, x 9.6675, y -17.1175, z -144.281
  7160258 (200) module  6, x 12.6925, y -22.4525, z -212.969
  5067935 (140) module  4, x 13.765, y -24.3775, z -237.969
  2975868 (82) module  2, x 14.8375, y -26.3025, z -262.969
   883800 (24) module  0, x 15.9375, y -28.255, z -287.969

Track #99, length 8
 17462746 (433) module 16, x   2.49, y -7.135, z  0.469
 15361969 (385) module 14, x 3.2875, y -9.4175, z -24.531
 13260935 (337) module 12, x 4.1125, y  -11.7, z -49.531
 11160158 (288) module 10, x 4.8825, y -13.9825, z -74.531
  9231848 (247) module  8, x 7.0825, y -20.335, z -143.219
  7144307 (193) module  6, x 9.2825, y -26.77, z -212.969
  5050697 (135) module  4, x 10.0525, y -29.08, z -237.969
  2957344 (77) module  2, x 10.8775, y -31.3625, z -262.969

Track #100, length 8
 15749847 (415) module 15, x -7.3275, y 0.5625, z -11.469
 13651884 (365) module 13, x -9.6925, y 0.7275, z -36.469
 11553921 (320) module 11, x -12.0575, y 0.8925, z -61.469
  9454346 (266) module  9, x -18.6025, y 1.3875, z -131.219
  7788431 (213) module  7, x -25.2575, y 1.8725, z -202.031
  5692004 (154) module  5, x -27.595, y 2.0375, z -227.031
  3595578 (95) module  3, x -29.9325, y 2.2025, z -252.031
  1499152 (36) module  1, x -32.2425, y 2.3675, z -277.031

Track #101, length 8
 15755261 (417) module 15, x -5.2375, y -0.5925, z -11.469
 13658594 (368) module 13, x -6.7225, y -0.7025, z -36.469
 11562183 (322) module 11, x  -8.18, y -0.8675, z -61.469
  9466748 (268) module  9, x -12.2958, y -1.27083, z -131.219
  7371570 (215) module  7, x -16.4025, y -1.6925, z -200.969
  5275159 (156) module  5, x -17.8875, y -1.8575, z -225.969
  3576057 (98) module  3, x -19.4275, y -2.0325, z -252.031
  1478366 (40) module  1, x -20.9125, y -2.1425, z -277.031

Track #102, length 4
 16424699 (423) module 15, x -0.262501, y 5.3475, z -12.531
 14326164 (377) module 13, x -0.510002, y 11.0125, z -37.531
 12227885 (330) module 11, x -0.7575, y 16.6775, z -62.531
 10254095 (280) module  9, x -1.4725, y  32.27, z -131.219

Track #103, length 9
 16435159 (425) module 15, x 1.9925, y 7.3275, z -12.531
 14340781 (379) module 13, x 2.5975, y 9.6375, z -37.531
 12246658 (332) module 11, x 3.2575, y 11.975, z -62.531
 10157325 (282) module  9, x 4.9625, y 18.4375, z -132.281
  8502525 (242) module  8, x 5.2375, y 19.4575, z -143.219
  6435038 (190) module  6, x 6.9425, y 25.9475, z -212.969
  4348627 (131) module  4, x 7.5475, y 28.2575, z -237.969
  2262215 (75) module  2, x   8.18, y 30.5675, z -262.969
   175548 (19) module  0, x 8.8125, y  32.85, z -287.969

Track #104, length 4
 14718203 (387) module 14, x   5.32, y 3.0675, z -23.469
 12631221 (341) module 12, x 9.17917, y 5.28583, z -48.469
 10544495 (301) module 10, x 13.0475, y 7.5225, z -73.469
  8764324 (261) module  8, x 24.075, y 13.8117, z -144.281

Track #105, length 7
 14735864 (388) module 14, x 5.5125, y 6.8625, z -23.469
 12647388 (340) module 12, x 7.0525, y   8.76, z -48.469
 10558913 (298) module 10, x 8.5375, y 10.7125, z -73.469
  8486518 (256) module  8, x 12.635, y 16.0475, z -143.219
  6414126 (204) module  6, x 16.6225, y 21.3825, z -212.969
  4325397 (143) module  4, x 17.9975, y  23.28, z -237.969
  2419961 (86) module  2, x 19.4275, y 25.325, z -264.031

Track #106, length 5
 14684389 (392) module 14, x   6.53, y -4.1925, z -23.469
 13231071 (343) module 12, x 10.6208, y -6.86917, z -49.531
 11115697 (302) module 10, x 14.5625, y -9.4175, z -74.531
  8967983 (262) module  8, x 25.5075, y -16.5675, z -144.281
  7269294 (210) module  6, x  36.26, y -23.5525, z -212.969

Track #107, length 7
 13649147 (370) module 13, x -5.3475, y 1.3325, z -36.469
 11550435 (324) module 11, x -6.6675, y 1.6625, z -61.469
  9449120 (269) module  9, x -10.3525, y 2.5425, z -131.219
  7348060 (217) module  7, x -14.0925, y 3.3675, z -200.969
  5249604 (159) module  5, x -15.4125, y 3.6425, z -225.969
  3150891 (100) module  3, x -16.76, y 3.9725, z -250.969
  1052435 (42) module  1, x -18.08, y 4.2475, z -275.969

Track #108, length 7
 14315255 (372) module 13, x -2.9025, y 5.5675, z -37.531
 12214495 (327) module 11, x -3.645, y 6.8875, z -62.531
 10108060 (274) module  9, x -5.6525, y 10.545, z -132.281
  8001370 (221) module  7, x -7.6875, y 14.175, z -202.031
  5900867 (164) module  5, x -8.375, y 15.4675, z -227.031
  3800875 (105) module  3, x  -9.09, y 16.7875, z -252.031
  1700627 (47) module  1, x -9.7775, y  18.08, z -277.031

Track #109, length 6
 14323690 (375) module 13, x -1.0875, y  6.255, z -37.531
 12223923 (328) module 11, x -1.61917, y 9.27083, z -62.531
 10119451 (278) module  9, x -3.1775, y 17.6675, z -132.281
  8171906 (226) module  7, x  -4.69, y 25.9725, z -200.969
  6077259 (169) module  5, x  -5.24, y  28.97, z -225.969
  3982612 (111) module  3, x  -5.79, y 31.995, z -250.969

Track #110, length 7
 12638463 (338) module 12, x 5.1275, y 6.8075, z -48.469
 10553042 (297) module 10, x 7.6025, y 9.4475, z -73.469
  8489812 (258) module  8, x 14.505, y 16.7625, z -143.219
  6619347 (209) module  6, x 21.5175, y  24.17, z -214.031
  4510374 (151) module  4, x 23.9925, y 26.7825, z -239.031
  2400889 (93) module  2, x 26.4675, y 29.4225, z -264.031
   291660 (34) module  0, x 28.9425, y 32.0075, z -289.031

Track #111, length 7
 13281266 (334) module 12, x -0.232498, y -5.8425, z -49.531
 11184349 (284) module 10, x -0.287498, y  -6.97, z -74.531
  9087652 (236) module  8, x -0.424999, y -10.1325, z -144.281
  6990954 (179) module  6, x -0.5075, y -13.295, z -214.031
  4894038 (120) module  4, x -0.5625, y -14.4225, z -239.031
  2796866 (62) module  2, x -0.5625, y -15.5225, z -264.031
   699694 (5) module  0, x  -0.59, y -16.6225, z -289.031

Track #112, length 4
 13269201 (335) module 12, x 2.3525, y  -7.63, z -49.531
 11166867 (286) module 10, x  3.425, y -11.0675, z -74.531
  9228517 (244) module  8, x 6.38583, y -20.5092, z -143.219
  7145015 (194) module  6, x 9.4475, y -30.0975, z -212.969

Track #113, length 6
 11538365 (321) module 11, x  -8.73, y 4.2475, z -61.469
 10064077 (267) module  9, x -15.2225, y 7.8775, z -132.281
  7937933 (214) module  7, x -21.41, y 11.3975, z -202.031
  5831030 (155) module  5, x -23.61, y 12.6625, z -227.031
  3723615 (97) module  3, x -25.81, y 13.9275, z -252.031
  1616199 (38) module  1, x -28.0192, y 15.2108, z -277.031

Track #114, length 6
 11192059 (283) module 10, x -1.9375, y -5.3475, z -74.531
  9098959 (234) module  8, x -2.8175, y -7.7675, z -144.281
  7005859 (176) module  6, x -3.6975, y -10.1875, z -214.031
  4910227 (116) module  4, x -4.0275, y -11.0675, z -239.031
  2814595 (58) module  2, x -4.3575, y -11.9475, z -264.031
   718963 (0) module  0, x -4.6875, y -12.8275, z -289.031

Track #115, length 6
 11175414 (285) module 10, x 1.6375, y -5.6225, z -74.531
  9072035 (240) module  8, x 2.9575, y -10.1875, z -144.281
  6968399 (185) module  6, x  4.305, y -14.8075, z -214.031
  4869169 (126) module  4, x 4.7725, y -16.4575, z -239.031
  2769683 (70) module  2, x 5.2675, y -18.1075, z -264.031
   836853 (14) module  0, x 5.7075, y -19.6475, z -287.969

Track #116, length 6
 10510077 (290) module 10, x 5.2375, y 0.0975003, z -73.469
  8413391 (248) module  8, x   7.74, y 0.2075, z -143.219
  6316450 (196) module  6, x 10.215, y 0.2625, z -212.969
  4219538 (137) module  4, x 11.095, y 0.3175, z -237.969
  2122371 (80) module  2, x 11.9475, y 0.3175, z -262.969
    25459 (22) module  0, x 12.8275, y 0.3725, z -287.969

Track #117, length 6
 10512035 (299) module 10, x 10.1875, y 0.5375, z -73.469
  8414535 (260) module  8, x 15.2475, y   0.51, z -143.219
  6727913 (208) module  6, x 20.2892, y 0.675835, z -214.031
  4630985 (149) module  4, x 22.0675, y 0.657501, z -239.031
  2533800 (91) module  2, x 23.855, y 0.657501, z -264.031
   436616 (32) module  0, x 25.6425, y 0.630001, z -289.031

Track #118, length 6
 10511522 (300) module 10, x 10.2425, y 0.4275, z -73.469
  8414535 (260) module  8, x 15.2475, y   0.51, z -143.219
  6727913 (208) module  6, x 20.2892, y 0.675835, z -214.031
  4630985 (149) module  4, x 22.0675, y 0.657501, z -239.031
  2533800 (91) module  2, x 23.855, y 0.657501, z -264.031
   436616 (32) module  0, x 25.6425, y 0.630001, z -289.031

Track #119, length 6
 11159023 (289) module 10, x   5.13, y -6.0075, z -74.531
  9044124 (251) module  8, x   8.98, y -10.5725, z -144.281
  6929482 (201) module  6, x 12.8025, y -15.0825, z -214.031
  4825644 (142) module  4, x 14.205, y -16.7325, z -239.031
  2722063 (84) module  2, x  15.58, y -18.3275, z -264.031
   888304 (26) module  0, x   16.9, y -19.9225, z -287.969

Track #120, length 6
 10525690 (291) module 10, x 5.4025, y   3.48, z -73.469
  8436173 (249) module  8, x 7.8775, y 5.1025, z -143.219
  6346400 (197) module  6, x 10.3525, y  6.725, z -212.969
  4252047 (138) module  4, x 11.2875, y 7.3025, z -237.969
  2157695 (81) module  2, x 12.1675, y 7.9075, z -262.969
    63086 (23) module  0, x 13.1025, y 8.4575, z -287.969

Track #121, length 6
 10530021 (293) module 10, x 6.5575, y 4.3875, z -73.469
  8448642 (255) module  8, x 12.0025, y  7.825, z -143.219
  6365985 (205) module  6, x 17.3375, y 11.0425, z -212.969
  4577786 (146) module  4, x 19.345, y 12.2075, z -239.031
  2475223 (88) module  2, x 21.2975, y 13.3625, z -264.031
   372660 (30) module  0, x 23.195, y 14.5175, z -289.031

Track #122, length 6
 10517477 (294) module 10, x 6.5575, y 1.6925, z -73.469
  8427404 (253) module  8, x 11.4525, y 3.2325, z -143.219
  6337842 (203) module  6, x 16.4025, y 4.8825, z -212.969
  4243474 (145) module  4, x 18.1625, y 5.4875, z -237.969
  2508271 (87) module  2, x 19.9775, y 6.1575, z -264.031
   408271 (29) module  0, x 21.7375, y  6.735, z -289.031

Track #123, length 5
 10104796 (273) module  9, x -6.3675, y  7.025, z -132.281
  7997874 (219) module  7, x -8.4575, y 9.3625, z -202.031
  5897891 (161) module  5, x -9.1725, y 10.1875, z -227.031
  3797139 (102) module  3, x -9.9425, y  11.04, z -252.031
  1696388 (45) module  1, x -10.7125, y 11.8925, z -277.031

Track #124, length 5
  9460730 (276) module  9, x -5.4025, y 0.0675001, z -131.219
  7363542 (223) module  7, x -7.355, y 0.0675001, z -200.969
  5266122 (165) module  5, x -8.0425, y 0.0949998, z -225.969
  3168957 (107) module  3, x -8.7575, y 0.0949998, z -250.969
  1071792 (48) module  1, x -9.4725, y 0.1225, z -275.969

Track #125, length 5
 10139306 (281) module  9, x 1.0575, y 9.8025, z -132.281
  8044627 (230) module  7, x 1.6075, y  14.56, z -202.031
  5948468 (173) module  5, x 1.8275, y 16.265, z -227.031
  3852309 (115) module  3, x 2.0475, y  17.97, z -252.031
  1848310 (56) module  1, x 2.2675, y 19.5925, z -275.969

Track #126, length 5
  9472423 (270) module  9, x -9.9675, y -2.4625, z -131.219
  7381066 (216) module  7, x -15.0825, y -3.7275, z -200.969
  5285929 (158) module  5, x -16.8975, y -4.195, z -225.969
  3191047 (99) module  3, x -18.74, y -4.6625, z -250.969
  1464546 (41) module  1, x -20.665, y -5.1125, z -277.031

Track #127, length 5
  9483749 (272) module  9, x -6.5575, y -4.8825, z -131.219
  7397037 (218) module  7, x -9.6375, y -7.165, z -200.969
  5303705 (160) module  5, x -10.7375, y -7.9625, z -225.969
  3210117 (101) module  3, x -11.8375, y  -8.76, z -250.969
  1116273 (43) module  1, x -12.9375, y -9.5575, z -275.969

Track #128, length 5
  9458681 (275) module  9, x -5.4575, y 0.5075, z -131.219
  7360458 (220) module  7, x -8.0425, y 0.7275, z -200.969
  5263033 (162) module  5, x -8.9775, y 0.7825, z -225.969
  3165352 (103) module  3, x -9.9125, y 0.8925, z -250.969
  1067927 (44) module  1, x -10.8475, y 0.9475, z -275.969

Track #129, length 5
  9490174 (277) module  9, x -5.1825, y -6.2575, z -131.219
  7406033 (222) module  7, x  -7.63, y -9.1725, z -200.969
  5313729 (163) module  5, x  -8.51, y -10.2175, z -225.969
  3221426 (104) module  3, x -9.3625, y -11.2625, z -250.969
  1129122 (46) module  1, x -10.2425, y -12.3075, z -275.969

Track #130, length 5
  9085947 (237) module  8, x -0.0400009, y  -5.32, z -144.281
  6989008 (180) module  6, x -0.0675011, y -7.7125, z -214.031
  4891840 (122) module  4, x -0.0675011, y -8.5925, z -239.031
  2794672 (64) module  2, x -0.0675011, y -9.445, z -264.031
   697505 (7) module  0, x -0.0675011, y -10.2975, z -289.031

Track #131, length 5
  9085679 (238) module  8, x 0.0424995, y  -5.98, z -144.281
  6988478 (182) module  6, x 0.0424995, y -8.7025, z -214.031
  4891308 (123) module  4, x 0.0424995, y -9.6925, z -239.031
  2794138 (65) module  2, x 0.0424995, y -10.655, z -264.031
   696969 (8) module  0, x 0.0424995, y -11.6175, z -289.031

Track #132, length 5
  9076409 (239) module  8, x  1.995, y -8.9775, z -144.281
  6975088 (184) module  6, x 2.9025, y -12.9925, z -214.031
  4876373 (125) module  4, x 3.2325, y -14.45, z -239.031
  2777659 (67) module  2, x 3.5625, y -15.9075, z -264.031
   678945 (12) module  0, x 3.8925, y -17.3375, z -289.031

Track #133, length 5
  8432578 (250) module  8, x 8.4825, y 4.3325, z -143.219
  6345081 (198) module  6, x 12.4975, y 6.4225, z -212.969
  4251231 (141) module  4, x 13.9275, y 7.1375, z -237.969
  2157637 (83) module  2, x 15.3575, y 7.9075, z -262.969
    63786 (25) module  0, x 16.815, y 8.6225, z -287.969

Track #134, length 5
  9097709 (235) module  8, x -2.5425, y -6.1175, z -144.281
  7004360 (177) module  6, x -3.395, y -8.1525, z -214.031
  4908731 (117) module  4, x -3.6975, y -8.8675, z -239.031
  2813101 (59) module  2, x -4.0275, y  -9.61, z -264.031
   717216 (1) module  0, x -4.3025, y -10.3525, z -289.031

Track #135, length 5
  9066448 (241) module  8, x   4.14, y -7.7125, z -144.281
  6960529 (187) module  6, x   6.01, y -11.1775, z -214.031
  4860282 (128) module  4, x   6.67, y -12.4425, z -239.031
  2760035 (73) module  2, x 7.3575, y -13.68, z -264.031
   659789 (17) module  0, x 8.0175, y -14.9175, z -289.031

Track #136, length 5
  8399606 (243) module  8, x 5.6225, y -2.7625, z -143.219
  6298582 (191) module  6, x  7.355, y -3.5875, z -212.969
  4199883 (132) module  4, x 7.9875, y -3.9175, z -237.969
  2101439 (76) module  2, x   8.62, y -4.1925, z -262.969
     2740 (20) module  0, x 9.2525, y -4.5225, z -287.969

Track #137, length 5
  8422884 (245) module  8, x 6.6125, y 2.2425, z -143.219
  6330286 (195) module  6, x 9.5825, y 3.2325, z -212.969
  4234650 (136) module  4, x 10.6825, y 3.5625, z -237.969
  2139015 (79) module  2, x 11.7275, y 3.8925, z -262.969
    43635 (21) module  0, x   12.8, y 4.2775, z -287.969

Track #138, length 5
  8430704 (257) module  8, x 12.9742, y 3.96583, z -143.219
  6704888 (207) module  6, x 19.4825, y 5.6625, z -214.031
  4604621 (148) module  4, x  21.82, y  6.295, z -239.031
  2504610 (92) module  2, x 24.185, y 6.9275, z -264.031
   404599 (33) module  0, x 26.5775, y 7.5325, z -289.031

Track #139, length 4
  7419121 (225) module  7, x -5.8975, y -11.9775, z -200.969
  5328356 (167) module  5, x -6.6125, y -13.38, z -225.969
  3237847 (109) module  3, x -7.3275, y -14.7825, z -250.969
  1147338 (50) module  1, x -8.0425, y -16.2125, z -275.969

Track #140, length 4
  8027868 (227) module  7, x -2.0225, y 7.0525, z -202.031
  5929421 (170) module  5, x -2.2975, y 7.8775, z -227.031
  3831230 (112) module  3, x -2.5175, y 8.7025, z -252.031
  1733039 (53) module  1, x -2.7375, y 9.5275, z -277.031

Track #141, length 4
  7397866 (224) module  7, x -6.2825, y -7.3025, z -200.969
  5304541 (166) module  5, x -6.9975, y -8.1275, z -225.969
  3211216 (108) module  3, x -7.7125, y  -8.98, z -250.969
  1117379 (49) module  1, x -8.4275, y -9.7775, z -275.969

Track #142, length 4
  8027895 (228) module  7, x -1.995, y 5.5675, z -202.031
  5929966 (171) module  5, x -2.1875, y 6.0625, z -227.031
  3832037 (113) module  3, x -2.3525, y 6.5575, z -252.031
  1734108 (54) module  1, x -2.5175, y 7.0525, z -277.031

Track #143, length 4
  8038640 (229) module  7, x 0.287498, y 5.9525, z -202.031
  5941731 (172) module  5, x 0.342499, y 6.6675, z -227.031
  3844566 (114) module  3, x 0.369999, y 7.3825, z -252.031
  1747657 (55) module  1, x 0.397499, y 8.0975, z -277.031

Track #144, length 4
  6984187 (183) module  6, x 0.977501, y -5.3475, z -214.031
  4886512 (124) module  4, x 1.0875, y -5.9525, z -239.031
  2788837 (66) module  2, x 1.1975, y -6.5575, z -264.031
   691162 (9) module  0, x 1.3075, y -7.1625, z -289.031

Track #145, length 4
  6321641 (189) module  6, x   6.31, y 1.3625, z -212.969
  4225245 (130) module  4, x 6.9975, y 1.5275, z -237.969
  2128849 (74) module  2, x 7.6575, y 1.6925, z -262.969
    32197 (18) module  0, x 8.3175, y 1.8025, z -287.969

Track #146, length 4
  6993040 (178) module  6, x -0.947498, y -11.2325, z -214.031
  4896126 (119) module  4, x  -1.03, y -12.195, z -239.031
  2799469 (61) module  2, x  -1.14, y -13.1575, z -264.031
   702812 (4) module  0, x -1.2225, y -14.0925, z -289.031

Track #147, length 4
  6989014 (181) module  6, x -0.0675011, y -7.3825, z -214.031
  4891847 (121) module  4, x -0.0950012, y -8.2075, z -239.031
  2794936 (63) module  2, x -0.122498, y -9.0325, z -264.031
   697769 (6) module  0, x -0.122498, y -9.8575, z -289.031

Track #148, length 4
  6308341 (186) module  6, x 5.6775, y -1.4975, z -212.969
  4210410 (127) module  4, x 6.2825, y -1.6625, z -237.969
  2112478 (71) module  2, x  6.915, y -1.8275, z -262.969
    14547 (15) module  0, x 7.5475, y -1.9925, z -287.969

Track #149, length 4
  6320363 (188) module  6, x 6.2275, y 1.0875, z -212.969
  4223457 (129) module  4, x 6.7775, y   1.17, z -237.969
  2126807 (72) module  2, x 7.3275, y 1.2525, z -262.969
    30157 (16) module  0, x 7.8775, y 1.3625, z -287.969

Track #150, length 3
 53672474 (1191) module 51, x -17.695, y -37.0575, z 751.531
 51562550 (1141) module 49, x -16.1825, y -34.3075, z 706.531
 49453137 (1092) module 47, x -14.6975, y -31.6675, z 661.531

Track #151, length 3
 53508363 (1190) module 51, x -18.5475, y -1.5825, z 751.531
 51410722 (1140) module 49, x -17.2825, y -1.4725, z 706.531
 49313080 (1090) module 47, x -16.045, y -1.3625, z 661.531

Track #152, length 3
 53524721 (1204) module 51, x -5.8975, y -5.0475, z 751.531
 51426295 (1151) module 49, x -5.5675, y -4.7725, z 706.531
 49327869 (1102) module 47, x -5.2375, y -4.4975, z 661.531

Track #153, length 3
 52797214 (1181) module 50, x 31.445, y 15.3975, z 738.469
 50699609 (1130) module 48, x   28.2, y 15.5075, z 693.469
 48602261 (1079) module 46, x   24.9, y 15.5625, z 648.469

Track #154, length 3
 48953787 (1055) module 46, x -4.7425, y -8.8675, z 648.469
 46854343 (1002) module 44, x -4.2475, y -8.2075, z 603.469
 44751079 (953) module 42, x -2.9275, y -6.4475, z 484.921

Track #155, length 3
 38439374 (827) module 36, x 1.4175, y -7.8225, z 250.469
 36343010 (782) module 34, x 1.2525, y -6.7225, z 225.469
 34246644 (735) module 32, x 1.0875, y -5.705, z 200.469

Track #156, length 3
 31359739 (657) module 29, x -30.4758, y 19.2992, z 163.531
 28910441 (615) module 27, x -21.1992, y 13.3408, z 137.469
 26854864 (575) module 25, x -12.2892, y 7.67583, z 112.469

Track #157, length 3
 30966529 (658) module 29, x -30.1092, y 19.0608, z 162.469
 28910441 (615) module 27, x -21.1992, y 13.3408, z 137.469
 26854864 (575) module 25, x -12.2892, y 7.67583, z 112.469

Track #158, length 3
 19971217 (482) module 19, x -11.1408, y -5.30417, z 38.531
 18218195 (445) module 17, x -21.5175, y -10.255, z 12.469
 16098846 (401) module 15, x -31.445, y -15.0125, z -12.531

Track #159, length 3
 15733985 (416) module 15, x -6.74083, y 3.95417, z -11.469
 14261441 (359) module 13, x -14.5442, y 8.50083, z -37.531
 12129395 (313) module 11, x -22.015, y 12.8275, z -62.531

Track #160, length 3
 16414955 (421) module 15, x -2.325, y 6.2275, z -12.531
 14306418 (371) module 13, x -4.7725, y 12.855, z -37.531
 12377853 (323) module 11, x -7.1375, y  19.18, z -61.469

Track #161, length 3
 16420855 (422) module 15, x -1.0875, y   5.54, z -12.531
 14316159 (373) module 13, x -2.64583, y 12.1492, z -37.531
 12211719 (325) module 11, x -4.18583, y 18.7492, z -62.531

Track #162, length 3
 15331282 (395) module 14, x 9.9975, y -7.6025, z -24.531
 13206145 (347) module 12, x 15.9558, y -12.0392, z -49.531
 11081264 (306) module 10, x 21.9325, y -16.485, z -74.531

Track #163, length 3
 14718887 (394) module 14, x 9.93083, y 3.26917, z -23.469
 12634890 (349) module 12, x 18.5842, y 6.11083, z -48.469
 10883171 (311) module 10, x  27.65, y 9.0725, z -74.531

Track #164, length 3
 15327910 (396) module 14, x 10.6942, y -9.98583, z -24.531
 13195302 (348) module 12, x 18.2842, y -17.0258, z -49.531
 11413673 (310) module 10, x 25.5442, y -23.7908, z -73.469

Track #165, length 3
 13656765 (366) module 13, x  -8.73, y -0.3175, z -36.469
 11560286 (318) module 11, x -13.9825, y -0.4825, z -61.469
  9872205 (263) module  9, x -28.86, y -0.987499, z -132.281

Track #166, length 3
 14316706 (374) module 13, x -2.5725, y 10.215, z -37.531
 12212289 (326) module 11, x -4.09417, y 15.5408, z -62.531
 10285621 (271) module  9, x -8.2375, y 30.2075, z -131.219

Track #167, length 3
 14324137 (376) module 13, x -0.950001, y 9.8575, z -37.531
 12225100 (329) module 11, x -1.3625, y 14.945, z -62.531
 10259275 (279) module  9, x -2.5725, y  28.97, z -131.219

