Track #0, length 14
 54030780 (1729) module 51, x -31.1175, y 8.8125, z 750.469
 51942086 (1650) module 49, x -29.3025, y 8.2625, z 705.469
 49853391 (1572) module 47, x -27.46, y 7.7675, z 660.469
 47764953 (1493) module 45, x -25.6175, y 7.2175, z 615.469
 45689586 (1415) module 43, x -20.8325, y 5.8425, z 496.921
 42993191 (1339) module 41, x -17.0075, y 4.7425, z 402.473
 40900191 (1272) module 39, x  -13.9, y 3.8625, z 325.525
 38806413 (1205) module 37, x -11.3975, y 3.1475, z 263.531
 36710559 (1138) module 35, x -10.4075, y 2.8725, z 238.531
 34614705 (1072) module 33, x  -9.39, y 2.5975, z 213.531
 32518852 (1002) module 31, x -8.3725, y  2.295, z 188.531
 30423254 (931) module 29, x -7.3825, y 1.9925, z 163.531
 28327400 (863) module 27, x -6.365, y 1.7175, z 138.531
 26231547 (792) module 25, x -5.3475, y 1.4425, z 113.531

Track #1, length 12
 53837945 (1731) module 51, x -26.44, y -17.1025, z 750.469
 51745943 (1652) module 49, x -24.8175, y -16.0025, z 705.469
 49653685 (1574) module 47, x -23.1675, y -14.9575, z 660.469
 47561427 (1495) module 45, x -21.5175, y -13.9125, z 615.469
 45163810 (1416) module 43, x -17.2825, y -11.1525, z 497.982
 43056737 (1341) module 41, x -13.79, y -8.8975, z 402.473
 40951188 (1275) module 39, x -11.0125, y  -7.11, z 325.525
 38847677 (1208) module 37, x -8.7575, y -5.7075, z 263.531
 36747470 (1142) module 35, x -7.8225, y -5.0475, z 238.531
 34647518 (1079) module 33, x -6.90583, y -4.47917, z 213.531
 32547823 (1010) module 31, x -6.0075, y -3.8925, z 188.531
 30447871 (941) module 29, x -5.1275, y -3.2875, z 163.531

Track #2, length 13
 53768609 (1733) module 51, x -24.2675, y -32.1175, z 750.469
 51680700 (1654) module 49, x -22.7825, y -30.1375, z 705.469
 49592791 (1576) module 47, x -21.2608, y -28.1392, z 660.469
 47505139 (1497) module 45, x -19.7575, y -26.1225, z 615.469
 45209404 (1418) module 43, x -15.8525, y -20.9425, z 497.982
 43092598 (1343) module 41, x -12.6625, y -16.7075, z 402.473
 40979620 (1277) module 39, x -10.1325, y -13.2975, z 325.525
 38869706 (1212) module 37, x -8.0425, y -10.5475, z 263.531
 36767449 (1145) module 35, x -7.2175, y -9.4475, z 238.531
 34665704 (1081) module 33, x -6.3925, y -8.3475, z 213.531
 32563447 (1012) module 31, x  -5.54, y -7.2475, z 188.531
 32178147 (950) module 30, x -5.0725, y -6.6675, z 175.469
 30077175 (878) module 28, x -4.2475, y -5.5675, z 150.469

Track #3, length 13
 53848826 (1735) module 51, x -19.345, y -14.7925, z 750.469
 51468558 (1656) module 49, x -18.3825, y -14.0125, z 706.531
 49367584 (1578) module 47, x -17.365, y -13.1875, z 661.531
 47266611 (1499) module 45, x -16.3475, y -12.3625, z 616.531
 45159268 (1420) module 43, x -13.6525, y -10.1625, z 497.982
 43054474 (1345) module 41, x -11.5625, y  -8.43, z 402.473
 40950954 (1278) module 39, x -9.8025, y -7.0275, z 325.525
 38848710 (1210) module 37, x -8.2625, y -5.9275, z 263.531
 36749521 (1143) module 35, x -7.6575, y -5.4875, z 238.531
 34650076 (1078) module 33, x -7.0525, y  -5.02, z 213.531
 32550888 (1008) module 31, x -6.3925, y -4.5525, z 188.531
 30451700 (939) module 29, x -5.7325, y -4.1125, z 163.531
 28352255 (871) module 27, x -5.1275, y -3.645, z 138.531

Track #4, length 10
 53514010 (1736) module 51, x -17.695, y -2.7925, z 751.531
 51416109 (1657) module 49, x -16.6775, y -2.6275, z 706.531
 49318207 (1579) module 47, x -15.6875, y -2.4625, z 661.531
 47220306 (1500) module 45, x -14.6425, y -2.2975, z 616.531
 45121154 (1422) module 43, x -11.9842, y -1.87583, z 497.982
 43022506 (1348) module 41, x -9.8025, y -1.555, z 402.473
 40924362 (1282) module 39, x -8.0425, y -1.3075, z 325.525
 38826212 (1216) module 37, x -6.6125, y -1.0875, z 263.531
 36728558 (1149) module 35, x -6.035, y -0.9775, z 238.531
 34630905 (1085) module 33, x -5.4575, y -0.8675, z 213.531

Track #5, length 12
 53642063 (1740) module 51, x -14.8075, y -30.5125, z 751.531
 51536224 (1659) module 49, x -13.8725, y -28.6425, z 706.531
 49430385 (1582) module 47, x -12.9375, y -26.7725, z 661.531
 47324290 (1504) module 45, x -12.0025, y -24.875, z 616.531
 45204654 (1426) module 43, x -9.5825, y -19.925, z 497.982
 43089105 (1350) module 41, x -7.6575, y -15.9375, z 402.473
 40976878 (1285) module 39, x -6.0625, y -12.6925, z 325.525
 38467247 (1157) module 36, x -4.5775, y -9.5275, z 250.469
 36367554 (1092) module 34, x -4.055, y -8.4825, z 225.469
 34268117 (1022) module 32, x -3.5325, y -7.4375, z 200.469
 32168680 (952) module 30, x -3.0375, y -6.3925, z 175.469
 30069243 (880) module 28, x -2.5425, y -5.3475, z 150.469

Track #6, length 5
 53555058 (1744) module 51, x -12.8825, y -11.7025, z 751.531
 51453065 (1666) module 49, x -11.6175, y -10.6575, z 706.531
 49350816 (1590) module 47, x -10.3525, y -9.5575, z 661.531
 47249335 (1512) module 45, x -9.0875, y -8.5125, z 616.531
 45139443 (1440) module 43, x -5.7875, y -5.7625, z 497.982

Track #7, length 8
 54116090 (1745) module 51, x -12.6925, y  5.375, z 750.469
 51380354 (1664) module 49, x -12.0025, y 5.0725, z 706.531
 49284494 (1586) module 47, x -11.315, y 4.7975, z 661.531
 47188635 (1508) module 45, x  -10.6, y 4.5225, z 616.531
 45095356 (1428) module 43, x -8.8125, y 3.6975, z 497.982
 43001047 (1352) module 41, x   -7.3, y 3.0925, z 402.473
 40906221 (1284) module 39, x -6.1175, y   2.57, z 325.525
 38811135 (1217) module 37, x -5.1275, y 2.1575, z 263.531

Track #8, length 7
 53528456 (1749) module 51, x -11.6725, y -5.8725, z 751.531
 51429524 (1668) module 49, x -11.0125, y -5.4875, z 706.531
 49330848 (1589) module 47, x -10.3525, y -5.1575, z 661.531
 47231916 (1511) module 45, x -9.665, y -4.7725, z 616.531
 45130701 (1432) module 43, x -7.8775, y -3.8925, z 497.982
 43030247 (1355) module 41, x -6.4475, y -3.1775, z 402.473
 40930301 (1288) module 39, x -5.2375, y -2.5725, z 325.525

Track #9, length 6
 53516191 (1752) module 51, x -10.38, y -3.2325, z 751.531
 51418283 (1669) module 49, x -9.7475, y -3.0675, z 706.531
 49320118 (1591) module 47, x -9.1425, y -2.8475, z 661.531
 47221953 (1514) module 45, x -8.5375, y -2.655, z 616.531
 45122526 (1434) module 43, x -6.9425, y -2.1325, z 497.982
 43023606 (1356) module 41, x -5.6225, y -1.7475, z 402.473

Track #10, length 5
 53557929 (1756) module 51, x  -9.83, y -12.3075, z 751.531
 51457712 (1671) module 49, x -9.4725, y -11.6475, z 706.531
 49357495 (1592) module 47, x -9.0875, y -11.015, z 661.531
 47257534 (1513) module 45, x -8.7025, y -10.3825, z 616.531
 45153232 (1433) module 43, x -7.7125, y -8.7325, z 497.982

Track #11, length 5
 53538220 (1758) module 51, x -9.6925, y  -7.99, z 751.531
 51438776 (1673) module 49, x -9.0325, y -7.495, z 706.531
 49339587 (1595) module 47, x   -8.4, y -7.0275, z 661.531
 47240143 (1517) module 45, x -7.7675, y -6.5325, z 616.531
 45137133 (1438) module 43, x -6.1175, y -5.2675, z 497.982

Track #12, length 5
 53521844 (1760) module 51, x -9.2525, y -4.4425, z 751.531
 51423422 (1675) module 49, x -8.7025, y -4.1675, z 706.531
 49325001 (1597) module 47, x -8.0975, y -3.8925, z 661.531
 47226579 (1519) module 45, x -7.5475, y -3.645, z 616.531
 45126126 (1439) module 43, x -6.035, y -2.9025, z 497.982

Track #13, length 5
 53530570 (1764) module 51, x -8.0425, y -6.3125, z 751.531
 51431635 (1676) module 49, x -7.5475, y -5.9275, z 706.531
 49332699 (1598) module 47, x -7.1075, y  -5.57, z 661.531
 47234019 (1520) module 45, x  -6.64, y -5.2125, z 616.531
 45132026 (1441) module 43, x -5.4025, y -4.195, z 497.982

Track #14, length 6
 54138386 (1766) module 51, x -7.715, y 18.1625, z 750.469
 52043300 (1678) module 49, x -7.3025, y 17.1725, z 705.469
 49948214 (1599) module 47, x -6.8625, y 16.1825, z 660.469
 47852872 (1521) module 45, x  -6.45, y 15.1925, z 615.469
 45761144 (1442) module 43, x -5.3225, y 12.5525, z 496.921
 43668126 (1359) module 41, x -4.415, y 10.4625, z 401.411

Track #15, length 6
 54139806 (1768) module 51, x -7.4675, y 10.4625, z 750.469
 52044457 (1680) module 49, x -7.0825, y 9.8575, z 705.469
 49949363 (1602) module 47, x -6.6425, y 9.3075, z 660.469
 47854013 (1524) module 45, x -6.2575, y   8.73, z 615.469
 45762009 (1443) module 43, x -5.1575, y 7.2175, z 496.921
 43668975 (1360) module 41, x -4.2775, y 6.0075, z 401.411

Track #16, length 4
 53538263 (1770) module 51, x -7.3275, y -7.9625, z 751.531
 51439326 (1682) module 49, x -6.9425, y -7.5775, z 706.531
 49340388 (1603) module 47, x -6.585, y -7.1925, z 661.531
 47241196 (1525) module 45, x -6.1725, y -6.7525, z 616.531

Track #17, length 6
 53548767 (1772) module 51, x -6.8875, y -10.3275, z 751.531
 51448807 (1684) module 49, x -6.4475, y -9.7225, z 706.531
 49348846 (1605) module 47, x -6.0625, y  -9.09, z 661.531
 47249397 (1527) module 45, x -5.6775, y -8.5125, z 616.531
 44758241 (1371) module 42, x -4.48583, y -6.75917, z 484.921
 42657272 (1297) module 40, x -3.6425, y -5.485, z 389.411

Track #18, length 6
 54146689 (1775) module 51, x -5.9825, y 12.0575, z 750.469
 52050575 (1687) module 49, x -5.7625, y 11.2875, z 705.469
 49954461 (1607) module 47, x -5.515, y 10.5175, z 660.469
 47858859 (1529) module 45, x -5.185, y 9.7475, z 615.469
 45766862 (1447) module 43, x -4.1125, y 7.8225, z 496.921
 43673578 (1363) module 41, x -3.2875, y 6.2825, z 401.411

Track #19, length 8
 54309360 (1777) module 51, x -4.6625, y 19.9225, z 751.531
 52057866 (1688) module 49, x -4.1675, y 18.6025, z 705.469
 49962786 (1609) module 47, x   -3.7, y 17.2825, z 660.469
 47867705 (1530) module 45, x -3.2875, y  15.99, z 615.469
 45773940 (1450) module 43, x -2.5725, y 12.7725, z 496.921
 43679395 (1364) module 41, x -2.0225, y  10.16, z 401.411
 41584588 (1291) module 39, x -1.5275, y 7.9325, z 324.463
 39489260 (1220) module 37, x -1.1425, y 6.1725, z 262.469

Track #20, length 9
 54162701 (1778) module 51, x -2.5175, y  18.41, z 750.469
 52066082 (1689) module 49, x -2.4075, y 17.2825, z 705.469
 49969463 (1610) module 47, x  -2.27, y 16.1275, z 660.469
 47873100 (1531) module 45, x -2.1325, y 14.9725, z 615.469
 45778051 (1451) module 43, x -1.6925, y 11.9475, z 496.921
 43682223 (1365) module 41, x  -1.39, y 9.5275, z 401.411
 41586384 (1292) module 39, x -1.1425, y  7.685, z 324.463
 39490284 (1221) module 37, x -0.922501, y 6.1725, z 262.469
 37393655 (1153) module 35, x -0.8125, y 5.5675, z 237.469

Track #21, length 6
 54172307 (1780) module 51, x -0.482502, y 11.0675, z 750.469
 52075167 (1691) module 49, x -0.482502, y 10.4075, z 705.469
 49978027 (1612) module 47, x -0.455002, y 9.7475, z 660.469
 47881144 (1533) module 45, x -0.427502, y 9.0325, z 615.469
 45784280 (1453) module 43, x -0.372501, y  7.245, z 496.921
 43687411 (1366) module 41, x -0.290001, y 5.7875, z 401.411

Track #22, length 4
 54191332 (1784) module 51, x 3.5875, y 6.6125, z 750.469
 52093163 (1695) module 49, x 3.3675, y 6.2275, z 705.469
 49994995 (1616) module 47, x 3.1475, y 5.7875, z 660.469
 47896826 (1537) module 45, x 2.9275, y 5.4025, z 615.469

Track #23, length 9
 54017601 (1728) module 51, x -33.9225, y 15.5775, z 750.469
 51929937 (1649) module 49, x -31.86, y 14.6975, z 705.469
 49842530 (1571) module 47, x -29.7975, y 13.7625, z 660.469
 47755377 (1492) module 45, x -27.6525, y 12.9375, z 615.469
 45684120 (1414) module 43, x -21.9875, y 10.7925, z 496.921
 43607737 (1338) module 41, x -17.5325, y 8.9775, z 401.411
 41528023 (1273) module 39, x -13.7925, y 7.3275, z 324.463
 39444463 (1206) module 37, x -10.8775, y   5.98, z 262.469
 37352954 (1139) module 35, x -9.6675, y 5.4025, z 237.469

Track #24, length 12
 54041554 (1730) module 51, x -28.8075, y 7.6025, z 750.469
 51952090 (1651) module 49, x -27.13, y 7.1625, z 705.469
 49862882 (1573) module 47, x -25.4525, y 6.7225, z 660.469
 47773674 (1494) module 45, x -23.7475, y 6.2825, z 615.469
 42996030 (1340) module 41, x -15.7425, y 4.1375, z 402.473
 40902515 (1274) module 39, x -12.8275, y 3.3675, z 325.525
 38808477 (1207) module 37, x -10.5175, y 2.7075, z 263.531
 36712366 (1140) module 35, x -9.5825, y 2.4875, z 238.531
 34616511 (1075) module 33, x -8.6475, y 2.2125, z 213.531
 32520400 (1006) module 31, x -7.7125, y 1.9925, z 188.531
 30424289 (935) module 29, x -6.7775, y  1.745, z 163.531
 28328433 (867) module 27, x  -5.87, y 1.4975, z 138.531

Track #25, length 11
 53827993 (1732) module 51, x -24.7075, y -19.22, z 750.469
 51736501 (1653) module 49, x -23.1675, y -18.0375, z 705.469
 49644752 (1575) module 47, x -21.6825, y -16.8825, z 660.469
 47553003 (1496) module 45, x -20.17, y -15.7275, z 615.469
 45170997 (1417) module 43, x -16.21, y -12.6925, z 497.982
 43062128 (1342) module 41, x -12.9925, y -10.1625, z 402.473
 40956064 (1276) module 39, x -10.3525, y -8.1275, z 325.525
 38851271 (1211) module 37, x -8.2075, y -6.4775, z 263.531
 36750806 (1144) module 35, x -7.3825, y  -5.79, z 238.531
 34650597 (1080) module 33, x -6.53917, y -5.12083, z 213.531
 32550389 (1011) module 31, x -5.6775, y -4.4425, z 188.531

Track #26, length 10
 54080362 (1734) module 51, x -20.3375, y 13.3225, z 750.469
 51989113 (1655) module 49, x -19.0725, y 12.4975, z 705.469
 49897608 (1577) module 47, x -17.835, y 11.6725, z 660.469
 47806359 (1498) module 45, x -16.5975, y 10.8475, z 615.469
 45724350 (1421) module 43, x -13.3525, y  8.675, z 496.921
 43639518 (1346) module 41, x -10.7125, y 6.9425, z 401.411
 41551863 (1280) module 39, x -8.5675, y 5.5675, z 324.463
 38800350 (1215) module 37, x -6.915, y 4.4675, z 263.531
 36705259 (1148) module 35, x -6.2275, y 4.0275, z 238.531
 34610168 (1084) module 33, x -5.5125, y 3.5875, z 213.531

Track #27, length 11
 54096451 (1737) module 51, x -16.8725, y 15.4675, z 750.469
 52003666 (1658) module 49, x -15.91, y 14.6425, z 705.469
 49910880 (1580) module 47, x -14.975, y 13.8725, z 660.469
 47818095 (1502) module 45, x -14.0675, y 13.0475, z 615.469
 45732246 (1423) module 43, x -11.6475, y 10.9025, z 496.921
 43644085 (1349) module 41, x -9.7225, y   9.17, z 401.411
 41553616 (1281) module 39, x -8.1825, y 7.7125, z 324.463
 39462374 (1214) module 37, x -6.9175, y 6.5025, z 262.469
 37367535 (1147) module 35, x -6.4225, y 6.0075, z 237.469
 35272952 (1083) module 33, x -5.8725, y 5.5125, z 212.469
 32506362 (1013) module 31, x -5.4025, y 5.0175, z 188.531

Track #28, length 5
 53568076 (1739) module 51, x -14.9725, y -14.5075, z 751.531
 51466593 (1660) module 49, x -13.8175, y -13.5725, z 706.531
 49364853 (1583) module 47, x -12.7175, y -12.5825, z 661.531
 47263370 (1505) module 45, x -11.5625, y -11.6475, z 616.531
 45154495 (1429) module 43, x  -8.62, y  -9.09, z 497.982

Track #29, length 7
 53478242 (1742) module 51, x -13.7625, y 4.9075, z 751.531
 51382385 (1662) module 49, x -12.9375, y 4.6325, z 706.531
 49286783 (1584) module 47, x -12.1675, y 4.3025, z 661.531
 47190926 (1506) module 45, x -11.3425, y 4.0275, z 616.531
 45097396 (1427) module 43, x -9.2525, y 3.2575, z 497.982
 43003091 (1351) module 41, x -7.5475, y 2.6525, z 402.473
 40908268 (1283) module 39, x -6.145, y 2.1575, z 325.525

Track #30, length 8
 54114814 (1743) module 51, x -12.9675, y 5.1825, z 750.469
 51381118 (1663) module 49, x -12.2225, y 4.9075, z 706.531
 49285003 (1585) module 47, x -11.5075, y 4.6875, z 661.531
 47189144 (1507) module 45, x -10.765, y 4.4125, z 616.531
 45095356 (1428) module 43, x -8.8125, y 3.6975, z 497.982
 43001047 (1352) module 41, x   -7.3, y 3.0925, z 402.473
 40906221 (1284) module 39, x -6.1175, y   2.57, z 325.525
 38811135 (1217) module 37, x -5.1275, y 2.1575, z 263.531

Track #31, length 7
 53477498 (1747) module 51, x -12.4425, y 5.0725, z 751.531
 51381896 (1665) module 49, x -11.6725, y 4.7425, z 706.531
 49286294 (1587) module 47, x -10.9025, y 4.4125, z 661.531
 47190692 (1509) module 45, x -10.1325, y 4.0825, z 616.531
 45097160 (1431) module 43, x -8.1525, y 3.3125, z 497.982
 43003108 (1353) module 41, x -6.6125, y 2.6525, z 402.473
 40908282 (1286) module 39, x -5.4025, y 2.1575, z 325.525

Track #32, length 7
 53529217 (1748) module 51, x -12.0575, y -6.0375, z 751.531
 51430285 (1667) module 49, x -11.3975, y  -5.68, z 706.531
 49331609 (1588) module 47, x -10.7375, y -5.3225, z 661.531
 47232677 (1510) module 45, x -10.05, y -4.9375, z 616.531
 45130952 (1430) module 43, x -8.1525, y -3.9475, z 497.982
 43029988 (1354) module 41, x -6.6125, y -3.1225, z 402.473
 40929787 (1287) module 39, x -5.32917, y -2.48083, z 325.525

Track #33, length 6
 54128587 (1754) module 51, x -9.9975, y 7.9875, z 750.469
 52034260 (1672) module 49, x -9.3925, y 7.4925, z 705.469
 49939164 (1594) module 47, x -8.8425, y 7.0525, z 660.469
 47844837 (1516) module 45, x -8.2375, y 6.5575, z 615.469
 45754875 (1435) module 43, x -6.6975, y 5.3475, z 496.921
 42995192 (1357) module 41, x -5.485, y 4.3575, z 402.473

Track #34, length 6
 53538726 (1755) module 51, x -9.995, y -8.0725, z 751.531
 51439023 (1670) module 49, x -9.5275, y -7.5225, z 706.531
 49339578 (1593) module 47, x -8.895, y -7.0275, z 661.531
 47240134 (1515) module 45, x -8.2625, y -6.5325, z 616.531
 45137124 (1436) module 43, x -6.6125, y -5.2675, z 497.982
 43035132 (1358) module 41, x -5.2925, y -4.2225, z 402.473

Track #35, length 5
 53536432 (1759) module 51, x -9.4725, y -7.5775, z 751.531
 51437243 (1674) module 49, x -8.8675, y -7.1375, z 706.531
 49338053 (1596) module 47, x -8.3175, y -6.6975, z 661.531
 47238864 (1518) module 45, x -7.7125, y -6.2575, z 616.531
 45136365 (1437) module 43, x -6.1175, y -5.1025, z 497.982

Track #36, length 8
 53572303 (1765) module 51, x -7.7675, y -15.415, z 751.531
 51470807 (1677) module 49, x -7.3275, y -14.48, z 706.531
 49369312 (1600) module 47, x -6.8325, y -13.545, z 661.531
 47268072 (1522) module 45, x -6.365, y -12.6375, z 616.531
 45159423 (1445) module 43, x -5.1275, y -10.1625, z 497.982
 44760488 (1370) module 42, x -4.9625, y -9.9125, z 484.921
 42658764 (1296) module 40, x -3.9725, y -7.905, z 389.411
 40557802 (1225) module 38, x -3.1475, y -6.2825, z 312.463

Track #37, length 5
 53530321 (1767) module 51, x -7.6575, y -6.2575, z 751.531
 51431641 (1679) module 49, x -7.2175, y -5.9275, z 706.531
 49332705 (1601) module 47, x -6.7775, y -5.5425, z 661.531
 47233769 (1523) module 45, x  -6.31, y -5.1575, z 616.531
 45132287 (1444) module 43, x -5.1275, y -4.2225, z 497.982

Track #38, length 4
 53539285 (1769) module 51, x -7.4375, y -8.1825, z 751.531
 51439580 (1681) module 49, x -7.0525, y -7.6325, z 706.531
 49340388 (1603) module 47, x -6.585, y -7.1925, z 661.531
 47241196 (1525) module 45, x -6.1725, y -6.7525, z 616.531

Track #39, length 12
 54320192 (1771) module 51, x -7.0275, y 29.575, z 751.531
 52221282 (1683) module 49, x -6.6425, y 27.7325, z 706.531
 50122116 (1604) module 47, x  -6.23, y 25.8625, z 661.531
 48023205 (1526) module 45, x -5.8175, y 24.0475, z 616.531
 45921020 (1446) module 43, x -4.745, y 19.2625, z 497.982
 43670852 (1362) module 41, x -3.8375, y 15.4125, z 401.411
 41577340 (1290) module 39, x -3.0675, y 12.3325, z 324.463
 39482793 (1219) module 37, x -2.5175, y 9.8575, z 262.469
 37386683 (1151) module 35, x  -2.27, y 8.8675, z 237.469
 35290829 (1087) module 33, x -2.0225, y 7.8775, z 212.469
 33194719 (1017) module 31, x -1.8025, y 6.8875, z 187.469
 31098864 (944) module 29, x -1.5275, y 5.9525, z 162.469

Track #40, length 6
 53546978 (1773) module 51, x -6.695, y -9.9425, z 751.531
 51447273 (1685) module 49, x -6.3375, y -9.3925, z 706.531
 49348335 (1606) module 47, x -6.0075, y -8.8975, z 661.531
 47248630 (1528) module 45, x -5.6225, y -8.3475, z 616.531
 44758241 (1371) module 42, x -4.48583, y -6.75917, z 484.921
 42657272 (1297) module 40, x -3.6425, y -5.485, z 389.411

Track #41, length 5
 54167503 (1779) module 51, x -1.5275, y 7.7675, z 750.469
 52070615 (1690) module 49, x -1.4725, y 7.3275, z 705.469
 49973983 (1611) module 47, x -1.3625, y 6.8875, z 660.469
 47877095 (1532) module 45, x -1.3075, y 6.4475, z 615.469
 45780988 (1452) module 43, x -1.0875, y  5.265, z 496.921

Track #42, length 5
 54180529 (1782) module 51, x  1.305, y 9.4175, z 750.469
 52083131 (1693) module 49, x 1.2225, y 8.8675, z 705.469
 49985478 (1614) module 47, x   1.14, y 8.2625, z 660.469
 47888080 (1535) module 45, x 1.0575, y  7.685, z 615.469
 45789932 (1454) module 43, x 0.837498, y  6.145, z 496.921

Track #43, length 6
 54184318 (1783) module 51, x   2.13, y 12.2225, z 750.469
 52086668 (1694) module 49, x 1.9925, y 11.4525, z 705.469
 49989018 (1615) module 47, x 1.8825, y 10.6825, z 660.469
 47891111 (1536) module 45, x 1.7175, y 9.9675, z 615.469
 45792459 (1455) module 43, x 1.3875, y   7.96, z 496.921
 43694057 (1367) module 41, x 1.1125, y 6.3375, z 401.411

Track #44, length 4
 54192082 (1785) module 51, x 3.78917, y 7.58417, z 750.469
 52094171 (1696) module 49, x 3.5875, y 7.1075, z 705.469
 49996003 (1617) module 47, x 3.3675, y 6.6675, z 660.469
 47897579 (1538) module 45, x   3.12, y 6.2275, z 615.469

Track #45, length 12
 52587504 (1706) module 50, x 5.9525, y 29.1925, z 739.531
 50481911 (1627) module 48, x 5.5675, y 27.3775, z 694.531
 48376061 (1549) module 46, x 5.2375, y 25.5075, z 649.531
 47973027 (1540) module 45, x 4.9625, y 24.1575, z 616.531
 45880315 (1457) module 43, x      4, y 19.3175, z 497.982
 43703620 (1369) module 41, x 3.2025, y 15.4125, z 401.411
 41603453 (1294) module 39, x 2.5425, y 12.2775, z 324.463
 39503787 (1223) module 37, x   2.02, y 9.7475, z 262.469
 37405886 (1155) module 35, x 1.8275, y 8.7025, z 237.469
 35307728 (1090) module 33, x 1.6075, y 7.7125, z 212.469
 33209571 (1020) module 31, x 1.3875, y 6.6675, z 187.469
 31111413 (948) module 29, x 1.1675, y 5.6775, z 162.469

Track #46, length 8
 53593835 (1774) module 51, x -6.2275, y -20.0075, z 751.531
 51491314 (1686) module 49, x -5.8425, y -18.8525, z 706.531
 49388537 (1608) module 47, x -5.4575, y -17.6425, z 661.531
 46857272 (1458) module 44, x -4.9075, y -16.045, z 603.469
 44755317 (1372) module 42, x -3.8625, y -12.7175, z 484.921
 42654116 (1298) module 40, x -2.9825, y -10.105, z 389.411
 40553930 (1227) module 38, x -2.3225, y -8.015, z 312.463
 38454761 (1159) module 36, x -1.8825, y  -6.31, z 250.469

Track #47, length 7
 53140838 (1698) module 50, x -3.2025, y -13.5425, z 738.469
 51042677 (1619) module 48, x  -3.01, y -12.7175, z 693.469
 48944771 (1541) module 46, x -2.8175, y -11.9475, z 648.469
 46846866 (1459) module 44, x -2.6525, y -11.1225, z 603.469
 44747448 (1373) module 42, x -2.1575, y -9.005, z 484.921
 42648279 (1300) module 40, x -1.7175, y   -7.3, z 389.411
 40549616 (1228) module 38, x -1.415, y -5.925, z 312.463

Track #48, length 6
 53114266 (1703) module 50, x 2.5175, y -10.6825, z 738.469
 51017894 (1625) module 48, x 2.3525, y -10.0225, z 693.469
 48921266 (1547) module 46, x  2.215, y -9.3625, z 648.469
 46824895 (1464) module 44, x 2.0775, y -8.6475, z 603.469
 44729823 (1378) module 42, x 1.6375, y -6.8875, z 484.921
 42634233 (1301) module 40, x 1.3075, y -5.4575, z 389.411

Track #49, length 5
 52443855 (1709) module 50, x 7.7675, y -1.855, z 739.531
 50347223 (1629) module 48, x 7.3275, y -1.7725, z 694.531
 48250592 (1551) module 46, x 6.8325, y -1.6625, z 649.531
 46153960 (1467) module 44, x 6.3925, y -1.5525, z 604.531
 44058110 (1382) module 42, x 5.1825, y  -1.25, z 485.982

Track #50, length 11
 53278627 (1711) module 50, x   8.54, y -24.13, z 739.531
 51179199 (1631) module 48, x 8.0175, y -22.6175, z 694.531
 49079514 (1553) module 46, x  7.495, y -21.1325, z 649.531
 46980086 (1469) module 44, x 6.9725, y -19.5925, z 604.531
 44711489 (1383) module 42, x 5.5425, y -15.5775, z 484.921
 42619771 (1305) module 40, x 4.3875, y -12.36, z 389.411
 40526763 (1232) module 38, x 3.5075, y -9.7475, z 312.463
 38433233 (1162) module 36, x 2.7375, y -7.6575, z 250.469
 36337376 (1094) module 34, x 2.4625, y -6.8325, z 225.469
 34241775 (1024) module 32, x 2.1325, y  -5.98, z 200.469
 32145919 (953) module 30, x 1.8575, y -5.1275, z 175.469

Track #51, length 6
 52507257 (1714) module 50, x  12.47, y 11.8675, z 739.531
 50406536 (1633) module 48, x 11.6725, y 11.0975, z 694.531
 48306070 (1555) module 46, x 10.9025, y 10.3825, z 649.531
 46205348 (1471) module 44, x 10.105, y 9.6125, z 604.531
 44099530 (1387) module 42, x 8.0425, y 7.6325, z 485.982
 41995240 (1308) module 40, x 6.3925, y 6.0925, z 390.473

Track #52, length 7
 52473930 (1717) module 50, x 15.0825, y 4.6075, z 739.531
 50375516 (1635) module 48, x 14.0925, y 4.3325, z 694.531
 48276845 (1556) module 46, x  13.13, y   4.03, z 649.531
 46178431 (1472) module 44, x 12.1675, y 3.7275, z 604.531
 44077741 (1388) module 42, x   9.61, y 2.9575, z 485.982
 41977810 (1310) module 40, x 7.6025, y 2.3525, z 390.473
 39878383 (1235) module 38, x   5.98, y 1.8575, z 313.525

Track #53, length 8
 52452423 (1718) module 50, x  15.22, y -0.0124998, z 739.531
 50355288 (1637) module 48, x 14.3125, y -0.0124998, z 694.531
 48258153 (1559) module 46, x 13.3775, y -0.0124998, z 649.531
 46161017 (1474) module 44, x 12.4975, y -0.0124998, z 604.531
 44063909 (1390) module 42, x 10.0775, y -0.0124998, z 485.982
 41966792 (1313) module 40, x 8.1525, y -0.0124998, z 390.473
 39869412 (1239) module 38, x 6.6125, y  -0.04, z 313.525
 37772283 (1167) module 36, x 5.3475, y  -0.04, z 251.531

Track #54, length 7
 52459583 (1719) module 50, x 15.6875, y  1.555, z 739.531
 50362193 (1638) module 48, x 14.6975, y 1.4725, z 694.531
 48264547 (1560) module 46, x 13.7075, y 1.3625, z 649.531
 46166900 (1476) module 44, x 12.7358, y 1.27083, z 604.531
 44068772 (1391) module 42, x 10.1325, y 1.0325, z 485.982
 41970634 (1312) module 40, x 8.0425, y 0.8125, z 390.473
 39872744 (1237) module 38, x  6.365, y 0.6475, z 313.525

Track #55, length 15
 52967694 (1726) module 50, x  34.17, y -18.355, z 738.469
 50879521 (1646) module 48, x 32.2725, y -17.3375, z 693.469
 48791347 (1568) module 46, x 30.3475, y -16.3475, z 648.469
 46703173 (1484) module 44, x 28.4225, y -15.3575, z 603.469
 44629365 (1399) module 42, x 23.4175, y -12.7175, z 484.921
 42550684 (1322) module 40, x 19.3475, y -10.5725, z 389.411
 40468667 (1247) module 38, x 16.1025, y -8.8675, z 312.463
 38383828 (1175) module 36, x 13.4625, y -7.4925, z 250.469
 36291550 (1107) module 34, x 12.4175, y -6.915, z 225.469
 34199273 (1036) module 32, x 11.3725, y -6.3375, z 200.469
 32106995 (965) module 30, x 10.3275, y -5.7875, z 175.469
 30014718 (891) module 28, x 9.2825, y -5.1825, z 150.469
 27265222 (816) module 26, x 8.2625, y -4.6325, z 126.531
 25170905 (746) module 24, x   7.19, y -4.0275, z 101.531
 23076589 (669) module 22, x 6.1175, y -3.4225, z 76.531

Track #56, length 4
 53135331 (1699) module 50, x -1.9925, y -6.6675, z 738.469
 51037674 (1620) module 48, x -1.8825, y -6.2825, z 693.469
 48940018 (1542) module 46, x -1.7725, y -5.8425, z 648.469
 46842105 (1460) module 44, x -1.6075, y  -5.43, z 603.469

Track #57, length 5
 53119403 (1702) module 50, x 1.4175, y -9.7475, z 738.469
 51022519 (1624) module 48, x 1.3625, y -9.0875, z 693.469
 48925890 (1545) module 46, x 1.2525, y -8.4825, z 648.469
 46829005 (1461) module 44, x 1.1975, y -7.8775, z 603.469
 44733163 (1377) module 42, x 0.922501, y -6.2275, z 484.921

Track #58, length 4
 52485089 (1708) module 50, x 6.7775, y 6.9725, z 739.531
 50385896 (1628) module 48, x 6.35583, y 6.56917, z 694.531
 48286960 (1550) module 46, x 5.9525, y 6.1475, z 649.531
 46187767 (1466) module 44, x 5.5675, y 5.7075, z 604.531

Track #59, length 5
 52446406 (1710) module 50, x 8.2625, y -1.3325, z 739.531
 50349518 (1630) module 48, x 7.8225, y -1.2775, z 694.531
 48252630 (1552) module 46, x  7.355, y -1.2225, z 649.531
 46155999 (1468) module 44, x 6.8875, y -1.1125, z 604.531
 44059637 (1384) module 42, x 5.6775, y  -0.92, z 485.982

Track #60, length 11
 52554419 (1713) module 50, x   9.28, y 21.9875, z 739.531
 50451133 (1632) module 48, x   8.73, y 20.6675, z 694.531
 48347848 (1554) module 46, x 8.1525, y 19.375, z 649.531
 46244818 (1470) module 44, x 7.6025, y 18.0825, z 604.531
 44131564 (1386) module 42, x 6.1725, y 14.6175, z 485.982
 41611176 (1295) module 39, x 4.1925, y 9.9125, z 324.463
 39510473 (1224) module 37, x 3.4225, y 8.0975, z 262.469
 37412054 (1156) module 35, x 3.1475, y 7.3825, z 237.469
 35313379 (1091) module 33, x 2.8175, y 6.6675, z 212.469
 33214704 (1021) module 31, x  2.515, y 5.9525, z 187.469
 31116286 (949) module 29, x 2.2125, y 5.1825, z 162.469

Track #61, length 7
 52472139 (1716) module 50, x 15.0275, y   4.25, z 739.531
 50373980 (1636) module 48, x 14.0925, y 4.0025, z 694.531
 48275565 (1557) module 46, x 13.1575, y 3.7275, z 649.531
 46177150 (1473) module 44, x 12.195, y 3.4525, z 604.531
 44076716 (1389) module 42, x 9.6925, y 2.7375, z 485.982
 41977040 (1311) module 40, x 7.7125, y 2.1875, z 390.473
 39877870 (1236) module 38, x 6.0625, y 1.7475, z 313.525

Track #62, length 5
 52554039 (1720) module 50, x 16.1275, y 21.9325, z 739.531
 50451014 (1639) module 48, x 15.3025, y 20.695, z 694.531
 48348245 (1561) module 46, x  14.45, y 19.4575, z 649.531
 46245477 (1477) module 44, x 13.5975, y 18.2475, z 604.531
 44133263 (1393) module 42, x 11.2875, y 15.0025, z 485.982

Track #63, length 9
 52490242 (1721) module 50, x 19.0425, y 8.1275, z 739.531
 50390808 (1640) module 48, x 17.8325, y   7.66, z 694.531
 48291630 (1562) module 46, x 16.595, y 7.1925, z 649.531
 46192197 (1478) module 44, x 15.3575, y 6.6975, z 604.531
 44089215 (1394) module 42, x  12.14, y 5.4325, z 485.982
 41987246 (1315) module 40, x 9.5825, y 4.3875, z 390.473
 39885779 (1241) module 38, x 7.5475, y 3.4525, z 313.525
 37785328 (1168) module 36, x 5.9525, y 2.7375, z 251.531
 35686908 (1099) module 34, x 5.2925, y 2.4625, z 226.531

Track #64, length 7
 53028165 (1722) module 50, x 21.1075, y -15.3575, z 738.469
 50937935 (1641) module 48, x 19.6225, y -14.8075, z 693.469
 48847704 (1563) module 46, x 18.1008, y -14.2758, z 648.469
 46757474 (1479) module 44, x 16.6158, y -13.7442, z 603.469
 44678524 (1395) module 42, x  12.72, y -12.3325, z 484.921
 42595984 (1317) module 40, x 9.6125, y -11.2325, z 389.411
 40509602 (1240) module 38, x 7.1925, y -10.2425, z 312.463

Track #65, length 11
 52848826 (1723) module 50, x 22.8925, y 4.2325, z 738.469
 50752722 (1642) module 48, x 21.545, y 4.0125, z 693.469
 48656875 (1564) module 46, x 20.1975, y 3.7375, z 648.469
 46177286 (1480) module 44, x 18.8225, y 3.5075, z 604.531
 44076872 (1396) module 42, x 15.1925, y   2.82, z 485.982
 41977468 (1318) module 40, x 12.305, y 2.2975, z 390.473
 39878311 (1243) module 38, x 9.9675, y 1.8575, z 313.525
 37779401 (1169) module 36, x 8.0975, y    1.5, z 251.531
 35681751 (1100) module 34, x 7.3275, y 1.3625, z 226.531
 33583845 (1031) module 32, x 6.5575, y 1.1975, z 201.531
 31486194 (960) module 30, x  5.815, y 1.0875, z 176.531

Track #66, length 12
 52848469 (1724) module 50, x 28.4475, y   4.26, z 738.469
 50752629 (1644) module 48, x  26.66, y 4.0125, z 693.469
 48656790 (1566) module 46, x 24.8725, y 3.7375, z 648.469
 46560950 (1482) module 44, x 23.1125, y 3.4625, z 603.469
 44076813 (1398) module 42, x 18.4375, y 2.7925, z 485.982
 41976913 (1320) module 40, x  14.67, y 2.1875, z 390.473
 39877513 (1245) module 38, x 11.6175, y   1.72, z 313.525
 37778870 (1171) module 36, x 9.1425, y 1.3625, z 251.531
 35680968 (1103) module 34, x 8.1525, y 1.1975, z 226.531
 33583322 (1032) module 32, x 7.1625, y 1.0875, z 201.531
 31485420 (961) module 30, x 6.1725, y 0.9225, z 176.531
 29387518 (887) module 28, x 5.1825, y  0.785, z 151.531

Track #67, length 4
 52968745 (1725) module 50, x 33.9775, y -16.8975, z 738.469
 50881084 (1645) module 48, x 31.9425, y -15.8525, z 693.469
 48792911 (1567) module 46, x 30.0175, y -14.8075, z 648.469
 46704738 (1483) module 44, x 28.0925, y -13.7625, z 603.469

Track #68, length 12
 51907399 (1648) module 49, x -36.7275, y 15.2475, z 705.469
 49821529 (1570) module 47, x -34.3075, y 14.2575, z 660.469
 47735659 (1489) module 45, x -31.8875, y  13.24, z 615.469
 45668252 (1412) module 43, x -25.5075, y 10.5725, z 496.921
 43594434 (1336) module 41, x -20.3925, y 8.4825, z 401.411
 41516514 (1269) module 39, x -16.24, y 6.7225, z 324.463
 39435003 (1201) module 37, x -12.9125, y 5.3475, z 262.469
 36701577 (1133) module 35, x -11.6175, y 4.7975, z 238.531
 34607009 (1069) module 33, x -10.27, y 4.2475, z 213.531
 32512442 (1000) module 31, x -8.9225, y 3.6975, z 188.531
 30417875 (930) module 29, x -7.5475, y 3.1475, z 163.531
 28323307 (864) module 27, x -6.2275, y   2.57, z 138.531

Track #69, length 5
 52100267 (1697) module 49, x 4.9075, y 9.7475, z 705.469
 50001590 (1618) module 47, x 4.5775, y 9.1425, z 660.469
 47902913 (1539) module 45, x 4.2475, y 8.5375, z 615.469
 45802206 (1456) module 43, x 3.4775, y 6.9425, z 496.921
 43702006 (1368) module 41, x 2.8175, y 5.6225, z 401.411

Track #70, length 11
 51255328 (1643) module 48, x 24.6275, y -31.3625, z 694.531
 49151047 (1565) module 46, x 22.9775, y -29.2175, z 649.531
 47046253 (1481) module 44, x 21.3275, y -27.1275, z 604.531
 44928978 (1397) module 42, x 16.9825, y -21.545, z 485.982
 42578215 (1319) module 40, x 13.4075, y -17.0075, z 389.411
 40494185 (1244) module 38, x 10.575, y -13.3775, z 312.463
 38407325 (1170) module 36, x 8.2925, y -10.49, z 250.469
 36314547 (1101) module 34, x 7.3575, y -9.3075, z 225.469
 34221768 (1030) module 32, x 6.4225, y -8.1525, z 200.469
 32128733 (959) module 30, x 5.5425, y -6.9975, z 175.469
 30035954 (886) module 28, x 4.6075, y -5.8425, z 150.469

Track #71, length 4
 51145733 (1622) module 48, x 0.8675, y -32.8475, z 694.531
 49050916 (1546) module 46, x   1.39, y -31.1425, z 649.531
 46956355 (1463) module 44, x 1.9125, y -29.41, z 604.531
 44864145 (1380) module 42, x 2.9575, y -25.1475, z 485.982

Track #72, length 4
 50449250 (1634) module 48, x 13.7625, y 20.2825, z 694.531
 48346477 (1558) module 46, x 13.1575, y   19.1, z 649.531
 46243704 (1475) module 44, x 12.5525, y 17.8625, z 604.531
 44132243 (1392) module 42, x 11.0675, y 14.7825, z 485.982

Track #73, length 8
 49062664 (1548) module 46, x   3.92, y -32.6825, z 649.531
 46964270 (1465) module 44, x 3.6175, y -30.5925, z 604.531
 44864145 (1380) module 42, x 2.9575, y -25.1475, z 485.982
 42764510 (1303) module 40, x 2.4075, y -20.9125, z 390.473
 40533536 (1230) module 38, x 2.0225, y -17.3925, z 312.463
 38438227 (1161) module 36, x 1.6375, y -14.56, z 250.469
 36341865 (1093) module 34, x 1.45875, y -13.3363, z 225.469
 34245246 (1023) module 32, x  1.335, y -12.195, z 200.469

Track #74, length 12
 47466528 (1490) module 45, x -31.3258, y -34.3542, z 615.469
 45397382 (1411) module 43, x -25.7525, y -28.3775, z 496.921
 43322326 (1334) module 41, x -21.3525, y -23.5375, z 401.411
 41009175 (1265) module 39, x -17.8875, y -19.6775, z 325.525
 38897482 (1194) module 37, x -15.055, y -16.5425, z 263.531
 36794463 (1126) module 35, x  -13.9, y -15.2775, z 238.531
 34691444 (1060) module 33, x -12.745, y -14.0125, z 213.531
 32588425 (992) module 31, x -11.59, y -12.7475, z 188.531
 30485406 (921) module 29, x -10.435, y -11.51, z 163.531
 28382643 (855) module 27, x -9.3075, y -10.2725, z 138.531
 26279879 (785) module 25, x -8.2075, y  -8.98, z 113.531
 22074352 (645) module 21, x -5.9525, y -6.5325, z 63.531

Track #75, length 10
 48128015 (1491) module 45, x -28.5875, y 32.2975, z 616.531
 46006408 (1413) module 43, x -23.28, y 25.6425, z 497.982
 43888871 (1337) module 41, x -18.825, y 20.4175, z 402.473
 41521716 (1270) module 39, x -15.1125, y 16.2925, z 324.463
 39438447 (1202) module 37, x -12.1425, y 13.0475, z 262.469
 37346695 (1135) module 35, x -10.96, y 11.7275, z 237.469
 35255455 (1071) module 33, x -9.7225, y 10.4075, z 212.469
 33163448 (1001) module 31, x -8.485, y 9.0325, z 187.469
 31072464 (933) module 29, x -7.1925, y  7.685, z 162.469
 28981225 (866) module 27, x -5.9275, y   6.31, z 137.469

Track #76, length 10
 46521117 (1486) module 44, x 31.5275, y 12.0975, z 603.469
 44435091 (1401) module 42, x 25.0375, y  9.595, z 484.921
 42347506 (1323) module 40, x 19.8125, y 7.5875, z 389.411
 39897407 (1246) module 38, x 15.6875, y 5.9825, z 313.525
 37794428 (1173) module 36, x 12.3325, y 4.7175, z 251.531
 35694740 (1105) module 34, x 10.9758, y 4.18583, z 226.531
 33595309 (1034) module 32, x 9.6375, y 3.6725, z 201.531
 31495622 (963) module 30, x 8.2625, y   3.15, z 176.531
 29396190 (889) module 28, x 6.9425, y 2.6275, z 151.531
 27296759 (814) module 26, x 5.5675, y 2.1325, z 126.531

Track #77, length 8
 45645383 (1406) module 43, x -30.375, y 15.2475, z 496.921
 43580552 (1331) module 41, x -23.4725, y 11.6725, z 401.411
 41509050 (1266) module 39, x -17.8625, y 8.9225, z 324.463
 39432931 (1200) module 37, x -13.325, y 6.6675, z 262.469
 37344499 (1134) module 35, x -11.4825, y   5.76, z 237.469
 34603947 (1070) module 33, x -9.7475, y   4.88, z 213.531
 32511180 (1005) module 31, x -7.9325, y  3.945, z 188.531
 30418413 (937) module 29, x -6.1175, y 3.0375, z 163.531

Track #78, length 10
 45477709 (1409) module 43, x -28.8875, y -10.9975, z 496.921
 43390394 (1333) module 41, x -22.8925, y -8.7975, z 401.411
 40950802 (1264) module 39, x -18.1625, y -7.0275, z 325.525
 38847064 (1196) module 37, x -14.3125, y -5.5975, z 263.531
 36747124 (1128) module 35, x -12.7725, y -4.9925, z 238.531
 34647439 (1064) module 33, x -11.2875, y -4.4425, z 213.531
 32547498 (995) module 31, x -9.8025, y -3.8375, z 188.531
 30447813 (926) module 29, x -8.3175, y -3.2875, z 163.531
 28347872 (860) module 27, x -6.8325, y -2.6825, z 138.531
 26248187 (791) module 25, x -5.3475, y -2.1325, z 113.531

Track #79, length 8
 45643106 (1404) module 43, x -30.8975, y 13.7625, z 496.921
 43574932 (1328) module 41, x -24.6825, y 11.0125, z 401.411
 41500604 (1261) module 39, x -19.6408, y 8.77583, z 324.463
 39422429 (1192) module 37, x -15.58, y 6.9975, z 262.469
 37332714 (1125) module 35, x -13.985, y  6.255, z 237.469
 35243256 (1061) module 33, x -12.3625, y 5.5125, z 212.469
 32507032 (993) module 31, x -10.7925, y  4.825, z 188.531
 30413493 (924) module 29, x  -9.17, y 4.0825, z 163.531

Track #80, length 8
 45643104 (1405) module 43, x -30.8975, y 13.8725, z 496.921
 43574932 (1328) module 41, x -24.6825, y 11.0125, z 401.411
 41500604 (1261) module 39, x -19.6408, y 8.77583, z 324.463
 39422429 (1192) module 37, x -15.58, y 6.9975, z 262.469
 37332714 (1125) module 35, x -13.985, y  6.255, z 237.469
 35243256 (1061) module 33, x -12.3625, y 5.5125, z 212.469
 32507032 (993) module 31, x -10.7925, y  4.825, z 188.531
 30413493 (924) module 29, x  -9.17, y 4.0825, z 163.531

Track #81, length 11
 45254741 (1419) module 43, x -14.45, y -30.7875, z 497.982
 43129226 (1344) module 41, x -11.5625, y -24.6825, z 402.473
 41009843 (1279) module 39, x -9.3075, y -19.815, z 325.525
 38894549 (1213) module 37, x -7.4375, y -15.8825, z 263.531
 36790242 (1146) module 35, x -6.7225, y -14.3425, z 238.531
 34685680 (1082) module 33, x -5.9525, y -12.7475, z 213.531
 32581373 (1014) module 31, x -5.2375, y -11.2075, z 188.531
 32177055 (951) module 30, x -4.8525, y -10.38, z 175.469
 30076348 (879) module 28, x -4.0825, y -8.8125, z 150.469
 27975897 (807) module 26, x -3.3675, y -7.2175, z 125.469
 25875189 (735) module 24, x -2.5975, y  -5.65, z 100.469

Track #82, length 13
 44873993 (1381) module 42, x   5.13, y -32.6275, z 485.982
 42772336 (1304) module 40, x 4.1125, y -26.9625, z 390.473
 40671426 (1231) module 38, x 3.30125, y -22.4388, z 313.525
 38432774 (1163) module 36, x 2.7925, y -18.8225, z 250.469
 36336672 (1096) module 34, x 2.5725, y -17.3925, z 225.469
 34240314 (1026) module 32, x   2.38, y -15.9625, z 200.469
 32144213 (955) module 30, x 2.1875, y -14.4775, z 175.469
 30048112 (883) module 28, x 1.9675, y -12.9925, z 150.469
 27951755 (812) module 26, x 1.8025, y -11.5075, z 125.469
 25855654 (741) module 24, x 1.5825, y -10.0225, z 100.469
 23759552 (666) module 22, x 1.34417, y -8.55583, z 75.469
 21663451 (592) module 20, x  1.115, y  -7.08, z 50.469
 19567607 (534) module 18, x 0.8675, y -5.5675, z 25.469

Track #83, length 9
 44877657 (1385) module 42, x 5.8725, y  -28.2, z 485.982
 42774979 (1306) module 40, x 4.6625, y -22.3975, z 390.473
 40525851 (1233) module 38, x 3.6725, y -17.64, z 312.463
 38432352 (1164) module 36, x 2.9025, y -13.8725, z 250.469
 36336764 (1095) module 34, x 2.5725, y -12.3325, z 225.469
 34240919 (1025) module 32, x   2.27, y -10.82, z 200.469
 32145331 (954) module 30, x 1.9675, y -9.3075, z 175.469
 30049743 (881) module 28, x 1.6375, y -7.7675, z 150.469
 27954155 (809) module 26, x 1.3075, y -6.2275, z 125.469

Track #84, length 9
 44481903 (1402) module 42, x 27.0175, y -0.442501, z 484.921
 42384596 (1324) module 40, x 21.4625, y -0.387501, z 389.411
 39867942 (1248) module 38, x 17.035, y -0.3425, z 313.525
 37770856 (1174) module 36, x 13.4325, y -0.315, z 251.531
 35673986 (1106) module 34, x 11.975, y -0.2875, z 226.531
 33577117 (1035) module 32, x 10.5175, y -0.2325, z 201.531
 31479992 (964) module 30, x 9.0325, y -0.2325, z 176.531
 29383122 (890) module 28, x  7.575, y -0.1775, z 151.531
 27285997 (815) module 26, x 6.1175, y  -0.15, z 126.531

Track #85, length 11
 43260188 (1325) module 41, x -31.5825, y -36.9575, z 401.411
 41194373 (1257) module 39, x -25.8075, y -30.22, z 324.463
 39122650 (1187) module 37, x -21.1325, y -24.8025, z 262.469
 37035260 (1118) module 35, x -19.2625, y -22.6025, z 237.469
 34721567 (1054) module 33, x -17.4475, y -20.5025, z 213.531
 32614209 (986) module 31, x -15.5775, y -18.3025, z 188.531
 30506851 (917) module 29, x -13.7075, y -16.1025, z 163.531
 28399493 (850) module 27, x -11.8375, y -13.9025, z 138.531
 26292135 (783) module 25, x -9.9675, y -11.7025, z 113.531
 24184777 (714) module 23, x -8.0975, y -9.5025, z 88.531
 22077931 (644) module 21, x -6.20917, y -7.32083, z 63.531

Track #86, length 10
 43360299 (1326) module 41, x -30.7575, y -15.3425, z 401.411
 41277596 (1259) module 39, x -24.515, y -12.2625, z 324.463
 39191544 (1189) module 37, x -19.4825, y -9.7875, z 262.469
 36764957 (1122) module 35, x -17.53, y -8.8425, z 238.531
 34663235 (1059) module 33, x -15.4675, y -7.8525, z 213.531
 32561512 (989) module 31, x -13.4325, y -6.8625, z 188.531
 30459533 (920) module 29, x -11.3975, y -5.845, z 163.531
 28357809 (854) module 27, x  -9.39, y -4.8275, z 138.531
 26255831 (788) module 25, x -7.3275, y -3.7825, z 113.531
 24153851 (722) module 23, x  -5.32, y -2.7375, z 88.531

Track #87, length 5
 43576935 (1330) module 41, x -24.2425, y 13.4875, z 401.411
 41504409 (1262) module 39, x -18.825, y 10.7375, z 324.463
 39427265 (1195) module 37, x -14.535, y 8.5375, z 262.469
 37338577 (1129) module 35, x -12.7475, y 7.6575, z 237.469
 35249633 (1065) module 33, x -10.9875, y   6.75, z 212.469

Track #88, length 11
 43286498 (1335) module 41, x -20.6925, y -31.32, z 401.411
 41036585 (1268) module 39, x -16.8975, y -25.6725, z 325.525
 38918497 (1199) module 37, x -13.8175, y -21.0525, z 263.531
 36812663 (1130) module 35, x -12.6075, y -19.21, z 238.531
 34706829 (1063) module 33, x -11.3975, y -17.3125, z 213.531
 32600995 (994) module 31, x -10.16, y -15.4425, z 188.531
 30495162 (925) module 29, x -8.9225, y -13.5725, z 163.531
 28389073 (857) module 27, x -7.6575, y -11.6475, z 138.531
 26283239 (790) module 25, x  -6.42, y -9.7775, z 113.531
 24177662 (723) module 23, x -5.1825, y  -7.88, z 88.531
 23786975 (663) module 22, x -4.5225, y -6.8875, z 75.469

Track #89, length 5
 42763489 (1302) module 40, x 2.1875, y -20.7475, z 390.473
 40534309 (1229) module 38, x 1.8575, y -17.1175, z 312.463
 38438742 (1160) module 36, x 1.5275, y -14.4225, z 250.469
 36341865 (1093) module 34, x 1.45875, y -13.3363, z 225.469
 34245246 (1023) module 32, x  1.335, y -12.195, z 200.469

Track #90, length 9
 42781486 (1307) module 40, x 6.0925, y -30.5925, z 390.473
 40678306 (1234) module 38, x 4.7725, y -24.185, z 313.525
 38428676 (1165) module 36, x 3.6725, y -18.9325, z 250.469
 36333610 (1097) module 34, x 3.2325, y -16.8425, z 225.469
 34238288 (1027) module 32, x 2.8475, y -14.725, z 200.469
 32143222 (956) module 30, x 2.4075, y -12.635, z 175.469
 30048156 (882) module 28, x 1.9675, y -10.545, z 150.469
 27952834 (810) module 26, x 1.5825, y -8.4825, z 125.469
 25857512 (740) module 24, x 1.1975, y -6.3925, z 100.469

Track #91, length 9
 42791262 (1314) module 40, x 8.1825, y -27.925, z 390.473
 40686025 (1238) module 38, x 6.44083, y -22.0492, z 313.525
 38422307 (1166) module 36, x 5.0475, y -17.2275, z 250.469
 36328006 (1098) module 34, x 4.4425, y -15.3025, z 225.469
 34233448 (1028) module 32, x 3.8925, y -13.4325, z 200.469
 32138891 (957) module 30, x 3.3425, y -11.5075, z 175.469
 30044333 (884) module 28, x 2.7925, y -9.6375, z 150.469
 27949776 (813) module 26, x 2.2425, y -7.7125, z 125.469
 25855218 (742) module 24, x 1.6925, y -5.8425, z 100.469

Track #92, length 7
 41201219 (1255) module 39, x -29.41, y -28.7625, z 324.463
 39137741 (1186) module 37, x -21.8475, y -21.42, z 262.469
 36809731 (1119) module 35, x -18.96, y -18.5775, z 238.531
 34699066 (1057) module 33, x -15.935, y -15.6625, z 213.531
 32588145 (991) module 31, x -12.9375, y -12.72, z 188.531
 30477479 (923) module 29, x -9.94917, y -9.79583, z 163.531
 28367325 (859) module 27, x -6.96083, y -6.89917, z 138.531

Track #93, length 10
 41820949 (1258) module 39, x -25.2325, y 31.9675, z 325.525
 39701383 (1188) module 37, x -20.2825, y 25.6975, z 263.531
 37595061 (1121) module 35, x -18.3025, y  23.14, z 238.531
 35488484 (1055) module 33, x -16.2675, y 20.5825, z 213.531
 33137430 (987) module 31, x -14.1775, y 17.9425, z 187.469
 31049540 (919) module 29, x -12.1975, y 15.4125, z 162.469
 28961906 (852) module 27, x -10.1625, y 12.855, z 137.469
 26873504 (786) module 25, x -8.1825, y 10.325, z 112.469
 24785871 (720) module 23, x -6.1475, y 7.7675, z 87.469
 22697981 (652) module 21, x  -4.14, y 5.2375, z 62.469

Track #94, length 9
 41785121 (1267) module 39, x -17.4225, y 31.3075, z 325.525
 39671445 (1198) module 37, x -13.8475, y   24.9, z 263.531
 37567684 (1131) module 35, x -12.4175, y 22.3425, z 238.531
 35463667 (1066) module 33, x -10.96, y 19.7575, z 213.531
 33159206 (997) module 31, x -9.475, y 17.0625, z 187.469
 31068501 (928) module 29, x -8.0175, y 14.4775, z 162.469
 28978052 (862) module 27, x -6.5875, y 11.8925, z 137.469
 26887603 (794) module 25, x -5.1575, y 9.3075, z 112.469
 24797154 (724) module 23, x -3.7275, y  6.695, z 87.469

Track #95, length 6
 41727528 (1289) module 39, x -4.9375, y 30.9225, z 325.525
 39624860 (1218) module 37, x -3.7275, y 24.5425, z 263.531
 37525451 (1150) module 35, x  -3.26, y 21.9575, z 238.531
 35426298 (1086) module 33, x -2.7925, y 19.3725, z 213.531
 33191981 (1016) module 31, x -2.3525, y 16.6775, z 187.469
 31097179 (943) module 29, x -1.8575, y  14.12, z 162.469

Track #96, length 7
 41455889 (1256) module 39, x -29.3575, y 18.2175, z 324.463
 39392869 (1185) module 37, x -21.905, y 13.5975, z 262.469
 37309830 (1120) module 35, x -18.9075, y 11.755, z 237.469
 35226536 (1056) module 33, x -15.9375, y 9.9125, z 212.469
 33143242 (990) module 31, x -12.9675, y 8.0425, z 187.469
 31059948 (922) module 29, x  -9.97, y 6.1725, z 162.469
 28315099 (858) module 27, x -7.1075, y 4.3575, z 138.531

Track #97, length 11
 41184180 (1260) module 39, x -23.2225, y -32.4475, z 324.463
 38944001 (1191) module 37, x -19.0975, y -26.69, z 263.531
 36836127 (1123) module 35, x -17.42, y -24.3525, z 238.531
 34728510 (1058) module 33, x -15.7425, y -21.9875, z 213.531
 32620381 (988) module 31, x -14.0375, y -19.6225, z 188.531
 30512251 (918) module 29, x -12.3692, y -17.2758, z 163.531
 28404122 (851) module 27, x -10.6825, y -14.92, z 138.531
 26296249 (784) module 25, x -8.9775, y -12.5825, z 113.531
 24188119 (718) module 23, x   -7.3, y -10.2175, z 88.531
 22080502 (648) module 21, x -5.6225, y -7.8525, z 63.531
 21690596 (581) module 20, x -4.715, y -6.6125, z 50.469

Track #98, length 9
 41773403 (1271) module 39, x -14.92, y  28.09, z 325.525
 39662276 (1203) module 37, x -11.8675, y 22.3425, z 263.531
 37559278 (1136) module 35, x -10.6025, y 20.005, z 238.531
 35257116 (1073) module 33, x -9.3375, y 17.585, z 212.469
 33165126 (1003) module 31, x -8.10917, y 15.2658, z 187.469
 31073905 (934) module 29, x -6.8625, y 12.9375, z 162.469
 28982427 (868) module 27, x -5.6525, y 10.6275, z 137.469
 26890949 (795) module 25, x -4.415, y 8.3175, z 112.469
 24799727 (726) module 23, x -3.1775, y   5.98, z 87.469

Track #99, length 10
 41708338 (1293) module 39, x -0.8125, y 30.3725, z 325.525
 39610519 (1222) module 37, x -0.6475, y 24.8175, z 263.531
 37512895 (1154) module 35, x -0.5375, y 22.6175, z 238.531
 35415527 (1088) module 33, x -0.4825, y 20.4175, z 213.531
 33201171 (1018) module 31, x -0.372501, y 18.1075, z 187.469
 31104315 (945) module 29, x -0.317501, y 15.9075, z 162.469
 29007715 (875) module 27, x -0.2075, y 13.7075, z 137.469
 26910859 (800) module 25, x -0.1525, y 11.5075, z 112.469
 24814002 (730) module 23, x -0.0974998, y  9.335, z 87.469
 22716890 (656) module 21, x -0.0974998, y 7.1625, z 62.469

Track #100, length 11
 40111091 (1249) module 38, x 19.7208, y 37.7092, z 312.463
 37914680 (1177) module 36, x 16.0725, y 30.7875, z 251.531
 35804243 (1108) module 34, x 14.5875, y 27.955, z 226.531
 33694062 (1037) module 32, x 13.1025, y 25.1225, z 201.531
 31584137 (966) module 30, x 11.5992, y 22.2808, z 176.531
 29473956 (892) module 28, x 10.105, y 19.4575, z 151.531
 27363520 (818) module 26, x 8.5925, y 16.5975, z 126.531
 25253339 (745) module 24, x 7.1075, y 13.7925, z 101.531
 23142901 (668) module 22, x 5.65917, y 10.9508, z 76.531
 22739634 (662) module 21, x  4.825, y 9.3625, z 62.469
 20635622 (578) module 19, x   3.34, y 6.5025, z 37.469

Track #101, length 10
 40285953 (1250) module 38, x 33.0675, y -0.112499, z 312.463
 38188914 (1178) module 36, x 26.8525, y -0.112499, z 250.469
 36091807 (1110) module 34, x 24.3775, y -0.112499, z 225.469
 33994700 (1040) module 32, x 21.875, y -0.112499, z 200.469
 31897593 (971) module 30, x 19.4275, y -0.112499, z 175.469
 29383206 (898) module 28, x 17.0625, y -0.0949998, z 151.531
 27286355 (826) module 26, x  14.56, y -0.0675001, z 126.531
 25189249 (754) module 24, x 12.0575, y -0.0675001, z 101.531
 23092142 (680) module 22, x 9.5825, y -0.0675001, z 76.531
 20995035 (601) module 20, x   7.08, y -0.0675001, z 51.531

Track #102, length 8
 40386955 (1251) module 38, x 33.7575, y -11.5075, z 312.463
 38320048 (1179) module 36, x 27.2675, y -9.4725, z 250.469
 36235199 (1111) module 34, x 24.6275, y -8.6475, z 225.469
 34149582 (1041) module 32, x 22.015, y -7.8225, z 200.469
 32064732 (970) module 30, x 19.375, y -7.0525, z 175.469
 29979883 (897) module 28, x 16.735, y -6.2275, z 150.469
 27895034 (823) module 26, x 14.095, y -5.4025, z 125.469
 25168009 (752) module 24, x  11.59, y -4.6325, z 101.531

Track #103, length 9
 39338899 (1183) module 37, x -33.62, y 11.0675, z 262.469
 37258152 (1117) module 35, x  -30.1, y 9.9125, z 237.469
 35177405 (1053) module 33, x -26.6075, y 8.7575, z 212.469
 33096146 (984) module 31, x -23.0875, y 7.6025, z 187.469
 31015399 (912) module 29, x -19.5675, y 6.4475, z 162.469
 28934396 (844) module 27, x -16.075, y 5.2925, z 137.469
 26218613 (777) module 25, x -12.7175, y 4.1925, z 113.531
 24126901 (712) module 23, x -9.1975, y 3.0375, z 88.531
 22035189 (647) module 21, x -5.6775, y 1.8825, z 63.531

Track #104, length 9
 39332005 (1182) module 37, x -35.105, y 10.0775, z 262.469
 37252024 (1116) module 35, x -31.4475, y 9.0325, z 237.469
 35171787 (1050) module 33, x -27.79, y 7.9875, z 212.469
 33091806 (983) module 31, x -24.1325, y 6.9425, z 187.469
 31011313 (911) module 29, x -20.4475, y   5.87, z 162.469
 28312616 (843) module 27, x -16.925, y 4.8525, z 138.531
 26220395 (776) module 25, x -13.2675, y 3.8075, z 113.531
 24128174 (711) module 23, x -9.5825, y 2.7625, z 88.531
 22035952 (646) module 21, x -5.925, y   1.69, z 63.531

Track #105, length 4
 38976833 (1193) module 37, x -15.5775, y -33.73, z 263.531
 36857702 (1127) module 35, x -13.5425, y    -29, z 238.531
 34739083 (1062) module 33, x -11.5075, y -24.3525, z 213.531
 32620720 (998) module 31, x -9.43583, y -19.7142, z 188.531

Track #106, length 8
 39661381 (1204) module 37, x -11.7025, y   29.3, z 263.531
 37558397 (1137) module 35, x -10.465, y 26.2475, z 238.531
 35455668 (1074) module 33, x -9.2275, y 23.195, z 213.531
 33353196 (1004) module 31, x  -7.99, y 20.1425, z 188.531
 31074600 (936) module 29, x -6.6975, y 16.9525, z 162.469
 28983135 (869) module 27, x  -5.46, y 13.9275, z 137.469
 26891926 (796) module 25, x -4.2225, y 10.875, z 112.469
 24800206 (727) module 23, x  -3.04, y 7.8225, z 87.469

Track #107, length 10
 39647763 (1209) module 37, x -8.6775, y  32.05, z 263.531
 37547079 (1141) module 35, x -7.9075, y 29.2175, z 238.531
 35446394 (1077) module 33, x -7.1375, y 26.385, z 213.531
 33345710 (1009) module 31, x -6.3675, y 23.525, z 188.531
 31245026 (940) module 29, x -5.5975, y 20.6925, z 163.531
 28986137 (872) module 27, x -4.8275, y  17.75, z 137.469
 26892621 (797) module 25, x -4.0575, y 14.9175, z 112.469
 24799104 (725) module 23, x -3.2875, y 12.085, z 87.469
 22705588 (654) module 21, x -2.5175, y 9.2525, z 62.469
 20612071 (574) module 19, x -1.7475, y 6.4475, z 37.469

Track #108, length 10
 38285685 (1181) module 36, x  34.61, y -12.7175, z 250.469
 36203658 (1113) module 34, x 31.3925, y -11.5625, z 225.469
 34121376 (1047) module 32, x 28.175, y -10.3525, z 200.469
 32039349 (976) module 30, x 24.9575, y -9.1975, z 175.469
 29956554 (905) module 28, x  21.74, y -8.0425, z 150.469
 27874271 (831) module 26, x 18.5408, y -6.86917, z 125.469
 25792245 (758) module 24, x 15.3325, y -5.6775, z 100.469
 23071101 (685) module 22, x  12.25, y -4.5775, z 76.531
 20979639 (606) module 20, x   9.06, y -3.3675, z 51.531
 18887922 (541) module 18, x 5.8425, y -2.2125, z 26.531

Track #109, length 8
 37912210 (1172) module 36, x 11.1225, y 30.2375, z 251.531
 35799720 (1104) module 34, x 9.9125, y 26.9375, z 226.531
 33687230 (1033) module 32, x 8.7025, y 23.6375, z 201.531
 31575252 (962) module 30, x 7.4925, y 20.3375, z 176.531
 29462506 (888) module 28, x 6.2825, y  17.01, z 151.531
 26931845 (805) module 25, x 4.3575, y 11.8375, z 112.469
 24829121 (734) module 23, x 3.1475, y 8.5375, z 87.469
 22726397 (660) module 21, x 1.9375, y   5.21, z 62.469

Track #110, length 10
 38711711 (1180) module 36, x 33.0425, y -24.35, z 251.531
 36600520 (1112) module 34, x 30.0175, y -22.095, z 226.531
 34489073 (1045) module 32, x 26.965, y -19.8675, z 201.531
 32044574 (975) module 30, x 23.8025, y -17.5025, z 175.469
 29961030 (903) module 28, x  20.75, y -15.3025, z 150.469
 27878255 (829) module 26, x 17.6975, y -13.0475, z 125.469
 25795224 (756) module 24, x 14.6725, y -10.7925, z 100.469
 23712192 (683) module 22, x  11.62, y -8.565, z 75.469
 21628905 (604) module 20, x 8.5675, y  -6.31, z 50.469
 18878709 (538) module 18, x 5.64083, y -4.17417, z 26.531

Track #111, length 6
 37095430 (1115) module 35, x -32.765, y -9.5125, z 237.469
 35005284 (1051) module 33, x -27.5858, y -8.00917, z 212.469
 32915394 (985) module 31, x -22.425, y -6.4875, z 187.469
 30455838 (914) module 29, x -17.475, y -5.0475, z 163.531
 28351612 (849) module 27, x -12.3142, y -3.52583, z 138.531
 26247642 (789) module 25, x -7.135, y -2.0225, z 113.531

Track #112, length 4
 36608795 (1114) module 34, x 31.8325, y -31.61, z 226.531
 34492259 (1046) module 32, x  27.68, y -27.6775, z 201.531
 32376234 (974) module 30, x 23.6192, y -23.7358, z 176.531
 30261235 (900) module 28, x 19.6408, y -19.7392, z 151.531

Track #113, length 4
 35924134 (1109) module 34, x 23.9558, y 36.1142, z 225.469
 33848284 (1039) module 32, x 21.0042, y 31.5308, z 200.469
 31606034 (968) module 30, x 18.1625, y 27.1025, z 176.531
 29487944 (895) module 28, x 15.1925, y 22.4825, z 151.531

Track #114, length 4
 35413011 (1089) module 33, x 0.0124998, y  32.05, z 213.531
 33313870 (1019) module 31, x 0.4525, y 28.805, z 188.531
 31214986 (947) module 29, x   0.81, y 25.5325, z 163.531
 29116614 (877) module 27, x 1.1125, y 22.2325, z 138.531

Track #115, length 4
 34386262 (1029) module 32, x 4.6625, y -28.365, z 201.531
 32284863 (958) module 30, x 3.74583, y -22.5992, z 176.531
 30044207 (885) module 28, x 2.7925, y -16.54, z 150.469
 27951769 (811) module 26, x 1.8025, y -10.71, z 125.469

Track #116, length 6
 34011333 (1042) module 32, x 22.2875, y -3.6875, z 200.469
 31911934 (969) module 30, x 19.1525, y -3.1925, z 175.469
 29371190 (896) module 28, x 16.1642, y -2.67083, z 151.531
 27276655 (821) module 26, x 13.0475, y -2.1575, z 126.531
 25182120 (749) module 24, x 9.9125, y -1.6075, z 101.531
 23087329 (671) module 22, x   6.75, y -1.1125, z 76.531

Track #117, length 8
 34011265 (1044) module 32, x 26.0275, y -3.715, z 200.469
 31912375 (973) module 30, x 23.0575, y -3.3025, z 175.469
 29813229 (901) module 28, x 20.0875, y -2.8625, z 150.469
 27275042 (828) module 26, x 17.255, y -2.4875, z 126.531
 25179992 (755) module 24, x 14.3125, y -2.0475, z 101.531
 23084686 (682) module 22, x 11.3425, y -1.635, z 76.531
 20989636 (603) module 20, x 8.3725, y -1.2225, z 51.531
 18894330 (537) module 18, x 5.4025, y  -0.81, z 26.531

Track #118, length 5
 34526379 (1048) module 32, x 34.995, y -23.69, z 201.531
 32026633 (977) module 30, x 27.6342, y -18.6208, z 175.469
 29961825 (902) module 28, x 20.5758, y -13.7992, z 150.469
 27898041 (822) module 26, x 13.4442, y -8.94083, z 125.469
 25169637 (744) module 24, x   6.53, y -4.3025, z 101.531

Track #119, length 9
 33455883 (982) module 31, x -30.2925, y 32.5175, z 188.531
 31344964 (908) module 29, x -27.35, y 29.3825, z 163.531
 29234301 (840) module 27, x -24.4075, y  26.22, z 138.531
 27123895 (772) module 25, x -21.465, y 23.0575, z 113.531
 25013233 (704) module 23, x -18.5225, y 19.8675, z 88.531
 22645807 (632) module 21, x -15.415, y 16.5675, z 62.469
 20562537 (562) module 19, x -12.4725, y 13.3775, z 37.469
 18479010 (522) module 17, x -9.52083, y 10.2242, z 12.469
 16395228 (471) module 15, x  -6.56, y 7.0525, z -12.531

Track #120, length 4
 33159410 (996) module 31, x -9.48417, y 5.80583, z 187.469
 30409929 (927) module 29, x -8.0975, y 4.8525, z 163.531
 28317667 (861) module 27, x -6.6675, y 3.8075, z 138.531
 26225150 (793) module 25, x -5.1825, y 2.8175, z 113.531

Track #121, length 6
 33331467 (1015) module 31, x -3.3425, y  32.49, z 188.531
 31232094 (942) module 29, x -2.88417, y 27.9158, z 163.531
 29132978 (873) module 27, x -2.4075, y 23.3325, z 138.531
 26902539 (798) module 25, x -1.9125, y 18.5475, z 112.469
 24807774 (728) module 23, x -1.4175, y 13.9825, z 87.469
 22712753 (655) module 21, x -0.977501, y 9.4175, z 62.469

Track #122, length 6
 32956722 (981) module 31, x -30.3725, y 2.4225, z 187.469
 30857861 (909) module 29, x -25.78, y 2.0375, z 162.469
 28759001 (841) module 27, x -21.1875, y 1.6525, z 137.469
 26232107 (774) module 25, x -16.7875, y 1.2775, z 113.531
 24136575 (708) module 23, x -12.1675, y 0.9475, z 88.531
 22041299 (639) module 21, x  -7.52, y 0.5625, z 63.531

Track #123, length 5
 34431758 (1038) module 32, x 14.5808, y -32.3342, z 201.531
 32325219 (967) module 30, x 12.5275, y -27.6775, z 176.531
 30218422 (894) module 28, x 10.4375, y -23.085, z 151.531
 25833824 (743) module 24, x 6.2575, y -13.8725, z 100.469
 23745969 (667) module 22, x   4.25, y -9.4175, z 75.469

Track #124, length 7
 34087358 (1049) module 32, x  35.49, y -8.7025, z 200.469
 32013525 (978) module 30, x 30.485, y -7.4375, z 175.469
 29939948 (906) module 28, x 25.4525, y -6.1725, z 150.469
 25172032 (759) module 24, x 15.605, y -3.7525, z 101.531
 23080603 (681) module 22, x   10.6, y -2.5425, z 76.531
 20989174 (597) module 20, x  5.595, y -1.3325, z 51.531
 15745244 (469) module 15, x -7.0525, y 1.5525, z -11.469

Track #125, length 6
 31750125 (972) module 30, x 20.0875, y  31.76, z 175.469
 29509155 (899) module 28, x 17.2275, y 27.1575, z 151.531
 27390042 (824) module 26, x 14.2025, y 22.345, z 126.531
 25270674 (750) module 24, x 11.1225, y 17.5325, z 101.531
 23151049 (676) module 22, x 8.06083, y 12.7292, z 76.531
 20635390 (577) module 19, x 3.2575, y  5.155, z 37.469

Track #126, length 7
 31993969 (979) module 30, x 34.6925, y -12.9375, z 175.469
 29917327 (907) module 28, x 30.2558, y -11.2692, z 150.469
 27840942 (832) module 26, x 25.8375, y -9.5825, z 125.469
 25763788 (761) module 24, x 21.4192, y -7.89583, z 100.469
 23687403 (689) module 22, x 16.955, y -6.2275, z 75.469
 20973685 (613) module 20, x  12.69, y -4.6325, z 51.531
 18884294 (545) module 18, x  8.235, y -2.9825, z 26.531

Track #127, length 6
 30689419 (910) module 29, x -25.4408, y -34.3542, z 162.469
 28621278 (842) module 27, x -20.885, y -28.1575, z 137.469
 26341168 (775) module 25, x -16.5125, y -22.2625, z 113.531
 24215171 (709) module 23, x -11.9108, y -16.0842, z 88.531
 22089430 (640) module 21, x -7.34583, y -9.92417, z 63.531
 21691874 (579) module 20, x -4.9625, y -6.695, z 50.469

Track #128, length 5
 31292235 (916) module 29, x -15.8825, y  28.97, z 163.531
 29183137 (848) module 27, x -13.2975, y  24.24, z 138.531
 27073784 (782) module 25, x -10.6575, y 19.4825, z 113.531
 24777299 (716) module 23, x -7.94417, y 14.5508, z 87.469
 22692266 (650) module 21, x  -5.35, y 9.8025, z 62.469

Track #129, length 5
 31218252 (946) module 29, x 0.1225, y 28.9425, z 163.531
 29121193 (876) module 27, x 0.1225, y   23.8, z 138.531
 26911757 (801) module 25, x 0.0675011, y 18.4375, z 112.469
 24814443 (731) module 23, x 0.0400009, y 13.2675, z 87.469
 22717385 (657) module 21, x 0.0125008, y 8.0975, z 62.469

Track #130, length 5
 30597152 (915) module 29, x -17.3742, y -35.6458, z 163.531
 28470360 (845) module 27, x -14.2758, y -29.2842, z 138.531
 26344337 (780) module 25, x -11.1408, y -22.9592, z 113.531
 24217802 (715) module 23, x -8.0425, y -16.5975, z 88.531
 21684190 (586) module 20, x -3.3125, y -6.9425, z 50.469

Track #131, length 6
 30269467 (904) module 28, x 21.4375, y -31.6375, z 151.531
 28157807 (830) module 26, x 18.3025, y -27.0175, z 126.531
 26046147 (757) module 24, x 15.1675, y -22.3975, z 101.531
 23710748 (684) module 22, x 11.9225, y -17.585, z 75.469
 21627760 (605) module 20, x 8.7875, y -12.965, z 50.469
 19545284 (539) module 18, x 5.6525, y -8.3725, z 25.469

Track #132, length 5
 28842307 (837) module 27, x -35.93, y 15.4675, z 137.469
 26778234 (769) module 25, x -28.835, y 12.4425, z 112.469
 24713650 (703) module 23, x -21.74, y 9.3625, z 87.469
 22649577 (633) module 21, x -14.6358, y 6.31917, z 62.469
 19931085 (566) module 19, x  -7.85, y 3.3675, z 38.531

Track #133, length 4
 28743463 (839) module 27, x -30.95, y -1.6475, z 137.469
 26648227 (771) module 25, x -24.13, y -1.2625, z 112.469
 24145180 (705) module 23, x -17.585, y  -0.95, z 88.531
 22046871 (635) module 21, x -10.82, y -0.6475, z 63.531

Track #134, length 7
 29186086 (846) module 27, x -13.9942, y 30.9958, z 138.531
 27081323 (779) module 25, x -12.3075, y  27.21, z 113.531
 24976304 (710) module 23, x -10.6025, y 23.4425, z 88.531
 22871796 (638) module 21, x -8.8975, y 19.675, z 63.531
 20586814 (567) module 19, x -7.1375, y 15.7425, z 37.469
 18497410 (524) module 17, x -5.45083, y 11.9842, z 12.469
 16408262 (478) module 15, x -3.76417, y 8.22583, z -12.531

Track #135, length 4
 29166889 (853) module 27, x -9.85083, y 30.8308, z 138.531
 27060643 (787) module 25, x -7.7425, y  24.13, z 113.531
 24788516 (721) module 23, x -5.515, y 17.1725, z 87.469
 22701725 (653) module 21, x -3.3425, y  10.49, z 62.469

Track #136, length 4
 27370365 (820) module 26, x 12.2775, y  18.11, z 126.531
 25253042 (748) module 24, x 9.3625, y 13.7375, z 101.531
 23135463 (670) module 22, x 6.41083, y 9.37417, z 76.531
 22739166 (661) module 21, x 4.72417, y 6.90583, z 62.469

Track #137, length 4
 28483426 (847) module 27, x -13.7258, y -32.0892, z 138.531
 26354072 (781) module 25, x -10.765, y -25.1225, z 113.531
 24224975 (717) module 23, x -7.7675, y -18.165, z 88.531
 21683666 (587) module 20, x  -3.23, y -7.6025, z 50.469

Track #138, length 4
 27702082 (834) module 26, x 29.465, y 0.107502, z 125.469
 25605047 (763) module 24, x  23.03, y 0.107502, z 100.469
 23092521 (688) module 22, x  16.87, y 0.0425, z 76.531
 20995486 (609) module 20, x 10.435, y 0.0425, z 51.531

Track #139, length 5
 28123178 (819) module 26, x 10.905, y -30.8125, z 126.531
 26017930 (747) module 24, x   9.09, y -25.505, z 101.531
 23912426 (672) module 22, x 7.1925, y -20.225, z 76.531
 21644113 (596) module 20, x 5.2675, y -14.6975, z 50.469
 19555761 (536) module 18, x 3.3975, y  -9.39, z 25.469

Track #140, length 4
 26916872 (804) module 25, x 1.1675, y 18.685, z 112.469
 24818506 (732) module 23, x 0.919998, y 15.0825, z 87.469
 22720395 (658) module 21, x 0.672501, y 11.5075, z 62.469
 20622284 (575) module 19, x 0.452499, y 7.9325, z 37.469

Track #141, length 4
 25977643 (739) module 24, x 0.3725, y -30.73, z 101.531
 23880096 (665) module 22, x 0.2625, y -24.295, z 76.531
 21667867 (591) module 20, x 0.115833, y -17.6308, z 50.469
 19571343 (532) module 18, x 0.0424995, y -11.2875, z 25.469

Track #142, length 5
 24402349 (702) module 23, x -23.58, y -33.4375, z 87.469
 22330355 (626) module 21, x -19.7575, y -28.02, z 62.469
 20052279 (560) module 19, x -16.1275, y -22.84, z 38.531
 17930108 (520) module 17, x -12.2958, y -17.4592, z 13.531
 15808193 (467) module 15, x  -8.51, y -12.0875, z -11.469

Track #143, length 4
 24915800 (733) module 23, x 2.4875, y 28.255, z 88.531
 22821328 (659) module 21, x 1.9375, y 21.655, z 63.531
 20626254 (576) module 19, x 1.3325, y 14.835, z 37.469
 18526404 (528) module 17, x 0.727501, y  8.345, z 12.469

Track #144, length 5
 22454559 (623) module 21, x -31.39, y -1.0975, z 62.469
 20358284 (558) module 19, x -25.395, y -0.932499, z 37.469
 18262266 (512) module 17, x -19.345, y -0.712502, z 12.469
 15754597 (462) module 15, x -13.5975, y -0.4825, z -11.469
 13656530 (408) module 13, x -7.575, y -0.2625, z -36.469

Track #145, length 4
 21829492 (608) module 20, x 10.3825, y -26.7425, z 51.531
 19722714 (544) module 18, x 8.1825, y -21.1325, z 26.531
 17446726 (500) module 16, x    5.9, y -15.3025, z  0.469
 15359916 (428) module 14, x 3.7275, y -9.6925, z -24.531

Track #146, length 4
 19954332 (563) module 19, x -10.545, y -1.6375, z 38.531
 17861669 (516) module 17, x -17.09, y -2.6275, z 13.531
 16151462 (456) module 15, x -23.965, y -3.6275, z -12.531
 14049583 (389) module 13, x -30.51, y -4.6175, z -37.531

Track #147, length 4
 17471480 (489) module 16, x 0.647499, y -5.485, z  0.469
 15370635 (424) module 14, x 1.4175, y -11.5075, z -24.531
 13270045 (359) module 12, x 2.1325, y -17.53, z -49.531
 11309234 (301) module 10, x 2.8475, y -23.305, z -73.469

Track #148, length 4
 17443575 (502) module 16, x 6.62417, y -5.53083, z  0.469
 15313033 (447) module 14, x 13.875, y -11.6175, z -24.531
 13182234 (385) module 12, x 21.0892, y -17.6858, z -49.531
 11425198 (324) module 10, x 28.0192, y -23.5158, z -73.469

Track #149, length 4
 16393978 (470) module 15, x -6.835, y 5.4025, z -12.531
 14275254 (403) module 13, x -11.5742, y 9.10583, z -37.531
 12156275 (332) module 11, x -16.2675, y 12.8275, z -62.531
 10382264 (265) module  9, x -29.1925, y 23.0025, z -131.219

Track #150, length 6
 15746553 (474) module 15, x -5.4575, y 1.2775, z -11.469
 13647838 (410) module 13, x -6.9425, y 1.6075, z -36.469
 11549122 (340) module 11, x -8.455, y 1.9375, z -61.469
  9447286 (273) module  9, x -12.6625, y 2.9275, z -131.219
  7345450 (218) module  7, x -16.8425, y 3.9175, z -200.969
  5246478 (162) module  5, x -18.355, y 4.3025, z -225.969

Track #151, length 4
 16401629 (475) module 15, x -5.2125, y 6.9975, z -12.531
 14287236 (407) module 13, x -8.8975, y 11.865, z -37.531
 12173355 (336) module 11, x -12.5825, y  16.76, z -62.531
 10352437 (267) module  9, x -22.7025, y  30.18, z -131.219

Track #152, length 4
 15735805 (476) module 15, x -5.20083, y 3.56917, z -11.469
 14277069 (404) module 13, x -11.1892, y 7.84083, z -37.531
 12152962 (331) module 11, x -16.9825, y 11.975, z -62.531
 10398385 (263) module  9, x -32.685, y 23.3875, z -131.219

Track #153, length 8
 15386366 (422) module 14, x -1.9375, y -5.1825, z -24.531
 13294028 (356) module 12, x -2.9825, y -7.905, z -49.531
 11201691 (298) module 10, x -4.0275, y -10.6275, z -74.531
  9538793 (287) module  9, x -6.3375, y -16.8175, z -131.219
  7476405 (231) module  7, x -9.1975, y -24.4075, z -200.969
  5391778 (174) module  5, x -10.2425, y -27.1025, z -225.969
  3307407 (108) module  3, x -11.2875, y -29.8525, z -250.969
  1222780 (45) module  1, x -12.2958, y -32.5842, z -275.969

Track #154, length 4
 15365333 (425) module 14, x 2.53583, y -7.41917, z -24.531
 13259894 (364) module 12, x 4.3325, y -12.6625, z -49.531
 11154454 (305) module 10, x 6.0925, y -17.915, z -74.531
  9249038 (257) module  8, x 10.9325, y -32.3525, z -143.219

Track #155, length 6
 15365101 (426) module 14, x 2.60917, y -6.08083, z -24.531
 13261748 (362) module 12, x 3.9475, y -9.2525, z -49.531
 11158394 (303) module 10, x 5.2675, y -12.415, z -74.531
  9240029 (254) module  8, x 8.8425, y -20.9675, z -143.219
  7159102 (205) module  6, x 12.4725, y -29.685, z -212.969
  5067781 (145) module  4, x 13.7375, y -32.82, z -237.969

Track #156, length 8
 14697209 (429) module 14, x 5.4575, y -1.4425, z -23.469
 12598241 (367) module 12, x 6.7775, y -1.8275, z -48.469
 10499529 (311) module 10, x 8.0975, y -2.1575, z -73.469
  8397701 (259) module  8, x  11.81, y -3.1475, z -143.219
  6295873 (208) module  6, x  15.55, y -4.1375, z -212.969
  4197161 (148) module  4, x 16.8975, y -4.4675, z -237.969
  2098193 (85) module  2, x 18.2175, y -4.8525, z -262.969
   606462 (23) module  0, x 19.6225, y -5.1825, z -289.031

Track #157, length 4
 14682320 (435) module 14, x 7.7125, y -4.605, z -23.469
 13224921 (372) module 12, x 11.9775, y  -7.19, z -49.531
 11108268 (314) module 10, x 16.1208, y -9.67417, z -74.531
  8957997 (261) module  8, x 27.6525, y -16.65, z -144.281

Track #158, length 8
 14341885 (418) module 13, x 2.8175, y 5.21917, z -37.531
 12247274 (351) module 11, x 3.3675, y 6.2825, z -62.531
 10157745 (295) module  9, x 5.0175, y 9.4175, z -132.281
  8457981 (245) module  8, x 5.2375, y  9.915, z -143.219
  6375647 (194) module  6, x 6.8875, y 13.0775, z -212.969
  4283604 (134) module  4, x 7.4925, y 14.1775, z -237.969
  2191817 (73) module  2, x 8.0975, y 15.3325, z -262.969
    99774 (12) module  0, x 8.7025, y 16.4325, z -287.969

Track #159, length 7
 14294760 (409) module 13, x -7.3025, y 6.3925, z -37.531
 12183992 (337) module 11, x -10.3275, y 9.0325, z -62.531
 10047281 (268) module  9, x -18.7608, y 16.4392, z -132.281
  8275114 (213) module  7, x -27.0475, y 23.745, z -200.969
  6191994 (154) module  5, x -30.0725, y 26.385, z -225.969
  4108618 (89) module  3, x -33.0425, y 29.0525, z -250.969
  2025498 (27) module  1, x -36.0675, y 31.6925, z -275.969

Track #160, length 7
 13674996 (413) module 13, x -5.71417, y -4.24083, z -36.469
 11586249 (341) module 11, x -8.0975, y -6.0375, z -61.469
  9511759 (270) module  9, x -14.8075, y -11.0425, z -131.219
  7705297 (216) module  7, x  -21.6, y -16.1125, z -202.031
  5599654 (158) module  5, x -23.9925, y  -17.9, z -227.031
  3494266 (94) module  3, x -26.385, y -19.6875, z -252.031
  1388623 (31) module  1, x -28.7775, y -21.5025, z -277.031

Track #161, length 7
 14323696 (415) module 13, x -1.0875, y 5.9525, z -37.531
 12225241 (349) module 11, x -1.3625, y 7.2175, z -62.531
 10124952 (291) module  9, x -2.0225, y 10.7925, z -132.281
  8024663 (238) module  7, x -2.6825, y 14.3675, z -202.031
  5926464 (185) module  5, x -2.9025, y 15.6325, z -227.031
  3828264 (121) module  3, x -3.1225, y 16.925, z -252.031
  1729809 (59) module  1, x  -3.37, y 18.2175, z -277.031

Track #162, length 6
 13286910 (357) module 12, x -1.4425, y -5.1825, z -49.531
 11191773 (299) module 10, x -1.8825, y -6.9975, z -74.531
  9100674 (240) module  8, x -3.2025, y -12.0025, z -144.281
  7009830 (186) module  6, x -4.5775, y -17.035, z -214.031
  4914694 (124) module  4, x -5.0175, y -18.8225, z -239.031
  1171955 (57) module  1, x -5.7875, y -21.4925, z -275.969

Track #163, length 7
 12590582 (366) module 12, x  5.595, y -3.4775, z -48.469
 10487763 (310) module 10, x 7.5475, y -4.6875, z -73.469
  9025480 (260) module  8, x 13.0775, y -8.1525, z -144.281
  6902923 (211) module  6, x 18.5225, y -11.5075, z -214.031
  4796789 (150) module  4, x 20.4475, y -12.7175, z -239.031
  2690399 (88) module  2, x   22.4, y -13.9275, z -264.031
   584777 (26) module  0, x 24.3525, y -15.1375, z -289.031

Track #164, length 6
 11587817 (343) module 11, x -6.3375, y -6.3675, z -61.469
  9514122 (275) module  9, x -11.5625, y -11.565, z -131.219
  7441194 (219) module  7, x -16.8425, y -16.7625, z -200.969
  5352712 (161) module  5, x -18.7125, y -18.6325, z -225.969
  3490274 (96) module  3, x -20.6925, y -20.5675, z -252.031
  1384384 (33) module  1, x -22.5625, y -22.41, z -277.031

Track #165, length 6
 11589115 (347) module 11, x -5.3475, y -6.6425, z -61.469
  9516715 (279) module  9, x -9.7475, y -12.0875, z -131.219
  7444826 (223) module  7, x -14.1842, y -17.5508, z -200.969
  5356862 (165) module  5, x -15.7425, y -19.5125, z -225.969
  3268641 (99) module  3, x -17.3375, y -21.465, z -250.969
  1180164 (36) module  1, x -18.9325, y -23.4175, z -275.969

Track #166, length 6
 11562726 (342) module 11, x -6.5025, y -0.9775, z -61.469
  9469317 (274) module  9, x -11.8375, y -1.8025, z -131.219
  7375908 (217) module  7, x -17.1725, y -2.6275, z -200.969
  5280001 (160) module  5, x -19.0975, y -2.9025, z -225.969
  3570651 (95) module  3, x -21.0775, y -3.1875, z -252.031
  1471928 (32) module  1, x -23.0025, y  -3.49, z -277.031

Track #167, length 6
 11158267 (304) module 10, x 5.3225, y -5.3475, z -74.531
  9043895 (255) module  8, x   9.09, y -9.0875, z -144.281
  6929267 (206) module  6, x 12.8575, y -12.8275, z -214.031
  4825947 (146) module  4, x 14.1775, y -14.1475, z -239.031
  2722627 (83) module  2, x 15.4975, y -15.4675, z -264.031
   619051 (22) module  0, x 16.8725, y -16.7875, z -289.031

Track #168, length 4
 11163536 (302) module 10, x 4.1675, y -11.205, z -74.531
  9234923 (252) module  8, x   7.77, y -20.1975, z -143.219
  7153734 (203) module  6, x 11.345, y -29.2725, z -212.969
  5062411 (143) module  4, x  12.61, y -32.5175, z -237.969

Track #169, length 6
 10555628 (306) module 10, x 6.1725, y 9.9975, z -73.469
  8491931 (256) module  8, x 10.6275, y 17.2025, z -143.219
  6427723 (207) module  6, x 15.0275, y 24.435, z -212.969
  4342830 (147) module  4, x 16.595, y 27.0475, z -237.969
  2257682 (84) module  2, x 18.1625, y 29.6325, z -262.969
   290290 (24) module  0, x 19.8125, y 32.3375, z -289.031

Track #170, length 6
 10528485 (309) module 10, x 6.5575, y 4.0575, z -73.469
  8444816 (258) module  8, x 11.205, y 6.9725, z -143.219
  6360380 (209) module  6, x 15.8525, y 9.8325, z -212.969
  4267806 (149) module  4, x 17.5025, y 10.8225, z -237.969
  2482173 (87) module  2, x 19.2075, y 11.8775, z -264.031
   380127 (25) module  0, x 20.8575, y 12.9225, z -289.031

Track #171, length 5
  9447316 (277) module  9, x -11.0125, y 2.9275, z -131.219
  7344182 (220) module  7, x -16.155, y 4.1925, z -200.969
  5244692 (163) module  5, x -18.025, y 4.6875, z -225.969
  3750655 (97) module  3, x -19.9525, y 5.1275, z -252.031
  1645048 (34) module  1, x -21.7675, y 5.5125, z -277.031

Track #172, length 5
  9476519 (278) module  9, x -9.9675, y -3.3425, z -131.219
  7387214 (222) module  7, x -14.835, y -5.0475, z -200.969
  5292846 (164) module  5, x -16.595, y -5.6525, z -225.969
  3198479 (98) module  3, x -18.3275, y -6.2575, z -250.969
  1456363 (35) module  1, x -20.17, y -6.8725, z -277.031

Track #173, length 5
  9525961 (281) module  9, x -8.0975, y -14.0675, z -131.219
  7458182 (226) module  7, x -11.7825, y -20.42, z -200.969
  5371758 (168) module  5, x -13.1025, y -22.7025, z -225.969
  3284566 (102) module  3, x -14.4225, y -24.9575, z -250.969
  1197885 (39) module  1, x -15.7792, y -27.2308, z -275.969

Track #174, length 5
  9449933 (282) module  9, x -7.8775, y 2.3775, z -131.219
  7345009 (224) module  7, x -12.9375, y 4.0275, z -200.969
  5245009 (166) module  5, x -14.6975, y  4.605, z -225.969
  3766525 (100) module  3, x -16.5425, y 5.2375, z -252.031
  1660914 (37) module  1, x -18.3575, y 5.8425, z -277.031

Track #175, length 5
  9480917 (283) module  9, x -7.4375, y -4.305, z -131.219
  7392920 (228) module  7, x -10.7925, y -6.2575, z -200.969
  5299074 (170) module  5, x -12.0025, y -6.9725, z -225.969
  3205228 (104) module  3, x -13.2125, y -7.6875, z -250.969
  1111382 (41) module  1, x -14.4225, y -8.4025, z -275.969

Track #176, length 5
  9468893 (286) module  9, x -6.9975, y -1.6925, z -131.219
  7374258 (230) module  7, x -9.32583, y -2.27917, z -200.969
  5278115 (176) module  5, x -10.16, y -2.4625, z -225.969
  3181972 (111) module  3, x -10.985, y -2.6825, z -250.969
  1085829 (49) module  1, x -11.8375, y -2.9025, z -275.969

Track #177, length 5
  9484793 (288) module  9, x -5.4575, y -5.1025, z -131.219
  7402426 (232) module  7, x -8.895, y -8.2925, z -200.969
  5310116 (177) module  5, x -10.1325, y -9.4475, z -225.969
  3218318 (107) module  3, x -11.3425, y -10.6025, z -250.969
  1126520 (44) module  1, x -12.5525, y -11.7575, z -275.969

Track #178, length 5
 10071541 (272) module  9, x -13.6275, y 5.6775, z -132.281
  7934901 (215) module  7, x -22.0975, y 9.1975, z -202.031
  5823902 (157) module  5, x -25.15, y 10.4625, z -227.031
  3712647 (93) module  3, x -28.175, y 11.7275, z -252.031
  1601392 (30) module  1, x -31.2275, y 12.9925, z -277.031

Track #179, length 5
  9492163 (280) module  9, x -8.4275, y -6.725, z -131.219
  7408510 (225) module  7, x -12.2225, y  -9.75, z -200.969
  5316453 (167) module  5, x -13.5975, y -10.8225, z -225.969
  3224396 (101) module  3, x -14.9725, y -11.9225, z -250.969
  1132339 (38) module  1, x -16.3475, y -13.0225, z -275.969

Track #180, length 5
  9496791 (284) module  9, x -7.3275, y -7.6875, z -131.219
  7416722 (227) module  7, x -11.0858, y -11.5192, z -200.969
  5326201 (169) module  5, x -12.47, y -12.9125, z -225.969
  3235680 (103) module  3, x -13.8725, y -14.3425, z -250.969
  1145158 (40) module  1, x -15.275, y -15.7725, z -275.969

Track #181, length 5
 10100713 (285) module  9, x  -7.22, y 6.3375, z -132.281
  7988920 (229) module  7, x -10.4925, y 9.0325, z -202.031
  5886120 (171) module  5, x -11.7025, y 9.9125, z -227.031
  3783319 (105) module  3, x -12.9125, y 10.8475, z -252.031
  1680518 (42) module  1, x -14.1225, y 11.7825, z -277.031

Track #182, length 5
  9463037 (289) module  9, x -5.2375, y -0.4275, z -131.219
  7366850 (233) module  7, x -8.4825, y -0.675, z -200.969
  5270188 (178) module  5, x -9.665, y -0.7575, z -225.969
  3173527 (112) module  3, x -10.8475, y -0.8675, z -250.969
  1076610 (47) module  1, x -12.0025, y -0.9225, z -275.969

Track #183, length 5
  9087715 (243) module  8, x -0.397499, y -6.6675, z -144.281
  6992500 (188) module  6, x -0.837498, y -12.7725, z -214.031
  4895820 (126) module  4, x -0.947498, y -14.9725, z -239.031
  2799396 (64) module  2, x -1.1125, y -17.145, z -264.031
   804604 (1) module  0, x -1.2225, y -19.2625, z -287.969

Track #184, length 5
  8454138 (246) module  8, x 5.4025, y   8.98, z -143.219
  6374097 (196) module  6, x 7.6575, y 12.7475, z -212.969
  4283330 (136) module  4, x 8.4825, y 14.1225, z -237.969
  2192563 (75) module  2, x   9.28, y 15.4975, z -262.969
   101541 (14) module  0, x 10.0775, y 16.8175, z -287.969

Track #185, length 5
  9058299 (247) module  8, x 5.9275, y -5.3475, z -144.281
  6948559 (198) module  6, x 8.6225, y -7.7675, z -214.031
  4847551 (138) module  4, x 9.5575, y -8.6475, z -239.031
  2745775 (77) module  2, x 10.5475, y -9.5275, z -264.031
   644255 (16) module  0, x 11.4825, y -10.4075, z -289.031

Track #186, length 5
  9052922 (249) module  8, x 7.0825, y -5.4025, z -144.281
  6942162 (200) module  6, x 10.0708, y -7.58417, z -214.031
  4840132 (140) module  4, x 11.1525, y -8.3725, z -239.031
  2737845 (79) module  2, x 12.2525, y -9.1975, z -264.031
   635558 (18) module  0, x 13.3525, y -10.0225, z -289.031

Track #187, length 5
  8478671 (251) module  8, x 7.7675, y 14.3425, z -143.219
  6409621 (202) module  6, x 10.9575, y 20.3925, z -212.969
  4322432 (142) module  4, x 12.1125, y 22.5375, z -237.969
  2234730 (81) module  2, x 13.3042, y 24.7008, z -262.969
   147797 (20) module  0, x 14.4775, y 26.8825, z -287.969

Track #188, length 5
  9047531 (253) module  8, x 8.2375, y -6.2275, z -144.281
  6934715 (204) module  6, x 11.6658, y -8.84917, z -214.031
  4831914 (144) module  4, x 12.9125, y -9.775, z -239.031
  2729113 (82) module  2, x 14.1225, y -10.71, z -264.031
   626057 (21) module  0, x 15.3875, y -11.6175, z -289.031

Track #189, length 5
  9091764 (242) module  8, x -1.305, y -9.2525, z -144.281
  6997845 (187) module  6, x  -2.02, y -14.4775, z -214.031
  4901939 (125) module  4, x -2.2675, y -16.32, z -239.031
  2805778 (63) module  2, x -2.515, y -18.1625, z -264.031
   797423 (0) module  0, x -2.7625, y -19.95, z -287.969

Track #190, length 5
  8406781 (244) module  8, x   5.21, y -1.2225, z -143.219
  6306248 (197) module  6, x 8.1525, y -1.9375, z -212.969
  4208052 (137) module  4, x  9.225, y -2.1575, z -237.969
  2109601 (76) module  2, x 10.2975, y -2.4325, z -262.969
    11150 (15) module  0, x 11.3425, y  -2.68, z -287.969

Track #191, length 5
  9055973 (248) module  8, x  6.395, y -6.5575, z -144.281
  6946997 (199) module  6, x   8.98, y -9.1975, z -214.031
  4845732 (139) module  4, x  9.915, y -10.1325, z -239.031
  2744212 (78) module  2, x 10.8775, y -11.0125, z -264.031
   642692 (17) module  0, x 11.8125, y -11.8925, z -289.031

Track #192, length 5
  8403923 (250) module  8, x 7.5475, y   -1.8, z -143.219
  6303640 (201) module  6, x 10.7925, y -2.4875, z -212.969
  4205443 (141) module  4, x 11.9475, y -2.7075, z -237.969
  2107245 (80) module  2, x 13.1575, y   -2.9, z -262.969
     9303 (19) module  0, x 14.3675, y -3.0925, z -287.969

Track #193, length 4
  7381225 (234) module  7, x -6.3375, y -3.7275, z -200.969
  5286107 (179) module  5, x  -7.08, y -4.1675, z -225.969
  3190990 (113) module  3, x -7.8225, y -4.6075, z -250.969
  1096128 (52) module  1, x -8.565, y -5.1025, z -275.969

Track #194, length 4
  7399929 (236) module  7, x -5.4575, y -7.7425, z -200.969
  5307883 (180) module  5, x -6.2275, y -8.8425, z -225.969
  3215070 (114) module  3, x -6.9425, y -9.8875, z -250.969
  1122768 (53) module  1, x -7.7125, y -10.96, z -275.969

Track #195, length 4
  7351031 (235) module  7, x -5.5675, y 2.7625, z -200.969
  5252332 (181) module  5, x -6.1725, y 3.0925, z -225.969
  3153889 (115) module  3, x -6.7775, y 3.3675, z -250.969
  1055189 (54) module  1, x -7.4375, y 3.6975, z -275.969

Track #196, length 4
  6979839 (190) module  6, x 1.9125, y -5.1275, z -214.031
  4881653 (128) module  4, x  2.105, y -5.6775, z -239.031
  2783723 (66) module  2, x 2.2975, y -6.2275, z -264.031
   685793 (4) module  0, x 2.4625, y  -6.75, z -289.031

Track #197, length 4
  6439412 (191) module  6, x 5.7325, y  26.91, z -212.969
  4355817 (131) module  4, x 6.3375, y 29.7975, z -237.969
  2271966 (70) module  2, x 6.9425, y 32.685, z -262.969
   188371 (9) module  0, x 7.5475, y   35.6, z -287.969

Track #198, length 4
  6355933 (195) module  6, x 6.9975, y 8.7325, z -212.969
  4262607 (135) module  4, x 7.7675, y  9.695, z -237.969
  2170050 (74) module  2, x 8.4825, y 10.6575, z -262.969
    77493 (13) module  0, x 9.1975, y 11.6475, z -287.969

Track #199, length 4
  6991856 (189) module  6, x -0.672501, y -5.9525, z -214.031
  4894951 (127) module  4, x -0.727501, y -6.4475, z -239.031
  2798046 (65) module  2, x -0.782501, y -6.9425, z -264.031
   701141 (2) module  0, x -0.837498, y -7.4375, z -289.031

Track #200, length 4
  6961896 (192) module  6, x 5.74417, y -6.37417, z -214.031
  4861916 (132) module  4, x   6.34, y -7.0525, z -239.031
  2761936 (71) module  2, x 6.9725, y -7.7125, z -264.031
   661955 (11) module  0, x 7.5775, y   -8.4, z -289.031

Track #201, length 3
 53119982 (1701) module 50, x 1.3075, y -6.0625, z 738.469
 51023349 (1623) module 48, x 1.1975, y -5.6775, z 693.469
 48926459 (1543) module 46, x 1.1425, y -5.3475, z 648.469

Track #202, length 3
 52079894 (1692) module 49, x 0.5625, y 17.9425, z 705.469
 49981239 (1613) module 47, x 0.232498, y   16.1, z 660.469
 47882840 (1534) module 45, x -0.0424995, y 14.3125, z 615.469

Track #203, length 3
 50872416 (1647) module 48, x 33.8125, y -13.8725, z 693.469
 48786025 (1569) module 46, x 31.5025, y -13.3775, z 648.469
 46700147 (1485) module 44, x 29.0825, y  -12.8, z 603.469

Track #204, length 3
 46674377 (1487) module 44, x  34.61, y -8.0975, z 603.469
 44625597 (1400) module 42, x 24.2425, y -8.7575, z 484.921
 42566837 (1321) module 40, x 15.8825, y -9.1975, z 389.411

Track #205, length 3
 34604738 (1076) module 33, x -8.4825, y 4.7425, z 213.531
 32510681 (1007) module 31, x -7.2175, y 4.0825, z 188.531
 30416367 (938) module 29, x  -5.98, y 3.4775, z 163.531

Track #206, length 3
 29001865 (874) module 27, x -1.4725, y  11.59, z 137.469
 26906551 (799) module 25, x -1.0875, y   9.06, z 112.469
 24810726 (729) module 23, x -0.785, y 6.5025, z 87.469

Track #207, length 3
 27887681 (827) module 26, x 15.635, y -15.5775, z 125.469
 25808776 (753) module 24, x 11.7575, y -11.6725, z 100.469
 23729101 (674) module 22, x 7.88917, y -7.84083, z 75.469

Track #208, length 3
 25529541 (762) module 24, x 22.2508, y 16.4242, z 100.469
 23144261 (687) module 22, x  15.33, y 11.2625, z 76.531
 21022921 (602) module 20, x 8.07917, y 5.94583, z 51.531

Track #209, length 3
 25476770 (765) module 24, x 24.1758, y 27.8642, z 100.469
 23186713 (691) module 22, x 17.7592, y 20.4108, z 76.531
 21053586 (612) module 20, x 11.1146, y 12.6768, z 51.531

Track #210, length 3
 25723428 (767) module 24, x 30.1458, y -17.1542, z 100.469
 23671433 (693) module 22, x 20.3925, y -11.59, z 75.469
 21619694 (611) module 20, x  10.63, y -6.0625, z 50.469

Track #211, length 3
 23474686 (692) module 22, x 19.125, y 7.2575, z 75.469
 21020505 (614) module 20, x  14.23, y 5.4325, z 51.531
 18914231 (547) module 18, x 9.0875, y 3.4525, z 26.531

Track #212, length 3
 16790772 (499) module 16, x 5.69583, y -2.19417, z  1.531
 14681980 (445) module 14, x 12.305, y -4.6875, z -23.469
 13191639 (383) module 12, x 19.1275, y   -7.3, z -49.531

Track #213, length 3
 16900743 (506) module 16, x 11.7275, y 21.575, z  1.531
 14835519 (448) module 14, x  15.66, y  28.56, z -23.469
 12857074 (384) module 12, x 19.7758, y 35.7842, z -49.531

Track #214, length 3
 15770814 (466) module 15, x -8.66583, y -3.98417, z -11.469
 13687116 (399) module 13, x -14.945, y -6.8625, z -36.469
 11928020 (328) module 11, x -21.4625, y  -9.87, z -62.531

Track #215, length 3
 15799697 (463) module 15, x -11.1592, y -10.2908, z -11.469
 13736960 (396) module 13, x -19.1525, y -17.725, z -36.469
 11856231 (326) module 11, x -27.4392, y -25.4808, z -62.531

Track #216, length 3
 16375235 (464) module 15, x -10.9508, y 8.40917, z -12.531
 14242392 (397) module 13, x -18.6142, y 14.2758, z -37.531
 12464368 (327) module 11, x -25.9842, y 19.8858, z -61.469

Track #217, length 3
 15371694 (423) module 14, x 1.1975, y -9.555, z -24.531
 13271635 (358) module 12, x 1.8025, y -14.56, z -49.531
 11307002 (300) module 10, x 2.37083, y -19.3542, z -73.469

Track #218, length 3
 14733472 (442) module 14, x 10.3342, y 6.38583, z -23.469
 12657431 (380) module 12, x  17.86, y 11.0425, z -48.469
 10852231 (321) module 10, x  25.67, y 15.8375, z -74.531

Track #219, length 3
 15335166 (437) module 14, x 9.13125, y -5.155, z -24.531
 13208569 (377) module 12, x 15.4975, y -5.4575, z -49.531
 11081716 (319) module 10, x  21.85, y -5.7325, z -74.531

Track #220, length 3
 15334741 (439) module 14, x    9.2, y -14.45, z -24.531
 13456846 (373) module 12, x 13.8292, y -21.7558, z -48.469
 11382085 (317) module 10, x 18.6325, y  -29.3, z -73.469

Track #221, length 3
 13642878 (401) module 13, x -12.1858, y 2.63417, z -36.469
 11540769 (330) module 11, x -17.3375, y 3.6975, z -61.469
  9987041 (264) module  9, x -31.8875, y 6.7775, z -132.281

Track #222, length 3
 13669534 (405) module 13, x -10.4625, y -3.0675, z -36.469
 11578446 (333) module 11, x -14.8625, y -4.3875, z -61.469
  9838955 (266) module  9, x -27.2375, y  -8.11, z -132.281

Track #223, length 3
  9493330 (271) module  9, x -14.615, y -6.9725, z -131.219
  7726253 (214) module  7, x -23.6075, y -11.575, z -202.031
  5621618 (156) module  5, x -26.825, y -13.1975, z -227.031

Track #224, length 3
  8023937 (237) module  7, x -2.8475, y 12.0575, z -202.031
  5926253 (184) module  5, x -2.9575, y 13.1575, z -227.031
  3828312 (120) module  3, x -3.1225, y 14.3125, z -252.031

