Track #0, length 11
 54002774 (1350) module 51, x -37.1125, y 14.4225, z 750.469
 51916904 (1282) module 49, x -34.665, y 13.4325, z 705.469
 49831033 (1213) module 47, x -32.245, y 12.4975, z 660.469
 47745418 (1138) module 45, x -29.7975, y 11.5625, z 615.469
 45678008 (1070) module 43, x -23.39, y 9.0325, z 496.921
 43604700 (1009) module 41, x -18.1925, y  7.025, z 401.411
 41527033 (949) module 39, x -13.9942, y 5.43917, z 324.463
 38801818 (890) module 37, x -10.6825, y 4.1375, z 263.531
 36706994 (825) module 35, x -9.3625, y  3.615, z 238.531
 34612426 (755) module 33, x -8.0425, y 3.0925, z 213.531
 32517601 (695) module 31, x  -6.75, y 2.5975, z 188.531

Track #1, length 15
 54025777 (1351) module 51, x -32.1625, y 16.4575, z 750.469
 51936834 (1284) module 49, x -30.375, y 15.5225, z 705.469
 49848403 (1214) module 47, x -28.5325, y 14.5875, z 660.469
 47759716 (1140) module 45, x -26.7175, y 13.6525, z 615.469
 45684368 (1071) module 43, x -21.9325, y 11.2325, z 496.921
 43605172 (1010) module 41, x -18.0825, y 9.2525, z 401.411
 41522385 (946) module 39, x -15.0025, y 7.6575, z 324.463
 39436776 (886) module 37, x  -12.5, y 6.3925, z 262.469
 37344497 (821) module 35, x -11.4825, y 5.8975, z 237.469
 35251962 (751) module 33, x -10.4925, y  5.375, z 212.469
 32506799 (685) module 31, x -9.5275, y   4.88, z 188.531
 30412225 (626) module 29, x -8.5375, y 4.3575, z 163.531
 28317396 (570) module 27, x -7.4925, y 3.8625, z 138.531
 26222566 (519) module 25, x -6.5025, y   3.34, z 113.531
 24127992 (470) module 23, x -5.485, y 2.8175, z 88.531

Track #2, length 11
 53744514 (1355) module 51, x -25.9725, y -37.2875, z 750.469
 51658657 (1288) module 49, x -24.2675, y -34.8675, z 705.469
 49572799 (1218) module 47, x -22.6175, y -32.4475, z 660.469
 47486942 (1145) module 45, x -20.9125, y -30.0275, z 615.469
 45221424 (1076) module 43, x -16.5125, y -23.665, z 497.982
 43100786 (1016) module 41, x -12.8825, y -18.495, z 402.473
 40984230 (956) module 39, x -10.0225, y -14.315, z 325.525
 38871505 (900) module 37, x -7.6575, y -10.9325, z 263.531
 36767970 (836) module 35, x -6.7225, y -9.5575, z 238.531
 34665203 (767) module 33, x -5.7875, y -8.2375, z 213.531
 32174828 (647) module 30, x -4.3575, y -6.1725, z 175.469

Track #3, length 13
 53859740 (1356) module 51, x -24.5425, y  -12.4, z 750.469
 51765941 (1290) module 49, x -23.1675, y -11.7125, z 705.469
 49672142 (1219) module 47, x -21.7925, y -10.9975, z 660.469
 47578343 (1146) module 45, x -20.4175, y -10.2825, z 615.469
 45151787 (1075) module 43, x -16.7875, y -8.4575, z 497.982
 43047777 (1013) module 41, x -13.8175, y -6.9725, z 402.473
 40945036 (951) module 39, x -11.4525, y -5.7625, z 325.525
 38843310 (891) module 37, x -9.5825, y -4.7725, z 263.531
 36744380 (826) module 35, x -8.8125, y -4.3875, z 238.531
 34645450 (756) module 33, x -8.0425, y -4.0025, z 213.531
 32546520 (692) module 31, x -7.2725, y -3.6175, z 188.531
 30447590 (631) module 29, x -6.5025, y -3.2325, z 163.531
 28348660 (574) module 27, x -5.7325, y -2.8475, z 138.531

Track #4, length 13
 53866421 (1358) module 51, x -23.1675, y -10.97, z 750.469
 51772364 (1292) module 49, x -21.875, y -10.3375, z 705.469
 49677540 (1221) module 47, x -20.5825, y -9.7325, z 660.469
 47583228 (1148) module 45, x -19.2625, y -9.1275, z 615.469
 45147196 (1078) module 43, x -15.825, y -7.4675, z 497.982
 43043951 (1015) module 41, x -13.0475, y -6.1475, z 402.473
 40941976 (953) module 39, x -10.7925, y -5.1025, z 325.525
 38840761 (893) module 37, x -8.9775, y  -4.25, z 263.531
 36742086 (828) module 35, x -8.2625, y -3.8925, z 238.531
 34643411 (759) module 33, x -7.5475, y -3.5625, z 213.531
 32544736 (694) module 31, x -6.8325, y -3.2325, z 188.531
 30446061 (633) module 29, x -6.1175, y -2.9025, z 163.531
 28347130 (577) module 27, x -5.375, y -2.545, z 138.531

Track #5, length 12
 53884872 (1360) module 51, x -22.1225, y -6.9275, z 750.469
 51789534 (1294) module 49, x -20.885, y -6.5425, z 705.469
 49694197 (1223) module 47, x -19.6475, y -6.1575, z 660.469
 47236366 (1150) module 45, x -18.3825, y -5.7625, z 616.531
 45134410 (1080) module 43, x -15.0825, y -4.745, z 497.982
 43033466 (1018) module 41, x -12.4425, y -3.8925, z 402.473
 40933281 (955) module 39, x -10.2975, y -3.2325, z 325.525
 38833857 (895) module 37, x -8.5375, y -2.7375, z 263.531
 36735693 (831) module 35, x  -7.85, y -2.5175, z 238.531
 34637530 (761) module 33, x -7.1625, y -2.2975, z 213.531
 32539367 (697) module 31, x -6.4475, y -2.0775, z 188.531
 30441204 (636) module 29, x -5.7325, y -1.8575, z 163.531

Track #6, length 12
 53903851 (1365) module 51, x -20.1975, y -2.8575, z 750.469
 51416322 (1298) module 49, x -19.0425, y -2.6825, z 706.531
 49318423 (1227) module 47, x -17.86, y -2.5175, z 661.531
 47220524 (1152) module 45, x -16.7325, y -2.3525, z 616.531
 45121378 (1082) module 43, x -13.7625, y  -1.94, z 497.982
 43022734 (1020) module 41, x -11.3425, y -1.5825, z 402.473
 40924338 (959) module 39, x -9.3625, y -1.3075, z 325.525
 38826190 (899) module 37, x -7.8225, y -1.0875, z 263.531
 36728538 (834) module 35, x -7.1625, y -1.005, z 238.531
 34631141 (764) module 33, x -6.5575, y -0.9225, z 213.531
 32533488 (700) module 31, x -5.925, y -0.8125, z 188.531
 30436092 (639) module 29, x -5.2925, y -0.7575, z 163.531

Track #7, length 11
 54372119 (1367) module 51, x -18.3025, y 31.8575, z 751.531
 52269629 (1300) module 49, x -17.1475, y 29.7675, z 706.531
 50166883 (1229) module 47, x -15.9375, y 27.6775, z 661.531
 48064392 (1154) module 45, x -14.7825, y 25.615, z 616.531
 45952748 (1086) module 43, x -11.6475, y 20.1425, z 497.982
 43646783 (1026) module 41, x  -9.09, y 15.6875, z 401.411
 41558911 (966) module 39, x -7.0275, y 12.1675, z 324.463
 39469235 (908) module 37, x -5.4325, y   9.28, z 262.469
 37375176 (842) module 35, x -4.745, y  8.125, z 237.469
 35281117 (771) module 33, x -4.09417, y 6.96083, z 212.469
 33187058 (705) module 31, x -3.43417, y 5.80583, z 187.469

Track #8, length 6
 54090923 (1368) module 51, x -18.055, y 9.7475, z 750.469
 51999671 (1302) module 49, x -16.8175, y 9.0875, z 705.469
 49908163 (1232) module 47, x -15.6075, y 8.4275, z 660.469
 47816656 (1158) module 45, x -14.3975, y 7.7125, z 615.469
 45733619 (1089) module 43, x -11.345, y 5.7875, z 496.921
 42994106 (1028) module 41, x -8.9225, y 4.5775, z 402.473

Track #9, length 10
 53616661 (1369) module 51, x -17.97, y -25.0675, z 751.531
 51511851 (1304) module 49, x -16.7875, y -23.445, z 706.531
 49407808 (1231) module 47, x -15.6325, y -21.8225, z 661.531
 47302997 (1156) module 45, x -14.4775, y -20.1725, z 616.531
 45185933 (1087) module 43, x -11.3975, y -15.8825, z 497.982
 43072698 (1027) module 41, x -8.9225, y -12.4175, z 402.473
 40962527 (967) module 39, x -6.8875, y -9.6125, z 325.525
 38855420 (909) module 37, x -5.2925, y -7.3575, z 263.531
 38469087 (848) module 36, x -4.9625, y -6.8875, z 250.469
 36368879 (778) module 34, x -4.3025, y  -5.98, z 225.469

Track #10, length 4
 54113277 (1378) module 51, x -13.2975, y 5.2375, z 750.469
 51380599 (1312) module 49, x -12.6075, y 5.0175, z 706.531
 49284740 (1240) module 47, x -11.8925, y 4.7425, z 661.531
 47188881 (1165) module 45, x -11.1775, y 4.4675, z 616.531

Track #11, length 6
 53532326 (1380) module 51, x -10.0225, y -6.6975, z 751.531
 51433392 (1314) module 49, x -9.4725, y -6.3125, z 706.531
 49334459 (1242) module 47, x -8.8675, y -5.9275, z 661.531
 47235525 (1168) module 45, x -8.3175, y  -5.57, z 616.531
 45133792 (1095) module 43, x -6.8325, y -4.5525, z 497.982
 43032822 (1033) module 41, x -5.6225, y -3.755, z 402.473

Track #12, length 5
 53502895 (1382) module 51, x -9.5275, y -0.3725, z 751.531
 51405754 (1316) module 49, x -8.9225, y -0.3725, z 706.531
 49308357 (1245) module 47, x  -8.29, y -0.3175, z 661.531
 47211217 (1170) module 45, x -7.6575, y -0.3175, z 616.531
 45113582 (1097) module 43, x -6.035, y -0.235, z 497.982

Track #13, length 5
 53540542 (1384) module 51, x -8.7025, y -8.4575, z 751.531
 51441351 (1318) module 49, x -8.2075, y -8.0175, z 706.531
 49341904 (1247) module 47, x -7.7125, y -7.5225, z 661.531
 47242457 (1171) module 45, x -7.2175, y -7.0275, z 616.531
 45139440 (1098) module 43, x -5.9525, y -5.7625, z 497.982

Track #14, length 5
 53500363 (1386) module 51, x -7.9875, y   0.15, z 751.531
 51403220 (1320) module 49, x -7.4925, y   0.15, z 706.531
 49306078 (1250) module 47, x -6.9425, y   0.15, z 661.531
 47209191 (1175) module 45, x -6.4475, y 0.1225, z 616.531
 45112063 (1104) module 43, x -5.1275, y 0.1225, z 497.982

Track #15, length 5
 53530575 (1388) module 51, x -7.7675, y -6.3125, z 751.531
 51431639 (1322) module 49, x -7.3275, y -5.9275, z 706.531
 49332959 (1251) module 47, x -6.8875, y -5.5975, z 661.531
 47234023 (1176) module 45, x -6.4475, y  -5.24, z 616.531
 45132540 (1102) module 43, x -5.2925, y -4.305, z 497.982

Track #16, length 12
 53610474 (1390) module 51, x -6.2825, y -23.6925, z 751.531
 51507439 (1324) module 49, x -6.0075, y -22.3175, z 706.531
 49404149 (1253) module 47, x -5.6775, y -20.9975, z 661.531
 47300603 (1178) module 45, x -5.3475, y -19.6225, z 616.531
 44757311 (1039) module 42, x -4.3025, y -15.6875, z 484.921
 42656883 (977) module 40, x -3.5875, y  -12.8, z 389.411
 40556958 (916) module 38, x -2.9825, y -10.435, z 312.463
 38457281 (852) module 36, x -2.4325, y -8.5375, z 250.469
 36358863 (782) module 34, x -2.185, y -7.7675, z 225.469
 34260956 (712) module 32, x -1.9925, y -7.025, z 200.469
 32162793 (649) module 30, x   -1.8, y  -6.31, z 175.469
 30064887 (587) module 28, x -1.6075, y -5.5675, z 150.469

Track #17, length 5
 54158271 (1393) module 51, x -3.5075, y 8.6475, z 750.469
 52062153 (1327) module 49, x -3.2875, y 8.0975, z 705.469
 49966035 (1255) module 47, x -3.0675, y 7.5475, z 660.469
 47869918 (1181) module 45, x -2.8475, y 6.9425, z 615.469
 45775609 (1106) module 43, x -2.2425, y 5.4575, z 496.921

Track #18, length 6
 54181229 (1395) module 51, x 1.4425, y 13.1575, z 750.469
 52083582 (1329) module 49, x 1.3325, y 12.195, z 705.469
 49986190 (1257) module 47, x 1.2775, y 11.3425, z 660.469
 47888541 (1183) module 45, x 1.1675, y 10.5175, z 615.469
 45790149 (1108) module 43, x 0.929169, y 8.28083, z 496.921
 43692262 (1036) module 41, x 0.727501, y 6.5025, z 401.411

Track #19, length 15
 54034984 (1353) module 51, x -30.1825, y 16.9525, z 750.469
 51945785 (1287) module 49, x -28.4775, y 16.0175, z 705.469
 49856586 (1216) module 47, x -26.7725, y 15.055, z 660.469
 47767388 (1142) module 45, x -25.0675, y 14.0925, z 615.469
 45690506 (1073) module 43, x -20.6125, y 11.5625, z 496.921
 43610287 (1012) module 41, x -16.9825, y 9.5275, z 401.411
 41526732 (948) module 39, x -14.0675, y  7.905, z 324.463
 39440612 (888) module 37, x -11.7025, y  6.585, z 262.469
 37347822 (822) module 35, x -10.7675, y 6.0625, z 237.469
 35255032 (752) module 33, x -9.8325, y 5.5125, z 212.469
 32506298 (687) module 31, x -8.9225, y 5.0175, z 188.531
 30411723 (627) module 29, x -7.9875, y 4.4675, z 163.531
 28316892 (571) module 27, x -7.025, y 3.9725, z 138.531
 26222318 (520) module 25, x -6.0625, y 3.4225, z 113.531
 24127487 (471) module 23, x -5.1275, y    2.9, z 88.531

Track #20, length 13
 54064515 (1357) module 51, x -23.8575, y 11.9475, z 750.469
 51973007 (1291) module 49, x -22.51, y 11.2875, z 705.469
 49882267 (1220) module 47, x -21.1625, y 10.6275, z 660.469
 47791272 (1147) module 45, x -19.8425, y 9.9125, z 615.469
 45710792 (1077) module 43, x -16.2675, y 8.1525, z 496.921
 43626977 (1014) module 41, x -13.4075, y 6.7775, z 401.411
 41540342 (952) module 39, x -11.125, y 5.6225, z 324.463
 38799283 (892) module 37, x -9.3075, y 4.6875, z 263.531
 36703681 (827) module 35, x -8.5375, y 4.3575, z 238.531
 34608334 (758) module 33, x -7.8225, y 3.9725, z 213.531
 32512988 (693) module 31, x -7.0525, y 3.5875, z 188.531
 30417641 (632) module 29, x  -6.31, y 3.2025, z 163.531
 28322295 (575) module 27, x -5.5675, y 2.8175, z 138.531

Track #21, length 13
 53920959 (1359) module 51, x -22.6175, y 0.827499, z 750.469
 51823574 (1293) module 49, x -21.325, y 0.772499, z 705.469
 49726190 (1222) module 47, x -20.0325, y 0.717499, z 660.469
 47206406 (1149) module 45, x -18.795, y 0.6725, z 616.531
 45109828 (1079) module 43, x -15.4125, y  0.535, z 497.982
 43013237 (1017) module 41, x -12.6808, y 0.415833, z 402.473
 40916637 (954) module 39, x -10.49, y 0.3425, z 325.525
 38819774 (894) module 37, x -8.7025, y 0.2875, z 263.531
 36722635 (829) module 35, x -7.9875, y   0.26, z 238.531
 34625752 (760) module 33, x -7.2725, y 0.2325, z 213.531
 32528612 (696) module 31, x -6.57583, y 0.214167, z 188.531
 30431729 (635) module 29, x  -5.87, y 0.1775, z 163.531
 28334590 (578) module 27, x -5.155, y 0.1775, z 138.531

Track #22, length 13
 53801427 (1363) module 51, x -21.5175, y -25.05, z 750.469
 51710441 (1297) module 49, x -20.3075, y -23.6475, z 705.469
 49619967 (1225) module 47, x -19.0975, y -22.2175, z 660.469
 47306007 (1151) module 45, x -17.8875, y -20.8325, z 616.531
 45191761 (1081) module 43, x -14.6975, y -17.1475, z 497.982
 43080576 (1019) module 41, x -12.1125, y -14.15, z 402.473
 40972454 (957) module 39, x -10.0225, y -11.7575, z 325.525
 38866116 (896) module 37, x -8.3725, y -9.7775, z 263.531
 36765648 (832) module 35, x -7.685, y  -8.98, z 238.531
 34665181 (762) module 33, x -6.9975, y -8.2375, z 213.531
 32564201 (698) module 31, x -6.3375, y  -7.44, z 188.531
 30463477 (637) module 29, x  -5.65, y -6.6425, z 163.531
 27981817 (527) module 26, x -4.6325, y -5.4575, z 125.469

Track #23, length 4
 53797077 (1364) module 51, x -21.4075, y -26.0125, z 750.469
 51710128 (1289) module 49, x -23.4425, y -23.7025, z 705.469
 49623691 (1217) module 47, x -25.4775, y -21.3925, z 660.469
 47536999 (1139) module 45, x -27.4575, y -19.11, z 615.469

Track #24, length 11
 54088607 (1366) module 51, x -18.5775, y 10.4075, z 750.469
 51996329 (1299) module 49, x -17.5325, y 9.8575, z 705.469
 49904052 (1228) module 47, x -16.4875, y 9.2525, z 660.469
 47811774 (1153) module 45, x -15.4425, y 8.7025, z 615.469
 45727450 (1084) module 43, x -12.6925, y 7.1625, z 496.921
 43640304 (1022) module 41, x -10.52, y 5.9525, z 401.411
 40895165 (961) module 39, x -8.7575, y 4.9625, z 325.525
 38801880 (902) module 37, x -7.2725, y 4.1375, z 263.531
 36706274 (837) module 35, x -6.695, y 3.8075, z 238.531
 34610669 (766) module 33, x -6.1175, y 3.4775, z 213.531
 32515064 (702) module 31, x -5.5125, y 3.1475, z 188.531

Track #25, length 6
 54091704 (1370) module 51, x -17.9175, y 9.0325, z 750.469
 51999683 (1303) module 49, x -16.79, y 8.4275, z 705.469
 49907917 (1230) module 47, x -15.6625, y 7.8775, z 660.469
 47816407 (1157) module 45, x -14.4525, y    7.3, z 615.469
 45733619 (1089) module 43, x -11.345, y 5.7875, z 496.921
 42994106 (1028) module 41, x -8.9225, y 4.5775, z 402.473

Track #26, length 11
 54093984 (1371) module 51, x -17.4225, y 10.3525, z 750.469
 52001451 (1305) module 49, x -16.4325, y 9.7475, z 705.469
 49908661 (1233) module 47, x -15.47, y 9.1975, z 660.469
 47816128 (1155) module 45, x -14.5075, y 8.5925, z 615.469
 45731035 (1085) module 43, x -11.9225, y 7.1075, z 496.921
 43643633 (1023) module 41, x -9.8325, y   5.87, z 401.411
 40895432 (963) module 39, x -8.1525, y 4.9075, z 325.525
 38802145 (903) module 37, x -6.7775, y 4.0825, z 263.531
 36706539 (838) module 35, x -6.2275, y 3.7525, z 238.531
 34610933 (768) module 33, x -5.6775, y 3.4225, z 213.531
 32515327 (703) module 31, x -5.1275, y 3.0925, z 188.531

Track #27, length 10
 54099451 (1372) module 51, x -16.2675, y 5.3475, z 750.469
 51380293 (1306) module 49, x -15.3575, y 5.0725, z 706.531
 49284694 (1234) module 47, x -14.4225, y 4.7425, z 661.531
 47189095 (1159) module 45, x -13.4875, y 4.4125, z 616.531
 45095827 (1090) module 43, x -11.0675, y 3.5875, z 497.982
 43001782 (1025) module 41, x -9.115, y 2.9275, z 402.473
 40906963 (964) module 39, x -7.5475, y 2.4325, z 325.525
 38811626 (905) module 37, x -6.2825, y 2.0475, z 263.531
 36715251 (839) module 35, x -5.7875, y 1.8825, z 238.531
 34618876 (769) module 33, x -5.265, y 1.7175, z 213.531

Track #28, length 9
 53481813 (1375) module 51, x -14.4775, y 4.1375, z 751.531
 51385700 (1308) module 49, x -13.6525, y 3.9175, z 706.531
 49289587 (1236) module 47, x -12.8275, y 3.6975, z 661.531
 47193729 (1161) module 45, x -12.03, y 3.4225, z 616.531
 45099432 (1091) module 43, x -9.885, y 2.8175, z 497.982
 43004360 (1030) module 41, x -8.1525, y   2.35, z 402.473
 40909281 (968) module 39, x  -6.75, y 1.9375, z 325.525
 38813430 (906) module 37, x -5.6225, y  1.635, z 263.531
 36717054 (840) module 35, x -5.1825, y 1.4975, z 238.531

Track #29, length 4
 53512533 (1376) module 51, x -14.45, y -2.4625, z 751.531
 51414374 (1310) module 49, x -13.5425, y -2.2425, z 706.531
 49316471 (1238) module 47, x -12.6075, y -2.0775, z 661.531
 47218823 (1163) module 45, x -11.7275, y -1.9675, z 616.531

Track #30, length 4
 53512799 (1377) module 51, x -13.9275, y -2.5175, z 751.531
 51414893 (1311) module 49, x -13.1575, y -2.3525, z 706.531
 49316988 (1239) module 47, x -12.3325, y -2.1875, z 661.531
 47219338 (1164) module 45, x -11.5625, y -2.0775, z 616.531

Track #31, length 10
 53576315 (1379) module 51, x -12.3875, y -16.2675, z 751.531
 51475080 (1313) module 49, x -11.6725, y -15.3875, z 706.531
 49373589 (1241) module 47, x -10.9575, y -14.4525, z 661.531
 47272098 (1166) module 45, x -10.2425, y -13.545, z 616.531
 45163972 (1094) module 43, x -8.3725, y -11.1525, z 497.982
 43057630 (1032) module 41, x -6.90583, y -9.20917, z 402.473
 40953844 (970) module 39, x -5.7325, y -7.6325, z 325.525
 38467309 (850) module 36, x -4.5775, y -6.1175, z 250.469
 36368374 (779) module 34, x -4.1925, y -5.6225, z 225.469
 34269439 (710) module 32, x -3.8075, y -5.1275, z 200.469

Track #32, length 5
 53504424 (1381) module 51, x -9.9125, y -0.7025, z 751.531
 51407027 (1315) module 49, x  -9.28, y -0.6475, z 706.531
 49309631 (1244) module 47, x -8.6475, y -0.5925, z 661.531
 47212491 (1169) module 45, x -7.9875, y -0.5925, z 616.531
 45114602 (1096) module 43, x -6.2825, y -0.455, z 497.982

Track #33, length 5
 54133166 (1383) module 51, x -8.8975, y 9.5825, z 750.469
 52038585 (1317) module 49, x -8.3475, y 8.9775, z 705.469
 49944260 (1246) module 47, x -7.7425, y  8.345, z 660.469
 47849680 (1172) module 45, x -7.1925, y 7.7125, z 615.469
 45759726 (1100) module 43, x -5.6525, y 6.0625, z 496.921

Track #34, length 5
 53532095 (1385) module 51, x -8.62917, y -6.66083, z 751.531
 51433416 (1319) module 49, x -8.1525, y -6.3125, z 706.531
 49334481 (1248) module 47, x -7.6575, y -5.9275, z 661.531
 47235546 (1173) module 45, x -7.1625, y -5.5425, z 616.531
 45134065 (1099) module 43, x -5.8975, y -4.6075, z 497.982

Track #35, length 9
 53575373 (1387) module 51, x -7.8775, y -16.0475, z 751.531
 51474133 (1321) module 49, x -7.4375, y -15.1675, z 706.531
 49372637 (1249) module 47, x -6.9975, y -14.26, z 661.531
 47271397 (1174) module 45, x -6.5575, y -13.3525, z 616.531
 45163258 (1101) module 43, x -5.4025, y -10.9875, z 497.982
 42660284 (976) module 40, x -4.3025, y -8.8125, z 389.411
 40559576 (915) module 38, x -3.5325, y -7.2725, z 312.463
 38459631 (851) module 36, x -2.9275, y -6.0075, z 250.469
 36361208 (781) module 34, x  -2.68, y -5.5125, z 225.469

Track #36, length 5
 53516497 (1389) module 51, x -7.6575, y -3.2875, z 751.531
 51418584 (1323) module 49, x -7.245, y -3.1225, z 706.531
 49320416 (1252) module 47, x -6.8325, y  -2.93, z 661.531
 47222504 (1177) module 45, x -6.3925, y -2.7375, z 616.531
 45123069 (1103) module 43, x -5.2375, y -2.2425, z 497.982

Track #37, length 12
 54315480 (1391) module 51, x -5.9825, y 21.2425, z 751.531
 52216814 (1325) module 49, x -5.6525, y 20.0325, z 706.531
 49955334 (1254) module 47, x -5.3225, y 18.8225, z 660.469
 47859740 (1179) module 45, x -4.9925, y 17.6125, z 615.469
 45766997 (1105) module 43, x -4.0575, y 14.4775, z 496.921
 43673219 (1034) module 41, x -3.315, y 11.9475, z 401.411
 41578920 (971) module 39, x -2.7375, y  9.885, z 324.463
 39484103 (911) module 37, x -2.2425, y 8.2075, z 262.469
 37387731 (843) module 35, x  -2.05, y 7.5475, z 237.469
 35291615 (773) module 33, x -1.8575, y 6.8875, z 212.469
 33195243 (706) module 31, x -1.6925, y 6.2275, z 187.469
 31098871 (641) module 29, x   -1.5, y 5.5675, z 162.469

Track #38, length 7
 54163090 (1394) module 51, x -2.4625, y 11.1225, z 750.469
 52066461 (1328) module 49, x -2.3525, y 10.5175, z 705.469
 49969832 (1256) module 47, x -2.2425, y 9.9125, z 660.469
 47873204 (1182) module 45, x -2.1325, y 9.2525, z 615.469
 45777362 (1107) module 43, x -1.8575, y 7.6025, z 496.921
 43681514 (1035) module 41, x -1.5825, y 6.2825, z 401.411
 41585405 (972) module 39, x -1.3625, y   5.21, z 324.463

Track #39, length 10
 52559339 (1332) module 50, x 6.2275, y 23.0325, z 739.531
 50455027 (1259) module 48, x 5.7875, y 21.4925, z 694.531
 48350714 (1186) module 46, x 5.4025, y 19.9525, z 649.531
 47906566 (1184) module 45, x 5.0725, y 18.8225, z 615.469
 45804367 (1110) module 43, x      4, y 14.8075, z 496.921
 43703178 (1038) module 41, x   3.12, y 11.5625, z 401.411
 41602745 (975) module 39, x 2.3775, y 8.9775, z 324.463
 39503071 (913) module 37, x 1.8275, y   6.86, z 262.469
 37404911 (846) module 35, x 1.6075, y 6.0075, z 237.469
 35306750 (775) module 33, x 1.3875, y 5.1825, z 212.469

Track #40, length 6
 53100451 (1331) module 50, x 5.4875, y -10.1875, z 738.469
 51004846 (1258) module 48, x 5.1575, y -9.5825, z 693.469
 48909240 (1185) module 46, x 4.8275, y -9.005, z 648.469
 46813379 (1111) module 44, x  4.525, y -8.4275, z 603.469
 44720095 (1040) module 42, x 3.7275, y -6.8875, z 484.921
 42626037 (978) module 40, x 3.0675, y -5.6775, z 389.411

Track #41, length 6
 53086896 (1334) module 50, x 8.4025, y -9.4725, z 738.469
 50991802 (1262) module 48, x  7.935, y -8.9225, z 693.469
 48896964 (1189) module 46, x 7.4675, y -8.3725, z 648.469
 46802126 (1114) module 44, x 6.9725, y -7.8225, z 603.469
 44710887 (1042) module 42, x 5.7075, y  -6.42, z 484.921
 42618364 (980) module 40, x 4.7175, y -5.265, z 389.411

Track #42, length 7
 53078363 (1336) module 50, x 10.3275, y -14.12, z 738.469
 50984301 (1264) module 48, x 9.6675, y -13.1575, z 693.469
 48889982 (1191) module 46, x   8.98, y -12.2225, z 648.469
 46795919 (1116) module 44, x 8.2925, y -11.26, z 603.469
 44707260 (1043) module 42, x 6.4775, y -8.785, z 484.921
 42617056 (981) module 40, x 4.9925, y -6.8325, z 389.411
 40525309 (918) module 38, x 3.8375, y -5.2375, z 312.463

Track #43, length 6
 52507772 (1338) module 50, x 12.3325, y 11.9775, z 739.531
 50406794 (1266) module 48, x 11.5625, y  11.18, z 694.531
 48306072 (1193) module 46, x 10.765, y 10.3825, z 649.531
 46205095 (1120) module 44, x 9.9675, y 9.5575, z 604.531
 44098510 (1045) module 42, x 7.8225, y 7.4125, z 485.982
 41993454 (983) module 40, x 6.0625, y 5.7075, z 390.473

Track #44, length 6
 52492646 (1339) module 50, x 13.5425, y 8.6225, z 739.531
 50393205 (1268) module 48, x  12.69, y 8.1275, z 694.531
 48294278 (1195) module 46, x 11.7825, y 7.7425, z 649.531
 46194838 (1122) module 44, x 10.9025, y 7.2475, z 604.531
 44091075 (1047) module 42, x 8.4275, y 5.8175, z 485.982
 41988581 (985) module 40, x 6.5575, y 4.6625, z 390.473

Track #45, length 9
 52442941 (1342) module 50, x 15.7975, y -2.0475, z 739.531
 50346318 (1270) module 48, x 14.8625, y -1.9375, z 694.531
 48249694 (1198) module 46, x 13.9825, y -1.8275, z 649.531
 46153070 (1124) module 44, x 13.075, y -1.7175, z 604.531
 44057497 (1051) module 42, x  10.71, y -1.3875, z 485.982
 41961660 (989) module 40, x 8.8125, y -1.1125, z 390.473
 39865304 (920) module 38, x 7.2725, y -0.9475, z 313.525
 37768943 (856) module 36, x 6.0075, y -0.7825, z 251.531
 35672056 (786) module 34, x 5.5125, y -0.7275, z 226.531

Track #46, length 4
 53002462 (1346) module 50, x 26.7725, y -6.9425, z 738.469
 50760945 (1271) module 48, x 19.8675, y  2.225, z 693.469
 48309613 (1196) module 46, x 13.1208, y 11.1708, z 649.531
 46255338 (1112) module 44, x  6.255, y 20.3375, z 604.531

Track #47, length 7
 52827449 (1347) module 50, x  29.96, y 8.7975, z 738.469
 50732895 (1275) module 48, x 27.8975, y   8.22, z 693.469
 48638597 (1203) module 46, x  25.78, y 7.6425, z 648.469
 46544043 (1129) module 44, x  23.69, y 7.0925, z 603.469
 44089873 (1058) module 42, x 18.2175, y 5.5975, z 485.982
 41987169 (993) module 40, x 13.8175, y 4.3875, z 390.473
 39885474 (926) module 38, x 10.2425, y  3.425, z 313.525

Track #48, length 15
 53382404 (1348) module 50, x 31.0625, y -32.9025, z 739.531
 51277094 (1277) module 48, x 29.3025, y -31.0325, z 694.531
 49171784 (1205) module 46, x 27.5425, y -29.1625, z 649.531
 47066218 (1131) module 44, x 25.7275, y -27.2925, z 604.531
 44947909 (1062) module 42, x 21.0525, y -22.2875, z 485.982
 42560274 (1000) module 40, x 17.2575, y -18.1625, z 389.411
 40476747 (935) module 38, x 14.315, y -15.0275, z 312.463
 38390905 (868) module 36, x 11.9225, y -12.4975, z 250.469
 36298380 (799) module 34, x 10.9325, y -11.4525, z 225.469
 34205855 (725) module 32, x 9.9425, y -10.4075, z 200.469
 32112818 (660) module 30, x   8.98, y -9.3625, z 175.469
 30020293 (595) module 28, x 7.9625, y -8.3175, z 150.469
 27927768 (536) module 26, x 6.9725, y -7.2725, z 125.469
 25835243 (482) module 24, x  5.955, y -6.2275, z 100.469
 23742974 (430) module 22, x 4.9375, y -5.1825, z 75.469

Track #49, length 6
 53080034 (1335) module 50, x 9.9975, y -6.7225, z 738.469
 50985449 (1263) module 48, x 9.4475, y -6.3375, z 693.469
 48890608 (1190) module 46, x 8.8425, y -5.9525, z 648.469
 46796023 (1115) module 44, x 8.2925, y -5.5675, z 603.469
 44042720 (1044) module 42, x 6.8325, y -4.5775, z 485.982
 41949430 (982) module 40, x 5.6225, y -3.7525, z 390.473

Track #50, length 7
 52505745 (1337) module 50, x 11.1775, y 11.5375, z 739.531
 50405017 (1265) module 48, x  10.71, y 10.7675, z 694.531
 48304290 (1192) module 46, x 10.2425, y 9.9975, z 649.531
 46203305 (1119) module 44, x 9.8575, y 9.1725, z 604.531
 44096182 (1048) module 42, x 9.1425, y 6.9175, z 485.982
 41990850 (986) module 40, x  8.455, y 5.1575, z 390.473
 39887309 (922) module 38, x 7.8775, y 3.7825, z 313.525

Track #51, length 4
 52503908 (1340) module 50, x 13.6525, y 11.1525, z 739.531
 50402679 (1267) module 48, x 12.6075, y 10.2725, z 694.531
 48301196 (1194) module 46, x 11.4525, y 9.3375, z 649.531
 46200736 (1121) module 44, x 10.3525, y 8.5125, z 604.531

Track #52, length 9
 52448585 (1341) module 50, x 15.1375, y  -0.81, z 739.531
 50351704 (1269) module 48, x 14.3125, y -0.7825, z 694.531
 48254824 (1197) module 46, x 13.4325, y -0.7275, z 649.531
 46157944 (1123) module 44, x 12.5525, y -0.6725, z 604.531
 44061345 (1050) module 42, x 10.2975, y -0.5625, z 485.982
 41964738 (987) module 40, x  8.455, y -0.4525, z 390.473
 39868125 (919) module 38, x 6.9975, y -0.3425, z 313.525
 37771251 (855) module 36, x 5.7875, y -0.2875, z 251.531
 35674108 (785) module 34, x 5.2925, y -0.2875, z 226.531

Track #53, length 4
 52833442 (1343) module 50, x 24.2125, y 7.5325, z 738.469
 50739642 (1272) module 48, x 22.8925, y   6.79, z 693.469
 48646611 (1200) module 46, x 21.5175, y 5.9375, z 648.469
 46553838 (1126) module 44, x 20.0325, y  4.975, z 603.469

Track #54, length 13
 52872841 (1344) module 50, x  25.56, y -0.9375, z 738.469
 50775460 (1273) module 48, x 24.1025, y -0.8825, z 693.469
 48678078 (1201) module 46, x 22.6725, y -0.827499, z 648.469
 46580697 (1127) module 44, x 21.1875, y -0.772499, z 603.469
 44060704 (1055) module 42, x 17.3925, y -0.6725, z 485.982
 41964120 (995) module 40, x 14.3125, y -0.5625, z 390.473
 39867525 (929) module 38, x 11.8375, y -0.4525, z 313.525
 37770666 (864) module 36, x 9.8025, y -0.3975, z 251.531
 35673785 (795) module 34, x 8.9775, y -0.3425, z 226.531
 33576647 (722) module 32, x 8.18917, y -0.324166, z 201.531
 31479766 (656) module 30, x 7.3825, y -0.2875, z 176.531
 29382885 (591) module 28, x 6.5575, y -0.2325, z 151.531
 27285748 (533) module 26, x 5.7325, y -0.2325, z 126.531

Track #55, length 13
 52863870 (1345) module 50, x 26.1925, y 0.987499, z 738.469
 50767001 (1274) module 48, x 24.7075, y 0.932499, z 693.469
 48670132 (1202) module 46, x 23.2225, y 0.877502, z 648.469
 46573264 (1128) module 44, x 21.6825, y 0.822502, z 603.469
 44067097 (1056) module 42, x 17.7775, y 0.7025, z 485.982
 41969490 (996) module 40, x 14.615, y 0.5925, z 390.473
 39871873 (930) module 38, x 12.0575, y 0.4825, z 313.525
 37774503 (865) module 36, x 9.9675, y 0.4275, z 251.531
 35677110 (796) module 34, x 9.1425, y 0.3725, z 226.531
 33579717 (723) module 32, x 8.3175, y  0.345, z 201.531
 31482580 (657) module 30, x 7.4925, y 0.3175, z 176.531
 29385187 (592) module 28, x 6.6675, y 0.2625, z 151.531
 27288050 (534) module 26, x 5.8425, y 0.2625, z 126.531

Track #56, length 8
 52854024 (1349) module 50, x 32.655, y 3.0775, z 738.469
 50758193 (1278) module 48, x   30.4, y 2.8025, z 693.469
 48662618 (1206) module 46, x 28.1725, y 2.4725, z 648.469
 46567042 (1132) module 44, x 25.9725, y  2.115, z 603.469
 44474601 (1059) module 42, x  20.28, y 1.1525, z 484.921
 41968445 (997) module 40, x 15.7975, y 0.3725, z 390.473
 39868543 (931) module 38, x 12.1675, y -0.2325, z 313.525
 37769908 (862) module 36, x 9.2525, y -0.5625, z 251.531

Track #57, length 5
 51574116 (1309) module 49, x -13.6525, y -36.7825, z 706.531
 49460852 (1237) module 47, x -12.7725, y -33.3175, z 661.531
 47347588 (1162) module 45, x -11.8925, y -29.8525, z 616.531
 45209263 (1092) module 43, x -9.5275, y -20.8875, z 497.982
 40953844 (970) module 39, x -5.7325, y -7.6325, z 325.525

Track #58, length 14
 50603855 (1276) module 48, x 28.7775, y 36.1875, z 693.469
 48516975 (1204) module 46, x  26.99, y 33.9875, z 648.469
 46430095 (1130) module 44, x 25.2575, y 31.7875, z 603.469
 44359651 (1060) module 42, x 20.6375, y  26.04, z 484.921
 42065960 (999) module 40, x 16.9525, y 21.4375, z 390.473
 39951454 (933) module 38, x 13.9825, y 17.6975, z 313.525
 37840266 (867) module 36, x 11.5625, y   14.7, z 251.531
 35737500 (798) module 34, x 10.5725, y 13.4625, z 226.531
 33634733 (724) module 32, x   9.61, y 12.2525, z 201.531
 31531967 (658) module 30, x 8.6475, y 11.0425, z 176.531
 29428944 (594) module 28, x  7.685, y  9.805, z 151.531
 27326690 (535) module 26, x 6.7225, y 8.5675, z 126.531
 25223924 (481) module 24, x 5.7325, y 7.3575, z 101.531
 22737145 (422) module 21, x 4.2475, y   5.43, z 62.469

Track #59, length 10
 50864693 (1281) module 48, x 35.4625, y -16.2375, z 693.469
 48779338 (1209) module 46, x 32.9325, y -15.0825, z 648.469
 46693727 (1134) module 44, x  30.43, y -13.9275, z 603.469
 44627607 (1063) module 42, x 23.775, y -10.8475, z 484.921
 42555075 (1001) module 40, x 18.4125, y   -8.4, z 389.411
 40477928 (934) module 38, x 14.095, y -6.3925, z 312.463
 37749914 (866) module 36, x 10.6825, y -4.8525, z 251.531
 35655859 (797) module 34, x 9.3075, y -4.1925, z 226.531
 33561549 (721) module 32, x 7.8775, y -3.5875, z 201.531
 31467494 (654) module 30, x  6.475, y -2.9275, z 176.531

Track #60, length 14
 51178263 (1261) module 48, x 7.8525, y -31.8575, z 694.531
 49078841 (1188) module 46, x 7.3575, y -29.96, z 649.531
 46979676 (1113) module 44, x 6.9175, y -28.0625, z 604.531
 44876728 (1041) module 42, x 5.6525, y -23.0025, z 485.982
 42618629 (979) module 40, x 4.6075, y -18.8775, z 389.411
 40525377 (917) module 38, x 3.7825, y -15.5775, z 312.463
 38431345 (854) module 36, x 3.1225, y -12.9375, z 250.469
 36335236 (784) module 34, x 2.9025, y -11.8925, z 225.469
 34239383 (713) module 32, x 2.6275, y -10.82, z 200.469
 32143275 (650) module 30, x   2.38, y -9.7475, z 175.469
 30047422 (588) module 28, x 2.1325, y -8.675, z 150.469
 27951570 (531) module 26, x 1.8575, y -7.6025, z 125.469
 25855718 (480) module 24, x 1.5825, y -6.5025, z 100.469
 23759610 (429) module 22, x  1.335, y -5.4025, z 75.469

Track #61, length 10
 50729758 (1280) module 48, x 31.4725, y   8.88, z 693.469
 48635464 (1207) module 46, x 29.1625, y  8.275, z 648.469
 46541170 (1133) module 44, x 26.8525, y 7.6975, z 603.469
 44451295 (1061) module 42, x 20.8575, y 6.1575, z 484.921
 41989686 (998) module 40, x 16.1642, y 4.97417, z 390.473
 39887484 (932) module 38, x 12.3325, y 3.8375, z 313.525
 37786035 (863) module 36, x   9.28, y   2.93, z 251.531
 35687370 (791) module 34, x 8.0425, y 2.5725, z 226.531
 33588448 (718) module 32, x 6.8325, y 2.1875, z 201.531
 31489526 (652) module 30, x 5.6225, y 1.8025, z 176.531

Track #62, length 13
 48759495 (1211) module 46, x 37.2225, y -8.2075, z 648.469
 46673617 (1136) module 44, x 34.8025, y -7.6575, z 603.469
 44605930 (1065) module 42, x 28.4775, y -6.2825, z 484.921
 42532607 (1003) module 40, x 23.3625, y -5.1275, z 389.411
 37755961 (871) module 36, x 16.0175, y -3.5325, z 251.531
 35660113 (802) module 34, x  14.67, y  -3.23, z 226.531
 33564522 (727) module 32, x 13.3225, y -2.9275, z 201.531
 31468674 (663) module 30, x 12.0025, y -2.6525, z 176.531
 29372826 (599) module 28, x 10.6825, y  -2.35, z 151.531
 27277234 (539) module 26, x  9.335, y -2.0475, z 126.531
 25181386 (485) module 24, x  8.015, y -1.7725, z 101.531
 23085795 (432) module 22, x 6.6675, y -1.4425, z 76.531
 20989947 (386) module 20, x 5.3475, y -1.1675, z 51.531

Track #63, length 13
 48762198 (1210) module 46, x 36.6175, y -14.4225, z 648.469
 46675815 (1135) module 44, x 34.3075, y -13.4875, z 603.469
 44607380 (1064) module 42, x  28.12, y -11.0125, z 484.921
 42533048 (1002) module 40, x  23.17, y -9.0325, z 389.411
 40454613 (936) module 38, x   19.1, y -7.4375, z 312.463
 38372589 (870) module 36, x 15.855, y -6.1175, z 250.469
 36281590 (801) module 34, x 14.535, y -5.6225, z 225.469
 31459715 (662) module 30, x 11.9475, y -4.5775, z 176.531
 29364891 (598) module 28, x 10.6275, y -4.0825, z 151.531
 27270323 (538) module 26, x 9.3075, y -3.5325, z 126.531
 25175499 (484) module 24, x 7.9875, y -3.0375, z 101.531
 23080675 (433) module 22, x 6.6675, y -2.5425, z 76.531
 20985851 (385) module 20, x   5.32, y -2.0475, z 51.531

Track #64, length 9
 49818324 (1212) module 47, x -35.0225, y 7.4925, z 660.469
 47733470 (1137) module 45, x -32.3825, y  6.915, z 615.469
 45668345 (1069) module 43, x -25.48, y 5.4575, z 496.921
 40902980 (945) module 39, x -15.4125, y 3.2575, z 325.525
 38809478 (887) module 37, x -11.7825, y 2.4875, z 263.531
 36713889 (823) module 35, x -10.2975, y 2.1575, z 238.531
 34618044 (753) module 33, x -8.8125, y 1.8825, z 213.531
 32522454 (691) module 31, x -7.355, y 1.5525, z 188.531
 30426865 (634) module 29, x -5.8975, y 1.2225, z 163.531

Track #65, length 5
 48040723 (1167) module 45, x -9.7225, y 32.0775, z 616.531
 45743623 (1093) module 43, x -9.1725, y 18.7675, z 496.921
 43647944 (1029) module 41, x -8.7875, y  8.125, z 401.411
 40918467 (962) module 39, x   -8.4, y -0.0425, z 325.525
 38852298 (897) module 37, x -8.0425, y -6.725, z 263.531

Track #66, length 12
 45257579 (1083) module 43, x -13.2675, y -31.3925, z 497.982
 43134613 (1021) module 41, x -10.9575, y -25.8375, z 402.473
 41017527 (960) module 39, x -9.0875, y -21.4375, z 325.525
 38903763 (901) module 37, x -7.5475, y -17.8625, z 263.531
 36799966 (835) module 35, x -6.9425, y -16.4325, z 238.531
 34696169 (765) module 33, x -6.3375, y -15.0025, z 213.531
 32592372 (701) module 31, x -5.705, y -13.5725, z 188.531
 30079373 (585) module 28, x  -4.77, y -11.3975, z 150.469
 27979431 (529) module 26, x -4.165, y -9.9675, z 125.469
 25879489 (479) module 24, x  -3.56, y -8.5375, z 100.469
 23779547 (428) module 22, x -2.955, y -7.1075, z 75.469
 21679605 (383) module 20, x  -2.35, y -5.6775, z 50.469

Track #67, length 12
 45882981 (1109) module 43, x 3.4225, y 27.5675, z 497.982
 43788732 (1037) module 41, x 2.8175, y 22.755, z 402.473
 41602310 (974) module 39, x 2.3225, y 18.8225, z 324.463
 39503423 (914) module 37, x  1.965, y 15.6875, z 262.469
 37405781 (847) module 35, x 1.8275, y  14.45, z 237.469
 35307884 (776) module 33, x 1.6625, y 13.2125, z 212.469
 33209987 (708) module 31, x 1.4975, y 11.9475, z 187.469
 31112090 (644) module 29, x 1.3325, y 10.655, z 162.469
 29014193 (582) module 27, x  1.195, y   9.39, z 137.469
 26916552 (525) module 25, x 1.0575, y  8.125, z 112.469
 24818656 (475) module 23, x 0.892498, y 6.8325, z 87.469
 22720759 (419) module 21, x 0.727501, y 5.5675, z 62.469

Track #68, length 7
 45433097 (1068) module 43, x -32.6275, y -20.5675, z 496.921
 43341711 (1008) module 41, x -25.2575, y -19.3575, z 401.411
 41249019 (944) module 39, x -19.3175, y -18.4225, z 324.463
 38902610 (885) module 37, x -14.615, y -17.6425, z 263.531
 36803958 (819) module 35, x -12.6625, y -17.3125, z 238.531
 34705305 (750) module 33, x -10.7375, y -16.9825, z 213.531
 32606652 (688) module 31, x -8.8125, y -16.6525, z 188.531

Track #69, length 6
 44233127 (1049) module 42, x 9.9675, y 36.5625, z 485.982
 42110399 (988) module 40, x 8.6365, y 31.0955, z 390.473
 39993045 (921) module 38, x 7.4375, y 26.7175, z 313.525
 37879783 (857) module 36, x 6.4475, y  23.17, z 251.531
 35776238 (787) module 34, x 6.0625, y 21.7675, z 226.531
 33672693 (714) module 32, x   5.65, y 20.3925, z 201.531

Track #70, length 8
 44204561 (1057) module 42, x 18.2175, y 30.4575, z 485.982
 42075484 (994) module 40, x 14.0925, y  23.61, z 390.473
 39953304 (927) module 38, x 10.7925, y 18.0825, z 313.525
 37835464 (858) module 36, x 8.1525, y 13.6275, z 251.531
 35730139 (789) module 34, x   7.08, y 11.8675, z 226.531
 33624559 (716) module 32, x 6.0075, y 10.0525, z 201.531
 31126232 (646) module 29, x 4.3575, y 7.2725, z 162.469
 29023992 (583) module 27, x 3.2575, y 5.5125, z 137.469

Track #71, length 12
 44217426 (1052) module 42, x 14.6425, y 33.2075, z 485.982
 42092673 (991) module 40, x 12.0575, y 27.2675, z 390.473
 39973799 (924) module 38, x   9.94, y  22.51, z 313.525
 37858758 (860) module 36, x 8.2625, y  18.66, z 251.531
 35754451 (790) module 34, x 7.5475, y 17.0925, z 226.531
 33650143 (719) module 32, x 6.8875, y 15.5525, z 201.531
 31545835 (653) module 30, x    6.2, y 14.0125, z 176.531
 29441272 (589) module 28, x 5.5125, y 12.445, z 151.531
 26932134 (526) module 25, x   4.44, y 10.0225, z 112.469
 24831938 (477) module 23, x 3.7525, y 8.4825, z 87.469
 22731742 (421) module 21, x 3.0925, y  6.915, z 62.469
 20631291 (379) module 19, x 2.3775, y 5.3475, z 37.469

Track #72, length 9
 43080402 (1031) module 41, x -7.58417, y -14.0858, z 402.473
 40970987 (969) module 39, x -6.2275, y -11.455, z 325.525
 38865150 (910) module 37, x -5.1825, y -9.5575, z 263.531
 38469046 (849) module 36, x -4.9625, y -9.1425, z 250.469
 36369860 (777) module 34, x  -4.55, y -8.3725, z 225.469
 34270930 (709) module 32, x -4.1375, y -7.6025, z 200.469
 32171743 (648) module 30, x -3.6975, y  -6.86, z 175.469
 30072557 (586) module 28, x -3.285, y -6.1175, z 150.469
 27973627 (530) module 26, x -2.8725, y -5.3475, z 125.469

Track #73, length 12
 43431708 (1005) module 41, x -31.5825, y 0.112499, z 401.411
 41334655 (941) module 39, x -26.1375, y 0.112499, z 324.463
 39237582 (882) module 37, x -21.7925, y 0.112499, z 262.469
 37140462 (816) module 35, x -20.0325, y 0.112499, z 237.469
 34626318 (745) module 33, x -18.355, y 0.0675001, z 213.531
 32529198 (681) module 31, x -16.595, y 0.0675001, z 188.531
 30432078 (623) module 29, x -14.835, y 0.0675001, z 163.531
 28334958 (566) module 27, x -13.075, y 0.0675001, z 138.531
 26237838 (515) module 25, x -11.315, y 0.0675001, z 113.531
 24140718 (464) module 23, x -9.555, y 0.0675001, z 88.531
 22043598 (413) module 21, x -7.8225, y 0.0675001, z 63.531
 19946478 (372) module 19, x -6.0625, y 0.0675001, z 38.531

Track #74, length 12
 43399525 (1007) module 41, x -27.5675, y -6.8175, z 401.411
 41307836 (943) module 39, x -22.7825, y -5.6625, z 324.463
 38843139 (884) module 37, x -18.9875, y -4.7725, z 263.531
 36744223 (818) module 35, x -17.4475, y -4.3875, z 238.531
 34645307 (747) module 33, x -15.9075, y -4.0025, z 213.531
 32546391 (683) module 31, x -14.3675, y -3.6175, z 188.531
 30447474 (625) module 29, x -12.8825, y -3.2325, z 163.531
 28348557 (568) module 27, x -11.37, y -2.8475, z 138.531
 26249641 (517) module 25, x -9.8575, y -2.4625, z 113.531
 24150724 (467) module 23, x -8.345, y -2.0775, z 88.531
 22051808 (416) module 21, x -6.8325, y -1.6925, z 63.531
 19952891 (375) module 19, x  -5.32, y -1.335, z 38.531

Track #75, length 8
 43844151 (1024) module 41, x -9.24583, y 30.0792, z 402.473
 41738418 (965) module 39, x -7.2475, y 23.3325, z 325.525
 39468312 (907) module 37, x -5.57917, y 17.7958, z 262.469
 37374529 (841) module 35, x -4.8825, y 15.5775, z 237.469
 35280489 (770) module 33, x -4.195, y 13.3775, z 212.469
 33186705 (704) module 31, x -3.5075, y 11.1775, z 187.469
 31092921 (640) module 29, x -2.7925, y 8.9775, z 162.469
 28998881 (579) module 27, x -2.1325, y 6.7775, z 137.469

Track #76, length 8
 42355331 (1004) module 40, x  25.89, y 5.8825, z 389.411
 40264687 (937) module 38, x  19.95, y 4.5075, z 312.463
 37787977 (869) module 36, x 15.1375, y   3.37, z 251.531
 35688813 (800) module 34, x 13.1575, y 2.9025, z 226.531
 33589393 (726) module 32, x 11.1592, y 2.44417, z 201.531
 31490230 (661) module 30, x 9.1425, y 1.9675, z 176.531
 29391065 (593) module 28, x 7.2175, y 1.5275, z 151.531
 27291900 (532) module 26, x  5.265, y 1.0875, z 126.531

Track #77, length 12
 41324815 (940) module 39, x -32.27, y -1.9775, z 324.463
 39229041 (881) module 37, x -26.9075, y -1.675, z 262.469
 37132696 (815) module 35, x -24.735, y -1.5375, z 237.469
 35036096 (743) module 33, x -22.5625, y -1.4275, z 212.469
 32939751 (679) module 31, x -20.39, y -1.2625, z 187.469
 30437647 (620) module 29, x -18.3275, y -1.1425, z 163.531
 28340023 (565) module 27, x -16.1275, y -1.0325, z 138.531
 26242142 (513) module 25, x -13.9825, y -0.8675, z 113.531
 24144517 (463) module 23, x -11.81, y -0.7575, z 88.531
 22046637 (412) module 21, x -9.6375, y -0.5925, z 63.531
 19949012 (370) module 19, x -7.465, y -0.4825, z 38.531
 17851132 (328) module 17, x -5.2925, y -0.3175, z 13.531

Track #78, length 10
 41295282 (942) module 39, x -23.305, y -8.3575, z 324.463
 39205371 (883) module 37, x -19.3175, y -6.8175, z 262.469
 36752919 (817) module 35, x -17.86, y -6.2575, z 238.531
 34652980 (746) module 33, x -16.2925, y -5.6525, z 213.531
 32552785 (682) module 31, x -14.6975, y -4.9925, z 188.531
 30452846 (624) module 29, x -13.1025, y -4.3875, z 163.531
 28352650 (567) module 27, x -11.5442, y -3.76417, z 138.531
 26252711 (516) module 25, x -9.9675, y -3.1225, z 113.531
 24152259 (465) module 23, x -8.4275, y -2.435, z 88.531
 22051808 (416) module 21, x -6.8325, y -1.6925, z 63.531

Track #79, length 8
 41702759 (973) module 39, x 0.3975, y 27.4575, z 325.525
 39605725 (912) module 37, x   0.37, y  20.94, z 263.531
 37398801 (845) module 35, x 0.342499, y 18.2175, z 237.469
 35301696 (774) module 33, x 0.342499, y 15.605, z 212.469
 33204336 (707) module 31, x 0.314999, y 12.9925, z 187.469
 31107231 (642) module 29, x 0.287498, y 10.4075, z 162.469
 29009870 (580) module 27, x 0.232498, y 7.8225, z 137.469
 26912764 (523) module 25, x 0.232498, y  5.265, z 112.469

Track #80, length 12
 41087662 (958) module 39, x -9.555, y -36.6175, z 325.525
 38962124 (898) module 37, x -7.9325, y -30.54, z 263.531
 36853719 (833) module 35, x -7.3275, y -28.0925, z 238.531
 34745059 (763) module 33, x -6.6675, y -25.6175, z 213.531
 32636911 (699) module 31, x -6.0075, y -23.17, z 188.531
 30528506 (638) module 29, x -5.4025, y -20.7225, z 163.531
 30146807 (584) module 28, x -5.0725, y -19.5375, z 151.531
 27980583 (528) module 26, x -4.4125, y -17.0075, z 125.469
 25880403 (478) module 24, x -3.7525, y -14.56, z 100.469
 23780224 (427) module 22, x -3.0925, y -12.1125, z 75.469
 21680301 (382) module 20, x -2.4875, y -9.6375, z 50.469
 19580121 (337) module 18, x -1.8275, y -7.2175, z 25.469

Track #81, length 6
 39877015 (928) module 38, x  10.82, y 1.5825, z 313.525
 37777852 (861) module 36, x 8.8125, y 1.1425, z 251.531
 35680202 (793) module 34, x 8.0425, y 1.0325, z 226.531
 33582551 (720) module 32, x 7.3275, y 0.9225, z 201.531
 31485157 (655) module 30, x   6.53, y 0.8675, z 176.531
 29387508 (590) module 28, x 5.7325, y 0.7575, z 151.531

Track #82, length 10
 40302267 (938) module 38, x 22.8375, y -3.5775, z 312.463
 37758467 (872) module 36, x 18.9875, y -2.955, z 251.531
 35662624 (803) module 34, x 17.3925, y -2.7075, z 226.531
 33566780 (728) module 32, x 15.825, y -2.405, z 201.531
 31470937 (664) module 30, x 14.2575, y  -2.13, z 176.531
 29375349 (601) module 28, x  12.69, y -1.8275, z 151.531
 27279250 (540) module 26, x 11.1225, y  -1.58, z 126.531
 25183407 (486) module 24, x 9.5275, y -1.3325, z 101.531
 23087307 (435) module 22, x   7.96, y -1.1125, z 76.531
 20991208 (389) module 20, x 6.3925, y -0.8925, z 51.531

Track #83, length 11
 40132363 (939) module 38, x 32.5175, y  33.08, z 312.463
 38061423 (873) module 36, x 27.0175, y  27.47, z 250.469
 35975064 (804) module 34, x 24.7625, y 25.1875, z 225.469
 33887936 (729) module 32, x 22.535, y 22.9325, z 200.469
 31801321 (665) module 30, x 20.2892, y 20.6408, z 175.469
 29469202 (602) module 28, x 18.135, y 18.4675, z 151.531
 27361339 (541) module 26, x 15.8708, y 16.1942, z 126.531
 25253733 (487) module 24, x 13.5975, y 13.9025, z 101.531
 23145870 (437) module 22, x 11.3425, y  11.62, z 76.531
 21038263 (390) module 20, x 9.0875, y 9.3375, z 51.531
 18930656 (344) module 18, x 6.8325, y      7, z 26.531

Track #84, length 11
 39779941 (877) module 37, x -37.2775, y 27.5675, z 263.531
 37669005 (810) module 35, x -34.335, y 25.3675, z 238.531
 35558325 (738) module 33, x -31.3925, y  23.14, z 213.531
 33447390 (674) module 31, x -28.4225, y 20.9125, z 188.531
 30988810 (615) module 29, x -25.315, y 18.6025, z 162.469
 28905266 (557) module 27, x -22.3175, y 16.4025, z 137.469
 26821978 (507) module 25, x -19.32, y 14.2025, z 112.469
 24738946 (458) module 23, x -16.3225, y 11.975, z 87.469
 22655915 (407) module 21, x -13.2975, y 9.7475, z 62.469
 20572883 (365) module 19, x -10.2725, y 7.5475, z 37.469
 18489083 (323) module 17, x -7.275, y 5.3475, z 12.469

Track #85, length 7
 39062855 (880) module 37, x -29.2175, y -37.6175, z 262.469
 36987273 (814) module 35, x -25.5875, y -32.97, z 237.469
 34911947 (744) module 33, x -21.9575, y -28.295, z 212.469
 32639243 (680) module 31, x -18.5108, y -23.8392, z 188.531
 30521165 (622) module 29, x -14.89, y -19.1825, z 163.531
 28402319 (569) module 27, x -11.2875, y -14.535, z 138.531
 26283729 (518) module 25, x -7.6575, y -9.8875, z 113.531

Track #86, length 11
 39322444 (878) module 37, x -37.14, y 14.9725, z 262.469
 37239394 (811) module 35, x -34.115, y 13.7625, z 237.469
 35156344 (739) module 33, x -31.1175, y 12.5525, z 212.469
 33073037 (675) module 31, x -28.12, y  11.37, z 187.469
 30989987 (616) module 29, x -25.095, y  10.16, z 162.469
 28906425 (558) module 27, x -22.0975, y 8.9775, z 137.469
 26823119 (508) module 25, x  -19.1, y 7.7675, z 112.469
 24740069 (459) module 23, x -16.1025, y 6.5575, z 87.469
 22657019 (408) module 21, x -13.0775, y 5.3475, z 62.469
 19927202 (366) module 19, x -10.215, y 4.1925, z 38.531
 17835480 (324) module 17, x -7.2725, y   3.01, z 13.531

Track #87, length 11
 39175967 (879) module 37, x -31.39, y -13.1975, z 262.469
 37083981 (813) module 35, x -28.86, y -12.0975, z 237.469
 34991739 (742) module 33, x -26.33, y -11.0525, z 212.469
 32899241 (678) module 31, x -23.8275, y  -9.98, z 187.469
 30806999 (619) module 29, x -21.2975, y  -8.88, z 162.469
 28371717 (562) module 27, x -18.8775, y -7.8525, z 138.531
 26269747 (511) module 25, x -16.3475, y -6.8075, z 113.531
 24167776 (462) module 23, x -13.845, y -5.7625, z 88.531
 22065550 (411) module 21, x -11.3242, y -4.68083, z 63.531
 19963580 (369) module 19, x -8.785, y -3.6175, z 38.531
 17861610 (327) module 17, x -6.255, y -2.5725, z 13.531

Track #88, length 10
 38098259 (875) module 36, x  28.53, y 19.4675, z 250.469
 36008574 (806) module 34, x 26.165, y 17.8725, z 225.469
 33919145 (731) module 32, x   23.8, y 16.2225, z 200.469
 31829716 (667) module 30, x 21.435, y 14.5725, z 175.469
 29740287 (604) module 28, x 19.0975, y 12.9225, z 150.469
 27339050 (543) module 26, x 16.8425, y 11.3725, z 126.531
 25234261 (489) module 24, x 14.4775, y 9.7225, z 101.531
 23129985 (441) module 22, x 12.0575, y    8.1, z 76.531
 21025452 (392) module 20, x  9.665, y 6.4775, z 51.531
 18920664 (346) module 18, x  7.245, y 4.8275, z 26.531

Track #89, length 8
 38285170 (876) module 36, x 34.7475, y -12.8825, z 250.469
 36202115 (808) module 34, x 31.7225, y -11.9475, z 225.469
 34118805 (734) module 32, x 28.7525, y -10.9575, z 200.469
 32035495 (668) module 30, x 25.7825, y -9.9675, z 175.469
 29951674 (606) module 28, x 22.8125, y -8.9225, z 150.469
 27868108 (545) module 26, x 19.8975, y -7.905, z 125.469
 25784287 (491) module 24, x 17.0375, y -6.8875, z 100.469
 23700464 (442) module 22, x  14.15, y -5.925, z 75.469

Track #90, length 10
 38169688 (874) module 36, x 28.255, y 4.0125, z 250.469
 36074116 (805) module 34, x 25.8625, y 3.6825, z 225.469
 33978543 (730) module 32, x 23.4975, y 3.3525, z 200.469
 31882970 (666) module 30, x 21.1325, y 3.0225, z 175.469
 29396229 (603) module 28, x 18.8775, y 2.6825, z 151.531
 27297584 (542) module 26, x 16.5125, y 2.3525, z 126.531
 25198939 (488) module 24, x 14.1475, y 2.0225, z 101.531
 23100294 (439) module 22, x 11.7825, y 1.6925, z 76.531
 21001648 (391) module 20, x  9.445, y 1.3625, z 51.531
 18903003 (345) module 18, x   7.08, y 1.0325, z 26.531

Track #91, length 6
 37567799 (820) module 35, x  -12.5, y 30.0975, z 238.531
 35462531 (749) module 33, x -10.7492, y 25.8808, z 213.531
 33357776 (686) module 31, x  -8.98, y 21.655, z 188.531
 31072546 (629) module 29, x -7.1375, y 17.255, z 162.469
 28983663 (576) module 27, x -5.3775, y  13.02, z 137.469
 26894780 (522) module 25, x -3.6175, y  8.785, z 112.469

Track #92, length 8
 36625421 (809) module 34, x 35.4075, y -32.38, z 226.531
 34509140 (735) module 32, x 31.3008, y -28.4842, z 201.531
 32393115 (669) module 30, x 27.2125, y -24.5975, z 176.531
 30277345 (607) module 28, x 23.1425, y -20.7108, z 151.531
 27873069 (544) module 26, x 18.7975, y -16.6775, z 125.469
 25795699 (490) module 24, x 14.535, y -12.8275, z 100.469
 23718584 (436) module 22, x 10.2542, y -8.99583, z 75.469
 21641213 (387) module 20, x 5.9275, y  -5.21, z 50.469

Track #93, length 4
 35035407 (737) module 33, x -32.2975, y -1.5375, z 212.469
 32938056 (673) module 31, x -29.1625, y -1.5925, z 187.469
 30840961 (614) module 29, x    -26, y -1.5925, z 162.469
 28743867 (556) module 27, x -22.8375, y -1.5925, z 137.469

Track #94, length 9
 34956855 (741) module 33, x -30.0975, y -18.5325, z 212.469
 32867948 (677) module 31, x -27.1825, y -16.7725, z 187.469
 30779042 (618) module 29, x -24.2125, y -14.985, z 162.469
 28690647 (561) module 27, x -21.27, y -13.1425, z 137.469
 26290188 (510) module 25, x -18.4925, y -11.345, z 113.531
 24184896 (461) module 23, x -15.6325, y -9.5575, z 88.531
 22079860 (410) module 21, x -12.7725, y  -7.77, z 63.531
 19974311 (368) module 19, x  -9.94, y -5.9275, z 38.531
 17868763 (326) module 17, x  -7.08, y -4.1125, z 13.531

Track #95, length 9
 35035953 (740) module 33, x -30.4275, y -1.4275, z 212.469
 32939622 (676) module 31, x -27.485, y -1.2625, z 187.469
 30843036 (617) module 29, x -24.5425, y -1.1525, z 162.469
 28746705 (560) module 27, x -21.6275, y -0.987499, z 137.469
 26242054 (509) module 25, x -18.8225, y -0.8675, z 113.531
 24144443 (460) module 23, x -15.9075, y -0.7575, z 88.531
 22046576 (409) module 21, x -12.9925, y -0.5925, z 63.531
 19948965 (367) module 19, x -10.0775, y -0.4825, z 38.531
 17851098 (325) module 17, x -7.1625, y -0.3175, z 13.531

Track #96, length 8
 34082790 (736) module 32, x  36.48, y -6.475, z 200.469
 32002802 (672) module 30, x 32.8225, y -5.8425, z 175.469
 29922814 (609) module 28, x 29.1375, y -5.1825, z 150.469
 25623501 (494) module 24, x 21.8108, y -3.88917, z 100.469
 23077135 (446) module 22, x   18.3, y -3.2575, z 76.531
 20983122 (395) module 20, x 14.6425, y -2.5975, z 51.531
 18889108 (350) module 18, x 10.985, y -1.9375, z 26.531
 16794839 (305) module 16, x 7.3275, y -1.305, z  1.531

Track #97, length 8
 31834415 (671) module 30, x  30.51, y 13.5275, z 175.469
 29744236 (608) module 28, x 27.155, y 12.0425, z 150.469
 27654314 (548) module 26, x 23.7725, y 10.5025, z 125.469
 25563880 (493) module 24, x 20.3625, y 8.9625, z 100.469
 23127333 (445) module 22, x 17.1175, y 7.5225, z 76.531
 21023075 (394) module 20, x 13.7075, y 5.9825, z 51.531
 18919073 (348) module 18, x  10.27, y 4.4975, z 26.531
 16815071 (303) module 16, x   6.86, y 3.0125, z  1.531

Track #98, length 7
 30723347 (612) module 29, x -32.05, y -27.0575, z 162.469
 28640858 (555) module 27, x -28.1725, y -23.785, z 137.469
 26558881 (505) module 25, x -24.2675, y -20.54, z 112.469
 24476903 (456) module 23, x -20.4175, y -17.295, z 87.469
 22109484 (405) module 21, x -16.7325, y -14.2325, z 63.531
 19997298 (363) module 19, x -12.8825, y -10.9875, z 38.531
 17885623 (321) module 17, x  -9.06, y -7.7425, z 13.531

Track #99, length 4
 30828621 (613) module 29, x -28.8875, y -4.2325, z 162.469
 28736461 (559) module 27, x -21.82, y -3.1875, z 137.469
 26248267 (512) module 25, x    -15, y -2.1875, z 113.531
 24146380 (468) module 23, x -7.9325, y  -1.17, z 88.531

Track #100, length 7
 31216442 (643) module 29, x 0.5075, y 29.905, z 163.531
 29119611 (581) module 27, x 0.4525, y 26.3575, z 138.531
 27022779 (524) module 25, x 0.3975, y  22.81, z 113.531
 24926203 (474) module 23, x 0.2875, y  19.29, z 88.531
 22718272 (418) module 21, x 0.232498, y 15.6325, z 62.469
 20621183 (377) module 19, x 0.232498, y  12.14, z 37.469
 18523839 (331) module 17, x 0.177498, y   8.62, z 12.469

Track #101, length 6
 30504405 (628) module 29, x -7.4375, y -15.58, z 163.531
 28398821 (572) module 27, x -6.5575, y -13.7375, z 138.531
 26292981 (521) module 25, x -5.6775, y -11.895, z 113.531
 23786167 (425) module 22, x -4.3575, y -9.0875, z 75.469
 21684952 (381) module 20, x -3.4775, y -7.2725, z 50.469
 19583482 (336) module 18, x  -2.57, y -5.4025, z 25.469

Track #102, length 8
 29543353 (596) module 28, x   8.95, y 34.4725, z 151.531
 27425998 (537) module 26, x 7.8225, y 30.155, z 126.531
 25308899 (483) module 24, x 6.6675, y 25.8375, z 101.531
 23192055 (431) module 22, x 5.5675, y  21.52, z 76.531
 22807036 (424) module 21, x   4.99, y 19.2625, z 63.531
 20637775 (380) module 19, x 3.82583, y 14.7892, z 37.469
 18535582 (332) module 17, x 2.7075, y 10.4625, z 12.469
 16433388 (294) module 15, x 1.6075, y  6.145, z -12.531

Track #103, length 6
 27623231 (551) module 26, x 29.6392, y 17.1208, z 125.469
 25537677 (497) module 24, x 25.3675, y 14.655, z 100.469
 23452122 (449) module 22, x 21.105, y 12.2075, z 75.469
 21040422 (397) module 20, x 17.035, y 9.8325, z 51.531
 18932340 (353) module 18, x 12.7725, y 7.3575, z 26.531
 16823745 (308) module 16, x 8.51917, y 4.90083, z  1.531

Track #104, length 5
 26647285 (506) module 25, x -19.6475, y -1.4825, z 112.469
 24146988 (457) module 23, x -16.705, y -1.3075, z 88.531
 22048612 (406) module 21, x -13.6525, y -1.0325, z 63.531
 19950235 (364) module 19, x -10.6275, y -0.7575, z 38.531
 17851859 (322) module 17, x -7.5475, y -0.4825, z 13.531

Track #105, length 5
 25524560 (498) module 24, x 28.7225, y 17.4875, z 100.469
 23441063 (450) module 22, x 23.9008, y 14.5542, z 75.469
 21357823 (399) module 20, x 19.0975, y 11.6025, z 50.469
 18938965 (355) module 18, x  14.45, y 8.7875, z 26.531
 16828077 (310) module 16, x 9.6375, y  5.845, z  1.531

Track #106, length 6
 25694106 (503) module 24, x  36.48, y -10.6825, z 100.469
 23625658 (452) module 22, x 30.3292, y -8.88583, z 75.469
 21556955 (401) module 20, x 24.215, y -7.1075, z 50.469
 19487740 (357) module 18, x  18.11, y -5.2925, z 25.469
 16784254 (312) module 16, x 12.2225, y -3.5875, z  1.531
 14695661 (274) module 14, x   6.09, y -1.7725, z -23.469

Track #107, length 6
 24304836 (466) module 23, x -8.3725, y -35.435, z 88.531
 22177503 (415) module 21, x -6.85083, y -28.9542, z 63.531
 20050939 (374) module 19, x -5.3475, y -22.51, z 38.531
 19663097 (334) module 18, x -4.59583, y -19.4092, z 26.531
 17488246 (295) module 16, x -2.9825, y -12.635, z  0.469
 15384044 (264) module 14, x -1.4425, y -6.145, z -24.531

Track #108, length 5
 24442175 (454) module 23, x -29.6392, y -24.8208, z 87.469
 22365859 (404) module 21, x -24.13, y -20.2925, z 62.469
 20020229 (362) module 19, x -18.85, y -15.965, z 38.531
 17901929 (320) module 17, x -13.3408, y -11.4092, z 13.531
 15784140 (287) module 15, x -7.905, y -6.8075, z -11.469

Track #109, length 5
 24026015 (453) module 22, x 31.8692, y -24.3408, z 76.531
 21899256 (402) module 20, x 25.4892, y -19.4458, z 51.531
 19484247 (358) module 18, x 18.825, y -14.3675, z 25.469
 17416879 (313) module 16, x 12.4542, y -9.49083, z  0.469
 14681320 (275) module 14, x 6.35583, y -4.83417, z -23.469

Track #110, length 5
 23451991 (451) module 22, x  28.31, y 12.2075, z 75.469
 21365952 (400) module 20, x 22.5625, y 9.7325, z 50.469
 18932261 (356) module 18, x  17.09, y 7.3575, z 26.531
 16823693 (311) module 16, x 11.3792, y 4.90083, z  1.531
 14715380 (272) module 14, x  5.705, y 2.4625, z -23.469

Track #111, length 4
 22560572 (403) module 21, x -33.8308, y 15.8342, z 62.469
 20499325 (359) module 19, x -26.1308, y 12.2592, z 37.469
 18437310 (319) module 17, x -18.495, y 8.7025, z 12.469
 16375807 (286) module 15, x -10.85, y 5.1275, z -12.531

Track #112, length 4
 21809244 (388) module 20, x 5.9275, y -28.035, z 51.531
 19705308 (342) module 18, x 4.4425, y -20.995, z 26.531
 17460579 (300) module 16, x 2.9575, y -13.68, z  0.469
 15370467 (270) module 14, x 1.4725, y  -6.64, z -24.531

Track #113, length 4
 19547837 (343) module 18, x 5.1025, y  -8.73, z 25.469
 17433676 (309) module 16, x 8.7325, y -14.945, z  0.469
 15546590 (276) module 14, x 12.1975, y -20.885, z -23.469
 13466221 (250) module 12, x 15.8275, y  -27.1, z -48.469

Track #114, length 5
 19573471 (339) module 18, x -0.397499, y  -6.86, z 25.469
 17477510 (298) module 16, x -0.672501, y -11.755, z  0.469
 15381550 (266) module 14, x -0.947498, y -16.595, z -24.531
 13387479 (245) module 12, x -1.2225, y -21.27, z -48.469
 11288959 (215) module 10, x -1.4975, y -26.1375, z -73.469

Track #115, length 7
 17481173 (297) module 16, x -1.4425, y  -7.41, z  0.469
 15386781 (262) module 14, x -2.0475, y -10.49, z -24.531
 13292133 (244) module 12, x -2.625, y -13.5975, z -49.531
 11197741 (213) module 10, x -3.2025, y -16.6775, z -74.531
  9176464 (173) module  8, x -4.7975, y -25.175, z -143.219
  7513325 (165) module  7, x -6.1175, y -32.3275, z -200.969
  5430242 (122) module  5, x -6.7225, y -35.38, z -225.969

Track #116, length 4
 17476291 (299) module 16, x -0.397499, y   -8.4, z  0.469
 15379846 (267) module 14, x -0.5625, y -11.7825, z -24.531
 13283146 (246) module 12, x -0.672501, y -15.0825, z -49.531
 11186446 (216) module 10, x -0.782501, y -18.3825, z -74.531

Track #117, length 4
 15370985 (269) module 14, x 1.32583, y -6.31917, z -24.531
 13269921 (248) module 12, x 2.1875, y -10.27, z -49.531
 11168858 (218) module 10, x 3.0125, y -14.2025, z -74.531
  9223571 (181) module  8, x 5.3225, y -25.0375, z -143.219

Track #118, length 4
 15377631 (268) module 14, x -0.0675011, y  -6.86, z -24.531
 13280402 (247) module 12, x -0.0675011, y -11.1225, z -49.531
 11183172 (217) module 10, x -0.0675011, y -15.4125, z -74.531
  9198445 (177) module  8, x -0.0675001, y -27.1275, z -143.219

Track #119, length 4
 14735089 (273) module 14, x 5.87917, y 6.71583, z -23.469
 12657325 (249) module 12, x 9.6375, y 10.9875, z -48.469
 10579816 (228) module 10, x 13.4325, y 15.2225, z -73.469
  8702629 (188) module  8, x 24.0292, y 27.1858, z -144.281

Track #120, length 6
 11595748 (238) module 11, x -6.585, y -8.0725, z -61.469
  9531768 (197) module  9, x -12.525, y -15.36, z -131.219
  7468556 (155) module  7, x -18.465, y -22.6475, z -200.969
  5565666 (113) module  5, x -20.6925, y -25.3525, z -227.031
  3456188 (68) module  3, x -22.7825, y -27.9925, z -252.031
  1346965 (24) module  1, x -24.9275, y -30.5775, z -277.031

Track #121, length 6
 12209640 (240) module 11, x -4.7175, y 6.3925, z -62.531
 10100134 (203) module  9, x -7.3575, y 10.0225, z -132.281
  7990884 (162) module  7, x -10.0525, y 13.6525, z -202.031
  5889101 (119) module  5, x -11.0425, y 14.9175, z -227.031
  3787573 (75) module  3, x -11.9775, y 16.2375, z -252.031
  1685789 (30) module  1, x -12.9675, y  17.53, z -277.031

Track #122, length 5
 10144962 (209) module  9, x 2.2675, y 8.4825, z -132.281
  8056643 (171) module  7, x   4.22, y 15.4675, z -202.031
  5962772 (132) module  5, x 4.9075, y 18.0525, z -227.031
  4306942 (97) module  4, x 5.1825, y 19.1825, z -237.969
   136677 (10) module  0, x 6.5575, y 24.4625, z -287.969

Track #123, length 5
  9531542 (198) module  9, x -10.8658, y -15.2958, z -131.219
  7469888 (160) module  7, x -15.6325, y -22.9225, z -200.969
  5384993 (116) module  5, x -17.3375, y  -25.7, z -225.969
  3300866 (73) module  3, x -19.0425, y -28.505, z -250.969
  1342944 (28) module  1, x -20.775, y -31.4575, z -277.031

Track #124, length 5
  9480364 (199) module  9, x -9.6925, y -4.195, z -131.219
  7399447 (156) module  7, x -17.8875, y -7.715, z -200.969
  5640668 (112) module  5, x -20.995, y -9.0175, z -227.031
  3538087 (67) module  3, x -23.9375, y -10.2825, z -252.031
  1434992 (23) module  1, x -26.935, y -11.5475, z -277.031

Track #125, length 5
  9476286 (201) module  9, x -8.675, y -3.2875, z -131.219
  7391801 (158) module  7, x -16.0175, y -6.0375, z -200.969
  5298953 (114) module  5, x -18.63, y     -7, z -225.969
  3548117 (69) module  3, x -21.38, y -8.0275, z -252.031
  1446309 (25) module  1, x -24.02, y -9.0175, z -277.031

Track #126, length 5
  9470203 (205) module  9, x -5.3475, y -1.9675, z -131.219
  7380905 (163) module  7, x -9.8575, y -3.6725, z -200.969
  5286539 (118) module  5, x -11.48, y -4.2775, z -225.969
  3192174 (74) module  3, x -13.1025, y -4.8825, z -250.969
  1097808 (29) module  1, x -14.725, y -5.4875, z -275.969

Track #127, length 5
  9487817 (202) module  9, x  -8.07, y -5.7625, z -131.219
  7412815 (161) module  7, x -14.8075, y -10.6575, z -200.969
  5323554 (117) module  5, x -17.2458, y -12.3992, z -225.969
  3519730 (70) module  3, x -19.7758, y -14.2242, z -252.031
  1414598 (26) module  1, x -22.205, y -15.9475, z -277.031

Track #128, length 5
  9482747 (206) module  9, x  -5.32, y -4.6625, z -131.219
  7396045 (164) module  7, x -7.8775, y -6.9175, z -200.969
  5302717 (120) module  5, x -8.7575, y -7.7425, z -225.969
  3209388 (76) module  3, x -9.6925, y -8.5675, z -250.969
  1115548 (31) module  1, x -10.5725, y -9.3925, z -275.969

Track #129, length 5
 10146779 (210) module  9, x 2.6525, y 7.1075, z -132.281
  8055455 (170) module  7, x 3.9175, y 10.4075, z -202.031
  5960329 (131) module  5, x 4.3575, y  11.59, z -227.031
  3865204 (88) module  3, x 4.7975, y 12.7725, z -252.031
    90617 (9) module  0, x 5.4575, y  14.48, z -287.969

Track #130, length 5
  9088739 (175) module  8, x -0.6175, y -6.6675, z -144.281
  6993803 (133) module  6, x -1.1125, y -11.5075, z -214.031
  4897643 (89) module  4, x -1.3325, y -13.2675, z -239.031
  2801483 (45) module  2, x -1.5525, y    -15, z -264.031
   705324 (1) module  0, x -1.7725, y -16.7325, z -289.031

Track #131, length 5
  9083132 (178) module  8, x 0.592499, y -5.265, z -144.281
  6984119 (135) module  6, x 0.977501, y -9.0875, z -214.031
  4886174 (91) module  4, x 1.1425, y -10.435, z -239.031
  2788229 (47) module  2, x 1.3075, y -11.81, z -264.031
   690285 (3) module  0, x  1.445, y -13.1575, z -289.031

Track #132, length 5
  9080818 (179) module  8, x 1.0875, y -5.815, z -144.281
  6982095 (137) module  6, x 1.4175, y -7.7675, z -214.031
  4884162 (93) module  4, x 1.5825, y -8.4825, z -239.031
  2786485 (49) module  2, x 1.6925, y -9.1975, z -264.031
   688552 (5) module  0, x   1.83, y -9.9125, z -289.031

Track #133, length 5
  9045205 (183) module  8, x 8.7325, y -7.4375, z -144.281
  6924929 (151) module  6, x 13.765, y -12.0575, z -214.031
  4819810 (107) module  4, x 15.4975, y -13.7625, z -239.031
  2714435 (63) module  2, x 17.2575, y -15.44, z -264.031
   609062 (20) module  0, x 19.0175, y -17.035, z -289.031

Track #134, length 5
  9026514 (186) module  8, x 12.8575, y -7.6025, z -144.281
  6885998 (153) module  6, x 22.1525, y -13.1025, z -214.031
  4773705 (110) module  4, x 25.4892, y -15.1008, z -239.031
  2661157 (65) module  2, x 28.8075, y -17.09, z -264.031
   548354 (22) module  0, x 32.135, y -19.0425, z -289.031

Track #135, length 5
  9077189 (180) module  8, x   1.83, y -8.3175, z -144.281
  6975829 (140) module  6, x 2.7375, y -14.4775, z -214.031
  4877356 (95) module  4, x 3.0125, y -16.705, z -239.031
  2778884 (51) module  2, x 3.2875, y -18.9325, z -264.031
   826843 (7) module  0, x 3.5625, y -21.0775, z -287.969

Track #136, length 5
  8427755 (182) module  8, x    6.2, y 3.2875, z -143.219
  6341785 (148) module  6, x  10.71, y 5.7075, z -212.969
  4248700 (105) module  4, x 12.3325, y 6.5875, z -237.969
  2155358 (61) module  2, x 13.955, y 7.4125, z -262.969
    62273 (18) module  0, x 15.5775, y 8.2925, z -287.969

Track #137, length 5
  9042921 (184) module  8, x   9.31, y -6.3375, z -144.281
  6928048 (150) module  6, x 13.1325, y -9.4725, z -214.031
  4824475 (106) module  4, x 14.5075, y -10.6275, z -239.031
  2720902 (62) module  2, x 15.855, y -11.7825, z -264.031
   617585 (19) module  0, x 17.2025, y -12.91, z -289.031

Track #138, length 5
  8447639 (185) module  8, x  10.82, y 7.5775, z -143.219
  6375434 (152) module  6, x 18.6025, y 13.0775, z -212.969
  4563922 (109) module  4, x 21.5542, y 15.1408, z -239.031
  2457759 (64) module  2, x 24.3775, y 17.1025, z -264.031
   351340 (21) module  0, x 27.1825, y 19.0825, z -289.031

Track #139, length 4
  8035050 (168) module  7, x -0.482502, y 6.2825, z -202.031
  5937887 (128) module  5, x -0.482502, y 6.8875, z -227.031
  3840468 (84) module  3, x -0.537502, y 7.4925, z -252.031
  1743049 (39) module  1, x -0.592499, y 8.0975, z -277.031

Track #140, length 4
  8050413 (169) module  7, x 2.8175, y 6.1175, z -202.031
  5953503 (130) module  5, x    2.9, y   6.86, z -227.031
  3856850 (87) module  3, x 2.9825, y 7.6025, z -252.031
  1760196 (42) module  1, x 3.0925, y 8.3725, z -277.031

Track #141, length 4
  8030711 (167) module  7, x -1.4175, y 5.5675, z -202.031
  5932779 (126) module  5, x -1.5825, y 6.2275, z -227.031
  3834847 (82) module  3, x -1.7475, y   6.86, z -252.031
  1736916 (37) module  1, x -1.9125, y 7.4925, z -277.031

Track #142, length 4
  6353404 (141) module  6, x 5.2925, y   8.21, z -212.969
  4265177 (101) module  4, x 7.2175, y 10.2175, z -237.969
  2176950 (59) module  2, x 9.10583, y 12.1792, z -262.969
    88980 (17) module  0, x 11.0125, y 14.1225, z -287.969

Track #143, length 4
  6359784 (144) module  6, x 6.3925, y 9.6675, z -212.969
  4266717 (99) module  4, x 6.9975, y 10.5475, z -237.969
  2173650 (55) module  2, x  7.575, y 11.4275, z -262.969
    80584 (11) module  0, x 8.1525, y 12.3075, z -287.969

Track #144, length 4
  6313187 (146) module  6, x 6.6675, y -0.425, z -212.969
  4215761 (103) module  4, x 7.6575, y -0.5075, z -237.969
  2118334 (57) module  2, x 8.7025, y -0.5625, z -262.969
    20908 (14) module  0, x 9.6925, y -0.6175, z -287.969

Track #145, length 4
  6983631 (136) module  6, x 1.0875, y -7.7675, z -214.031
  4885690 (92) module  4, x  1.225, y -8.9225, z -239.031
  2788004 (48) module  2, x 1.3625, y -10.1325, z -264.031
   690063 (4) module  0, x 1.5275, y -11.2875, z -289.031

Track #146, length 4
  6981611 (138) module  6, x 1.5275, y   -6.2, z -214.031
  4883163 (94) module  4, x  1.775, y -7.1075, z -239.031
  2784970 (50) module  2, x 2.0225, y -8.0425, z -264.031
   686777 (6) module  0, x 2.2425, y -8.9775, z -289.031

Track #147, length 4
  6975989 (139) module  6, x 2.7375, y -5.6775, z -214.031
  4877029 (96) module  4, x 3.1225, y -6.5575, z -239.031
  2778070 (52) module  2, x 3.5075, y -7.3825, z -264.031
   678854 (8) module  0, x 3.9475, y -8.2625, z -289.031

Track #148, length 4
  6340084 (142) module  6, x 5.7325, y 5.3225, z -212.969
  4246756 (98) module  4, x 6.6125, y 6.1475, z -237.969
  2153428 (54) module  2, x  7.465, y 6.9725, z -262.969
    60100 (12) module  0, x  8.345, y 7.7975, z -287.969

Track #149, length 4
  6355691 (143) module  6, x 6.2275, y 8.6775, z -212.969
  4263385 (100) module  4, x 7.2175, y 9.8325, z -237.969
  2171335 (56) module  2, x 8.2075, y 10.9325, z -262.969
    79286 (13) module  0, x  9.115, y 12.0325, z -287.969

Track #150, length 3
 54072548 (1361) module 51, x -22.015, y 6.6125, z 750.469
 51982316 (1296) module 49, x -20.5575, y 6.1725, z 705.469
 49891571 (1224) module 47, x -19.1458, y 5.76917, z 660.469

Track #151, length 3
 54073057 (1362) module 51, x -21.9325, y 6.7775, z 750.469
 51982058 (1295) module 49, x -20.6125, y 6.2825, z 705.469
 49891571 (1224) module 47, x -19.1458, y 5.76917, z 660.469

Track #152, length 3
 52447208 (1333) module 50, x 6.3925, y  -1.14, z 739.531
 50350832 (1260) module 48, x 5.9525, y -1.0025, z 694.531
 48254200 (1187) module 46, x 5.5125, y -0.8925, z 649.531

Track #153, length 3
 51780423 (1286) module 49, x -29.2175, y  -8.44, z 705.469
 49689709 (1215) module 47, x -27.1275, y -7.0925, z 660.469
 47598738 (1141) module 45, x -25.0925, y -5.7725, z 615.469

Track #154, length 3
 37909959 (859) module 36, x 8.2075, y 29.7425, z 251.531
 35792604 (788) module 34, x 7.01583, y 25.4342, z 226.531
 33676018 (715) module 32, x 5.8425, y 21.135, z 201.531

Track #155, length 3
 36767691 (830) module 35, x -7.9875, y  -9.53, z 238.531
 34683596 (757) module 33, x -7.9325, y -12.3075, z 213.531
 32599245 (689) module 31, x -7.8775, y -15.0575, z 188.531

Track #156, length 3
 35673034 (792) module 34, x 8.0425, y -0.5075, z 226.531
 33576160 (717) module 32, x 6.8325, y -0.4525, z 201.531
 31479286 (651) module 30, x 5.6225, y -0.3975, z 176.531

Track #157, length 3
 32541396 (690) module 31, x -7.48517, y -2.52117, z 188.531
 30442979 (630) module 29, x  -6.64, y -2.2425, z 163.531
 28344818 (573) module 27, x -5.8425, y -2.0225, z 138.531

Track #158, length 3
 27622490 (549) module 26, x 28.1725, y 17.3225, z 125.469
 25536417 (495) module 24, x 24.2675, y 14.9575, z 100.469
 23450600 (447) module 22, x 20.3625, y 12.5375, z 75.469

Track #159, length 3
 23450600 (447) module 22, x 20.3625, y 12.5375, z 75.469
 21041712 (396) module 20, x 16.5125, y 10.135, z 51.531
 18933626 (352) module 18, x 12.4425, y   7.66, z 26.531

Track #160, length 3
 20972429 (393) module 20, x  11.37, y  -4.88, z 51.531
 18880705 (347) module 18, x   8.51, y -3.7525, z 26.531
 16788981 (302) module 16, x 5.6775, y -2.5975, z  1.531

Track #161, length 3
 19663079 (333) module 18, x -4.59583, y -20.3992, z 26.531
 17487979 (296) module 16, x -2.955, y -13.2675, z  0.469
 15383783 (265) module 14, x -1.3875, y  -6.42, z -24.531

Track #162, length 3
 15785711 (288) module 15, x -5.98917, y -7.15583, z -11.469
 13718923 (256) module 13, x -11.48, y -13.7925, z -36.469
 11652391 (231) module 11, x -16.9892, y -20.4108, z -61.469

Track #163, length 3
 13688004 (257) module 13, x -8.35417, y -7.04583, z -36.469
 11606139 (233) module 11, x -12.36, y -10.4375, z -61.469
  9784235 (192) module  9, x -23.7175, y -20.0175, z -132.281

Track #164, length 3
  8175059 (166) module  7, x -5.3225, y  21.49, z -200.969
  6084729 (121) module  5, x -6.8075, y  26.44, z -225.969
  3994400 (77) module  3, x -8.2925, y 31.335, z -250.969

