Track #0, length 11
 53920159 (1254) module 51, x -24.3775, y 0.662498, z 750.469
 51822778 (1201) module 49, x -22.8925, y 0.634998, z 705.469
 49725653 (1147) module 47, x -21.4075, y 0.607498, z 660.469
 47628272 (1101) module 45, x -19.9225, y 0.552498, z 615.469
 45110328 (1057) module 43, x -16.0725, y  0.425, z 497.982
 43013746 (1007) module 41, x -12.8825, y 0.3425, z 402.473
 40916896 (957) module 39, x -10.3525, y 0.2875, z 325.525
 38820037 (904) module 37, x  -8.29, y 0.2325, z 263.531
 36723157 (850) module 35, x -7.4375, y 0.1775, z 238.531
 34626019 (798) module 33, x  -6.64, y 0.1775, z 213.531
 32528882 (753) module 31, x -5.815, y 0.1775, z 188.531

Track #1, length 11
 54392736 (1255) module 51, x -22.73, y 24.3225, z 751.531
 52289211 (1203) module 49, x -21.3275, y 22.8375, z 706.531
 50185686 (1148) module 47, x -19.9525, y 21.3525, z 661.531
 48082161 (1102) module 45, x -18.5775, y 19.8675, z 616.531
 45717050 (1058) module 43, x -14.8925, y 15.935, z 496.921
 43633524 (1008) module 41, x -11.9775, y 12.7725, z 401.411
 41547425 (959) module 39, x -9.6125, y  10.27, z 324.463
 39458759 (906) module 37, x -7.6875, y 8.2075, z 262.469
 37365206 (852) module 35, x -6.9175, y 7.3825, z 237.469
 35271652 (800) module 33, x -6.1475, y  6.585, z 212.469
 33177843 (755) module 31, x -5.405, y 5.7875, z 187.469

Track #2, length 10
 53925360 (1258) module 51, x -19.9225, y 1.7625, z 750.469
 51396102 (1205) module 49, x -18.8042, y 1.64417, z 706.531
 49299484 (1150) module 47, x -17.6125, y 1.5525, z 661.531
 47202866 (1104) module 45, x -16.4025, y 1.4425, z 616.531
 45107052 (1060) module 43, x -13.2125, y 1.1675, z 497.982
 43010971 (1011) module 41, x -10.6275, y 0.9475, z 402.473
 40914625 (961) module 39, x -8.5375, y 0.7825, z 325.525
 38818271 (907) module 37, x -6.8875, y 0.6175, z 263.531
 36721387 (854) module 35, x -6.2275, y 0.5625, z 238.531
 34624503 (801) module 33, x -5.5675, y 0.5075, z 213.531

Track #3, length 9
 54094769 (1260) module 51, x -17.2575, y 9.4175, z 750.469
 52002491 (1207) module 49, x -16.2125, y 8.8675, z 705.469
 49910213 (1152) module 47, x -15.1675, y   8.29, z 660.469
 47817936 (1106) module 45, x -14.095, y 7.7125, z 615.469
 45733867 (1062) module 43, x -11.3175, y 6.2275, z 496.921
 42992054 (1013) module 41, x -9.115, y 5.0175, z 402.473
 40899287 (963) module 39, x -7.3275, y 4.0825, z 325.525
 38805745 (910) module 37, x -5.85625, y 3.29875, z 263.531
 36709884 (856) module 35, x -5.25583, y 3.0375, z 238.531

Track #4, length 12
 53646385 (1262) module 51, x -16.4575, y -31.475, z 751.531
 51540291 (1209) module 49, x -15.4675, y -29.55, z 706.531
 49434197 (1154) module 47, x -14.4775, y -27.625, z 661.531
 47328103 (1108) module 45, x -13.4692, y -25.6908, z 616.531
 45207959 (1064) module 43, x -10.8475, y -20.6125, z 497.982
 43091902 (1015) module 41, x -8.7025, y -16.5425, z 402.473
 40979421 (965) module 39, x -6.9975, y -13.2425, z 325.525
 38870006 (911) module 37, x -5.6225, y -10.6025, z 263.531
 36370873 (815) module 34, x  -4.77, y  -8.95, z 225.469
 34271181 (760) module 32, x -4.1925, y -7.8775, z 200.469
 32171488 (715) module 30, x -3.6425, y -6.805, z 175.469
 30071796 (665) module 28, x -3.0925, y -5.7325, z 150.469

Track #5, length 4
 54358873 (1264) module 51, x -15.4425, y   28.2, z 751.531
 52257401 (1211) module 49, x -14.5075, y 26.4675, z 706.531
 50155928 (1156) module 47, x -13.5725, y 24.7625, z 661.531
 48054455 (1110) module 45, x -12.6375, y 23.0575, z 616.531

Track #6, length 7
 54109377 (1266) module 51, x -14.1225, y 8.5375, z 750.469
 52016074 (1213) module 49, x -13.27, y 8.0425, z 705.469
 49923028 (1158) module 47, x -12.4175, y 7.4925, z 660.469
 47829981 (1112) module 45, x -11.5375, y 6.9975, z 615.469
 45743350 (1067) module 43, x -9.2825, y 5.6225, z 496.921
 42994388 (1018) module 41, x -7.4925, y 4.5225, z 402.473
 40901359 (969) module 39, x -6.0075, y 3.6425, z 325.525

Track #7, length 6
 53504904 (1268) module 51, x -11.6725, y -0.8125, z 751.531
 51407509 (1215) module 49, x -10.9575, y -0.7575, z 706.531
 49310114 (1160) module 47, x -10.2425, y -0.7025, z 661.531
 47212719 (1114) module 45, x -9.5275, y -0.6475, z 616.531
 45115089 (1069) module 43, x -7.6575, y -0.5375, z 497.982
 43017452 (1021) module 41, x -6.1725, y -0.4275, z 402.473

Track #8, length 5
 53490363 (1270) module 51, x -8.8675, y 2.3225, z 751.531
 51393732 (1217) module 49, x -8.345, y 2.2125, z 706.531
 49297358 (1162) module 47, x -7.8225, y 2.0475, z 661.531
 47200728 (1116) module 45, x -7.2725, y 1.9375, z 616.531
 45105394 (1071) module 43, x -5.8425, y 1.5525, z 497.982

Track #9, length 10
 54325203 (1272) module 51, x -8.0725, y  21.49, z 751.531
 52225771 (1219) module 49, x -7.605, y 20.1975, z 706.531
 49946886 (1164) module 47, x  -7.11, y 18.8225, z 660.469
 47852062 (1118) module 45, x -6.6425, y 17.5025, z 615.469
 45760860 (1074) module 43, x -5.3775, y 14.0925, z 496.921
 43668623 (1026) module 41, x -4.3325, y 11.2875, z 401.411
 41575352 (974) module 39, x -3.5075, y 9.0325, z 324.463
 39481305 (917) module 37, x -2.8475, y 7.2175, z 262.469
 37385446 (862) module 35, x -2.5725, y 6.5025, z 237.469
 35289587 (808) module 33, x -2.2975, y   5.76, z 212.469

Track #10, length 5
 53525211 (1273) module 51, x -7.1075, y -5.1575, z 751.531
 51424480 (1221) module 49, x -6.8325, y -4.415, z 706.531
 49324003 (1165) module 47, x  -6.64, y   -3.7, z 661.531
 47223017 (1119) module 45, x -6.3375, y -2.8475, z 616.531
 45115643 (1075) module 43, x -5.3475, y -0.6475, z 497.982

Track #11, length 10
 54291703 (1276) module 51, x -0.8675, y 19.5375, z 751.531
 52073743 (1223) module 49, x -0.7575, y 18.3275, z 705.469
 49976868 (1167) module 47, x -0.702499, y 17.1725, z 660.469
 47879994 (1122) module 45, x -0.647499, y 15.9625, z 615.469
 45783666 (1077) module 43, x -0.482502, y 12.855, z 496.921
 43687072 (1028) module 41, x -0.372501, y 10.3525, z 401.411
 41590213 (976) module 39, x -0.290001, y 8.3175, z 324.463
 39493603 (920) module 37, x -0.2075, y 6.6675, z 262.469
 37396463 (866) module 35, x -0.2075, y 6.0075, z 237.469
 35299323 (813) module 33, x  -0.18, y 5.3475, z 212.469

Track #12, length 4
 54178260 (1277) module 51, x 0.809998, y 7.4925, z 750.469
 52080860 (1224) module 49, x 0.755001, y 7.0525, z 705.469
 49983717 (1168) module 47, x 0.727501, y 6.5575, z 660.469
 47886317 (1123) module 45, x 0.672501, y 6.1175, z 615.469

Track #13, length 11
 54391194 (1256) module 51, x -22.3725, y 24.6525, z 751.531
 52287926 (1204) module 49, x -21.0525, y 23.1125, z 706.531
 50184401 (1149) module 47, x -19.6775, y 21.6275, z 661.531
 48081131 (1103) module 45, x -18.3575, y  20.17, z 616.531
 45717559 (1059) module 43, x -14.7825, y 16.1275, z 496.921
 43633778 (1009) module 41, x -11.9225, y 12.8825, z 401.411
 41547425 (959) module 39, x -9.6125, y  10.27, z 324.463
 39458759 (906) module 37, x -7.6875, y 8.2075, z 262.469
 37365206 (852) module 35, x -6.9175, y 7.3825, z 237.469
 35271652 (800) module 33, x -6.1475, y  6.585, z 212.469
 33177843 (755) module 31, x -5.405, y 5.7875, z 187.469

Track #14, length 9
 54090468 (1259) module 51, x -18.165, y 6.6125, z 750.469
 51998699 (1206) module 49, x -17.0375, y 6.2275, z 705.469
 49906675 (1151) module 47, x -15.9375, y 5.7875, z 660.469
 47814650 (1105) module 45, x -14.81, y 5.4025, z 615.469
 45092484 (1061) module 43, x -11.8925, y 4.3025, z 497.982
 42999471 (1012) module 41, x -9.5275, y 3.4225, z 402.473
 40905426 (962) module 39, x -7.6025, y 2.7625, z 325.525
 38810861 (909) module 37, x  -6.09, y 2.2125, z 263.531
 36714745 (855) module 35, x -5.4575, y 1.9925, z 238.531

Track #15, length 8
 54095275 (1261) module 51, x -17.1475, y 9.7475, z 750.469
 52002998 (1208) module 49, x -16.1025, y 9.1425, z 705.469
 49910720 (1153) module 47, x -15.0575, y 8.5925, z 660.469
 47818443 (1107) module 45, x -14.0125, y 7.9875, z 615.469
 45734119 (1063) module 43, x -11.2625, y 6.4475, z 496.921
 43646974 (1014) module 41, x -9.035, y 5.1825, z 401.411
 40898776 (964) module 39, x -7.2725, y 4.1925, z 325.525
 38805745 (910) module 37, x -5.85625, y 3.29875, z 263.531

Track #16, length 8
 53527101 (1263) module 51, x -15.7975, y -5.625, z 751.531
 51428430 (1210) module 49, x -14.8625, y -5.2675, z 706.531
 49329759 (1155) module 47, x -13.9275, y -4.9375, z 661.531
 47231088 (1109) module 45, x -12.9925, y -4.6075, z 616.531
 45129630 (1065) module 43, x -10.4625, y -3.6725, z 497.982
 43029186 (1016) module 41, x -8.455, y -2.9575, z 402.473
 40929504 (966) module 39, x -6.8325, y -2.4075, z 325.525
 38830072 (912) module 37, x -5.5125, y -1.9125, z 263.531

Track #17, length 8
 53580373 (1265) module 51, x -14.4775, y -17.1475, z 751.531
 51478373 (1212) module 49, x -13.5975, y -16.1025, z 706.531
 49376373 (1157) module 47, x -12.7175, y -15.0575, z 661.531
 47274628 (1111) module 45, x -11.865, y -14.0675, z 616.531
 45164718 (1066) module 43, x -9.5825, y -11.3175, z 497.982
 43057361 (1017) module 41, x -7.6575, y  -9.09, z 402.473
 40952044 (968) module 39, x -6.1725, y -7.275, z 325.525
 38467832 (869) module 36, x -4.6875, y -5.5125, z 250.469

Track #18, length 10
 54342717 (1267) module 51, x -11.9775, y 29.7675, z 751.531
 52242017 (1214) module 49, x -11.235, y 27.7875, z 706.531
 50141572 (1159) module 47, x -10.4925, y 25.8625, z 661.531
 48040872 (1113) module 45, x -9.7225, y 23.8825, z 616.531
 45750024 (1068) module 43, x -7.6875, y 18.7125, z 496.921
 43660627 (1022) module 41, x -6.0375, y 14.5875, z 401.411
 41569679 (971) module 39, x -4.7175, y 11.2875, z 324.463
 39477439 (914) module 37, x -3.6725, y   8.62, z 262.469
 37382355 (859) module 35, x -3.2325, y 7.5475, z 237.469
 35287014 (805) module 33, x  -2.82, y 6.5025, z 212.469

Track #19, length 6
 53507500 (1269) module 51, x -9.6925, y -1.3625, z 751.531
 51409847 (1216) module 49, x -9.0875, y  -1.28, z 706.531
 49312449 (1161) module 47, x  -8.51, y -1.1975, z 661.531
 47214796 (1115) module 45, x -7.9325, y -1.0875, z 616.531
 45116648 (1070) module 43, x -6.365, y -0.8675, z 497.982
 43018751 (1023) module 41, x -5.1275, y -0.7025, z 402.473

Track #20, length 10
 54136591 (1271) module 51, x -8.1275, y 18.3275, z 750.469
 52041506 (1218) module 49, x -7.6875, y 17.2825, z 705.469
 49946420 (1163) module 47, x  -7.22, y 16.265, z 660.469
 47851591 (1117) module 45, x -6.7525, y 15.2475, z 615.469
 45760121 (1072) module 43, x -5.5425, y 12.4975, z 496.921
 43667616 (1024) module 41, x -4.5525, y 10.325, z 401.411
 41574081 (972) module 39, x -3.7825, y 8.5375, z 324.463
 39480026 (915) module 37, x -3.1225, y 7.1625, z 262.469
 37383909 (860) module 35, x -2.9025, y 6.5575, z 237.469
 35288047 (806) module 33, x -2.6275, y 6.0075, z 212.469

Track #21, length 4
 54187240 (1278) module 51, x 2.7075, y 6.3925, z 750.469
 52089327 (1225) module 49, x 2.5425, y 6.0075, z 705.469
 49991414 (1169) module 47, x 2.3775, y 5.6225, z 660.469
 47893501 (1124) module 45, x 2.2125, y 5.2375, z 615.469

Track #22, length 4
 54195408 (1279) module 51, x 4.4675, y 7.7125, z 750.469
 52096984 (1226) module 49, x 4.1925, y 7.2725, z 705.469
 49998561 (1170) module 47, x 3.9175, y 6.7775, z 660.469
 47900137 (1125) module 45, x 3.6425, y 6.3375, z 615.469

Track #23, length 11
 53225895 (1227) module 50, x -2.8175, y -23.9375, z 739.531
 51129282 (1172) module 48, x  -2.68, y -22.4525, z 694.531
 49032925 (1127) module 46, x -2.5425, y -20.9675, z 649.531
 46936568 (1080) module 44, x -2.3775, y -19.4825, z 604.531
 44746050 (1032) module 42, x -1.8825, y -15.5225, z 484.921
 42647163 (981) module 40, x -1.4975, y -12.36, z 389.411
 40548522 (926) module 38, x -1.195, y -9.8025, z 312.463
 38450383 (871) module 36, x -0.947498, y -7.7675, z 250.469
 36352734 (817) module 34, x -0.837498, y -6.9425, z 225.469
 34255085 (762) module 32, x -0.727501, y  -6.09, z 200.469
 32157437 (717) module 30, x -0.6175, y -5.2375, z 175.469

Track #24, length 5
 53134782 (1229) module 50, x -1.8825, y -8.7025, z 738.469
 51037127 (1174) module 48, x -1.7725, y -8.2075, z 693.469
 48939217 (1128) module 46, x -1.635, y -7.6575, z 648.469
 46841563 (1081) module 44, x -1.4975, y -7.1075, z 603.469
 44743157 (1033) module 42, x -1.2225, y -5.6775, z 484.921

Track #25, length 4
 53129169 (1232) module 50, x -0.672501, y -7.6575, z 738.469
 51031770 (1178) module 48, x -0.645, y -7.1625, z 693.469
 48934626 (1131) module 46, x -0.6175, y -6.7225, z 648.469
 46837227 (1083) module 44, x -0.5625, y -6.2275, z 603.469

Track #26, length 4
 53102972 (1233) module 50, x 4.9375, y -12.3325, z 738.469
 51006875 (1180) module 48, x 4.7175, y -10.6275, z 693.469
 48910777 (1132) module 46, x   4.47, y -8.9775, z 648.469
 46814934 (1084) module 44, x 4.2225, y -7.355, z 603.469

Track #27, length 4
 52460769 (1235) module 50, x 6.7775, y  1.775, z 739.531
 50363369 (1182) module 48, x 6.3375, y 1.6925, z 694.531
 48265712 (1133) module 46, x 5.9525, y 1.5825, z 649.531
 46168056 (1085) module 44, x 5.5125, y 1.4725, z 604.531

Track #28, length 13
 52587212 (1237) module 50, x 7.9325, y 29.1375, z 739.531
 50481876 (1184) module 48, x  7.465, y 27.3775, z 694.531
 48376285 (1134) module 46, x 6.9975, y  25.59, z 649.531
 46270950 (1086) module 44, x 6.5025, y 23.8025, z 604.531
 44152318 (1035) module 42, x 5.1825, y 19.0725, z 485.982
 43708479 (1030) module 41, x 4.2475, y 15.6875, z 401.411
 41607287 (979) module 39, x 3.3675, y 12.6075, z 324.463
 39507109 (923) module 37, x 2.7075, y 10.0775, z 262.469
 37408695 (868) module 35, x 2.4325, y 9.0875, z 237.469
 35310281 (814) module 33, x 2.1575, y 8.0975, z 212.469
 33211867 (759) module 31, x 1.8825, y 7.1075, z 187.469
 31113453 (713) module 29, x 1.62583, y 6.09917, z 162.469
 29015295 (662) module 27, x 1.3875, y 5.1275, z 137.469

Track #29, length 8
 53049006 (1246) module 50, x 16.6525, y -9.555, z 738.469
 50956729 (1193) module 48, x 15.6075, y -8.9775, z 693.469
 48864196 (1140) module 46, x 14.6175, y -8.3725, z 648.469
 46771919 (1092) module 44, x 13.5725, y -7.7675, z 603.469
 44687084 (1044) module 42, x 10.9325, y -6.1725, z 484.921
 41943741 (987) module 40, x 8.7575, y -4.935, z 390.473
 39851484 (934) module 38, x  7.025, y -3.9175, z 313.525
 37757942 (875) module 36, x 5.6225, y -3.1475, z 251.531

Track #30, length 10
 53230283 (1228) module 50, x -1.8825, y -21.9575, z 739.531
 51133923 (1175) module 48, x -1.7175, y -20.61, z 694.531
 49037564 (1129) module 46, x -1.5525, y -19.2625, z 649.531
 46840599 (1082) module 44, x  -1.36, y -17.8875, z 603.469
 44741976 (1034) module 42, x -1.0025, y -14.3125, z 484.921
 42643596 (982) module 40, x -0.727501, y -11.4525, z 389.411
 40545462 (927) module 38, x -0.535, y -9.1425, z 312.463
 38447832 (872) module 36, x -0.397499, y -7.2725, z 250.469
 36350438 (818) module 34, x -0.369999, y -6.5025, z 225.469
 34253300 (763) module 32, x -0.342499, y -5.7325, z 200.469

Track #31, length 5
 53081545 (1239) module 50, x 9.6675, y -8.0975, z 738.469
 50986962 (1185) module 48, x   9.09, y -7.6025, z 693.469
 48892379 (1135) module 46, x 8.4575, y -7.1075, z 648.469
 46798052 (1087) module 44, x 7.8525, y -6.6125, z 603.469
 44708348 (1037) module 42, x 6.2575, y -5.2925, z 484.921

Track #32, length 6
 52437394 (1242) module 50, x 11.1225, y -3.2575, z 739.531
 50341279 (1187) module 48, x 10.4075, y -3.0375, z 694.531
 48244907 (1137) module 46, x 9.7475, y -2.845, z 649.531
 46148792 (1089) module 44, x 9.0325, y -2.6525, z 604.531
 44054233 (1040) module 42, x 7.2175, y -2.1025, z 485.982
 41959155 (984) module 40, x 5.7875, y -1.6625, z 390.473

Track #33, length 7
 52476285 (1243) module 50, x 12.2775, y 5.1025, z 739.531
 50377610 (1191) module 48, x 11.5442, y 4.79083, z 694.531
 48279192 (1138) module 46, x 10.7925, y 4.4975, z 649.531
 46180518 (1090) module 44, x 10.0225, y 4.1675, z 604.531
 44079306 (1041) module 42, x 8.0425, y  3.315, z 485.982
 41979111 (986) module 40, x 6.4475, y 2.6275, z 390.473
 39879423 (932) module 38, x 5.1275, y  2.105, z 313.525

Track #34, length 9
 53044662 (1247) module 50, x 17.5875, y -9.1425, z 738.469
 50952640 (1194) module 48, x 16.4875, y -8.5925, z 693.469
 48860618 (1141) module 46, x 15.3875, y -8.0425, z 648.469
 46768596 (1093) module 44, x 14.2875, y -7.4925, z 603.469
 44684783 (1045) module 42, x 11.4275, y -6.0075, z 484.921
 41944246 (988) module 40, x  9.115, y -4.8525, z 390.473
 39851736 (935) module 38, x 7.2725, y -3.8625, z 313.525
 37758195 (876) module 36, x   5.76, y -3.0925, z 251.531
 35662590 (821) module 34, x 5.1825, y -2.7625, z 226.531

Track #35, length 9
 52763612 (1248) module 50, x 21.0225, y 22.6575, z 738.469
 50672638 (1195) module 48, x 19.1342, y 21.3192, z 693.469
 48350497 (1142) module 46, x 17.3375, y 19.9525, z 649.531
 46246723 (1094) module 44, x 15.4675, y 18.5225, z 604.531
 44131741 (1043) module 42, x 10.5175, y 14.6725, z 485.982
 42020840 (985) module 40, x 6.3925, y 11.7025, z 390.473
 41608109 (980) module 39, x   3.56, y 9.6375, z 324.463
 39498959 (922) module 37, x 0.947498, y 7.74917, z 262.469
 35294188 (811) module 33, x -1.3075, y 6.1725, z 212.469

Track #36, length 13
 52700878 (1249) module 50, x 21.7925, y 36.2425, z 738.469
 50613733 (1197) module 48, x 20.5275, y  34.07, z 693.469
 48526844 (1143) module 46, x 19.235, y 31.8975, z 648.469
 46298646 (1096) module 44, x 17.9425, y 29.7975, z 604.531
 44174932 (1046) module 42, x 14.5325, y 24.0775, z 485.982
 42056838 (989) module 40, x 11.755, y 19.4575, z 390.473
 39942319 (936) module 38, x    9.5, y 15.7175, z 313.525
 37831376 (877) module 36, x 7.7125, y 12.775, z 251.531
 35728861 (822) module 34, x 6.9975, y 11.5925, z 226.531
 33626090 (767) module 32, x 6.2825, y 10.3825, z 201.531
 31523319 (720) module 30, x   5.54, y 9.1725, z 176.531
 29029080 (663) module 27, x 4.3575, y  7.245, z 137.469
 26928623 (599) module 25, x 3.6425, y 6.0075, z 112.469

Track #37, length 13
 52865122 (1252) module 50, x 27.705, y 0.712502, z 738.469
 50768257 (1199) module 48, x 26.0275, y 0.657501, z 693.469
 48671135 (1145) module 46, x 24.3592, y 0.620834, z 648.469
 46574270 (1097) module 44, x 22.6725, y 0.575001, z 603.469
 44065806 (1047) module 42, x 18.3825, y 0.4275, z 485.982
 41968206 (991) module 40, x 14.8625, y  0.345, z 390.473
 39870849 (937) module 38, x 12.0575, y 0.2625, z 313.525
 37773227 (878) module 36, x 9.7475, y   0.18, z 251.531
 35676092 (823) module 34, x 8.8125, y 0.1525, z 226.531
 33578957 (768) module 32, x 7.8775, y 0.1525, z 201.531
 31481565 (721) module 30, x   6.97, y 0.0975003, z 176.531
 29384430 (670) module 28, x 6.0625, y 0.0975003, z 151.531
 27287295 (607) module 26, x 5.1275, y 0.0975003, z 126.531

Track #38, length 12
 50869071 (1200) module 48, x 34.5275, y -14.8075, z 693.469
 48782433 (1146) module 46, x 32.2725, y -13.8175, z 648.469
 46696051 (1098) module 44, x 29.9625, y -12.8275, z 603.469
 44626593 (1049) module 42, x 23.9858, y -10.2792, z 484.921
 42551495 (992) module 40, x 19.1825, y -8.2075, z 389.411
 40472549 (938) module 38, x 15.2775, y -6.5575, z 312.463
 38389758 (879) module 36, x  12.17, y -5.1825, z 250.469
 35653525 (824) module 34, x 10.9575, y -4.6875, z 226.531
 33558956 (769) module 32, x 9.6925, y -4.1375, z 201.531
 31464387 (722) module 30, x 8.4275, y -3.5875, z 176.531
 29369562 (672) module 28, x 7.1625, y -3.065, z 151.531
 27274993 (610) module 26, x 5.8975, y -2.5425, z 126.531

Track #39, length 9
 50527642 (1188) module 48, x 10.6825, y  37.25, z 694.531
 48417454 (1136) module 46, x 9.56417, y 34.4358, z 649.531
 46307267 (1088) module 44, x 8.4275, y 31.6125, z 604.531
 44175353 (1036) module 42, x 5.4575, y 24.1325, z 485.982
 43703558 (1029) module 41, x 3.2025, y 18.8225, z 401.411
 41597022 (977) module 39, x 1.1675, y 13.9825, z 324.463
 39492260 (919) module 37, x -0.482502, y 10.1325, z 262.469
 37392064 (863) module 35, x -1.1425, y  8.565, z 237.469
 35292125 (809) module 33, x -1.7475, y 6.9975, z 212.469

Track #40, length 11
 50106124 (1166) module 47, x  -2.82, y 32.4625, z 661.531
 48008245 (1121) module 45, x -2.6275, y 30.2075, z 616.531
 45908897 (1076) module 43, x -2.1325, y 24.2675, z 497.982
 43809784 (1027) module 41, x  -1.72, y 19.4825, z 402.473
 41585217 (975) module 39, x -1.3625, y 15.5775, z 324.463
 39489401 (918) module 37, x -1.0875, y  12.47, z 262.469
 37392784 (864) module 35, x -0.977501, y 11.2325, z 237.469
 35296167 (812) module 33, x -0.8675, y 9.9675, z 212.469
 33199549 (758) module 31, x -0.7575, y 8.7575, z 187.469
 31102932 (712) module 29, x -0.647499, y 7.4925, z 162.469
 29006314 (661) module 27, x -0.537502, y 6.2825, z 137.469

Track #41, length 8
 48427654 (1139) module 46, x 11.7825, y 36.6175, z 649.531
 46316192 (1091) module 44, x 10.3525, y 33.565, z 604.531
 44181729 (1039) module 42, x 6.7775, y 25.5075, z 485.982
 43781873 (1031) module 41, x  4.275, y 19.8675, z 402.473
 41600339 (978) module 39, x 1.8825, y 14.5875, z 324.463
 39494303 (921) module 37, x -0.0424995, y 10.4075, z 262.469
 37393597 (865) module 35, x -0.8125, y 8.7575, z 237.469
 35292891 (810) module 33, x -1.5825, y 7.1075, z 212.469

Track #42, length 7
 47717286 (1100) module 45, x -35.8475, y 10.0225, z 615.469
 45662909 (1056) module 43, x -26.635, y 8.7575, z 496.921
 43599823 (1004) module 41, x -19.2375, y 7.7675, z 401.411
 41530589 (955) module 39, x -13.2058, y 6.96083, z 324.463
 39455722 (903) module 37, x  -8.32, y 6.2825, z 262.469
 37367791 (853) module 35, x -6.3675, y 6.0075, z 237.469
 35279860 (802) module 33, x -4.3875, y  5.705, z 212.469

Track #43, length 11
 46594314 (1099) module 44, x 32.545, y -3.7425, z 603.469
 44493952 (1050) module 42, x 26.0825, y -3.0275, z 484.921
 42394079 (993) module 40, x 20.8575, y -2.4225, z 389.411
 39860524 (939) module 38, x 16.7325, y  -1.91, z 313.525
 37765482 (880) module 36, x 13.3225, y -1.4975, z 251.531
 35668866 (825) module 34, x 11.975, y  -1.36, z 226.531
 33572507 (770) module 32, x 10.6275, y -1.2225, z 201.531
 31476148 (723) module 30, x 9.2525, y -1.0575, z 176.531
 29379789 (673) module 28, x 7.8775, y -0.8925, z 151.531
 27283430 (611) module 26, x  6.475, y -0.7275, z 126.531
 25187071 (544) module 24, x 5.1275, y -0.5625, z 101.531

Track #44, length 10
 45462626 (1055) module 43, x -27.7325, y -14.2425, z 496.921
 43379142 (1002) module 41, x -22.205, y -11.3275, z 401.411
 40960024 (954) module 39, x -17.8325, y  -9.09, z 325.525
 38854489 (898) module 37, x -14.2575, y -7.1925, z 263.531
 36753779 (845) module 35, x -12.8275, y  -6.45, z 238.531
 34653325 (792) module 33, x -11.3975, y -5.7075, z 213.531
 32552871 (748) module 31, x -9.9675, y -4.9925, z 188.531
 30452161 (706) module 29, x -8.5375, y -4.2225, z 163.531
 28351707 (656) module 27, x -7.1075, y -3.5075, z 138.531
 26251254 (592) module 25, x -5.6225, y -2.7925, z 113.531

Track #45, length 10
 45924659 (1073) module 43, x -5.5425, y 30.3175, z 497.982
 43822751 (1025) module 41, x -4.4975, y 24.3775, z 402.473
 41721846 (973) module 39, x -3.6725, y 19.565, z 325.525
 39480640 (916) module 37, x -2.9575, y 15.6325, z 262.469
 37384796 (861) module 35, x -2.6825, y 14.065, z 237.469
 35288953 (807) module 33, x -2.4075, y 12.4975, z 212.469
 33193109 (757) module 31, x -2.105, y 10.9575, z 187.469
 31097521 (711) module 29, x -1.8025, y 9.4175, z 162.469
 29001677 (660) module 27, x -1.5275, y   7.85, z 137.469
 26905833 (597) module 25, x -1.21583, y 6.30083, z 112.469

Track #46, length 7
 44423782 (1052) module 42, x 27.5125, y 12.1525, z 484.921
 42337744 (995) module 40, x 21.6825, y 9.6775, z 389.411
 39905314 (942) module 38, x 17.2825, y 7.6875, z 313.525
 37800804 (882) module 36, x 13.6525, y 6.0925, z 251.531
 35700863 (826) module 34, x 12.1675, y 5.4875, z 226.531
 33600665 (771) module 32, x 10.7192, y 4.86417, z 201.531
 31500467 (724) module 30, x 9.3075, y  4.195, z 176.531

Track #47, length 11
 44587578 (1054) module 42, x 32.3825, y -15.9625, z 484.921
 42519410 (997) module 40, x  26.14, y -12.8825, z 389.411
 40445343 (944) module 38, x 21.1075, y -10.4075, z 312.463
 38366915 (885) module 36, x 17.065, y -8.4275, z 250.469
 36277458 (830) module 34, x 15.4425, y -7.6025, z 225.469
 34188000 (774) module 32, x 13.7925, y -6.8325, z 200.469
 32098287 (727) module 30, x  12.17, y -6.0075, z 175.469
 30008829 (676) module 28, x 10.5475, y  -5.21, z 150.469
 27265977 (616) module 26, x 8.9775, y  -4.44, z 126.531
 25172694 (548) module 24, x  7.355, y -3.6425, z 101.531
 23079412 (478) module 22, x 5.7325, y -2.8175, z 76.531

Track #48, length 6
 44421487 (1051) module 42, x 27.0175, y 12.6475, z 484.921
 42336208 (994) module 40, x 21.655, y  10.09, z 389.411
 39906850 (941) module 38, x 17.255, y 8.0175, z 313.525
 37801828 (881) module 36, x 13.625, y 6.3125, z 251.531
 35701631 (827) module 34, x 12.1675, y 5.6525, z 226.531
 31500467 (724) module 30, x 9.3075, y  4.195, z 176.531

Track #49, length 10
 44992717 (1053) module 42, x 30.7875, y -21.8475, z 485.982
 42527266 (996) module 40, x 24.4625, y -17.2825, z 389.411
 40452963 (943) module 38, x  19.43, y -13.7075, z 312.463
 38374808 (883) module 36, x 15.3875, y -10.7925, z 250.469
 36285357 (828) module 34, x 13.7375, y -9.6375, z 225.469
 34195906 (772) module 32, x 12.0875, y -8.4825, z 200.469
 32106455 (725) module 30, x 10.4375, y -7.3275, z 175.469
 30016492 (674) module 28, x 8.7875, y -6.1725, z 150.469
 27263193 (613) module 26, x 7.2175, y -5.0725, z 126.531
 25171446 (545) module 24, x  5.595, y -3.9175, z 101.531

Track #50, length 10
 43346955 (1000) module 41, x -32.5175, y -18.2025, z 401.411
 41266559 (950) module 39, x -26.1375, y -14.6275, z 324.463
 39182813 (894) module 37, x -20.9675, y -11.74, z 262.469
 36772611 (842) module 35, x -18.9875, y -10.63, z 238.531
 34670120 (789) module 33, x -16.925, y -9.4475, z 213.531
 32568142 (745) module 31, x -14.8625, y -8.2925, z 188.531
 30465652 (703) module 29, x -12.7725, y -7.165, z 163.531
 28363161 (653) module 27, x -10.71, y  -6.01, z 138.531
 26260671 (588) module 25, x -8.6475, y -4.8275, z 113.531
 24158181 (527) module 23, x -6.5575, y -3.6725, z 88.531

Track #51, length 5
 43866770 (1005) module 41, x -14.0675, y 25.0925, z 402.473
 41546262 (958) module 39, x -9.8325, y 17.9425, z 324.463
 39464317 (908) module 37, x -6.4775, y 12.2775, z 262.469
 37373606 (857) module 35, x -5.1025, y  9.995, z 237.469
 35282640 (803) module 33, x -3.755, y 7.7125, z 212.469

Track #52, length 10
 43862279 (1006) module 41, x -13.1325, y 32.7375, z 402.473
 41753212 (956) module 39, x -10.5475, y 26.3025, z 325.525
 39646938 (902) module 37, x -8.4575, y 21.1325, z 263.531
 37361923 (849) module 35, x -7.5775, y  18.96, z 237.469
 35268649 (797) module 33, x -6.7525, y  16.87, z 212.469
 33175375 (752) module 31, x -5.9275, y  14.78, z 187.469
 31082101 (710) module 29, x -5.1025, y 12.7175, z 162.469
 28988827 (659) module 27, x -4.2775, y 10.6275, z 137.469
 26895553 (595) module 25, x -3.425, y 8.5375, z 112.469
 24802534 (532) module 23, x -2.5725, y  6.475, z 87.469

Track #53, length 11
 43153800 (1010) module 41, x -11.6725, y -29.9625, z 402.473
 41029551 (960) module 39, x -9.5275, y -24.1325, z 325.525
 38910672 (905) module 37, x -7.7125, y -19.3475, z 263.531
 36804573 (851) module 35, x -6.96083, y -17.4592, z 238.531
 34698731 (799) module 33, x -6.2275, y -15.5525, z 213.531
 32592889 (754) module 31, x -5.4575, y -13.6825, z 188.531
 32177781 (714) module 30, x -5.045, y -12.7175, z 175.469
 30077078 (664) module 28, x -4.275, y -10.875, z 150.469
 27976632 (602) module 26, x -3.5325, y -9.005, z 125.469
 25875931 (536) module 24, x  -2.79, y -7.1075, z 100.469
 23775485 (467) module 22, x -2.075, y -5.2375, z 75.469

Track #54, length 11
 43281017 (1001) module 41, x -26.4675, y -32.5025, z 401.411
 41213399 (951) module 39, x -21.2975, y -26.1775, z 324.463
 38918947 (895) module 37, x -17.2275, y -21.19, z 263.531
 36812354 (843) module 35, x -15.5225, y -19.1275, z 238.531
 34705505 (790) module 33, x -13.8175, y -17.065, z 213.531
 32598912 (746) module 31, x -12.1125, y -15.0025, z 188.531
 30492062 (704) module 29, x -10.435, y -12.94, z 163.531
 28385469 (654) module 27, x  -8.73, y -10.8775, z 138.531
 26279132 (590) module 25, x -7.0525, y -8.815, z 113.531
 24172539 (529) module 23, x -5.3475, y -6.7525, z 88.531
 23786741 (466) module 22, x -4.4675, y -5.6775, z 75.469

Track #55, length 10
 42322217 (998) module 40, x 30.8675, y 13.0875, z 389.411
 40236947 (945) module 38, x  25.01, y 10.5575, z 312.463
 38148841 (888) module 36, x 20.3075, y 8.5225, z 250.469
 35711244 (833) module 34, x 18.465, y 7.7425, z 226.531
 33610543 (777) module 32, x 16.5675, y 6.9725, z 201.531
 31509841 (731) module 30, x  14.67, y 6.2025, z 176.531
 29409140 (680) module 28, x 12.7725, y 5.4325, z 151.531
 27308182 (622) module 26, x 10.875, y 4.6075, z 126.531
 25207482 (553) module 24, x 8.9225, y 3.8375, z 101.531
 23106526 (482) module 22, x  6.915, y 3.0125, z 76.531

Track #56, length 10
 42922899 (999) module 40, x   36.7, y -25.0375, z 390.473
 40791283 (947) module 38, x 29.2475, y -19.7575, z 313.525
 38338370 (889) module 36, x 23.225, y -15.5225, z 250.469
 36252256 (834) module 34, x 20.8325, y -13.8725, z 225.469
 34166397 (778) module 32, x 18.4125, y -12.2775, z 200.469
 32080538 (732) module 30, x 15.9925, y -10.655, z 175.469
 29994680 (681) module 28, x 13.5725, y -9.005, z 150.469
 27908823 (623) module 26, x 11.1525, y -7.3275, z 125.469
 25822197 (552) module 24, x 8.7875, y -5.6775, z 100.469
 23073254 (481) module 22, x 6.5025, y -4.1375, z 76.531

Track #57, length 10
 41247029 (948) module 39, x -30.2075, y -18.8075, z 324.463
 39167137 (892) module 37, x -24.24, y -15.1225, z 262.469
 37076941 (840) module 35, x -21.8475, y -13.61, z 237.469
 34987001 (786) module 33, x -19.4275, y -12.0975, z 212.469
 32578596 (743) module 31, x -17.145, y -10.685, z 188.531
 30474576 (701) module 29, x -14.7525, y -9.1725, z 163.531
 28371068 (651) module 27, x -12.3325, y -7.6875, z 138.531
 26267047 (587) module 25, x  -9.94, y -6.2025, z 113.531
 24163027 (526) module 23, x -7.5475, y -4.7175, z 88.531
 22058750 (456) module 21, x -5.14583, y -3.21417, z 63.531

Track #58, length 9
 41269358 (949) module 39, x -27.045, y -14.0225, z 324.463
 39185617 (893) module 37, x -21.6275, y -11.1625, z 262.469
 37093369 (841) module 35, x -19.4275, y -10.09, z 237.469
 34668321 (787) module 33, x -17.3375, y  -8.98, z 213.531
 32565833 (744) module 31, x -15.1375, y -7.7975, z 188.531
 30463601 (702) module 29, x -12.9375, y -6.6975, z 163.531
 28361112 (652) module 27, x -10.765, y -5.5425, z 138.531
 26258624 (589) module 25, x -8.565, y -4.3875, z 113.531
 24156393 (528) module 23, x -6.3375, y -3.2875, z 88.531

Track #59, length 10
 41789448 (952) module 39, x -18.3575, y 32.6825, z 325.525
 39675517 (897) module 37, x -14.755, y 26.2475, z 263.531
 37571756 (844) module 35, x -13.2975, y 23.6625, z 238.531
 35467739 (791) module 33, x -11.84, y 21.0775, z 213.531
 33155342 (747) module 31, x -10.3275, y 18.3825, z 187.469
 31064637 (705) module 29, x -8.8425, y 15.7975, z 162.469
 28974188 (655) module 27, x -7.4125, y 13.2125, z 137.469
 26883738 (591) module 25, x -5.96417, y 10.6458, z 112.469
 24793545 (530) module 23, x -4.4975, y   8.07, z 87.469
 22703096 (457) module 21, x -3.0675, y  5.485, z 62.469

Track #60, length 4
 41730449 (970) module 39, x -5.5425, y 25.1475, z 325.525
 39475511 (913) module 37, x -4.0575, y 16.1275, z 262.469
 37381240 (858) module 35, x -3.4525, y 12.5525, z 237.469
 35286713 (804) module 33, x -2.9025, y 8.9775, z 212.469

Track #61, length 10
 40654915 (928) module 38, x -0.2325, y -29.41, z 313.525
 38557865 (873) module 36, x -0.205, y  -23.8, z 251.531
 36461011 (819) module 34, x -0.1775, y -21.5175, z 226.531
 34363900 (764) module 32, x -0.1775, y -19.235, z 201.531
 32155178 (718) module 30, x -0.177498, y -16.8425, z 175.469
 30057811 (668) module 28, x -0.122498, y -14.56, z 150.469
 27960445 (605) module 26, x -0.0675011, y -12.2775, z 125.469
 25863078 (539) module 24, x -0.0400009, y -10.0225, z 100.469
 23765967 (469) module 22, x -0.0125008, y -7.7675, z 75.469
 21668600 (398) module 20, x 0.0149994, y -5.485, z 50.469

Track #62, length 9
 40674338 (931) module 38, x 3.9475, y -31.225, z 313.525
 38573463 (874) module 36, x   3.15, y -24.8175, z 251.531
 36475078 (820) module 34, x 2.8475, y -22.2325, z 226.531
 34376436 (766) module 32, x 2.5175, y -19.675, z 201.531
 32144167 (719) module 30, x 2.1875, y -16.98, z 175.469
 30048342 (669) module 28, x 1.9125, y -14.4225, z 150.469
 27952516 (606) module 26, x   1.61, y -11.8925, z 125.469
 25856946 (540) module 24, x 1.27083, y -9.34417, z 100.469
 23761888 (470) module 22, x 0.8675, y -6.805, z 75.469

Track #63, length 9
 39658847 (899) module 37, x -11.1525, y  27.87, z 263.531
 37556370 (846) module 35, x -10.0342, y 25.0558, z 238.531
 35454662 (794) module 33, x -8.8975, y 22.2325, z 213.531
 33352185 (749) module 31, x -7.7425, y 19.4275, z 188.531
 31075376 (707) module 29, x -6.5325, y 16.485, z 162.469
 28983396 (657) module 27, x -5.405, y 13.6525, z 137.469
 26891671 (594) module 25, x -4.2775, y 10.8475, z 112.469
 24799690 (531) module 23, x -3.1775, y 8.0425, z 87.469
 22707709 (458) module 21, x  -2.05, y 5.2375, z 62.469

Track #64, length 7
 38984871 (900) module 37, x -9.9675, y -35.435, z 263.531
 36871354 (848) module 35, x -8.9225, y -31.8875, z 238.531
 34757835 (796) module 33, x  -7.96, y -28.3675, z 213.531
 32644317 (751) module 31, x -6.9975, y -24.8475, z 188.531
 30531310 (709) module 29, x -6.0625, y -21.355, z 163.531
 28418046 (658) module 27, x -5.155, y -17.8625, z 138.531
 27981624 (601) module 26, x -4.6325, y -16.045, z 125.469

Track #65, length 7
 38984361 (901) module 37, x -9.8575, y -35.325, z 263.531
 36871354 (848) module 35, x -8.9225, y -31.8875, z 238.531
 34757835 (796) module 33, x  -7.96, y -28.3675, z 213.531
 32644317 (751) module 31, x -6.9975, y -24.8475, z 188.531
 30531310 (709) module 29, x -6.0625, y -21.355, z 163.531
 28418046 (658) module 27, x -5.155, y -17.8625, z 138.531
 27981624 (601) module 26, x -4.6325, y -16.045, z 125.469

Track #66, length 9
 38043130 (887) module 36, x 19.345, y 31.4575, z 250.469
 35805983 (832) module 34, x  17.42, y 28.3125, z 226.531
 33693508 (776) module 32, x 15.4125, y  25.04, z 201.531
 31581800 (730) module 30, x 13.4325, y 21.7675, z 176.531
 29469325 (678) module 28, x 11.3975, y 18.495, z 151.531
 27357105 (619) module 26, x   9.39, y 15.2225, z 126.531
 25244630 (549) module 24, x 7.3825, y  11.95, z 101.531
 23132922 (476) module 22, x  5.375, y  8.705, z 76.531
 22737119 (462) module 21, x 4.2475, y 6.8875, z 62.469

Track #67, length 8
 38077031 (890) module 36, x 27.4575, y 24.0325, z 250.469
 35991450 (835) module 34, x 24.6158, y 21.5392, z 225.469
 33906126 (779) module 32, x 21.765, y 19.0275, z 200.469
 31557890 (733) module 30, x 19.0425, y 16.6525, z 176.531
 29449269 (682) module 28, x  16.21, y 14.1775, z 151.531
 27340649 (624) module 26, x  13.35, y 11.7025, z 126.531
 25231773 (555) module 24, x 10.5175, y    9.2, z 101.531
 23123665 (484) module 22, x 7.6575, y 6.6975, z 76.531

Track #68, length 7
 38451270 (870) module 36, x -1.195, y -15.3025, z 250.469
 36353635 (816) module 34, x -1.0575, y -13.7075, z 225.469
 34256000 (761) module 32, x -0.947498, y -12.1125, z 200.469
 32158109 (716) module 30, x -0.782501, y -10.5175, z 175.469
 30060474 (667) module 28, x -0.672501, y -8.9225, z 150.469
 27962838 (604) module 26, x -0.5625, y -7.355, z 125.469
 25864947 (538) module 24, x -0.424999, y -5.7875, z 100.469

Track #69, length 9
 38033665 (891) module 36, x 33.0675, y 33.4375, z 250.469
 35952703 (836) module 34, x  29.63, y 29.9725, z 225.469
 33871741 (781) module 32, x  26.22, y 26.5075, z 200.469
 31790268 (735) module 30, x 22.7825, y 23.0425, z 175.469
 29709306 (684) module 28, x 19.3725, y 19.5775, z 150.469
 27361848 (626) module 26, x 16.0725, y 16.2675, z 126.531
 25248374 (556) module 24, x 12.6625, y 12.775, z 101.531
 23135156 (485) module 22, x 9.21583, y 9.31917, z 76.531
 21022451 (403) module 20, x 5.7875, y  5.845, z 51.531

Track #70, length 8
 37148946 (838) module 35, x -32.105, y   2.01, z 237.469
 35050834 (785) module 33, x -28.585, y   1.79, z 212.469
 32952722 (742) module 31, x -25.065, y   1.57, z 187.469
 30854610 (699) module 29, x -21.545, y   1.35, z 162.469
 28329746 (649) module 27, x -18.1625, y   1.14, z 138.531
 26233938 (585) module 25, x -14.6425, y 0.8925, z 113.531
 24137874 (524) module 23, x -11.1225, y 0.6725, z 88.531
 22041810 (451) module 21, x -7.6025, y 0.4525, z 63.531

Track #71, length 6
 36871351 (847) module 35, x -9.0875, y -31.915, z 238.531
 34757833 (795) module 33, x -8.0975, y -28.3675, z 213.531
 32644314 (750) module 31, x -7.1625, y -24.875, z 188.531
 30531308 (708) module 29, x -6.1725, y -21.355, z 163.531
 28418046 (658) module 27, x -5.155, y -17.8625, z 138.531
 27981624 (601) module 26, x -4.6325, y -16.045, z 125.469

Track #72, length 8
 35961896 (837) module 34, x 30.8858, y 27.9742, z 225.469
 33879914 (782) module 32, x 27.2925, y  24.72, z 200.469
 31797419 (736) module 30, x 23.6808, y 21.4842, z 175.469
 29715436 (685) module 28, x 20.115, y 18.2575, z 150.469
 27356460 (627) module 26, x 16.6958, y 15.1492, z 126.531
 25244525 (557) module 24, x  13.13, y 11.9225, z 101.531
 23132846 (486) module 22, x  9.555, y 8.6775, z 76.531
 21020655 (404) module 20, x   5.98, y 5.4325, z 51.531

Track #73, length 8
 34961412 (783) module 33, x -32.875, y -17.5425, z 212.469
 32873287 (740) module 31, x -29.1808, y -15.5992, z 187.469
 30785418 (697) module 29, x -25.505, y -13.6375, z 162.469
 28697293 (647) module 27, x -21.8292, y -11.6758, z 137.469
 26283024 (583) module 25, x -18.2725, y -9.805, z 113.531
 24177235 (520) module 23, x -14.5875, y -7.825, z 88.531
 22070934 (446) module 21, x -10.8658, y -5.85417, z 63.531
 19964633 (382) module 19, x -7.18083, y -3.87417, z 38.531

Track #74, length 7
 34929693 (784) module 33, x  -31.5, y -24.4725, z 212.469
 32846695 (741) module 31, x -27.4575, y -21.3375, z 187.469
 30764208 (698) module 29, x -23.415, y -18.2025, z 162.469
 28681465 (648) module 27, x -19.4092, y -15.0858, z 137.469
 26293825 (584) module 25, x -15.5592, y -12.1058, z 113.531
 24182666 (523) module 23, x -11.535, y  -8.98, z 88.531
 22071251 (452) module 21, x -7.5475, y   -5.9, z 63.531

Track #75, length 8
 33703273 (773) module 32, x 13.3775, y  27.13, z 201.531
 31591557 (726) module 30, x  11.81, y 23.9675, z 176.531
 29479842 (675) module 28, x 10.2425, y  20.75, z 151.531
 27367870 (614) module 26, x  8.675, y 17.5325, z 126.531
 25255643 (547) module 24, x 7.1075, y 14.315, z 101.531
 23143672 (477) module 22, x 5.5125, y 11.125, z 76.531
 22738867 (463) module 21, x 4.6325, y 9.3075, z 62.469
 20634349 (396) module 19, x 3.0375, y 6.1175, z 37.469

Track #76, length 6
 34430849 (775) module 32, x 14.3425, y    -26, z 201.531
 32325057 (728) module 30, x   12.5, y -22.5075, z 176.531
 30008581 (677) module 28, x 10.5475, y -18.8775, z 150.469
 27919428 (615) module 26, x 8.69583, y -15.3942, z 125.469
 25831299 (546) module 24, x 6.8075, y -11.92, z 100.469
 23743427 (475) module 22, x 4.8275, y -8.4275, z 75.469

Track #77, length 5
 33823678 (780) module 32, x 22.6725, y  36.82, z 200.469
 31750133 (734) module 30, x 19.6108, y 31.7692, z 175.469
 29507885 (683) module 28, x  16.65, y  26.91, z 151.531
 27387751 (625) module 26, x 13.4875, y 21.8225, z 126.531
 25267104 (554) module 24, x 10.3525, y  16.79, z 101.531

Track #78, length 7
 33048379 (738) module 31, x -33.4275, y 15.9075, z 187.469
 30973028 (694) module 29, x -28.725, y 13.6525, z 162.469
 28897932 (643) module 27, x -24.0225, y 11.4525, z 137.469
 26822069 (580) module 25, x -19.32, y 9.1975, z 112.469
 24746973 (519) module 23, x -14.6175, y   6.97, z 87.469
 22021284 (448) module 21, x -10.105, y 4.8525, z 63.531
 19934713 (389) module 19, x  -5.43, y 2.5975, z 38.531

Track #79, length 7
 32867886 (739) module 31, x -30.5925, y -16.7725, z 187.469
 30780787 (696) module 29, x -26.77, y -14.6275, z 162.469
 28693690 (646) module 27, x -22.8925, y -12.4825, z 137.469
 26286080 (581) module 25, x -19.1525, y -10.4375, z 113.531
 24179526 (518) module 23, x -15.275, y -8.2925, z 88.531
 22072461 (442) module 21, x -11.37, y -6.1475, z 63.531
 19965396 (379) module 19, x -7.4925, y -4.0025, z 38.531

Track #80, length 6
 31907914 (737) module 30, x 29.025, y -2.3675, z 175.469
 29809053 (686) module 28, x  24.46, y  -2.01, z 150.469
 27710448 (628) module 26, x 19.9225, y -1.6525, z 125.469
 25183553 (558) module 24, x  15.55, y -1.2775, z 101.531
 23088276 (487) module 22, x 10.985, y -0.8925, z 76.531
 20992999 (405) module 20, x   6.42, y -0.5075, z 51.531

Track #81, length 6
 31370490 (691) module 29, x -32.795, y 19.3725, z 163.531
 28882744 (640) module 27, x -27.24, y 16.0725, z 137.469
 26809969 (577) module 25, x -21.905, y 12.9375, z 112.469
 24737706 (515) module 23, x -16.5975, y  9.775, z 87.469
 22665443 (443) module 21, x -11.2625, y   6.64, z 62.469
 19929836 (386) module 19, x -6.145, y 3.6425, z 38.531

Track #82, length 6
 30839582 (693) module 29, x -31.445, y -1.8675, z 162.469
 28744059 (642) module 27, x -26.33, y -1.5375, z 137.469
 26648281 (579) module 25, x -21.16, y -1.2625, z 112.469
 24145461 (517) module 23, x -16.2375, y -0.9775, z 88.531
 22046866 (445) module 21, x -11.095, y -0.6475, z 63.531
 19948528 (388) module 19, x -5.925, y -0.3725, z 38.531

Track #83, length 5
 30711379 (695) module 29, x -28.5392, y -29.6058, z 162.469
 28634539 (644) module 27, x -23.69, y -25.2975, z 137.469
 26336002 (582) module 25, x -19.0425, y -21.1625, z 113.531
 24218714 (521) module 23, x -14.2025, y -16.8175, z 88.531
 22101425 (449) module 21, x  -9.39, y -12.4725, z 63.531

Track #84, length 6
 30594330 (700) module 29, x -17.7225, y -35.05, z 163.531
 28470607 (650) module 27, x -14.8075, y -29.33, z 138.531
 26346883 (586) module 25, x -11.92, y -23.61, z 113.531
 24223672 (525) module 23, x -9.0325, y -17.89, z 88.531
 22100204 (454) module 21, x -6.15417, y -12.2158, z 63.531
 21690292 (397) module 20, x -4.6325, y -9.225, z 50.469

Track #85, length 6
 30709783 (692) module 29, x -31.8208, y -29.9542, z 162.469
 28635510 (641) module 27, x -26.5958, y -25.0592, z 137.469
 26560725 (578) module 25, x -21.3892, y -20.1458, z 112.469
 24212274 (516) module 23, x -16.4025, y -15.47, z 88.531
 22092432 (444) module 21, x -11.2142, y -10.5658, z 63.531
 19973103 (387) module 19, x -6.0075, y  -5.68, z 38.531

Track #86, length 5
 30158096 (666) module 28, x -2.5975, y -32.215, z 151.531
 28064373 (603) module 26, x -1.8825, y -26.66, z 126.531
 25970650 (537) module 24, x -1.1675, y -21.105, z 101.531
 23767621 (468) module 22, x -0.397499, y -15.33, z 75.469
 21667242 (399) module 20, x 0.317501, y -9.775, z 50.469

Track #87, length 5
 29894821 (690) module 28, x 35.105, y -10.0775, z 150.469
 27828167 (633) module 26, x  28.56, y -8.2075, z 125.469
 25761001 (563) module 24, x 22.015, y -6.3375, z 100.469
 23071293 (493) module 22, x  15.77, y -4.5225, z 76.531
 20982964 (410) module 20, x  9.225, y -2.625, z 51.531

Track #88, length 6
 29536889 (679) module 28, x 12.4975, y 33.125, z 151.531
 27412897 (620) module 26, x 10.2975, y 27.3225, z 126.531
 25289160 (550) module 24, x 8.1525, y  21.52, z 101.531
 23164912 (479) module 22, x 5.9525, y  15.69, z 76.531
 22739066 (464) module 21, x 4.70583, y 12.4242, z 62.469
 20631781 (394) module 19, x 2.4875, y 6.5575, z 37.469

Track #89, length 5
 29811799 (687) module 28, x  28.31, y -2.5875, z 150.469
 27712695 (629) module 26, x 23.0575, y -2.1475, z 125.469
 25181717 (560) module 24, x  17.97, y -1.6625, z 101.531
 23086965 (488) module 22, x  12.69, y -1.1675, z 76.531
 20992213 (406) module 20, x   7.41, y -0.6725, z 51.531

Track #90, length 4
 29762605 (688) module 28, x 30.6475, y 7.9725, z 150.469
 27672211 (630) module 26, x  25.01, y  6.515, z 125.469
 25582075 (561) module 24, x  19.29, y   5.03, z 100.469
 23109217 (490) module 22, x  13.79, y 3.6175, z 76.531

Track #91, length 4
 29762346 (689) module 28, x 30.785, y 8.0275, z 150.469
 27672211 (630) module 26, x  25.01, y  6.515, z 125.469
 25582075 (561) module 24, x  19.29, y   5.03, z 100.469
 23109217 (490) module 22, x  13.79, y 3.6175, z 76.531

Track #92, length 5
 28705286 (638) module 27, x -32.7558, y -9.82417, z 137.469
 26617211 (574) module 25, x -26.33, y -7.9175, z 112.469
 24529136 (513) module 23, x -19.895, y -5.9925, z 87.469
 22062945 (440) module 21, x -13.7808, y -4.14917, z 63.531
 19957206 (381) module 19, x -7.355, y -2.2425, z 38.531

Track #93, length 5
 28607032 (639) module 27, x -30.0058, y -31.1642, z 137.469
 26538404 (575) module 25, x -24.0842, y -25.0408, z 112.469
 24229645 (514) module 23, x -18.4008, y -19.2192, z 88.531
 22104185 (441) module 21, x -12.4792, y -13.0958, z 63.531
 19979237 (385) module 19, x  -6.53, y -6.9725, z 38.531

Track #94, length 5
 27433119 (621) module 26, x 10.4075, y 31.695, z 126.531
 25304519 (551) module 24, x 8.2075, y  24.93, z 101.531
 23176431 (480) module 22, x 6.0075, y 18.1375, z 76.531
 22739287 (465) module 21, x 4.7425, y  14.34, z 62.469
 20631763 (395) module 19, x  2.515, y 7.5475, z 37.469

Track #95, length 4
 28098098 (609) module 26, x 5.41417, y -30.3358, z 126.531
 25993900 (542) module 24, x 3.8375, y -23.635, z 101.531
 23755565 (471) module 22, x 2.1875, y -16.65, z 75.469
 21665959 (400) module 20, x 0.592499, y  -9.94, z 50.469

Track #96, length 4
 27585563 (635) module 26, x 31.6008, y 25.3342, z 125.469
 25513623 (567) module 24, x  24.79, y 19.8525, z 100.469
 23159567 (497) module 22, x 18.2908, y 14.5992, z 76.531
 21037195 (414) module 20, x 11.4892, y 9.1175, z 51.531

Track #97, length 4
 27637100 (631) module 26, x 27.1458, y 14.1692, z 125.469
 25555421 (562) module 24, x  20.94, y 10.8875, z 100.469
 23128395 (491) module 22, x 15.0092, y 7.76083, z 76.531
 21016508 (408) module 20, x  8.785, y 4.5525, z 51.531

Track #98, length 4
 27559710 (634) module 26, x 31.4542, y 30.8708, z 125.469
 25493401 (566) module 24, x  24.68, y 24.225, z 100.469
 23174673 (496) module 22, x 18.1808, y 17.8442, z 76.531
 21046669 (413) module 20, x 11.3975, y  11.18, z 51.531

Track #99, length 4
 27190635 (572) module 25, x -35.93, y 27.2375, z 113.531
 25053154 (506) module 23, x -27.2492, y 20.6558, z 88.531
 22632544 (429) module 21, x -18.2658, y 13.8542, z 62.469
 20575703 (372) module 19, x -9.63083, y 7.30917, z 37.469

Track #100, length 4
 27017269 (598) module 25, x 1.5525, y  30.18, z 113.531
 24922041 (534) module 23, x   1.14, y 22.9475, z 88.531
 22720580 (460) module 21, x 0.764168, y 15.3758, z 62.469
 20622024 (392) module 19, x 0.397499, y  8.125, z 37.469

Track #101, length 4
 26745682 (573) module 25, x -35.82, y 14.6425, z 112.469
 24691862 (507) module 23, x -26.5342, y 10.8658, z 87.469
 22637532 (432) module 21, x -17.23, y 7.0525, z 62.469
 19930821 (375) module 19, x -8.29917, y 3.38583, z 38.531

Track #102, length 4
 27002542 (600) module 25, x 4.7425, y 23.525, z 113.531
 24831004 (535) module 23, x 3.5875, y 17.6125, z 87.469
 22728578 (461) module 21, x 2.4325, y 11.975, z 62.469
 20626153 (393) module 19, x 1.2775, y   6.31, z 37.469

Track #103, length 4
 25555295 (569) module 24, x  27.87, y 10.8875, z 100.469
 23471594 (498) module 22, x 20.225, y 7.9175, z 75.469
 21018737 (415) module 20, x  12.91, y 5.0475, z 51.531
 18907645 (348) module 18, x 5.21917, y 2.04083, z 26.531

Track #104, length 6
 15384044 (250) module 14, x -1.4425, y -6.145, z -24.531
 13290920 (199) module 12, x -2.3225, y -9.885, z -49.531
 11197796 (161) module 10, x -3.2025, y -13.6525, z -74.531
  9563646 (156) module  9, x -5.1825, y -22.18, z -131.219
  7514833 (120) module  7, x -7.6575, y -32.685, z -200.969
  5435329 (88) module  5, x -8.5375, y -36.4525, z -225.969

Track #105, length 5
 15374327 (251) module 14, x 0.647499, y -5.5675, z -24.531
 13275320 (200) module 12, x 1.0325, y -9.005, z -49.531
 11176314 (162) module 10, x 1.4175, y -12.415, z -74.531
  9210317 (134) module  8, x 2.4625, y -21.8475, z -143.219
  7118111 (101) module  6, x 3.5625, y -31.4175, z -212.969

Track #106, length 4
 15349989 (258) module 14, x 5.85417, y -6.52083, z -24.531
 13233294 (210) module 12, x 10.1442, y -11.3058, z -49.531
 11116088 (172) module 10, x 14.4525, y -16.0725, z -74.531
  9319750 (143) module  8, x 26.2225, y -29.245, z -143.219

Track #107, length 4
 14746862 (260) module 14, x  6.035, y 9.3375, z -23.469
 12676778 (209) module 12, x 9.8025, y 15.195, z -48.469
 10606693 (171) module 10, x 13.5608, y 21.0342, z -73.469
  8654241 (142) module  8, x 24.2675, y  37.59, z -144.281

Track #108, length 5
 13674212 (240) module 13, x -6.6125, y -4.0575, z -36.469
 11585963 (187) module 11, x -9.7475, y -5.9825, z -61.469
  9513483 (147) module  9, x -18.52, y -11.4275, z -131.219
  7700583 (114) module  7, x -27.43, y -17.1025, z -202.031
  5594414 (82) module  5, x -30.5925, y -19.0275, z -227.031

Track #109, length 6
 12630740 (203) module 12, x  7.465, y 5.1575, z -48.469
 10543008 (166) module 10, x 10.325, y 7.1925, z -73.469
  8471566 (141) module  8, x 18.355, y 12.8575, z -143.219
  6644856 (110) module  6, x 26.5225, y 18.6425, z -214.031
  4538179 (80) module  4, x 29.4375, y 20.6775, z -239.031
  2431247 (48) module  2, x 32.2975, y  22.74, z -264.031

Track #110, length 5
 11550161 (189) module 11, x -7.6575, y   1.69, z -61.469
  9442321 (148) module  9, x -18.2175, y 3.9725, z -131.219
  7903722 (113) module  7, x -28.9175, y 6.2825, z -202.031
  5788891 (81) module  5, x -32.7125, y 7.1075, z -227.031
  3674060 (49) module  3, x -36.48, y 7.9325, z -252.031

Track #111, length 6
 11543791 (191) module 11, x  -5.98, y 3.0925, z -61.469
 10067927 (150) module  9, x -14.3608, y 7.30917, z -132.281
  7932556 (115) module  7, x -22.5925, y 11.4525, z -202.031
  5822065 (83) module  5, x -25.5625, y 12.9375, z -227.031
  3711318 (50) module  3, x -28.4775, y 14.4225, z -252.031
  1600571 (15) module  1, x -31.3925, y 15.9075, z -277.031

Track #112, length 6
 12207572 (192) module 11, x -5.1575, y 7.4925, z -62.531
 10087504 (151) module  9, x -10.1625, y 14.7525, z -132.281
  8219852 (116) module  7, x -15.0575, y 21.875, z -200.969
  6130845 (84) module  5, x -16.8358, y 24.4692, z -225.969
  4042094 (51) module  3, x -18.6325, y 27.0725, z -250.969
  1953087 (16) module  1, x -20.3925, y 29.6575, z -275.969

Track #113, length 6
 12230645 (194) module 11, x  -0.18, y 5.6775, z -62.531
 10132890 (158) module  9, x -0.317501, y 10.6825, z -132.281
  8034878 (128) module  7, x -0.482502, y 15.715, z -202.031
  5937438 (96) module  5, x -0.537502, y 17.5025, z -227.031
  3958780 (64) module  3, x -0.5925, y 19.235, z -250.969
  1861852 (29) module  1, x -0.675, y 21.0225, z -275.969

Track #114, length 6
 10535655 (164) module 10, x 6.4475, y 5.5975, z -73.469
  8459908 (140) module  8, x 11.8925, y 10.3275, z -143.219
  6384417 (109) module  6, x 17.3375, y  15.03, z -212.969
  4556538 (79) module  4, x 19.3725, y 16.7725, z -239.031
  2451414 (46) module  2, x 21.325, y 18.4775, z -264.031
   346291 (12) module  0, x 23.2775, y 20.1825, z -289.031

Track #115, length 5
 10101903 (155) module  9, x -6.9725, y 11.2875, z -132.281
  7986203 (118) module  7, x -11.0425, y 17.6675, z -202.031
  6110449 (86) module  5, x -12.4175, y  19.84, z -225.969
  4019911 (53) module  3, x -13.8842, y 22.1408, z -250.969
  1929630 (18) module  1, x -15.3325, y 24.4325, z -275.969

Track #116, length 5
 10127087 (157) module  9, x -1.5825, y 6.0075, z -132.281
  8026556 (127) module  7, x -2.2975, y  8.785, z -202.031
  5928106 (95) module  5, x -2.5725, y 9.8025, z -227.031
  3829656 (63) module  3, x -2.8475, y 10.7925, z -252.031
  1731206 (28) module  1, x -3.095, y 11.7825, z -277.031

Track #117, length 5
 10138877 (159) module  9, x 0.947498, y 5.2375, z -132.281
  8043982 (129) module  7, x 1.4425, y 7.8225, z -202.031
  5947581 (97) module  5, x 1.6075, y 8.7575, z -227.031
  3851180 (65) module  3, x 1.7725, y 9.6925, z -252.031
  1754779 (30) module  1, x  1.965, y 10.6275, z -277.031

Track #118, length 5
  9454026 (153) module  9, x -8.0425, y 1.4975, z -131.219
  7353474 (117) module  7, x -12.0025, y 2.2125, z -200.969
  5255016 (85) module  5, x -13.4325, y 2.4875, z -225.969
  3156558 (52) module  3, x -14.8625, y  2.735, z -250.969
  1058356 (17) module  1, x -16.2925, y 2.9825, z -275.969

Track #119, length 5
  9495253 (154) module  9, x -7.4375, y -7.385, z -131.219
  7414165 (119) module  7, x -10.9575, y -10.9325, z -200.969
  5322878 (87) module  5, x -12.2225, y -12.1975, z -225.969
  3231591 (54) module  3, x -13.4875, y -13.49, z -250.969
  1140561 (19) module  1, x -14.6975, y -14.7825, z -275.969

Track #120, length 5
 10140923 (160) module  9, x 1.3875, y 5.3475, z -132.281
  8046795 (130) module  7, x 2.0475, y 7.9875, z -202.031
  5950650 (98) module  5, x  2.295, y 8.9225, z -227.031
  3854761 (66) module  3, x 2.5425, y 9.8575, z -252.031
  1758616 (31) module  1, x 2.7625, y 10.7925, z -277.031

Track #121, length 5
  9079472 (133) module  8, x 1.3625, y -9.445, z -144.281
  6975315 (100) module  6, x 2.8475, y -14.5875, z -214.031
  4875825 (68) module  4, x 3.3425, y -16.4575, z -239.031
  2776079 (34) module  2, x 3.8925, y  -18.3, z -264.031
   830701 (3) module  0, x 4.3875, y -20.0875, z -287.969

Track #122, length 5
  8434918 (136) module  8, x 6.5025, y  4.855, z -143.219
  6349736 (106) module  6, x  9.885, y 7.4125, z -212.969
  4256658 (74) module  4, x 11.1042, y 8.31083, z -237.969
  2163324 (42) module  2, x 12.305, y 9.2275, z -262.969
    70502 (10) module  0, x 13.5425, y 10.1625, z -287.969

Track #123, length 5
  9069474 (135) module  8, x 3.5075, y -10.215, z -144.281
  6963778 (103) module  6, x 5.3225, y -15.5225, z -214.031
  4863519 (72) module  4, x 5.9825, y -17.4475, z -239.031
  2938108 (39) module  2, x 6.5875, y -19.2625, z -262.969
   843994 (9) module  0, x 7.2475, y -21.1325, z -287.969

Track #124, length 5
  8444643 (137) module  8, x   6.64, y 6.9175, z -143.219
  6363813 (107) module  6, x 10.0775, y 10.5475, z -212.969
  4272526 (75) module  4, x 11.3425, y  11.84, z -237.969
  2181496 (44) module  2, x 12.5525, y 13.1325, z -262.969
    90466 (11) module  0, x 13.7625, y 14.4525, z -287.969

Track #125, length 4
  8002301 (122) module  7, x -7.5225, y   5.21, z -202.031
  5901042 (90) module  5, x -8.4025, y 5.8425, z -227.031
  3800295 (56) module  3, x -9.2825, y 6.4475, z -252.031
  1699035 (21) module  1, x -10.1625, y   7.08, z -277.031

Track #126, length 4
  7378677 (123) module  7, x  -5.65, y -3.1775, z -200.969
  5283305 (91) module  5, x -6.3375, y -3.5625, z -225.969
  3187933 (57) module  3, x -6.9975, y -3.9475, z -250.969
  1092561 (22) module  1, x -7.6575, y -4.3325, z -275.969

Track #127, length 4
  8026100 (126) module  7, x -2.4075, y  5.705, z -202.031
  5927399 (94) module  5, x -2.7375, y 6.4475, z -227.031
  3828697 (62) module  3, x -3.0675, y 7.2175, z -252.031
  1729996 (27) module  1, x -3.3975, y 7.9325, z -277.031

Track #128, length 4
  7364091 (124) module  7, x -5.3475, y -0.0700002, z -200.969
  5266927 (92) module  5, x -6.0075, y -0.0700002, z -225.969
  3170019 (58) module  3, x -6.6675, y -0.0975003, z -250.969
  1072855 (23) module  1, x -7.3275, y -0.0975003, z -275.969

Track #129, length 4
  8025575 (125) module  7, x -2.5175, y 6.4475, z -202.031
  5926873 (93) module  5, x -2.8475, y 7.2175, z -227.031
  3828427 (61) module  3, x -3.1225, y   7.96, z -252.031
  1729726 (26) module  1, x -3.4525, y 8.7025, z -277.031

Track #130, length 4
  6317050 (104) module  6, x 5.4025, y 0.3725, z -212.969
  4220143 (73) module  4, x 6.0075, y 0.4275, z -237.969
  2123236 (40) module  2, x 6.6125, y 0.4825, z -262.969
    26074 (8) module  0, x 7.1625, y 0.4825, z -287.969

Track #131, length 3
 53134322 (1230) module 50, x -1.7725, y -5.8425, z 738.469
 51036664 (1176) module 48, x -1.6625, y -5.5125, z 693.469
 48939007 (1130) module 46, x -1.5525, y -5.1275, z 648.469

Track #132, length 3
 50002909 (1171) module 47, x   4.88, y 6.9975, z 660.469
 47904485 (1126) module 45, x 4.5775, y 6.5575, z 615.469
 45803516 (1078) module 43, x 3.7525, y 5.2925, z 496.921

Track #133, length 3
 44940123 (1048) module 42, x  19.43, y -28.1175, z 485.982
 42582818 (990) module 40, x 12.3808, y -17.2642, z 389.411
 40511680 (933) module 38, x 6.7525, y -8.5925, z 312.463

Track #134, length 3
 26078390 (564) module 24, x 22.1342, y -23.0758, z 101.531
 23694904 (492) module 22, x 15.3325, y -16.045, z 75.469
 21627572 (409) module 20, x 8.82417, y -9.21583, z 50.469

Track #135, length 3
 25733277 (570) module 24, x 28.065, y -10.5175, z 100.469
 23665609 (500) module 22, x  21.63, y -8.0975, z 75.469
 21598453 (416) module 20, x 15.2225, y -5.6775, z 50.469

Track #136, length 3
 24534651 (508) module 23, x -26.3392, y -4.74583, z 87.469
 22059024 (430) module 21, x -18.245, y -3.2875, z 63.531
 19954858 (371) module 19, x -9.775, y -1.7475, z 38.531

Track #137, length 3
 21627572 (409) module 20, x 8.82417, y -9.21583, z 50.469
 18882478 (353) module 18, x 9.5825, y -3.3675, z 26.531
 16813216 (327) module 16, x 10.3525, y  2.655, z  1.531

Track #138, length 3
 15750622 (294) module 15, x -6.915, y 0.3975, z -11.469
 13650758 (230) module 13, x -15.275, y 0.9475, z -36.469
 11980966 (178) module 11, x -23.965, y 1.4875, z -62.531

Track #139, length 3
 16428753 (300) module 15, x 0.63583, y 7.63917, z -12.531
 14334041 (244) module 13, x 1.18583, y 14.2392, z -37.531
 12336613 (195) module 11, x 1.7175, y 20.5275, z -61.469

Track #140, length 3
 16429257 (301) module 15, x 0.727501, y   8.07, z -12.531
 14334795 (245) module 13, x 1.3325, y     15, z -37.531
 12335568 (196) module 11, x 1.9375, y 21.6825, z -61.469

Track #141, length 3
 15360154 (254) module 14, x  3.645, y -10.655, z -24.531
 13252643 (202) module 12, x 5.8725, y  -17.2, z -49.531
 11333296 (165) module 10, x 8.0175, y -23.415, z -73.469

Track #142, length 3
 14717143 (261) module 14, x    7.3, y 2.8475, z -23.469
 12629618 (213) module 12, x 12.8458, y 4.97417, z -48.469
 10542605 (175) module 10, x  18.41, y 7.1375, z -73.469

Track #143, length 3
 14319867 (242) module 13, x -1.9125, y   5.32, z -37.531
 12214435 (193) module 11, x -3.6725, y 10.1875, z -62.531
 10287277 (152) module  9, x -8.5675, y  23.58, z -131.219

Track #144, length 3
 14282444 (233) module 13, x -10.025, y 7.9325, z -37.531
 12160640 (183) module 11, x -15.3325, y 12.1125, z -62.531
 10385581 (144) module  9, x -29.935, y 23.6075, z -131.219

Track #145, length 3
  7371474 (121) module  7, x -7.6025, y -1.6375, z -200.969
  5275586 (89) module  5, x -8.4825, y -1.9125, z -225.969
  3179697 (55) module  3, x -9.4175, y -2.215, z -250.969

Track #146, length 3
  6963933 (102) module  6, x 5.3225, y  -6.97, z -214.031
  4863952 (71) module  4, x 5.9275, y -7.7125, z -239.031
  2764225 (38) module  2, x 6.4775, y -8.5375, z -264.031

Track #147, length 3
  6449307 (108) module  6, x 10.6275, y 29.0275, z -212.969
  4366726 (77) module  4, x 11.7825, y 32.1625, z -237.969
  2284145 (45) module  2, x 12.9375, y 35.325, z -262.969

