Track #0, length 14
 54414411 (1551) module 51, x -27.4875, y 28.9975, z 751.531
 52309865 (1479) module 49, x -25.8925, y 27.3475, z 706.531
 50205319 (1401) module 47, x -24.2975, y  25.67, z 661.531
 48101286 (1326) module 45, x -22.7025, y 23.9925, z 616.531
 45984758 (1253) module 43, x -18.5225, y 19.5925, z 497.982
 43618873 (1183) module 41, x -15.1125, y 16.0175, z 401.411
 41534317 (1103) module 39, x -12.39, y 13.1575, z 324.463
 39447447 (1031) module 37, x -10.2175, y 10.8475, z 262.469
 37354408 (961) module 35, x -9.3375, y 9.9125, z 237.469
 35260857 (899) module 33, x -8.4575, y 8.9775, z 212.469
 33167818 (837) module 31, x -7.5775, y 8.0425, z 187.469
 31074779 (773) module 29, x -6.6975, y 7.1075, z 162.469
 28981740 (703) module 27, x -5.8175, y 6.1725, z 137.469
 26888701 (632) module 25, x -4.9375, y 5.2375, z 112.469

Track #1, length 13
 53844406 (1552) module 51, x -23.1125, y -15.7275, z 750.469
 51751374 (1480) module 49, x -21.7925, y -14.8475, z 705.469
 49658341 (1403) module 47, x -20.5275, y -13.9675, z 660.469
 47565309 (1328) module 45, x -19.2075, y -13.0875, z 615.469
 45162043 (1255) module 43, x -15.88, y -10.7675, z 497.982
 43056493 (1185) module 41, x -13.1575, y -8.8425, z 402.473
 40951957 (1105) module 39, x -10.9575, y -7.275, z 325.525
 38849207 (1032) module 37, x -9.0875, y -6.0375, z 263.531
 36749509 (962) module 35, x -8.3175, y -5.4875, z 238.531
 34650067 (900) module 33, x -7.5475, y -4.9925, z 213.531
 32550625 (838) module 31, x  -6.75, y -4.4975, z 188.531
 30450928 (775) module 29, x -5.9525, y -3.9475, z 163.531
 28351486 (704) module 27, x -5.1825, y -3.4525, z 138.531

Track #2, length 9
 53928696 (1553) module 51, x -19.455, y 2.4775, z 750.469
 51392784 (1481) module 49, x -18.2725, y   2.35, z 706.531
 49296422 (1404) module 47, x -17.0625, y 2.2125, z 661.531
 47200060 (1329) module 45, x -15.8525, y 2.0475, z 616.531
 45104758 (1256) module 43, x -12.6625, y  1.635, z 497.982
 43009189 (1188) module 41, x -10.0775, y  1.305, z 402.473
 40913355 (1109) module 39, x -7.9875, y 1.0575, z 325.525
 38817257 (1038) module 37, x -6.3375, y 0.8375, z 263.531
 36720629 (968) module 35, x  -5.65, y 0.7275, z 238.531

Track #3, length 9
 54086818 (1554) module 51, x -18.9625, y 10.2425, z 750.469
 51995309 (1482) module 49, x -17.7525, y 9.6375, z 705.469
 49903801 (1405) module 47, x -16.515, y 8.9775, z 660.469
 47812293 (1330) module 45, x -15.305, y 8.3175, z 615.469
 45730276 (1257) module 43, x -12.0875, y 6.6125, z 496.921
 43645181 (1190) module 41, x -9.5025, y   5.21, z 401.411
 40899284 (1111) module 39, x -7.465, y 4.0825, z 325.525
 38806515 (1040) module 37, x -5.7875, y 3.1475, z 263.531
 36710911 (970) module 35, x -5.1275, y   2.79, z 238.531

Track #4, length 11
 53596192 (1555) module 51, x -17.365, y -20.5575, z 751.531
 51493682 (1483) module 49, x -16.375, y -19.4025, z 706.531
 49391173 (1406) module 47, x -15.3575, y -18.2475, z 661.531
 47288663 (1331) module 45, x -14.3675, y -17.0925, z 616.531
 45177222 (1258) module 43, x -11.7825, y -14.0125, z 497.982
 43068333 (1189) module 41, x -9.6375, y -11.4825, z 402.473
 40961484 (1110) module 39, x -7.9325, y  -9.42, z 325.525
 38857189 (1037) module 37, x -6.5575, y  -7.77, z 263.531
 36757231 (966) module 35, x -6.0075, y -7.1375, z 238.531
 34656761 (904) module 33, x -5.4575, y  -6.45, z 213.531
 32175866 (788) module 30, x -4.5775, y -5.4025, z 175.469

Track #5, length 7
 53518135 (1556) module 51, x -16.1275, y -3.6725, z 751.531
 51419722 (1484) module 49, x -15.0825, y -3.425, z 706.531
 49321565 (1407) module 47, x -14.0375, y -3.205, z 661.531
 47223408 (1332) module 45, x -12.965, y -2.9575, z 616.531
 45123491 (1259) module 43, x -10.1875, y -2.3525, z 497.982
 43024076 (1192) module 41, x -7.9325, y -1.8575, z 402.473
 40924909 (1115) module 39, x  -6.09, y -1.4175, z 325.525

Track #6, length 7
 54102264 (1557) module 51, x -15.635, y 5.5125, z 750.469
 52009726 (1485) module 49, x -14.645, y 5.1825, z 705.469
 49284196 (1408) module 47, x -13.6525, y  4.825, z 661.531
 47188854 (1333) module 45, x -12.6625, y 4.4675, z 616.531
 45096101 (1260) module 43, x -10.05, y 3.5325, z 497.982
 43002316 (1193) module 41, x -7.9325, y   2.79, z 402.473
 40908011 (1113) module 39, x -6.2275, y  2.185, z 325.525

Track #7, length 7
 53533764 (1558) module 51, x -15.4125, y -7.0275, z 751.531
 51434070 (1486) module 49, x -14.4225, y -6.505, z 706.531
 49334632 (1409) module 47, x -13.4325, y -5.9825, z 661.531
 47235194 (1334) module 45, x -12.4425, y -5.4875, z 616.531
 45131945 (1261) module 43, x  -9.83, y -4.1675, z 497.982
 43029968 (1194) module 41, x -7.7125, y -3.1225, z 402.473
 40928751 (1116) module 39, x -6.0075, y  -2.27, z 325.525

Track #8, length 7
 53537130 (1560) module 51, x -13.3225, y -7.7425, z 751.531
 51437689 (1487) module 49, x -12.4975, y -7.2475, z 706.531
 49338249 (1410) module 47, x -11.6175, y -6.7525, z 661.531
 47238808 (1335) module 45, x -10.7925, y -6.2575, z 616.531
 45135553 (1262) module 43, x -8.5375, y -4.9375, z 497.982
 43033570 (1197) module 41, x -6.7225, y -3.8925, z 402.473
 40932604 (1120) module 39, x -5.265, y -3.0675, z 325.525

Track #9, length 9
 54117442 (1561) module 51, x -12.3625, y 15.5225, z 750.469
 52023378 (1489) module 49, x -11.675, y 14.6425, z 705.469
 49929571 (1412) module 47, x -10.9875, y 13.7075, z 660.469
 47835763 (1336) module 45, x -10.2725, y 12.8275, z 615.469
 45746846 (1263) module 43, x -8.4025, y 10.4625, z 496.921
 43656641 (1196) module 41, x  -6.89, y 8.5375, z 401.411
 41565405 (1118) module 39, x -5.6525, y 6.9975, z 324.463
 39472883 (1041) module 37, x -4.6625, y 5.7875, z 262.469
 37377532 (971) module 35, x -4.2775, y 5.2925, z 237.469

Track #10, length 5
 53567621 (1562) module 51, x -11.8375, y -14.3975, z 751.531
 51466642 (1490) module 49, x -11.1225, y  -13.6, z 706.531
 49365919 (1413) module 47, x -10.4075, y -12.8025, z 661.531
 47264940 (1338) module 45, x -9.6925, y -11.9775, z 616.531
 45157324 (1264) module 43, x -7.905, y  -9.75, z 497.982

Track #11, length 5
 53568138 (1563) module 51, x -11.5625, y -14.5075, z 751.531
 51467413 (1491) module 49, x -10.9575, y -13.7375, z 706.531
 49366688 (1414) module 47, x -10.3525, y -12.9675, z 661.531
 47265453 (1339) module 45, x -9.6375, y -12.0875, z 616.531
 45157324 (1264) module 43, x -7.905, y  -9.75, z 497.982

Track #12, length 5
 53490343 (1565) module 51, x -9.9675, y  2.295, z 751.531
 51393971 (1494) module 49, x -9.3075, y 2.1575, z 706.531
 49297599 (1415) module 47, x -8.6475, y 1.9925, z 661.531
 47201227 (1343) module 45, x -7.9875, y 1.8275, z 616.531
 45105899 (1272) module 43, x -6.2275, y 1.4425, z 497.982

Track #13, length 5
 53522091 (1566) module 51, x -9.7475, y -4.4975, z 751.531
 51423670 (1495) module 49, x -9.1425, y -4.2225, z 706.531
 49325249 (1417) module 47, x  -8.51, y -3.9475, z 661.531
 47226829 (1345) module 45, x -7.8775, y -3.6725, z 616.531
 45126123 (1273) module 43, x -6.2275, y -2.9025, z 497.982

Track #14, length 6
 53538732 (1567) module 51, x -9.665, y -8.0725, z 751.531
 51439286 (1496) module 49, x -9.115, y -7.5775, z 706.531
 49340096 (1416) module 47, x -8.565, y -7.1375, z 661.531
 47240906 (1342) module 45, x -8.015, y -6.6975, z 616.531
 45138149 (1269) module 43, x -6.5575, y -5.4875, z 497.982
 43036410 (1201) module 41, x -5.4025, y -4.4975, z 402.473

Track #15, length 8
 53593773 (1568) module 51, x -9.6375, y -20.0075, z 751.531
 51490999 (1497) module 49, x -9.0875, y -18.7975, z 706.531
 49388226 (1419) module 47, x -8.4825, y -17.615, z 661.531
 47285709 (1344) module 45, x -7.8775, y -16.4325, z 616.531
 45173737 (1270) module 43, x -6.3375, y -13.2425, z 497.982
 43065086 (1202) module 41, x -5.1825, y -10.7675, z 402.473
 42663326 (1130) module 40, x  -4.99, y -10.4625, z 389.411
 40561088 (1055) module 38, x -3.8625, y -8.565, z 312.463

Track #16, length 9
 53589423 (1569) module 51, x -9.5275, y -19.0725, z 751.531
 51487675 (1498) module 49, x -8.8675, y -18.0825, z 706.531
 49385671 (1421) module 47, x  -8.18, y -17.0375, z 661.531
 47283667 (1349) module 45, x -7.5475, y -15.9925, z 616.531
 45172717 (1274) module 43, x -6.1175, y -13.0225, z 497.982
 43065086 (1202) module 41, x -5.1825, y -10.7675, z 402.473
 38460894 (983) module 36, x  -3.23, y -6.90125, z 250.469
 36362474 (916) module 34, x -2.955, y -6.255, z 225.469
 34264053 (855) module 32, x -2.6525, y  -5.65, z 200.469

Track #17, length 10
 53581237 (1571) module 51, x -9.1975, y -17.3125, z 751.531
 51479486 (1499) module 49, x -8.675, y -16.3225, z 706.531
 49377991 (1420) module 47, x -8.2075, y -15.3875, z 661.531
 47276240 (1346) module 45, x -7.7125, y -14.425, z 616.531
 45168105 (1271) module 43, x -6.3375, y -12.0325, z 497.982
 43062014 (1203) module 41, x -5.1825, y -10.135, z 402.473
 42663593 (1129) module 40, x -5.0175, y -9.8575, z 389.411
 40562121 (1053) module 38, x -4.0825, y -8.0975, z 312.463
 38461154 (982) module 36, x -3.285, y -6.7225, z 250.469
 36362474 (916) module 34, x -2.955, y -6.255, z 225.469

Track #18, length 5
 53504951 (1572) module 51, x -9.0875, y -0.8125, z 751.531
 51407553 (1501) module 49, x -8.5375, y -0.785, z 706.531
 49310412 (1423) module 47, x -7.9325, y -0.7575, z 661.531
 47213014 (1351) module 45, x -7.355, y -0.7025, z 616.531
 45115122 (1278) module 43, x -5.8425, y -0.5375, z 497.982

Track #19, length 7
 53505216 (1573) module 51, x -8.5925, y -0.895, z 751.531
 51408582 (1502) module 49, x -8.2625, y -0.9775, z 706.531
 49311692 (1424) module 47, x -7.905, y  -1.06, z 661.531
 47215059 (1348) module 45, x -7.5475, y -1.1425, z 616.531
 45118947 (1268) module 43, x -6.6675, y -1.3625, z 497.982
 43022832 (1199) module 41, x -5.9525, y -1.5825, z 402.473
 40926202 (1119) module 39, x -5.38417, y -1.72917, z 325.525

Track #20, length 5
 54134579 (1574) module 51, x -8.5675, y  16.32, z 750.469
 52039492 (1503) module 49, x   -8.1, y 15.4125, z 705.469
 49944661 (1426) module 47, x -7.6325, y 14.4775, z 660.469
 47849830 (1353) module 45, x -7.1375, y 13.5425, z 615.469
 45758611 (1276) module 43, x -5.8725, y 11.0675, z 496.921

Track #21, length 10
 53595586 (1575) module 51, x -8.455, y -20.3925, z 751.531
 51492810 (1504) module 49, x -8.0425, y -19.1825, z 706.531
 49390290 (1427) module 47, x -7.6025, y -18.0275, z 661.531
 47287513 (1352) module 45, x -7.2175, y -16.8175, z 616.531
 45175792 (1275) module 43, x -5.9525, y -13.6825, z 497.982
 42662299 (1132) module 40, x -4.7425, y -10.6275, z 389.411
 40561088 (1055) module 38, x -3.8625, y -8.565, z 312.463
 38460894 (983) module 36, x  -3.23, y -6.90125, z 250.469
 36362474 (916) module 34, x -2.955, y -6.255, z 225.469
 34264053 (855) module 32, x -2.6525, y  -5.65, z 200.469

Track #22, length 6
 54136479 (1576) module 51, x -8.1825, y 10.4075, z 750.469
 52041643 (1505) module 49, x -7.6875, y 9.7475, z 705.469
 49946807 (1428) module 47, x -7.1925, y 9.0875, z 660.469
 47851971 (1354) module 45, x -6.6975, y 8.4275, z 615.469
 45761251 (1281) module 43, x -5.3225, y 6.6675, z 496.921
 43669500 (1205) module 41, x -4.1675, y  5.265, z 401.411

Track #23, length 5
 53499340 (1577) module 51, x -7.9325, y 0.3975, z 751.531
 51402196 (1506) module 49, x -7.4925, y   0.37, z 706.531
 49305308 (1429) module 47, x -7.025, y 0.3425, z 661.531
 47208165 (1355) module 45, x -6.5575, y 0.3425, z 616.531
 45111291 (1280) module 43, x -5.3475, y 0.2875, z 497.982

Track #24, length 5
 54138567 (1578) module 51, x -7.715, y 8.2075, z 750.469
 52043728 (1507) module 49, x -7.2475, y 7.7125, z 705.469
 49948632 (1430) module 47, x -6.8075, y 7.2725, z 660.469
 47853537 (1356) module 45, x -6.3675, y 6.7775, z 615.469
 45761783 (1283) module 43, x -5.2125, y   5.54, z 496.921

Track #25, length 9
 54139202 (1579) module 51, x  -7.55, y 15.5225, z 750.469
 52044114 (1508) module 49, x -7.1375, y 14.615, z 705.469
 49948771 (1431) module 47, x -6.725, y 13.7075, z 660.469
 47853683 (1357) module 45, x -6.3125, y 12.8275, z 615.469
 45761439 (1282) module 43, x -5.2675, y 10.4075, z 496.921
 43668929 (1204) module 41, x -4.2775, y   8.51, z 401.411
 41575645 (1122) module 39, x -3.4525, y   6.97, z 324.463
 39481588 (1043) module 37, x -2.7925, y 5.7325, z 262.469
 37385725 (973) module 35, x -2.5175, y   5.21, z 237.469

Track #26, length 4
 53501654 (1580) module 51, x -7.3825, y -0.125, z 751.531
 51404510 (1509) module 49, x -6.9425, y -0.0975003, z 706.531
 49307367 (1432) module 47, x -6.4475, y -0.0975003, z 661.531
 47210224 (1358) module 45, x -5.9525, y -0.0975003, z 616.531

Track #27, length 4
 53483994 (1581) module 51, x -7.1625, y 3.6975, z 751.531
 51387874 (1511) module 49, x -6.7225, y 3.4775, z 706.531
 49291753 (1433) module 47, x -6.3375, y 3.2575, z 661.531
 47195633 (1359) module 45, x -5.8975, y 3.0375, z 616.531

Track #28, length 4
 53530076 (1582) module 51, x -7.025, y -6.2025, z 751.531
 51431140 (1512) module 49, x -6.6125, y -5.8175, z 706.531
 49332459 (1434) module 47, x -6.2275, y -5.4875, z 661.531
 47233523 (1360) module 45, x -5.7875, y -5.1025, z 616.531

Track #29, length 4
 53477867 (1583) module 51, x   -6.2, y 5.0175, z 751.531
 51382002 (1513) module 49, x -5.8425, y 4.7425, z 706.531
 49286137 (1435) module 47, x -5.4575, y 4.4675, z 661.531
 47190271 (1361) module 45, x -5.1275, y  4.165, z 616.531

Track #30, length 6
 54165127 (1586) module 51, x -2.0225, y 11.7275, z 750.469
 52068500 (1515) module 49, x -1.9125, y 10.985, z 705.469
 49971874 (1437) module 47, x -1.775, y 10.2425, z 660.469
 47875503 (1362) module 45, x -1.6375, y 9.5275, z 615.469
 45779666 (1284) module 43, x -1.335, y 7.6025, z 496.921
 43683822 (1206) module 41, x -1.0875, y 6.0625, z 401.411

Track #31, length 5
 54166466 (1587) module 51, x -1.7475, y 8.4825, z 750.469
 52069579 (1516) module 49, x -1.665, y 7.9875, z 705.469
 49972948 (1438) module 47, x -1.555, y 7.4925, z 660.469
 47876317 (1363) module 45, x -1.4725, y 6.9975, z 615.469
 45780468 (1285) module 43, x -1.1975, y 5.7325, z 496.921

Track #32, length 7
 54188352 (1588) module 51, x 2.9825, y 15.6325, z 750.469
 52090451 (1517) module 49, x 2.8175, y 14.5875, z 705.469
 49992293 (1441) module 47, x 2.5975, y  13.57, z 660.469
 47894392 (1365) module 45, x 2.4325, y 12.5525, z 615.469
 45794730 (1287) module 43, x 1.8825, y 9.8025, z 496.921
 43695826 (1209) module 41, x 1.4975, y 7.6025, z 401.411
 41596914 (1125) module 39, x   1.14, y 5.8425, z 324.463

Track #33, length 7
 53119862 (1519) module 50, x 1.3075, y -12.635, z 738.469
 51022979 (1443) module 48, x 1.2525, y -11.92, z 693.469
 48926096 (1367) module 46, x 1.1975, y -11.205, z 648.469
 46829213 (1290) module 44, x 1.1425, y -10.49, z 603.469
 44732865 (1212) module 42, x 0.963749, y -8.49625, z 484.921
 42636766 (1136) module 40, x 0.7575, y -6.915, z 389.411
 40540406 (1060) module 38, x 0.592499, y -5.6225, z 312.463

Track #34, length 8
 53115420 (1520) module 50, x 2.2425, y -17.6125, z 738.469
 51018800 (1444) module 48, x 2.1325, y -16.5125, z 693.469
 48922180 (1368) module 46, x  1.995, y -15.4125, z 648.469
 46825817 (1291) module 44, x 1.8575, y -14.2575, z 603.469
 44730254 (1213) module 42, x 1.5275, y -11.3425, z 484.921
 42634425 (1137) module 40, x  1.225, y -8.9775, z 389.411
 40538588 (1061) module 38, x 0.977501, y -7.0525, z 312.463
 38442232 (987) module 36, x  0.785, y -5.5125, z 250.469

Track #35, length 6
 53266917 (1521) module 50, x 5.9825, y -20.5275, z 739.531
 51168507 (1447) module 48, x 5.7075, y -19.3175, z 694.531
 48906517 (1371) module 46, x   5.35, y -17.9975, z 648.469
 46811435 (1293) module 44, x 4.9375, y -16.7875, z 603.469
 44718951 (1214) module 42, x   3.92, y -13.4875, z 484.921
 42625429 (1138) module 40, x   3.15, y -10.9575, z 389.411

Track #36, length 6
 53266929 (1522) module 50, x 5.9825, y -19.8675, z 739.531
 51002374 (1446) module 48, x 5.6525, y -18.795, z 693.469
 48906778 (1370) module 46, x  5.295, y -17.7225, z 648.469
 46811439 (1292) module 44, x 4.9375, y -16.5675, z 603.469
 44718951 (1214) module 42, x   3.92, y -13.4875, z 484.921
 42625429 (1138) module 40, x   3.15, y -10.9575, z 389.411

Track #37, length 12
 53267676 (1524) module 50, x 6.1475, y -21.0225, z 739.531
 51168754 (1448) module 48, x 5.7625, y -19.8125, z 694.531
 48906249 (1372) module 46, x  5.405, y -18.63, z 648.469
 46810911 (1294) module 44, x 5.0475, y -17.4475, z 603.469
 44718424 (1215) module 42, x 4.0575, y -14.3125, z 484.921
 42624902 (1139) module 40, x 3.2875, y -11.7825, z 389.411
 40530603 (1062) module 38, x 2.6825, y -9.7475, z 312.463
 38435531 (988) module 36, x 2.2425, y -7.9875, z 250.469
 36339416 (920) module 34, x 2.0225, y -7.2725, z 225.469
 34243045 (859) module 32, x 1.8575, y -6.5575, z 200.469
 32146930 (794) module 30, x 1.6375, y -5.8425, z 175.469
 30050815 (723) module 28, x 1.4175, y -5.1275, z 150.469

Track #38, length 4
 52482024 (1525) module 50, x 6.3925, y 6.3125, z 739.531
 50383087 (1449) module 48, x 6.0075, y 5.9275, z 694.531
 48284149 (1374) module 46, x   5.65, y   5.57, z 649.531
 46185468 (1296) module 44, x 5.2925, y 5.2125, z 604.531

Track #39, length 4
 52474088 (1526) module 50, x 6.3925, y  4.635, z 739.531
 50375919 (1450) module 48, x 6.0075, y 4.3875, z 694.531
 48277494 (1373) module 46, x 5.6225, y 4.1125, z 649.531
 46179068 (1295) module 44, x  5.265, y 3.8375, z 604.531

Track #40, length 12
 53268916 (1527) module 50, x 6.4225, y -23.2225, z 739.531
 51169997 (1451) module 48, x 6.0375, y -21.8475, z 694.531
 49071334 (1375) module 46, x 5.7075, y -20.4725, z 649.531
 46972414 (1298) module 44, x   5.35, y -19.125, z 604.531
 44716611 (1216) module 42, x 4.4425, y -15.4675, z 484.921
 42622841 (1140) module 40, x 3.7275, y -12.4975, z 389.411
 40528805 (1063) module 38, x 3.0675, y -10.0775, z 312.463
 38433991 (989) module 36, x 2.5725, y -8.2075, z 250.469
 36337877 (921) module 34, x 2.3525, y -7.4375, z 225.469
 34241507 (860) module 32, x   2.16, y -6.6675, z 200.469
 32145649 (795) module 30, x 1.9125, y -5.8975, z 175.469
 30049534 (724) module 28, x 1.6925, y -5.155, z 150.469

Track #41, length 12
 53272765 (1529) module 50, x 7.2475, y -22.7275, z 739.531
 51173333 (1452) module 48, x 6.7525, y -21.4075, z 694.531
 49074158 (1376) module 46, x 6.3125, y -20.0325, z 649.531
 46807049 (1299) module 44, x 5.8725, y -18.6575, z 603.469
 44714822 (1217) module 42, x 4.8275, y -15.275, z 484.921
 42621820 (1141) module 40, x 3.9475, y -12.3325, z 389.411
 40527782 (1064) module 38, x 3.2875, y -10.0225, z 312.463
 38433479 (990) module 36, x 2.6825, y -8.2075, z 250.469
 36337364 (922) module 34, x 2.4625, y -7.465, z 225.469
 34241507 (860) module 32, x   2.16, y -6.6675, z 200.469
 32145649 (795) module 30, x 1.9125, y -5.8975, z 175.469
 30049534 (724) module 28, x 1.6925, y -5.155, z 150.469

Track #42, length 5
 52482997 (1530) module 50, x 9.1975, y 6.5325, z 739.531
 50384063 (1454) module 48, x 8.6475, y 6.1475, z 694.531
 48285129 (1377) module 46, x 8.0975, y   5.79, z 649.531
 46186195 (1300) module 44, x 7.5475, y  5.405, z 604.531
 44084461 (1219) module 42, x 6.1175, y 4.3875, z 485.982

Track #43, length 12
 52556461 (1531) module 50, x 9.6375, y 22.4275, z 739.531
 50453175 (1455) module 48, x 9.0875, y 21.1075, z 694.531
 48349889 (1378) module 46, x 8.5375, y 19.7875, z 649.531
 46246603 (1301) module 44, x   7.96, y 18.4675, z 604.531
 44133351 (1220) module 42, x 6.4475, y 15.0025, z 485.982
 42023165 (1143) module 40, x 5.2375, y 12.1975, z 390.473
 41612193 (1126) module 39, x 4.4125, y  10.27, z 324.463
 39511490 (1048) module 37, x 3.6425, y 8.4825, z 262.469
 37412816 (977) module 35, x 3.3125, y 7.7125, z 237.469
 35314141 (911) module 33, x   3.01, y 6.9975, z 212.469
 33215722 (847) module 31, x 2.7075, y 6.2825, z 187.469
 31117047 (784) module 29, x 2.3775, y 5.5675, z 162.469

Track #44, length 6
 52475304 (1532) module 50, x 9.9125, y 4.8825, z 739.531
 50376882 (1457) module 48, x 9.3625, y 4.6075, z 694.531
 48278460 (1379) module 46, x  8.785, y 4.3325, z 649.531
 46179783 (1302) module 44, x 8.2075, y   4.03, z 604.531
 44079331 (1221) module 42, x 6.6675, y 3.2875, z 485.982
 41979385 (1144) module 40, x 5.4575, y 2.6825, z 390.473

Track #45, length 6
 52480155 (1534) module 50, x 10.6275, y 5.9275, z 739.531
 50381221 (1458) module 48, x  10.05, y 5.5425, z 694.531
 48282544 (1380) module 46, x  9.445, y 5.2125, z 649.531
 46183612 (1303) module 44, x 8.8125, y 4.8275, z 604.531
 44082137 (1223) module 42, x 7.2175, y 3.8925, z 485.982
 41981169 (1145) module 40, x 5.8975, y  3.095, z 390.473

Track #46, length 6
 53074065 (1535) module 50, x 11.235, y -11.1775, z 738.469
 50980253 (1459) module 48, x 10.5475, y -10.5175, z 693.469
 48886185 (1381) module 46, x 9.8875, y -9.8575, z 648.469
 46792117 (1304) module 44, x 9.2275, y -9.1975, z 603.469
 44702421 (1224) module 42, x 7.5225, y -7.4375, z 484.921
 42611950 (1146) module 40, x 6.0925, y -6.0625, z 389.411

Track #47, length 7
 53071067 (1536) module 50, x 11.9225, y -7.1075, z 738.469
 50976994 (1460) module 48, x 11.2625, y -6.7225, z 693.469
 48883178 (1382) module 46, x 10.5475, y -6.2825, z 648.469
 46789105 (1305) module 44, x   9.86, y -5.8975, z 603.469
 44041674 (1226) module 42, x 8.0425, y -4.7975, z 485.982
 41948388 (1149) module 40, x 6.6125, y -3.945, z 390.473
 39854586 (1066) module 38, x 5.4025, y -3.2575, z 313.525

Track #48, length 9
 52544886 (1537) module 50, x 12.6625, y  19.98, z 739.531
 50441861 (1461) module 48, x 11.8375, y 18.6875, z 694.531
 48338580 (1383) module 46, x 11.0125, y 17.3675, z 649.531
 46235555 (1306) module 44, x  10.16, y 16.1025, z 604.531
 44122315 (1225) module 42, x 7.9875, y 12.665, z 485.982
 42012395 (1147) module 40, x 6.2275, y 9.8875, z 390.473
 41615052 (1128) module 39, x 5.0175, y 7.9325, z 324.463
 39512556 (1049) module 37, x 3.8625, y 6.1725, z 262.469
 37413369 (978) module 35, x 3.4225, y 5.4575, z 237.469

Track #49, length 8
 52554082 (1538) module 50, x 13.7625, y 21.9325, z 739.531
 50450035 (1462) module 48, x 12.8275, y 20.4475, z 694.531
 48345988 (1384) module 46, x 11.8925, y 18.9625, z 649.531
 46241941 (1307) module 44, x 10.9575, y 17.4775, z 604.531
 44126658 (1227) module 42, x 8.4825, y 13.5725, z 485.982
 42014950 (1148) module 40, x 6.5025, y 10.465, z 390.473
 39512810 (1050) module 37, x 3.9175, y 6.2825, z 262.469
 37413369 (978) module 35, x 3.4225, y 5.4575, z 237.469

Track #50, length 11
 52580418 (1539) module 50, x 15.5225, y 27.7075, z 739.531
 50475092 (1463) module 48, x 14.5325, y 25.9475, z 694.531
 48369510 (1385) module 46, x 13.5425, y 24.1325, z 649.531
 46264440 (1308) module 44, x 12.5525, y 22.3175, z 604.531
 44145319 (1228) module 42, x 9.9675, y 17.5875, z 485.982
 42030286 (1150) module 40, x 7.8225, y 13.765, z 390.473
 39918829 (1067) module 38, x 6.1175, y 10.6575, z 313.525
 39517631 (1052) module 37, x 4.9625, y 8.6475, z 262.469
 37417682 (980) module 35, x 4.3575, y 7.6025, z 237.469
 35317988 (913) module 33, x 3.8075, y 6.6125, z 212.469
 33218038 (849) module 31, x 3.23917, y 5.58583, z 187.469

Track #51, length 12
 52573505 (1540) module 50, x 15.5775, y 26.2225, z 739.531
 50469201 (1464) module 48, x 14.6975, y 24.6825, z 694.531
 48365409 (1386) module 46, x 13.8175, y  23.17, z 649.531
 46261105 (1309) module 44, x  12.91, y 21.6025, z 604.531
 44145053 (1229) module 42, x 10.5175, y 17.5325, z 485.982
 42032833 (1152) module 40, x   8.51, y 14.2875, z 390.473
 39923423 (1069) module 38, x 6.8875, y 11.6475, z 313.525
 37816566 (993) module 36, x 5.6225, y 9.5575, z 251.531
 35322566 (914) module 33, x 4.7975, y 8.2625, z 212.469
 33223126 (850) module 31, x 4.3025, y 7.3825, z 187.469
 31123429 (786) module 29, x 3.77083, y 6.53917, z 162.469
 29023989 (712) module 27, x 3.2575, y 5.6775, z 137.469

Track #52, length 10
 53053205 (1541) module 50, x 15.7175, y -17.9975, z 738.469
 50960679 (1465) module 48, x 14.7275, y -17.0075, z 693.469
 48867641 (1387) module 46, x 13.8475, y -16.0175, z 648.469
 46774604 (1310) module 44, x 12.9675, y -14.9725, z 603.469
 44688508 (1230) module 42, x 10.5658, y -12.2958, z 484.921
 42600099 (1153) module 40, x  8.595, y -10.1875, z 389.411
 40510148 (1070) module 38, x 7.0825, y -8.3725, z 312.463
 38418912 (994) module 36, x 5.8175, y -6.8325, z 250.469
 36324075 (925) module 34, x 5.3225, y -6.2275, z 225.469
 34229494 (863) module 32, x 4.7725, y -5.6225, z 200.469

Track #53, length 9
 52509991 (1542) module 50, x  16.98, y 12.4725, z 739.531
 50409274 (1466) module 48, x 15.9625, y  11.73, z 694.531
 48308812 (1388) module 46, x 14.9725, y 10.9875, z 649.531
 46208350 (1311) module 44, x 13.9825, y 10.2725, z 604.531
 44102797 (1231) module 42, x 11.3975, y 8.3475, z 485.982
 41998516 (1155) module 40, x 9.2525, y 6.8075, z 390.473
 39895507 (1072) module 38, x 7.5475, y 5.5425, z 313.525
 37793772 (996) module 36, x 6.1725, y 4.5525, z 251.531
 35694838 (927) module 34, x 5.6225, y 4.1675, z 226.531

Track #54, length 10
 52449830 (1543) module 50, x 17.0625, y -0.5625, z 739.531
 50352696 (1467) module 48, x 16.0725, y -0.535, z 694.531
 48255818 (1389) module 46, x 15.0825, y -0.5075, z 649.531
 46158940 (1312) module 44, x 14.0925, y -0.4525, z 604.531
 44062348 (1232) module 42, x 11.4525, y -0.315, z 485.982
 41965747 (1158) module 40, x 9.3075, y -0.2325, z 390.473
 39868882 (1073) module 38, x 7.6025, y -0.1775, z 313.525
 37772010 (998) module 36, x  6.255, y -0.1225, z 251.531
 35674869 (929) module 34, x 5.6775, y -0.0949998, z 226.531
 33577983 (865) module 32, x 5.1275, y -0.0675001, z 201.531

Track #55, length 10
 53046539 (1544) module 50, x  17.12, y -18.5475, z 738.469
 50954016 (1468) module 48, x 16.1575, y -17.3925, z 693.469
 48861236 (1390) module 46, x 15.2225, y -16.2925, z 648.469
 46768711 (1313) module 44, x 14.205, y -15.2475, z 603.469
 44684154 (1233) module 42, x 11.5375, y -12.4425, z 484.921
 42597539 (1156) module 40, x 9.2825, y -10.1875, z 389.411
 40508356 (1071) module 38, x 7.4675, y -8.345, z 312.463
 38417889 (995) module 36, x   6.01, y -6.7775, z 250.469
 36323563 (926) module 34, x 5.4325, y   -6.2, z 225.469
 34228983 (864) module 32, x 4.8825, y -5.5675, z 200.469

Track #56, length 12
 52747236 (1545) module 50, x 20.5825, y 26.2875, z 738.469
 50657274 (1469) module 48, x 19.3725, y  24.72, z 693.469
 48365329 (1391) module 46, x 18.2175, y  23.17, z 649.531
 46261287 (1314) module 44, x 17.0075, y 21.6575, z 604.531
 44144992 (1234) module 42, x 13.8542, y 17.5692, z 485.982
 42032782 (1159) module 40, x 11.3425, y 14.2875, z 390.473
 39923379 (1076) module 38, x   9.28, y 11.6475, z 313.525
 37816530 (1000) module 36, x 7.6025, y 9.5575, z 251.531
 35715806 (933) module 34, x  6.915, y 8.6775, z 226.531
 33614827 (867) module 32, x 6.2275, y 7.8525, z 201.531
 31513591 (799) module 30, x 5.5675, y 6.9725, z 176.531
 29029621 (714) module 27, x 4.4675, y 5.6775, z 137.469

Track #57, length 12
 52874452 (1546) module 50, x 21.4625, y -1.2675, z 738.469
 50777066 (1470) module 48, x 20.2525, y -1.2125, z 693.469
 48252674 (1392) module 46, x 19.015, y  -1.14, z 649.531
 46156057 (1315) module 44, x 17.7775, y -1.0575, z 604.531
 44059733 (1236) module 42, x 14.4775, y -0.8925, z 485.982
 41963397 (1160) module 40, x 11.8375, y -0.7275, z 390.473
 39866796 (1077) module 38, x 9.6925, y -0.6175, z 313.525
 37770187 (1002) module 36, x   7.96, y -0.5075, z 251.531
 35673304 (934) module 34, x 7.2725, y -0.4525, z 226.531
 33576165 (868) module 32, x 6.5575, y -0.425, z 201.531
 31479281 (800) module 30, x 5.8975, y -0.3975, z 176.531
 29382398 (728) module 28, x 5.1825, y -0.3425, z 151.531

Track #58, length 9
 52791944 (1547) module 50, x 25.6425, y 16.5525, z 738.469
 50700199 (1471) module 48, x 23.9375, y 15.3975, z 693.469
 48608454 (1393) module 46, x 22.2325, y 14.215, z 648.469
 46516965 (1317) module 44, x 20.5275, y 13.0325, z 603.469
 44110649 (1237) module 42, x 16.0175, y 10.1625, z 485.982
 42003069 (1161) module 40, x 12.2775, y 7.7975, z 390.473
 39897267 (1075) module 38, x   9.28, y 5.9275, z 313.525
 37792992 (999) module 36, x 6.8325, y 4.3875, z 251.531
 35693041 (930) module 34, x 5.8975, y 3.7825, z 226.531

Track #59, length 13
 52841564 (1549) module 50, x 28.0625, y 5.7725, z 738.469
 50745978 (1473) module 48, x 26.4125, y 5.4425, z 693.469
 48650392 (1394) module 46, x 24.7625, y 5.1125, z 648.469
 46554806 (1318) module 44, x 23.1125, y  4.755, z 603.469
 44081926 (1239) module 42, x 18.8225, y 3.8925, z 485.982
 41981510 (1164) module 40, x 15.3025, y 3.1775, z 390.473
 39881593 (1080) module 38, x 12.4975, y 2.5725, z 313.525
 37782435 (1003) module 36, x 10.1875, y 2.1325, z 251.531
 35684275 (935) module 34, x   9.28, y   1.94, z 226.531
 33586372 (869) module 32, x 8.3725, y 1.7475, z 201.531
 31488469 (801) module 30, x 7.4375, y 1.5825, z 176.531
 29390309 (729) module 28, x   6.53, y 1.3625, z 151.531
 27292406 (657) module 26, x 5.6225, y 1.1975, z 126.531

Track #60, length 14
 53401906 (1550) module 50, x 35.2425, y -30.345, z 739.531
 51295060 (1475) module 48, x 33.1525, y -28.5025, z 694.531
 49188214 (1397) module 46, x 31.0625, y -26.6325, z 649.531
 47081624 (1321) module 44, x 29.0275, y -24.7625, z 604.531
 44959214 (1242) module 42, x 23.5825, y -20.005, z 485.982
 42551607 (1166) module 40, x 19.1275, y -16.1275, z 389.411
 40471151 (1082) module 38, x 15.5525, y -13.0475, z 312.463
 38387355 (1005) module 36, x 12.6925, y  -10.6, z 250.469
 36295341 (937) module 34, x 11.565, y  -9.61, z 225.469
 34203583 (872) module 32, x 10.4375, y  -8.62, z 200.469
 32111825 (806) module 30, x 9.2825, y -7.6575, z 175.469
 30019554 (736) module 28, x 8.1275, y -6.695, z 150.469
 27927796 (660) module 26, x 6.9725, y -5.7325, z 125.469
 25167345 (581) module 24, x   5.87, y -4.7975, z 101.531

Track #61, length 11
 51912798 (1476) module 49, x -35.5725, y 13.9825, z 705.469
 49825646 (1398) module 47, x -33.4275, y 13.1025, z 660.469
 47738237 (1323) module 45, x -31.3375, y 12.2775, z 615.469
 45666726 (1249) module 43, x -25.8375, y 10.0225, z 496.921
 43589830 (1179) module 41, x -21.3825, y 8.2625, z 401.411
 41509599 (1099) module 39, x -17.7525, y   6.86, z 324.463
 39425780 (1027) module 37, x -14.865, y 5.7325, z 262.469
 37334268 (958) module 35, x -13.6825, y 5.2925, z 237.469
 34604152 (896) module 33, x -12.5525, y 4.8525, z 213.531
 32509069 (834) module 31, x -11.3975, y 4.4125, z 188.531
 30413986 (768) module 29, x -10.215, y 3.9725, z 163.531

Track #62, length 9
 51804676 (1477) module 49, x -32.875, y -3.2425, z 705.469
 49708327 (1399) module 47, x -30.9775, y -3.0775, z 660.469
 47611979 (1324) module 45, x -28.9608, y -2.87583, z 615.469
 45518768 (1250) module 43, x -23.4425, y -2.0875, z 496.921
 43022595 (1180) module 41, x -18.9875, y -1.5825, z 402.473
 40924225 (1101) module 39, x -15.5775, y -1.3075, z 325.525
 38826357 (1030) module 37, x -12.7175, y -1.1425, z 263.531
 36728968 (960) module 35, x -11.645, y -1.0875, z 238.531
 34631324 (898) module 33, x -10.545, y -1.005, z 213.531

Track #63, length 8
 51802135 (1478) module 49, x -31.8575, y -3.7925, z 705.469
 49706299 (1400) module 47, x -29.8775, y -3.5175, z 660.469
 47610462 (1325) module 45, x -27.9525, y -3.2425, z 615.469
 45516476 (1251) module 43, x -22.7825, y -2.5825, z 496.921
 43024648 (1181) module 41, x -18.7125, y  -2.05, z 402.473
 40925764 (1102) module 39, x -15.4125, y -1.6375, z 325.525
 38827125 (1029) module 37, x -12.7175, y -1.3075, z 263.531
 36728968 (960) module 35, x -11.645, y -1.0875, z 238.531

Track #64, length 5
 52037415 (1500) module 49, x -8.5675, y 17.0075, z 705.469
 49943100 (1422) module 47, x -7.9625, y 15.8525, z 660.469
 47848787 (1350) module 45, x -7.3575, y 14.5875, z 615.469
 45758606 (1277) module 43, x -5.8725, y 11.3425, z 496.921
 41575645 (1122) module 39, x -3.4525, y   6.97, z 324.463

Track #65, length 13
 51275017 (1474) module 48, x 28.8625, y -32.6275, z 694.531
 49169453 (1396) module 46, x 27.0842, y -30.6108, z 649.531
 47064146 (1320) module 44, x 25.2875, y -28.585, z 604.531
 44945332 (1240) module 42, x  20.53, y -23.2225, z 485.982
 42563078 (1165) module 40, x 16.6525, y -18.8225, z 389.411
 40480069 (1081) module 38, x   13.6, y -15.3575, z 312.463
 38394488 (1004) module 36, x 11.125, y -12.5525, z 250.469
 36302221 (936) module 34, x 10.1075, y -11.3975, z 225.469
 34209697 (870) module 32, x   9.09, y -10.27, z 200.469
 32116662 (802) module 30, x 8.1275, y -9.1425, z 175.469
 30024139 (733) module 28, x   7.11, y -7.9875, z 150.469
 27931872 (659) module 26, x 6.0925, y -6.8325, z 125.469
 25839348 (580) module 24, x 5.1025, y -5.7325, z 100.469

Track #66, length 8
 50201378 (1402) module 47, x -23.4725, y 31.2525, z 661.531
 48096080 (1327) module 45, x -21.6025, y 28.7225, z 616.531
 45976265 (1254) module 43, x -16.735, y 22.0675, z 497.982
 43629871 (1187) module 41, x -12.7475, y 16.5675, z 401.411
 41547646 (1107) module 39, x -9.5575, y 12.2225, z 324.463
 39462078 (1036) module 37, x -6.9725, y 8.7025, z 262.469
 37369560 (967) module 35, x -5.94583, y 7.25417, z 237.469
 35277298 (905) module 33, x -4.9375, y  5.815, z 212.469

Track #67, length 13
 50085639 (1440) module 47, x 1.6075, y 32.7375, z 661.531
 47989036 (1364) module 45, x 1.4975, y 30.675, z 616.531
 45893008 (1286) module 43, x 1.2775, y 25.175, z 497.982
 43796963 (1207) module 41, x 1.0575, y  20.61, z 402.473
 41595689 (1123) module 39, x 0.892498, y  16.87, z 324.463
 39497823 (1045) module 37, x 0.745831, y 13.8908, z 262.469
 37400437 (975) module 35, x 0.672501, y 12.7175, z 237.469
 35303051 (909) module 33, x 0.6175, y 11.5075, z 212.469
 33205665 (845) module 31, x 0.5625, y 10.2975, z 187.469
 31108279 (782) module 29, x 0.5075, y 9.0875, z 162.469
 29010892 (709) module 27, x 0.452499, y  7.905, z 137.469
 26913506 (636) module 25, x 0.397499, y 6.7225, z 112.469
 24816120 (567) module 23, x 0.342499, y 5.5125, z 87.469

Track #68, length 4
 49452993 (1418) module 47, x  -8.51, y -31.6125, z 661.531
 47344593 (1347) module 45, x  -7.63, y -29.1925, z 616.531
 45219064 (1279) module 43, x -5.485, y -22.9775, z 497.982
 42656801 (1133) module 40, x -3.5875, y -17.31, z 389.411

Track #69, length 12
 47097625 (1322) module 44, x  32.52, y -31.7475, z 604.531
 44972422 (1243) module 42, x 26.4425, y -25.7525, z 485.982
 42853086 (1168) module 40, x 21.5475, y -20.9125, z 390.473
 40461864 (1084) module 38, x 17.5325, y -16.9525, z 312.463
 38379617 (1010) module 36, x 14.3425, y -13.79, z 250.469
 36288376 (941) module 34, x  13.05, y -12.5525, z 225.469
 34197391 (876) module 32, x 11.7575, y -11.26, z 200.469
 32106150 (808) module 30, x 10.465, y -9.995, z 175.469
 30015165 (738) module 28, x 9.1725, y -8.7575, z 150.469
 27923412 (662) module 26, x   7.88, y -7.4925, z 125.469
 25832427 (584) module 24, x 6.5875, y -6.2275, z 100.469
 23069179 (522) module 22, x 5.3475, y -5.0175, z 76.531

Track #70, length 9
 45996881 (1252) module 43, x -21.19, y 28.6675, z 497.982
 43876282 (1182) module 41, x -16.1025, y 22.8925, z 402.473
 41536274 (1104) module 39, x -11.95, y 18.1625, z 324.463
 39454039 (1034) module 37, x  -8.65, y 14.3675, z 262.469
 37363315 (964) module 35, x -7.3025, y 12.8275, z 237.469
 35272591 (903) module 33, x -5.9275, y 11.2875, z 212.469
 33181867 (841) module 31, x -4.5525, y 9.7475, z 187.469
 31091143 (778) module 29, x -3.1775, y 8.2075, z 162.469
 29000675 (706) module 27, x -1.7475, y   6.64, z 137.469

Track #71, length 9
 45933922 (1265) module 43, x -7.5225, y 27.7325, z 497.982
 43829704 (1198) module 41, x -5.9825, y 22.095, z 402.473
 41569310 (1121) module 39, x -4.7725, y 17.5025, z 324.463
 39476832 (1042) module 37, x -3.7825, y 13.845, z 262.469
 37381499 (972) module 35, x  -3.37, y 12.3875, z 237.469
 35286422 (906) module 33, x -2.9575, y 10.9025, z 212.469
 33191089 (842) module 31, x -2.5725, y 9.4175, z 187.469
 31095756 (779) module 29, x -2.1875, y 7.9325, z 162.469
 29000423 (705) module 27, x -1.775, y 6.4475, z 137.469

Track #72, length 11
 44844334 (1210) module 42, x -1.2775, y -30.5925, z 485.982
 42748568 (1134) module 40, x -0.975, y -24.7625, z 390.473
 40653036 (1058) module 38, x -0.6725, y -20.1425, z 313.525
 38447923 (986) module 36, x  -0.48, y -16.3475, z 250.469
 36350542 (919) module 34, x -0.397499, y -14.8625, z 225.469
 34253162 (858) module 32, x -0.342499, y -13.3225, z 200.469
 32155780 (793) module 30, x -0.287498, y -11.865, z 175.469
 30058399 (721) module 28, x -0.232498, y -10.4075, z 150.469
 27961018 (647) module 26, x -0.177498, y -8.9225, z 125.469
 25863637 (575) module 24, x -0.122498, y -7.4375, z 100.469
 23766255 (518) module 22, x -0.0675011, y  -5.98, z 75.469

Track #73, length 11
 44878185 (1218) module 42, x 5.9825, y -27.3475, z 485.982
 42776003 (1142) module 40, x 4.8825, y -22.3975, z 390.473
 40524303 (1065) module 38, x  3.975, y -18.3275, z 312.463
 38430538 (991) module 36, x 3.2875, y -15.0825, z 250.469
 36334946 (923) module 34, x 2.9575, y -13.7625, z 225.469
 34239098 (861) module 32, x 2.6825, y -12.4425, z 200.469
 32143250 (796) module 30, x 2.4075, y -11.1225, z 175.469
 30047401 (725) module 28, x 2.1325, y  -9.83, z 150.469
 27951553 (649) module 26, x   1.83, y -8.5375, z 125.469
 25855961 (578) module 24, x 1.5275, y -7.2175, z 100.469
 23760113 (520) module 22, x 1.2525, y -5.8975, z 75.469

Track #74, length 9
 44928030 (1238) module 42, x 16.845, y -31.4725, z 485.982
 42814106 (1162) module 40, x 13.1875, y -24.625, z 390.473
 40703231 (1079) module 38, x 10.2175, y -19.0975, z 313.525
 38409556 (1001) module 36, x 7.7975, y -14.5325, z 250.469
 36316789 (932) module 34, x  6.835, y -12.7175, z 225.469
 34224277 (866) module 32, x 5.8725, y -10.93, z 200.469
 32131510 (798) module 30, x 4.9375, y -9.1425, z 175.469
 30038999 (727) module 28, x 3.9475, y -7.3275, z 150.469
 27946231 (651) module 26, x 2.99417, y -5.53083, z 125.469

Track #75, length 9
 44480326 (1244) module 42, x 29.245, y -0.112499, z 484.921
 42382522 (1169) module 40, x 22.8558, y 0.0341682, z 389.411
 39869977 (1085) module 38, x 17.7775, y  0.125, z 313.525
 37773412 (1007) module 36, x 13.6525, y 0.2075, z 251.531
 35676291 (938) module 34, x 11.9475, y  0.235, z 226.531
 33579425 (871) module 32, x 10.2975, y 0.2625, z 201.531
 31482559 (803) module 30, x   8.62, y 0.3175, z 176.531
 29385438 (731) module 28, x 6.9425, y 0.3175, z 151.531
 27288572 (654) module 26, x 5.2925, y 0.3725, z 126.531

Track #76, length 9
 44400184 (1245) module 42, x 30.0242, y 17.1758, z 484.921
 42321072 (1170) module 40, x 23.4425, y 13.3625, z 389.411
 39917328 (1086) module 38, x 18.245, y 10.3825, z 313.525
 37809246 (1008) module 36, x 13.9825, y 7.9075, z 251.531
 35707517 (939) module 34, x 12.2775, y 6.9175, z 226.531
 33605532 (873) module 32, x 10.5358, y 5.90917, z 201.531
 31503804 (804) module 30, x 8.8125, y   4.91, z 176.531
 29402075 (732) module 28, x 7.1075, y   3.92, z 151.531
 27300346 (655) module 26, x 5.4025, y 2.9025, z 126.531

Track #77, length 9
 44403756 (1246) module 42, x 30.675, y 16.4425, z 484.921
 42323622 (1171) module 40, x 23.965, y 12.8125, z 389.411
 39915273 (1087) module 38, x  18.63, y 9.9425, z 313.525
 37807705 (1009) module 36, x 14.2575, y 7.5775, z 251.531
 35706233 (940) module 34, x 12.4975, y 6.6425, z 226.531
 33604505 (874) module 32, x 10.7375, y 5.6525, z 201.531
 31503033 (805) module 30, x 8.9775, y 4.7175, z 176.531
 29401561 (734) module 28, x 7.2175, y 3.7825, z 151.531
 27299832 (656) module 26, x  5.485, y 2.7925, z 126.531

Track #78, length 12
 44589654 (1247) module 42, x 31.9425, y -14.395, z 484.921
 42520716 (1173) module 40, x 25.8925, y -11.4525, z 389.411
 40445111 (1089) module 38, x 21.1625, y -9.0875, z 312.463
 38365400 (1013) module 36, x 17.395, y -7.2725, z 250.469
 36275429 (944) module 34, x 15.8825, y -6.5575, z 225.469
 34185201 (878) module 32, x 14.3975, y  -5.87, z 200.469
 32094974 (810) module 30, x 12.885, y -5.1825, z 175.469
 29362572 (740) module 28, x 11.4525, y  -4.55, z 151.531
 27268776 (663) module 26, x 9.9125, y -3.8625, z 126.531
 25174723 (587) module 24, x 8.4275, y -3.2025, z 101.531
 23080415 (524) module 22, x 6.8875, y -2.5975, z 76.531
 20985850 (472) module 20, x  5.375, y -2.0475, z 51.531

Track #79, length 9
 44485901 (1248) module 42, x  32.38, y -1.3225, z 484.921
 42387086 (1172) module 40, x 25.285, y -0.9375, z 389.411
 40288502 (1088) module 38, x 19.565, y -0.607498, z 312.463
 37770827 (1012) module 36, x 15.0275, y -0.3425, z 251.531
 35674221 (942) module 34, x 13.1575, y -0.2325, z 226.531
 33577614 (875) module 32, x 11.315, y -0.1225, z 201.531
 31480752 (807) module 30, x 9.4725, y  -0.04, z 176.531
 29384146 (735) module 28, x 7.6025, y 0.0425, z 151.531
 27287540 (658) module 26, x 5.7325, y 0.1525, z 126.531

Track #80, length 9
 43551698 (1176) module 41, x -29.6508, y 7.58417, z 401.411
 41484529 (1095) module 39, x -23.17, y 5.8975, z 324.463
 38799636 (1024) module 37, x -18.025, y 4.5775, z 263.531
 36705083 (955) module 35, x -15.9075, y 4.0275, z 238.531
 34610529 (894) module 33, x -13.8175, y 3.4775, z 213.531
 32515719 (833) module 31, x -11.7275, y  2.955, z 188.531
 30421165 (769) module 29, x -9.6375, y 2.4325, z 163.531
 28326611 (700) module 27, x -7.5475, y 1.8825, z 138.531
 26231801 (631) module 25, x -5.4575, y 1.3875, z 113.531

Track #81, length 11
 43338078 (1177) module 41, x -27.9525, y  -20.1, z 401.411
 41257913 (1096) module 39, x -22.9108, y -16.4792, z 324.463
 38883588 (1022) module 37, x -18.9325, y  -13.6, z 263.531
 36781090 (952) module 35, x -17.2825, y -12.4175, z 238.531
 34678592 (890) module 33, x -15.6325, y -11.2625, z 213.531
 32575837 (829) module 31, x -14.0375, y -10.0525, z 188.531
 30473851 (763) module 29, x -12.3875, y -8.8975, z 163.531
 28371353 (692) module 27, x -10.7375, y -7.7425, z 138.531
 26268855 (622) module 25, x -9.0875, y -6.5875, z 113.531
 24166357 (556) module 23, x -7.4375, y -5.4325, z 88.531
 22063602 (500) module 21, x -5.8425, y -4.2225, z 63.531

Track #82, length 11
 43918106 (1178) module 41, x -25.2325, y 31.6925, z 402.473
 41800577 (1098) module 39, x -20.7225, y 26.0275, z 325.525
 39686611 (1025) module 37, x -17.0925, y  21.49, z 263.531
 37582581 (956) module 35, x -15.6075, y 19.6475, z 238.531
 35234842 (893) module 33, x -14.095, y 17.7225, z 212.469
 33144635 (831) module 31, x -12.6375, y  15.88, z 187.469
 31054429 (766) module 29, x -11.1525, y 14.0375, z 162.469
 28964222 (696) module 27, x -9.6675, y 12.195, z 137.469
 26873248 (625) module 25, x  -8.21, y 10.3525, z 112.469
 24783042 (559) module 23, x -6.725, y 8.4825, z 87.469
 22692835 (503) module 21, x -5.2675, y   6.64, z 62.469

Track #83, length 11
 43169904 (1186) module 41, x -12.965, y -33.4275, z 402.473
 41044121 (1106) module 39, x -10.7375, y -27.2675, z 325.525
 38924477 (1033) module 37, x -8.7575, y -22.345, z 263.531
 36818124 (963) module 35, x -7.9325, y -20.3375, z 238.531
 34711770 (901) module 33, x -7.135, y -18.3575, z 213.531
 32605161 (839) module 31, x -6.3375, y -16.35, z 188.531
 30499062 (776) module 29, x -5.595, y -14.3975, z 163.531
 27981196 (640) module 26, x -4.5225, y -11.4525, z 125.469
 25880751 (570) module 24, x -3.8075, y -9.5275, z 100.469
 23780049 (512) module 22, x -3.0375, y -7.6575, z 75.469
 21679603 (468) module 20, x -2.3225, y  -5.76, z 50.469

Track #84, length 11
 43185081 (1191) module 41, x -8.9775, y -36.6725, z 402.473
 41057750 (1112) module 39, x -7.3825, y -30.21, z 325.525
 38936301 (1039) module 37, x -6.1175, y -24.985, z 263.531
 36829942 (969) module 35, x -5.6225, y -22.8675, z 238.531
 34342387 (852) module 32, x -4.7975, y -19.73, z 201.531
 32174110 (789) module 30, x -4.2475, y -17.475, z 175.469
 30074693 (716) module 28, x -3.7525, y -15.33, z 150.469
 27975277 (644) module 26, x -3.2575, y -13.1575, z 125.469
 25875604 (572) module 24, x -2.7075, y -11.0125, z 100.469
 23775932 (515) module 22, x -2.185, y -8.8125, z 75.469
 21676515 (470) module 20, x -1.6625, y  -6.64, z 50.469

Track #85, length 8
 43795600 (1208) module 41, x 1.3325, y 25.2025, z 402.473
 41699834 (1124) module 39, x   1.03, y 19.3725, z 325.525
 39498066 (1046) module 37, x 0.782501, y 14.615, z 262.469
 37400437 (975) module 35, x 0.672501, y 12.7175, z 237.469
 35302807 (908) module 33, x 0.5625, y 10.8475, z 212.469
 33205177 (844) module 31, x 0.452499, y 8.9775, z 187.469
 31107548 (781) module 29, x 0.342499, y 7.0525, z 162.469
 29009918 (708) module 27, x 0.259998, y 5.1825, z 137.469

Track #86, length 5
 42662817 (1131) module 40, x -4.8525, y -10.2975, z 389.411
 40561603 (1054) module 38, x -4.00917, y -8.4275, z 312.463
 38460894 (983) module 36, x  -3.23, y -6.90125, z 250.469
 36362474 (916) module 34, x -2.955, y -6.255, z 225.469
 34264053 (855) module 32, x -2.6525, y  -5.65, z 200.469

Track #87, length 10
 42790755 (1151) module 40, x    8.1, y -27.6775, z 390.473
 40686784 (1068) module 38, x 6.5875, y -22.5625, z 313.525
 38420750 (992) module 36, x 5.3775, y -18.3825, z 250.469
 36325932 (924) module 34, x 4.8825, y -16.705, z 225.469
 34231115 (862) module 32, x 4.3875, y -15.0275, z 200.469
 32136297 (797) module 30, x 3.8925, y -13.3775, z 175.469
 30041479 (726) module 28, x 3.3975, y -11.7275, z 150.469
 27946661 (650) module 26, x 2.9025, y -10.05, z 125.469
 25851587 (579) module 24, x  2.435, y   -8.4, z 100.469
 23756770 (521) module 22, x 1.9675, y -6.7225, z 75.469

Track #88, length 11
 42119859 (1157) module 40, x 9.3075, y 33.125, z 390.473
 39994322 (1074) module 38, x 7.6025, y 26.9925, z 313.525
 37874923 (997) module 36, x 6.2275, y 22.0975, z 251.531
 35768565 (928) module 34, x   5.65, y 20.1175, z 226.531
 33224999 (851) module 31, x 4.7425, y 17.0075, z 187.469
 31125323 (787) module 29, x 4.1925, y 15.0275, z 162.469
 29025647 (713) module 27, x 3.6425, y 13.0475, z 137.469
 26925971 (639) module 25, x 3.0925, y 11.0675, z 112.469
 24826295 (569) module 23, x 2.5425, y 9.0875, z 87.469
 22726363 (509) module 21, x  1.965, y 7.1075, z 62.469
 20626686 (462) module 19, x 1.40583, y 5.14583, z 37.469

Track #89, length 11
 42342467 (1174) module 40, x 29.4375, y 8.6325, z 389.411
 40253095 (1090) module 38, x 23.9375, y  6.955, z 312.463
 38162423 (1015) module 36, x  19.51, y 5.6075, z 250.469
 35698968 (945) module 34, x 17.805, y 5.1025, z 226.531
 33599289 (879) module 32, x 16.0175, y 4.5525, z 201.531
 31499865 (811) module 30, x 14.2575, y 4.0575, z 176.531
 29400185 (741) module 28, x 12.4975, y 3.5075, z 151.531
 27300761 (665) module 26, x 10.7375, y 3.0125, z 126.531
 25201337 (589) module 24, x 8.9775, y 2.5175, z 101.531
 23101913 (526) module 22, x 7.2175, y 2.0225, z 76.531
 21002489 (474) module 20, x 5.4575, y  1.555, z 51.531

Track #90, length 7
 41349512 (1094) module 39, x -25.6425, y   3.33, z 324.463
 39248889 (1021) module 37, x -19.4275, y 2.5325, z 262.469
 36713510 (953) module 35, x -17.035, y 2.2125, z 238.531
 34617940 (892) module 33, x -14.5325, y 1.8825, z 213.531
 32522369 (832) module 31, x -12.03, y 1.5525, z 188.531
 30426799 (770) module 29, x   -9.5, y 1.2225, z 163.531
 28330973 (701) module 27, x -6.97917, y 0.910833, z 138.531

Track #91, length 12
 41161923 (1097) module 39, x -22.3975, y -37.2325, z 324.463
 38962956 (1023) module 37, x -18.4925, y -30.7325, z 263.531
 36853288 (954) module 35, x -16.9158, y -28.0742, z 238.531
 34743877 (891) module 33, x -15.33, y -25.3975, z 213.531
 32634722 (830) module 31, x -13.7625, y -22.73, z 188.531
 30525311 (764) module 29, x -12.1675, y -20.0625, z 163.531
 28415644 (693) module 27, x -10.5725, y -17.395, z 138.531
 26306232 (623) module 25, x -9.005, y -14.7275, z 113.531
 24196821 (557) module 23, x  -7.41, y -12.0875, z 88.531
 22087411 (501) module 21, x -5.7875, y -9.4475, z 63.531
 21691850 (465) module 20, x -4.9625, y -8.0425, z 50.469
 19587322 (430) module 18, x -3.3675, y -5.4025, z 25.469

Track #92, length 12
 41081630 (1100) module 39, x -17.5025, y -35.3525, z 325.525
 38955350 (1028) module 37, x -14.4225, y -29.0825, z 263.531
 36846445 (959) module 35, x -13.1575, y -26.5525, z 238.531
 34737539 (897) module 33, x -11.92, y -24.0225, z 213.531
 32629146 (835) module 31, x -10.6825, y -21.52, z 188.531
 30520497 (771) module 29, x -9.4175, y -19.0175, z 163.531
 28411591 (699) module 27, x -8.2075, y -16.4875, z 138.531
 26302686 (628) module 25, x -6.9425, y -13.985, z 113.531
 24194036 (561) module 23, x -5.7325, y -11.4825, z 88.531
 23789475 (511) module 22, x -5.0725, y -10.1875, z 75.469
 21686481 (467) module 20, x -3.8075, y -7.6575, z 50.469
 19583742 (432) module 18, x -2.5975, y -5.155, z 25.469

Track #93, length 4
 41682480 (1127) module 39, x 4.7425, y 30.4825, z 325.525
 39588280 (1051) module 37, x   4.11, y 23.0025, z 263.531
 37492463 (979) module 35, x 3.8625, y 19.9775, z 238.531
 35316522 (912) module 33, x 3.5325, y 16.815, z 212.469

Track #94, length 7
 40647446 (1057) module 38, x -1.8275, y -31.9125, z 313.525
 38552729 (985) module 36, x -1.3325, y -24.7075, z 251.531
 36456654 (918) module 34, x -1.085, y -21.765, z 226.531
 34255368 (857) module 32, x -0.837498, y -18.7125, z 200.469
 32157246 (792) module 30, x -0.645, y -15.7425, z 175.469
 30059123 (720) module 28, x -0.434166, y -12.7908, z 150.469
 27961257 (646) module 26, x -0.232498, y  -9.83, z 125.469

Track #95, length 4
 40465544 (1083) module 38, x 16.7625, y -11.6725, z 312.463
 38377394 (1011) module 36, x 14.8375, y -9.3625, z 250.469
 36284098 (943) module 34, x 14.0125, y -8.455, z 225.469
 34191059 (877) module 32, x 13.1325, y -7.5475, z 200.469

Track #96, length 10
 40780862 (1092) module 38, x 27.0475, y -29.7125, z 313.525
 38661280 (1016) module 36, x 22.125, y -24.3225, z 251.531
 36554952 (946) module 34, x 20.145, y -22.1225, z 226.531
 34448623 (880) module 32, x 18.165, y -19.9775, z 201.531
 32079899 (812) module 30, x 16.1025, y -17.6675, z 175.469
 29992003 (742) module 28, x 14.1225, y -15.4675, z 150.469
 27903850 (666) module 26, x 12.1608, y -13.3042, z 125.469
 25815954 (590) module 24, x  10.19, y -11.1225, z 100.469
 23727546 (528) module 22, x 8.2375, y -8.9225, z 75.469
 21639650 (475) module 20, x 6.2575, y -6.7225, z 50.469

Track #97, length 10
 39134797 (1019) module 37, x -28.86, y -22.0525, z 262.469
 37046137 (950) module 35, x -26.4675, y -20.2375, z 237.469
 34957476 (886) module 33, x -24.0658, y -18.4042, z 212.469
 32869072 (825) module 31, x -21.6825, y -16.5525, z 187.469
 30780412 (759) module 29, x -19.2625, y -14.7375, z 162.469
 28395048 (689) module 27, x -16.9525, y -12.9675, z 138.531
 26289235 (617) module 25, x -14.5875, y -11.0975, z 113.531
 24183679 (549) module 23, x -12.1675, y -9.2825, z 88.531
 22078379 (492) module 21, x -9.7475, y -7.4125, z 63.531
 19972823 (454) module 19, x -7.3275, y -5.5975, z 38.531

Track #98, length 8
 39683410 (1026) module 37, x -16.46, y 28.6125, z 263.531
 37577614 (957) module 35, x -14.5625, y 25.285, z 238.531
 35471562 (895) module 33, x -12.6375, y 21.985, z 213.531
 33153803 (836) module 31, x -10.6575, y  18.52, z 187.469
 31065160 (772) module 29, x -8.7325, y 15.165, z 162.469
 28977029 (702) module 27, x -6.8075, y 11.8375, z 137.469
 26888641 (633) module 25, x -4.90083, y 8.51917, z 112.469
 24800510 (563) module 23, x -3.0125, y 5.1825, z 87.469

Track #99, length 10
 38989777 (1035) module 37, x -7.6575, y -36.4525, z 263.531
 36878046 (965) module 35, x -6.9425, y -33.3175, z 238.531
 34766058 (902) module 33, x -6.2825, y -30.155, z 213.531
 32654326 (840) module 31, x -5.6225, y -26.9925, z 188.531
 30148804 (715) module 28, x -4.6325, y -22.3425, z 151.531
 28054781 (641) module 26, x -3.9725, y -19.18, z 126.531
 25878075 (571) module 24, x -3.2575, y -15.88, z 100.469
 23777909 (514) module 22, x -2.625, y -12.7175, z 75.469
 21677998 (469) module 20, x -1.9925, y -9.5825, z 50.469
 19577831 (435) module 18, x -1.3325, y -6.4475, z 25.469

Track #100, length 10
 39608600 (1044) module 37, x -0.280834, y 31.7842, z 263.531
 37511498 (974) module 35, x -0.2625, y 29.025, z 238.531
 35414140 (907) module 33, x -0.244167, y 26.2842, z 213.531
 33317038 (843) module 31, x -0.2075, y 23.525, z 188.531
 31219680 (780) module 29, x  -0.18, y 20.8025, z 163.531
 29007894 (707) module 27, x -0.1525, y 17.9425, z 137.469
 26910792 (635) module 25, x -0.1525, y 15.1925, z 112.469
 24813946 (566) module 23, x -0.0974998, y 12.4425, z 87.469
 22716843 (507) module 21, x -0.0974998, y   9.72, z 62.469
 20619741 (459) module 19, x -0.0974998, y 6.9975, z 37.469

Track #101, length 10
 39596821 (1047) module 37, x 2.2675, y 31.9675, z 263.531
 37500486 (976) module 35, x 2.1025, y 29.245, z 238.531
 35404408 (910) module 33, x 1.8825, y 26.495, z 213.531
 33308074 (846) module 31, x 1.7175, y 23.745, z 188.531
 31211996 (783) module 29, x 1.4975, y 20.995, z 163.531
 29014546 (710) module 27, x 1.2775, y 18.135, z 137.469
 26916677 (637) module 25, x 1.1125, y 15.3575, z 112.469
 24818551 (568) module 23, x 0.892498, y 12.6075, z 87.469
 22720425 (508) module 21, x 0.672501, y 9.8575, z 62.469
 20622555 (460) module 19, x 0.5075, y 7.1075, z 37.469

Track #102, length 9
 38538160 (981) module 36, x -4.4675, y -23.4425, z 251.531
 36442838 (915) module 34, x -4.0825, y -21.3525, z 226.531
 34347516 (853) module 32, x  -3.67, y -19.2625, z 201.531
 32169510 (790) module 30, x -3.2575, y -17.0625, z 175.469
 30070604 (717) module 28, x -2.8725, y -14.9725, z 150.469
 27971698 (645) module 26, x -2.4875, y -12.855, z 125.469
 25872537 (574) module 24, x -2.0475, y -10.7375, z 100.469
 23773631 (516) module 22, x -1.6625, y -8.6475, z 75.469
 21674470 (471) module 20, x -1.2225, y -6.5025, z 50.469

Track #103, length 10
 38144534 (1017) module 36, x 31.9125, y  9.375, z 250.469
 36051018 (947) module 34, x 29.0525, y  8.605, z 225.469
 33957758 (881) module 32, x 26.1925, y 7.8075, z 200.469
 31864498 (813) module 30, x 23.3325, y 6.9825, z 175.469
 29771239 (743) module 28, x 20.4175, y 6.1575, z 150.469
 27311387 (669) module 26, x  17.64, y 5.3225, z 126.531
 25210192 (594) module 24, x 14.7525, y 4.4425, z 101.531
 23108996 (532) module 22, x 11.865, y 3.5625, z 76.531
 21007545 (477) module 20, x 8.9775, y  2.655, z 51.531
 18906605 (437) module 18, x   6.09, y 1.8025, z 26.531

Track #104, length 9
 37054484 (948) module 35, x -31.995, y -18.4225, z 237.469
 34965579 (884) module 33, x -28.97, y -16.6625, z 212.469
 32876674 (822) module 31, x -25.945, y -14.9025, z 187.469
 30787513 (756) module 29, x -22.9292, y -13.1608, z 162.469
 28698609 (686) module 27, x -19.8675, y -11.41, z 137.469
 26282791 (614) module 25, x -16.98, y -9.7225, z 113.531
 24178014 (544) module 23, x -13.955, y -7.9625, z 88.531
 22072726 (488) module 21, x -10.9025, y  -6.23, z 63.531
 19967693 (452) module 19, x -7.8775, y -4.4975, z 38.531

Track #105, length 6
 37012001 (949) module 35, x -31.2855, y -27.6295, z 237.469
 34930793 (885) module 33, x -27.3475, y -24.1287, z 212.469
 32850353 (823) module 31, x -23.3875, y -20.5675, z 187.469
 30769912 (758) module 29, x -19.4825, y -16.9925, z 162.469
 28397885 (691) module 27, x -15.7792, y -13.5908, z 138.531
 26284419 (619) module 25, x -11.92, y -10.0525, z 113.531

Track #106, length 4
 37292174 (951) module 35, x -22.7025, y 11.315, z 237.469
 35204770 (888) module 33, x -20.6125, y 10.2425, z 212.469
 33117110 (827) module 31, x -18.55, y 9.1425, z 187.469
 31029451 (761) module 29, x -16.5425, y 7.9875, z 162.469

Track #107, length 9
 34866608 (887) module 33, x -23.4425, y -38.0575, z 212.469
 32787932 (826) module 31, x -21.0042, y -34.0608, z 187.469
 30572041 (760) module 29, x -18.6575, y -30.2375, z 163.531
 28456246 (690) module 27, x -16.1825, y -26.25, z 138.531
 26340962 (618) module 25, x -13.7258, y -22.2442, z 113.531
 24225423 (552) module 23, x -11.2875, y -18.2475, z 88.531
 22109628 (493) module 21, x -8.8125, y -14.26, z 63.531
 19994088 (456) module 19, x -6.365, y -10.2725, z 38.531
 19595207 (428) module 18, x -5.0725, y -8.2075, z 25.469

Track #108, length 6
 35501614 (889) module 33, x -19.1275, y 30.565, z 213.531
 33390723 (828) module 31, x -16.185, y 25.9175, z 188.531
 31280344 (762) module 29, x -13.2975, y 21.2425, z 163.531
 28961330 (694) module 27, x -10.2725, y 16.375, z 137.469
 26877319 (627) module 25, x -7.3575, y 11.7275, z 112.469
 24793562 (562) module 23, x -4.4975, y  7.135, z 87.469

Track #109, length 8
 32888081 (818) module 31, x -32.16, y  -12.4, z 187.469
 30797910 (752) module 29, x -28.3925, y -10.9425, z 162.469
 28707226 (681) module 27, x -24.6525, y -9.4575, z 137.469
 26617054 (609) module 25, x -20.885, y -7.9725, z 112.469
 24171297 (541) module 23, x -17.31, y -6.5325, z 88.531
 22067557 (486) module 21, x -13.57, y -5.1025, z 63.531
 19963818 (449) module 19, x -9.775, y -3.6725, z 38.531
 17860079 (421) module 17, x -6.0075, y -2.2425, z 13.531

Track #110, length 8
 32913956 (821) module 31, x -31.1425, y -6.7625, z 187.469
 30820453 (753) module 29, x -27.54, y -5.9925, z 162.469
 28726951 (682) module 27, x -23.91, y -5.195, z 137.469
 26633705 (610) module 25, x -20.3075, y -4.3975, z 112.469
 24157738 (542) module 23, x -16.8425, y -3.645, z 88.531
 22057068 (487) module 21, x -13.185, y -2.8475, z 63.531
 19956143 (450) module 19, x -9.5275, y -2.0225, z 38.531
 17855473 (422) module 17, x  -5.87, y -1.2525, z 13.531

Track #111, length 4
 33216854 (848) module 31, x 2.9825, y 14.395, z 187.469
 31117186 (785) module 29, x 2.4325, y 11.975, z 162.469
 29017263 (711) module 27, x 1.8275, y 9.5275, z 137.469
 26917339 (638) module 25, x 1.2225, y   7.08, z 112.469

Track #112, length 4
 31888229 (814) module 30, x  27.54, y 1.8675, z 175.469
 29793499 (744) module 28, x 21.0775, y  1.345, z 150.469
 27290957 (668) module 26, x  14.89, y 0.9225, z 126.531
 25191875 (586) module 24, x    8.4, y 0.4825, z 101.531

Track #113, length 5
 32009221 (816) module 30, x 31.3558, y -18.8592, z 175.469
 29941065 (746) module 28, x 25.1775, y -15.1375, z 150.469
 27872140 (671) module 26, x  18.99, y -11.4525, z 125.469
 25803727 (592) module 24, x 12.8208, y -7.74917, z 100.469
 23072990 (525) module 22, x  6.915, y -4.1925, z 76.531

Track #114, length 5
 32872218 (819) module 31, x -31.6558, y -15.8192, z 187.469
 30786423 (754) module 29, x -26.5592, y -13.3808, z 162.469
 28700883 (684) module 27, x -21.49, y -10.9425, z 137.469
 24168840 (550) module 23, x -11.6725, y  -6.01, z 88.531
 22060002 (498) module 21, x -6.695, y -3.4525, z 63.531

Track #115, length 4
 30828556 (749) module 29, x -32.435, y -4.2325, z 162.469
 28735884 (680) module 27, x -25.3858, y -3.27917, z 137.469
 26248970 (612) module 25, x -18.575, y -2.3525, z 113.531
 24147595 (551) module 23, x -11.48, y -1.4175, z 88.531

Track #116, length 6
 30855197 (750) module 29, x  -31.5, y 1.4875, z 162.469
 28757097 (679) module 27, x -27.3475, y 1.2675, z 137.469
 26658996 (606) module 25, x -23.195, y 1.0475, z 112.469
 24136960 (539) module 23, x -19.1525, y 0.8375, z 88.531
 19944598 (448) module 19, x -10.875, y 0.4525, z 38.531
 17848290 (419) module 17, x -6.695, y 0.2875, z 13.531

Track #117, length 7
 30592395 (765) module 29, x -11.5075, y -34.5825, z 163.531
 28473510 (695) module 27, x -10.0225, y -29.935, z 138.531
 26355137 (624) module 25, x  -8.51, y -25.3425, z 113.531
 24237021 (558) module 23, x -6.9975, y -20.75, z 88.531
 22118904 (502) module 21, x -5.47583, y -16.2492, z 63.531
 21690464 (466) module 20, x -4.6875, y -13.8725, z 50.469
 19586226 (431) module 18, x -3.175, y -9.3625, z 25.469

Track #118, length 4
 30173756 (722) module 28, x 0.7575, y -29.795, z 151.531
 28075948 (648) module 26, x 0.5925, y -23.635, z 126.531
 25860898 (577) module 24, x 0.427502, y -17.255, z 100.469
 23764625 (519) module 22, x 0.262501, y -11.15, z 75.469

Track #119, length 6
 29546177 (737) module 28, x 8.5375, y 35.105, z 151.531
 27426007 (661) module 26, x 7.3275, y 30.155, z 126.531
 25306092 (583) module 24, x 6.1725, y  25.26, z 101.531
 22737181 (510) module 21, x 4.3025, y 17.5575, z 62.469
 20634486 (463) module 19, x 3.0925, y 12.635, z 37.469
 18531792 (427) module 17, x 1.8825, y 7.7125, z 12.469

Track #120, length 4
 28856354 (676) module 27, x -32.905, y 17.2825, z 137.469
 26794858 (603) module 25, x -25.2692, y 13.2858, z 112.469
 24732851 (540) module 23, x -17.6058, y 9.28917, z 87.469
 22671356 (491) module 21, x -9.97917, y 5.25583, z 62.469

Track #121, length 4
 28868149 (677) module 27, x -30.3842, y 16.2008, z 137.469
 26809992 (607) module 25, x -21.8958, y 11.6542, z 112.469
 24752603 (546) module 23, x -13.3708, y 7.08917, z 87.469
 22030844 (504) module 21, x -5.265, y 2.77625, z 63.531

Track #122, length 6
 29211164 (687) module 27, x -19.3475, y 31.555, z 138.531
 27100274 (616) module 25, x -16.3775, y 26.825, z 113.531
 24989385 (545) module 23, x -13.4075, y  22.04, z 88.531
 22669350 (489) module 21, x -10.355, y 17.0625, z 62.469
 20585597 (453) module 19, x -7.4125, y  12.25, z 37.469
 18502100 (423) module 17, x -4.4975, y 7.4925, z 12.469

Track #123, length 6
 29165058 (697) module 27, x -9.4475, y 32.985, z 138.531
 27061853 (626) module 25, x -8.0175, y  27.98, z 113.531
 24958135 (560) module 23, x -6.5875, y  23.03, z 88.531
 22693400 (505) module 21, x -5.1025, y 17.8325, z 62.469
 20602994 (458) module 19, x -3.6725, y 12.855, z 37.469
 18512589 (424) module 17, x -2.2425, y   7.85, z 12.469

Track #124, length 6
 29904572 (747) module 28, x 33.015, y -8.8125, z 150.469
 27829203 (673) module 26, x  28.34, y -7.5475, z 125.469
 25753833 (596) module 24, x 23.6925, y  -6.31, z 100.469
 20977235 (479) module 20, x  14.56, y -3.8625, z 51.531
 18886056 (439) module 18, x 9.9125, y -2.5975, z 26.531
 16794877 (397) module 16, x 5.2375, y -1.3325, z  1.531

Track #125, length 5
 26756547 (599) module 25, x -33.51, y 8.4275, z 112.469
 24687582 (536) module 23, x -27.4692, y 6.90583, z 87.469
 22618106 (483) module 21, x -21.4375, y 5.4025, z 62.469
 19928383 (445) module 19, x -15.6875, y 3.9175, z 38.531
 17838253 (416) module 17, x  -9.61, y 2.4325, z 13.531

Track #126, length 5
 26529813 (600) module 25, x -31.94, y -26.8925, z 112.469
 24454782 (537) module 23, x -26.1925, y -22.025, z 87.469
 22380262 (484) module 21, x -20.4358, y -17.1942, z 62.469
 20004428 (446) module 19, x -14.9358, y -12.5642, z 38.531
 17885365 (417) module 17, x -9.1975, y -7.715, z 13.531

Track #127, length 6
 26389135 (621) module 25, x -11.2875, y -32.6575, z 113.531
 24264883 (554) module 23, x -9.3075, y -26.855, z 88.531
 22141398 (495) module 21, x -7.355, y -21.0525, z 63.531
 20016891 (457) module 19, x -5.32917, y -15.1858, z 38.531
 19591295 (429) module 18, x -4.2475, y -12.14, z 25.469
 17484777 (396) module 16, x -2.2125, y  -6.31, z  0.469

Track #128, length 4
 22979837 (480) module 21, x -32.355, y 19.2075, z 63.531
 20513635 (443) module 19, x -22.9592, y 13.6708, z 37.469
 18458308 (412) module 17, x -13.9758, y 8.35417, z 12.469
 15737338 (387) module 15, x -5.4025, y 3.2575, z -11.469

Track #129, length 4
 22569219 (481) module 21, x -31.9608, y 18.9692, z 62.469
 20513635 (443) module 19, x -22.9592, y 13.6708, z 37.469
 18458308 (412) module 17, x -13.9758, y 8.35417, z 12.469
 15737338 (387) module 15, x -5.4025, y 3.2575, z -11.469

Track #130, length 5
 17867241 (420) module 17, x  -6.31, y -3.7825, z 13.531
 15782551 (381) module 15, x -10.8475, y -6.505, z -11.469
 13697604 (347) module 13, x -15.385, y -9.2275, z -36.469
 11918572 (302) module 11, x -20.115, y -12.0425, z -62.531
  9785862 (250) module  9, x -32.765, y -19.6325, z -132.281

Track #131, length 8
 16792061 (398) module 16, x 5.2375, y  -1.91, z  1.531
 14690506 (367) module 14, x  8.015, y -2.8725, z -23.469
 12588695 (337) module 12, x  10.82, y -3.8625, z -48.469
 10486884 (291) module 10, x 13.625, y -4.825, z -73.469
  8986322 (244) module  8, x 21.4925, y -7.6025, z -144.281
  6853789 (189) module  6, x 29.1925, y -10.49, z -214.031
  4743306 (140) module  4, x 32.025, y -11.5625, z -239.031
  2632823 (88) module  2, x 34.885, y -12.6075, z -264.031

Track #132, length 4
 17428941 (402) module 16, x 9.85083, y -7.85917, z  0.469
 15292499 (373) module 14, x 18.2658, y -14.5692, z -24.531
 13514460 (342) module 12, x 26.2958, y -21.0042, z -48.469
 11456353 (297) module 10, x 34.7108, y -27.7692, z -73.469

Track #133, length 4
 16810393 (403) module 16, x  10.71, y 2.0225, z  1.531
 14718000 (372) module 14, x 16.485, y 3.0675, z -23.469
 13003201 (339) module 12, x 22.4892, y 4.14083, z -49.531
 10901335 (296) module 10, x  28.31, y 5.1675, z -74.531

Track #134, length 8
 16414453 (390) module 15, x -2.4625, y 5.6775, z -12.531
 14312650 (356) module 13, x -3.4525, y 8.0425, z -37.531
 12210592 (322) module 11, x  -4.47, y 10.3525, z -62.531
 10100520 (261) module  9, x -7.2475, y 16.9525, z -132.281
  8196527 (208) module  7, x -10.0525, y 23.4975, z -200.969
  6103939 (152) module  5, x -11.0792, y 25.8808, z -225.969
  4011608 (99) module  3, x -12.0875, y 28.2825, z -250.969
  1919020 (44) module  1, x -13.105, y 30.7025, z -275.969

Track #135, length 5
 14717150 (365) module 14, x  6.915, y 2.8475, z -23.469
 12626340 (336) module 12, x 10.105, y 4.2225, z -48.469
 10535275 (290) module 10, x 13.2675, y   5.57, z -73.469
  8784839 (246) module  8, x 22.1408, y 9.32917, z -144.281
  6670373 (190) module  6, x 31.0875, y 13.1425, z -214.031

Track #136, length 7
 13645514 (352) module 13, x -8.0425, y 2.1025, z -36.469
 11544723 (313) module 11, x -11.0675, y 2.8725, z -61.469
 10043391 (253) module  9, x -19.6775, y 5.1275, z -132.281
  7907031 (196) module  7, x -28.175, y 7.3275, z -202.031
  5795784 (142) module  5, x -31.2275, y 8.1525, z -227.031
  3684282 (89) module  3, x -34.28, y 8.9225, z -252.031
  1573036 (34) module  1, x -37.3325, y 9.6925, z -277.031

Track #137, length 7
 14300658 (353) module 13, x -6.0375, y  5.815, z -37.531
 12195283 (316) module 11, x -7.7975, y   7.52, z -62.531
 10075516 (256) module  9, x -12.7475, y 12.305, z -132.281
  7955237 (199) module  7, x -17.6975, y 17.1175, z -202.031
  5849862 (145) module  5, x -19.4575, y 18.8225, z -227.031
  4053990 (92) module  3, x -21.1625, y 20.4725, z -250.969
  1965255 (35) module  1, x -22.9775, y 22.1775, z -275.969

Track #138, length 6
 11557112 (320) module 11, x -5.5125, y 0.2325, z -61.469
  9459115 (257) module  9, x  -9.72, y   0.37, z -131.219
  7361119 (202) module  7, x -13.9275, y 0.5625, z -200.969
  5263684 (148) module  5, x -15.4125, y 0.6175, z -225.969
  3166249 (96) module  3, x -16.8975, y 0.6725, z -250.969
  1068813 (40) module  1, x -18.4375, y 0.7275, z -275.969

Track #139, length 6
 10515710 (278) module 10, x 5.1825, y  1.335, z -73.469
  8427378 (236) module  8, x 12.8825, y 3.2325, z -143.219
  6707425 (184) module  6, x 20.7475, y 5.1125, z -214.031
  4607151 (136) module  4, x 23.4975, y 5.7725, z -239.031
  2506620 (84) module  2, x 26.2658, y 6.46917, z -264.031
   406346 (33) module  0, x 29.0525, y   7.12, z -289.031

Track #140, length 5
 10529532 (279) module 10, x 5.2925, y  4.305, z -73.469
  8469063 (240) module  8, x  15.22, y 12.3075, z -143.219
  6636687 (187) module  6, x 25.2575, y 20.375, z -214.031
  4525902 (138) module  4, x 28.8142, y 23.2808, z -239.031
  2415885 (86) module  2, x  32.38, y 26.1775, z -264.031

Track #141, length 5
 10519023 (282) module 10, x 6.0075, y 2.0225, z -73.469
  8435534 (239) module  8, x 14.8625, y 4.9925, z -143.219
  6693801 (186) module  6, x   23.8, y 8.0275, z -214.031
  4591728 (137) module  4, x 26.935, y 9.0725, z -239.031
  2490167 (85) module  2, x  30.07, y  10.09, z -264.031

Track #142, length 5
 10519782 (283) module 10, x  6.475, y 2.1875, z -73.469
  8437558 (241) module  8, x 16.155, y 5.4325, z -143.219
  6690945 (188) module  6, x     26, y 8.6325, z -214.031
  4588610 (139) module  4, x 29.4925, y 9.7325, z -239.031
  2486787 (87) module  2, x  32.93, y 10.805, z -264.031

Track #143, length 4
  9517899 (254) module  9, x    -15, y -12.3625, z -131.219
  7683472 (197) module  7, x -25.2025, y -20.76, z -202.031
  5572430 (143) module  5, x -28.8325, y -23.7575, z -227.031
  3461388 (90) module  3, x -32.4625, y -26.8375, z -252.031

Track #144, length 5
  9532338 (258) module  9, x -9.3625, y -15.47, z -131.219
  7482943 (201) module  7, x -15.6875, y -25.865, z -200.969
  5403158 (146) module  5, x -17.9425, y -29.5775, z -225.969
  3430633 (93) module  3, x -20.2892, y -33.4558, z -252.031
  1316288 (36) module  1, x -22.535, y -37.1775, z -277.031

Track #145, length 5
  9462217 (259) module  9, x -8.0975, y  -0.29, z -131.219
  7365513 (206) module  7, x -11.6175, y -0.3725, z -200.969
  5268594 (151) module  5, x -12.855, y -0.4275, z -225.969
  3171420 (98) module  3, x -14.0925, y -0.455, z -250.969
  1074501 (42) module  1, x -15.3575, y -0.4825, z -275.969

Track #146, length 5
 10121425 (266) module  9, x -2.7925, y 7.6575, z -132.281
  8014700 (212) module  7, x -4.8275, y 13.2125, z -202.031
  5914183 (155) module  5, x -5.5425, y 15.2475, z -227.031
  3813411 (103) module  3, x -6.285, y 17.2275, z -252.031
  1891326 (46) module  1, x -6.9725, y 19.1525, z -275.969

Track #147, length 5
 10138597 (267) module  9, x 0.919998, y 6.5575, z -132.281
  8043190 (214) module  7, x 1.2775, y  9.115, z -202.031
  5946534 (157) module  5, x  1.415, y 10.0225, z -227.031
  3850133 (106) module  3, x 1.5525, y 10.9575, z -252.031
  1753476 (49) module  1, x 1.6625, y 11.8925, z -277.031

Track #148, length 5
 10148602 (268) module  9, x 3.0375, y 5.4025, z -132.281
  8057551 (215) module  7, x 4.3575, y 7.7675, z -202.031
  5962688 (158) module  5, x 4.8525, y 8.5925, z -227.031
  2166007 (63) module  2, x 5.5675, y 9.7775, z -262.969
    72686 (13) module  0, x  6.035, y 10.6025, z -287.969

Track #149, length 5
  9095120 (217) module  8, x -1.9925, y -7.685, z -144.281
  7003261 (159) module  6, x -3.1475, y -12.25, z -214.031
  4907871 (107) module  4, x  -3.56, y  -13.9, z -239.031
  2812738 (50) module  2, x -3.9725, y -15.5225, z -264.031
   717348 (0) module  0, x -4.3575, y -17.145, z -289.031

Track #150, length 5
  9094648 (218) module  8, x  -1.91, y -5.5125, z -144.281
  7000536 (160) module  6, x -2.5425, y -7.2725, z -214.031
  4904652 (108) module  4, x -2.8175, y -7.9325, z -239.031
  2808513 (51) module  2, x -3.0375, y -8.5375, z -264.031
   712373 (1) module  0, x -3.2575, y -9.1975, z -289.031

Track #151, length 5
  9081748 (219) module  8, x 0.8675, y -11.0125, z -144.281
  6982162 (164) module  6, x 1.3625, y -18.135, z -214.031
  5011684 (111) module  4, x  1.555, y -20.5825, z -237.969
  2915509 (54) module  2, x 1.7475, y -23.14, z -262.969
   819079 (4) module  0, x 1.9125, y -25.6975, z -287.969

Track #152, length 5
  9080251 (220) module  8, x 1.1975, y -8.8675, z -144.281
  6979155 (166) module  6, x 2.0225, y -14.5875, z -214.031
  4880686 (114) module  4, x 2.2975, y -16.6225, z -239.031
  2781961 (58) module  2, x 2.6275, y -18.6575, z -264.031
   823780 (8) module  0, x 2.9025, y -20.5825, z -287.969

Track #153, length 5
  9079667 (221) module  8, x 1.3075, y -12.8275, z -144.281
  7109337 (165) module  6, x 1.6375, y -21.16, z -212.969
  5012898 (112) module  4, x 1.8025, y -24.185, z -237.969
  2916203 (55) module  2, x 1.9125, y -27.2375, z -262.969
   819508 (5) module  0, x 2.0225, y -30.2625, z -287.969

Track #154, length 5
  9075678 (222) module  8, x 2.1875, y -6.9425, z -144.281
  6972306 (167) module  6, x 3.5075, y -11.095, z -214.031
  4872823 (115) module  4, x 4.0025, y -12.58, z -239.031
  2773596 (61) module  2, x 4.4425, y -14.065, z -264.031
   674113 (12) module  0, x 4.9375, y -15.55, z -289.031

Track #155, length 5
  9061059 (226) module  8, x 5.3225, y -8.4275, z -144.281
  6947679 (176) module  6, x 8.76917, y -13.8908, z -214.031
  4845372 (129) module  4, x 9.9975, y -15.8525, z -239.031
  2742552 (78) module  2, x 11.2075, y -17.8325, z -264.031
   867060 (24) module  0, x 12.335, y -19.7025, z -287.969

Track #156, length 5
  8413942 (227) module  8, x  5.595, y 0.3175, z -143.219
  6317498 (177) module  6, x 8.9225, y 0.4825, z -212.969
  4220580 (131) module  4, x 10.1325, y 0.5375, z -237.969
  2123662 (79) module  2, x 11.3425, y 0.5925, z -262.969
    26744 (25) module  0, x 12.5525, y 0.6475, z -287.969

Track #157, length 5
  8422375 (229) module  8, x 6.4475, y 2.1325, z -143.219
  6331041 (179) module  6, x 10.2975, y 3.3975, z -212.969
  4235912 (132) module  4, x 11.6725, y 3.8375, z -237.969
  2140783 (80) module  2, x 13.0475, y 4.2775, z -262.969
    45654 (29) module  0, x 14.4225, y  4.745, z -287.969

Track #158, length 5
  8426723 (230) module  8, x 6.6675, y 3.0675, z -143.219
  6337946 (180) module  6, x 10.6825, y 4.8825, z -212.969
  4243840 (133) module  4, x 12.1125, y 5.5425, z -237.969
  2149734 (81) module  2, x 13.5425, y 6.2025, z -262.969
    55372 (30) module  0, x 14.9725, y  6.835, z -287.969

Track #159, length 5
  8403164 (231) module  8, x 7.0525, y -1.965, z -143.219
  6302900 (178) module  6, x 9.2525, y -2.6525, z -212.969
  4204709 (130) module  4, x 10.0775, y -2.8725, z -237.969
  2106519 (77) module  2, x 10.8475, y -3.0925, z -262.969
     8328 (21) module  0, x 11.645, y -3.3125, z -287.969

Track #160, length 5
  9050533 (233) module  8, x   7.55, y -10.0775, z -144.281
  6913357 (183) module  6, x 16.2675, y -14.89, z -214.031
  4801582 (135) module  4, x 19.4025, y -16.6225, z -239.031
  2689806 (83) module  2, x  22.51, y -18.3825, z -264.031
   927981 (32) module  0, x 25.535, y -20.0875, z -287.969

Track #161, length 5
  9041836 (235) module  8, x 9.52083, y -9.67417, z -144.281
  6915900 (182) module  6, x  15.69, y -15.8525, z -214.031
  4808467 (134) module  4, x 17.9175, y -18.1075, z -239.031
  3000041 (82) module  2, x 20.0075, y -20.28, z -262.969
   913088 (31) module  0, x 22.2442, y -22.5258, z -287.969

Track #162, length 4
  7423588 (203) module  7, x -13.6525, y -12.9675, z -200.969
  5335870 (147) module  5, x -15.7425, y -15.0025, z -225.969
  3247641 (94) module  3, x -17.7775, y -16.955, z -250.969
  1400303 (37) module  1, x -19.9775, y    -19, z -277.031

Track #163, length 4
  7420780 (204) module  7, x -13.2125, y -12.39, z -200.969
  5332042 (149) module  5, x -15.0825, y -14.205, z -225.969
  3243303 (95) module  3, x -16.98, y -16.02, z -250.969
  1155077 (38) module  1, x -18.8775, y -17.9175, z -275.969

Track #164, length 4
  7420015 (205) module  7, x -13.0475, y -12.1975, z -200.969
  5330510 (150) module  5, x -14.8442, y -13.8658, z -225.969
  3241261 (97) module  3, x -16.6775, y -15.5525, z -250.969
  1152012 (39) module  1, x -18.465, y -17.2575, z -275.969

Track #165, length 4
  8038881 (213) module  7, x 0.342499, y 6.7775, z -202.031
  5941968 (156) module  5, x 0.397499, y 7.7125, z -227.031
  3845054 (105) module  3, x 0.452499, y 8.7025, z -252.031
  1748141 (48) module  1, x 0.5075, y 9.6375, z -277.031

Track #166, length 4
  6999009 (161) module  6, x -2.2125, y -6.7775, z -214.031
  4902870 (109) module  4, x -2.4325, y -7.3825, z -239.031
  2806475 (52) module  2, x -2.5975, y -7.9875, z -264.031
   710080 (2) module  0, x  -2.79, y -8.5925, z -289.031

Track #167, length 4
  6991569 (162) module  6, x -0.6175, y  -7.63, z -214.031
  4894911 (110) module  4, x -0.727501, y -8.6475, z -239.031
  2797996 (53) module  2, x -0.782501, y -9.6925, z -264.031
   701337 (3) module  0, x -0.892498, y -10.71, z -289.031

Track #168, length 4
  6967535 (169) module  6, x 4.5525, y -6.0075, z -214.031
  4867551 (118) module  4, x 5.1575, y  -6.86, z -239.031
  2767312 (64) module  2, x 5.8175, y -7.7125, z -264.031
   667073 (14) module  0, x   6.45, y -8.5375, z -289.031

Track #169, length 4
  6332671 (170) module  6, x 5.1275, y 3.7275, z -212.969
  4237811 (121) module  4, x   5.76, y 4.2225, z -237.969
  2143208 (66) module  2, x 6.3925, y 4.7725, z -262.969
    48604 (15) module  0, x 7.0525, y 5.3225, z -287.969

Track #170, length 4
  6299647 (171) module  6, x 5.1275, y -3.3675, z -212.969
  4197874 (122) module  4, x 5.8425, y -4.3575, z -237.969
  2763513 (67) module  2, x 6.6425, y -5.4575, z -264.031
   663014 (16) module  0, x 7.3575, y -6.475, z -289.031

Track #171, length 4
  6337267 (172) module  6, x 5.7875, y 4.7175, z -212.969
  4242153 (126) module  4, x 6.3375, y  5.185, z -237.969
  2147295 (68) module  2, x 6.8875, y 5.6525, z -262.969
    52181 (17) module  0, x 7.4375, y 6.0925, z -287.969

Track #172, length 4
  6343900 (174) module  6, x 7.0525, y  6.175, z -212.969
  4250571 (127) module  4, x 7.9875, y 6.9725, z -237.969
  2157242 (72) module  2, x 8.9225, y 7.7975, z -262.969
    63913 (19) module  0, x 9.8575, y 8.6225, z -287.969

Track #173, length 4
  6333381 (175) module  6, x 8.3175, y 3.8925, z -212.969
  4238767 (128) module  4, x 9.5275, y 4.4425, z -237.969
  2144153 (76) module  2, x  10.71, y 4.9925, z -262.969
    49540 (22) module  0, x 11.8925, y 5.5425, z -287.969

Track #174, length 3
 53498606 (1584) module 51, x -6.0625, y 0.5625, z 751.531
 51401461 (1514) module 49, x -5.6775, y  0.535, z 706.531
 49304571 (1436) module 47, x -5.3475, y 0.5075, z 661.531

Track #175, length 3
 53126508 (1518) module 50, x -0.149998, y -13.2125, z 738.469
 51027583 (1442) module 48, x 0.262501, y -12.1675, z 693.469
 48927888 (1366) module 46, x  0.785, y -11.2325, z 648.469

Track #176, length 3
 52464111 (1523) module 50, x 6.0075, y 2.4625, z 739.531
 50366198 (1445) module 48, x 5.6225, y 2.2975, z 694.531
 48268285 (1369) module 46, x 5.2375, y   2.16, z 649.531

Track #177, length 3
 40555116 (1056) module 38, x -2.625, y -13.2125, z 312.463
 38454441 (984) module 36, x -1.8275, y -9.8575, z 250.469
 36356033 (917) module 34, x -1.5525, y -8.5375, z 225.469

Track #178, length 3
 36356033 (917) module 34, x -1.5525, y -8.5375, z 225.469
 34257879 (856) module 32, x  -1.36, y -7.3275, z 200.469
 32159982 (791) module 30, x -1.1675, y -6.0625, z 175.469

Track #179, length 3
 33488327 (817) module 31, x -37.25, y 22.1775, z 188.531
 30965524 (751) module 29, x -30.3108, y 18.0342, z 162.469
 28899676 (683) module 27, x -23.61, y 14.0925, z 137.469

Track #180, length 3
 32401543 (815) module 30, x 29.0275, y -25.6975, z 176.531
 30280917 (745) module 28, x 23.9675, y -21.38, z 151.531
 27873322 (670) module 26, x 18.7425, y -16.815, z 125.469

Track #181, length 3
 28721768 (678) module 27, x -27.375, y -6.3225, z 137.469
 26632948 (611) module 25, x -19.675, y -4.5625, z 112.469
 24154236 (548) module 23, x -12.3142, y -2.86583, z 88.531

Track #182, length 3
 28899676 (683) module 27, x -23.61, y 14.0925, z 137.469
 26832803 (613) module 25, x -17.0192, y 10.1508, z 112.469
 24766444 (553) module 23, x -10.41, y 6.1725, z 87.469

Track #183, length 3
 27873322 (670) module 26, x 18.7425, y -16.815, z 125.469
 25799034 (593) module 24, x 13.8475, y -12.415, z 100.469
 23724235 (529) module 22, x   8.98, y -7.9875, z 75.469

Track #184, length 3
 27665546 (672) module 26, x 25.4958, y 7.95417, z 125.469
 25196051 (595) module 24, x 18.0892, y 1.43583, z 101.531
 23719925 (530) module 22, x   9.97, y  -5.65, z 75.469

Track #185, length 3
 17878473 (418) module 17, x -8.0975, y  -6.23, z 13.531
 15803225 (380) module 15, x -14.2392, y -11.0608, z -11.469
 13996771 (345) module 13, x -20.61, y -16.1125, z -37.531

Track #186, length 3
 16332105 (377) module 15, x  -20.2, y  15.11, z -12.531
 14571738 (344) module 13, x -28.1842, y 21.0958, z -36.469
 12513385 (298) module 11, x -36.5258, y 27.3292, z -61.469

Track #187, length 3
 15735452 (382) module 15, x -10.545, y 3.6425, z -11.469
 14249456 (346) module 13, x -17.1475, y  5.925, z -37.531
 12123081 (301) module 11, x  -23.5, y 8.0975, z -62.531

Track #188, length 3
 12597485 (331) module 12, x 6.08083, y -1.97417, z -48.469
 10489969 (289) module 10, x  12.91, y -4.1925, z -73.469
  8937116 (248) module  8, x 32.135, y -10.5725, z -144.281

Track #189, length 3
 11541753 (321) module 11, x -5.42083, y 3.51417, z -61.469
 10039404 (252) module  9, x -20.5025, y 13.185, z -132.281
  8313027 (194) module  7, x -35.215, y 22.3975, z -200.969

Track #190, length 3
 12224230 (323) module 11, x -1.5825, y  6.475, z -62.531
 10112257 (263) module  9, x  -4.69, y  19.07, z -132.281
  8186139 (209) module  7, x -7.7425, y  31.61, z -200.969

Track #191, length 3
 12224483 (324) module 11, x   -1.5, y 6.6675, z -62.531
 10267644 (265) module  9, x  -4.36, y 19.2625, z -131.219
  8183827 (210) module  7, x -7.2475, y 32.0775, z -200.969

Track #192, length 3
 11178212 (272) module 10, x 1.0325, y -6.6125, z -74.531
  9073972 (223) module  8, x 2.5175, y -16.2925, z -144.281
  7120005 (168) module  6, x  3.975, y -25.8075, z -212.969

Track #193, length 3
 11169249 (276) module 10, x 2.9575, y -6.7775, z -74.531
  9046528 (234) module  8, x 8.4025, y -19.125, z -144.281
  7165218 (181) module  6, x 13.7925, y -31.2525, z -212.969

Track #194, length 3
 11160551 (277) module 10, x    4.8, y -6.4475, z -74.531
  9022739 (237) module  8, x 13.6275, y -18.1075, z -144.281
  7205441 (185) module  6, x 22.4275, y -29.52, z -212.969

Track #195, length 3
 10532809 (286) module 10, x 8.0975, y   5.02, z -73.469
  8770024 (243) module  8, x 20.3258, y 12.6292, z -144.281
  6638350 (191) module  6, x 32.3342, y 19.9808, z -214.031

Track #196, length 3
 10485950 (287) module 10, x 8.7025, y -5.0725, z -73.469
  8984435 (245) module  8, x  21.85, y -12.8275, z -144.281
  7261673 (192) module  6, x 34.5825, y -20.3075, z -212.969

Track #197, length 3
 11141374 (288) module 10, x 8.93875, y -5.1825, z -74.531
  8984435 (245) module  8, x  21.85, y -12.8275, z -144.281
  7261673 (192) module  6, x 34.5825, y -20.3075, z -212.969

Track #198, length 3
  7496442 (211) module  7, x -5.4025, y -28.725, z -200.969
  5419244 (154) module  5, x -6.1725, y -33.015, z -225.969
  3342045 (102) module  3, x  -6.97, y -37.305, z -250.969

Track #199, length 3
  7120005 (168) module  6, x  3.975, y -25.8075, z -212.969
  5027658 (116) module  4, x 4.9925, y -29.025, z -237.969
  2935312 (65) module  2, x 6.0375, y -32.215, z -262.969

Track #200, length 3
  4882938 (113) module  4, x 1.8575, y -5.375, z -239.031
  2784753 (56) module  2, x   2.05, y -5.8975, z -264.031
   686824 (6) module  0, x 2.2425, y -6.3925, z -289.031

Track #201, length 3
  4863963 (123) module  4, x 5.9275, y  -7.08, z -239.031
  2752409 (73) module  2, x   9.09, y -10.71, z -264.031
   640344 (23) module  0, x 12.3075, y -14.3125, z -289.031

Track #202, length 3
  4862387 (124) module  4, x 6.2575, y  -9.28, z -239.031
  2749255 (74) module  2, x   9.75, y -15.22, z -264.031
   870622 (26) module  0, x 13.0775, y -20.885, z -287.969

Track #203, length 3
  4213737 (125) module  4, x   6.31, y -0.9475, z -237.969
  2130597 (75) module  2, x  10.05, y 2.0775, z -262.969
    47458 (27) module  0, x 13.7625, y 5.1025, z -287.969

