Track #0, length 13
 53843034 (1226) module 51, x -28.1725, y -16.0025, z 750.469
 51750265 (1178) module 49, x -26.4675, y -15.0675, z 705.469
 49657751 (1135) module 47, x -24.8175, y -14.0775, z 660.469
 47565238 (1090) module 45, x -23.1125, y -13.0875, z 615.469
 45160967 (1039) module 43, x -18.7675, y -10.5475, z 497.982
 43054919 (991) module 41, x -15.2475, y -8.5125, z 402.473
 40950651 (934) module 39, x -12.3875, y -6.9725, z 325.525
 38847397 (873) module 37, x -10.0775, y -5.6525, z 263.531
 36747958 (819) module 35, x -9.1425, y -5.1575, z 238.531
 34648519 (766) module 33, x -8.2075, y -4.6625, z 213.531
 32549080 (715) module 31, x -7.2725, y -4.1675, z 188.531
 30449386 (670) module 29, x -6.2825, y -3.6175, z 163.531
 28349436 (626) module 27, x -5.2925, y -3.0125, z 138.531

Track #1, length 9
 53884045 (1228) module 51, x -25.3675, y -7.065, z 750.469
 51789230 (1180) module 49, x -23.5525, y -6.5975, z 705.469
 49694414 (1137) module 47, x -21.7925, y -6.1025, z 660.469
 47599597 (1091) module 45, x -20.06, y -5.6075, z 615.469
 45132867 (1040) module 43, x -15.4675, y -4.3875, z 497.982
 43030662 (992) module 41, x -11.7825, y -3.2875, z 402.473
 40929469 (938) module 39, x -8.72083, y -2.42583, z 325.525
 38829291 (880) module 37, x -6.2275, y -1.7475, z 263.531
 36730622 (824) module 35, x -5.1825, y -1.445, z 238.531

Track #2, length 6
 53804953 (1229) module 51, x -24.7075, y -24.28, z 750.469
 51715275 (1181) module 49, x -21.9575, y -22.6025, z 705.469
 49626110 (1138) module 47, x -19.1525, y -20.8975, z 660.469
 47298865 (1093) module 45, x -16.4575, y -19.2925, z 616.531
 45181108 (1051) module 43, x -9.2525, y -14.8375, z 497.982
 42653593 (953) module 40, x -2.8725, y -10.7375, z 389.411

Track #3, length 7
 53558287 (1230) module 51, x -18.3275, y -12.4175, z 751.531
 51456806 (1182) module 49, x -17.0625, y -11.4825, z 706.531
 49354812 (1139) module 47, x -15.8525, y -10.4375, z 661.531
 47253074 (1094) module 45, x -14.6425, y -9.4475, z 616.531
 45144205 (1047) module 43, x -11.3975, y -6.8075, z 497.982
 43038399 (995) module 41, x -8.6475, y -4.9375, z 402.473
 40935401 (943) module 39, x -6.3375, y -3.6725, z 325.525

Track #4, length 6
 54367347 (1231) module 51, x -17.2575, y 26.7975, z 751.531
 52264090 (1183) module 49, x -15.9375, y 24.6525, z 706.531
 50160577 (1141) module 47, x -14.5808, y 22.4892, z 661.531
 48057320 (1096) module 45, x -13.2425, y 20.335, z 616.531
 45741138 (1050) module 43, x -9.68583, y 14.6242, z 496.921
 43656869 (998) module 41, x -6.8625, y 10.0775, z 401.411

Track #5, length 5
 53520178 (1232) module 51, x -16.4025, y -4.1125, z 751.531
 51424573 (1184) module 49, x -15.7975, y -4.4425, z 706.531
 49329224 (1140) module 47, x -15.1925, y -4.8275, z 661.531
 47233619 (1095) module 45, x -14.56, y -5.1575, z 616.531
 45140849 (1045) module 43, x -12.9375, y -6.0925, z 497.982

Track #6, length 8
 54101991 (1233) module 51, x -15.7175, y   6.42, z 750.469
 52009456 (1186) module 49, x -14.7275, y 5.9525, z 705.469
 49916921 (1142) module 47, x -13.7375, y 5.4575, z 660.469
 47186547 (1097) module 45, x  -12.8, y 4.9625, z 616.531
 45095330 (1048) module 43, x -10.215, y 3.6975, z 497.982
 43003080 (996) module 41, x -8.1525, y 2.6525, z 402.473
 40909799 (942) module 39, x -6.4475, y    1.8, z 325.525
 38815999 (883) module 37, x -5.1275, y 1.1125, z 263.531

Track #7, length 11
 53617273 (1234) module 51, x -12.4975, y -25.1775, z 751.531
 51513224 (1187) module 49, x -11.6725, y -23.6925, z 706.531
 49409174 (1143) module 47, x -10.9025, y -22.0975, z 661.531
 47304868 (1098) module 45, x -10.105, y -20.5575, z 616.531
 45189830 (1052) module 43, x -8.2625, y -16.7075, z 497.982
 43078112 (999) module 41, x -6.8325, y -13.5725, z 402.473
 40968951 (945) module 39, x -5.5675, y -10.9875, z 325.525
 38466755 (834) module 36, x -4.4675, y -8.4275, z 250.469
 36367571 (780) module 34, x -4.0275, y -7.5475, z 225.469
 34268386 (728) module 32, x -3.5875, y -6.7225, z 200.469
 32169458 (684) module 30, x -3.2025, y -5.8425, z 175.469

Track #8, length 7
 54342762 (1235) module 51, x -11.9775, y 27.2925, z 751.531
 52242312 (1188) module 49, x -11.2625, y 25.6425, z 706.531
 50141606 (1144) module 47, x -10.4925, y 23.9925, z 661.531
 48041156 (1099) module 45, x -9.7775, y 22.3425, z 616.531
 45749014 (1053) module 43, x -7.9075, y 17.915, z 496.921
 43658839 (1000) module 41, x -6.395, y 14.3675, z 401.411
 41567626 (946) module 39, x -5.1575, y 11.535, z 324.463

Track #9, length 6
 54125045 (1236) module 51, x -10.7675, y 5.6775, z 750.469
 52030715 (1189) module 49, x -10.135, y 5.3475, z 705.469
 49283503 (1145) module 47, x   -9.5, y 5.0175, z 661.531
 47187899 (1100) module 45, x -8.8675, y 4.6875, z 616.531
 45095130 (1056) module 43, x -7.1625, y 3.7525, z 497.982
 43001331 (1001) module 41, x -5.7875, y   3.01, z 402.473

Track #10, length 5
 54128453 (1238) module 51, x -9.9975, y 15.3575, z 750.469
 52033619 (1191) module 49, x -9.5025, y 14.5875, z 705.469
 49938529 (1147) module 47, x  -8.98, y 13.8175, z 660.469
 47843695 (1102) module 45, x -8.4575, y 13.0475, z 615.469
 45752724 (1057) module 43, x -7.1375, y 11.0125, z 496.921

Track #11, length 6
 54132918 (1239) module 51, x  -8.98, y  9.115, z 750.469
 52037819 (1193) module 49, x -8.5125, y   8.84, z 705.469
 49942720 (1149) module 47, x -8.0725, y  8.565, z 660.469
 47847622 (1104) module 45, x -7.605, y 8.2625, z 615.469
 45756115 (1059) module 43, x -6.395, y 7.5475, z 496.921
 43663582 (1002) module 41, x -5.4325, y 6.9425, z 401.411

Track #12, length 5
 54133150 (1240) module 51, x -8.8975, y 10.4625, z 750.469
 52037278 (1192) module 49, x -8.6225, y 10.4625, z 705.469
 49941407 (1148) module 47, x -8.3475, y 10.4075, z 660.469
 47845793 (1103) module 45, x -8.0175, y 10.2975, z 615.469
 45753507 (1058) module 43, x -6.9725, y 10.1875, z 496.921

Track #13, length 6
 54135706 (1241) module 51, x -8.3475, y 10.6825, z 750.469
 52041126 (1194) module 49, x -7.7975, y 10.0225, z 705.469
 49946290 (1150) module 47, x -7.3025, y 9.3625, z 660.469
 47851453 (1105) module 45, x  -6.78, y 8.7575, z 615.469
 45760732 (1061) module 43, x -5.4325, y 7.0525, z 496.921
 43668469 (1004) module 41, x  -4.36, y 5.6775, z 401.411

Track #14, length 5
 53542598 (1243) module 51, x -8.2625, y -8.8975, z 751.531
 51443151 (1195) module 49, x -7.7675, y -8.4025, z 706.531
 49343448 (1151) module 47, x -7.2725, y -7.8525, z 661.531
 47243745 (1106) module 45, x -6.7775, y -7.3025, z 616.531
 45139961 (1060) module 43, x -5.4575, y   -5.9, z 497.982

Track #15, length 9
 53584342 (1244) module 51, x -7.3825, y -17.9725, z 751.531
 51482078 (1197) module 49, x -6.9425, y -16.8725, z 706.531
 49379814 (1152) module 47, x -6.5025, y  -15.8, z 661.531
 47277806 (1107) module 45, x -6.0625, y -14.7275, z 616.531
 44759434 (1008) module 42, x -4.7425, y -11.5625, z 484.921
 42657972 (951) module 40, x -3.8075, y -9.2525, z 389.411
 40557269 (896) module 38, x -3.065, y -7.4375, z 312.463
 38457328 (836) module 36, x  -2.46, y -5.9525, z 250.469
 36359163 (782) module 34, x -2.2125, y -5.3475, z 225.469

Track #16, length 4
 53534681 (1245) module 51, x -7.2175, y  -7.22, z 751.531
 51435745 (1198) module 49, x -6.7775, y -6.8075, z 706.531
 49336553 (1153) module 47, x -6.3375, y -6.3675, z 661.531
 47237360 (1108) module 45, x -5.925, y -5.9275, z 616.531

Track #17, length 4
 53504486 (1246) module 51, x -6.5025, y -0.7025, z 751.531
 51407086 (1199) module 49, x -6.0625, y -0.6475, z 706.531
 49309686 (1154) module 47, x -5.6225, y -0.5925, z 661.531
 47212287 (1109) module 45, x -5.1275, y -0.5375, z 616.531

Track #18, length 5
 54148260 (1247) module 51, x -5.6525, y 10.1325, z 750.469
 52052913 (1202) module 49, x -5.2675, y 9.4175, z 705.469
 49957822 (1156) module 47, x -4.8275, y 8.7025, z 660.469
 47862475 (1112) module 45, x -4.4425, y 7.9875, z 615.469
 45770221 (1064) module 43, x -3.3975, y   6.09, z 496.921

Track #19, length 5
 54148550 (1248) module 51, x -5.5975, y  8.235, z 750.469
 52052686 (1200) module 49, x -5.3225, y 7.8225, z 705.469
 49956821 (1155) module 47, x -5.0475, y   7.41, z 660.469
 47860957 (1110) module 45, x -4.7725, y 6.9975, z 615.469
 45767409 (1062) module 43, x -4.0025, y 5.8975, z 496.921

Track #20, length 5
 54168220 (1252) module 51, x -1.335, y 10.5725, z 750.469
 52074925 (1203) module 49, x -0.510002, y 9.6375, z 705.469
 49981886 (1157) module 47, x 0.342499, y 8.7025, z 660.469
 47888591 (1114) module 45, x 1.1675, y 7.7675, z 615.469
 45801723 (1067) module 43, x 3.3675, y   5.32, z 496.921

Track #21, length 4
 54185949 (1255) module 51, x 2.4325, y   6.97, z 750.469
 52088036 (1204) module 49, x  2.295, y 6.6125, z 705.469
 49990378 (1158) module 47, x 2.1575, y 6.2825, z 660.469
 47892720 (1115) module 45, x 2.0475, y  5.925, z 615.469

Track #22, length 10
 53248224 (1208) module 50, x 1.9675, y -20.8025, z 739.531
 51150583 (1159) module 48, x 1.8575, y -19.5375, z 694.531
 48923409 (1117) module 46, x 1.7475, y -18.2175, z 648.469
 46826792 (1071) module 44, x 1.6375, y -16.9525, z 603.469
 44731237 (1012) module 42, x 1.3075, y -13.5975, z 484.921
 42635414 (956) module 40, x 1.0325, y -10.9025, z 389.411
 40539069 (900) module 38, x   0.84, y -8.7575, z 312.463
 38442717 (839) module 36, x 0.674999, y -6.9975, z 250.469
 36346090 (785) module 34, x 0.592499, y -6.2825, z 225.469
 34249207 (732) module 32, x 0.537502, y -5.5675, z 200.469

Track #23, length 6
 53115938 (1209) module 50, x 2.1325, y -17.2825, z 738.469
 51019313 (1160) module 48, x 2.0225, y -16.43, z 693.469
 48922689 (1118) module 46, x 1.9125, y -15.5775, z 648.469
 46826064 (1072) module 44, x 1.8025, y -14.725, z 603.469
 44730234 (1013) module 42, x 1.5275, y -12.4425, z 484.921
 42633885 (957) module 40, x 1.3625, y -10.49, z 389.411

Track #24, length 7
 53103649 (1210) module 50, x 4.7725, y -17.3375, z 738.469
 51008564 (1161) module 48, x 4.3325, y -16.265, z 693.469
 48913734 (1119) module 46, x   3.81, y -15.3025, z 648.469
 46818902 (1073) module 44, x 3.3425, y -14.4225, z 603.469
 44726658 (1014) module 42, x 2.2975, y -12.0025, z 484.921
 40539069 (900) module 38, x   0.84, y -8.7575, z 312.463
 36347352 (784) module 34, x 0.317501, y -7.2725, z 225.469

Track #25, length 7
 53267385 (1212) module 50, x   6.12, y -22.9475, z 739.531
 51168215 (1163) module 48, x 5.6525, y -21.2975, z 694.531
 49069045 (1121) module 46, x 5.2125, y -19.6475, z 649.531
 46812182 (1074) module 44, x 4.7725, y -17.9425, z 603.469
 44720485 (1015) module 42, x   3.59, y -13.5975, z 484.921
 42628005 (959) module 40, x 2.6275, y -10.0775, z 389.411
 40534232 (901) module 38, x 1.9125, y -7.2725, z 312.463

Track #26, length 4
 52482767 (1214) module 50, x 7.7675, y 6.4775, z 739.531
 50383831 (1165) module 48, x 7.3275, y 6.0925, z 694.531
 48284896 (1123) module 46, x 6.8325, y 5.7075, z 649.531
 46185705 (1076) module 44, x 6.3375, y 5.2675, z 604.531

Track #27, length 6
 52507086 (1215) module 50, x 7.8225, y 11.8125, z 739.531
 50405848 (1164) module 48, x 7.2725, y 10.9325, z 694.531
 48304867 (1122) module 46, x 6.6675, y 10.1075, z 649.531
 46203629 (1075) module 44, x 6.1175, y 9.2275, z 604.531
 45808089 (1068) module 43, x   4.77, y 7.2175, z 496.921
 43705594 (1007) module 41, x 3.5875, y 5.4025, z 401.411

Track #28, length 5
 52458953 (1216) module 50, x 8.0975, y 1.3625, z 739.531
 50361298 (1166) module 48, x 7.6025, y 1.2525, z 694.531
 48263899 (1124) module 46, x 7.1075, y 1.1975, z 649.531
 46166244 (1077) module 44, x 6.6125, y 1.0875, z 604.531
 44068092 (1017) module 42, x 5.2925, y 0.8675, z 485.982

Track #29, length 6
 53078306 (1217) module 50, x 10.3275, y -17.2825, z 738.469
 50985268 (1168) module 48, x 9.4475, y -16.2925, z 693.469
 48891974 (1125) module 46, x 8.5125, y -15.3025, z 648.469
 46799192 (1078) module 44, x 7.5775, y -14.285, z 603.469
 44713353 (1016) module 42, x 5.1575, y -11.6175, z 484.921
 42625199 (960) module 40, x 3.2325, y   -9.5, z 389.411

Track #30, length 9
 52530555 (1220) module 50, x 12.3875, y 16.8725, z 739.531
 50428553 (1170) module 48, x 11.6175, y 15.855, z 694.531
 48326806 (1126) module 46, x 10.9025, y 14.8375, z 649.531
 46225060 (1079) module 44, x 10.1325, y 13.8475, z 604.531
 44115656 (1018) module 42, x 8.1525, y 11.2075, z 485.982
 42008549 (964) module 40, x   6.53, y   8.98, z 390.473
 39903485 (904) module 38, x 5.2375, y 7.2475, z 313.525
 39514862 (894) module 37, x 4.3575, y 6.0625, z 262.469
 37415673 (833) module 35, x  3.945, y 5.4575, z 237.469

Track #31, length 6
 52475487 (1221) module 50, x 13.9275, y 4.9375, z 739.531
 50376817 (1171) module 48, x  12.91, y 4.6075, z 694.531
 48278404 (1127) module 46, x 11.8925, y 4.3325, z 649.531
 46179734 (1080) module 44, x 10.9025, y 4.0025, z 604.531
 44078278 (1019) module 42, x 8.2625, y 3.0675, z 485.982
 41977581 (963) module 40, x 6.1175, y 2.2975, z 390.473

Track #32, length 7
 52443188 (1222) module 50, x 16.265, y -1.9925, z 739.531
 50346570 (1172) module 48, x 15.0825, y -1.855, z 694.531
 48250207 (1128) module 46, x 13.9275, y -1.7175, z 649.531
 46153845 (1081) module 44, x 12.7175, y -1.5525, z 604.531
 44058285 (1021) module 42, x 9.6375, y -1.2225, z 485.982
 41962714 (965) module 40, x 7.1625, y -0.8925, z 390.473
 39866622 (903) module 38, x 5.1825, y -0.645, z 313.525

Track #33, length 12
 52828541 (1223) module 50, x  26.22, y 8.5775, z 738.469
 50733979 (1173) module 48, x 24.5975, y      8, z 693.469
 48639417 (1130) module 46, x 22.9475, y   7.45, z 648.469
 46545110 (1084) module 44, x 21.3525, y 6.8725, z 603.469
 44089380 (1023) module 42, x 17.1725, y 5.4875, z 485.982
 41987170 (967) module 40, x 13.7625, y 4.3875, z 390.473
 39885715 (908) module 38, x 11.0675, y 3.4525, z 313.525
 37785019 (844) module 36, x 8.8675, y 2.6825, z 251.531
 35686603 (790) module 34, x 7.9875, y 2.4075, z 226.531
 33587931 (739) module 32, x 7.1075, y 2.0775, z 201.531
 31489516 (688) module 30, x 6.1725, y 1.8025, z 176.531
 29391100 (637) module 28, x 5.2925, y 1.5275, z 151.531

Track #34, length 9
 50786121 (1175) module 48, x 29.1075, y -3.1925, z 693.469
 48687215 (1132) module 46, x 27.0175, y -2.8075, z 648.469
 46588562 (1086) module 44, x 25.065, y -2.4775, z 603.469
 44488429 (1025) module 42, x 20.0875, y -1.8175, z 484.921
 41959736 (970) module 40, x 16.0725, y -1.4975, z 390.473
 39863926 (911) module 38, x 12.6625, y -1.2225, z 313.525
 37766821 (845) module 36, x  10.05, y -1.195, z 251.531
 35669687 (793) module 34, x 9.0875, y -1.2225, z 226.531
 33572809 (741) module 32, x 8.0975, y -1.1675, z 201.531

Track #35, length 9
 50856117 (1176) module 48, x 37.3325, y -9.1975, z 693.469
 48772546 (1133) module 46, x 34.4175, y -8.4825, z 648.469
 46688975 (1088) module 44, x 31.5025, y -7.7675, z 603.469
 44627441 (1027) module 42, x 23.8575, y -5.8975, z 484.921
 41946138 (973) module 40, x 17.7225, y -4.4125, z 390.473
 39854708 (913) module 38, x 12.7725, y -3.2025, z 313.525
 37762236 (843) module 36, x  8.785, y -2.2125, z 251.531
 35666905 (789) module 34, x   7.19, y -1.8275, z 226.531
 33571831 (735) module 32, x 5.5675, y -1.3875, z 201.531

Track #36, length 8
 49741587 (1134) module 47, x -32.0775, y 4.0725, z 660.469
 47642947 (1089) module 45, x -29.4375, y 3.7425, z 615.469
 45541825 (1038) module 43, x -22.5075, y 2.8625, z 496.921
 43005224 (990) module 41, x -16.9525, y 2.1575, z 402.473
 40910714 (933) module 39, x -12.4425, y   1.58, z 325.525
 38815932 (875) module 37, x -8.8125, y 1.1125, z 263.531
 36719575 (821) module 35, x -7.3275, y 0.9475, z 238.531
 34623217 (771) module 33, x -5.8975, y  0.755, z 213.531

Track #37, length 16
 49021538 (1116) module 46, x -4.9625, y -27.7325, z 649.531
 46925694 (1069) module 44, x -4.6875, y -26.165, z 604.531
 44831945 (1009) module 42, x -3.9725, y -22.0675, z 485.982
 42655752 (952) module 40, x -3.3675, y -18.7125, z 389.411
 40556344 (897) module 38, x -2.8725, y -16.0725, z 312.463
 38457439 (835) module 36, x -2.4875, y -13.9275, z 250.469
 36359535 (781) module 34, x -2.3225, y -13.0475, z 225.469
 34261631 (729) module 32, x -2.185, y -12.1675, z 200.469
 32163983 (685) module 30, x -2.0475, y -11.2875, z 175.469
 30066079 (635) module 28, x -1.8825, y -10.4075, z 150.469
 27968174 (596) module 26, x -1.7175, y -9.555, z 125.469
 25870270 (563) module 24, x -1.5525, y -8.675, z 100.469
 23772366 (519) module 22, x -1.3875, y -7.795, z 75.469
 21674462 (481) module 20, x -1.2225, y -6.9425, z 50.469
 19576558 (445) module 18, x -1.0575, y -6.0625, z 25.469
 17478654 (417) module 16, x -0.919998, y -5.1825, z  0.469

Track #38, length 12
 48422208 (1129) module 46, x 15.6325, y 35.4625, z 649.531
 46313301 (1082) module 44, x 14.4775, y 32.9325, z 604.531
 44184717 (1022) module 42, x 11.3975, y 26.195, z 485.982
 42063288 (966) module 40, x 9.0325, y 20.8325, z 390.473
 39945945 (905) module 38, x 7.2175, y 16.515, z 313.525
 37833203 (840) module 36, x 5.7875, y 13.1325, z 251.531
 35729662 (786) module 34, x 5.1825, y 11.785, z 226.531
 35322772 (779) module 33, x 4.8525, y 11.0125, z 212.469
 33222828 (726) module 31, x 4.28417, y 9.65583, z 187.469
 31123141 (682) module 29, x 3.6975, y 8.3175, z 162.469
 29023198 (632) module 27, x 3.0925, y 6.9425, z 137.469
 26923510 (592) module 25, x 2.5425, y 5.6225, z 112.469

Track #39, length 6
 48682672 (1131) module 46, x 23.4425, y -1.8175, z 648.469
 46584780 (1085) module 44, x 21.8658, y -1.67083, z 603.469
 44057363 (1024) module 42, x 18.1075, y  -1.36, z 485.982
 41960527 (969) module 40, x 14.8075, y -1.3325, z 390.473
 39863423 (909) module 38, x 12.1675, y -1.305, z 313.525
 37766821 (845) module 36, x  10.05, y -1.195, z 251.531

Track #40, length 11
 48017177 (1111) module 45, x -4.5525, y  31.72, z 616.531
 45916041 (1063) module 43, x -3.6725, y  25.56, z 497.982
 43815652 (1005) module 41, x -2.9575, y 20.5825, z 402.473
 41580591 (948) module 39, x -2.3525, y 16.5675, z 324.463
 39485546 (887) module 37, x -1.9125, y 13.3225, z 262.469
 37389441 (829) module 35, x -1.6925, y  12.03, z 237.469
 35293081 (775) module 33, x -1.5275, y 10.7375, z 212.469
 33196721 (723) module 31, x -1.3625, y 9.4175, z 187.469
 31100616 (678) module 29, x -1.1425, y 8.1525, z 162.469
 29004256 (629) module 27, x -0.977501, y 6.8325, z 137.469
 26907895 (589) module 25, x -0.785, y   5.54, z 112.469

Track #41, length 11
 47999008 (1113) module 45, x -0.6475, y 31.3625, z 616.531
 45901199 (1066) module 43, x  -0.51, y 25.2575, z 497.982
 43803880 (1006) module 41, x -0.4275, y 20.3625, z 402.473
 41589811 (950) module 39, x -0.345001, y 16.3475, z 324.463
 39492973 (893) module 37, x -0.290001, y 13.1575, z 262.469
 37396100 (832) module 35, x -0.262501, y 11.865, z 237.469
 35298972 (778) module 33, x -0.262501, y 10.5725, z 212.469
 33202099 (725) module 31, x -0.2075, y 9.3075, z 187.469
 31104970 (679) module 29, x -0.2075, y 8.0425, z 162.469
 29008097 (631) module 27, x -0.1525, y   6.75, z 137.469
 26910969 (590) module 25, x -0.1525, y 5.4575, z 112.469

Track #42, length 6
 46950435 (1070) module 44, x 0.6475, y -31.1975, z 604.531
 44854441 (1011) module 42, x 0.8675, y -23.8275, z 485.982
 42636826 (955) module 40, x 0.702499, y -17.7225, z 389.411
 40540531 (899) module 38, x 0.510002, y -12.8275, z 312.463
 38444218 (838) module 36, x 0.372501, y -8.9225, z 250.469
 36347352 (784) module 34, x 0.317501, y -7.2725, z 225.469

Track #43, length 7
 46594339 (1087) module 44, x 31.1975, y -3.7425, z 603.469
 44492973 (1026) module 42, x 23.6075, y -2.835, z 484.921
 41956892 (972) module 40, x 17.6125, y -2.1025, z 390.473
 39862645 (912) module 38, x  12.69, y -1.4975, z 313.525
 37767613 (842) module 36, x 8.7575, y  -1.03, z 251.531
 35671514 (788) module 34, x 7.1625, y -0.8375, z 226.531
 33575159 (736) module 32, x 5.5675, y -0.6725, z 201.531

Track #44, length 4
 46049535 (1032) module 43, x -32.575, y 19.0975, z 497.982
 43595862 (987) module 41, x -20.035, y 14.4225, z 401.411
 41545369 (936) module 39, x -10.0525, y 10.7375, z 324.463
 39485132 (886) module 37, x -2.00417, y 7.89583, z 262.469

Track #45, length 7
 45530124 (1033) module 43, x -32.4625, y 0.387501, z 496.921
 43432605 (982) module 41, x -24.4875, y 0.2775, z 401.411
 40917012 (926) module 39, x -18.0525, y 0.2325, z 325.525
 38820212 (868) module 37, x -12.7725, y 0.1775, z 263.531
 36723098 (815) module 35, x -10.655, y 0.1775, z 238.531
 34626241 (764) module 33, x -8.5375, y 0.1225, z 213.531
 32529128 (716) module 31, x -6.3925, y 0.0949998, z 188.531

Track #46, length 4
 45635842 (1034) module 43, x -32.4375, y 19.0425, z 496.921
 43595862 (987) module 41, x -20.035, y 14.4225, z 401.411
 41545369 (936) module 39, x -10.0525, y 10.7375, z 324.463
 39485132 (886) module 37, x -2.00417, y 7.89583, z 262.469

Track #47, length 7
 45500181 (1035) module 43, x -31.94, y -6.0475, z 496.921
 43410086 (983) module 41, x -23.9925, y -4.5625, z 401.411
 40933659 (928) module 39, x -17.64, y -3.3425, z 325.525
 38831993 (869) module 37, x -12.47, y -2.3525, z 263.531
 36733087 (816) module 35, x -10.38, y -1.9675, z 238.531
 34634181 (765) module 33, x -8.3175, y -1.5825, z 213.531
 32535275 (718) module 31, x -6.2275, y -1.1975, z 188.531

Track #48, length 8
 45511478 (1036) module 43, x -30.125, y -3.6275, z 496.921
 43418292 (984) module 41, x -23.2225, y -2.8025, z 401.411
 40928025 (927) module 39, x -17.7775, y -2.1325, z 325.525
 38828650 (866) module 37, x -13.3225, y -1.6375, z 263.531
 36730507 (813) module 35, x -11.5075, y -1.4175, z 238.531
 34632363 (761) module 33, x  -9.72, y -1.1975, z 213.531
 32534476 (713) module 31, x -7.905, y -1.0325, z 188.531
 30436333 (671) module 29, x -6.1175, y -0.8125, z 163.531

Track #49, length 11
 46004753 (1037) module 43, x -22.8675, y 32.1875, z 497.982
 43887491 (988) module 41, x -18.55, y 25.9175, z 402.473
 41773790 (931) module 39, x -14.975, y 20.9125, z 325.525
 39438891 (870) module 37, x -12.0325, y 16.7875, z 262.469
 37347145 (814) module 35, x -10.85, y 15.1375, z 237.469
 35255654 (762) module 33, x -9.6675, y 13.515, z 212.469
 33163396 (710) module 31, x -8.5125, y 11.8925, z 187.469
 31071650 (668) module 29, x -7.3575, y 10.2425, z 162.469
 28979904 (624) module 27, x -6.175, y 8.5925, z 137.469
 26888413 (586) module 25, x -4.9925, y   6.97, z 112.469
 24796667 (551) module 23, x -3.8375, y 5.3475, z 87.469

Track #50, length 12
 45284189 (1041) module 43, x -14.0375, y -37.1125, z 497.982
 43152781 (993) module 41, x -11.3975, y -29.7425, z 402.473
 41028532 (937) module 39, x -9.225, y -23.9125, z 325.525
 38910421 (876) module 37, x  -7.41, y -19.2925, z 263.531
 36804579 (822) module 35, x -6.6675, y -17.45, z 238.531
 34698992 (770) module 33, x -5.9525, y -15.6075, z 213.531
 32593149 (720) module 31, x -5.2375, y -13.7375, z 188.531
 32177012 (683) module 30, x -4.8525, y -12.745, z 175.469
 30076566 (634) module 28, x -4.1375, y -10.875, z 150.469
 27976120 (595) module 26, x -3.4225, y -9.005, z 125.469
 25875674 (562) module 24, x -2.7075, y -7.135, z 100.469
 23775228 (517) module 22, x -1.9925, y -5.265, z 75.469

Track #51, length 6
 45140336 (1044) module 43, x -12.9925, y -5.9825, z 497.982
 43038110 (994) module 41, x -10.4625, y -4.8825, z 402.473
 40936643 (939) module 39, x -8.4275, y -3.9475, z 325.525
 38835936 (879) module 37, x -6.8325, y -3.205, z 263.531
 36737516 (823) module 35, x -6.1725, y -2.9025, z 238.531
 34638840 (772) module 33, x -5.5125, y -2.5725, z 213.531

Track #52, length 11
 45943593 (1049) module 43, x -9.7225, y 30.8675, z 497.982
 43838358 (997) module 41, x -7.8525, y 24.8725, z 402.473
 41734125 (944) module 39, x -6.3125, y  20.06, z 325.525
 39470647 (884) module 37, x -5.1025, y   16.1, z 262.469
 37375828 (827) module 35, x -4.6075, y 14.5325, z 237.469
 35281008 (773) module 33, x -4.1125, y 12.965, z 212.469
 33186189 (721) module 31, x -3.6175, y 11.3975, z 187.469
 31091369 (676) module 29, x -3.1225, y   9.83, z 162.469
 28996550 (627) module 27, x -2.6275, y 8.2625, z 137.469
 26901730 (587) module 25, x -2.1325, y  6.695, z 112.469
 24806911 (552) module 23, x -1.6375, y 5.1275, z 87.469

Track #53, length 4
 44322954 (1028) module 42, x 25.5325, y 33.9325, z 484.921
 42072922 (968) module 40, x 14.2025, y 22.9225, z 390.473
 39934719 (902) module 38, x 5.1275, y 14.0675, z 313.525
 39490247 (890) module 37, x -0.922501, y 8.2075, z 262.469

Track #54, length 7
 44838687 (1010) module 42, x  -2.46, y -31.4175, z 485.982
 42744499 (954) module 40, x -1.8825, y -23.2775, z 390.473
 40549166 (898) module 38, x  -1.36, y -16.6225, z 312.463
 38450317 (837) module 36, x -0.947498, y -11.3975, z 250.469
 36352435 (783) module 34, x -0.782501, y -9.3075, z 225.469
 34254553 (730) module 32, x -0.6175, y -7.2175, z 200.469
 32156671 (686) module 30, x -0.452499, y -5.1275, z 175.469

Track #55, length 10
 44400237 (1029) module 42, x 27.1275, y 17.2125, z 484.921
 42319827 (974) module 40, x 21.5175, y 13.6375, z 389.411
 39920167 (914) module 38, x 16.9892, y 11.0058, z 313.525
 37813607 (847) module 36, x  13.46, y 8.8425, z 251.531
 35712385 (796) module 34, x  12.03, y 7.9625, z 226.531
 33611163 (743) module 32, x 10.6275, y 7.0825, z 201.531
 31509940 (692) module 30, x 9.2525, y 6.2025, z 176.531
 29408717 (642) module 28, x 7.8775, y 5.3225, z 151.531
 27307238 (599) module 26, x 6.5025, y 4.3875, z 126.531
 25205758 (564) module 24, x 5.1825, y   3.48, z 101.531

Track #56, length 8
 44376162 (1030) module 42, x 27.7325, y 22.3825, z 484.921
 42299847 (975) module 40, x 22.1775, y 17.9275, z 389.411
 39935769 (915) module 38, x 17.7775, y  14.37, z 313.525
 37825370 (848) module 36, x 14.2025, y 11.4825, z 251.531
 35722611 (797) module 34, x   12.8, y   10.3, z 226.531
 33620109 (744) module 32, x  11.37, y 9.13125, z 201.531
 31518120 (694) module 30, x 9.9125, y   7.99, z 176.531
 29415618 (643) module 28, x 8.4825, y  6.835, z 151.531

Track #57, length 8
 44376917 (1031) module 42, x 28.4475, y 22.2175, z 484.921
 42300607 (976) module 40, x 22.6175, y 17.7625, z 389.411
 39935508 (916) module 38, x 18.0525, y 14.2875, z 313.525
 37825112 (849) module 36, x 14.3125, y 11.4275, z 251.531
 35722611 (797) module 34, x   12.8, y   10.3, z 226.531
 33620109 (744) module 32, x  11.37, y 9.13125, z 201.531
 31518120 (694) module 30, x 9.9125, y   7.99, z 176.531
 29415618 (643) module 28, x 8.4825, y  6.835, z 151.531

Track #58, length 7
 43426825 (979) module 41, x -32.6275, y -0.932499, z 401.411
 41330855 (921) module 39, x -23.9375, y -0.712502, z 324.463
 38823206 (863) module 37, x -17.035, y -0.4825, z 263.531
 36725850 (810) module 35, x -14.2025, y -0.4275, z 238.531
 34628238 (758) module 33, x -11.3425, y -0.3175, z 213.531
 32530881 (711) module 31, x  -8.51, y -0.2625, z 188.531
 30433269 (672) module 29, x -5.6775, y -0.1525, z 163.531

Track #59, length 10
 43274058 (980) module 41, x -29.0525, y -33.9875, z 401.411
 41207728 (922) module 39, x -23.415, y -27.3875, z 324.463
 38923523 (861) module 37, x -18.96, y -22.1525, z 263.531
 36816421 (808) module 35, x -17.1175, y -20.0075, z 238.531
 34709318 (756) module 33, x -15.3025, y -17.8625, z 213.531
 32602215 (707) module 31, x -13.46, y -15.7175, z 188.531
 30495113 (664) module 29, x -11.6175, y -13.5725, z 163.531
 28388010 (620) module 27, x -9.8025, y -11.4275, z 138.531
 26280907 (583) module 25, x  -7.96, y -9.2825, z 113.531
 24174317 (549) module 23, x -6.1175, y -7.1375, z 88.531

Track #60, length 10
 43929867 (981) module 41, x -27.79, y 32.5175, z 402.473
 41807999 (923) module 39, x -22.3175, y 26.1375, z 325.525
 39690204 (862) module 37, x -17.8625, y 20.995, z 263.531
 37323269 (809) module 35, x -15.965, y 18.8775, z 237.469
 35234602 (757) module 33, x -14.1775, y 16.815, z 212.469
 33145679 (708) module 31, x -12.4175, y  14.78, z 187.469
 31057012 (665) module 29, x -10.6025, y 12.7725, z 162.469
 28967833 (621) module 27, x -8.7875, y 10.7375, z 137.469
 26879166 (584) module 25, x -6.9725, y  8.675, z 112.469
 24790244 (550) module 23, x -5.185, y  6.585, z 87.469

Track #61, length 7
 43901490 (985) module 41, x -21.5475, y 30.345, z 402.473
 41778116 (930) module 39, x -15.8825, y 22.315, z 325.525
 39443006 (872) module 37, x -11.1525, y 15.7425, z 262.469
 37354606 (818) module 35, x -9.2825, y 13.1025, z 237.469
 35265694 (767) module 33, x -7.4125, y 10.435, z 212.469
 33177294 (719) module 31, x -5.5425, y 7.8225, z 187.469
 31088894 (675) module 29, x -3.6725, y  5.155, z 162.469

Track #62, length 10
 43273430 (986) module 41, x -21.3525, y -34.1525, z 401.411
 41045538 (929) module 39, x -17.2825, y -27.5975, z 325.525
 38924126 (865) module 37, x -13.9825, y -22.2625, z 263.531
 36817014 (811) module 35, x -12.635, y -20.1175, z 238.531
 34709647 (759) module 33, x -11.2875, y -17.945, z 213.531
 32602535 (709) module 31, x -9.9675, y -15.7725, z 188.531
 30495424 (667) module 29, x -8.5925, y -13.6275, z 163.531
 28388312 (623) module 27, x -7.2725, y -11.4825, z 138.531
 26280944 (585) module 25, x -5.9525, y  -9.31, z 113.531
 23783918 (514) module 22, x -3.89917, y -6.02583, z 75.469

Track #63, length 10
 43163428 (989) module 41, x -17.145, y -32.0525, z 402.473
 41037408 (932) module 39, x -13.8725, y -25.8375, z 325.525
 38917520 (871) module 37, x -11.2325, y -20.8325, z 263.531
 36810915 (817) module 35, x -10.1692, y -18.8158, z 238.531
 34704567 (763) module 33, x -9.0875, y -16.8175, z 213.531
 32597962 (712) module 31, x -8.0425, y -14.7825, z 188.531
 30491358 (669) module 29, x -6.9425, y -12.775, z 163.531
 28385009 (625) module 27, x -5.8975, y -10.7675, z 138.531
 25882832 (560) module 24, x -4.2475, y -7.685, z 100.469
 23780853 (515) module 22, x -3.2025, y -5.6775, z 75.469

Track #64, length 7
 42109213 (971) module 40, x  17.53, y 30.8425, z 390.473
 39973240 (910) module 38, x 12.525, y 22.3725, z 313.525
 37844161 (841) module 36, x 8.5375, y 15.4975, z 251.531
 35733982 (787) module 34, x 6.9425, y 12.6925, z 226.531
 33623546 (734) module 32, x 5.4025, y 9.8325, z 201.531
 33224134 (727) module 31, x 4.5225, y 8.2625, z 187.469
 31119865 (681) module 29, x 2.9825, y 5.4575, z 162.469

Track #65, length 10
 41278311 (919) module 39, x -27.4575, y -12.0975, z 324.463
 39192005 (860) module 37, x -22.26, y -9.6775, z 262.469
 37099244 (807) module 35, x -20.115, y -8.7425, z 237.469
 34663188 (755) module 33, x -18.0525, y  -7.88, z 213.531
 32561979 (705) module 31, x -15.9075, y -6.9725, z 188.531
 30460770 (663) module 29, x -13.7625, y -6.0925, z 163.531
 28359304 (619) module 27, x -11.645, y -5.1575, z 138.531
 26257839 (582) module 25, x -9.5275, y  -4.25, z 113.531
 24156375 (548) module 23, x -7.3275, y -3.2875, z 88.531
 22054654 (507) module 21, x -5.16417, y -2.31583, z 63.531

Track #66, length 6
 41801856 (924) module 39, x -21.025, y 26.0825, z 325.525
 39426318 (864) module 37, x -14.7275, y 18.355, z 262.469
 37340742 (812) module 35, x -12.2342, y 15.2658, z 237.469
 35255166 (760) module 33, x -9.7775, y 12.195, z 212.469
 33169078 (714) module 31, x -7.3025, y  9.115, z 187.469
 31083502 (674) module 29, x -4.8275, y  6.035, z 162.469

Track #67, length 10
 41057427 (935) module 39, x -11.04, y -30.155, z 325.525
 38933178 (874) module 37, x -8.895, y -24.2975, z 263.531
 36825546 (820) module 35, x -8.0425, y -21.9325, z 238.531
 34717402 (768) module 33, x -7.1625, y -19.595, z 213.531
 32609257 (717) module 31, x -6.30083, y -17.2392, z 188.531
 30501369 (673) module 29, x -5.4575, y -14.8925, z 163.531
 30080612 (633) module 28, x -5.0175, y -13.6525, z 150.469
 27979407 (594) module 26, x -4.1375, y -11.2875, z 125.469
 25878201 (561) module 24, x -3.27583, y -8.95917, z 100.469
 23777252 (516) module 22, x -2.4325, y -6.6125, z 75.469

Track #68, length 9
 40780896 (917) module 38, x 27.075, y -27.8425, z 313.525
 38659014 (852) module 36, x  21.63, y -22.2325, z 251.531
 36551663 (799) module 34, x  19.43, y -19.9775, z 226.531
 34172187 (747) module 32, x 17.1475, y -17.64, z 200.469
 32085316 (698) module 30, x 14.9475, y -15.385, z 175.469
 29998445 (651) module 28, x 12.7475, y -13.13, z 150.469
 27911574 (603) module 26, x 10.5475, y -10.875, z 125.469
 25824191 (567) module 24, x 8.3475, y  -8.62, z 100.469
 23737320 (521) module 22, x 6.1475, y -6.365, z 75.469

Track #69, length 5
 39361970 (859) module 37, x -28.6975, y 9.3625, z 262.469
 37287118 (806) module 35, x -23.885, y 7.8225, z 237.469
 35212011 (754) module 33, x -19.045, y 6.2275, z 212.469
 32507477 (706) module 31, x -14.4408, y 4.72417, z 188.531
 30417837 (666) module 29, x  -9.61, y 3.1475, z 163.531

Track #70, length 9
 39609249 (892) module 37, x -0.3725, y 24.2675, z 263.531
 37511884 (831) module 35, x -0.3175, y 21.9025, z 238.531
 35414774 (777) module 33, x -0.3175, y 19.5925, z 213.531
 33201701 (724) module 31, x -0.262501, y 17.1175, z 187.469
 31104848 (680) module 29, x -0.2075, y 14.7525, z 162.469
 29007994 (630) module 27, x -0.1525, y 12.415, z 137.469
 26910885 (591) module 25, x -0.1525, y 10.0775, z 112.469
 24814031 (555) module 23, x -0.0974998, y   7.74, z 87.469
 22716922 (510) module 21, x -0.0974998, y 5.4025, z 62.469

Track #71, length 8
 37941664 (846) module 36, x 10.325, y  36.59, z 251.531
 35827378 (794) module 34, x 9.3625, y 32.905, z 226.531
 33713092 (742) module 32, x 8.3725, y 29.1925, z 201.531
 31598550 (691) module 30, x 7.3825, y  25.48, z 176.531
 29484776 (640) module 28, x  6.365, y 21.7675, z 151.531
 26933050 (593) module 25, x 4.6325, y 15.9625, z 112.469
 24830846 (558) module 23, x   3.56, y 12.2225, z 87.469
 22728898 (511) module 21, x 2.4875, y 8.4825, z 62.469

Track #72, length 5
 38202082 (851) module 36, x 20.6925, y -2.945, z 250.469
 35663910 (798) module 34, x 17.0625, y -2.4325, z 226.531
 33569387 (745) module 32, x 13.2675, y -1.8825, z 201.531
 31474864 (693) module 30, x 9.4725, y -1.3325, z 176.531
 29380085 (638) module 28, x 5.6775, y  -0.81, z 151.531

Track #73, length 5
 38206580 (853) module 36, x 26.715, y -3.9075, z 250.469
 36106190 (800) module 34, x 21.7925, y  -3.22, z 225.469
 33566245 (746) module 32, x  17.09, y -2.5425, z 201.531
 31472510 (695) module 30, x 12.2225, y -1.8275, z 176.531
 29378774 (641) module 28, x  7.355, y -1.1125, z 151.531

Track #74, length 8
 38109034 (854) module 36, x 27.265, y 17.1575, z 250.469
 36020128 (801) module 34, x 24.3225, y 15.3975, z 225.469
 33931221 (750) module 32, x  21.38, y 13.6375, z 200.469
 31535882 (700) module 30, x 18.6025, y  11.95, z 176.531
 29430591 (652) module 28, x 15.6875, y  10.19, z 151.531
 27325812 (604) module 26, x 12.7725, y 8.4025, z 126.531
 25220264 (568) module 24, x 9.9125, y  6.615, z 101.531
 23114973 (523) module 22, x 6.9975, y 4.8275, z 76.531

Track #75, length 9
 38299392 (855) module 36, x 31.6675, y -19.1525, z 250.469
 36217379 (804) module 34, x 28.4225, y  -17.2, z 225.469
 34135367 (752) module 32, x 25.1775, y -15.2475, z 200.469
 32052586 (701) module 30, x  21.96, y -13.3225, z 175.469
 29970574 (655) module 28, x 18.7425, y -11.3425, z 150.469
 27888561 (606) module 26, x 15.4975, y -9.4175, z 125.469
 25806549 (571) module 24, x 12.2525, y -7.4375, z 100.469
 23724280 (525) module 22, x   8.98, y -5.5125, z 75.469
 20978416 (487) module 20, x  5.925, y -3.6425, z 51.531

Track #76, length 9
 38705916 (856) module 36, x 31.7775, y -19.235, z 251.531
 36217379 (804) module 34, x 28.4225, y  -17.2, z 225.469
 34135367 (752) module 32, x 25.1775, y -15.2475, z 200.469
 32052586 (701) module 30, x  21.96, y -13.3225, z 175.469
 29970574 (655) module 28, x 18.7425, y -11.3425, z 150.469
 27888561 (606) module 26, x 15.4975, y -9.4175, z 125.469
 25806549 (571) module 24, x 12.2525, y -7.4375, z 100.469
 23724280 (525) module 22, x   8.98, y -5.5125, z 75.469
 20978416 (487) module 20, x  5.925, y -3.6425, z 51.531

Track #77, length 4
 38144525 (857) module 36, x 32.4075, y 9.4025, z 250.469
 36055416 (802) module 34, x 26.5225, y   7.67, z 225.469
 33966563 (748) module 32, x  20.61, y 5.9375, z 200.469
 31501132 (696) module 30, x 14.945, y 4.3325, z 176.531

Track #78, length 5
 38274932 (858) module 36, x  36.92, y -12.7725, z 250.469
 36209310 (805) module 34, x 30.1825, y -10.435, z 225.469
 34143433 (751) module 32, x 23.445, y -8.0975, z 200.469
 32077299 (699) module 30, x 16.6892, y -5.75083, z 175.469
 29367459 (648) module 28, x 10.1875, y -3.505, z 151.531

Track #79, length 4
 36500279 (791) module 34, x 8.31083, y -30.0792, z 226.531
 34394543 (737) module 32, x 6.4225, y -23.47, z 201.531
 32133423 (687) module 30, x 4.47917, y -16.5308, z 175.469
 30044841 (636) module 28, x  2.655, y  -9.83, z 150.469

Track #80, length 4
 35670200 (792) module 34, x 9.0325, y -1.085, z 226.531
 33573578 (740) module 32, x 8.0425, y -1.0025, z 201.531
 31476957 (689) module 30, x 6.9975, y -0.8925, z 176.531
 29380081 (639) module 28, x 5.8975, y  -0.81, z 151.531

Track #81, length 4
 36108149 (803) module 34, x 26.6692, y -3.65083, z 225.469
 34007266 (749) module 32, x 20.6742, y -2.82583, z 200.469
 31471436 (697) module 30, x 14.945, y -2.0475, z 176.531
 29378233 (646) module 28, x 8.9775, y -1.2225, z 151.531

Track #82, length 7
 35517989 (753) module 33, x -22.6475, y  31.06, z 213.531
 33408106 (704) module 31, x -19.925, y 27.2925, z 188.531
 31298478 (662) module 29, x -17.2025, y 23.525, z 163.531
 29188850 (617) module 27, x -14.5075, y 19.785, z 138.531
 26857787 (581) module 25, x -11.6475, y  15.88, z 112.469
 24772991 (546) module 23, x -8.8975, y  12.14, z 87.469
 22688451 (506) module 21, x -6.2025, y    8.4, z 62.469

Track #83, length 7
 35423963 (774) module 33, x -2.2975, y  21.05, z 213.531
 33193485 (722) module 31, x -2.0225, y  18.41, z 187.469
 31097659 (677) module 29, x -1.7475, y 15.9075, z 162.469
 29001833 (628) module 27, x -1.4725, y 13.3775, z 137.469
 26906007 (588) module 25, x -1.1975, y 10.8475, z 112.469
 24810181 (553) module 23, x -0.922501, y 8.3175, z 87.469
 22714355 (508) module 21, x -0.647499, y 5.7875, z 62.469

Track #84, length 6
 30783300 (658) module 29, x -29.3458, y -14.0592, z 162.469
 28696729 (611) module 27, x -24.68, y -11.8225, z 137.469
 26609390 (578) module 25, x -20.0325, y -9.6225, z 112.469
 24175937 (539) module 23, x -15.55, y -7.5225, z 88.531
 22068375 (503) module 21, x -10.8292, y -5.28583, z 63.531
 19961068 (472) module 19, x -6.1725, y -3.0675, z 38.531

Track #85, length 4
 31340810 (659) module 29, x -26.4608, y 32.5542, z 163.531
 29226345 (612) module 27, x -22.62, y 27.3475, z 138.531
 27111623 (579) module 25, x -18.7975, y  22.15, z 113.531
 24746027 (540) module 23, x -14.7825, y  16.76, z 87.469

Track #86, length 6
 31319602 (660) module 29, x -21.8042, y 30.3358, z 163.531
 29206666 (614) module 27, x -18.3575, y 25.5325, z 138.531
 27093473 (580) module 25, x -14.9292, y 20.7108, z 113.531
 24761918 (543) module 23, x -11.3358, y 15.7242, z 87.469
 22680469 (504) module 21, x -7.9075, y  10.93, z 62.469
 20599276 (474) module 19, x  -4.47, y  6.145, z 37.469

Track #87, length 6
 29547128 (650) module 28, x 12.525, y 35.2975, z 151.531
 27421599 (602) module 26, x 10.4075, y  29.22, z 126.531
 25296582 (566) module 24, x 8.2625, y 23.1287, z 101.531
 23171308 (522) module 22, x 6.1725, y 17.065, z 76.531
 22740323 (513) module 21, x 4.9625, y  13.68, z 62.469
 20633040 (478) module 19, x 2.79917, y 7.67583, z 37.469

Track #88, length 5
 30253114 (654) module 28, x 17.9358, y -29.9142, z 151.531
 28141719 (605) module 26, x 14.865, y -24.8175, z 126.531
 26030324 (570) module 24, x 11.785, y -19.7025, z 101.531
 23725655 (524) module 22, x  8.595, y -14.3675, z 75.469
 21642931 (485) module 20, x 5.5425, y  -9.28, z 50.469

Track #89, length 4
 28676394 (610) module 27, x -30.785, y -16.1675, z 137.469
 26593684 (577) module 25, x -24.955, y -13.0875, z 112.469
 24510463 (536) module 23, x -19.0975, y -10.09, z 87.469
 19965648 (470) module 19, x -7.685, y -4.0575, z 38.531

Track #90, length 4
 25594436 (574) module 24, x 29.355, y 2.3625, z 100.469
 23500241 (531) module 22, x   21.6, y 1.7575, z 75.469
 21000537 (493) module 20, x  14.23, y 1.1425, z 51.531
 18900453 (452) module 18, x   6.53, y 0.4825, z 26.531

Track #91, length 6
 23773175 (518) module 22, x -1.5525, y  -5.54, z 75.469
 21680309 (479) module 20, x -2.515, y  -9.17, z 50.469
 19587699 (444) module 18, x -3.4775, y  -12.8, z 25.469
 17495089 (416) module 16, x -4.4675, y -16.43, z  0.469
 13756144 (366) module 13, x -5.9525, y -21.795, z -36.469
 11675358 (320) module 11, x -6.9425, y -25.425, z -61.469

Track #92, length 6
 22685405 (505) module 21, x -6.835, y 6.9975, z 62.469
 20573343 (469) module 19, x -10.1625, y  10.38, z 37.469
 18460770 (437) module 17, x -13.4625, y 13.7625, z 12.469
 16347940 (405) module 15, x -16.7992, y 17.1358, z -12.531
 14534120 (358) module 13, x -19.98, y 20.3625, z -36.469
 12452010 (311) module 11, x -23.28, y 23.7725, z -61.469

Track #93, length 7
 21649638 (483) module 20, x 4.1125, y -6.475, z 50.469
 19544760 (450) module 18, x  5.735, y -9.0325, z 25.469
 17440137 (425) module 16, x 7.3575, y -11.59, z  0.469
 15335515 (383) module 14, x   8.98, y -14.1475, z -24.531
 13231149 (340) module 12, x 10.6025, y -16.6775, z -49.531
 11352062 (294) module 10, x 12.1425, y -19.125, z -73.469
  9275773 (249) module  8, x 16.6525, y -26.22, z -143.219

Track #94, length 11
 20990717 (484) module 20, x   5.21, y -1.0025, z 51.531
 18891735 (455) module 18, x 7.3275, y -1.3875, z 26.531
 16792753 (429) module 16, x 9.4175, y -1.7725, z  1.531
 14693770 (390) module 14, x 11.535, y -2.1575, z -23.469
 12594532 (344) module 12, x 13.6525, y  -2.57, z -48.469
 10495549 (298) module 10, x  15.77, y -2.9825, z -73.469
  8847311 (252) module  8, x 21.7375, y -4.0725, z -144.281
  6861054 (199) module  6, x 27.6525, y -5.1825, z -214.031
  4754167 (143) module  4, x 29.7425, y -5.5675, z -239.031
  2647024 (82) module  2, x  31.86, y -5.9525, z -264.031
   540137 (21) module  0, x 33.9775, y -6.3375, z -289.031

Track #95, length 11
 20975092 (486) module 20, x 5.7325, y -4.3575, z 51.531
 19533804 (456) module 18, x 8.1275, y -6.1725, z 25.469
 17426124 (430) module 16, x 10.465, y -7.9325, z  0.469
 15318188 (392) module 14, x 12.775, y -9.6925, z -24.531
 13210251 (345) module 12, x 15.0942, y -11.4708, z -49.531
 11102315 (300) module 10, x 17.4042, y -13.2308, z -74.531
  8975634 (253) module  8, x 23.8575, y -18.1625, z -144.281
  7241399 (200) module  6, x 30.2375, y -23.03, z -212.969
  5154967 (144) module  4, x 32.5475, y -24.8175, z -237.969
  3068535 (83) module  2, x 34.885, y -26.5775, z -262.969
   982103 (22) module  0, x 37.195, y -28.3375, z -287.969

Track #96, length 8
 21010669 (488) module 20, x   6.09, y 3.2875, z 51.531
 18919361 (457) module 18, x 8.5375, y   4.58, z 26.531
 16828308 (431) module 16, x 10.985, y 5.8725, z  1.531
 14737255 (393) module 14, x  13.46, y 7.1925, z -23.469
 12645947 (347) module 12, x 15.9075, y 8.4575, z -48.469
 10554382 (301) module 10, x 18.3825, y 9.7775, z -73.469
  8766093 (254) module  8, x  25.34, y 13.4725, z -144.281
  6651665 (201) module  6, x  32.16, y 17.1575, z -214.031

Track #97, length 7
 21016788 (489) module 20, x 7.4925, y 4.6075, z 51.531
 18927774 (458) module 18, x 10.4625, y  6.395, z 26.531
 16839272 (432) module 16, x 13.4325, y 8.2375, z  1.531
 14750002 (394) module 14, x 16.4025, y 10.0525, z -23.469
 12967670 (351) module 12, x 19.565, y 11.9325, z -49.531
 10862016 (302) module 10, x 22.535, y 13.7475, z -74.531
  8741161 (255) module  8, x  30.84, y 18.8075, z -144.281

Track #98, length 6
 21051335 (490) module 20, x 8.18917, y 12.1608, z 51.531
 18976907 (459) module 18, x  11.48, y 17.0375, z 26.531
 16902224 (433) module 16, x 14.7525, y 21.8775, z  1.531
 14827028 (395) module 14, x 18.0525, y 26.745, z -23.469
 12875731 (354) module 12, x  21.49, y 31.7875, z -49.531
 10755736 (304) module 10, x 24.7625, y 36.655, z -74.531

Track #99, length 5
 20349197 (464) module 19, x -32.38, y -2.8575, z 37.469
 18253661 (434) module 17, x -28.0075, y   -2.5, z 12.469
 16158380 (402) module 15, x -23.6625, y -2.115, z -12.531
 14063099 (359) module 13, x -19.3175, y -1.7575, z -37.531
 11564361 (313) module 11, x -15.11, y -1.3625, z -61.469

Track #100, length 9
 19940819 (471) module 19, x -7.5475, y 1.2775, z 38.531
 17841830 (439) module 17, x -10.0225, y 1.6625, z 13.531
 15742585 (407) module 15, x -12.4975, y  2.075, z -11.469
 13643596 (360) module 13, x -14.9725, y 2.4875, z -36.469
 11544606 (312) module 11, x -17.475, y 2.8725, z -61.469
  9895580 (258) module  9, x -24.515, y 4.0175, z -132.281
  7891711 (203) module  7, x -31.475, y 5.1275, z -202.031
  5783287 (145) module  5, x -33.9225, y 5.5675, z -227.031
  3674352 (84) module  3, x -36.425, y 5.9525, z -252.031

Track #101, length 10
 20597242 (473) module 19, x -4.9375, y 5.4025, z 37.469
 18492634 (441) module 17, x -6.5325, y  7.135, z 12.469
 16388026 (410) module 15, x -8.1275, y  8.895, z -12.531
 14283931 (362) module 13, x -9.7225, y 10.6275, z -37.531
 12179323 (316) module 11, x -11.3175, y 12.3875, z -62.531
 10061090 (260) module  9, x  -15.8, y 17.2825, z -132.281
  8243913 (207) module  7, x -20.2275, y 22.0675, z -200.969
  6154153 (148) module  5, x -21.8225, y 23.8275, z -225.969
  4063881 (87) module  3, x -23.4175, y  25.56, z -250.969
  1974122 (25) module  1, x -25.0125, y 27.2925, z -275.969

Track #102, length 10
 18880506 (449) module 18, x 5.4025, y -3.8075, z 26.531
 16778206 (424) module 16, x 6.9425, y -4.9075, z  1.531
 15337198 (382) module 14, x  8.595, y -6.0625, z -24.531
 13233370 (338) module 12, x 10.1625, y -7.1625, z -49.531
 11129030 (293) module 10, x 11.7025, y -8.2625, z -74.531
  9011342 (248) module  8, x 16.075, y -11.3425, z -144.281
  6893910 (196) module  6, x  20.42, y -14.4225, z -214.031
  4789570 (139) module  4, x 21.9875, y -15.5225, z -239.031
  2685486 (78) module  2, x 23.555, y -16.6225, z -264.031
   581146 (17) module  0, x 25.1225, y -17.695, z -289.031

Track #103, length 10
 18905575 (451) module 18, x   6.42, y 1.5825, z 26.531
 16810438 (426) module 16, x 8.2625, y 2.0225, z  1.531
 14715300 (385) module 14, x 10.105, y 2.4625, z -23.469
 12620163 (342) module 12, x 11.9475, y 2.9025, z -48.469
 10525025 (295) module 10, x 13.8175, y 3.3425, z -73.469
  8433411 (250) module  8, x  18.96, y 4.5525, z -143.219
  6704290 (197) module  6, x 24.185, y 5.7725, z -214.031
  4605057 (141) module  4, x 26.0275, y 6.2125, z -239.031
  2505824 (80) module  2, x 27.8425, y 6.6525, z -264.031
   406590 (19) module  0, x 29.685, y 7.0925, z -289.031

Track #104, length 10
 19539165 (454) module 18, x 6.9725, y -6.9975, z 25.469
 17432761 (428) module 16, x   8.98, y -8.9775, z  0.469
 15326869 (389) module 14, x 10.9325, y -10.9575, z -24.531
 13220465 (343) module 12, x 12.9125, y -12.9375, z -49.531
 11114061 (296) module 10, x 14.8925, y -14.9175, z -74.531
  9293031 (251) module  8, x 20.365, y -20.39, z -143.219
  7221122 (198) module  6, x 25.8925, y -25.945, z -212.969
  5133150 (142) module  4, x 27.8908, y -27.9342, z -237.969
  3045434 (81) module  2, x 29.9075, y -29.9325, z -262.969
   957462 (20) module  0, x 31.8875, y -31.9125, z -287.969

Track #105, length 9
 17455859 (419) module 16, x 4.0025, y  -5.76, z  0.469
 15354588 (375) module 14, x 4.8825, y -7.025, z -24.531
 13253061 (334) module 12, x 5.79917, y -8.28083, z -49.531
 11151790 (288) module 10, x 6.6975, y -9.555, z -74.531
  9043566 (243) module  8, x 9.1725, y -13.1025, z -144.281
  6934573 (193) module  6, x 11.7025, y -16.6775, z -214.031
  4833302 (137) module  4, x 12.5825, y -17.9425, z -239.031
  2969598 (77) module  2, x 13.4625, y -19.1525, z -262.969
   876519 (15) module  0, x 14.3425, y -20.4175, z -287.969

Track #106, length 9
 16822778 (421) module 16, x 5.4025, y 4.6625, z  1.531
 14732506 (379) module 14, x  7.135, y 6.1475, z -23.469
 12642491 (337) module 12, x 8.8675, y 7.6875, z -48.469
 10551707 (292) module 10, x 10.6275, y 9.1725, z -73.469
  8474178 (246) module  8, x 15.495, y 13.4075, z -143.219
  6649319 (195) module  6, x 20.4175, y 17.7075, z -214.031
  4544967 (140) module  4, x 22.1775, y  19.22, z -239.031
  2440871 (79) module  2, x 23.9375, y 20.7325, z -264.031
   336519 (18) module  0, x 25.6792, y 22.2358, z -289.031

Track #107, length 7
 15379711 (374) module 14, x -0.5075, y -5.1275, z -24.531
 13283054 (332) module 12, x -0.6175, y -6.0625, z -49.531
 11186141 (285) module 10, x -0.672501, y -6.9975, z -74.531
  9090223 (236) module  8, x -0.947498, y -9.5275, z -144.281
  6994048 (181) module  6, x -1.195, y -12.1125, z -214.031
  4897391 (123) module  4, x -1.2775, y -13.0475, z -239.031
  2800734 (61) module  2, x -1.3875, y -13.955, z -264.031

Track #108, length 7
 14335983 (371) module 13, x 1.5525, y   5.98, z -37.531
 12243120 (330) module 11, x 2.4875, y 9.4725, z -62.531
 10224127 (283) module  9, x 5.0175, y 19.0975, z -131.219
  8508409 (239) module  8, x 5.4575, y  20.75, z -143.219
  6455754 (190) module  6, x 8.0425, y  30.43, z -212.969
  4374713 (134) module  4, x   8.95, y 33.8675, z -237.969
  2293673 (74) module  2, x 9.8575, y 37.3325, z -262.969

Track #109, length 4
 13658598 (365) module 13, x -6.46583, y -0.739167, z -36.469
 11563424 (317) module 11, x -10.325, y -1.1425, z -61.469
  9866457 (259) module  9, x -21.1875, y -2.2525, z -132.281
  7764246 (202) module  7, x -31.885, y -3.2975, z -202.031

Track #110, length 5
 14326771 (367) module 13, x -0.400002, y 5.7875, z -37.531
 12228789 (325) module 11, x -0.592499, y 9.1975, z -62.531
 10128649 (277) module  9, x -1.1975, y 18.6575, z -132.281
  8158557 (227) module  7, x -1.8025, y  27.98, z -200.969
  6062112 (170) module  5, x -1.995, y 31.3625, z -225.969

Track #111, length 7
 14330362 (368) module 13, x 0.342499, y 5.4025, z -37.531
 12233706 (326) module 11, x 0.452499, y 6.2825, z -62.531
 10137277 (279) module  9, x 0.6175, y 8.7575, z -132.281
  8041104 (229) module  7, x 0.837498, y 11.2325, z -202.031
  5944192 (173) module  5, x 0.892498, y 12.1125, z -227.031
  3847280 (113) module  3, x 0.947498, y 12.9925, z -252.031
  1750623 (53) module  1, x 1.0575, y   13.9, z -277.031

Track #112, length 7
 13280507 (333) module 12, x -0.0675011, y -5.3475, z -49.531
 11183311 (287) module 10, x -0.0950012, y -7.7675, z -74.531
  9086292 (238) module  8, x -0.122498, y -14.505, z -144.281
  7100890 (185) module  6, x  -0.15, y -21.105, z -212.969
  5003695 (127) module  4, x -0.1775, y -23.4975, z -237.969
  2906243 (65) module  2, x -0.205, y -25.9175, z -262.969
   809047 (7) module  0, x -0.2325, y -28.31, z -287.969

Track #113, length 6
 11547094 (318) module 11, x -7.3825, y 2.3775, z -61.469
  9437770 (261) module  9, x -15.0825, y 4.9625, z -131.219
  7931091 (204) module  7, x -22.9225, y 7.5475, z -202.031
  5821634 (146) module  5, x -25.6725, y 8.4825, z -227.031
  3711666 (85) module  3, x -28.4225, y 9.3625, z -252.031
  1601697 (23) module  1, x -31.1725, y 10.2975, z -277.031

Track #114, length 6
 12198865 (319) module 11, x -7.0275, y 7.6575, z -62.531
 10068034 (262) module  9, x -14.3425, y 15.5225, z -132.281
  8250291 (205) module  7, x -21.6025, y  23.25, z -200.969
  6164864 (147) module  5, x -24.2425, y 26.055, z -225.969
  4079949 (86) module  3, x -26.8825, y  28.86, z -250.969
  1995290 (24) module  1, x -29.5775, y 31.665, z -275.969

Track #115, length 6
 11572980 (322) module 11, x -5.7325, y -3.1775, z -61.469
  9481675 (266) module  9, x -7.9875, y -4.4425, z -131.219
  7390370 (213) module  7, x -10.2425, y -5.7075, z -200.969
  5295251 (155) module  5, x -11.0675, y -6.1475, z -225.969
  3200132 (96) module  3, x -11.8925, y -6.5875, z -250.969
  1105269 (35) module  1, x -12.69, y -7.0825, z -275.969

Track #116, length 6
 12209660 (323) module 11, x -4.7175, y 5.2925, z -62.531
 10103766 (268) module  9, x  -6.56, y 7.3825, z -132.281
  7998128 (215) module  7, x -8.4025, y 9.4725, z -202.031
  5898146 (158) module  5, x  -9.09, y 10.215, z -227.031
  3798165 (100) module  3, x -9.7225, y 10.9575, z -252.031
  1697927 (38) module  1, x -10.3825, y   11.7, z -277.031

Track #117, length 6
 12226293 (324) module 11, x -1.1425, y   5.65, z -62.531
 10127053 (276) module  9, x -1.5825, y 7.8775, z -132.281
  8027812 (226) module  7, x -2.0225, y 10.105, z -202.031
  5929878 (169) module  5, x -2.1875, y 10.9025, z -227.031
  3831943 (110) module  3, x -2.3525, y   11.7, z -252.031
  1734009 (51) module  1, x -2.5175, y 12.4975, z -277.031

Track #118, length 6
 12234484 (327) module 11, x  0.645, y  5.705, z -62.531
 10140297 (280) module  9, x 1.2775, y 11.6175, z -132.281
  8046620 (230) module  7, x  2.075, y 17.6125, z -202.031
  6042100 (174) module  5, x 2.3775, y 19.7025, z -225.969
  3943372 (114) module  3, x 2.7075, y 21.875, z -250.969
  1844645 (55) module  1, x 3.0375, y 24.0475, z -275.969

Track #119, length 6
 11190011 (284) module 10, x -1.4975, y -5.3475, z -74.531
  9098663 (234) module  8, x -2.7625, y  -9.94, z -144.281
  7007316 (177) module  6, x -4.0275, y -14.5325, z -214.031
  4912182 (117) module  4, x -4.4675, y -16.1825, z -239.031
  2817048 (57) module  2, x -4.9075, y -17.8325, z -264.031
  1158399 (47) module  1, x -5.1275, y -18.605, z -275.969

Track #120, length 6
 11184125 (286) module 10, x -0.259998, y -5.2375, z -74.531
  9087914 (237) module  8, x -0.452499, y -9.775, z -144.281
  6991704 (183) module  6, x -0.672501, y -14.285, z -214.031
  4894779 (126) module  4, x -0.727501, y -15.9075, z -239.031
  2797854 (64) module  2, x -0.809998, y -17.5025, z -264.031
   701185 (6) module  0, x -0.892498, y -19.0975, z -289.031

Track #121, length 5
  9457864 (265) module  9, x -8.1525, y 0.6725, z -131.219
  7360132 (209) module  7, x -11.8925, y 0.7825, z -200.969
  5262444 (151) module  5, x -13.2125, y 0.8925, z -225.969
  3164499 (91) module  3, x -14.5875, y 1.0575, z -250.969
  1066810 (30) module  1, x -15.9625, y 1.1675, z -275.969

Track #122, length 5
  9471447 (267) module  9, x -7.3275, y -2.2425, z -131.219
  7383435 (211) module  7, x -11.48, y -4.2225, z -200.969
  5289584 (153) module  5, x -12.965, y -4.9375, z -225.969
  3195733 (92) module  3, x -14.45, y -5.6525, z -250.969
  1102138 (31) module  1, x -15.935, y -6.4225, z -275.969

Track #123, length 5
 10105063 (269) module  9, x -6.285, y 6.4475, z -132.281
  7993771 (214) module  7, x -9.4475, y 9.7475, z -202.031
  5891221 (156) module  5, x -10.575, y 10.9575, z -227.031
  3788928 (97) module  3, x -11.7025, y 12.1125, z -252.031
  1686378 (34) module  1, x -12.83, y 13.3225, z -277.031

Track #124, length 5
  9452532 (270) module  9, x -5.705, y 1.8275, z -131.219
  7353047 (218) module  7, x -7.3275, y 2.3225, z -200.969
  5255117 (161) module  5, x -7.8775, y 2.4875, z -225.969
  3156930 (101) module  3, x -8.4825, y 2.7075, z -250.969
  1059000 (41) module  1, x -9.0325, y 2.8725, z -275.969

Track #125, length 5
  9477115 (271) module  9, x -5.3475, y -3.4525, z -131.219
  7388105 (216) module  7, x -8.0975, y -5.2125, z -200.969
  5293751 (159) module  5, x  -9.06, y -5.8175, z -225.969
  3199398 (98) module  3, x -10.0225, y -6.4225, z -250.969
  1105300 (36) module  1, x -11.0125, y -7.0825, z -275.969

Track #126, length 5
  9468156 (272) module  9, x -5.2925, y -1.5275, z -131.219
  7374539 (217) module  7, x -7.9875, y -2.2975, z -200.969
  5278649 (160) module  5, x  -8.95, y -2.5725, z -225.969
  3182760 (99) module  3, x -9.9125, y -2.8475, z -250.969
  1086870 (37) module  1, x -10.875, y  -3.15, z -275.969

Track #127, length 5
 10115551 (273) module  9, x -4.0575, y   6.86, z -132.281
  8013244 (222) module  7, x -5.1575, y 8.8125, z -202.031
  5914031 (165) module  5, x -5.5975, y    9.5, z -227.031
  3815075 (105) module  3, x -5.9825, y 10.1875, z -252.031
  1715862 (44) module  1, x -6.395, y 10.9025, z -277.031

Track #128, length 5
 10120689 (274) module  9, x -2.9575, y 5.8975, z -132.281
  8018894 (223) module  7, x -3.9475, y 7.8225, z -202.031
  5920193 (167) module  5, x -4.2775, y 8.5375, z -227.031
  3821492 (108) module  3, x -4.6075, y 9.2525, z -252.031
  1722536 (48) module  1, x -4.9925, y 9.9125, z -277.031

Track #129, length 5
 10126284 (275) module  9, x -1.7475, y 7.9325, z -132.281
  8026276 (225) module  7, x -2.3525, y 10.105, z -202.031
  5927831 (168) module  5, x -2.6275, y 10.8475, z -227.031
  3829386 (109) module  3, x -2.9025, y 11.5625, z -252.031
  1730941 (49) module  1, x -3.1775, y 12.2775, z -277.031

Track #130, length 5
 10136314 (278) module  9, x 0.424999, y 5.4025, z -132.281
  8039903 (228) module  7, x 0.5625, y 6.8875, z -202.031
  5942997 (172) module  5, x 0.6175, y 7.4375, z -227.031
  3845835 (112) module  3, x  0.645, y 7.9875, z -252.031
  1748929 (52) module  1, x 0.672501, y 8.5375, z -277.031

Track #131, length 5
  9095115 (235) module  8, x -1.9925, y -7.9875, z -144.281
  7002247 (179) module  6, x -2.955, y -11.7275, z -214.031
  4906607 (119) module  4, x -3.285, y -13.0475, z -239.031
  2811222 (58) module  2, x -3.6425, y -14.395, z -264.031
   715582 (0) module  0, x -3.9725, y -15.7425, z -289.031

Track #132, length 5
  8415210 (240) module  8, x 6.2825, y   0.62, z -143.219
  6319541 (191) module  6, x 9.1975, y 0.9225, z -212.969
  4222881 (135) module  4, x  10.27, y 1.0325, z -237.969
  2126222 (75) module  2, x 11.3425, y 1.1425, z -262.969
    29563 (14) module  0, x 12.3875, y 1.2525, z -287.969

Track #133, length 5
  8428758 (242) module  8, x 7.3825, y 3.5075, z -143.219
  6339222 (192) module  6, x 10.875, y 5.1575, z -212.969
  4244864 (136) module  4, x 12.1125, y 5.7625, z -237.969
  2150249 (76) module  2, x 13.3775, y   6.34, z -262.969
    55890 (16) module  0, x 14.6425, y 6.9175, z -287.969

Track #134, length 4
  7360129 (208) module  7, x -12.0575, y 0.7825, z -200.969
  5262438 (150) module  5, x -13.5425, y  0.865, z -225.969
  3164746 (89) module  3, x -15.0458, y 0.984167, z -250.969
  1067055 (27) module  1, x -16.5675, y 1.1125, z -275.969

Track #135, length 4
  7435226 (219) module  7, x -7.1625, y -15.4425, z -200.969
  5371549 (157) module  5, x -10.5175, y -22.675, z -225.969
  3307359 (94) module  3, x -13.9275, y -29.88, z -250.969
  1243937 (26) module  1, x -17.3375, y -37.14, z -275.969

Track #136, length 4
  8005117 (221) module  7, x -6.9175, y 5.2375, z -202.031
  5904367 (162) module  5, x -7.6875, y 6.0075, z -227.031
  3803616 (102) module  3, x  -8.43, y 6.8325, z -252.031
  1703633 (40) module  1, x -9.1725, y 7.6575, z -277.031

Track #137, length 4
  8022752 (224) module  7, x -3.1225, y  6.805, z -202.031
  5919144 (166) module  5, x -4.4975, y 9.9125, z -227.031
  3815279 (106) module  3, x -5.9275, y  13.02, z -252.031
  1711415 (43) module  1, x -7.32083, y 16.1092, z -277.031

Track #138, length 4
  8048380 (231) module  7, x 2.3775, y 5.2925, z -202.031
  5952497 (175) module  5, x 2.6525, y 5.8975, z -227.031
  3856613 (116) module  3, x 2.9275, y 6.5575, z -252.031
  1760985 (56) module  1, x 3.2575, y 7.2175, z -277.031

Track #139, length 4
  6992270 (182) module  6, x -0.782501, y -11.315, z -214.031
  4896322 (124) module  4, x -1.0575, y -15.495, z -239.031
  2901239 (62) module  2, x -1.29583, y -19.5008, z -262.969
   802987 (3) module  0, x -1.5525, y -23.69, z -287.969

Track #140, length 4
  6991683 (184) module  6, x -0.672501, y -15.44, z -214.031
  5000412 (125) module  4, x -0.8925, y -20.995, z -237.969
  2901875 (63) module  2, x -1.1675, y -26.7975, z -262.969
   803337 (4) module  0, x -1.42417, y -32.5908, z -287.969

Track #141, length 4
  6983048 (186) module  6, x 1.17917, y -11.6542, z -214.031
  4883768 (128) module  4, x 1.6375, y -16.045, z -239.031
  2917098 (68) module  2, x 2.0775, y -20.225, z -262.969
   821915 (10) module  0, x 2.5175, y -24.57, z -287.969

Track #142, length 4
  6978774 (187) module  6, x 2.1325, y -7.3825, z -214.031
  4880583 (129) module  4, x 2.3525, y -8.2075, z -239.031
  2782135 (69) module  2, x 2.6275, y  -9.06, z -264.031
   683944 (11) module  0, x 2.8475, y -9.9125, z -289.031

Track #143, length 4
  6960771 (189) module  6, x 5.97333, y -11.9108, z -214.031
  4861299 (133) module  4, x 6.4775, y -12.8275, z -239.031
  2761825 (72) module  2, x 6.9725, y -13.79, z -264.031
   662351 (13) module  0, x 7.4675, y -14.8075, z -289.031

Track #144, length 3
 52461555 (1211) module 50, x   5.76, y 1.9125, z 739.531
 50363897 (1162) module 48, x 5.4575, y 1.8025, z 694.531
 48266238 (1120) module 46, x 5.1825, y 1.6925, z 649.531

Track #145, length 3
 52235086 (1190) module 49, x -9.7225, y 28.8325, z 706.531
 50135155 (1146) module 47, x  -9.09, y 26.7975, z 661.531
 48036247 (1101) module 45, x -8.6225, y 24.8175, z 616.531

Track #146, length 3
 43537461 (978) module 41, x -32.7125, y 16.2375, z 401.411
 41790964 (925) module 39, x -18.6692, y 19.6842, z 325.525
 39641026 (877) module 37, x -7.1925, y 22.4525, z 263.531

Track #147, length 3
 41737063 (940) module 39, x -6.9725, y  27.43, z 325.525
 39633352 (881) module 37, x -5.5425, y 22.1225, z 263.531
 37533678 (825) module 35, x -4.9925, y 20.005, z 238.531

Track #148, length 3
 40282467 (918) module 38, x  27.65, y 0.657501, z 312.463
 37774392 (850) module 36, x 16.0725, y 0.4275, z 251.531
 35676814 (795) module 34, x 11.3425, y 0.3175, z 226.531

Track #149, length 3
 32956806 (703) module 31, x -25.725, y 2.4225, z 187.469
 30424608 (661) module 29, x -17.3925, y 1.6625, z 163.531
 28331454 (622) module 27, x -8.675, y 0.8375, z 138.531

Track #150, length 3
 29287560 (608) module 27, x -35.875, y 25.6425, z 138.531
 27148762 (576) module 25, x -26.9008, y 21.1142, z 113.531
 24732978 (537) module 23, x -17.56, y 16.4025, z 87.469

Track #151, length 3
 25619876 (573) module 24, x 24.075, y -3.0825, z 100.469
 23081748 (530) module 22, x 18.025, y -2.2675, z 76.531
 20988550 (492) module 20, x 11.755, y -1.4425, z 51.531

Track #152, length 3
 24129694 (545) module 23, x -10.4258, y 2.41417, z 88.531
 22621178 (500) module 21, x -20.7408, y 5.38417, z 62.469
 20478662 (465) module 19, x -30.6225, y 8.2625, z 37.469

Track #153, length 3
 23119984 (527) module 22, x 12.965, y 5.9275, z 76.531
 21364681 (496) module 20, x  22.04, y  10.09, z 50.469
 19249195 (461) module 18, x 30.7392, y 13.9858, z 25.469

Track #154, length 3
 14710728 (381) module 14, x 8.1525, y 1.4725, z -23.469
 12619590 (346) module 12, x 15.275, y 2.7925, z -48.469
 10906046 (303) module 10, x 22.6725, y   4.15, z -74.531

Track #155, length 3
 14723236 (386) module 14, x 10.105, y 4.1675, z -23.469
 12985594 (350) module 12, x 19.345, y  7.945, z -49.531
 10872153 (306) module 10, x   28.2, y 11.5475, z -74.531

Track #156, length 3
 13654202 (363) module 13, x -8.895, y 0.2325, z -36.469
 11556441 (314) module 11, x -14.23, y 0.3425, z -61.469
  9880134 (256) module  9, x -29.245, y 0.717499, z -132.281

Track #157, length 3
 13688250 (364) module 13, x -8.895, y -7.0825, z -36.469
 11610202 (315) module 11, x -14.2025, y -11.3175, z -61.469
  9768776 (257) module  9, x -29.1625, y -23.3175, z -132.281

Track #158, length 3
 12658930 (335) module 12, x  5.815, y 11.3175, z -48.469
 10586050 (289) module 10, x 8.4825, y  16.57, z -73.469
  8556345 (247) module  8, x  15.99, y   31.2, z -143.219

Track #159, length 3
  8513198 (245) module  8, x 9.5825, y 21.7675, z -143.219
  6463068 (194) module  6, x 14.0925, y 31.9975, z -212.969
  4382782 (138) module  4, x 15.7242, y 35.6458, z -237.969

Track #160, length 3
  7344273 (212) module  7, x -11.1775, y 4.1925, z -200.969
  5244292 (154) module  5, x -11.8925, y   4.77, z -225.969
  3784441 (95) module  3, x -12.665, y 5.4575, z -252.031

Track #161, length 3
  6975746 (188) module  6, x 2.7375, y -19.015, z -214.031
  5021827 (130) module  4, x 3.7275, y -25.89, z -237.969
  2929409 (70) module  2, x 4.7725, y -33.04, z -262.969

Track #162, length 3
  5874641 (149) module  5, x -14.1775, y 7.6575, z -227.031
  3772615 (88) module  3, x -15.2225, y 8.2075, z -252.031
  1670589 (28) module  1, x -16.2675, y 8.7575, z -277.031

Track #163, length 3
  5311442 (163) module  5, x -7.575, y -9.7225, z -225.969
  3220680 (103) module  3, x -8.1525, y -11.0975, z -250.969
  1129660 (42) module  1, x -8.77583, y -12.4542, z -275.969

Track #164, length 3
  5263091 (164) module  5, x -5.7875, y 0.7825, z -225.969
  3164625 (104) module  3, x -7.6575, y 1.0575, z -250.969
  1066415 (39) module  1, x -9.5275, y 1.2775, z -275.969

Track #165, length 3
  5932783 (171) module  5, x -1.5825, y 6.0075, z -227.031
  3833293 (111) module  3, x -2.0775, y 7.8775, z -252.031
  1733803 (50) module  1, x -2.5725, y 9.7475, z -277.031

Track #166, length 3
  4902639 (121) module  4, x -2.3775, y  -5.98, z -239.031
  2808273 (59) module  2, x -3.00083, y -7.63917, z -264.031
   714163 (1) module  0, x -3.6425, y  -9.28, z -289.031

Track #167, length 3
  4898811 (122) module  4, x -1.5525, y -5.3475, z -239.031
  2802417 (60) module  2, x -1.7175, y -5.8975, z -264.031
   706023 (2) module  0, x -1.8825, y -6.4475, z -289.031

Track #168, length 3
  4862321 (132) module  4, x 6.2575, y -12.91, z -239.031
  2764892 (71) module  2, x 6.3125, y -14.0925, z -264.031
   667720 (12) module  0, x 6.3125, y -15.1925, z -289.031

