Track #0, length 13
 53768228 (1527) module 51, x -31.1425, y -32.1725, z 750.469
 51679814 (1459) module 49, x -29.2725, y -30.275, z 705.469
 49591655 (1385) module 47, x -27.43, y -28.3775, z 660.469
 47503497 (1313) module 45, x -25.5875, y -26.4525, z 615.469
 45429218 (1243) module 43, x -20.6925, y -21.42, z 496.921
 43095595 (1182) module 41, x -16.7875, y -17.3675, z 402.473
 40983396 (1118) module 39, x -13.625, y -14.1225, z 325.525
 38874003 (1061) module 37, x -11.0675, y -11.4825, z 263.531
 36771750 (999) module 35, x -10.0225, y -10.3825, z 238.531
 34669753 (940) module 33, x -8.9775, y -9.3375, z 213.531
 32568011 (881) module 31, x  -7.96, y -8.265, z 188.531
 30466014 (823) module 29, x -6.9425, y -7.1925, z 163.531
 28364017 (767) module 27, x -5.8975, y -6.1475, z 138.531

Track #1, length 4
 53783739 (1530) module 51, x -22.81, y -28.8725, z 750.469
 51695319 (1463) module 49, x -21.27, y -27.0025, z 705.469
 49607154 (1390) module 47, x -19.7758, y -25.0592, z 660.469
 47317006 (1316) module 45, x -18.3825, y -23.28, z 616.531

Track #2, length 9
 53875424 (1531) module 51, x -20.8025, y -8.9625, z 750.469
 51781112 (1465) module 49, x -19.4825, y -8.3575, z 705.469
 49342993 (1393) module 47, x -18.2175, y -7.825, z 661.531
 47243305 (1319) module 45, x -16.8975, y -7.2475, z 616.531
 45139304 (1247) module 43, x -13.4325, y  -5.79, z 497.982
 43036828 (1186) module 41, x -10.5725, y -4.6075, z 402.473
 40935109 (1122) module 39, x -8.3175, y -3.6175, z 325.525
 38834406 (1067) module 37, x -6.5025, y -2.8475, z 263.531
 36735987 (1005) module 35, x  -5.76, y -2.5725, z 238.531

Track #3, length 12
 53913056 (1532) module 51, x -20.775, y -0.877502, z 750.469
 51816182 (1464) module 49, x -19.5925, y -0.822502, z 705.469
 49310476 (1392) module 47, x -18.4925, y -0.8125, z 661.531
 47213090 (1317) module 45, x -17.2825, y -0.7575, z 616.531
 45115226 (1246) module 43, x -14.2025, y -0.5925, z 497.982
 43017607 (1185) module 41, x  -11.7, y -0.4825, z 402.473
 40919980 (1121) module 39, x -9.6925, y   -0.4, z 325.525
 38822602 (1064) module 37, x -8.0425, y -0.3175, z 263.531
 36725462 (1002) module 35, x -7.3825, y -0.3175, z 238.531
 34628066 (943) module 33, x -6.7225, y -0.2625, z 213.531
 32530926 (883) module 31, x -6.0625, y -0.2625, z 188.531
 30433530 (826) module 29, x -5.4025, y -0.2075, z 163.531

Track #4, length 9
 53548289 (1533) module 51, x -19.0975, y  -10.3, z 751.531
 51448343 (1466) module 49, x -17.8875, y -9.6675, z 706.531
 49348397 (1394) module 47, x -16.6775, y  -8.98, z 661.531
 47248451 (1320) module 45, x -15.4675, y -8.3475, z 616.531
 45143421 (1248) module 43, x -12.25, y -6.6425, z 497.982
 43039916 (1188) module 41, x -9.6925, y -5.2675, z 402.473
 40937426 (1125) module 39, x -7.6025, y  -4.14, z 325.525
 38836208 (1069) module 37, x -5.925, y -3.2325, z 263.531
 36737533 (1008) module 35, x -5.2375, y -2.9025, z 238.531

Track #5, length 11
 53639690 (1534) module 51, x -18.6025, y -30.045, z 751.531
 51533855 (1467) module 49, x -17.42, y -28.1475, z 706.531
 49427765 (1395) module 47, x -16.2375, y -26.25, z 661.531
 47321931 (1321) module 45, x -15.0275, y -24.3525, z 616.531
 45202052 (1249) module 43, x -11.8925, y -19.3475, z 497.982
 43086001 (1189) module 41, x -9.39917, y -15.2958, z 402.473
 40973782 (1128) module 39, x -7.3825, y -12.0325, z 325.525
 38864372 (1070) module 37, x -5.7325, y -9.3925, z 263.531
 36370895 (951) module 34, x -4.7425, y -7.7675, z 225.469
 34270690 (893) module 32, x -4.0825, y -6.7225, z 200.469
 32170485 (835) module 30, x -3.4225, y -5.6775, z 175.469

Track #6, length 9
 54097381 (1535) module 51, x -16.7075, y 6.5575, z 750.469
 52004844 (1468) module 49, x -15.7175, y 6.1725, z 705.469
 49912050 (1396) module 47, x -14.755, y 5.8425, z 660.469
 47819512 (1323) module 45, x -13.7925, y 5.5125, z 615.469
 45091216 (1252) module 43, x -11.2325, y 4.5775, z 497.982
 42997941 (1190) module 41, x  -9.17, y 3.7525, z 402.473
 40904148 (1126) module 39, x -7.4925, y 3.0375, z 325.525
 38809581 (1068) module 37, x -6.1175, y 2.4875, z 263.531
 36713463 (1006) module 35, x -5.5675, y 2.2675, z 238.531

Track #7, length 8
 54099651 (1536) module 51, x -16.2125, y 8.4275, z 750.469
 52007115 (1469) module 49, x -15.2225, y 7.9875, z 705.469
 49914323 (1397) module 47, x -14.26, y 7.5475, z 660.469
 47821530 (1324) module 45, x -13.325, y 7.1625, z 615.469
 45735917 (1253) module 43, x -10.8775, y 6.1175, z 496.921
 43646974 (1192) module 41, x  -9.09, y 5.1825, z 401.411
 40897742 (1124) module 39, x -7.8225, y 4.4125, z 325.525
 38803683 (1066) module 37, x -6.6675, y 3.71583, z 263.531

Track #8, length 11
 53635384 (1537) module 51, x -16.0725, y -29.0825, z 751.531
 51529546 (1470) module 49, x -15.0825, y -27.2125, z 706.531
 49423964 (1398) module 47, x -14.065, y -25.3975, z 661.531
 47318127 (1325) module 45, x -13.0475, y -23.5275, z 616.531
 45199008 (1255) module 43, x -10.3525, y -18.6875, z 497.982
 43083719 (1194) module 41, x -8.2075, y -14.7825, z 402.473
 40972007 (1131) module 39, x -6.4475, y -11.6475, z 325.525
 38468032 (1014) module 36, x -4.7425, y -8.5925, z 250.469
 36368339 (953) module 34, x -4.1925, y -7.5475, z 225.469
 34268389 (895) module 32, x -3.5875, y -6.5575, z 200.469
 32168696 (836) module 30, x -3.0375, y -5.5125, z 175.469

Track #9, length 7
 53526331 (1538) module 51, x -15.9075, y -5.4325, z 751.531
 51427661 (1471) module 49, x -14.89, y -5.1025, z 706.531
 49328736 (1399) module 47, x -13.8725, y -4.745, z 661.531
 47230067 (1326) module 45, x -12.8275, y -4.3875, z 616.531
 45128867 (1256) module 43, x -10.1875, y -3.5075, z 497.982
 43028426 (1195) module 41, x -8.0425, y -2.7925, z 402.473
 40928746 (1132) module 39, x -6.2825, y -2.2425, z 325.525

Track #10, length 7
 53477693 (1539) module 51, x -15.7975, y   4.99, z 751.531
 51382352 (1472) module 49, x -14.7525, y 4.6325, z 706.531
 49286754 (1400) module 47, x -13.7625, y 4.3025, z 661.531
 47191157 (1327) module 45, x -12.7175, y 3.9725, z 616.531
 45098149 (1257) module 43, x -10.0775, y 3.0925, z 497.982
 43004108 (1197) module 41, x -7.9325, y 2.4325, z 402.473
 40909547 (1133) module 39, x -6.2275, y 1.8825, z 325.525

Track #11, length 7
 53535565 (1540) module 51, x -14.9175, y -7.4125, z 751.531
 51436382 (1473) module 49, x -13.9825, y -6.9725, z 706.531
 49336943 (1401) module 47, x -13.02, y -6.505, z 661.531
 47237761 (1328) module 45, x -12.0575, y -6.0375, z 616.531
 45135022 (1259) module 43, x -9.5825, y -4.8275, z 497.982
 43033043 (1198) module 41, x -7.5475, y  -3.81, z 402.473
 40932336 (1134) module 39, x -5.9525, y -3.0125, z 325.525

Track #12, length 7
 53551187 (1541) module 51, x -14.5875, y -10.8775, z 751.531
 51450724 (1474) module 49, x -13.6525, y -10.1625, z 706.531
 49350517 (1403) module 47, x -12.7175, y -9.5025, z 661.531
 47250566 (1331) module 45, x -11.7825, y -8.7875, z 616.531
 45145010 (1260) module 43, x -9.3625, y -6.9725, z 497.982
 43041238 (1199) module 41, x -7.3825, y -5.5425, z 402.473
 40938483 (1136) module 39, x -5.7875, y  -4.36, z 325.525

Track #13, length 8
 54108135 (1542) module 51, x -14.3975, y 6.4475, z 750.469
 52014829 (1475) module 49, x -13.5725, y   6.09, z 705.469
 49921524 (1402) module 47, x -12.7475, y 5.7325, z 660.469
 47828219 (1329) module 45, x -11.9225, y 5.3475, z 615.469
 45092011 (1258) module 43, x -9.7475, y  4.385, z 497.982
 42998730 (1196) module 41, x -8.015, y 3.5875, z 402.473
 40904420 (1130) module 39, x -6.6125, y 2.9825, z 325.525
 38809592 (1072) module 37, x -5.485, y 2.4875, z 263.531

Track #14, length 7
 53519967 (1543) module 51, x  -13.9, y -4.0575, z 751.531
 51421808 (1476) module 49, x -12.9925, y -3.8375, z 706.531
 49323392 (1404) module 47, x -12.1125, y -3.5625, z 661.531
 47225232 (1332) module 45, x -11.2325, y -3.3425, z 616.531
 45124795 (1261) module 43, x -8.8675, y -2.655, z 497.982
 43025117 (1200) module 41, x -6.9975, y -2.105, z 402.473
 40926200 (1140) module 39, x -5.5125, y -1.6925, z 325.525

Track #15, length 10
 53591154 (1544) module 51, x -12.855, y -19.4575, z 751.531
 51488385 (1477) module 49, x -12.0575, y -18.2475, z 706.531
 49385871 (1405) module 47, x -11.2875, y -17.0925, z 661.531
 47283357 (1333) module 45, x -10.5175, y -15.9375, z 616.531
 45171905 (1262) module 43, x -8.5375, y -12.8575, z 497.982
 43063262 (1202) module 41, x -6.90583, y -10.4192, z 402.473
 40957430 (1138) module 39, x -5.6225, y  -8.43, z 325.525
 38466278 (1016) module 36, x -4.3575, y -6.5025, z 250.469
 36367090 (954) module 34, x -3.9175, y -5.8425, z 225.469
 34267901 (896) module 32, x -3.505, y -5.2375, z 200.469

Track #16, length 13
 54345121 (1545) module 51, x  -12.5, y 24.2675, z 751.531
 52244666 (1478) module 49, x -11.785, y 22.8925, z 706.531
 50144467 (1406) module 47, x -11.0975, y 21.5175, z 661.531
 48044012 (1334) module 45, x -10.3825, y 20.1425, z 616.531
 45746479 (1263) module 43, x -8.4575, y  16.54, z 496.921
 43656292 (1201) module 41, x -6.9725, y 13.6525, z 401.411
 41565070 (1137) module 39, x -5.7075, y 11.3425, z 324.463
 39472304 (1074) module 37, x -4.745, y 9.4725, z 262.469
 37376958 (1010) module 35, x  -4.36, y 8.7025, z 237.469
 35281612 (947) module 33, x -4.0025, y 7.9325, z 212.469
 33186266 (889) module 31, x -3.6175, y  7.135, z 187.469
 31090921 (829) module 29, x -3.2325, y 6.3375, z 162.469
 28995575 (771) module 27, x  -2.82, y 5.5675, z 137.469

Track #17, length 6
 53532793 (1546) module 51, x -12.4975, y -6.8075, z 751.531
 51433607 (1479) module 49, x -11.7275, y -6.3675, z 706.531
 49334422 (1407) module 47, x -10.9025, y -5.955, z 661.531
 47235492 (1335) module 45, x -10.1325, y -5.5425, z 616.531
 45133002 (1265) module 43, x -8.015, y -4.3875, z 497.982
 43031529 (1205) module 41, x -6.3375, y  -3.48, z 402.473

Track #18, length 6
 53512059 (1547) module 51, x -12.3875, y -2.3525, z 751.531
 51414153 (1480) module 49, x -11.6175, y -2.1875, z 706.531
 49316503 (1408) module 47, x -10.8475, y -2.0775, z 661.531
 47218597 (1336) module 45, x -10.05, y -1.9125, z 616.531
 45119691 (1266) module 43, x -7.9875, y -1.555, z 497.982
 43021289 (1204) module 41, x -6.3375, y -1.2525, z 402.473

Track #19, length 4
 54118233 (1548) module 51, x -12.1975, y 14.2575, z 750.469
 52024682 (1482) module 49, x  -11.4, y 13.3225, z 705.469
 49931130 (1410) module 47, x -10.63, y 12.415, z 660.469
 47837579 (1338) module 45, x  -9.86, y 11.5075, z 615.469

Track #20, length 7
 53488768 (1549) module 51, x -12.1125, y  2.625, z 751.531
 51392396 (1481) module 49, x -11.425, y 2.4875, z 706.531
 49296025 (1409) module 47, x -10.7375, y 2.3225, z 661.531
 47199398 (1337) module 45, x -10.0225, y  2.185, z 616.531
 45104071 (1264) module 43, x -8.2075, y    1.8, z 497.982
 43008481 (1203) module 41, x -6.7775, y 1.4975, z 402.473
 40912630 (1139) module 39, x -5.595, y 1.2225, z 325.525

Track #21, length 6
 53485704 (1550) module 51, x -11.6725, y  3.285, z 751.531
 51389589 (1483) module 49, x -10.9575, y  3.065, z 706.531
 49293475 (1411) module 47, x -10.1875, y 2.8725, z 661.531
 47197360 (1339) module 45, x -9.4725, y 2.6525, z 616.531
 45102804 (1267) module 43, x -7.4925, y 2.1025, z 497.982
 43007728 (1206) module 41, x -5.925, y 1.6625, z 402.473

Track #22, length 7
 53576881 (1551) module 51, x  -9.39, y -16.3775, z 751.531
 51474876 (1484) module 49, x -8.8125, y -15.36, z 706.531
 49373127 (1413) module 47, x -8.2075, y -14.3425, z 661.531
 47271122 (1341) module 45, x -7.6025, y -13.2975, z 616.531
 45161198 (1270) module 43, x -6.0625, y -10.575, z 497.982
 42661577 (1147) module 40, x -4.605, y -8.0975, z 389.411
 40559849 (1078) module 38, x -3.5875, y -6.3375, z 312.463

Track #23, length 6
 53518004 (1552) module 51, x -9.2525, y -3.6175, z 751.531
 51419837 (1485) module 49, x  -8.73, y -3.3975, z 706.531
 49321671 (1412) module 47, x -8.2075, y -3.205, z 661.531
 47223760 (1340) module 45, x -7.685, y -3.0125, z 616.531
 45124074 (1268) module 43, x -6.2825, y -2.4625, z 497.982
 43024894 (1207) module 41, x -5.1825, y -2.0225, z 402.473

Track #24, length 8
 53570230 (1553) module 51, x -9.1425, y -14.9475, z 751.531
 51468991 (1486) module 49, x -8.6475, y -14.0675, z 706.531
 49368008 (1414) module 47, x -8.125, y -13.2425, z 661.531
 47266770 (1342) module 45, x -7.6025, y -12.39, z 616.531
 45159147 (1269) module 43, x -6.2275, y -10.135, z 497.982
 42663114 (1146) module 40, x -4.9075, y -8.0425, z 389.411
 40561637 (1077) module 38, x     -4, y -6.5575, z 312.463
 38461179 (1017) module 36, x -3.2575, y -5.3475, z 250.469

Track #25, length 5
 53504445 (1554) module 51, x -8.7575, y  -0.73, z 751.531
 51407302 (1487) module 49, x -8.2625, y -0.7025, z 706.531
 49309903 (1415) module 47, x -7.7675, y -0.6475, z 661.531
 47212504 (1343) module 45, x -7.2725, y -0.5925, z 616.531
 45114864 (1272) module 43, x -5.9525, y -0.4825, z 497.982

Track #26, length 5
 53486788 (1555) module 51, x -8.3725, y  3.065, z 751.531
 51390412 (1488) module 49, x -7.9325, y    2.9, z 706.531
 49294036 (1416) module 47, x -7.4925, y  2.735, z 661.531
 47197659 (1344) module 45, x -7.1075, y   2.57, z 616.531
 45102576 (1271) module 43, x -5.9525, y 2.1575, z 497.982

Track #27, length 5
 53511886 (1556) module 51, x -7.8225, y -2.2975, z 751.531
 51414231 (1489) module 49, x -7.3275, y -2.1875, z 706.531
 49316318 (1417) module 47, x -6.90583, y -2.04083, z 661.531
 47218664 (1345) module 45, x -6.3925, y -1.9125, z 616.531
 45119742 (1274) module 43, x -5.14125, y -1.56875, z 497.982

Track #28, length 4
 53527258 (1557) module 51, x -7.1625, y -5.5975, z 751.531
 51428578 (1490) module 49, x -6.7225, y -5.2675, z 706.531
 49329642 (1418) module 47, x -6.2825, y  -4.91, z 661.531
 47230962 (1346) module 45, x -5.8425, y -4.5525, z 616.531

Track #29, length 7
 54150018 (1559) module 51, x -5.2675, y 12.0025, z 750.469
 52054414 (1492) module 49, x -4.9375, y 11.315, z 705.469
 49958555 (1420) module 47, x -4.6625, y 10.6275, z 660.469
 47862951 (1347) module 45, x -4.3325, y 9.9675, z 615.469
 45769416 (1275) module 43, x -3.5625, y 8.1525, z 496.921
 43675362 (1208) module 41, x -2.9025, y 6.7225, z 401.411
 41580535 (1142) module 39, x -2.4075, y 5.5675, z 324.463

Track #30, length 7
 54152280 (1560) module 51, x -4.73583, y 14.2758, z 750.469
 52056681 (1493) module 49, x -4.4425, y 13.3775, z 705.469
 49961081 (1421) module 47, x -4.1125, y  12.47, z 660.469
 47865226 (1348) module 45, x -3.8375, y 11.5625, z 615.469
 45771957 (1276) module 43, x -3.0125, y 9.1975, z 496.921
 43677657 (1209) module 41, x -2.4075, y 7.2175, z 401.411
 41583093 (1143) module 39, x -1.8575, y 5.6775, z 324.463

Track #31, length 5
 54163399 (1563) module 51, x -2.4075, y 8.2075, z 750.469
 52066767 (1494) module 49, x -2.2975, y   7.74, z 705.469
 49970392 (1422) module 47, x -2.1325, y 7.2725, z 660.469
 47873760 (1349) module 45, x -2.0225, y 6.8325, z 615.469
 45778422 (1277) module 43, x -1.6375, y  5.595, z 496.921

Track #32, length 4
 54171361 (1565) module 51, x -0.702499, y   6.75, z 750.469
 52074472 (1495) module 49, x -0.647499, y  6.365, z 705.469
 49977327 (1423) module 47, x -0.619999, y 6.0075, z 660.469
 47880438 (1350) module 45, x -0.592499, y 5.6225, z 615.469

Track #33, length 7
 54177917 (1566) module 51, x 0.727501, y 12.2775, z 750.469
 52080522 (1496) module 49, x 0.672501, y 11.5625, z 705.469
 49983126 (1424) module 47, x 0.6175, y 10.9025, z 660.469
 47885730 (1351) module 45, x 0.5625, y 10.215, z 615.469
 45787843 (1278) module 43, x 0.397499, y 8.4275, z 496.921
 43690205 (1210) module 41, x 0.287498, y 6.9975, z 401.411
 41592562 (1144) module 39, x 0.204998, y 5.8425, z 324.463

Track #34, length 5
 54180801 (1567) module 51, x 1.3325, y 8.5375, z 750.469
 52083403 (1497) module 49, x 1.2775, y 7.9875, z 705.469
 49986005 (1425) module 47, x 1.2225, y 7.4375, z 660.469
 47888607 (1352) module 45, x 1.1675, y 6.8875, z 615.469
 45790713 (1279) module 43, x 1.0025, y 5.4575, z 496.921

Track #35, length 4
 54184673 (1568) module 51, x 2.1575, y   6.75, z 750.469
 52087017 (1498) module 49, x 2.0475, y 6.3375, z 705.469
 49989105 (1426) module 47, x 1.8825, y 5.8975, z 660.469
 47891449 (1353) module 45, x 1.7725, y 5.4575, z 615.469

Track #36, length 4
 53145317 (1499) module 50, x -4.1375, y -6.5575, z 738.469
 51047147 (1427) module 48, x -3.9175, y -6.2275, z 693.469
 48948977 (1354) module 46, x -3.6975, y  -5.87, z 648.469
 46850808 (1281) module 44, x -3.4775, y -5.5125, z 603.469

Track #37, length 4
 53136870 (1500) module 50, x -2.3225, y -6.475, z 738.469
 51039214 (1428) module 48, x -2.2125, y -6.0625, z 693.469
 48941301 (1355) module 46, x -2.0475, y  -5.65, z 648.469
 46843389 (1282) module 44, x -1.8825, y -5.2375, z 603.469

Track #38, length 4
 53101776 (1501) module 50, x 5.2125, y -7.685, z 738.469
 51006169 (1429) module 48, x 4.8825, y  -7.19, z 693.469
 48910562 (1356) module 46, x 4.5525, y -6.7225, z 648.469
 46814955 (1283) module 44, x  4.195, y -6.2275, z 603.469

Track #39, length 4
 52440033 (1506) module 50, x 6.7775, y -2.7075, z 739.531
 50343657 (1434) module 48, x 6.3375, y -2.515, z 694.531
 48247537 (1358) module 46, x 5.8975, y -2.3225, z 649.531
 46151161 (1284) module 44, x 5.4575, y -2.1575, z 604.531

Track #40, length 6
 52501929 (1507) module 50, x 9.8575, y 10.7125, z 739.531
 50401461 (1435) module 48, x 9.1975, y 9.9975, z 694.531
 48300993 (1360) module 46, x 8.5375, y 9.2825, z 649.531
 46201036 (1285) module 44, x 7.9325, y  8.595, z 604.531
 44095467 (1215) module 42, x 6.2275, y 6.7525, z 485.982
 43712505 (1211) module 41, x 5.0725, y 5.4575, z 401.411

Track #41, length 6
 52469400 (1508) module 50, x 10.7925, y  3.645, z 739.531
 50371237 (1436) module 48, x 10.0775, y 3.3975, z 694.531
 48273073 (1361) module 46, x   9.39, y 3.1775, z 649.531
 46174654 (1286) module 44, x 8.7025, y 2.9025, z 604.531
 44074719 (1216) module 42, x   6.86, y 2.2975, z 485.982
 41975290 (1149) module 40, x 5.4025, y 1.8025, z 390.473

Track #42, length 6
 52469128 (1509) module 50, x 11.6725, y 3.5625, z 739.531
 50370964 (1438) module 48, x 10.985, y 3.3425, z 694.531
 48272801 (1364) module 46, x 10.2975, y 3.1225, z 649.531
 46174638 (1289) module 44, x 9.5825, y 2.9025, z 604.531
 44074960 (1218) module 42, x 7.7125, y 2.3525, z 485.982
 41975787 (1151) module 40, x 6.2275, y 1.9125, z 390.473

Track #43, length 6
 52497288 (1510) module 50, x 11.6725, y 9.7225, z 739.531
 50397333 (1437) module 48, x 10.9575, y   9.09, z 694.531
 48297635 (1363) module 46, x 10.1875, y 8.4575, z 649.531
 46197424 (1288) module 44, x  9.445, y 7.7975, z 604.531
 44092628 (1217) module 42, x  7.465, y 6.1475, z 485.982
 41989106 (1150) module 40, x 5.8425, y 4.7725, z 390.473

Track #44, length 4
 52437883 (1511) module 50, x 12.3875, y -3.1475, z 739.531
 50340999 (1439) module 48, x 11.7275, y -3.0925, z 694.531
 48244370 (1366) module 46, x 11.1225, y -2.9825, z 649.531
 46147485 (1291) module 44, x 10.5175, y   -2.9, z 604.531

Track #45, length 6
 52436346 (1512) module 50, x 12.4425, y  -3.45, z 739.531
 50340229 (1441) module 48, x  11.81, y -3.2575, z 694.531
 48243857 (1367) module 46, x 11.1775, y -3.0925, z 649.531
 46147485 (1291) module 44, x 10.5175, y   -2.9, z 604.531
 41960155 (1154) module 40, x 7.1075, y -1.4425, z 390.473
 39865328 (1082) module 38, x  5.925, y -0.9475, z 313.525

Track #46, length 7
 52442232 (1513) module 50, x 12.5525, y -2.185, z 739.531
 50346630 (1440) module 48, x 11.7825, y -1.8825, z 694.531
 48250771 (1365) module 46, x 11.0675, y  -1.58, z 649.531
 46155169 (1290) module 44, x 10.2975, y -1.2775, z 604.531
 44061124 (1220) module 42, x 8.3725, y -0.6175, z 485.982
 41966561 (1153) module 40, x 6.7775, y -0.0675001, z 390.473
 39871480 (1081) module 38, x 5.5125, y 0.3725, z 313.525

Track #47, length 6
 52523886 (1514) module 50, x 13.1025, y 15.4425, z 739.531
 50422142 (1442) module 48, x 12.2225, y 14.4525, z 694.531
 48320141 (1368) module 46, x 11.3975, y 13.4075, z 649.531
 46218397 (1292) module 44, x 10.5175, y 12.4175, z 604.531
 44108997 (1219) module 42, x 8.3175, y 9.7775, z 485.982
 42002406 (1152) module 40, x 6.5025, y 7.6325, z 390.473

Track #48, length 7
 52442727 (1515) module 50, x  13.46, y -2.1025, z 739.531
 50346103 (1443) module 48, x 12.6075, y -1.9925, z 694.531
 48249478 (1369) module 46, x 11.7825, y -1.8825, z 649.531
 46152853 (1293) module 44, x 10.9575, y -1.7725, z 604.531
 44057275 (1221) module 42, x   8.84, y -1.4425, z 485.982
 41961433 (1155) module 40, x 7.2175, y -1.1675, z 390.473
 39865328 (1082) module 38, x  5.925, y -0.9475, z 313.525

Track #49, length 8
 52448353 (1516) module 50, x 13.8175, y -0.8925, z 739.531
 50351471 (1444) module 48, x 13.0475, y -0.8375, z 694.531
 48254589 (1370) module 46, x  12.25, y -0.7825, z 649.531
 46157708 (1295) module 44, x 11.4525, y -0.7275, z 604.531
 44061362 (1223) module 42, x 9.3625, y -0.5625, z 485.982
 41964753 (1156) module 40, x 7.6575, y -0.4525, z 390.473
 39868137 (1084) module 38, x   6.31, y -0.3425, z 313.525
 37771261 (1020) module 36, x 5.2375, y -0.2875, z 251.531

Track #50, length 7
 52439130 (1517) module 50, x 14.2025, y -2.8725, z 739.531
 50342763 (1445) module 48, x 13.2675, y -2.7075, z 694.531
 48246651 (1371) module 46, x 12.3875, y -2.4875, z 649.531
 46150284 (1294) module 44, x 11.4525, y -2.3225, z 604.531
 44055223 (1222) module 42, x 9.0875, y -1.855, z 485.982
 41960155 (1154) module 40, x 7.1075, y -1.4425, z 390.473
 39864312 (1080) module 38, x 5.5125, y  -1.14, z 313.525

Track #51, length 8
 52561224 (1518) module 50, x 15.1558, y 23.6192, z 739.531
 50456922 (1446) module 48, x 14.2025, y 21.9325, z 694.531
 48351851 (1372) module 46, x 13.2675, y 20.2275, z 649.531
 46246781 (1296) module 44, x 12.2775, y  18.55, z 604.531
 44129194 (1224) module 42, x 9.8025, y  14.15, z 485.982
 42015949 (1157) module 40, x   7.85, y 10.6575, z 390.473
 39906283 (1083) module 38, x 6.2275, y   7.88, z 313.525
 37419007 (1013) module 35, x   4.66, y 5.1275, z 237.469

Track #52, length 7
 52479776 (1519) module 50, x 17.3925, y 5.8725, z 739.531
 50380853 (1447) module 48, x 16.2375, y 5.4875, z 694.531
 48281929 (1373) module 46, x  15.11, y 5.1025, z 649.531
 46183006 (1297) module 44, x 13.9825, y  4.745, z 604.531
 44081300 (1226) module 42, x 10.985, y 3.7275, z 485.982
 41980608 (1158) module 40, x  8.565, y 2.9575, z 390.473
 39880420 (1085) module 38, x 6.6125, y 2.2975, z 313.525

Track #53, length 10
 52525838 (1520) module 50, x 18.3825, y  15.91, z 739.531
 50424354 (1448) module 48, x 17.255, y 14.9475, z 694.531
 48322615 (1375) module 46, x 16.1275, y 13.985, z 649.531
 46221131 (1299) module 44, x 15.0275, y 13.0225, z 604.531
 44112000 (1228) module 42, x 12.1125, y 10.465, z 485.982
 42005931 (1161) module 40, x 9.7475, y 8.4025, z 390.473
 39901134 (1089) module 38, x 7.8225, y 6.7525, z 313.525
 37797865 (1026) module 36, x 6.3375, y 5.4325, z 251.531
 35698420 (963) module 34, x 5.7325, y 4.9375, z 226.531
 33598719 (902) module 32, x 5.1275, y 4.3875, z 201.531

Track #54, length 8
 52483340 (1521) module 50, x 18.4925, y 6.6425, z 739.531
 50384162 (1449) module 48, x 17.2825, y 6.2025, z 694.531
 48284984 (1374) module 46, x 16.0725, y 5.7625, z 649.531
 46185806 (1298) module 44, x 14.8625, y 5.3225, z 604.531
 44083336 (1227) module 42, x 11.6725, y  4.195, z 485.982
 41982135 (1160) module 40, x 9.0875, y 3.2875, z 390.473
 39881692 (1086) module 38, x  7.025, y 2.5725, z 313.525
 37781755 (1021) module 36, x 5.3475, y 1.9675, z 251.531

Track #55, length 9
 52817392 (1522) module 50, x 19.9225, y 11.1075, z 738.469
 50403081 (1450) module 48, x 18.6575, y  10.41, z 694.531
 48302624 (1376) module 46, x 17.3925, y 9.6675, z 649.531
 46202679 (1300) module 44, x   16.1, y   8.98, z 604.531
 44096629 (1229) module 42, x 12.7175, y 7.0275, z 485.982
 41992359 (1162) module 40, x 9.9675, y 5.4875, z 390.473
 39889615 (1088) module 38, x 7.7675, y 4.2775, z 313.525
 37787887 (1023) module 36, x 6.0075, y 3.2875, z 251.531
 35688956 (960) module 34, x  5.265, y 2.9025, z 226.531

Track #56, length 11
 52881857 (1523) module 50, x 22.5075, y -2.8625, z 738.469
 50783962 (1451) module 48, x 21.1325, y -2.6975, z 693.469
 48685810 (1378) module 46, x 19.785, y -2.4775, z 648.469
 46150157 (1305) module 44, x 18.4375, y -2.3225, z 604.531
 44055374 (1232) module 42, x 14.835, y -1.8275, z 485.982
 41960067 (1165) module 40, x 11.9475, y -1.4425, z 390.473
 39864237 (1092) module 38, x   9.61, y -1.1675, z 313.525
 37768143 (1027) module 36, x   7.74, y -0.9475, z 251.531
 35671517 (964) module 34, x 6.9975, y -0.8375, z 226.531
 33574635 (903) module 32, x 6.2275, y -0.755, z 201.531
 31478009 (843) module 30, x 5.4575, y -0.6725, z 176.531

Track #57, length 6
 52817066 (1524) module 50, x 23.745, y 11.1625, z 738.469
 50723270 (1452) module 48, x 22.2325, y 10.4475, z 693.469
 48628706 (1379) module 46, x 20.6925, y   9.76, z 648.469
 46534910 (1306) module 44, x 19.1525, y  9.045, z 603.469
 44097096 (1233) module 42, x 15.1925, y 7.1375, z 485.982
 41992579 (1166) module 40, x 11.9475, y   5.57, z 390.473

Track #58, length 6
 52817318 (1525) module 50, x 23.965, y 11.1075, z 738.469
 50723523 (1453) module 48, x 22.3975, y 10.365, z 693.469
 48629471 (1380) module 46, x 20.8575, y 9.6225, z 648.469
 46535675 (1307) module 44, x  19.29, y 8.9075, z 603.469
 44096583 (1234) module 42, x 15.2475, y 7.0275, z 485.982
 41992579 (1166) module 40, x 11.9475, y   5.57, z 390.473

Track #59, length 13
 52966305 (1526) module 50, x   34.5, y -10.2975, z 738.469
 50878892 (1456) module 48, x  32.41, y -9.6925, z 693.469
 48791479 (1383) module 46, x 30.3292, y -9.05083, z 648.469
 46704067 (1310) module 44, x 28.2575, y -8.4275, z 603.469
 44632033 (1237) module 42, x 22.7575, y -6.7775, z 484.921
 42555641 (1169) module 40, x 18.3025, y -5.4575, z 389.411
 39849039 (1096) module 38, x 14.8075, y -4.4125, z 313.525
 37756036 (1031) module 36, x 11.8925, y -3.5325, z 251.531
 35660441 (968) module 34, x 10.7375, y -3.2025, z 226.531
 33564846 (908) module 32, x 9.5825, y -2.845, z 201.531
 31469507 (848) module 30, x 8.4275, y -2.4875, z 176.531
 29373912 (786) module 28, x 7.2725, y -2.1575, z 151.531
 27278317 (724) module 26, x 6.1175, y -1.8275, z 126.531

Track #60, length 4
 51750403 (1457) module 49, x -32.9575, y -15.0125, z 705.469
 49648238 (1386) module 47, x -27.0725, y -16.085, z 660.469
 47546329 (1315) module 45, x -21.16, y -17.1575, z 615.469
 45205488 (1273) module 43, x -5.925, y -20.0625, z 497.982

Track #61, length 12
 51249443 (1454) module 48, x 23.3625, y -31.17, z 694.531
 49145673 (1381) module 46, x 21.8225, y -29.1075, z 649.531
 47041646 (1308) module 44, x 20.3375, y -27.0725, z 604.531
 44925904 (1235) module 42, x 16.3225, y -21.6825, z 485.982
 42579745 (1167) module 40, x 13.0775, y -17.3375, z 389.411
 40494687 (1093) module 38, x 10.4925, y  -13.9, z 312.463
 38406546 (1028) module 36, x   8.43, y -11.1225, z 250.469
 36313510 (965) module 34, x 7.5775, y -9.995, z 225.469
 34220219 (904) module 32, x 6.7525, y -8.8675, z 200.469
 32126670 (844) module 30, x  5.955, y -7.795, z 175.469
 30033378 (782) module 28, x 5.1575, y -6.7225, z 150.469
 27940086 (721) module 26, x 4.3325, y -5.6225, z 125.469

Track #62, length 7
 48240145 (1377) module 46, x  18.19, y -3.8625, z 649.531
 46144298 (1302) module 44, x 16.8425, y -3.5875, z 604.531
 44050539 (1231) module 42, x 13.2675, y -2.8725, z 485.982
 41956255 (1164) module 40, x  10.38, y -2.2675, z 390.473
 39861193 (1091) module 38, x 8.0975, y   -1.8, z 313.525
 37766123 (1025) module 36, x 6.2275, y -1.3875, z 251.531
 35669496 (961) module 34, x 5.49417, y -1.24083, z 226.531

Track #63, length 14
 48502390 (1382) module 46, x 26.6325, y 37.1225, z 648.469
 46416278 (1309) module 44, x 24.8725, y 34.7575, z 603.469
 44348393 (1236) module 42, x 20.3075, y 28.4875, z 484.921
 42074926 (1168) module 40, x 16.6225, y 23.4725, z 390.473
 39959140 (1095) module 38, x 13.625, y 19.375, z 313.525
 37846672 (1030) module 36, x 11.2325, y 16.0475, z 251.531
 35743394 (967) module 34, x 10.2425, y 14.7275, z 226.531
 33640115 (907) module 32, x 9.3075, y 13.4075, z 201.531
 31536581 (847) module 30, x 8.3175, y 12.0325, z 176.531
 29433046 (787) module 28, x 7.3825, y 10.685, z 151.531
 27329767 (726) module 26, x   6.42, y 9.3375, z 126.531
 25226489 (669) module 24, x 5.4575, y  7.935, z 101.531
 24837338 (660) module 23, x 4.9075, y 7.1625, z 87.469
 22735859 (605) module 21, x 3.9725, y 5.7875, z 62.469

Track #64, length 10
 48102162 (1314) module 45, x -22.9225, y 32.1325, z 616.531
 45982858 (1245) module 43, x -18.1375, y 25.505, z 497.982
 43867884 (1184) module 41, x -14.315, y 20.1425, z 402.473
 41539902 (1120) module 39, x -11.2075, y 15.7425, z 324.463
 39453821 (1063) module 37, x -8.7325, y 12.2775, z 262.469
 37361302 (1001) module 35, x -7.7425, y 10.875, z 237.469
 35268784 (942) module 33, x -6.7525, y 9.4725, z 212.469
 33176266 (886) module 31, x -5.7625, y 8.0425, z 187.469
 31083748 (827) module 29, x -4.7725, y 6.6125, z 162.469
 28991229 (769) module 27, x -3.76417, y 5.20083, z 137.469

Track #65, length 9
 48062756 (1322) module 45, x -14.4525, y 31.1425, z 616.531
 45951897 (1250) module 43, x -11.4825, y 24.7075, z 497.982
 43843832 (1191) module 41, x  -9.09, y 19.4825, z 402.473
 41558599 (1129) module 39, x -7.0825, y 15.2475, z 324.463
 39468932 (1071) module 37, x -5.4875, y 11.8925, z 262.469
 37374621 (1009) module 35, x -4.855, y 10.5175, z 237.469
 35280566 (946) module 33, x -4.2225, y 9.1425, z 212.469
 33186254 (888) module 31, x -3.6175, y  7.795, z 187.469
 31092199 (830) module 29, x -2.9575, y 6.4475, z 162.469

Track #66, length 9
 48761027 (1384) module 46, x 36.8925, y -8.4275, z 648.469
 46676686 (1311) module 44, x 34.1425, y -7.8225, z 603.469
 44613099 (1238) module 42, x  26.91, y -6.2275, z 484.921
 39851569 (1097) module 38, x 16.4575, y -3.8625, z 313.525
 37758325 (1032) module 36, x 12.6808, y -3.01917, z 251.531
 35662993 (969) module 34, x  11.15, y -2.6525, z 226.531
 33567405 (909) module 32, x 9.6375, y -2.3225, z 201.531
 31471817 (846) module 30, x 8.0975, y -1.9925, z 176.531
 29376484 (783) module 28, x  6.585, y -1.6075, z 151.531

Track #67, length 10
 46321456 (1301) module 44, x 16.485, y 34.6925, z 604.531
 44190574 (1230) module 42, x 13.1025, y  27.46, z 485.982
 42067106 (1163) module 40, x 10.215, y 21.6575, z 390.473
 39947469 (1090) module 38, x 7.8775, y 16.8175, z 313.525
 37831920 (1022) module 36, x 5.9525, y 12.8575, z 251.531
 35727357 (959) module 34, x   5.21, y 11.2625, z 226.531
 35322527 (950) module 33, x  4.825, y 10.4075, z 212.469
 33222076 (892) module 31, x   4.11, y 8.8125, z 187.469
 31121624 (833) module 29, x 3.3675, y  7.245, z 162.469
 29021173 (774) module 27, x   2.68, y 5.6775, z 137.469

Track #68, length 9
 46043312 (1241) module 43, x -31.2275, y 23.415, z 497.982
 43575310 (1180) module 41, x -24.545, y 18.3825, z 401.411
 41502806 (1117) module 39, x -19.1825, y 14.395, z 324.463
 39425681 (1059) module 37, x -14.8925, y 11.1775, z 262.469
 37336488 (997) module 35, x -13.16, y 9.9125, z 237.469
 35247552 (938) module 33, x -11.4275, y 8.5925, z 212.469
 33158359 (879) module 31, x -9.7225, y 7.3275, z 187.469
 31068654 (822) module 29, x -7.99917, y 6.02583, z 162.469
 28313064 (766) module 27, x -6.3925, y 4.7975, z 138.531

Track #69, length 11
 45987854 (1244) module 43, x -19.265, y 32.3525, z 497.982
 43873918 (1183) module 41, x -15.6075, y 26.1925, z 402.473
 41763288 (1119) module 39, x -12.6925, y 21.2425, z 325.525
 39447076 (1062) module 37, x -10.245, y 17.1725, z 262.469
 37354561 (1000) module 35, x -9.2825, y 15.5775, z 237.469
 35261534 (941) module 33, x -8.2925, y 13.955, z 212.469
 33169020 (882) module 31, x -7.3025, y 12.3325, z 187.469
 31076249 (825) module 29, x  -6.34, y 10.7375, z 162.469
 28983734 (768) module 27, x -5.3775, y 9.1425, z 137.469
 26890963 (711) module 25, x -4.4425, y   7.52, z 112.469
 24798448 (656) module 23, x -3.4525, y  5.925, z 87.469

Track #70, length 10
 44873805 (1214) module 42, x 5.0475, y -28.8875, z 485.982
 42772402 (1148) module 40, x 4.1125, y -23.3325, z 390.473
 40527624 (1079) module 38, x 3.2875, y -18.7125, z 312.463
 38433611 (1019) module 36, x 2.6275, y -15.0275, z 250.469
 36337766 (957) module 34, x 2.3525, y -13.5425, z 225.469
 34241665 (899) module 32, x 2.1325, y -12.0575, z 200.469
 32145820 (840) module 30, x 1.8575, y -10.5725, z 175.469
 30049719 (779) module 28, x 1.6375, y -9.0875, z 150.469
 27953873 (718) module 26, x 1.3625, y  -7.63, z 125.469
 25857772 (665) module 24, x  1.115, y -6.1725, z 100.469

Track #71, length 12
 44900622 (1225) module 42, x 10.9325, y -32.3525, z 485.982
 42794872 (1159) module 40, x   8.98, y -26.495, z 390.473
 40690382 (1087) module 38, x 7.3575, y -21.765, z 313.525
 38417687 (1024) module 36, x 6.0375, y -17.8875, z 250.469
 36322867 (962) module 34, x 5.5425, y -16.3475, z 225.469
 34228047 (901) module 32, x   5.02, y -14.8075, z 200.469
 32133483 (842) module 30, x 4.4975, y -13.2675, z 175.469
 30038663 (781) module 28, x 4.0025, y -11.7275, z 150.469
 27944099 (720) module 26, x 3.4525, y -10.1875, z 125.469
 25849278 (667) module 24, x 2.9575, y -8.675, z 100.469
 23754714 (610) module 22, x 2.4075, y -7.135, z 75.469
 21659894 (559) module 20, x 1.9125, y -5.595, z 50.469

Track #72, length 10
 44459103 (1239) module 42, x 27.8975, y 4.4525, z 484.921
 42365889 (1171) module 40, x 22.5075, y    3.6, z 389.411
 39883025 (1099) module 38, x 18.2175, y 2.9025, z 313.525
 37783377 (1034) module 36, x 14.6975, y 2.3525, z 251.531
 35685227 (971) module 34, x 13.2675, y 2.1325, z 226.531
 33587077 (911) module 32, x 11.8375, y 1.9125, z 201.531
 31488927 (851) module 30, x 10.4075, y 1.6925, z 176.531
 29390521 (791) module 28, x 8.9775, y  1.445, z 151.531
 27292371 (729) module 26, x 7.5475, y 1.1975, z 126.531
 25194221 (671) module 24, x 6.1175, y 0.9775, z 101.531

Track #73, length 9
 44356954 (1240) module 42, x 28.1725, y 26.6175, z 484.921
 42286538 (1170) module 40, x 22.0125, y 20.7875, z 389.411
 39944228 (1098) module 38, x 17.1725, y 16.185, z 313.525
 37829739 (1033) module 36, x  13.24, y 12.4175, z 251.531
 35725448 (970) module 34, x 11.6725, y 10.905, z 226.531
 33621413 (910) module 32, x 10.0775, y 9.3925, z 201.531
 31517890 (849) module 30, x 8.4825, y 7.9075, z 176.531
 29413599 (784) module 28, x 6.8875, y  6.395, z 151.531
 27309563 (722) module 26, x   5.32, y 4.8825, z 126.531

Track #74, length 9
 43962587 (1177) module 41, x -34.7475, y 21.0775, z 402.473
 41466161 (1112) module 39, x -27.13, y 16.4575, z 324.463
 39396467 (1052) module 37, x -21.135, y   12.8, z 262.469
 37310606 (992) module 35, x -18.715, y 11.3425, z 237.469
 35224745 (933) module 33, x -16.295, y 9.8575, z 212.469
 33138884 (874) module 31, x -13.9025, y 8.3725, z 187.469
 31053023 (817) module 29, x -11.4825, y 6.8875, z 162.469
 28966906 (761) module 27, x  -9.09, y 5.4025, z 137.469
 26219489 (707) module 25, x -6.7775, y 4.0275, z 113.531

Track #75, length 12
 43384893 (1178) module 41, x -29.7675, y  -9.98, z 401.411
 41296026 (1114) module 39, x -24.6525, y -8.165, z 324.463
 39206117 (1054) module 37, x  -20.5, y -6.6525, z 262.469
 36751876 (991) module 35, x -18.9325, y -6.065, z 238.531
 34651938 (932) module 33, x -17.2458, y -5.46917, z 213.531
 32552257 (873) module 31, x -15.5775, y -4.8825, z 188.531
 30452319 (813) module 29, x -13.9275, y -4.2775, z 163.531
 28352381 (755) module 27, x -12.2775, y   -3.7, z 138.531
 26252699 (699) module 25, x -10.6275, y -3.1225, z 113.531
 24153018 (641) module 23, x -8.9225, y -2.5725, z 88.531
 22053593 (590) module 21, x -7.2175, y -2.0775, z 63.531
 19954169 (545) module 19, x -5.4575, y -1.5825, z 38.531

Track #76, length 9
 43340647 (1179) module 41, x -27.43, y -19.5775, z 401.411
 41263058 (1115) module 39, x -21.5542, y -15.3608, z 324.463
 38876457 (1057) module 37, x -16.8975, y -12.0325, z 263.531
 36772940 (996) module 35, x -14.9725, y -10.6575, z 238.531
 34669423 (937) module 33, x -13.0475, y -9.2825, z 213.531
 32566418 (878) module 31, x -11.1225, y -7.935, z 188.531
 30463157 (820) module 29, x -9.1975, y -6.5875, z 163.531
 28359640 (764) module 27, x -7.2725, y -5.2125, z 138.531
 26256123 (710) module 25, x -5.3475, y -3.865, z 113.531

Track #77, length 4
 43914953 (1181) module 41, x -24.5175, y  22.04, z 402.473
 41498132 (1116) module 39, x -20.1725, y 18.0525, z 324.463
 39417168 (1058) module 37, x -16.7075, y 14.7525, z 262.469
 37326184 (995) module 35, x -15.3508, y 13.4142, z 237.469

Track #78, length 10
 43848550 (1187) module 41, x -10.19, y 27.5125, z 402.473
 41743045 (1123) module 39, x -8.2375, y 22.2875, z 325.525
 39463189 (1065) module 37, x  -6.67, y 17.9975, z 262.469
 37369139 (1004) module 35, x -6.0375, y  16.32, z 237.469
 35274834 (945) module 33, x -5.4325, y 14.6425, z 212.469
 33180785 (887) module 31, x -4.7725, y 12.9375, z 187.469
 31086479 (828) module 29, x -4.1675, y  11.26, z 162.469
 28992174 (770) module 27, x -3.5625, y 9.5825, z 137.469
 26897869 (712) module 25, x  -2.93, y 7.8775, z 112.469
 24803819 (658) module 23, x -2.2975, y 6.2275, z 87.469

Track #79, length 8
 42874209 (1172) module 40, x 26.2225, y -27.7875, z 390.473
 40750289 (1100) module 38, x 20.365, y -21.6275, z 313.525
 38373678 (1035) module 36, x 15.6075, y -16.595, z 250.469
 36285266 (972) module 34, x 13.7375, y -14.615, z 225.469
 34196855 (912) module 32, x 11.8675, y -12.6075, z 200.469
 32108443 (850) module 30, x 9.9975, y -10.6275, z 175.469
 30019519 (788) module 28, x 8.10917, y -8.61083, z 150.469
 27931364 (725) module 26, x 6.2025, y -6.6125, z 125.469

Track #80, length 8
 42306150 (1173) module 40, x 27.5125, y 16.5525, z 389.411
 40226773 (1101) module 38, x 21.4075, y 12.7575, z 312.463
 37817135 (1036) module 36, x 16.5675, y 9.7225, z 251.531
 35714644 (973) module 34, x 14.5325, y  8.485, z 226.531
 33612152 (913) module 32, x 12.5525, y 7.3025, z 201.531
 31509660 (852) module 30, x 10.5725, y 6.1475, z 176.531
 29406656 (789) module 28, x 8.5925, y   4.91, z 151.531
 27304164 (727) module 26, x  6.585, y 3.7275, z 126.531

Track #81, length 8
 42378072 (1174) module 40, x 28.2825, y 0.987499, z 389.411
 40282058 (1102) module 38, x 22.0125, y 0.740002, z 312.463
 37774886 (1037) module 36, x 17.035, y 0.5375, z 251.531
 35677515 (974) module 34, x     15, y 0.4825, z 226.531
 33580144 (914) module 32, x 12.965, y 0.4275, z 201.531
 31482518 (853) module 30, x 10.9025, y 0.3175, z 176.531
 29385147 (790) module 28, x 8.8675, y 0.2625, z 151.531
 27287520 (728) module 26, x 6.8325, y   0.18, z 126.531

Track #82, length 10
 42367264 (1175) module 40, x 31.3625, y 3.2975, z 389.411
 40273295 (1103) module 38, x 25.2575, y 2.6375, z 312.463
 38178793 (1038) module 36, x 20.3075, y 2.0875, z 250.469
 35683853 (975) module 34, x  18.41, y  1.885, z 226.531
 33585969 (916) module 32, x  16.43, y 1.6925, z 201.531
 31487830 (855) module 30, x 14.4225, y 1.4725, z 176.531
 29389690 (794) module 28, x 12.4425, y 1.2525, z 151.531
 27291550 (732) module 26, x 10.4625, y 1.0325, z 126.531
 25193410 (674) module 24, x 8.4825, y 0.8125, z 101.531
 23095526 (614) module 22, x 6.5025, y 0.6475, z 76.531

Track #83, length 9
 41282068 (1108) module 39, x -32.0225, y -11.2725, z 324.463
 39196052 (1049) module 37, x -24.955, y -8.7975, z 262.469
 37103560 (989) module 35, x -22.1225, y -7.8075, z 237.469
 35011068 (931) module 33, x -19.2625, y -6.8175, z 212.469
 32556847 (872) module 31, x -16.54, y -5.8725, z 188.531
 30455139 (814) module 29, x -13.68, y -4.8825, z 163.531
 28353175 (757) module 27, x -10.8292, y -3.85583, z 138.531
 26251467 (705) module 25, x -7.9875, y -2.8475, z 113.531
 24149759 (653) module 23, x -5.1275, y -1.8575, z 88.531

Track #84, length 8
 41271413 (1113) module 39, x -26.66, y -13.5825, z 324.463
 39187937 (1053) module 37, x -20.72, y -10.6675, z 262.469
 36767501 (993) module 35, x -18.4375, y -9.5025, z 238.531
 34665272 (934) module 33, x -16.0725, y -8.2925, z 213.531
 32562531 (875) module 31, x -13.68, y  -7.11, z 188.531
 30460047 (819) module 29, x -11.2875, y -5.9275, z 163.531
 28357306 (762) module 27, x -8.9225, y -4.7175, z 138.531
 26254309 (708) module 25, x -6.5575, y  -3.48, z 113.531

Track #85, length 9
 41724973 (1141) module 39, x -4.3875, y 30.6475, z 325.525
 39631243 (1073) module 37, x  -5.13, y 25.4775, z 263.531
 37535664 (1007) module 35, x -5.4325, y 23.415, z 238.531
 35439830 (944) module 33, x -5.74417, y 21.3342, z 213.531
 33344252 (885) module 31, x -6.0375, y 19.2625, z 188.531
 31076134 (824) module 29, x -6.3675, y 17.0625, z 162.469
 28977739 (765) module 27, x -6.6425, y     15, z 137.469
 26879089 (706) module 25, x -6.9725, y  12.91, z 112.469
 24780695 (646) module 23, x -7.2475, y 10.8475, z 87.469

Track #86, length 8
 41680927 (1145) module 39, x 5.0725, y  31.39, z 325.525
 39589020 (1076) module 37, x 3.9725, y 24.515, z 263.531
 37493967 (1012) module 35, x 3.5325, y 21.7375, z 238.531
 35314438 (949) module 33, x 3.0925, y 18.795, z 212.469
 33215289 (891) module 31, x 2.6525, y  15.99, z 187.469
 31116140 (832) module 29, x 2.2125, y 13.185, z 162.469
 29016991 (773) module 27, x 1.7725, y 10.4075, z 137.469
 26917585 (714) module 25, x  1.305, y   7.63, z 112.469

Track #87, length 11
 40715609 (1094) module 38, x 12.9125, y  -28.2, z 313.525
 38608051 (1029) module 36, x 10.6575, y -23.25, z 251.531
 36506584 (966) module 34, x   9.75, y -21.2425, z 226.531
 34210560 (905) module 32, x 8.7875, y -19.1525, z 200.469
 32117540 (845) module 30, x   7.88, y -17.1725, z 175.469
 30024776 (785) module 28, x 6.9725, y -15.1925, z 150.469
 27932012 (723) module 26, x 6.0375, y -13.2125, z 125.469
 25838992 (668) module 24, x 5.13917, y -11.1958, z 100.469
 23746229 (612) module 22, x 4.2225, y -9.1975, z 75.469
 21653209 (560) module 20, x  3.315, y -7.2175, z 50.469
 19560445 (514) module 18, x 2.4075, y -5.2375, z 25.469

Track #88, length 10
 40119817 (1106) module 38, x 32.6275, y 35.8025, z 312.463
 38055290 (1040) module 36, x 26.3758, y 28.7992, z 250.469
 35971497 (978) module 34, x 23.8275, y 25.9575, z 225.469
 33886935 (918) module 32, x  21.27, y 23.1525, z 200.469
 31575558 (857) module 30, x 18.8225, y 20.4475, z 176.531
 29465397 (795) module 28, x 16.2375, y 17.6425, z 151.531
 27355236 (733) module 26, x 13.6525, y 14.865, z 126.531
 25245074 (675) module 24, x 11.095, y 12.0325, z 101.531
 23134913 (616) module 22, x 8.5375, y 9.2275, z 76.531
 21025264 (563) module 20, x  5.925, y 6.4225, z 51.531

Track #89, length 14
 40379778 (1107) module 38, x 35.2975, y -12.0025, z 312.463
 38306466 (1041) module 36, x 30.1825, y -10.2425, z 250.469
 36219055 (979) module 34, x 28.0925, y -9.5275, z 225.469
 34131644 (920) module 32, x 25.975, y -8.8125, z 200.469
 32044489 (859) module 30, x 23.8575, y -8.0975, z 175.469
 29956566 (797) module 28, x  21.74, y -7.3825, z 150.469
 27869411 (737) module 26, x 19.6225, y -6.6675, z 125.469
 25781999 (680) module 24, x 17.505, y  -5.98, z 100.469
 23694844 (621) module 22, x 15.3875, y -5.2925, z 75.469
 20973672 (574) module 20, x 13.4325, y -4.6325, z 51.531
 18879629 (522) module 18, x 11.3975, y -3.945, z 26.531
 16785842 (470) module 16, x  9.335, y -3.2575, z  1.531
 14692056 (413) module 14, x 7.2725, y -2.5425, z -23.469
 12598269 (371) module 12, x 5.2375, y -1.8275, z -48.469

Track #90, length 8
 39776457 (1042) module 37, x -36.5075, y 22.0675, z 263.531
 37659894 (982) module 35, x -32.3458, y 19.5742, z 238.531
 35170600 (924) module 33, x -28.01, y 16.9525, z 212.469
 33092694 (865) module 31, x -23.885, y 14.4225, z 187.469
 31014531 (807) module 29, x -19.7142, y 11.9108, z 162.469
 28936625 (749) module 27, x -15.5708, y 9.39917, z 137.469
 26858975 (697) module 25, x -11.4275, y 6.8875, z 112.469
 24120276 (645) module 23, x -7.465, y 4.4675, z 88.531

Track #91, length 8
 39162399 (1043) module 37, x -31.4175, y -16.1125, z 262.469
 37073760 (984) module 35, x -27.815, y -14.2975, z 237.469
 34985121 (927) module 33, x -24.24, y -12.455, z 212.469
 32896738 (868) module 31, x -20.665, y -10.6125, z 187.469
 30473763 (809) module 29, x -17.2275, y -8.8975, z 163.531
 28367972 (752) module 27, x -13.625, y -7.0275, z 138.531
 26262437 (701) module 25, x -10.05, y -5.2125, z 113.531
 24156903 (648) module 23, x -6.4475, y -3.3975, z 88.531

Track #92, length 13
 39095079 (1044) module 37, x -30.9408, y -30.6692, z 262.469
 37007692 (983) module 35, x -28.915, y -28.5975, z 237.469
 34920049 (925) module 33, x -26.9075, y -26.5625, z 212.469
 32832406 (864) module 31, x -24.845, y -24.5275, z 187.469
 30744252 (803) module 29, x -22.7825, y -22.4925, z 162.469
 28656609 (745) module 27, x -20.72, y -20.4575, z 137.469
 26323463 (689) module 25, x -18.7492, y -18.4858, z 113.531
 24216877 (634) module 23, x -16.6775, y -16.46, z 88.531
 22110290 (586) module 21, x -14.6425, y -14.3975, z 63.531
 20003703 (539) module 19, x -12.6075, y -12.3625, z 38.531
 17897116 (495) module 17, x -10.545, y -10.3275, z 13.531
 15791042 (443) module 15, x -8.4825, y -8.2925, z -11.469
 13684456 (398) module 13, x -6.3925, y -6.2575, z -36.469

Track #93, length 8
 39352003 (1045) module 37, x -30.815, y 8.4275, z 262.469
 37271509 (985) module 35, x -27.2675, y 7.4375, z 237.469
 35190758 (928) module 33, x -23.7475, y  6.475, z 212.469
 33109496 (869) module 31, x -20.2275, y 5.5125, z 187.469
 30411049 (811) module 29, x -16.87, y 4.5775, z 163.531
 28318569 (753) module 27, x -13.35, y 3.5875, z 138.531
 26225833 (702) module 25, x  -9.83, y  2.625, z 113.531
 24133353 (650) module 23, x  -6.31, y 1.6625, z 88.531

Track #94, length 8
 39155017 (1046) module 37, x -29.1075, y -17.7075, z 262.469
 37067397 (986) module 35, x -25.78, y -15.6725, z 237.469
 34979522 (929) module 33, x -22.4525, y -13.6925, z 212.469
 32891902 (871) module 31, x -19.125, y -11.6575, z 187.469
 30477114 (812) module 29, x -15.935, y  -9.75, z 163.531
 28371319 (754) module 27, x -12.6075, y -7.7425, z 138.531
 26264755 (703) module 25, x  -9.28, y -5.7075, z 113.531
 24158448 (651) module 23, x -5.9525, y -3.7275, z 88.531

Track #95, length 9
 39226475 (1048) module 37, x -27.21, y -2.2525, z 262.469
 37130138 (988) module 35, x -24.6525, y -2.0875, z 237.469
 35034056 (930) module 33, x -22.095, y -1.8675, z 212.469
 32937718 (870) module 31, x -19.5558, y -1.66583, z 187.469
 30439205 (810) module 29, x -17.1175, y -1.4725, z 163.531
 28341075 (751) module 27, x -14.5875, y  -1.28, z 138.531
 26243201 (696) module 25, x -12.0575, y -1.0875, z 113.531
 24145071 (640) module 23, x   -9.5, y -0.8675, z 88.531
 22046941 (592) module 21, x  -6.97, y -0.6475, z 63.531

Track #96, length 11
 39666689 (1060) module 37, x -12.885, y 33.0675, z 263.531
 37564723 (998) module 35, x -11.8125, y 30.3175, z 238.531
 35462756 (939) module 33, x -10.7675, y 27.6225, z 213.531
 33360789 (880) module 31, x -9.7225, y   24.9, z 188.531
 31259335 (821) module 29, x -8.6775, y 22.1775, z 163.531
 29157112 (763) module 27, x -7.605, y 19.4825, z 138.531
 26881325 (709) module 25, x -6.4775, y  16.65, z 112.469
 24789087 (652) module 23, x -5.4325, y 13.9275, z 87.469
 22696848 (597) module 21, x -4.35083, y 11.2142, z 62.469
 20604866 (549) module 19, x -3.2875, y 8.4825, z 37.469
 18512627 (505) module 17, x -2.2425, y 5.7875, z 12.469

Track #97, length 8
 39624488 (1075) module 37, x -3.6725, y 30.9225, z 263.531
 37524328 (1011) module 35, x -3.0125, y 27.4025, z 238.531
 35424424 (948) module 33, x -2.4075, y 23.8825, z 213.531
 33324263 (890) module 31, x -1.7475, y 20.4175, z 188.531
 31100715 (831) module 29, x -1.0875, y  16.76, z 162.469
 29006699 (772) module 27, x -0.427502, y 13.2675, z 137.469
 26912683 (713) module 25, x 0.232498, y   9.72, z 112.469
 24818411 (659) module 23, x 0.837498, y 6.2275, z 87.469

Track #98, length 10
 38536776 (1015) module 36, x -4.7425, y -29.1625, z 251.531
 36441717 (952) module 34, x -4.3025, y -26.66, z 226.531
 34346402 (894) module 32, x -3.9175, y -24.185, z 201.531
 32251088 (834) module 30, x -3.5325, y -21.6825, z 176.531
 30071553 (776) module 28, x -3.0925, y -19.0975, z 150.469
 27972398 (715) module 26, x  -2.68, y -16.595, z 125.469
 25873500 (662) module 24, x -2.2675, y -14.0925, z 100.469
 23774601 (607) module 22, x -1.8825, y -11.6175, z 75.469
 21675446 (558) module 20, x -1.4425, y -9.115, z 50.469
 19576548 (512) module 18, x -1.0575, y -6.6125, z 25.469

Track #99, length 7
 38571071 (1018) module 36, x 2.6275, y -29.63, z 251.531
 36472447 (956) module 34, x 2.2975, y -26.1375, z 226.531
 34373823 (898) module 32, x 1.9675, y -22.6175, z 201.531
 32146691 (838) module 30, x 1.6375, y -18.96, z 175.469
 30050883 (778) module 28, x 1.3625, y -15.44, z 150.469
 27955076 (717) module 26, x   1.06, y -11.865, z 125.469
 25859525 (664) module 24, x 0.7575, y  -8.29, z 100.469

Track #100, length 7
 38106539 (1039) module 36, x  23.69, y 17.7075, z 250.469
 36019167 (977) module 34, x 20.8575, y 15.6175, z 225.469
 33640722 (917) module 32, x 18.135, y 13.5725, z 201.531
 31533638 (856) module 30, x 15.2842, y 11.4458, z 176.531
 29426810 (793) module 28, x 12.415, y 9.3375, z 151.531
 27320238 (731) module 26, x  9.555, y 7.1925, z 126.531
 25213155 (672) module 24, x 6.6675, y 5.0475, z 101.531

Track #101, length 7
 36460816 (955) module 34, x -0.1775, y -32.2425, z 226.531
 34363744 (897) module 32, x  -0.15, y -27.8425, z 201.531
 32266928 (837) module 30, x -0.1225, y -23.4425, z 176.531
 30057477 (777) module 28, x -0.0950012, y -18.85, z 150.469
 27960405 (716) module 26, x -0.0675011, y -14.45, z 125.469
 25863333 (663) module 24, x -0.0675011, y -10.05, z 100.469
 23766005 (608) module 22, x -0.0125008, y -5.6775, z 75.469

Track #102, length 7
 36482363 (958) module 34, x 4.4425, y -29.85, z 226.531
 34382469 (900) module 32, x 3.8375, y -25.78, z 201.531
 32282575 (841) module 30, x 3.2325, y -21.71, z 176.531
 30045214 (780) module 28, x 2.5725, y -17.475, z 150.469
 27950952 (719) module 26, x 1.9675, y -13.405, z 125.469
 25856690 (666) module 24, x 1.3625, y -9.335, z 100.469
 23762428 (609) module 22, x 0.7575, y -5.265, z 75.469

Track #103, length 9
 36042545 (980) module 34, x   30.4, y 10.5575, z 225.469
 33949541 (921) module 32, x 27.5675, y 9.5675, z 200.469
 31857049 (860) module 30, x 24.7075, y 8.5775, z 175.469
 29764557 (798) module 28, x 21.8475, y 7.5875, z 150.469
 27317505 (736) module 26, x 19.0975, y   6.67, z 126.531
 25215797 (678) module 24, x 16.2375, y   5.68, z 101.531
 23114344 (620) module 22, x 13.405, y 4.7175, z 76.531
 21012636 (570) module 20, x 10.545, y 3.7275, z 51.531
 18910672 (518) module 18, x 7.7125, y   2.71, z 26.531

Track #104, length 8
 36630320 (981) module 34, x 36.4525, y -30.455, z 226.531
 34514796 (922) module 32, x 32.5292, y -27.1458, z 201.531
 32399528 (861) module 30, x 28.5875, y -23.855, z 176.531
 30284004 (800) module 28, x 24.6275, y -20.555, z 151.531
 27865124 (738) module 26, x 20.475, y -17.145, z 125.469
 25786208 (679) module 24, x  16.57, y -13.8725, z 100.469
 23707548 (619) module 22, x 12.6375, y -10.5725, z 75.469
 21628119 (568) module 20, x 8.7325, y   -7.3, z 50.469

Track #105, length 6
 35050042 (923) module 33, x -29.905, y 1.5975, z 212.469
 32951946 (863) module 31, x -25.4958, y 1.39583, z 187.469
 30853851 (805) module 29, x -21.05, y 1.1575, z 162.469
 28330794 (748) module 27, x -16.8425, y 0.9475, z 138.531
 26235002 (695) module 25, x -12.415, y 0.6725, z 113.531
 24138955 (644) module 23, x -7.9875, y 0.4525, z 88.531

Track #106, length 6
 35060091 (926) module 33, x -26.33, y 3.7425, z 212.469
 32960450 (867) module 31, x -22.425, y 3.1925, z 187.469
 30419976 (808) module 29, x -18.6942, y 2.63417, z 163.531
 28325711 (750) module 27, x -14.78, y 2.0475, z 138.531
 26231190 (698) module 25, x -10.9025, y 1.4975, z 113.531
 24136669 (647) module 23, x -6.9975, y 0.9475, z 88.531

Track #107, length 9
 34464036 (919) module 32, x 21.5108, y -31.1242, z 201.531
 32356446 (858) module 30, x 19.265, y -27.9525, z 176.531
 30249111 (796) module 28, x 17.0375, y -24.79, z 151.531
 28141521 (734) module 26, x 14.7825, y -21.6275, z 126.531
 25805327 (677) module 24, x 12.4725, y -18.3275, z 100.469
 23718473 (617) module 22, x 10.2725, y -15.1375, z 75.469
 21631107 (566) module 20, x  8.045, y -11.9475, z 50.469
 19544510 (517) module 18, x 5.8175, y -8.7025, z 25.469
 17457402 (464) module 16, x  3.645, y -5.4025, z  0.469

Track #108, length 9
 32768188 (866) module 31, x -22.7642, y -38.2958, z 187.469
 30690537 (806) module 29, x -20.2708, y -34.1342, z 162.469
 28474135 (746) module 27, x -17.8875, y  -30.1, z 138.531
 26357572 (692) module 25, x -15.3942, y -25.9108, z 113.531
 24241522 (636) module 23, x -12.8825, y -21.74, z 88.531
 22124959 (587) module 21, x -10.4075, y -17.5325, z 63.531
 20008396 (541) module 19, x -7.9325, y -13.3525, z 38.531
 17891577 (499) module 17, x -5.42083, y -9.145, z 13.531
 17493726 (460) module 16, x -4.1375, y -6.9425, z  0.469

Track #109, length 5
 31807286 (862) module 30, x 30.1525, y 19.3575, z 175.469
 29727395 (799) module 28, x  24.13, y 15.6725, z 150.469
 27342606 (735) module 26, x 18.355, y 12.1425, z 126.531
 25228924 (676) module 24, x 12.3325, y 8.4575, z 101.531
 23114729 (613) module 22, x   6.31, y    4.8, z 76.531

Track #110, length 5
 30753060 (801) module 29, x -31.1242, y -20.5308, z 162.469
 28675994 (743) module 27, x -24.6158, y -16.2592, z 137.469
 26294030 (690) module 25, x -18.355, y -12.1425, z 113.531
 24177541 (638) module 23, x -11.8375, y  -7.88, z 88.531
 22060540 (595) module 21, x -5.2925, y -3.5625, z 63.531

Track #111, length 4
 30799675 (802) module 29, x -29.85, y -10.5575, z 162.469
 28712365 (744) module 27, x -23.58, y -8.3575, z 137.469
 26267164 (691) module 25, x -17.585, y -6.2575, z 113.531
 24159886 (639) module 23, x -11.315, y -4.0575, z 88.531

Track #112, length 7
 31281166 (815) module 29, x -13.5175, y 32.325, z 163.531
 29176406 (756) module 27, x -11.8675, y 28.3925, z 138.531
 27071390 (700) module 25, x -10.19, y 24.4325, z 113.531
 24967142 (642) module 23, x  -8.54, y 20.4725, z 88.531
 22685491 (593) module 21, x -6.8075, y 16.3475, z 62.469
 20596090 (547) module 19, x -5.1575, y 12.415, z 37.469
 18506690 (503) module 17, x -3.5075, y  8.455, z 12.469

Track #113, length 7
 29272333 (741) module 27, x -32.6208, y 32.3892, z 138.531
 27154270 (686) module 25, x -28.1108, y 27.9342, z 113.531
 25035951 (631) module 23, x -23.5642, y 23.4608, z 88.531
 22629894 (584) module 21, x -18.8342, y 18.7858, z 62.469
 20554072 (537) module 19, x -14.2692, y 14.2758, z 37.469
 18478251 (496) module 17, x -9.7225, y 9.7475, z 12.469
 16401661 (451) module 15, x -5.17583, y 5.21917, z -12.531

Track #114, length 6
 29247297 (742) module 27, x -27.2125, y 29.5475, z 138.531
 27132300 (688) module 25, x -23.39, y 25.4225, z 113.531
 25018070 (633) module 23, x -19.5675, y 21.325, z 88.531
 22645030 (585) module 21, x -15.6075, y 17.035, z 62.469
 20565361 (540) module 19, x -11.8308, y 12.9192, z 37.469
 18485436 (497) module 17, x -8.045, y 8.8125, z 12.469

Track #115, length 4
 29171554 (758) module 27, x -10.8225, y 27.7325, z 138.531
 27061735 (704) module 25, x  -7.99, y 20.4175, z 113.531
 24790899 (655) module 23, x -5.02917, y 12.7908, z 87.469
 22707192 (600) module 21, x -2.1875, y  5.485, z 62.469

Track #116, length 6
 27548982 (739) module 26, x 30.1525, y  33.19, z 125.469
 25474952 (682) module 24, x 25.615, y 28.2675, z 100.469
 23400410 (623) module 22, x 21.105, y 23.3175, z 75.469
 21080875 (575) module 20, x 16.7692, y 18.5408, z 51.531
 18960509 (524) module 18, x 12.2592, y 13.5358, z 26.531
 16840911 (469) module 16, x   7.74, y 8.5675, z  1.531

Track #117, length 6
 26550539 (684) module 25, x -32.5175, y -22.3275, z 112.469
 24470635 (629) module 23, x -27.2008, y -18.6242, z 87.469
 22390731 (581) module 21, x -21.9575, y -14.93, z 62.469
 19999273 (535) module 19, x -16.8975, y -11.4275, z 38.531
 17885833 (493) module 17, x -11.5992, y -7.81583, z 13.531
 15772138 (448) module 15, x -6.2825, y -4.2225, z -11.469

Track #118, length 6
 26389579 (693) module 25, x -15.0275, y -32.795, z 113.531
 24267895 (637) module 23, x -12.58, y -27.4875, z 88.531
 22146468 (588) module 21, x -10.1325, y -22.18, z 63.531
 20024784 (542) module 19, x -7.685, y -16.8725, z 38.531
 17902844 (500) module 17, x -5.25583, y -11.5742, z 13.531
 17492924 (461) module 16, x -3.9725, y -8.785, z  0.469

Track #119, length 5
 25957168 (661) module 24, x -4.0275, y -30.455, z 101.531
 23863441 (606) module 22, x -3.3125, y -25.12, z 76.531
 21769458 (556) module 20, x -2.625, y -19.785, z 51.531
 19580249 (511) module 18, x -1.8825, y -14.23, z 25.469
 17479866 (463) module 16, x -1.1675, y -8.895, z  0.469

Track #120, length 7
 24539417 (628) module 23, x -31.7108, y -3.71917, z 87.469
 22444386 (579) module 21, x -27.6958, y -3.27917, z 62.469
 20349611 (534) module 19, x -23.69, y -2.8025, z 37.469
 18254580 (488) module 17, x -19.7025, y -2.3625, z 12.469
 15761211 (436) module 15, x -15.88, y -1.9125, z -11.469
 13662083 (394) module 13, x -11.92, y -1.4725, z -36.469
 11562699 (361) module 11, x  -7.96, y -0.9775, z -61.469

Track #121, length 5
 24461700 (630) module 23, x -25.8625, y -20.54, z 87.469
 22383071 (582) module 21, x -20.8392, y -16.5708, z 62.469
 20005432 (536) module 19, x -16.045, y -12.7475, z 38.531
 17890451 (494) module 17, x -11.0492, y -8.80583, z 13.531
 15774959 (449) module 15, x -5.98917, y -4.84583, z -11.469

Track #122, length 5
 24957010 (649) module 23, x -6.395, y 28.6125, z 88.531
 22854069 (596) module 21, x  -5.13, y 23.1675, z 63.531
 20602143 (548) module 19, x -3.8375, y 17.4475, z 37.469
 18510723 (504) module 17, x   -2.6, y 11.9475, z 12.469
 16419560 (453) module 15, x -1.3625, y 6.3925, z -12.531

Track #123, length 4
 24951076 (654) module 23, x -5.12083, y 31.1242, z 88.531
 22849424 (598) module 21, x -4.1125, y 25.175, z 63.531
 20747517 (551) module 19, x -3.0675, y  19.18, z 38.531
 18513776 (507) module 17, x -1.9675, y 12.965, z 12.469

Track #124, length 4
 23514976 (626) module 22, x 27.815, y -1.4325, z 75.469
 21416396 (576) module 20, x 21.875, y -1.1025, z 50.469
 18894390 (528) module 18, x 16.155, y -0.7825, z 26.531
 16798626 (471) module 16, x 10.215, y  -0.48, z  1.531

Track #125, length 4
 22985537 (578) module 21, x -33.62, y 29.5475, z 63.531
 20851135 (533) module 19, x -25.5992, y 22.5808, z 38.531
 18443079 (491) module 17, x -17.2208, y 15.2292, z 12.469
 16383687 (442) module 15, x -9.145, y 8.17083, z -12.531

Track #126, length 5
 16800756 (466) module 16, x 5.7325, y -0.0675001, z  1.531
 14703286 (416) module 14, x 9.1425, y -0.0949998, z -23.469
 12606072 (380) module 12, x 12.5525, y -0.0949998, z -48.469
 10508857 (343) module 10, x  15.99, y -0.1225, z -73.469
  8828807 (304) module  8, x  25.67, y -0.112499, z -144.281

Track #127, length 5
 16809951 (468) module 16, x   6.86, y 1.9125, z  1.531
 14718101 (418) module 14, x 10.9575, y 3.0675, z -23.469
 12626506 (384) module 12, x 15.055, y 4.2775, z -48.469
 10534912 (345) module 10, x 19.1525, y 5.4875, z -73.469
  8786987 (305) module  8, x 30.7575, y 8.8525, z -144.281

Track #128, length 4
 16809885 (472) module 16, x  10.49, y 1.9125, z  1.531
 14718253 (424) module 14, x  16.65, y 3.1225, z -23.469
 13002422 (389) module 12, x 23.085, y 4.3425, z -49.531
 10899782 (349) module 10, x 29.245, y 5.4975, z -74.531

Track #129, length 6
 15755753 (447) module 15, x -6.3375, y -0.7025, z -11.469
 13659828 (395) module 13, x -9.2525, y -0.9775, z -36.469
 11563903 (358) module 11, x -12.14, y -1.2525, z -61.469
  9867496 (310) module  9, x -20.3625, y -2.0325, z -132.281
  7766613 (234) module  7, x -28.42, y -2.8025, z -202.031
  5668129 (166) module  5, x -31.3075, y -3.0775, z -227.031

Track #130, length 8
 16426488 (456) module 15, x 0.149998, y  5.485, z -12.531
 14329803 (403) module 13, x 0.232498, y 7.9875, z -37.531
 12232862 (364) module 11, x 0.287498, y 10.4625, z -62.531
 10136352 (319) module  9, x 0.452499, y 17.3925, z -132.281
  8147361 (261) module  7, x 0.6175, y  24.24, z -200.969
  6049908 (194) module  5, x 0.6725, y 26.7425, z -225.969
  3952198 (128) module  3, x 0.764166, y 29.2358, z -250.969
  1854745 (63) module  1, x 0.8375, y 31.7475, z -275.969

Track #131, length 8
 15351793 (412) module 14, x 5.4875, y -5.8975, z -24.531
 13245130 (377) module 12, x  7.495, y -8.0425, z -49.531
 11139234 (340) module 10, x 9.5025, y -10.215, z -74.531
  9016117 (298) module  8, x 15.0575, y -16.2375, z -144.281
  7196614 (230) module  6, x 20.5025, y -22.205, z -212.969
  5108639 (164) module  4, x 22.4825, y -24.3775, z -237.969
  3020152 (96) module  2, x 24.4625, y -26.5225, z -262.969
   931920 (30) module  0, x 26.3875, y -28.7225, z -287.969

Track #132, length 7
 13287412 (367) module 12, x -1.5525, y -5.7325, z -49.531
 11194297 (323) module 10, x -2.4325, y  -8.95, z -74.531
  9108245 (266) module  8, x -4.8525, y -17.97, z -144.281
  7480544 (248) module  7, x -6.8325, y -25.2875, z -200.969
  5398223 (181) module  5, x  -7.74, y -28.505, z -225.969
  3316159 (113) module  3, x  -8.62, y -31.75, z -250.969
  1234096 (45) module  1, x -9.4725, y -34.995, z -275.969

Track #133, length 6
 13251319 (374) module 12, x 6.2025, y -5.5675, z -49.531
 11138238 (341) module 10, x  9.695, y -8.7025, z -74.531
  8995614 (301) module  8, x 19.4208, y -17.4842, z -144.281
  7235711 (231) module  6, x 29.0275, y -26.11, z -212.969
  5154630 (165) module  4, x 32.4925, y -29.245, z -237.969
  3073549 (98) module  2, x 35.985, y -32.38, z -262.969

Track #134, length 6
 12236796 (365) module 11, x 1.1125, y 5.2925, z -62.531
 10145671 (321) module  9, x 2.4325, y 11.7275, z -132.281
  8054546 (264) module  7, x   3.78, y 18.1625, z -202.031
  6033384 (197) module  5, x 4.2475, y 20.3625, z -225.969
  3933886 (131) module  3, x 4.7425, y 22.6725, z -250.969
   144120 (10) module  0, x  5.485, y 26.0575, z -287.969

Track #135, length 6
 11188732 (325) module 10, x -1.2225, y -5.265, z -74.531
  9095109 (270) module  8, x -1.9925, y -8.3175, z -144.281
  7001485 (198) module  6, x -2.7625, y -11.3975, z -214.031
  4905593 (132) module  4, x -3.0375, y -12.4975, z -239.031
  2809701 (67) module  2, x -3.3125, y -13.5975, z -264.031
   713809 (0) module  0, x -3.5875, y -14.6975, z -289.031

Track #136, length 6
 11183097 (326) module 10, x -0.0400009, y -5.4575, z -74.531
  9086101 (275) module  8, x -0.0950012, y -10.9575, z -144.281
  6989361 (204) module  6, x -0.177498, y -16.43, z -214.031
  4892174 (139) module  4, x -0.177498, y -18.3825, z -239.031
  2906346 (73) module  2, x -0.205, y -20.2525, z -262.969
   809158 (6) module  0, x -0.2325, y -22.2325, z -287.969

Track #137, length 6
 11170547 (328) module 10, x 2.6825, y -5.7875, z -74.531
  9065654 (281) module  8, x 4.3325, y -9.1425, z -144.281
  6960760 (209) module  6, x  5.955, y -12.5525, z -214.031
  4860770 (144) module  4, x 6.5875, y -13.7625, z -239.031
  2760780 (78) module  2, x 7.1925, y -14.9725, z -264.031
   660790 (12) module  0, x 7.7975, y -16.1825, z -289.031

Track #138, length 6
 11166205 (329) module 10, x 3.6175, y  -5.21, z -74.531
  9051806 (288) module  8, x 7.26583, y -10.4442, z -144.281
  6938175 (217) module  6, x 10.9325, y -15.6875, z -214.031
  4834844 (151) module  4, x 12.2525, y -17.585, z -239.031
  2969594 (84) module  2, x  13.49, y -19.3725, z -262.969
   878551 (17) module  0, x 14.8008, y -21.2792, z -287.969

Track #139, length 6
 10522876 (331) module 10, x 5.2925, y 2.8475, z -73.469
  8433602 (289) module  8, x 8.4825, y 4.5525, z -143.219
  6344840 (219) module  6, x 11.6725, y 6.3675, z -212.969
  4250483 (153) module  4, x 12.8275, y      7, z -237.969
  2156382 (86) module  2, x 13.9825, y 7.6325, z -262.969
    62281 (19) module  0, x 15.1375, y 8.2925, z -287.969

Track #140, length 6
 11153392 (334) module 10, x 6.3675, y -5.9525, z -74.531
  9039025 (293) module  8, x 10.135, y -9.4175, z -144.281
  6924914 (221) module  6, x 13.7925, y -12.855, z -214.031
  4821596 (156) module  4, x 15.1125, y -14.0925, z -239.031
  2718278 (89) module  2, x 16.4325, y -15.3025, z -264.031
   614959 (23) module  0, x 17.7525, y -16.5675, z -289.031

Track #141, length 5
  9459658 (311) module  9, x -8.0425, y 0.2875, z -131.219
  7359831 (237) module  7, x -14.3675, y   0.81, z -200.969
  5261869 (169) module  5, x -16.65, y 1.0025, z -225.969
  3163652 (101) module  3, x -18.9325, y  1.195, z -250.969
  1494743 (32) module  1, x -21.2975, y 1.3775, z -277.031

Track #142, length 5
  9501901 (313) module  9, x -7.8775, y -8.7875, z -131.219
  7420304 (239) module  7, x -11.2325, y -12.2525, z -200.969
  5329274 (171) module  5, x -12.4425, y -13.5725, z -225.969
  3237987 (104) module  3, x -13.7075, y -14.8375, z -250.969
  1146701 (35) module  1, x -14.9175, y -16.1025, z -275.969

Track #143, length 5
  9489872 (314) module  9, x -7.7125, y  -6.23, z -131.219
  7404184 (240) module  7, x -10.7925, y -8.6775, z -200.969
  5310596 (173) module  5, x -11.8925, y -9.5575, z -225.969
  3217520 (105) module  3, x -12.9925, y -10.4375, z -250.969
  1124443 (36) module  1, x -14.12, y -11.3175, z -275.969

Track #144, length 5
  9456611 (315) module  9, x  -6.64, y 0.9475, z -131.219
  7355781 (238) module  7, x -11.8008, y 1.68083, z -200.969
  5257572 (170) module  5, x -13.6525, y 1.9375, z -225.969
  3159106 (102) module  3, x -15.5225, y 2.2125, z -250.969
  1060640 (33) module  1, x -17.3925, y   2.46, z -275.969

Track #145, length 5
  9477118 (316) module  9, x -5.1825, y -3.4525, z -131.219
  7392692 (242) module  7, x -9.2525, y -6.2025, z -200.969
  5299866 (174) module  5, x -10.6825, y -7.1375, z -225.969
  3206784 (107) module  3, x -12.1125, y -8.0175, z -250.969
  1113703 (38) module  1, x -13.4875, y -8.8975, z -275.969

Track #146, length 5
  9489663 (317) module  9, x -5.1275, y -6.1475, z -131.219
  7403738 (246) module  7, x -7.1625, y -8.595, z -200.969
  5310413 (180) module  5, x -7.8775, y -9.5025, z -225.969
  3217344 (114) module  3, x -8.5925, y -10.3825, z -250.969
  1124275 (46) module  1, x -9.3075, y -11.2625, z -275.969

Track #147, length 5
 10128825 (318) module  9, x -1.1975, y   8.95, z -132.281
  8028255 (258) module  7, x -1.9125, y   13.9, z -202.031
  5930047 (191) module  5, x -2.1325, y 15.6875, z -227.031
  3831583 (125) module  3, x  -2.38, y 17.4475, z -252.031
  1870846 (59) module  1, x -2.5725, y 19.1525, z -275.969

Track #148, length 5
 10143973 (320) module  9, x  2.075, y 6.5575, z -132.281
  8052128 (263) module  7, x 3.23917, y 10.3342, z -202.031
  5957000 (196) module  5, x 3.6425, y 11.6725, z -227.031
  3861615 (130) module  3, x  4.055, y 13.0475, z -252.031
  1766486 (66) module  1, x 4.4675, y 14.4225, z -277.031

Track #149, length 5
  9092597 (271) module  8, x -1.4425, y  -5.65, z -144.281
  6997968 (199) module  6, x -1.9925, y -7.7125, z -214.031
  4901570 (133) module  4, x -2.1575, y -8.4825, z -239.031
  2805173 (68) module  2, x  -2.35, y -9.1975, z -264.031
   709031 (1) module  0, x -2.5425, y -9.9675, z -289.031

Track #150, length 5
  9090477 (272) module  8, x -1.0025, y -9.6375, z -144.281
  6996534 (200) module  6, x -1.7175, y -16.155, z -214.031
  4900364 (134) module  4, x -1.9375, y -18.465, z -239.031
  2897122 (69) module  2, x -2.2125, y -20.6925, z -262.969
   798648 (2) module  0, x  -2.46, y -23.0025, z -287.969

Track #151, length 5
  9088459 (273) module  8, x -0.5625, y -7.9875, z -144.281
  6992277 (201) module  6, x -0.782501, y -10.9575, z -214.031
  4895362 (135) module  4, x -0.837498, y -12.0025, z -239.031
  2798702 (70) module  2, x -0.947498, y -13.075, z -264.031
   701787 (3) module  0, x -1.0025, y -14.1475, z -289.031

Track #152, length 5
  9087717 (274) module  8, x -0.397499, y -6.5575, z -144.281
  6991764 (203) module  6, x -0.672501, y -10.985, z -214.031
  4895095 (137) module  4, x -0.782501, y -12.58, z -239.031
  2798170 (72) module  2, x -0.837498, y -14.175, z -264.031
   701501 (5) module  0, x -0.947498, y -15.77, z -289.031

Track #153, length 5
  9082314 (277) module  8, x 0.7575, y -8.0425, z -144.281
  6983828 (205) module  6, x 1.0325, y -11.0125, z -214.031
  4886145 (140) module  4, x 1.1425, y -12.0575, z -239.031
  2788717 (74) module  2, x 1.1975, y -13.13, z -264.031
   691034 (7) module  0, x 1.3075, y -14.2025, z -289.031

Track #154, length 5
  9078510 (278) module  8, x 1.5825, y -6.035, z -144.281
  6976420 (206) module  6, x 2.6275, y -10.1325, z -214.031
  4877449 (141) module  4, x 3.0125, y -11.6175, z -239.031
  2778478 (75) module  2, x 3.3975, y -13.075, z -264.031
   679508 (8) module  0, x 3.7825, y -14.5325, z -289.031

Track #155, length 5
  9073372 (279) module  8, x 2.6825, y -7.025, z -144.281
  6971566 (207) module  6, x 3.6725, y -9.5825, z -214.031
  4872605 (142) module  4, x 4.0575, y -10.5175, z -239.031
  2773644 (76) module  2, x  4.415, y -11.4525, z -264.031
   674939 (9) module  0, x 4.7725, y -12.3875, z -289.031

Track #156, length 5
  9070835 (280) module  8, x 3.2325, y -5.7875, z -144.281
  6966206 (208) module  6, x 4.8275, y -8.7025, z -214.031
  4866475 (143) module  4, x 5.3775, y -9.7475, z -239.031
  2766488 (77) module  2, x 5.9825, y -10.765, z -264.031
   666757 (11) module  0, x 6.5325, y -11.81, z -289.031

Track #157, length 5
  8437482 (282) module  8, x  6.255, y 5.3775, z -143.219
  6357149 (215) module  6, x 10.5175, y   9.09, z -212.969
  4266114 (150) module  4, x 11.975, y 10.4375, z -237.969
  2175336 (83) module  2, x 13.4325, y 11.8125, z -262.969
    84301 (18) module  0, x 14.8808, y 13.1692, z -287.969

Track #158, length 5
  8462054 (284) module  8, x  6.475, y 10.7675, z -143.219
  6398614 (216) module  6, x 10.875, y 18.0275, z -212.969
  4313722 (152) module  4, x 12.4242, y 20.6858, z -237.969
  2228574 (85) module  2, x 13.955, y 23.3625, z -262.969
   143682 (20) module  0, x 15.5225, y 26.0025, z -287.969

Track #159, length 5
  8405222 (285) module  8, x 6.5025, y -1.5525, z -143.219
  6305466 (213) module  6, x  8.895, y -2.1025, z -212.969
  4207275 (149) module  4, x 9.7475, y -2.295, z -237.969
  2109339 (82) module  2, x 10.6275, y -2.4875, z -262.969
    11147 (16) module  0, x  11.48, y -2.7075, z -287.969

Track #160, length 5
  8425951 (286) module  8, x 6.8875, y 2.9025, z -143.219
  6337930 (218) module  6, x 11.5625, y 4.8825, z -212.969
  4243819 (154) module  4, x 13.2675, y   5.57, z -237.969
  2149965 (87) module  2, x 14.9175, y 6.2575, z -262.969
    56110 (21) module  0, x 16.595, y 6.9725, z -287.969

Track #161, length 5
  8456413 (287) module  8, x 6.9975, y 9.5575, z -143.219
  6389384 (220) module  6, x 11.6725, y 16.0475, z -212.969
  4303209 (155) module  4, x 13.3775, y 18.4125, z -237.969
  2217035 (88) module  2, x 15.0275, y 20.7775, z -262.969
   130861 (22) module  0, x 16.6775, y  23.17, z -287.969

Track #162, length 5
  8404652 (291) module  8, x 9.6925, y -1.6625, z -143.219
  6303826 (223) module  6, x 14.6058, y -2.41417, z -212.969
  4205362 (158) module  4, x 16.375, y -2.7075, z -237.969
  2106899 (90) module  2, x 18.1075, y -2.9825, z -262.969
   455151 (24) module  0, x 19.9775, y -3.3025, z -289.031

Track #163, length 4
  8430503 (292) module  8, x 9.9675, y 3.8925, z -143.219
  6345648 (214) module  6, x 9.4725, y   6.56, z -212.969
  4252851 (148) module  4, x 9.3075, y 7.4675, z -237.969
  2160053 (80) module  2, x 9.1975, y 8.4025, z -262.969

Track #164, length 5
  8446875 (295) module  8, x   10.6, y 7.4125, z -143.219
  6372376 (227) module  6, x 17.8325, y 12.445, z -212.969
  4567781 (162) module  4, x 20.5275, y 14.3525, z -239.031
  2462134 (95) module  2, x 23.1125, y 16.1675, z -264.031
   356486 (29) module  0, x 25.7158, y 17.9642, z -289.031

Track #165, length 5
  8496726 (297) module  8, x 14.4225, y 18.275, z -143.219
  6620136 (229) module  6, x 20.3625, y 23.9775, z -214.031
  4514498 (163) module  4, x 22.4525, y 25.9025, z -239.031
  2408348 (97) module  2, x 24.5425, y 27.8275, z -264.031
   302455 (31) module  0, x 26.5775, y  29.67, z -289.031

Track #166, length 4
  7363000 (243) module  7, x -9.005, y 0.1775, z -200.969
  5265567 (175) module  5, x -10.4075, y 0.2325, z -225.969
  3168389 (108) module  3, x -11.8375, y 0.2325, z -250.969
  1070955 (39) module  1, x -13.2675, y   0.26, z -275.969

Track #167, length 4
  7380673 (244) module  7, x -8.5375, y -3.6175, z -200.969
  5286057 (176) module  5, x -9.8575, y -4.1675, z -225.969
  3191441 (109) module  3, x -11.1775, y -4.7175, z -250.969
  1096825 (40) module  1, x -12.4975, y -5.2675, z -275.969

Track #168, length 4
  7411908 (245) module  7, x -8.345, y -10.4375, z -200.969
  5322412 (177) module  5, x -9.6925, y -12.0875, z -225.969
  3232916 (110) module  3, x -11.0125, y -13.7375, z -250.969
  1143163 (42) module  1, x -12.36, y -15.36, z -275.969

Track #169, length 4
  7356385 (249) module  7, x -6.7775, y   1.58, z -200.969
  5257150 (178) module  5, x -8.675, y 2.0475, z -225.969
  3157916 (111) module  3, x -10.5725, y 2.4875, z -250.969
  1058682 (41) module  1, x -12.4425, y 2.9275, z -275.969

Track #170, length 4
  7398120 (250) module  7, x -6.3925, y -7.3575, z -200.969
  5304284 (183) module  5, x -7.0525, y -8.0725, z -225.969
  3210704 (116) module  3, x -7.7125, y -8.8425, z -250.969
  1116356 (48) module  1, x -8.345, y -9.5575, z -275.969

Track #171, length 4
  7380457 (251) module  7, x -6.3375, y -3.5625, z -200.969
  5285847 (182) module  5, x -7.3275, y -4.1125, z -225.969
  3190981 (115) module  3, x -8.3175, y -4.635, z -250.969
  1096371 (47) module  1, x -9.3075, y -5.1575, z -275.969

Track #172, length 4
  7401710 (252) module  7, x -6.0625, y -8.155, z -200.969
  5308387 (184) module  5, x -6.6675, y  -8.98, z -225.969
  3214808 (118) module  3, x -7.2725, y -9.8325, z -250.969
  1121485 (51) module  1, x -7.8775, y -10.6575, z -275.969

Track #173, length 4
  7372531 (253) module  7, x -5.76917, y -1.87583, z -200.969
  5276646 (185) module  5, x -6.5025, y -2.1325, z -225.969
  3180505 (119) module  3, x -7.2175, y -2.3525, z -250.969
  1084363 (49) module  1, x -7.9875, y   -2.6, z -275.969

Track #174, length 4
  7385334 (254) module  7, x -5.6225, y -4.635, z -200.969
  5290985 (186) module  5, x -6.3375, y -5.2125, z -225.969
  3196636 (120) module  3, x -7.0525, y -5.8175, z -250.969
  1102030 (52) module  1, x -7.795, y -6.395, z -275.969

Track #175, length 4
  7377398 (255) module  7, x -5.595, y -2.9025, z -200.969
  5281772 (187) module  5, x -6.1725, y -3.2325, z -225.969
  3185890 (122) module  3, x -6.7225, y -3.5075, z -250.969
  1090007 (54) module  1, x -7.3275, y -3.7825, z -275.969

Track #176, length 4
  7351038 (256) module  7, x -5.1825, y  2.735, z -200.969
  5252079 (188) module  5, x -6.0075, y 3.1475, z -225.969
  3152864 (121) module  3, x -6.805, y 3.5875, z -250.969
  1053650 (53) module  1, x -7.6025, y      4, z -275.969

Track #177, length 4
  8025332 (257) module  7, x -2.5725, y 5.7325, z -202.031
  5926889 (190) module  5, x -2.8475, y   6.31, z -227.031
  3828447 (124) module  3, x -3.1225, y 6.8875, z -252.031
  1730004 (58) module  1, x -3.3975, y 7.4925, z -277.031

Track #178, length 4
  8029636 (259) module  7, x -1.6375, y  8.345, z -202.031
  5931181 (192) module  5, x -1.885, y 9.6375, z -227.031
  3832981 (126) module  3, x -2.1325, y  10.93, z -252.031
  1734526 (60) module  1, x -2.4075, y 12.2225, z -277.031

Track #179, length 4
  8039135 (260) module  7, x 0.397499, y 6.8875, z -202.031
  5942223 (193) module  5, x 0.452499, y   7.74, z -227.031
  3845312 (127) module  3, x 0.5075, y 8.5925, z -252.031
  1748400 (62) module  1, x 0.5625, y 9.4725, z -277.031

Track #180, length 4
  8040695 (262) module  7, x 0.727501, y 5.5675, z -202.031
  5943789 (195) module  5, x 0.782501, y 6.1175, z -227.031
  3846882 (129) module  3, x 0.837498, y  6.695, z -252.031
  1749976 (64) module  1, x 0.919998, y 7.2725, z -277.031

Track #181, length 4
  6992112 (202) module  6, x -0.727501, y -5.9525, z -214.031
  4895205 (136) module  4, x -0.800831, y -6.52083, z -239.031
  2798555 (71) module  2, x -0.892498, y -7.1075, z -264.031
   701649 (4) module  0, x -0.947498, y -7.6575, z -289.031

Track #182, length 4
  6334187 (210) module  6, x 6.2275, y 4.0575, z -212.969
  4239325 (146) module  4, x 6.9975, y 4.5525, z -237.969
  2144464 (79) module  2, x 7.7125, y 5.0475, z -262.969
    49858 (13) module  0, x 8.4825, y 5.5975, z -287.969

Track #183, length 4
  6958011 (211) module  6, x 6.5875, y -8.8675, z -214.031
  4853394 (147) module  4, x 8.14583, y -11.1042, z -239.031
  2749289 (81) module  2, x 9.7775, y -13.3775, z -264.031
   644671 (15) module  0, x 11.3725, y -15.66, z -289.031

Track #184, length 4
  6920186 (224) module  6, x 14.8375, y -5.4025, z -214.031
  4813036 (159) module  4, x 16.9825, y -6.1725, z -239.031
  2705886 (92) module  2, x 19.1275, y -6.9425, z -264.031
   598737 (26) module  0, x 21.2725, y -7.6575, z -289.031

Track #185, length 4
  6919676 (225) module  6, x  14.92, y -5.2925, z -214.031
  4812272 (160) module  4, x 17.1475, y -5.9525, z -239.031
  2704613 (93) module  2, x 19.4025, y -6.5575, z -264.031
   596954 (27) module  0, x 21.6575, y -7.1625, z -289.031

Track #186, length 4
  6341669 (226) module  6, x 17.1175, y 5.7075, z -212.969
  4603379 (161) module  4, x  19.73, y 6.5975, z -239.031
  2502342 (94) module  2, x 22.205, y 7.4225, z -264.031
   401305 (28) module  0, x 24.7075, y 8.2475, z -289.031

Track #187, length 3
 53485291 (1558) module 51, x   -6.2, y  3.395, z 751.531
 51389170 (1491) module 49, x -5.8425, y 3.2025, z 706.531
 49292792 (1419) module 47, x -5.5125, y 3.0375, z 661.531

Track #188, length 3
 52437487 (1505) module 50, x 6.0075, y -3.2575, z 739.531
 50341110 (1433) module 48, x 5.6225, y -3.065, z 694.531
 48244989 (1357) module 46, x 5.2375, y -2.8725, z 649.531

Track #189, length 3
 30007058 (792) module 28, x 10.8408, y -18.1442, z 150.469
 27920987 (730) module 26, x 8.4025, y -14.12, z 125.469
 25835429 (670) module 24, x 5.9275, y -10.05, z 100.469

Track #190, length 3
 27815638 (740) module 26, x 31.255, y -7.3825, z 125.469
 25762302 (681) module 24, x 21.7492, y -5.14583, z 100.469
 23078262 (618) module 22, x 12.635, y -3.0375, z 76.531

Track #191, length 3
 17075373 (479) module 16, x 23.6075, y 30.605, z  0.469
 14814478 (428) module 14, x 18.3825, y  24.05, z -23.469
 12686192 (381) module 12, x 12.9742, y 17.2208, z -48.469

Track #192, length 3
 16372174 (439) module 15, x -11.6475, y  7.795, z -12.531
 14248848 (392) module 13, x -17.2392, y 11.1958, z -37.531
 12125778 (354) module 11, x -22.8125, y 14.6425, z -62.531

Track #193, length 3
 13279392 (369) module 12, x 0.1525, y -10.325, z -49.531
 11181623 (327) module 10, x 0.235001, y -16.1275, z -74.531
  9200659 (276) module  8, x 0.4275, y -32.0775, z -143.219

Track #194, length 3
 13264344 (370) module 12, x 3.3975, y -7.245, z -49.531
 11158158 (332) module 10, x 5.30417, y -11.3058, z -74.531
  9247679 (296) module  8, x 10.6025, y -22.59, z -143.219

Track #195, length 3
  7788765 (235) module  7, x -20.94, y 1.9275, z -202.031
  5694068 (167) module  5, x -26.715, y 2.4775, z -227.031
  3599371 (99) module  3, x -32.49, y 3.0275, z -252.031

Track #196, length 3
  7460437 (236) module  7, x -14.4408, y -20.9242, z -200.969
  5551814 (168) module  5, x -22.1958, y -28.3042, z -227.031
  3422015 (100) module  3, x -29.6208, y -35.2892, z -252.031

Track #197, length 3
  7445725 (247) module  7, x -6.9975, y -17.6975, z -200.969
  5361352 (179) module  5, x -8.125, y -20.4475, z -225.969
  3276980 (112) module  3, x -9.2525, y -23.28, z -250.969

Track #198, length 3
  6296152 (222) module  6, x 14.3125, y -4.055, z -212.969
  4196917 (157) module  4, x  16.21, y -4.5225, z -237.969
  2097427 (91) module  2, x 18.1075, y -5.0175, z -262.969

Track #199, length 3
  5926653 (189) module  5, x -2.9025, y 5.2375, z -227.031
  3827696 (123) module  3, x -3.2875, y 5.9525, z -252.031
  1728740 (57) module  1, x -3.6725, y 6.6125, z -277.031

