Track #0, length 13
 54452777 (1864) module 51, x -35.7375, y 30.8675, z 751.531
 52345420 (1790) module 49, x -33.5375, y 28.9425, z 706.531
 50237807 (1717) module 47, x -31.2825, y  26.99, z 661.531
 48130451 (1645) module 45, x -29.0825, y 25.0375, z 616.531
 46006255 (1578) module 43, x -23.17, y 19.9775, z 497.982
 43603772 (1509) module 41, x -18.3575, y 15.8525, z 401.411
 41524344 (1435) module 39, x -14.5625, y 12.5525, z 324.463
 39441576 (1359) module 37, x -11.4458, y 9.89417, z 262.469
 37350332 (1283) module 35, x -10.2175, y 8.8125, z 237.469
 35258575 (1209) module 33, x  -8.98, y 7.7675, z 212.469
 33167075 (1132) module 31, x -7.7425, y 6.6675, z 187.469
 31075830 (1047) module 29, x -6.4775, y 5.6225, z 162.469
 28314108 (963) module 27, x -5.2925, y 4.5775, z 138.531

Track #1, length 13
 54014107 (1865) module 51, x -34.6925, y 10.6275, z 750.469
 51926951 (1791) module 49, x -32.5475, y 9.9675, z 705.469
 49839795 (1719) module 47, x -30.375, y 9.3075, z 660.469
 47752896 (1647) module 45, x -28.2025, y 8.5925, z 615.469
 45681632 (1579) module 43, x -22.51, y 6.8325, z 496.921
 43606009 (1510) module 41, x -17.9175, y   5.43, z 401.411
 40898137 (1436) module 39, x -14.2575, y 4.3025, z 325.525
 38805391 (1360) module 37, x -11.2875, y 3.3675, z 263.531
 36709797 (1284) module 35, x -10.0775, y   3.01, z 238.531
 34614459 (1210) module 33, x -8.8675, y 2.6525, z 213.531
 32519121 (1133) module 31, x -7.6575, y 2.2675, z 188.531
 30423527 (1048) module 29, x -6.4475, y 1.9375, z 163.531
 28328189 (964) module 27, x  -5.21, y 1.5525, z 138.531

Track #2, length 17
 54444860 (1866) module 51, x -34.0325, y 29.8225, z 751.531
 52339288 (1792) module 49, x -32.2358, y 28.2642, z 706.531
 50233973 (1718) module 47, x -30.4575, y 26.6875, z 661.531
 48128657 (1646) module 45, x -28.6975, y 25.1475, z 616.531
 46009564 (1576) module 43, x -23.995, y 21.0225, z 497.982
 43595290 (1505) module 41, x -20.145, y 17.7225, z 401.411
 41512523 (1428) module 39, x -17.0925, y 15.0275, z 324.463
 39426930 (1350) module 37, x -14.6175, y 12.8825, z 262.469
 37334402 (1275) module 35, x -13.6275, y 12.0025, z 237.469
 35241874 (1200) module 33, x -12.6375, y 11.1225, z 212.469
 33149346 (1122) module 31, x -11.6475, y 10.2425, z 187.469
 31056817 (1035) module 29, x -10.6208, y 9.39917, z 162.469
 28964545 (952) module 27, x -9.6125, y 8.5375, z 137.469
 26871505 (869) module 25, x -8.6225, y 7.6575, z 112.469
 24778977 (797) module 23, x -7.6325, y 6.7775, z 87.469
 22686448 (728) module 21, x -6.6425, y  5.925, z 62.469
 19923189 (667) module 19, x -5.6775, y 5.0725, z 38.531

Track #3, length 17
 54432504 (1867) module 51, x -31.3375, y 19.4825, z 751.531
 51940364 (1793) module 49, x -29.6325, y 18.465, z 705.469
 49850911 (1721) module 47, x -27.9825, y 17.4475, z 660.469
 47761457 (1648) module 45, x -26.3325, y 16.4575, z 615.469
 45684065 (1580) module 43, x -21.9875, y 13.8175, z 496.921
 43603336 (1508) module 41, x -18.4675, y 11.645, z 401.411
 41519272 (1432) module 39, x -15.6625, y 9.9125, z 324.463
 39432641 (1354) module 37, x -13.4075, y 8.5375, z 262.469
 37339851 (1279) module 35, x -12.4725, y   7.96, z 237.469
 35247062 (1203) module 33, x -11.5375, y 7.3825, z 212.469
 33154016 (1127) module 31, x -10.6575, y 6.8325, z 187.469
 31061226 (1040) module 29, x -9.7225, y 6.2825, z 162.469
 28967924 (956) module 27, x -8.7875, y 5.7325, z 137.469
 26874878 (872) module 25, x  -7.88, y  5.155, z 112.469
 24119517 (800) module 23, x -6.9975, y 4.6325, z 88.531
 22024941 (730) module 21, x  -6.09, y 4.0825, z 63.531
 19930622 (669) module 19, x -5.1825, y 3.4775, z 38.531

Track #4, length 11
 54391204 (1868) module 51, x -22.3725, y 24.1025, z 751.531
 52287935 (1794) module 49, x -21.0525, y 22.6175, z 706.531
 50184410 (1722) module 47, x -19.6775, y 21.1325, z 661.531
 48080884 (1649) module 45, x -18.33, y 19.7025, z 616.531
 45717821 (1581) module 43, x -14.7275, y 15.7975, z 496.921
 43634037 (1511) module 41, x -11.8675, y 12.7175, z 401.411
 41547939 (1438) module 39, x -9.5025, y 10.1875, z 324.463
 39459015 (1362) module 37, x -7.6325, y 8.2075, z 262.469
 37365206 (1286) module 35, x  -6.89, y 7.3825, z 237.469
 35271653 (1213) module 33, x -6.1475, y 6.5575, z 212.469
 33178099 (1139) module 31, x -5.3775, y   5.76, z 187.469

Track #5, length 10
 53842393 (1869) module 51, x -21.16, y -16.1675, z 750.469
 51749873 (1795) module 49, x -19.8675, y -15.1775, z 705.469
 49372170 (1723) module 47, x -18.575, y -14.1775, z 661.531
 47270434 (1651) module 45, x -17.2825, y -13.1875, z 616.531
 45161056 (1582) module 43, x -13.8725, y -10.5475, z 497.982
 43054482 (1512) module 41, x -11.1225, y  -8.43, z 402.473
 40949690 (1439) module 39, x -8.895, y -6.7525, z 325.525
 38846427 (1364) module 37, x -7.1075, y -5.4325, z 263.531
 36746726 (1289) module 35, x -6.45667, y -4.8825, z 238.531
 34647284 (1216) module 33, x -5.7325, y -4.3875, z 213.531

Track #6, length 9
 53807349 (1870) module 51, x -19.6475, y -23.675, z 750.469
 51506446 (1796) module 49, x -18.3825, y -22.1525, z 706.531
 49402149 (1724) module 47, x -17.09, y -20.6125, z 661.531
 47297853 (1652) module 45, x -15.7975, y -19.0725, z 616.531
 45181818 (1583) module 43, x -12.4425, y -15.0025, z 497.982
 43069355 (1514) module 41, x -9.7475, y -11.73, z 402.473
 40960211 (1443) module 39, x -7.5475, y  -9.09, z 325.525
 38853619 (1370) module 37, x  -5.76, y -6.9725, z 263.531
 36370677 (1231) module 34, x -4.6875, y -5.6775, z 225.469

Track #7, length 8
 53562393 (1872) module 51, x -17.7775, y -13.2975, z 751.531
 51461166 (1797) module 49, x -16.6225, y -12.445, z 706.531
 49360195 (1725) module 47, x -15.44, y -11.5925, z 661.531
 47258969 (1653) module 45, x -14.2575, y -10.7125, z 616.531
 45151888 (1586) module 43, x -11.2325, y -8.4575, z 497.982
 43046077 (1518) module 41, x -8.7575, y -6.615, z 402.473
 40942049 (1447) module 39, x -6.7775, y  -5.13, z 325.525
 38839550 (1373) module 37, x -5.1825, y -3.9475, z 263.531

Track #8, length 7
 53572920 (1873) module 51, x -16.0358, y -15.5708, z 751.531
 51471180 (1800) module 49, x -14.9725, y -14.5625, z 706.531
 49369439 (1728) module 47, x -13.9275, y -13.5725, z 661.531
 47267442 (1656) module 45, x -12.8825, y -12.555, z 616.531
 45158052 (1588) module 43, x -10.1325, y -9.8875, z 497.982
 43051468 (1521) module 41, x -7.9325, y -7.7425, z 402.473
 40946157 (1450) module 39, x -6.1175, y  -6.01, z 325.525

Track #9, length 11
 53479481 (1874) module 51, x -15.9992, y 4.61417, z 751.531
 51383624 (1799) module 49, x -15.1925, y 4.3575, z 706.531
 49287511 (1727) module 47, x -14.3675, y 4.1375, z 661.531
 47191653 (1655) module 45, x -13.57, y 3.8625, z 616.531
 45097612 (1585) module 43, x -11.4525, y 3.2025, z 497.982
 43002796 (1515) module 41, x -9.6925, y 2.7075, z 402.473
 40907719 (1441) module 39, x -8.2075, y 2.2675, z 325.525
 38812125 (1365) module 37, x -6.9975, y   1.91, z 263.531
 36715750 (1288) module 35, x -6.5025, y 1.7725, z 238.531
 34619375 (1215) module 33, x -6.0075, y 1.6075, z 213.531
 32522744 (1138) module 31, x -5.5125, y   1.47, z 188.531

Track #10, length 10
 53522758 (1877) module 51, x -15.3025, y -4.6625, z 751.531
 51424597 (1801) module 49, x -14.4775, y -4.4425, z 706.531
 49326436 (1729) module 47, x -13.6525, y -4.2225, z 661.531
 47228275 (1657) module 45, x -12.8275, y -4.0025, z 616.531
 45128346 (1587) module 43, x -10.655, y -3.3975, z 497.982
 43029178 (1517) module 41, x -8.895, y -2.9575, z 402.473
 40930260 (1444) module 39, x -7.4925, y -2.5725, z 325.525
 38831593 (1367) module 37, x -6.3375, y -2.2425, z 263.531
 36733937 (1291) module 35, x -5.8975, y -2.1325, z 238.531
 34636026 (1218) module 33, x -5.4025, y -1.995, z 213.531

Track #11, length 7
 53491275 (1878) module 51, x -15.0275, y 2.1025, z 751.531
 51394653 (1802) module 49, x -14.0375, y  1.965, z 706.531
 49298286 (1730) module 47, x -13.075, y 1.8275, z 661.531
 47201664 (1658) module 45, x -12.1125, y   1.69, z 616.531
 45106351 (1591) module 43, x -9.5275, y 1.3325, z 497.982
 43010517 (1524) module 41, x -7.4375, y 1.0575, z 402.473
 40914675 (1451) module 39, x -5.7875, y 0.7825, z 325.525

Track #12, length 10
 53504343 (1880) module 51, x -14.34, y -0.7025, z 751.531
 51407205 (1803) module 49, x -13.5975, y -0.7025, z 706.531
 49309811 (1731) module 47, x -12.8275, y -0.6475, z 661.531
 47212417 (1659) module 45, x -12.0575, y -0.5925, z 616.531
 45114789 (1589) module 43, x -10.0775, y -0.4825, z 497.982
 43017409 (1519) module 41, x -8.5375, y -0.4275, z 402.473
 40919768 (1446) module 39, x -7.23583, y -0.335834, z 325.525
 38822379 (1368) module 37, x -6.2275, y  -0.29, z 263.531
 36725235 (1293) module 35, x -5.7875, y -0.2625, z 238.531
 34628090 (1217) module 33, x -5.4025, y -0.2625, z 213.531

Track #13, length 14
 54353361 (1881) module 51, x -14.26, y 21.6275, z 751.531
 52252901 (1804) module 49, x -13.5175, y 20.5275, z 706.531
 50152186 (1732) module 47, x -12.775, y 19.3725, z 661.531
 47827473 (1660) module 45, x -12.0325, y 18.2175, z 615.469
 45739591 (1590) module 43, x -10.0525, y 15.2475, z 496.921
 43649139 (1520) module 41, x -8.5125, y 12.8275, z 401.411
 41557910 (1445) module 39, x -7.2475, y 10.9025, z 324.463
 39465650 (1369) module 37, x -6.2025, y 9.3625, z 262.469
 37370301 (1292) module 35, x -5.8175, y 8.7575, z 237.469
 35275208 (1219) module 33, x -5.3775, y  8.125, z 212.469
 33179860 (1140) module 31, x -4.9925, y 7.4925, z 187.469
 31084511 (1053) module 29, x  -4.58, y 6.8875, z 162.469
 28989418 (966) module 27, x -4.1675, y  6.255, z 137.469
 26894070 (879) module 25, x -3.755, y 5.6225, z 112.469

Track #14, length 7
 54110849 (1882) module 51, x -13.7925, y 12.0575, z 750.469
 52017807 (1805) module 49, x -12.9125, y 11.2875, z 705.469
 49924764 (1734) module 47, x -12.0325, y 10.5725, z 660.469
 47831466 (1662) module 45, x -11.18, y 9.8025, z 615.469
 45744333 (1594) module 43, x  -8.98, y   7.85, z 496.921
 43655659 (1525) module 41, x -7.1375, y 6.2275, z 401.411
 40895221 (1452) module 39, x -5.6775, y 4.9625, z 325.525

Track #15, length 9
 53523302 (1883) module 51, x -13.5425, y -4.7725, z 751.531
 51424883 (1806) module 49, x -12.8275, y -4.4975, z 706.531
 49326720 (1733) module 47, x -12.085, y -4.2775, z 661.531
 47228558 (1661) module 45, x -11.3425, y -4.0575, z 616.531
 45128625 (1592) module 43, x -9.4175, y -3.4525, z 497.982
 43029197 (1522) module 41, x -7.8775, y -2.9575, z 402.473
 40930276 (1448) module 39, x -6.6125, y -2.5725, z 325.525
 38831606 (1371) module 37, x -5.6225, y -2.2425, z 263.531
 36733950 (1295) module 35, x -5.1825, y -2.1325, z 238.531

Track #16, length 9
 53610093 (1884) module 51, x -13.1575, y -23.665, z 751.531
 51506557 (1808) module 49, x -12.2775, y -22.1525, z 706.531
 49402252 (1736) module 47, x -11.4525, y -20.6125, z 661.531
 47297948 (1665) module 45, x -10.5725, y -19.0725, z 616.531
 45181893 (1596) module 43, x -8.3175, y -15.0025, z 497.982
 43069414 (1527) module 41, x -6.5025, y -11.73, z 402.473
 40565439 (1385) module 38, x -4.7975, y -8.6475, z 312.463
 38462693 (1307) module 36, x -3.5875, y  -6.53, z 250.469
 36363509 (1232) module 34, x -3.1475, y -5.6775, z 225.469

Track #17, length 7
 53523310 (1885) module 51, x -13.1025, y -4.7725, z 751.531
 51424637 (1807) module 49, x -12.2775, y -4.4425, z 706.531
 49326219 (1735) module 47, x -11.48, y -4.1675, z 661.531
 47227546 (1664) module 45, x -10.6825, y -3.865, z 616.531
 45126849 (1595) module 43, x -8.5375, y -3.0675, z 497.982
 43026913 (1526) module 41, x -6.7775, y -2.4625, z 402.473
 40927482 (1453) module 39, x -5.4025, y -1.9675, z 325.525

Track #18, length 14
 54346451 (1886) module 51, x -12.7475, y 21.5175, z 751.531
 52246247 (1809) module 49, x -12.0875, y  20.39, z 706.531
 50146044 (1737) module 47, x -11.4275, y 19.2625, z 661.531
 47833363 (1663) module 45, x -10.7675, y 18.1075, z 615.469
 45743945 (1593) module 43, x  -9.09, y 15.1375, z 496.921
 43653236 (1523) module 41, x -7.6325, y 12.7725, z 401.411
 41561239 (1449) module 39, x -6.5325, y 10.8475, z 324.463
 39468467 (1372) module 37, x -5.5975, y 9.3075, z 262.469
 37372862 (1294) module 35, x  -5.24, y 8.7025, z 237.469
 35277513 (1220) module 33, x -4.8825, y 8.0975, z 212.469
 33182164 (1141) module 31, x -4.4975, y  7.465, z 187.469
 31086816 (1054) module 29, x -4.1125, y 6.8325, z 162.469
 28991211 (967) module 27, x -3.7825, y 6.2275, z 137.469
 26895862 (880) module 25, x -3.3975, y 5.6225, z 112.469

Track #19, length 6
 53501358 (1887) module 51, x -9.555, y -0.0425, z 751.531
 51404216 (1811) module 49, x -9.0325, y -0.0425, z 706.531
 49307073 (1739) module 47, x -8.5375, y -0.0425, z 661.531
 47209930 (1668) module 45, x -8.0425, y -0.0425, z 616.531
 45112802 (1598) module 43, x -6.7225, y -0.0425, z 497.982
 43015669 (1528) module 41, x  -5.65, y -0.0425, z 402.473

Track #20, length 9
 54132519 (1888) module 51, x  -9.09, y  16.98, z 750.469
 52037434 (1812) module 49, x  -8.54, y 15.9625, z 705.469
 49942861 (1740) module 47, x  -7.99, y 14.9175, z 660.469
 47848544 (1669) module 45, x -7.4125, y 13.8725, z 615.469
 45758097 (1601) module 43, x -5.9825, y 11.1775, z 496.921
 43666617 (1530) module 41, x -4.7725, y 8.9775, z 401.411
 41573849 (1454) module 39, x -3.8375, y 7.2175, z 324.463
 39480307 (1374) module 37, x -3.0675, y 5.7875, z 262.469
 37384445 (1296) module 35, x -2.7925, y 5.2375, z 237.469

Track #21, length 6
 53498046 (1889) module 51, x -8.675, y 0.6725, z 751.531
 51400902 (1813) module 49, x -8.235, y 0.6725, z 706.531
 49303758 (1741) module 47, x -7.795, y 0.6725, z 661.531
 47206615 (1670) module 45, x -7.3275, y 0.6725, z 616.531
 45109741 (1600) module 43, x -6.1175, y   0.59, z 497.982
 43013118 (1529) module 41, x -5.1825, y 0.5075, z 402.473

Track #22, length 5
 53483712 (1890) module 51, x -8.5925, y  3.725, z 751.531
 51387851 (1814) module 49, x -7.9875, y 3.4775, z 706.531
 49291989 (1742) module 47, x  -7.41, y 3.2025, z 661.531
 47195872 (1671) module 45, x -6.8325, y 2.9825, z 616.531
 45101819 (1602) module 43, x -5.3475, y  2.295, z 497.982

Track #23, length 5
 53486279 (1891) module 51, x -8.2075, y 3.2025, z 751.531
 51389647 (1815) module 49, x -7.7675, y 3.0925, z 706.531
 49293272 (1743) module 47, x -7.2725, y 2.9275, z 661.531
 47196897 (1672) module 45, x -6.7775, y 2.7625, z 616.531
 45101819 (1602) module 43, x -5.3475, y  2.295, z 497.982

Track #24, length 10
 53626060 (1892) module 51, x -7.905, y -27.0475, z 751.531
 51520470 (1816) module 49, x -7.3825, y -25.2325, z 706.531
 49415135 (1744) module 47, x -6.8875, y -23.4725, z 661.531
 47310312 (1673) module 45, x -6.3925, y -21.7125, z 616.531
 44760111 (1540) module 42, x -4.9075, y -16.5675, z 484.921
 42657907 (1465) module 40, x -3.8075, y -12.8275, z 389.411
 40556713 (1386) module 38, x -2.9275, y  -9.83, z 312.463
 38456277 (1308) module 36, x -2.2125, y  -7.41, z 250.469
 36357607 (1233) module 34, x -1.8825, y -6.4475, z 225.469
 34259193 (1152) module 32, x -1.6075, y -5.4575, z 200.469

Track #25, length 4
 53477854 (1897) module 51, x -6.92417, y 4.98083, z 751.531
 51381989 (1817) module 49, x -6.5575, y 4.7425, z 706.531
 49286123 (1745) module 47, x   -6.2, y 4.4675, z 661.531
 47190258 (1674) module 45, x -5.8425, y 4.1925, z 616.531

Track #26, length 9
 54142496 (1898) module 51, x -6.8625, y 17.3925, z 750.469
 52047155 (1818) module 49, x  -6.45, y 16.3475, z 705.469
 49952069 (1746) module 47, x -6.0375, y 15.3575, z 660.469
 47856728 (1675) module 45, x -5.6525, y 14.3125, z 615.469
 45764489 (1603) module 43, x  -4.58, y 11.6175, z 496.921
 43671473 (1531) module 41, x -3.7275, y   9.39, z 401.411
 41577683 (1455) module 39, x -3.0125, y 7.5475, z 324.463
 39483374 (1375) module 37, x -2.4075, y 6.0625, z 262.469
 37387257 (1297) module 35, x  -2.16, y 5.4575, z 237.469

Track #27, length 4
 53508579 (1902) module 51, x -6.6675, y -1.5825, z 751.531
 51410922 (1819) module 49, x -6.2825, y -1.4725, z 706.531
 49313266 (1747) module 47, x -5.8425, y -1.3625, z 661.531
 47215865 (1676) module 45, x -5.4575, y -1.3075, z 616.531

Track #28, length 8
 54304764 (1911) module 51, x -3.6725, y 19.2625, z 751.531
 52061462 (1823) module 49, x -3.3975, y 17.9425, z 705.469
 49965356 (1750) module 47, x -3.1775, y 16.705, z 660.469
 47869251 (1677) module 45, x  -2.93, y 15.4675, z 615.469
 45775231 (1606) module 43, x -2.2975, y 12.1675, z 496.921
 43680431 (1534) module 41, x -1.8025, y    9.5, z 401.411
 41585366 (1458) module 39, x -1.3625, y  7.355, z 324.463
 39489782 (1379) module 37, x -1.0325, y 5.6225, z 262.469

Track #29, length 5
 54158529 (1912) module 51, x -3.425, y 8.5375, z 750.469
 52062409 (1824) module 49, x -3.2325, y 8.0975, z 705.469
 49966033 (1751) module 47, x -3.0675, y 7.6575, z 660.469
 47869657 (1678) module 45, x -2.9025, y 7.2175, z 615.469
 45774831 (1605) module 43, x -2.4075, y 6.0075, z 496.921

Track #30, length 10
 54299360 (1913) module 51, x -2.545, y 20.8025, z 751.531
 52201719 (1825) module 49, x -2.4075, y 19.5375, z 706.531
 49969680 (1752) module 47, x -2.2425, y 18.2725, z 660.469
 47873319 (1679) module 45, x -2.0775, y 17.0075, z 615.469
 45778020 (1607) module 43, x -1.6925, y 13.6525, z 496.921
 43682453 (1535) module 41, x -1.3625, y 10.9575, z 401.411
 41586620 (1459) module 39, x -1.0875, y 8.8125, z 324.463
 39490523 (1380) module 37, x -0.8675, y   7.08, z 262.469
 37393896 (1302) module 35, x -0.7575, y 6.3925, z 237.469
 35297013 (1225) module 33, x -0.702499, y 5.6775, z 212.469

Track #31, length 11
 54269629 (1916) module 51, x  3.835, y 22.7275, z 751.531
 52174039 (1827) module 49, x 3.5325, y 21.2975, z 706.531
 50077936 (1754) module 47, x 3.3125, y 19.9225, z 661.531
 47897101 (1680) module 45, x 3.0375, y 18.4375, z 615.469
 45796943 (1609) module 43, x 2.3775, y 14.8075, z 496.921
 43697540 (1538) module 41, x 1.8825, y 11.8925, z 401.411
 41598895 (1462) module 39, x 1.5525, y 9.5275, z 324.463
 39500497 (1383) module 37, x 1.2775, y 7.6575, z 262.469
 37402847 (1304) module 35, x 1.1675, y 6.8875, z 237.469
 35305196 (1228) module 33, x 1.0575, y  6.145, z 212.469
 33207546 (1147) module 31, x 0.947498, y 5.4025, z 187.469

Track #32, length 5
 54194602 (1917) module 51, x   4.33, y 9.8025, z 750.469
 52096182 (1828) module 49, x  4.055, y 9.1425, z 705.469
 49997761 (1755) module 47, x   3.78, y 8.5375, z 660.469
 47899341 (1681) module 45, x  3.505, y 7.8775, z 615.469
 45798891 (1610) module 43, x 2.7625, y    6.2, z 496.921

Track #33, length 4
 53139683 (1829) module 50, x -2.9275, y -6.6675, z 738.469
 51041515 (1757) module 48, x -2.735, y -6.2275, z 693.469
 48943603 (1682) module 46, x -2.5425, y -5.7875, z 648.469
 46845435 (1612) module 44, x -2.3225, y -5.3475, z 603.469

Track #34, length 7
 53136431 (1830) module 50, x -2.295, y -16.5675, z 738.469
 51038787 (1758) module 48, x -2.1575, y -15.4675, z 693.469
 48940887 (1683) module 46, x -1.9925, y -14.3675, z 648.469
 46842987 (1613) module 44, x -1.8275, y -13.2675, z 603.469
 44743840 (1542) module 42, x -1.415, y -10.3525, z 484.921
 42645194 (1466) module 40, x -1.085, y -8.0425, z 389.411
 40547052 (1387) module 38, x -0.837498, y -6.1725, z 312.463

Track #35, length 5
 53135557 (1831) module 50, x -2.0475, y  -8.29, z 738.469
 51037901 (1759) module 48, x -1.9375, y -7.8775, z 693.469
 48940245 (1684) module 46, x -1.8275, y -7.4375, z 648.469
 46842589 (1614) module 44, x -1.7175, y -6.9975, z 603.469
 44744178 (1541) module 42, x -1.4425, y -5.8425, z 484.921

Track #36, length 7
 53117235 (1835) module 50, x 1.8575, y -16.3475, z 738.469
 51020871 (1763) module 48, x 1.6925, y -15.2475, z 693.469
 48924250 (1686) module 46, x 1.5825, y -14.175, z 648.469
 46827630 (1615) module 44, x 1.4725, y -13.1025, z 603.469
 44732066 (1543) module 42, x 1.1425, y -10.2425, z 484.921
 42635980 (1467) module 40, x 0.922501, y -7.9325, z 389.411
 40539886 (1388) module 38, x 0.702499, y -6.0625, z 312.463

Track #37, length 7
 53115006 (1837) module 50, x 2.3525, y -12.2225, z 738.469
 51018636 (1764) module 48, x 2.1875, y -11.4525, z 693.469
 48922009 (1687) module 46, x   2.05, y -10.7375, z 648.469
 46825639 (1616) module 44, x 1.9125, y -9.9675, z 603.469
 44730315 (1544) module 42, x 1.5275, y -7.9875, z 484.921
 42634728 (1468) module 40, x 1.1975, y -6.3925, z 389.411
 40538623 (1389) module 38, x 0.977501, y -5.1275, z 312.463

Track #38, length 4
 53103560 (1838) module 50, x 4.8275, y -8.125, z 738.469
 51007954 (1765) module 48, x 4.4975, y -7.6025, z 693.469
 48912348 (1689) module 46, x 4.1675, y -7.0525, z 648.469
 46816486 (1617) module 44, x  3.865, y -6.5025, z 603.469

Track #39, length 6
 52504796 (1841) module 50, x 7.0525, y 11.3175, z 739.531
 50404068 (1768) module 48, x 6.6125, y 10.5475, z 694.531
 48303341 (1691) module 46, x 6.1175, y 9.7775, z 649.531
 46203126 (1618) module 44, x 5.6225, y   9.09, z 604.531
 45807064 (1611) module 43, x 4.5225, y 7.2725, z 496.921
 43705333 (1539) module 41, x 3.5325, y 5.6775, z 401.411

Track #40, length 4
 52464596 (1842) module 50, x 7.4925, y    2.6, z 739.531
 50366685 (1769) module 48, x 6.9975, y 2.4075, z 694.531
 48268774 (1692) module 46, x 6.5025, y 2.2425, z 649.531
 46170863 (1619) module 44, x 6.0075, y 2.0775, z 604.531

Track #41, length 10
 53086802 (1843) module 50, x 8.4025, y -14.6425, z 738.469
 50991712 (1770) module 48, x 7.9625, y -13.845, z 693.469
 48896623 (1694) module 46, x 7.5225, y -13.0475, z 648.469
 46801533 (1621) module 44, x 7.0825, y -12.25, z 603.469
 44710052 (1546) module 42, x 5.8725, y -10.1325, z 484.921
 42617538 (1469) module 40, x 4.8825, y -8.4825, z 389.411
 40523994 (1391) module 38, x 4.1125, y -7.1625, z 312.463
 38429678 (1310) module 36, x 3.5075, y -6.0625, z 250.469
 36333813 (1235) module 34, x 3.2325, y  -5.65, z 225.469
 34237693 (1154) module 32, x 3.0125, y -5.2375, z 200.469

Track #42, length 5
 52440253 (1844) module 50, x 8.7575, y -2.6525, z 739.531
 50344137 (1771) module 48, x 8.0975, y -2.4325, z 694.531
 48247763 (1693) module 46, x   7.52, y -2.2675, z 649.531
 46151134 (1620) module 44, x 6.9425, y -2.1575, z 604.531
 44055545 (1545) module 42, x 5.4575, y -1.8275, z 485.982

Track #43, length 6
 52477366 (1845) module 50, x 9.1425, y   5.35, z 739.531
 50378943 (1772) module 48, x 8.6475, y 5.0475, z 694.531
 48280520 (1695) module 46, x 8.1525, y 4.7725, z 649.531
 46182097 (1622) module 44, x 7.6575, y 4.4975, z 604.531
 44081640 (1548) module 42, x 6.3925, y 3.7825, z 485.982
 41981691 (1472) module 40, x 5.3475, y 3.1775, z 390.473

Track #44, length 11
 52582827 (1846) module 50, x 9.7475, y 28.2025, z 739.531
 50477750 (1773) module 48, x 9.1425, y 26.4975, z 694.531
 48372417 (1696) module 46, x 8.5375, y 24.7375, z 649.531
 46267596 (1623) module 44, x 7.9325, y 23.005, z 604.531
 44149224 (1547) module 42, x  6.365, y 18.4125, z 485.982
 41611134 (1463) module 39, x 4.1925, y 12.195, z 324.463
 39510186 (1384) module 37, x 3.3675, y 9.8025, z 262.469
 37411516 (1305) module 35, x 3.0375, y 8.8125, z 237.469
 35312845 (1229) module 33, x 2.7075, y 7.8775, z 212.469
 33214175 (1149) module 31, x 2.3775, y 6.8875, z 187.469
 31115504 (1060) module 29, x 2.0475, y  5.925, z 162.469

Track #45, length 6
 52447393 (1847) module 50, x 10.2975, y -1.1125, z 739.531
 50350253 (1774) module 48, x 9.6375, y -1.085, z 694.531
 48253625 (1697) module 46, x 8.9775, y -1.0025, z 649.531
 46156741 (1624) module 44, x 8.3175, y -0.9475, z 604.531
 44060645 (1550) module 42, x 6.5575, y -0.7275, z 485.982
 41964287 (1471) module 40, x 5.1275, y -0.535, z 390.473

Track #46, length 7
 53071954 (1850) module 50, x 11.7025, y -14.6425, z 738.469
 50978403 (1776) module 48, x 10.9325, y -13.68, z 693.469
 48884853 (1699) module 46, x 10.1625, y -12.7175, z 648.469
 46791303 (1625) module 44, x 9.3925, y -11.7275, z 603.469
 44703157 (1552) module 42, x 7.3575, y -9.1975, z 484.921
 42613723 (1473) module 40, x 5.7075, y -7.1075, z 389.411
 40522745 (1392) module 38, x 4.3875, y -5.4575, z 312.463

Track #47, length 5
 52530551 (1851) module 50, x 12.6075, y 16.8725, z 739.531
 50429313 (1777) module 48, x 12.0575, y 15.9925, z 694.531
 48327819 (1700) module 46, x 11.5075, y 15.0575, z 649.531
 46226581 (1627) module 44, x 10.9208, y 14.2142, z 604.531
 42011586 (1476) module 40, x 8.4825, y 9.7225, z 390.473

Track #48, length 4
 52531308 (1852) module 50, x 13.2125, y 17.0375, z 739.531
 50429817 (1778) module 48, x 12.4975, y 16.1025, z 694.531
 48328327 (1701) module 46, x 11.7275, y 15.1675, z 649.531
 46226581 (1627) module 44, x 10.9208, y 14.2142, z 604.531

Track #49, length 7
 53062869 (1853) module 50, x 13.655, y -7.4375, z 738.469
 50970078 (1779) module 48, x 12.7475, y -6.9425, z 693.469
 48877030 (1702) module 46, x 11.8675, y -6.475, z 648.469
 46784239 (1628) module 44, x 10.9325, y  -5.98, z 603.469
 44042176 (1553) module 42, x 8.5925, y -4.6875, z 485.982
 41949923 (1474) module 40, x 6.6675, y -3.6425, z 390.473
 39856639 (1393) module 38, x 5.1275, y -2.8175, z 313.525

Track #50, length 7
 52523866 (1854) module 50, x 14.2025, y 15.4425, z 739.531
 50421867 (1780) module 48, x 13.2675, y 14.3975, z 694.531
 48320124 (1703) module 46, x 12.305, y 13.4075, z 649.531
 46218125 (1629) module 44, x  11.37, y 12.3625, z 604.531
 44108474 (1554) module 42, x 8.9225, y 9.6675, z 485.982
 42001886 (1475) module 40, x  6.915, y 7.5225, z 390.473
 39896572 (1394) module 38, x 5.2925, y 5.7625, z 313.525

Track #51, length 12
 52528726 (1855) module 50, x 14.4225, y 16.4875, z 739.531
 50427492 (1781) module 48, x 13.6525, y 15.6075, z 694.531
 48326258 (1704) module 46, x 12.8825, y 14.7275, z 649.531
 46225024 (1630) module 44, x 12.1125, y 13.8475, z 604.531
 44117156 (1555) module 42, x 10.105, y 11.5375, z 485.982
 42011586 (1476) module 40, x 8.4825, y 9.7225, z 390.473
 39908058 (1396) module 38, x 7.1625, y 8.2375, z 313.525
 37805549 (1313) module 36, x 6.1175, y 7.0825, z 251.531
 35706101 (1239) module 34, x 5.6775, y 6.5875, z 226.531
 33606652 (1159) module 32, x  5.265, y 6.0925, z 201.531
 33226482 (1151) module 31, x 5.0175, y 5.8425, z 187.469
 31127291 (1062) module 29, x 4.5775, y 5.3475, z 162.469

Track #52, length 15
 52598805 (1856) module 50, x 17.9975, y 31.6675, z 739.531
 50494246 (1783) module 48, x 17.0625, y 30.0725, z 694.531
 48389431 (1705) module 46, x 16.1275, y 28.4225, z 649.531
 46284872 (1631) module 44, x 15.1925, y 26.8275, z 604.531
 44168308 (1557) module 42, x 12.7725, y 22.5375, z 485.982
 42055320 (1478) module 40, x 10.765, y 19.1275, z 390.473
 39944886 (1400) module 38, x 9.1425, y 16.2675, z 313.525
 37836750 (1317) module 36, x 7.8225, y 13.9025, z 251.531
 35735255 (1242) module 34, x    7.3, y 12.9675, z 226.531
 33633761 (1162) module 32, x 6.7775, y 12.0325, z 201.531
 31532011 (1072) module 30, x 6.2275, y 11.0425, z 176.531
 29430517 (985) module 28, x 5.6775, y 10.1075, z 151.531
 27328766 (899) module 26, x  5.155, y   9.09, z 126.531
 22734819 (742) module 21, x 3.7525, y 6.6675, z 62.469
 20635124 (675) module 19, x   3.23, y 5.7325, z 37.469

Track #53, length 14
 52769750 (1858) module 50, x 21.3525, y  21.31, z 738.469
 50677738 (1784) module 48, x 20.2525, y 20.2375, z 693.469
 48346880 (1707) module 46, x 19.125, y 19.1825, z 649.531
 46244885 (1632) module 44, x 17.9975, y 18.1375, z 604.531
 44134987 (1559) module 42, x 15.0275, y 15.3875, z 485.982
 42027381 (1484) module 40, x 12.7175, y 13.1325, z 390.473
 39921815 (1403) module 38, x 10.8475, y 11.3175, z 313.525
 37817779 (1319) module 36, x 9.3075, y 9.8325, z 251.531
 35717823 (1244) module 34, x 8.6475, y 9.2275, z 226.531
 33618378 (1166) module 32, x 8.0425, y 8.6225, z 201.531
 31518165 (1077) module 30, x 7.4375, y 7.9625, z 176.531
 29417952 (989) module 28, x  6.805, y 7.3025, z 151.531
 27317740 (904) module 26, x 6.1725, y   6.67, z 126.531
 25217527 (824) module 24, x 5.53083, y 6.00083, z 101.531

Track #54, length 10
 53353724 (1859) module 50, x 24.8475, y -19.2625, z 739.531
 50921493 (1785) module 48, x  23.17, y -17.9975, z 693.469
 48831788 (1708) module 46, x  21.52, y -16.7325, z 648.469
 46742339 (1633) module 44, x 19.8975, y -15.4675, z 603.469
 44665215 (1560) module 42, x  15.58, y -12.1675, z 484.921
 42584239 (1482) module 40, x 12.115, y -9.5275, z 389.411
 40500183 (1401) module 38, x   9.31, y -7.3275, z 312.463
 38413303 (1315) module 36, x 7.0275, y  -5.54, z 250.469
 35652844 (1240) module 34, x 6.1725, y -4.8525, z 226.531
 33559037 (1158) module 32, x 5.2375, y -4.1375, z 201.531

Track #55, length 11
 53369261 (1861) module 50, x  28.23, y -23.6075, z 739.531
 51263945 (1787) module 48, x 26.4425, y -22.0675, z 694.531
 49158628 (1710) module 46, x 24.6825, y -20.5825, z 649.531
 47053567 (1636) module 44, x 22.8675, y -19.0975, z 604.531
 44653642 (1562) module 42, x 18.0825, y -15.0825, z 484.921
 42574212 (1485) module 40, x 14.2875, y -11.8925, z 389.411
 40491442 (1404) module 38, x 11.2075, y -9.3625, z 312.463
 38405079 (1318) module 36, x   8.76, y -7.3275, z 250.469
 36312550 (1243) module 34, x   7.77, y -6.5025, z 225.469
 34220021 (1163) module 32, x 6.8075, y -5.6775, z 200.469
 31458290 (1071) module 30, x 5.8425, y  -4.88, z 176.531

Track #56, length 12
 53376615 (1862) module 50, x 29.825, y -27.4575, z 739.531
 51271046 (1788) module 48, x 27.9825, y -25.7525, z 694.531
 49165476 (1711) module 46, x 26.1675, y -24.075, z 649.531
 47059651 (1637) module 44, x 24.325, y -22.3975, z 604.531
 44647191 (1563) module 42, x 19.4575, y -17.8875, z 484.921
 42568280 (1486) module 40, x 15.5525, y -14.3125, z 389.411
 40485772 (1405) module 38, x 12.4175, y -11.4525, z 312.463
 38400439 (1321) module 36, x 9.8875, y -9.0875, z 250.469
 36307400 (1246) module 34, x 8.8975, y -8.1525, z 225.469
 34215129 (1165) module 32, x 7.8525, y -7.2175, z 200.469
 32122602 (1075) module 30, x 6.8625, y -6.2825, z 175.469
 30030331 (986) module 28, x 5.8175, y -5.3475, z 150.469

Track #57, length 4
 52760348 (1863) module 50, x 31.5825, y 23.3175, z 738.469
 50669375 (1789) module 48, x 29.6575, y 21.9975, z 693.469
 48578402 (1712) module 46, x 27.705, y 20.6775, z 648.469
 46487174 (1638) module 44, x 25.7342, y 19.3758, z 603.469

Track #58, length 16
 51572038 (1798) module 49, x -15.3025, y -36.3425, z 706.531
 49465685 (1726) module 47, x -14.4775, y -34.3625, z 661.531
 47359331 (1654) module 45, x -13.7075, y -32.3825, z 616.531
 45238153 (1584) module 43, x -11.6175, y -27.2125, z 497.982
 43121577 (1513) module 41, x -9.8575, y -22.9225, z 402.473
 41008323 (1440) module 39, x -8.4275, y -19.4575, z 325.525
 38898392 (1363) module 37, x -7.2725, y -16.7075, z 263.531
 36795873 (1287) module 35, x -6.7775, y -15.58, z 238.531
 34693609 (1212) module 33, x -6.3375, y -14.4525, z 213.531
 32591346 (1136) module 31, x -5.8425, y -13.3525, z 188.531
 30488826 (1050) module 29, x -5.4025, y -12.1975, z 163.531
 27981725 (891) module 26, x  -4.66, y -10.5175, z 125.469
 25882545 (815) module 24, x -4.1925, y -9.4175, z 100.469
 23783109 (743) module 22, x -3.6975, y  -8.29, z 75.469
 21683674 (678) module 20, x -3.2025, y -7.1625, z 50.469
 19584238 (614) module 18, x -2.7075, y -6.0625, z 25.469

Track #59, length 5
 51460014 (1810) module 49, x -9.555, y -12.1425, z 706.531
 49359035 (1738) module 47, x -8.8675, y -11.3175, z 661.531
 47257799 (1667) module 45, x -8.2075, y -10.4375, z 616.531
 45150951 (1599) module 43, x -6.4475, y -8.2375, z 497.982
 42662891 (1464) module 40, x -4.8525, y   -6.2, z 389.411

Track #60, length 9
 51254746 (1786) module 48, x 24.4625, y -21.1325, z 694.531
 49149684 (1709) module 46, x 22.6475, y -19.7025, z 649.531
 46738193 (1634) module 44, x 20.7775, y -18.2175, z 603.469
 44663126 (1561) module 42, x 16.0475, y -14.4225, z 484.921
 42582673 (1483) module 40, x 12.4725, y -11.1775, z 389.411
 40499137 (1402) module 38, x 9.5575, y -8.5375, z 312.463
 38412262 (1316) module 36, x 7.2475, y -6.5025, z 250.469
 36319477 (1241) module 34, x 6.3125, y -5.6775, z 225.469
 33555450 (1160) module 32, x 5.4025, y  -4.88, z 201.531

Track #61, length 11
 49581059 (1715) module 47, x -32.9575, y -30.6325, z 660.469
 47494190 (1643) module 45, x -30.5925, y -28.4325, z 615.469
 45423775 (1575) module 43, x -24.3775, y -22.6025, z 496.921
 43348218 (1506) module 41, x -19.3725, y -17.9825, z 401.411
 40984132 (1433) module 39, x -15.4125, y -14.2875, z 325.525
 38872702 (1356) module 37, x -12.1858, y -11.2442, z 263.531
 36769942 (1281) module 35, x -10.875, y -9.9975, z 238.531
 34667694 (1207) module 33, x -9.555, y -8.7875, z 213.531
 32564934 (1129) module 31, x -8.2625, y -7.5775, z 188.531
 30462174 (1044) module 29, x -6.9425, y -6.3675, z 163.531
 28359414 (961) module 27, x -5.6225, y -5.1575, z 138.531

Track #62, length 11
 49727763 (1716) module 47, x -32.0592, y 1.13917, z 660.469
 47630397 (1644) module 45, x -29.7675, y 1.0475, z 615.469
 45532331 (1577) module 43, x -23.7175, y 0.827499, z 496.921
 43011844 (1507) module 41, x -18.8958, y 0.709167, z 402.473
 40915532 (1434) module 39, x -14.9725, y 0.5625, z 325.525
 38818950 (1358) module 37, x -11.7825, y 0.4525, z 263.531
 36722077 (1282) module 35, x -10.5175, y 0.3975, z 238.531
 34625204 (1208) module 33, x -9.2525, y 0.3425, z 213.531
 32528331 (1131) module 31, x  -7.96, y 0.2875, z 188.531
 30431458 (1045) module 29, x -6.7225, y 0.2325, z 163.531
 28334585 (962) module 27, x -5.4575, y 0.1775, z 138.531

Track #63, length 16
 49213032 (1713) module 46, x 36.3975, y -27.4025, z 649.531
 47105670 (1640) module 44, x 34.1975, y -25.7525, z 604.531
 44981973 (1567) module 42, x 28.4775, y -21.4075, z 485.982
 42530070 (1492) module 40, x  23.83, y -17.9425, z 389.411
 40449609 (1411) module 38, x 20.1725, y -15.1375, z 312.463
 38366322 (1327) module 36, x 17.2025, y -12.8825, z 250.469
 36274818 (1252) module 34, x 15.9925, y -12.0025, z 225.469
 34183058 (1174) module 32, x  14.81, y -11.1225, z 200.469
 32091554 (1087) module 30, x 13.6275, y -10.215, z 175.469
 30000050 (999) module 28, x 12.4175, y -9.335, z 150.469
 27908291 (911) module 26, x 11.235, y -8.4275, z 125.469
 25816787 (832) module 24, x 10.0525, y -7.5475, z 100.469
 23724771 (757) module 22, x 8.8425, y -6.6675, z 75.469
 21633267 (689) module 20, x 7.6325, y -5.7875, z 50.469
 18875366 (625) module 18, x 6.5025, y -4.9075, z 26.531
 16782331 (561) module 16, x 5.3475, y -4.0275, z  1.531

Track #64, length 14
 48761817 (1714) module 46, x 36.7275, y -7.2175, z 648.469
 46674912 (1641) module 44, x 34.5275, y -6.8325, z 603.469
 44604660 (1568) module 42, x 28.7525, y -5.7325, z 484.921
 40304618 (1412) module 38, x 20.2525, y -4.0725, z 312.463
 37755938 (1328) module 36, x 17.2825, y -3.505, z 251.531
 35660088 (1253) module 34, x 16.045, y -3.2575, z 226.531
 33563983 (1173) module 32, x 14.8075, y -3.0375, z 201.531
 31468133 (1086) module 30, x 13.5975, y -2.7625, z 176.531
 29372027 (998) module 28, x 12.3692, y -2.52417, z 151.531
 27276178 (910) module 26, x 11.1225, y -2.2675, z 126.531
 25180072 (831) module 24, x 9.9125, y -2.0475, z 101.531
 23084223 (756) module 22, x 8.6475, y -1.7725, z 76.531
 20988373 (688) module 20, x 7.4375, y -1.4975, z 51.531
 18892267 (623) module 18, x 6.2275, y -1.2775, z 26.531

Track #65, length 14
 47096332 (1639) module 44, x 32.245, y -32.4625, z 604.531
 44973679 (1566) module 42, x 26.7175, y -27.0175, z 485.982
 42856640 (1491) module 40, x 22.3175, y -22.5625, z 390.473
 40456451 (1410) module 38, x 18.6875, y -18.9875, z 312.463
 38372663 (1324) module 36, x 15.8275, y -16.1275, z 250.469
 36280908 (1251) module 34, x 14.645, y -14.9725, z 225.469
 34189409 (1172) module 32, x 13.4625, y -13.8175, z 200.469
 32097654 (1084) module 30, x 12.3075, y -12.6625, z 175.469
 30005899 (996) module 28, x 11.1525, y -11.5075, z 150.469
 27914144 (908) module 26, x 9.9975, y -10.3525, z 125.469
 25821877 (826) module 24, x 8.8425, y -9.1975, z 100.469
 23730122 (754) module 22, x 7.6875, y -8.0425, z 75.469
 21638367 (685) module 20, x 6.5325, y -6.8875, z 50.469
 19546612 (619) module 18, x 5.3775, y -5.7325, z 25.469

Track #66, length 15
 46667845 (1642) module 44, x 35.985, y -15.3575, z 603.469
 44598643 (1569) module 42, x  29.99, y -12.8275, z 484.921
 42524056 (1494) module 40, x 25.1775, y -10.7925, z 389.411
 40444342 (1413) module 38, x 21.2908, y -9.12417, z 312.463
 38361807 (1329) module 36, x 18.165, y -7.7675, z 250.469
 36270552 (1254) module 34, x   16.9, y -7.2725, z 225.469
 34179298 (1175) module 32, x 15.6625, y -6.7225, z 200.469
 32088044 (1088) module 30, x 14.3975, y -6.1725, z 175.469
 29996789 (1001) module 28, x 13.1325, y  -5.65, z 150.469
 27905535 (914) module 26, x 11.8675, y -5.1275, z 125.469
 25168282 (834) module 24, x 10.6825, y -4.5775, z 101.531
 23073457 (760) module 22, x 9.4175, y -4.055, z 76.531
 20978888 (691) module 20, x 8.1525, y -3.5325, z 51.531
 18884319 (627) module 18, x 6.8875, y -2.9825, z 26.531
 16789749 (562) module 16, x   5.65, y -2.4325, z  1.531

Track #67, length 10
 45501188 (1572) module 43, x -32.9025, y -5.8275, z 496.921
 43409791 (1502) module 41, x -26.1375, y -4.6175, z 401.411
 41317090 (1426) module 39, x -20.6925, y -3.6825, z 324.463
 38834738 (1349) module 37, x -16.375, y -2.9575, z 263.531
 36736083 (1274) module 35, x -14.5875, y -2.6275, z 238.531
 34637427 (1199) module 33, x -12.8275, y -2.2975, z 213.531
 32538771 (1125) module 31, x -11.0675, y -1.995, z 188.531
 30440371 (1041) module 29, x -9.3075, y -1.6925, z 163.531
 28341715 (958) module 27, x -7.5475, y -1.3625, z 138.531
 26243059 (876) module 25, x -5.7875, y -1.0325, z 113.531

Track #68, length 9
 45534555 (1573) module 43, x -28.1175, y 1.3225, z 496.921
 43436228 (1504) module 41, x -22.3425, y 1.0475, z 401.411
 40914201 (1427) module 39, x -17.7775, y   0.81, z 325.525
 38818141 (1351) module 37, x -14.01, y 0.6175, z 263.531
 36721273 (1278) module 35, x -12.4975, y 0.5625, z 238.531
 34624404 (1204) module 33, x -11.0125, y   0.48, z 213.531
 32527792 (1128) module 31, x -9.4725, y 0.3975, z 188.531
 30430923 (1043) module 29, x -7.9875, y 0.3425, z 163.531
 28334055 (960) module 27, x -6.4475, y 0.2875, z 138.531

Track #69, length 10
 45911120 (1604) module 43, x -2.6275, y 28.7225, z 497.982
 43811510 (1533) module 41, x -2.0775, y 23.1125, z 402.473
 41583627 (1457) module 39, x -1.6925, y 18.5475, z 324.463
 39488077 (1378) module 37, x -1.335, y 14.9175, z 262.469
 37391720 (1300) module 35, x -1.1975, y 13.4325, z 237.469
 35295107 (1223) module 33, x -1.0875, y 11.9475, z 212.469
 33198749 (1144) module 31, x -0.922501, y  10.49, z 187.469
 31102136 (1057) module 29, x -0.8125, y 9.0325, z 162.469
 29005779 (972) module 27, x -0.647499, y 7.5475, z 137.469
 26909165 (885) module 25, x -0.537502, y   6.09, z 112.469

Track #70, length 8
 44880748 (1549) module 42, x 6.5325, y -27.155, z 485.982
 42776796 (1470) module 40, x  5.075, y -21.0225, z 390.473
 40524856 (1390) module 38, x 3.8925, y -16.045, z 312.463
 38432129 (1309) module 36, x 2.9575, y -12.0575, z 250.469
 36336798 (1234) module 34, x 2.5725, y -10.4625, z 225.469
 34241466 (1153) module 32, x 2.1875, y -8.9225, z 200.469
 32146135 (1065) module 30, x 1.8025, y -7.3275, z 175.469
 30050804 (977) module 28, x 1.4175, y -5.7325, z 150.469

Track #71, length 10
 44904054 (1556) module 42, x 11.6475, y -26.6325, z 485.982
 42795991 (1477) module 40, x 9.2825, y -21.2975, z 390.473
 40508455 (1397) module 38, x 7.37125, y -16.9937, z 312.463
 38418534 (1312) module 36, x 5.8725, y -13.5425, z 250.469
 36324224 (1237) module 34, x 5.2675, y -12.1125, z 225.469
 34229913 (1157) module 32, x 4.6625, y -10.7375, z 200.469
 32135602 (1068) module 30, x 4.0575, y -9.3625, z 175.469
 30041291 (980) module 28, x 3.4525, y  -7.96, z 150.469
 27946981 (897) module 26, x 2.8475, y -6.5575, z 125.469
 25852670 (819) module 24, x 2.2425, y -5.1825, z 100.469

Track #72, length 8
 44914996 (1558) module 42, x 14.0125, y -30.2625, z 485.982
 42803376 (1479) module 40, x 10.8775, y -23.4425, z 390.473
 40504086 (1398) module 38, x 8.3475, y -17.9425, z 312.463
 38416486 (1314) module 36, x 6.3125, y -13.5425, z 250.469
 36323206 (1238) module 34, x 5.4875, y -11.7825, z 225.469
 34229927 (1156) module 32, x 4.6625, y -9.9675, z 200.469
 32136647 (1067) module 30, x 3.8375, y -8.2075, z 175.469
 30043367 (979) module 28, x 3.0125, y  -6.42, z 150.469

Track #73, length 8
 44408297 (1564) module 42, x 20.3075, y 15.5075, z 484.921
 42023736 (1488) module 40, x 16.045, y 12.3625, z 390.473
 39914358 (1406) module 38, x 12.635, y 9.7225, z 313.525
 37808297 (1320) module 36, x 9.8575, y 7.6875, z 251.531
 35707069 (1245) module 34, x 8.7575, y  6.835, z 226.531
 33606098 (1164) module 32, x 7.6025, y 5.9825, z 201.531
 31505126 (1074) module 30, x 6.5025, y 5.1575, z 176.531
 29403898 (983) module 28, x  5.375, y 4.2775, z 151.531

Track #74, length 9
 44970095 (1565) module 42, x 25.9475, y -26.99, z 485.982
 42848471 (1490) module 40, x 20.5575, y -21.2975, z 390.473
 40468270 (1407) module 38, x 16.1575, y -16.6225, z 312.463
 38387569 (1322) module 36, x 12.6375, y -12.9375, z 250.469
 36297100 (1247) module 34, x 11.2075, y -11.4525, z 225.469
 34206375 (1168) module 32, x  9.805, y -9.9675, z 200.469
 32115650 (1079) module 30, x 8.3475, y -8.4825, z 175.469
 30025437 (991) module 28, x 6.8625, y -6.9975, z 150.469
 27934967 (901) module 26, x 5.4325, y -5.5675, z 125.469

Track #75, length 8
 44594452 (1570) module 42, x 30.8975, y -18.025, z 484.921
 42528865 (1493) module 40, x 24.1325, y -13.8175, z 389.411
 40457630 (1409) module 38, x 18.4675, y -10.4625, z 312.463
 38381517 (1323) module 36, x 13.9575, y -7.8775, z 250.469
 36292831 (1248) module 34, x 12.1425, y -6.8875, z 225.469
 34204146 (1169) module 32, x   10.3, y -5.8425, z 200.469
 31458497 (1080) module 30, x 8.5375, y -4.8525, z 176.531
 29365986 (988) module 28, x 6.7225, y -3.8625, z 151.531

Track #76, length 13
 44995636 (1571) module 42, x 31.475, y -30.2625, z 485.982
 42874254 (1495) module 40, x 26.2592, y -25.2758, z 390.473
 40758231 (1415) module 38, x 22.0425, y -21.2975, z 313.525
 38359829 (1330) module 36, x 18.5775, y -17.9975, z 250.469
 36268845 (1255) module 34, x  17.23, y -16.6775, z 225.469
 34178116 (1176) module 32, x 15.8825, y -15.4125, z 200.469
 32087388 (1089) module 30, x 14.5075, y -14.0925, z 175.469
 29996660 (1000) module 28, x 13.1325, y -12.7725, z 150.469
 27905675 (913) module 26, x 11.785, y -11.5075, z 125.469
 25814947 (833) module 24, x  10.41, y -10.1875, z 100.469
 23723962 (758) module 22, x   9.09, y -8.895, z 75.469
 21632978 (690) module 20, x 7.6875, y -7.6025, z 50.469
 19542250 (624) module 18, x 6.3125, y -6.2825, z 25.469

Track #77, length 14
 43535298 (1497) module 41, x -33.2075, y 8.4825, z 401.411
 41461207 (1420) module 39, x -28.2575, y 7.3275, z 324.463
 39382504 (1343) module 37, x -24.27, y 6.3925, z 262.469
 37292527 (1268) module 35, x -22.6475, y 6.0075, z 237.469
 35202806 (1193) module 33, x -21.025, y 5.6225, z 212.469
 33113341 (1113) module 31, x -19.4025, y 5.2375, z 187.469
 30409751 (1027) module 29, x -17.8875, y 4.8525, z 163.531
 28314420 (944) module 27, x -16.265, y 4.4675, z 138.531
 26219346 (859) module 25, x -14.6425, y 4.0275, z 113.531
 24124271 (788) module 23, x -13.0475, y 3.5875, z 88.531
 22029196 (717) module 21, x -11.425, y 3.1475, z 63.531
 19934122 (659) module 19, x -9.8025, y 2.7075, z 38.531
 17838791 (595) module 17, x -8.2075, y  2.295, z 13.531
 15743717 (536) module 15, x -6.5575, y  1.855, z -11.469

Track #78, length 10
 43319812 (1498) module 41, x -32.9025, y -24.0325, z 401.411
 41246335 (1423) module 39, x -26.11, y -18.9725, z 324.463
 39167972 (1347) module 37, x -20.5825, y -14.93, z 262.469
 36785420 (1271) module 35, x -18.465, y -13.3525, z 238.531
 34680885 (1196) module 33, x -16.2375, y -11.7575, z 213.531
 32576093 (1120) module 31, x -14.0375, y -10.135, z 188.531
 30472069 (1034) module 29, x -11.8375, y -8.5125, z 163.531
 28367534 (953) module 27, x -9.5825, y -6.9175, z 138.531
 26262742 (874) module 25, x -7.34583, y -5.30417, z 113.531
 24158207 (804) module 23, x -5.1275, y -3.6725, z 88.531

Track #79, length 14
 43419678 (1499) module 41, x -31.4725, y -2.4725, z 401.411
 41324404 (1422) module 39, x -26.7425, y -2.0875, z 324.463
 39228602 (1344) module 37, x -22.8925, y -1.8125, z 262.469
 37131990 (1269) module 35, x -21.3525, y -1.675, z 237.469
 35035634 (1194) module 33, x -19.8125, y -1.5375, z 212.469
 32536078 (1115) module 31, x -18.3825, y -1.4175, z 188.531
 30438442 (1028) module 29, x -16.8425, y -1.3075, z 163.531
 28340806 (946) module 27, x -15.3025, y -1.1975, z 138.531
 26243169 (861) module 25, x -13.79, y -1.0875, z 113.531
 24145533 (790) module 23, x -12.2775, y -0.9775, z 88.531
 22047897 (718) module 21, x -10.7375, y -0.8675, z 63.531
 19950260 (660) module 19, x -9.225, y -0.7575, z 38.531
 17852368 (597) module 17, x -7.685, y -0.5925, z 13.531
 15754732 (537) module 15, x -6.1725, y -0.4825, z -11.469

Track #80, length 5
 43942248 (1500) module 41, x -30.4025, y 27.4025, z 402.473
 41814491 (1425) module 39, x -23.8392, y 21.0408, z 325.525
 39409723 (1348) module 37, x -18.3025, y 15.9075, z 262.469
 37322591 (1273) module 35, x -16.1392, y 13.8908, z 237.469
 35235716 (1198) module 33, x -13.9575, y 11.8925, z 212.469

Track #81, length 14
 43334459 (1501) module 41, x -29.8775, y -20.8975, z 401.411
 41252233 (1424) module 39, x -25.5875, y -17.7075, z 324.463
 39167177 (1345) module 37, x -22.0675, y -15.1225, z 262.469
 37075170 (1270) module 35, x -20.6925, y -14.0225, z 237.469
 34983164 (1195) module 33, x -19.2625, y -12.9225, z 212.469
 32584214 (1117) module 31, x -17.915, y -11.8675, z 188.531
 30481969 (1029) module 29, x -16.4575, y -10.7675, z 163.531
 28379722 (947) module 27, x -15.055, y -9.6675, z 138.531
 26278244 (862) module 25, x -13.625, y -8.6225, z 113.531
 24176255 (791) module 23, x -12.1675, y -7.5775, z 88.531
 22074266 (719) module 21, x -10.6825, y  -6.56, z 63.531
 19972789 (661) module 19, x  -9.17, y -5.5975, z 38.531
 17871057 (598) module 17, x -7.6575, y -4.635, z 13.531
 15769837 (539) module 15, x -6.1175, y -3.7275, z -11.469

Track #82, length 4
 43048621 (1516) module 41, x -9.6375, y -7.1375, z 402.473
 40946375 (1442) module 39, x -8.2075, y -6.065, z 325.525
 38845405 (1366) module 37, x -6.9975, y -5.2125, z 263.531
 36746726 (1289) module 35, x -6.45667, y -4.8825, z 238.531

Track #83, length 9
 43818349 (1532) module 41, x -3.5625, y   27.1, z 402.473
 41717972 (1456) module 39, x -2.8475, y 21.4625, z 325.525
 39483945 (1376) module 37, x -2.2425, y  16.87, z 262.469
 37387851 (1298) module 35, x -2.0225, y 15.0275, z 237.469
 35292012 (1221) module 33, x -1.7475, y 13.2125, z 212.469
 33195917 (1142) module 31, x -1.5275, y 11.3975, z 187.469
 31100078 (1055) module 29, x -1.2525, y  9.555, z 162.469
 29003984 (969) module 27, x -1.0325, y 7.7125, z 137.469
 26907889 (883) module 25, x -0.8125, y 5.8975, z 112.469

Track #84, length 14
 43806475 (1536) module 41, x  -1.06, y  32.49, z 402.473
 41709158 (1460) module 39, x -0.9775, y 27.5125, z 325.525
 39611567 (1381) module 37, x -0.8675, y 23.4975, z 263.531
 37514444 (1301) module 35, x -0.8675, y 21.875, z 238.531
 35417066 (1224) module 33, x -0.8125, y 20.2525, z 213.531
 33199115 (1145) module 31, x -0.785, y 18.5475, z 187.469
 31102248 (1058) module 29, x -0.7575, y 16.9525, z 162.469
 29005381 (971) module 27, x -0.702499, y  15.33, z 137.469
 26908259 (884) module 25, x -0.702499, y 13.7075, z 112.469
 24811392 (809) module 23, x -0.647499, y 12.1125, z 87.469
 22714269 (737) module 21, x -0.619999, y  10.49, z 62.469
 20617403 (672) module 19, x -0.592499, y 8.8675, z 37.469
 18520536 (608) module 17, x -0.537502, y  7.245, z 12.469
 16423414 (547) module 15, x -0.537502, y 5.6225, z -12.531

Track #85, length 14
 43797567 (1537) module 41, x 0.874166, y 29.6392, z 402.473
 41701778 (1461) module 39, x 0.6175, y 25.0925, z 325.525
 39605459 (1382) module 37, x 0.4525, y 21.5175, z 263.531
 37508590 (1303) module 35, x 0.3975, y 20.0325, z 238.531
 35301644 (1227) module 33, x 0.342499, y 18.4925, z 212.469
 33204006 (1146) module 31, x 0.259998, y 17.035, z 187.469
 31106625 (1059) module 29, x 0.177498, y 15.5775, z 162.469
 29009244 (973) module 27, x 0.122498, y 14.0925, z 137.469
 26911863 (886) module 25, x 0.0675011, y 12.6075, z 112.469
 24814481 (810) module 23, x 0.0125008, y  11.15, z 87.469
 22716844 (738) module 21, x -0.0699997, y 9.6925, z 62.469
 20619463 (674) module 19, x -0.1525, y   8.18, z 37.469
 18522082 (610) module 17, x -0.2075, y  6.695, z 12.469
 16424702 (549) module 15, x -0.262501, y 5.1825, z -12.531

Track #86, length 8
 42288730 (1496) module 40, x 28.145, y 20.2925, z 389.411
 40213714 (1414) module 38, x 21.5725, y 15.5625, z 312.463
 37826866 (1326) module 36, x 16.375, y 11.8125, z 251.531
 35722585 (1249) module 34, x  14.23, y 10.2725, z 226.531
 33618816 (1170) module 32, x 12.085, y 8.7325, z 201.531
 31514535 (1081) module 30, x   9.94, y 7.1925, z 176.531
 29410254 (992) module 28, x 7.78583, y 5.68917, z 151.531
 27305973 (902) module 26, x 5.6775, y   4.14, z 126.531

Track #87, length 7
 41248363 (1421) module 39, x -27.21, y -18.5325, z 324.463
 39172064 (1346) module 37, x -20.7842, y -14.0408, z 262.469
 36780816 (1272) module 35, x -18.2725, y -12.39, z 238.531
 34675263 (1197) module 33, x -15.6875, y -10.575, z 213.531
 32570734 (1121) module 31, x -13.1025, y -8.8425, z 188.531
 30465694 (1037) module 29, x -10.4625, y -7.1375, z 163.531
 26256124 (877) module 25, x -5.2925, y -3.8375, z 113.531

Track #88, length 6
 41068331 (1429) module 39, x -16.7875, y -32.52, z 325.525
 38935920 (1355) module 37, x -12.9558, y -24.9392, z 263.531
 36825485 (1280) module 35, x -11.3975, y -21.9325, z 238.531
 34714026 (1206) module 33, x -9.8025, y -18.88, z 213.531
 32602567 (1130) module 31, x -8.2075, y  -15.8, z 188.531
 30490851 (1046) module 29, x -6.6675, y -12.665, z 163.531

Track #89, length 13
 41068088 (1430) module 39, x -16.045, y -32.4375, z 325.525
 38949215 (1352) module 37, x -13.9275, y -27.79, z 263.531
 36843631 (1276) module 35, x -13.0475, y -25.9475, z 238.531
 34737791 (1201) module 33, x -12.1675, y -24.0775, z 213.531
 32632462 (1124) module 31, x -11.315, y -22.2075, z 188.531
 30526622 (1036) module 29, x -10.4625, y -20.3375, z 163.531
 28420782 (954) module 27, x -9.5825, y -18.4675, z 138.531
 26314942 (868) module 25, x -8.675, y -16.5975, z 113.531
 24209103 (796) module 23, x -7.7675, y -14.755, z 88.531
 22103520 (726) module 21, x -6.8325, y -12.9125, z 63.531
 19997681 (666) module 19, x -5.8975, y -11.0425, z 38.531
 17494982 (553) module 16, x -4.4125, y -8.235, z  0.469
 15393255 (487) module 14, x -3.4225, y  -6.42, z -24.531

Track #90, length 13
 41777169 (1431) module 39, x -15.7175, y  32.16, z 325.525
 39669603 (1353) module 37, x -13.4625, y 27.6775, z 263.531
 37568388 (1277) module 35, x -12.5825, y 25.8625, z 238.531
 35466917 (1202) module 33, x -11.675, y 24.0475, z 213.531
 33365702 (1126) module 31, x -10.7675, y 22.2325, z 188.531
 31264743 (1039) module 29, x -9.9425, y 20.4175, z 163.531
 26873646 (871) module 25, x -8.1275, y 16.6225, z 112.469
 24780623 (799) module 23, x -7.2475, y  14.78, z 87.469
 22687601 (729) module 21, x  -6.34, y 12.9375, z 62.469
 20594579 (668) module 19, x -5.4875, y 11.0675, z 37.469
 18501812 (604) module 17, x -4.5525, y 9.2525, z 12.469
 16408790 (546) module 15, x -3.6725, y 7.3825, z -12.531
 14316024 (481) module 13, x -2.7375, y 5.5125, z -37.531

Track #91, length 9
 41057674 (1437) module 39, x -11.535, y -30.1825, z 325.525
 38930871 (1361) module 37, x -9.0875, y -23.8025, z 263.531
 36822217 (1285) module 35, x -8.0975, y -21.245, z 238.531
 34713307 (1211) module 33, x -7.1075, y -18.6875, z 213.531
 32604141 (1135) module 31, x -6.1175, y -16.13, z 188.531
 30495230 (1051) module 29, x -5.155, y -13.5725, z 163.531
 30078846 (976) module 28, x -4.6325, y -12.2225, z 150.469
 27977389 (893) module 26, x -3.6975, y -9.6375, z 125.469
 25875675 (816) module 24, x -2.7075, y  -7.08, z 100.469

Track #92, length 9
 40687620 (1395) module 38, x 6.8075, y -32.875, z 313.525
 38583687 (1311) module 36, x 5.3225, y -25.67, z 251.531
 36483772 (1236) module 34, x 4.7175, y -22.7825, z 226.531
 34383856 (1155) module 32, x 4.1125, y -19.895, z 201.531
 32138025 (1066) module 30, x 3.5075, y -16.87, z 175.469
 30043742 (978) module 28, x 2.9025, y -13.9825, z 150.469
 27949459 (895) module 26, x 2.2975, y -11.0675, z 125.469
 25855176 (817) module 24, x 1.6925, y -8.1525, z 100.469
 23760893 (745) module 22, x 1.0875, y  -5.21, z 75.469

Track #93, length 13
 40292940 (1416) module 38, x 28.915, y -1.5975, z 312.463
 38194585 (1331) module 36, x 24.6708, y -1.34083, z 250.469
 36096953 (1256) module 34, x 22.9475, y  -1.24, z 225.469
 33999320 (1179) module 32, x 21.2425, y  -1.13, z 200.469
 31901687 (1093) module 30, x  19.51, y  -1.02, z 175.469
 29379607 (1005) module 28, x 17.8875, y -0.8925, z 151.531
 27282998 (922) module 26, x 16.1825, y -0.7825, z 126.531
 25186389 (841) module 24, x  14.45, y -0.6725, z 101.531
 23089524 (765) module 22, x 12.7542, y -0.580833, z 76.531
 20992915 (697) module 20, x 11.0675, y -0.5075, z 51.531
 18896306 (634) module 18, x 9.3625, y -0.3975, z 26.531
 16799441 (565) module 16, x 7.6575, y -0.3425, z  1.531
 14702832 (495) module 14, x 5.9525, y -0.2325, z -23.469

Track #94, length 13
 40379025 (1417) module 38, x 35.435, y -11.1775, z 312.463
 38306735 (1335) module 36, x 30.1275, y   -9.5, z 250.469
 36219324 (1259) module 34, x  28.01, y -8.8125, z 225.469
 34132168 (1180) module 32, x 25.865, y -8.1525, z 200.469
 32045012 (1096) module 30, x  23.72, y -7.4925, z 175.469
 29957344 (1012) module 28, x 21.575, y -6.8325, z 150.469
 27870445 (925) module 26, x 19.4025, y -6.1175, z 125.469
 25783289 (844) module 24, x 17.2575, y -5.4575, z 100.469
 23070024 (769) module 22, x 15.1925, y -4.7975, z 76.531
 20975983 (699) module 20, x 13.0475, y  -4.11, z 51.531
 18882198 (637) module 18, x 10.875, y -3.4225, z 26.531
 16788157 (569) module 16, x   8.73, y -2.7625, z  1.531
 14694116 (499) module 14, x 6.59417, y -2.06583, z -23.469

Track #95, length 7
 40825924 (1418) module 38, x 36.755, y -29.3825, z 313.525
 38685112 (1332) module 36, x 27.3225, y -23.0025, z 251.531
 36570342 (1257) module 34, x 23.5275, y -20.4725, z 226.531
 34160665 (1178) module 32, x 19.595, y -17.7775, z 200.469
 32081224 (1091) module 30, x 15.8092, y -15.1558, z 175.469
 30002040 (997) module 28, x 11.9775, y -12.5525, z 150.469
 27921832 (907) module 26, x   8.21, y -9.9125, z 125.469

Track #96, length 7
 39128072 (1338) module 37, x -32.6642, y -23.4458, z 262.469
 37045320 (1263) module 35, x -29.135, y -20.4025, z 237.469
 34962312 (1189) module 33, x -25.6425, y -17.3775, z 212.469
 32879047 (1111) module 31, x -22.1592, y -14.3708, z 187.469
 30485254 (1026) module 29, x -18.8225, y -11.4825, z 163.531
 28374597 (945) module 27, x -15.3575, y -8.485, z 138.531
 26263684 (865) module 25, x -11.8925, y -5.4875, z 113.531

Track #97, length 4
 39343403 (1339) module 37, x -32.6575, y 16.7875, z 262.469
 37265746 (1264) module 35, x -28.4775, y 14.615, z 237.469
 35187834 (1190) module 33, x -24.325, y 12.4425, z 212.469
 33109154 (1112) module 31, x -20.255, y 10.2425, z 187.469

Track #98, length 4
 39750311 (1341) module 37, x -30.8975, y  23.91, z 263.531
 37635549 (1265) module 35, x -27.1025, y 20.9675, z 238.531
 35192854 (1191) module 33, x -23.1425, y 17.9242, z 212.469
 33113420 (1114) module 31, x -19.3475, y 14.945, z 187.469

Track #99, length 7
 39228247 (1342) module 37, x -28.3375, y -1.8675, z 262.469
 37132182 (1267) module 35, x -24.845, y  -1.62, z 237.469
 35036374 (1192) module 33, x -21.3525, y -1.3725, z 212.469
 32534805 (1116) module 31, x -17.9975, y -1.1425, z 188.531
 30436692 (1031) module 29, x -14.505, y -0.9225, z 163.531
 28338580 (949) module 27, x -10.985, y -0.7025, z 138.531
 26240468 (873) module 25, x -7.465, y -0.4825, z 113.531

Track #100, length 13
 39614238 (1377) module 37, x -1.49083, y 31.4542, z 263.531
 37516614 (1299) module 35, x -1.3625, y 29.2725, z 238.531
 35418989 (1222) module 33, x -1.2525, y 27.1275, z 213.531
 33321364 (1143) module 31, x -1.1425, y 24.955, z 188.531
 31223740 (1056) module 29, x  -1.06, y 22.7825, z 163.531
 29126371 (970) module 27, x -0.9775, y  20.61, z 138.531
 26907406 (882) module 25, x  -0.84, y 18.3825, z 112.469
 24810805 (808) module 23, x -0.7575, y  16.21, z 87.469
 22714204 (736) module 21, x -0.647499, y 14.065, z 62.469
 20617604 (673) module 19, x -0.537502, y 11.8925, z 37.469
 18521003 (609) module 17, x -0.427502, y 9.7475, z 12.469
 16424146 (548) module 15, x -0.372501, y 7.6025, z -12.531
 14327545 (483) module 13, x -0.262501, y   5.43, z -37.531

Track #101, length 8
 38634060 (1325) module 36, x 16.2675, y -28.9425, z 251.531
 36528520 (1250) module 34, x 14.4525, y -25.615, z 226.531
 34422981 (1171) module 32, x 12.6375, y -22.2875, z 201.531
 32104966 (1082) module 30, x 10.7125, y -18.8225, z 175.469
 30015809 (993) module 28, x 8.8975, y -15.55, z 150.469
 27927421 (906) module 26, x 7.0275, y -12.2775, z 125.469
 25838776 (823) module 24, x 5.2125, y -9.0325, z 100.469
 23750387 (747) module 22, x  3.315, y -5.7875, z 75.469

Track #102, length 5
 38313057 (1333) module 36, x 28.725, y -13.8175, z 250.469
 36237701 (1258) module 34, x  24.05, y -11.8375, z 225.469
 34162088 (1177) module 32, x 19.3292, y -9.87583, z 200.469
 32086732 (1090) module 30, x 14.645, y -7.9325, z 175.469
 30011376 (995) module 28, x   9.97, y -5.9525, z 150.469

Track #103, length 6
 37668311 (1261) module 35, x -34.17, y 21.2975, z 238.531
 35162925 (1188) module 33, x -29.66, y 16.6775, z 212.469
 33086076 (1108) module 31, x -25.315, y 12.3325, z 187.469
 31008971 (1025) module 29, x -20.9425, y 7.9875, z 162.469
 28317227 (943) module 27, x -16.7508, y 3.84417, z 138.531
 26240378 (864) module 25, x -12.4425, y -0.4825, z 113.531

Track #104, length 7
 35570146 (1186) module 33, x -33.9225, y 20.6925, z 213.531
 33066004 (1106) module 31, x -29.605, y 18.0525, z 187.469
 30988098 (1021) module 29, x -25.48, y 15.5225, z 162.469
 28909936 (938) module 27, x -21.3275, y 12.9925, z 137.469
 26832029 (856) module 25, x -17.1842, y 10.4808, z 112.469
 24754123 (787) module 23, x -13.05, y 7.9875, z 87.469
 22675961 (722) module 21, x -8.8975, y 5.4575, z 62.469

Track #105, length 4
 35052053 (1187) module 33, x -31.94, y  2.065, z 212.469
 32954948 (1107) module 31, x -29.3825, y 2.0375, z 187.469
 30857586 (1020) module 29, x -26.8525, y   2.01, z 162.469
 28760480 (936) module 27, x -24.3225, y 1.9825, z 137.469

Track #106, length 5
 34390784 (1161) module 32, x 5.6525, y -33.1225, z 201.531
 32289385 (1069) module 30, x  4.745, y -27.3475, z 176.531
 30187987 (981) module 28, x 3.7825, y -21.49, z 151.531
 27947332 (896) module 26, x 2.7375, y -15.385, z 125.469
 25855151 (818) module 24, x 1.6925, y   -9.5, z 100.469

Track #107, length 6
 34405664 (1167) module 32, x 8.8425, y -31.335, z 201.531
 32302707 (1078) module 30, x 7.5775, y -26.77, z 176.531
 30199750 (987) module 28, x 6.3125, y -22.205, z 151.531
 27936799 (898) module 26, x  4.965, y -17.4475, z 125.469
 25845875 (820) module 24, x 3.6725, y -12.8275, z 100.469
 23754952 (746) module 22, x 2.3525, y -8.1525, z 75.469

Track #108, length 5
 33917702 (1184) module 32, x 32.7925, y 16.4975, z 200.469
 31834224 (1099) module 30, x 26.935, y 13.5825, z 175.469
 29751002 (1011) module 28, x 21.105, y 10.6125, z 150.469
 27322945 (920) module 26, x  15.55, y 7.7975, z 126.531
 25212075 (830) module 24, x 9.71083, y 4.86417, z 101.531

Track #109, length 5
 33046348 (1102) module 31, x -33.84, y 14.9725, z 187.469
 30980226 (1018) module 29, x -27.2125, y 12.0025, z 162.469
 28913336 (939) module 27, x -20.6125, y 9.0325, z 137.469
 26846957 (860) module 25, x -13.9758, y 6.09917, z 112.469
 24125649 (798) module 23, x  -7.63, y 3.3125, z 88.531

Track #110, length 6
 32852492 (1104) module 31, x -32.435, y -20.0725, z 187.469
 30770539 (1019) module 29, x -27.21, y -16.8275, z 162.469
 28688329 (937) module 27, x -22.0308, y -13.6192, z 137.469
 26286630 (857) module 25, x -17.035, y -10.5475, z 113.531
 24174980 (792) module 23, x -11.865, y  -7.33, z 88.531
 22063074 (727) module 21, x -6.695, y -4.1125, z 63.531

Track #111, length 10
 33422353 (1110) module 31, x -22.9775, y 32.1875, z 188.531
 31316035 (1024) module 29, x -20.9975, y  29.41, z 163.531
 29209718 (941) module 27, x -19.0175, y 26.6325, z 138.531
 27103144 (858) module 25, x -17.0192, y 23.8458, z 113.531
 24996827 (784) module 23, x -15.03, y 21.0775, z 88.531
 22657298 (716) module 21, x -12.9675, y 18.1625, z 62.469
 20569413 (658) module 19, x -10.9875, y 15.3575, z 37.469
 18481271 (594) module 17, x  -8.98, y  12.58, z 12.469
 16393130 (534) module 15, x     -7, y 9.8025, z -12.531
 14305245 (479) module 13, x  -5.02, y 6.9975, z -37.531

Track #112, length 6
 33349188 (1134) module 31, x -7.1375, y 29.3825, z 188.531
 31247246 (1049) module 29, x  -6.12, y 25.3125, z 163.531
 29145560 (965) module 27, x -5.1025, y 21.2425, z 138.531
 26892583 (878) module 25, x -4.0575, y 17.0075, z 112.469
 24800113 (805) module 23, x -3.0675, y 12.9375, z 87.469
 22707643 (734) module 21, x -2.0775, y   8.84, z 62.469

Track #113, length 4
 32322375 (1083) module 30, x 11.9225, y -29.19, z 176.531
 30213305 (994) module 28, x 9.35583, y -22.9292, z 151.531
 27928882 (905) module 26, x 6.6975, y -16.375, z 125.469
 25843877 (821) module 24, x 4.1125, y -10.0775, z 100.469

Track #114, length 5
 31914239 (1092) module 30, x 19.0975, y -3.6875, z 175.469
 29369403 (1003) module 28, x 15.9075, y -3.0925, z 151.531
 27275383 (915) module 26, x  12.58, y -2.4325, z 126.531
 25181363 (828) module 24, x   9.28, y -1.7725, z 101.531
 23087088 (751) module 22, x 5.9525, y -1.1675, z 76.531

Track #115, length 4
 32375561 (1095) module 30, x 23.5092, y -32.5908, z 176.531
 30255498 (1006) module 28, x 18.4125, y -25.505, z 151.531
 27899409 (916) module 26, x 13.1325, y -18.19, z 125.469
 25825168 (825) module 24, x    8.1, y -11.2325, z 100.469

Track #116, length 5
 32380974 (1097) module 30, x 24.655, y -30.5925, z 176.531
 30264461 (1009) module 28, x 20.365, y -25.3675, z 151.531
 28147436 (921) module 26, x 16.0842, y -20.1058, z 126.531
 25808979 (835) module 24, x 11.675, y -14.5875, z 100.469
 23731123 (753) module 22, x 7.4675, y  -9.28, z 75.469

Track #117, length 4
 31754390 (1098) module 30, x 24.8542, y 30.8158, z 175.469
 29688056 (1008) module 28, x 19.455, y 24.1287, z 150.469
 27368536 (919) module 26, x 14.3125, y 17.725, z 126.531
 25240250 (827) module 24, x 8.9225, y 11.015, z 101.531

Track #118, length 5
 31984159 (1101) module 30, x 36.755, y -17.4475, z 175.469
 29917013 (1015) module 28, x 30.3292, y -14.4408, z 150.469
 27849868 (928) module 26, x 23.8758, y -11.4342, z 125.469
 25781955 (845) module 24, x 17.505, y -8.4275, z 100.469
 23714810 (764) module 22, x  11.07, y -5.4025, z 75.469

Track #119, length 10
 30674117 (1023) module 29, x -22.26, y -37.6725, z 162.469
 28592874 (940) module 27, x -20.2525, y -34.2625, z 137.469
 26381327 (854) module 25, x  -18.3, y -31.0075, z 113.531
 24268340 (783) module 23, x -16.2925, y -27.625, z 88.531
 22155353 (715) module 21, x -14.2575, y -24.1875, z 63.531
 20042877 (655) module 19, x -12.2775, y -20.7775, z 38.531
 17929889 (591) module 17, x -10.27, y -17.3675, z 13.531
 15816646 (532) module 15, x -8.2625, y -13.93, z -11.469
 13703659 (475) module 13, x -6.2275, y -10.4925, z -36.469
 11197437 (354) module 10, x  -3.12, y -5.2375, z -74.531

Track #120, length 4
 29688111 (1016) module 28, x  30.51, y 24.0875, z 150.469
 27621832 (927) module 26, x 22.1042, y 17.4508, z 125.469
 25240413 (840) module 24, x 14.0375, y  11.07, z 101.531
 23112950 (750) module 22, x 5.60417, y 4.40583, z 76.531

Track #121, length 4
 28655153 (933) module 27, x -30.4092, y -20.6958, z 137.469
 26580915 (851) module 25, x -23.25, y -15.8375, z 112.469
 24192306 (782) module 23, x -16.3842, y -11.1708, z 88.531
 22073012 (721) module 21, x -9.23417, y -6.27583, z 63.531

Track #122, length 9
 29169435 (950) module 27, x -10.3825, y 31.6375, z 138.531
 27067221 (867) module 25, x -9.2825, y  28.42, z 113.531
 24965518 (795) module 23, x -8.1825, y 25.285, z 88.531
 22863559 (724) module 21, x -7.1375, y 22.1775, z 63.531
 20591364 (664) module 19, x -6.12917, y 18.8958, z 37.469
 18499134 (603) module 17, x -5.1025, y 15.715, z 12.469
 16406904 (545) module 15, x -4.0575, y 12.5525, z -12.531
 14314673 (480) module 13, x -3.0125, y   9.39, z -37.531
 12222442 (415) module 11, x -1.9675, y  6.255, z -62.531

Track #123, length 6
 28121645 (909) module 26, x 10.5475, y -30.6475, z 126.531
 26019432 (829) module 24, x 9.4475, y -27.4025, z 101.531
 23917731 (755) module 22, x 8.3475, y -24.1575, z 76.531
 21815263 (687) module 20, x   7.22, y -20.8575, z 51.531
 19543070 (622) module 18, x 6.0925, y -17.475, z 25.469
 17451353 (557) module 16, x 4.9375, y -14.23, z  0.469

Track #124, length 4
 27642944 (930) module 26, x 29.575, y 12.9225, z 125.469
 25558706 (846) module 24, x 23.305, y 10.1725, z 100.469
 23127330 (770) module 22, x 17.255, y 7.5225, z 76.531
 21017237 (696) module 20, x  10.93, y  4.745, z 51.531

Track #125, length 4
 27813943 (931) module 26, x 31.585, y -16.1275, z 125.469
 25748085 (848) module 24, x 24.875, y -12.7175, z 100.469
 23681971 (771) module 22, x  18.11, y -9.3075, z 75.469
 21616113 (698) module 20, x 11.3908, y -5.87917, z 50.469

Track #126, length 4
 27812161 (932) module 26, x  31.97, y -15.5775, z 125.469
 25754508 (847) module 24, x   23.5, y -11.4525, z 100.469
 23696599 (768) module 22, x 14.975, y -7.3275, z 75.469
 20979679 (686) module 20, x   6.86, y -3.3675, z 51.531

Track #127, length 5
 26662606 (852) module 25, x -21.7925, y 1.8175, z 112.469
 24564476 (780) module 23, x -19.2625, y  1.625, z 87.469
 22037033 (713) module 21, x -16.87, y 1.4425, z 63.531
 19940950 (651) module 19, x -14.4225, y 1.2225, z 38.531
 17845123 (589) module 17, x -11.9475, y 0.9475, z 13.531

Track #128, length 4
 26934208 (890) module 25, x 4.8525, y 8.5925, z 112.469
 24834513 (814) module 23, x 4.3025, y 7.6575, z 87.469
 22734819 (742) module 21, x 3.7525, y 6.6675, z 62.469
 20635124 (675) module 19, x   3.23, y 5.7325, z 37.469

Track #129, length 7
 25093335 (775) module 23, x -35.8475, y 21.2975, z 88.531
 22573068 (709) module 21, x -31.1725, y 18.4925, z 62.469
 20496701 (646) module 19, x -26.7175, y 15.7975, z 37.469
 18419565 (583) module 17, x -22.29, y 13.1575, z 12.469
 16343197 (523) module 15, x -17.835, y 10.5175, z -12.531
 14267084 (462) module 13, x -13.3525, y  7.905, z -37.531
 12190204 (409) module 11, x -8.87917, y 5.25583, z -62.531

Track #130, length 6
 21887789 (704) module 20, x  22.95, y -30.6475, z 51.531
 19774082 (638) module 18, x 19.3658, y -25.9542, z 26.531
 17660376 (575) module 16, x 15.7908, y -21.2242, z  1.531
 15321396 (504) module 14, x 12.0875, y -16.2925, z -24.531
 13240201 (435) module 12, x 8.5675, y -11.59, z -49.531
 11159006 (361) module 10, x 5.13917, y -6.90583, z -74.531

Track #131, length 6
 21891407 (705) module 20, x 23.8025, y -28.75, z 51.531
 19777952 (639) module 18, x 20.1725, y -24.3225, z 26.531
 17663729 (576) module 16, x 16.515, y -19.8675, z  1.531
 15318598 (505) module 14, x 12.6925, y -15.3025, z -24.531
 13238166 (436) module 12, x  9.035, y -10.9025, z -49.531
 11157733 (363) module 10, x 5.39583, y -6.53917, z -74.531

Track #132, length 6
 21430113 (706) module 20, x  27.76, y -4.0725, z 50.469
 19330223 (641) module 18, x  23.47, y -3.4675, z 25.469
 17230333 (578) module 16, x 19.2075, y -2.8625, z  0.469
 14692937 (508) module 14, x 15.1192, y -2.28583, z -23.469
 12598935 (437) module 12, x  10.82, y -1.6625, z -48.469
 10504677 (368) module 10, x 6.5575, y  -1.03, z -73.469

Track #133, length 6
 21498445 (707) module 20, x 36.7825, y -14.9175, z 50.469
 19427703 (642) module 18, x 31.1175, y -12.6075, z 25.469
 17356960 (579) module 16, x 25.4525, y -10.325, z  0.469
 15285706 (512) module 14, x 19.7875, y -8.0425, z -24.531
 13214964 (439) module 12, x 14.1225, y -5.7325, z -49.531
 10493118 (372) module 10, x 8.7025, y -3.5325, z -73.469

Track #134, length 5
 19927021 (665) module 19, x -6.08083, y 4.22917, z 38.531
 18460850 (587) module 17, x -13.4625, y 9.3625, z 12.469
 16330584 (521) module 15, x -20.5575, y 14.3125, z -12.531
 14567679 (452) module 13, x -27.295, y 19.0975, z -36.469
 12503204 (387) module 11, x -34.3075, y 24.075, z -61.469

Track #135, length 6
 19576567 (616) module 18, x -1.0575, y -5.5675, z 25.469
 17483181 (554) module 16, x -1.8825, y  -9.61, z  0.469
 15389795 (488) module 14, x -2.7075, y -13.68, z -24.531
 13296410 (419) module 12, x -3.5325, y -17.7225, z -49.531
 11275730 (350) module 10, x  -4.33, y -21.5725, z -73.469
  9603308 (339) module  9, x -6.1725, y -30.815, z -131.219

Track #136, length 5
 18914771 (629) module 18, x   7.52, y 3.5625, z 26.531
 16829806 (572) module 16, x 13.0658, y 6.23917, z  1.531
 14745097 (509) module 14, x  18.63, y 8.8975, z -23.469
 12968862 (446) module 12, x 24.405, y 11.6575, z -49.531
 10859322 (384) module 10, x 29.905, y 14.2975, z -74.531

Track #137, length 5
 18917840 (630) module 18, x 7.7125, y 4.2225, z 26.531
 16835176 (573) module 16, x 13.405, y 7.3575, z  1.531
 15070713 (511) module 14, x 19.3908, y 10.6492, z -24.531
 12958353 (447) module 12, x 25.1108, y 13.8942, z -49.531
 10845994 (385) module 10, x 30.7758, y 17.1392, z -74.531

Track #138, length 5
 18924745 (633) module 18, x 8.06083, y 5.74417, z 26.531
 16846941 (574) module 16, x 14.0192, y 10.0158, z  1.531
 15052778 (514) module 14, x 20.2525, y  14.49, z -24.531
 12935805 (448) module 12, x  26.22, y 18.7525, z -49.531
 10818577 (386) module 10, x 32.1875, y 23.0425, z -74.531

Track #139, length 5
 17867724 (596) module 17, x -7.9325, y -3.8925, z 13.531
 15780479 (528) module 15, x -12.1675, y -6.0375, z -11.469
 13693234 (460) module 13, x -16.375, y -8.1825, z -36.469
 11925984 (394) module 11, x -20.775, y -10.4475, z -62.531
  9801483 (314) module  9, x -32.49, y -16.2775, z -132.281

Track #140, length 5
 18494446 (600) module 17, x  -6.12, y 6.0625, z 12.469
 16382900 (530) module 15, x -9.3375, y 9.2525, z -12.531
 14270586 (465) module 13, x -12.5825, y 12.4425, z -37.531
 12158272 (400) module 11, x -15.8275, y 15.605, z -62.531
 10361248 (316) module  9, x -24.71, y 24.3225, z -131.219

Track #141, length 7
 16828649 (563) module 16, x 6.3375, y  5.955, z  1.531
 14743223 (500) module 14, x   9.06, y 8.4575, z -23.469
 12656774 (438) module 12, x 11.7825, y 10.8775, z -48.469
 10570835 (379) module 10, x  14.56, y 13.2975, z -73.469
  8735170 (311) module  8, x 22.425, y 20.1275, z -144.281
  6606644 (248) module  6, x 30.235, y 26.9475, z -214.031
  4498177 (174) module  4, x  33.04, y 29.3675, z -239.031

Track #142, length 4
 16834527 (564) module 16, x   6.86, y 7.1925, z  1.531
 14764916 (506) module 14, x 12.7358, y 13.2792, z -23.469
 12696072 (444) module 12, x 18.6942, y 19.3658, z -48.469
 10806677 (383) module 10, x 24.9092, y 25.7008, z -74.531

Track #143, length 5
 16797391 (566) module 16, x   7.74, y -0.7825, z  1.531
 14698643 (503) module 14, x  11.04, y -1.1125, z -23.469
 12599640 (440) module 12, x 14.3125, y  -1.47, z -48.469
 10500892 (380) module 10, x 17.585, y -1.8275, z -73.469
  8841585 (313) module  8, x 26.9075, y -2.8625, z -144.281

Track #144, length 8
 15760364 (538) module 15, x -6.1725, y -1.6925, z -11.469
 13665989 (470) module 13, x -8.3175, y -2.2975, z -36.469
 11571614 (404) module 11, x -10.4625, y -2.9025, z -61.469
  9482033 (324) module  9, x -16.4575, y -4.5525, z -131.219
  7750848 (253) module  7, x -22.5625, y -6.2125, z -202.031
  5650840 (181) module  5, x -24.735, y -6.8175, z -227.031
  3550833 (106) module  3, x -26.88, y -7.4225, z -252.031
  1451082 (34) module  1, x -29.0525, y -7.9725, z -277.031

Track #145, length 6
 15739377 (540) module 15, x -5.86083, y 2.79917, z -11.469
 13634739 (468) module 13, x  -9.28, y 4.4125, z -36.469
 12172270 (403) module 11, x -12.83, y 6.0625, z -62.531
 10031263 (317) module  9, x -22.2625, y 10.4075, z -132.281
  7889998 (250) module  7, x -31.8142, y 14.8258, z -202.031
  5776945 (175) module  5, x -35.2425, y 16.4575, z -227.031

Track #146, length 4
 15813874 (541) module 15, x -5.8425, y -13.325, z -11.469
 13738445 (472) module 13, x  -7.85, y -17.9725, z -36.469
 11662760 (406) module 11, x -9.9125, y -22.5925, z -61.469
  9624897 (325) module  9, x -15.5408, y -35.4992, z -131.219

Track #147, length 4
 15378168 (490) module 14, x -0.177498, y -5.5125, z -24.531
 13281708 (424) module 12, x -0.342499, y -9.665, z -49.531
 11185505 (356) module 10, x -0.5625, y -13.79, z -74.531
  9193872 (283) module  8, x -1.03917, y -25.1658, z -143.219

Track #148, length 8
 14718463 (493) module 14, x 5.1275, y 3.1225, z -23.469
 12628180 (432) module 12, x 7.4925, y 4.6075, z -48.469
 10537641 (374) module 10, x   9.83, y 6.0375, z -73.469
  8458546 (307) module  8, x 16.4025, y 10.0525, z -143.219
  6665911 (244) module  6, x 23.0575, y 14.1325, z -214.031
  4561804 (170) module  4, x 25.4225, y  15.59, z -239.031
  2457953 (99) module  2, x 27.7875, y 17.0475, z -264.031
   354102 (32) module  0, x 30.125, y 18.4775, z -289.031

Track #149, length 7
 14747637 (494) module 14, x 5.6775, y 9.5025, z -23.469
 12663767 (431) module 12, x 7.3275, y 12.3625, z -48.469
 10579896 (373) module 10, x 9.0325, y 15.2225, z -73.469
  8519523 (303) module  8, x 13.7075, y  23.17, z -143.219
  6458638 (240) module  6, x 18.3825, y 31.0625, z -212.969
  4476652 (166) module  4, x 20.115, y 34.0425, z -239.031
  2366158 (94) module  2, x 21.7742, y 36.8658, z -264.031

Track #150, length 8
 14694891 (496) module 14, x 6.19083, y -1.91917, z -23.469
 12595146 (433) module 12, x 8.0425, y -2.4875, z -48.469
 10495145 (375) module 10, x 9.8575, y -3.065, z -73.469
  8390732 (304) module  8, x 14.9725, y -4.6325, z -143.219
  6895339 (241) module  6, x 20.145, y -6.2275, z -214.031
  4789728 (168) module  4, x 21.9875, y -6.805, z -239.031
  2684630 (96) module  2, x 23.8025, y -7.3825, z -264.031
   579020 (29) module  0, x 25.6175, y -7.9325, z -289.031

Track #151, length 4
 14765542 (498) module 14, x  6.475, y 13.3525, z -23.469
 12687043 (434) module 12, x    8.4, y 17.3675, z -48.469
 10608544 (376) module 10, x 10.3342, y 21.4008, z -73.469
  8563007 (305) module  8, x 15.6875, y  32.63, z -143.219

Track #152, length 5
 13667310 (477) module 13, x -6.0625, y -2.5725, z -36.469
 11576752 (408) module 11, x -9.4725, y -4.0025, z -61.469
  9839103 (321) module  9, x -19.0975, y -8.1375, z -132.281
  7723347 (251) module  7, x -28.53, y -12.2075, z -202.031
  5619222 (176) module  5, x -31.885, y -13.665, z -227.031

Track #153, length 7
 13662454 (478) module 13, x -5.6225, y -1.5275, z -36.469
 11567068 (411) module 11, x -7.0525, y -1.9125, z -61.469
  9475218 (327) module  9, x -11.1225, y -3.0675, z -131.219
  7383112 (256) module  7, x -15.1925, y -4.195, z -200.969
  5287981 (185) module  5, x -16.65, y -4.6075, z -225.969
  3192595 (108) module  3, x -18.1075, y  -5.02, z -250.969
  1463029 (35) module  1, x -19.6475, y -5.4425, z -277.031

Track #154, length 4
 14318560 (482) module 13, x  -2.16, y  6.805, z -37.531
 12215709 (414) module 11, x  -3.37, y 10.5175, z -62.531
 10278625 (335) module  9, x -6.6975, y 20.7475, z -131.219
  8196388 (260) module  7, x -10.0525, y 31.1425, z -200.969

Track #155, length 7
 13289203 (421) module 12, x -1.9375, y -5.7875, z -49.531
 11194075 (355) module 10, x -2.3775, y  -7.08, z -74.531
  9102745 (281) module  8, x -3.6425, y -10.7375, z -144.281
  7011414 (217) module  6, x -4.9075, y -14.4225, z -214.031
  5336063 (209) module  5, x -5.1275, y -15.03, z -225.969
  3245046 (131) module  3, x -5.6225, y -16.3225, z -250.969
  1154029 (57) module  1, x -6.1175, y -17.6425, z -275.969

Track #156, length 7
 13264621 (427) module 12, x 3.3425, y -6.1175, z -49.531
 11160509 (360) module 10, x 4.79083, y -8.73917, z -74.531
  9044536 (291) module  8, x 8.8425, y -16.0725, z -144.281
  7160754 (231) module  6, x 12.8025, y -23.305, z -212.969
  5070210 (159) module  4, x 14.2692, y -25.9358, z -237.969
  2979922 (85) module  2, x 15.7175, y -28.585, z -262.969
   889378 (20) module  0, x 17.1842, y -31.2158, z -287.969

Track #157, length 7
 12597236 (428) module 12, x 5.7325, y -2.0475, z -48.469
 10498012 (369) module 10, x 7.0525, y -2.4875, z -73.469
  8394393 (299) module  8, x 10.7375, y -3.8625, z -143.219
  6922237 (233) module  6, x 14.3975, y -5.2375, z -214.031
  4819188 (162) module  4, x 15.6625, y -5.7325, z -239.031
  2715883 (87) module  2, x 16.9825, y -6.2275, z -264.031
   612834 (21) module  0, x 18.2475, y -6.7225, z -289.031

Track #158, length 7
 12631529 (429) module 12, x   6.31, y 5.3225, z -48.469
 10540239 (370) module 10, x 7.7675, y 6.5875, z -73.469
  8458629 (301) module  8, x  11.81, y 10.0525, z -143.219
  6377532 (236) module  6, x 15.8525, y 13.545, z -212.969
  4286241 (165) module  4, x 17.3375, y 14.7825, z -237.969
  2194951 (91) module  2, x 18.7675, y 16.0475, z -262.969
   359657 (24) module  0, x  20.28, y 17.3225, z -289.031

Track #159, length 5
 12637399 (430) module 12, x 7.3275, y 6.5875, z -48.469
 10553244 (377) module 10, x 10.545, y 9.5025, z -73.469
  8745717 (310) module  8, x 19.6108, y 17.8542, z -144.281
  6610771 (245) module  6, x 28.5392, y 26.0308, z -214.031
  4499993 (173) module  4, x 31.7292, y 28.9458, z -239.031

Track #160, length 6
 11546363 (412) module 11, x -5.3475, y  2.515, z -61.469
  9442499 (330) module  9, x -8.4275, y 3.9725, z -131.219
  7983611 (257) module  7, x -11.6475, y 5.3475, z -202.031
  5881330 (187) module  5, x -12.7475, y 5.8425, z -227.031
  3778793 (111) module  3, x -13.9025, y 6.3375, z -252.031
  1676256 (39) module  1, x -15.03, y 6.8325, z -277.031

Track #161, length 6
 10490622 (362) module 10, x 5.1825, y -4.0825, z -73.469
  9041362 (295) module  8, x 9.6675, y -7.575, z -144.281
  6923923 (232) module  6, x 14.0125, y -11.04, z -214.031
  4819325 (161) module  4, x 15.6075, y -12.2775, z -239.031
  2714983 (88) module  2, x 17.1475, y -13.4875, z -264.031
   610384 (22) module  0, x 18.7425, y -14.7525, z -289.031

Track #162, length 6
 10521338 (364) module 10, x 5.4025, y 2.5175, z -73.469
  8431800 (292) module  8, x  9.005, y 4.1675, z -143.219
  6342263 (230) module  6, x 12.6075, y  5.845, z -212.969
  4247904 (158) module  4, x 13.8725, y 6.4225, z -237.969
  2153544 (84) module  2, x 15.1925, y 7.0275, z -262.969
    59185 (19) module  0, x 16.4575, y 7.6325, z -287.969

Track #163, length 6
 10538738 (365) module 10, x  5.815, y 6.2575, z -73.469
  8465561 (297) module  8, x  10.71, y 11.5375, z -143.219
  6393152 (235) module  6, x 15.605, y 16.8725, z -212.969
  4304929 (164) module  4, x 17.3375, y 18.7975, z -237.969
  2216705 (92) module  2, x 19.0975, y 20.7225, z -262.969
   334558 (25) module  0, x 20.9125, y 22.7125, z -289.031

Track #164, length 6
 11153662 (366) module 10, x 6.3125, y -5.1825, z -74.531
  9037503 (296) module  8, x 10.4925, y  -8.62, z -144.281
  6920833 (234) module  6, x 14.645, y -12.0575, z -214.031
  4816746 (163) module  4, x 16.1575, y -13.295, z -239.031
  2712660 (89) module  2, x 17.6425, y -14.5325, z -264.031
   608574 (23) module  0, x 19.1275, y -15.7425, z -289.031

Track #165, length 5
  9489625 (333) module  9, x -7.2175, y -6.1475, z -131.219
  7402150 (261) module  7, x -10.0225, y -8.2375, z -200.969
  5308307 (191) module  5, x -11.04, y  -8.98, z -225.969
  3214209 (112) module  3, x -12.0575, y -9.7225, z -250.969
  1120367 (40) module  1, x -13.0475, y -10.465, z -275.969

Track #166, length 5
  9481959 (336) module  9, x  -6.42, y -4.4975, z -131.219
  7392189 (264) module  7, x -8.7575, y -6.0925, z -200.969
  5297838 (196) module  5, x -9.555, y -6.6975, z -225.969
  3203487 (118) module  3, x -10.38, y -7.3025, z -250.969
  1109136 (46) module  1, x -11.2142, y -7.92583, z -275.969

Track #167, length 5
  9444330 (337) module  9, x -6.2825, y 3.5875, z -131.219
  7993593 (262) module  7, x -9.5025, y 5.4575, z -202.031
  5891053 (192) module  5, x -10.6575, y 6.1175, z -227.031
  3788513 (113) module  3, x -11.8125, y 6.7775, z -252.031
  1685972 (41) module  1, x -12.94, y  7.465, z -277.031

Track #168, length 5
  9529844 (340) module  9, x -5.705, y -14.8925, z -131.219
  7466944 (265) module  7, x -8.5925, y -22.2625, z -200.969
  5381550 (195) module  5, x -9.5825, y -24.9025, z -225.969
  3296924 (117) module  3, x -10.5725, y -27.625, z -250.969
  1212555 (45) module  1, x -11.5075, y -30.375, z -275.969

Track #169, length 4
  9489397 (341) module  9, x  -5.65, y -6.0925, z -131.219
  7402193 (266) module  7, x -7.6575, y -8.2375, z -200.969
  5308611 (199) module  5, x -8.4275, y  -9.09, z -225.969
  3215030 (119) module  3, x -9.1425, y -9.8875, z -250.969

Track #170, length 5
  9463294 (343) module  9, x -5.1825, y  -0.51, z -131.219
  7367126 (267) module  7, x -7.3825, y -0.7025, z -200.969
  5270472 (200) module  5, x -8.1525, y -0.8125, z -225.969
  3173561 (121) module  3, x -8.9775, y -0.8675, z -250.969
  1076907 (48) module  1, x -9.7475, y -0.9775, z -275.969

Track #171, length 5
  9476606 (344) module  9, x -5.1825, y -3.3425, z -131.219
  7384795 (268) module  7, x -7.08917, y -4.51583, z -200.969
  5289679 (201) module  5, x -7.7675, y -4.9375, z -225.969
  3194562 (122) module  3, x -8.455, y -5.3775, z -250.969
  1099190 (49) module  1, x -9.1425, y  -5.79, z -275.969

Track #172, length 5
 10122489 (346) module  9, x -2.5725, y 5.4575, z -132.281
  8020438 (274) module  7, x  -3.59, y 7.3825, z -202.031
  5921737 (210) module  5, x -3.9475, y 8.0975, z -227.031
  3822780 (134) module  3, x -4.31417, y 8.77583, z -252.031
  1724080 (61) module  1, x -4.6625, y 9.4725, z -277.031

Track #173, length 5
 10135012 (347) module  9, x 0.122498, y 6.6125, z -132.281
  8037816 (276) module  7, x 0.122498, y 9.0325, z -202.031
  5940648 (214) module  5, x 0.122498, y  9.885, z -227.031
  3843481 (138) module  3, x 0.122498, y 10.7375, z -252.031
  1746313 (65) module  1, x 0.122498, y 11.6175, z -277.031

Track #174, length 5
  8424445 (285) module  8, x   5.21, y 2.5725, z -143.219
  6332883 (226) module  6, x 7.5475, y 3.7825, z -212.969
  4237508 (151) module  4, x 8.3725, y 4.1675, z -237.969
  2142389 (76) module  2, x 9.1975, y 4.6075, z -262.969
    47270 (14) module  0, x 10.0225, y 5.0475, z -287.969

Track #175, length 5
  8421331 (288) module  8, x 7.5475, y 1.9125, z -143.219
  6327708 (228) module  6, x 10.5725, y 2.6825, z -212.969
  4231560 (157) module  4, x 11.6725, y   2.93, z -237.969
  2135668 (82) module  2, x 12.745, y 3.1775, z -262.969
    39776 (18) module  0, x 13.845, y 3.4525, z -287.969

Track #176, length 4
  9049028 (289) module  8, x 7.87083, y -8.35417, z -144.281
  7195606 (242) module  6, x  20.31, y -21.3525, z -212.969
  5118848 (169) module  4, x  24.82, y -26.0825, z -237.969
  3042858 (100) module  2, x 29.3575, y -30.8125, z -262.969

Track #177, length 4
  7343401 (255) module  7, x -16.87, y 4.3575, z -200.969
  5839094 (182) module  5, x -21.8225, y 5.6225, z -227.031
  3720160 (107) module  3, x -26.58, y 6.8325, z -252.031
  1600970 (33) module  1, x -31.31, y 8.0425, z -277.031

Track #178, length 4
  7370142 (258) module  7, x -10.435, y -1.3625, z -200.969
  5274479 (186) module  5, x -13.02, y -1.6925, z -225.969
  3178816 (109) module  3, x -15.605, y -2.0225, z -250.969
  1083153 (36) module  1, x -18.19, y -2.3525, z -275.969

Track #179, length 4
  7993507 (263) module  7, x -9.48417, y 10.1508, z -202.031
  5884017 (188) module  5, x -12.115, y 12.9375, z -227.031
  3774782 (110) module  3, x -14.7275, y 15.7425, z -252.031
  1665292 (37) module  1, x -17.3675, y 18.4925, z -277.031

Track #180, length 4
  7358200 (271) module  7, x -5.5125, y 1.2225, z -200.969
  5260525 (204) module  5, x -6.1175, y 1.3325, z -225.969
  3162594 (129) module  3, x -6.7225, y   1.47, z -250.969
  1064919 (55) module  1, x -7.3275, y 1.6075, z -275.969

Track #181, length 4
  7405823 (272) module  7, x -5.1275, y  -9.09, z -200.969
  5318888 (203) module  5, x -6.3925, y -11.3175, z -225.969
  3232209 (125) module  3, x -7.6575, y -13.5725, z -250.969
  1145530 (50) module  1, x -8.9225, y -15.8275, z -275.969

Track #182, length 4
  8029182 (275) module  7, x -1.7475, y 5.1825, z -202.031
  5931253 (213) module  5, x -1.9125, y 5.6775, z -227.031
  3833324 (137) module  3, x -2.0775, y 6.1725, z -252.031
  1735395 (64) module  1, x -2.2425, y 6.6675, z -277.031

Track #183, length 4
  8038884 (277) module  7, x 0.342499, y 6.6125, z -202.031
  5941976 (215) module  5, x 0.397499, y 7.2725, z -227.031
  3844813 (139) module  3, x 0.397499, y 7.8775, z -252.031
  1747905 (66) module  1, x 0.452499, y 8.5375, z -277.031

Track #184, length 4
  8050412 (278) module  7, x  2.845, y 6.1725, z -202.031
  5957069 (216) module  5, x 3.6425, y 7.8775, z -227.031
  3863726 (141) module  3, x 4.4675, y 9.5825, z -252.031
    79350 (8) module  0, x 5.6225, y  12.06, z -287.969

Track #185, length 4
  6985829 (221) module  6, x 0.592499, y -13.57, z -214.031
  4888105 (144) module  4, x 0.702499, y -16.8975, z -239.031
  2911213 (70) module  2, x 0.8125, y -20.06, z -262.969
   814513 (5) module  0, x 0.9225, y -23.3875, z -287.969

Track #186, length 4
  6965142 (223) module  6, x 5.0475, y -10.9025, z -214.031
  4862053 (149) module  4, x 6.3125, y -13.57, z -239.031
  2758708 (75) module  2, x 7.61417, y -16.2558, z -264.031
   655620 (12) module  0, x 8.8975, y -18.9325, z -289.031

Track #187, length 4
  6335476 (224) module  6, x 5.7325, y 4.3325, z -212.969
  4240362 (148) module  4, x 6.2825, y 4.7725, z -237.969
  2145247 (73) module  2, x 6.8875, y   5.24, z -262.969
    50132 (10) module  0, x  7.465, y   5.68, z -287.969

Track #188, length 4
  6402524 (225) module  6, x 7.0525, y 18.8525, z -212.969
  4324799 (153) module  4, x 8.6475, y  23.06, z -237.969
  2246818 (78) module  2, x 10.2425, y 27.295, z -262.969
   169348 (16) module  0, x 11.8925, y  31.53, z -287.969

Track #189, length 4
  6320077 (227) module  6, x   7.85, y   1.06, z -212.969
  4225207 (154) module  4, x 9.0875, y 1.5275, z -237.969
  2130080 (79) module  2, x 10.3525, y  1.995, z -262.969
    35210 (15) module  0, x 11.5625, y 2.4625, z -287.969

Track #190, length 4
  6308734 (229) module  6, x 12.195, y -1.3875, z -212.969
  4209992 (160) module  4, x 15.1925, y -1.7175, z -237.969
  2110993 (90) module  2, x 18.2175, y -2.1025, z -262.969
   451542 (26) module  0, x 21.325, y -2.5325, z -289.031

Track #191, length 3
 53488874 (1905) module 51, x -6.2825, y 2.6525, z 751.531
 51392498 (1820) module 49, x -5.8425, y 2.4875, z 706.531
 49296121 (1748) module 47, x -5.4575, y 2.3225, z 661.531

Track #192, length 3
 54176748 (1915) module 51, x 0.452499, y 6.1725, z 750.469
 52079603 (1826) module 49, x 0.452499, y   5.76, z 705.469
 49982203 (1753) module 47, x 0.397499, y 5.3475, z 660.469

Track #193, length 3
 53133549 (1832) module 50, x -1.6075, y -6.1175, z 738.469
 51035892 (1760) module 48, x -1.4975, y -5.7325, z 693.469
 48938236 (1685) module 46, x -1.3875, y -5.2925, z 648.469

Track #194, length 3
 52433134 (1840) module 50, x 6.0625, y -4.1925, z 739.531
 50337012 (1767) module 48, x 5.7325, y -3.9725, z 694.531
 48240890 (1690) module 46, x 5.4025, y -3.7525, z 649.531

Track #195, length 3
 34647790 (1214) module 33, x -6.0625, y -4.4975, z 213.531
 32549110 (1137) module 31, x -5.595, y -4.1675, z 188.531
 30450175 (1052) module 29, x -5.1275, y  -3.81, z 163.531

Track #196, length 3
 33999742 (1181) module 32, x 26.1925, y -1.2125, z 200.469
 31903152 (1094) module 30, x 23.4425, y -1.3225, z 175.469
 29806817 (1010) module 28, x  20.72, y -1.4875, z 150.469

Track #197, length 3
 33149350 (1123) module 31, x -11.62, y 10.0225, z 187.469
 31063241 (1042) module 29, x -9.2825, y   8.07, z 162.469
 28976108 (959) module 27, x     -7, y  6.145, z 137.469

Track #198, length 3
 31030728 (1030) module 29, x -16.2308, y 8.13417, z 162.469
 28952045 (948) module 27, x -12.2708, y 6.09917, z 137.469
 26218690 (870) module 25, x -8.4825, y  4.165, z 113.531

Track #199, length 3
 30446954 (1032) module 29, x -13.295, y -3.1225, z 163.531
 28346277 (951) module 27, x -10.0775, y  -2.38, z 138.531
 26245856 (875) module 25, x -6.8325, y -1.6375, z 113.531

Track #200, length 3
 28389640 (942) module 27, x -18.685, y -11.8125, z 138.531
 26275700 (863) module 25, x -12.7358, y -8.10917, z 113.531
 24161250 (801) module 23, x -6.7225, y -4.3325, z 88.531

Track #201, length 3
 27718368 (926) module 26, x 20.775, y -3.3575, z 125.469
 25179500 (838) module 24, x 13.185, y  -2.13, z 101.531
 23088636 (749) module 22, x  5.265, y -0.8375, z 76.531

Track #202, length 3
 26220569 (855) module 25, x -17.75, y 3.7525, z 113.531
 24128892 (789) module 23, x -12.3325, y 2.5975, z 88.531
 22036958 (725) module 21, x -6.9425, y   1.47, z 63.531

Track #203, length 3
 23901752 (748) module 22, x 4.9375, y -30.0425, z 76.531
 21802367 (681) module 20, x 4.46083, y -26.1192, z 51.531
 19702982 (618) module 18, x 3.9475, y -22.205, z 26.531

Track #204, length 3
 19702982 (618) module 18, x 3.9475, y -22.205, z 26.531
 17459220 (556) module 16, x 3.2325, y -18.0525, z  0.469
 15365213 (492) module 14, x 2.5725, y -14.01, z -24.531

Track #205, length 3
 17848049 (601) module 17, x  -5.87, y 0.3425, z 13.531
 15748699 (526) module 15, x -14.12, y  0.755, z -11.469
 14076860 (455) module 13, x -22.755, y 1.2125, z -37.531

Track #206, length 3
 18508882 (607) module 17, x -3.0125, y 14.615, z 12.469
 16560074 (544) module 15, x -4.5525, y 21.985, z -11.469
 14470206 (476) module 13, x -6.1475, y 29.685, z -36.469

Track #207, length 3
 16271538 (519) module 15, x -33.345, y 9.3625, z -12.531
 14213340 (453) module 13, x -24.985, y 7.0525, z -37.531
 11535399 (399) module 11, x -16.9708, y 4.83417, z -61.469

Track #208, length 3
 16671019 (520) module 15, x -28.6608, y 30.7392, z -11.469
 14541750 (457) module 13, x -21.6208, y 23.0942, z -36.469
 12165449 (401) module 11, x -14.2508, y 15.1192, z -62.531

Track #209, length 3
 15770081 (535) module 15, x  -6.75, y  -3.81, z -11.469
 13694790 (461) module 13, x -15.275, y  -8.54, z -36.469
 11911842 (392) module 11, x -24.185, y -13.4725, z -62.531

Track #210, length 3
 15750645 (542) module 15, x  -5.65, y   0.37, z -11.469
 13651569 (464) module 13, x -12.91, y 0.7825, z -36.469
 11980005 (395) module 11, x -20.5275, y  1.295, z -62.531

Track #211, length 3
 15756028 (543) module 15, x -5.27417, y -0.775834, z -11.469
 13663106 (466) module 13, x -11.975, y  -1.72, z -36.469
 11570441 (396) module 11, x -18.6208, y -2.71917, z -61.469

Track #212, length 3
 15365213 (492) module 14, x 2.5725, y -14.01, z -24.531
 13271718 (426) module 12, x 1.8025, y -9.995, z -49.531
 11178223 (358) module 10, x 1.0325, y  -5.98, z -74.531

Track #213, length 3
 13699268 (469) module 13, x -8.3725, y -9.5575, z -36.469
 11626606 (402) module 11, x -13.0658, y -14.8742, z -61.469
  9738619 (315) module  9, x -26.3392, y -29.8808, z -132.281

Track #214, length 3
 14297558 (473) module 13, x -6.66083, y 7.36417, z -37.531
 12183949 (405) module 11, x -10.3092, y 11.3608, z -62.531
 10341059 (319) module  9, x -20.2275, y  22.37, z -131.219

Track #215, length 3
 10097869 (331) module  9, x -7.825, y 7.8775, z -132.281
  8265110 (252) module  7, x -24.9392, y 24.8358, z -200.969
  6197031 (177) module  5, x  -31.2, y  30.95, z -225.969

Track #216, length 3
  9459411 (332) module  9, x -7.5475, y 0.3425, z -131.219
  7361952 (259) module  7, x -10.3525, y 0.3975, z -200.969
  5264525 (190) module  5, x -11.3608, y 0.415833, z -225.969

Track #217, length 3
  9092519 (282) module  8, x -1.4425, y  -9.94, z -144.281
  7084682 (219) module  6, x -3.6425, y -25.505, z -212.969
  4983587 (142) module  4, x -4.4675, y -31.17, z -237.969

Track #218, length 3
  7938470 (254) module  7, x -21.2908, y 10.0042, z -202.031
  5814388 (180) module  5, x -27.185, y 12.7725, z -227.031
  3689793 (103) module  3, x -33.0975, y 15.5775, z -252.031

Track #219, length 3
  6987240 (220) module  6, x 0.317501, y -6.365, z -214.031
  4889804 (143) module  4, x 0.372501, y -7.9325, z -239.031
  2792367 (69) module  2, x 0.427502, y   -9.5, z -264.031

Track #220, length 3
  6705110 (243) module  6, x 21.325, y   5.58, z -214.031
  4601730 (171) module  4, x 25.945, y 6.9275, z -239.031
  2498094 (101) module  2, x 30.565, y  8.275, z -264.031

Track #221, length 3
  5279928 (197) module  5, x -9.0325, y -2.8475, z -225.969
  3186331 (115) module  3, x -10.6275, y -3.6175, z -250.969
  1092989 (44) module  1, x -12.2775, y -4.4425, z -275.969

Track #222, length 3
  5308372 (202) module  5, x -7.4925, y  -8.98, z -225.969
  3214792 (123) module  3, x -8.1525, y -9.8325, z -250.969
  1121212 (51) module  1, x -8.8125, y -10.6025, z -275.969

Track #223, length 3
  5264109 (205) module  5, x  -6.09, y 0.5625, z -225.969
  3166423 (126) module  3, x   -7.3, y 0.6725, z -250.969
  1068737 (53) module  1, x  -8.51, y 0.7825, z -275.969

Track #224, length 3
  5257712 (206) module  5, x -5.925, y 1.9375, z -225.969
  3158489 (127) module  3, x -7.2175, y 2.3775, z -250.969
  1059265 (52) module  1, x -8.5375, y 2.8175, z -275.969

Track #225, length 3
  5280247 (207) module  5, x -5.5675, y -2.9025, z -225.969
  3185888 (128) module  3, x -6.805, y -3.5075, z -250.969
  1091274 (54) module  1, x -8.0315, y -4.1015, z -275.969

Track #226, length 3
  5264632 (208) module  5, x -5.5125, y 0.4525, z -225.969
  3167215 (130) module  3, x -6.0075, y   0.48, z -250.969
  1070054 (56) module  1, x -6.5025, y 0.5075, z -275.969

Track #227, length 3
  5924569 (212) module  5, x -3.3425, y   7.19, z -227.031
  3824061 (135) module  3, x -4.0575, y   8.73, z -252.031
  1723297 (60) module  1, x -4.8275, y 10.2975, z -277.031

Track #228, length 3
  4882668 (145) module  4, x 1.9125, y -6.1725, z -239.031
  2783701 (71) module  2, x 2.2975, y  -7.41, z -264.031
   684735 (7) module  0, x 2.6825, y -8.6475, z -289.031

Track #229, length 3
  4243449 (146) module  4, x 5.4575, y   5.46, z -237.969
  2148593 (72) module  2, x 5.8975, y 5.9275, z -262.969
    53480 (9) module  0, x  6.365, y 6.3675, z -287.969

Track #230, length 3
  4251891 (147) module  4, x   5.76, y  7.275, z -237.969
  2161374 (74) module  2, x  6.915, y 8.6775, z -262.969
    70089 (11) module  0, x 8.07917, y 10.0708, z -287.969

Track #231, length 3
  5037107 (150) module  4, x 7.04583, y -30.2808, z -237.969
  2980270 (86) module  2, x   15.8, y -23.525, z -262.969
   581681 (28) module  0, x 24.9758, y -16.4208, z -289.031

Track #232, length 3
  4223169 (152) module  4, x 8.5375, y 1.0875, z -237.969
  2126004 (77) module  2, x 9.2525, y 1.0875, z -262.969
    29095 (13) module  0, x 9.9675, y 1.1425, z -287.969

Track #233, length 3
  4841885 (156) module  4, x  10.74, y -10.5175, z -239.031
  2739593 (81) module  2, x  11.84, y -11.59, z -264.031
   637558 (17) module  0, x 12.9125, y -12.6625, z -289.031

