Track #0, length 15
 53767992 (1130) module 51, x -30.0425, y  -32.2, z 750.469
 51679318 (1088) module 49, x -28.3925, y -30.4125, z 705.469
 49590388 (1046) module 47, x -26.7425, y -28.625, z 660.469
 47501715 (1001) module 45, x -25.0375, y -26.8375, z 615.469
 45425890 (964) module 43, x -20.6925, y -22.1625, z 496.921
 43100451 (928) module 41, x -17.2275, y -18.4125, z 402.473
 40989270 (888) module 39, x -14.4225, y -15.3875, z 325.525
 38880640 (852) module 37, x -12.1125, y -12.94, z 263.531
 36778897 (814) module 35, x -11.1775, y -11.95, z 238.531
 34677409 (779) module 33, x -10.2975, y -10.9875, z 213.531
 32575666 (743) module 31, x -9.3625, y -9.9975, z 188.531
 30474179 (706) module 29, x -8.4275, y  -8.98, z 163.531
 28372692 (667) module 27, x -7.4925, y -8.0175, z 138.531
 26270948 (620) module 25, x -6.585, y -7.0275, z 113.531
 24169205 (573) module 23, x  -5.65, y -6.0375, z 88.531

Track #1, length 12
 54411635 (1131) module 51, x -26.8825, y 26.7975, z 751.531
 52306832 (1089) module 49, x -25.2325, y 25.2025, z 706.531
 50202029 (1047) module 47, x -23.61, y 23.6075, z 661.531
 48097994 (1002) module 45, x -21.9875, y 22.0125, z 616.531
 45703959 (965) module 43, x -17.6608, y 17.8692, z 496.921
 43623253 (929) module 41, x -14.1775, y  14.45, z 401.411
 41539208 (891) module 39, x -11.3725, y 11.6725, z 324.463
 39452593 (855) module 37, x  -9.09, y 9.4175, z 262.469
 37359041 (817) module 35, x  -8.21, y   8.51, z 237.469
 35266258 (782) module 33, x -7.3025, y 7.6025, z 212.469
 33173475 (746) module 31, x -6.3675, y 6.6675, z 187.469
 31080436 (709) module 29, x -5.4875, y 5.7325, z 162.469

Track #2, length 4
 54056983 (1132) module 51, x -25.4525, y  17.86, z 750.469
 51979594 (1090) module 49, x -21.1075, y 15.0825, z 705.469
 49902717 (1048) module 47, x -16.735, y 12.2775, z 660.469
 47826096 (1004) module 45, x -12.3625, y 9.4725, z 615.469

Track #3, length 4
 54081023 (1133) module 51, x -20.2275, y 5.1275, z 750.469
 51997168 (1091) module 49, x -17.3675, y  5.925, z 705.469
 49913570 (1050) module 47, x -14.4525, y 6.7225, z 660.469
 47829716 (1007) module 45, x -11.5925, y 7.4925, z 615.469

Track #4, length 4
 54104452 (1135) module 51, x -15.1675, y 11.865, z 750.469
 52014233 (1095) module 49, x -13.6825, y 10.7375, z 705.469
 49923757 (1053) module 47, x -12.2525, y 9.6375, z 660.469
 47833537 (1009) module 45, x -10.7675, y 8.5375, z 615.469

Track #5, length 7
 53512785 (1136) module 51, x -14.6975, y -2.5175, z 751.531
 51414881 (1093) module 49, x -13.8175, y -2.3525, z 706.531
 49316977 (1051) module 47, x -12.91, y -2.1875, z 661.531
 47219074 (1005) module 45, x -12.0025, y -2.0225, z 616.531
 45119917 (970) module 43, x -9.6375, y -1.5825, z 497.982
 43021263 (932) module 41, x -7.7675, y -1.2525, z 402.473
 40922858 (894) module 39, x -6.2825, y -1.005, z 325.525

Track #6, length 7
 53485906 (1137) module 51, x -14.6425, y 3.2575, z 751.531
 51389794 (1094) module 49, x -13.7625, y 3.0375, z 706.531
 49293426 (1052) module 47, x -12.8825, y 2.8725, z 661.531
 47197314 (1006) module 45, x -11.975, y 2.6525, z 616.531
 45102509 (971) module 43, x -9.6375, y 2.1575, z 497.982
 43007439 (933) module 41, x -7.7675, y 1.7175, z 402.473
 40911851 (895) module 39, x -6.2275, y 1.3875, z 325.525

Track #7, length 4
 54350514 (1138) module 51, x -13.6275, y 23.3325, z 751.531
 52019204 (1097) module 49, x -12.5825, y 18.9325, z 705.469
 49926994 (1055) module 47, x -11.5375, y 14.615, z 660.469
 47834529 (1010) module 45, x -10.5475, y 10.2975, z 615.469

Track #8, length 9
 53527147 (1139) module 51, x -13.2675, y -5.5975, z 751.531
 51428471 (1096) module 49, x -12.6075, y -5.295, z 706.531
 49330050 (1054) module 47, x -12.0025, y -4.9925, z 661.531
 47231373 (1008) module 45, x -11.3975, y  -4.69, z 616.531
 45130668 (969) module 43, x -9.6925, y -3.8925, z 497.982
 43030728 (931) module 41, x -8.1525, y -3.2875, z 402.473
 40931039 (893) module 39, x -6.85083, y -2.75583, z 325.525
 38831859 (857) module 37, x -5.7875, y -2.325, z 263.531
 36733947 (818) module 35, x -5.3475, y -2.1325, z 238.531

Track #9, length 7
 53531254 (1140) module 51, x -12.6625, y -6.4775, z 751.531
 51432324 (1098) module 49, x -11.8742, y -6.11083, z 706.531
 49333395 (1056) module 47, x -11.0675, y -5.735, z 661.531
 47234465 (1011) module 45, x -10.2975, y  -5.35, z 616.531
 45132741 (972) module 43, x  -8.29, y -4.3325, z 497.982
 43031523 (935) module 41, x -6.6675, y  -3.48, z 402.473
 40931323 (898) module 39, x -5.3475, y -2.7925, z 325.525

Track #10, length 4
 54131178 (1142) module 51, x -9.4475, y 6.2825, z 750.469
 52033505 (1101) module 49, x -9.5575, y 6.7775, z 705.469
 49935577 (1058) module 47, x -9.7225, y 7.2175, z 660.469
 47837649 (1013) module 45, x -9.8875, y 7.6575, z 615.469

Track #11, length 4
 53511857 (1143) module 51, x -9.4175, y -2.325, z 751.531
 51401646 (1100) module 49, x -9.5825, y 0.5075, z 706.531
 49291178 (1057) module 47, x -9.8025, y 3.3675, z 661.531
 47837417 (1012) module 45, x -9.9425, y 6.3375, z 615.469

Track #12, length 9
 53591734 (1144) module 51, x -9.1425, y -19.5675, z 751.531
 51488960 (1102) module 49, x -8.5925, y -18.3575, z 706.531
 49386442 (1061) module 47, x -8.015, y -17.2025, z 661.531
 47283669 (1019) module 45, x -7.4375, y -16.02, z 616.531
 45172208 (976) module 43, x -5.9525, y -12.9125, z 497.982
 42661541 (901) module 40, x -4.5775, y -10.0775, z 389.411
 40560074 (861) module 38, x -3.6425, y -8.0425, z 312.463
 38459368 (824) module 36, x -2.8725, y -6.3925, z 250.469
 36360692 (787) module 34, x  -2.57, y -5.7325, z 225.469

Track #13, length 5
 53513399 (1145) module 51, x -9.0875, y -2.655, z 751.531
 51415745 (1103) module 49, x -8.5375, y -2.5175, z 706.531
 49317835 (1062) module 47, x -7.9875, y -2.3525, z 661.531
 47219925 (1020) module 45, x -7.4375, y -2.1875, z 616.531
 45120752 (975) module 43, x -5.9525, y -1.7475, z 497.982

Track #14, length 5
 53491897 (1146) module 51, x -8.9775, y 1.9925, z 751.531
 51395267 (1104) module 49, x -8.4275, y 1.8825, z 706.531
 49298892 (1063) module 47, x -7.9325, y 1.7175, z 661.531
 47202517 (1021) module 45, x  -7.41, y 1.5525, z 616.531
 45106927 (974) module 43, x  -5.98, y  1.195, z 497.982

Track #15, length 4
 54141139 (1147) module 51, x -7.1925, y 7.5475, z 750.469
 52040145 (1105) module 49, x  -7.99, y 7.6575, z 705.469
 49939407 (1060) module 47, x -8.7875, y 7.7675, z 660.469
 47839181 (1014) module 45, x -9.5575, y 7.8775, z 615.469

Track #16, length 4
 54157781 (1149) module 51, x -3.6175, y 7.4375, z 750.469
 52061661 (1107) module 49, x -3.3975, y 6.9975, z 705.469
 49965284 (1066) module 47, x -3.205, y  6.585, z 660.469
 47869421 (1022) module 45, x -2.9575, y 6.1175, z 615.469

Track #17, length 4
 54176239 (1150) module 51, x 0.342499, y   5.98, z 750.469
 52065509 (1108) module 49, x -2.5725, y 6.5575, z 705.469
 49954779 (1064) module 47, x -5.4875, y 7.1075, z 660.469
 47844049 (1016) module 45, x -8.375, y 7.6575, z 615.469

Track #18, length 5
 53101501 (1113) module 50, x   5.24, y -8.7575, z 738.469
 51005894 (1070) module 48, x 4.9375, y -8.235, z 693.469
 48910288 (1027) module 46, x 4.6075, y -7.685, z 648.469
 46814682 (981) module 44, x 4.2775, y -7.1625, z 603.469
 44721652 (942) module 42, x 3.3975, y -5.705, z 484.921

Track #19, length 6
 53101453 (1114) module 50, x 5.2675, y -11.37, z 738.469
 51006106 (1069) module 48, x  4.855, y -10.6825, z 693.469
 48910758 (1026) module 46, x   4.47, y -10.0225, z 648.469
 46815410 (980) module 44, x 4.1125, y -9.3625, z 603.469
 44722644 (941) module 42, x 3.1775, y -7.4925, z 484.921
 42628847 (903) module 40, x 2.4625, y -6.0075, z 389.411

Track #20, length 4
 52454376 (1115) module 50, x  6.365, y 0.3725, z 739.531
 50357232 (1071) module 48, x 5.9525, y 0.3725, z 694.531
 48259831 (1028) module 46, x 5.5675, y  0.345, z 649.531
 46162686 (982) module 44, x 5.1825, y 0.3175, z 604.531

Track #21, length 10
 53268646 (1116) module 50, x 6.3675, y -23.9925, z 739.531
 51169727 (1072) module 48, x 5.9825, y -22.6175, z 694.531
 49070808 (1029) module 46, x 5.5975, y -21.2425, z 649.531
 46971889 (983) module 44, x 5.2125, y -19.84, z 604.531
 44718139 (943) module 42, x 4.1125, y -15.88, z 484.921
 42625141 (904) module 40, x 3.2325, y -12.69, z 389.411
 40531365 (863) module 38, x 2.5175, y -10.05, z 312.463
 38436811 (826) module 36, x 1.9675, y -7.9875, z 250.469
 36340443 (789) module 34, x 1.8025, y -7.1075, z 225.469
 34244331 (753) module 32, x 1.5825, y   -6.2, z 200.469

Track #22, length 10
 53271945 (1117) module 50, x 7.0825, y -25.56, z 739.531
 51173030 (1073) module 48, x 6.6975, y -23.965, z 694.531
 49074372 (1030) module 46, x 6.3675, y -22.3425, z 649.531
 46975459 (985) module 44, x   6.01, y -20.6375, z 604.531
 44714035 (944) module 42, x  4.965, y -16.3475, z 484.921
 42621555 (905) module 40, x 4.0025, y  -12.8, z 389.411
 40528806 (864) module 38, x 3.0675, y -10.0225, z 312.463
 38435533 (827) module 36, x 2.2425, y -7.8775, z 250.469
 36339933 (790) module 34, x  1.885, y -6.9975, z 225.469
 34244331 (753) module 32, x 1.5825, y   -6.2, z 200.469

Track #23, length 5
 52456142 (1118) module 50, x 7.8225, y 0.7575, z 739.531
 50358742 (1074) module 48, x  7.355, y 0.7025, z 694.531
 48261343 (1031) module 46, x 6.8875, y  0.675, z 649.531
 46164200 (986) module 44, x 6.3925, y 0.6475, z 604.531
 44066559 (945) module 42, x 5.1275, y 0.5375, z 485.982

Track #24, length 5
 53064399 (1119) module 50, x 13.325, y -7.7675, z 738.469
 50970329 (1075) module 48, x 12.6925, y -7.2175, z 693.469
 48875748 (1033) module 46, x 12.115, y -6.6125, z 648.469
 46781167 (988) module 44, x 11.565, y -6.0075, z 603.469
 44043173 (947) module 42, x 10.0775, y -4.4675, z 485.982

Track #25, length 7
 53062534 (1120) module 50, x 13.7375, y -11.7825, z 738.469
 50969492 (1076) module 48, x 12.8575, y -11.0125, z 693.469
 48876450 (1032) module 46, x 11.9775, y -10.2425, z 648.469
 46783408 (987) module 44, x 11.0975, y -9.4725, z 603.469
 44696020 (946) module 42, x   8.87, y -7.4925, z 484.921
 42607344 (906) module 40, x 7.0825, y -5.9525, z 389.411
 39847669 (866) module 38, x 5.6775, y -4.7425, z 313.525

Track #26, length 8
 53052396 (1121) module 50, x 15.9375, y -6.1725, z 738.469
 50959602 (1077) module 48, x 14.975, y -5.8425, z 693.469
 48867064 (1034) module 46, x 14.0125, y -5.5125, z 648.469
 46774526 (989) module 44, x 13.0225, y -5.155, z 603.469
 44043932 (948) module 42, x 10.5725, y -4.3025, z 485.982
 41950658 (908) module 40, x 8.4825, y  -3.45, z 390.473
 39856865 (867) module 38, x   6.75, y -2.735, z 313.525
 37762554 (829) module 36, x  5.375, y -2.1575, z 251.531

Track #27, length 15
 52602398 (1122) module 50, x 17.5025, y 32.465, z 739.531
 50496816 (1078) module 48, x 16.5125, y 30.6225, z 694.531
 48391234 (1035) module 46, x 15.495, y 28.8075, z 649.531
 46285653 (990) module 44, x 14.4775, y 26.9925, z 604.531
 44166532 (950) module 42, x 11.865, y  22.18, z 485.982
 42051499 (909) module 40, x 9.7475, y 18.3025, z 390.473
 39939785 (868) module 38, x 8.0975, y 15.195, z 313.525
 37831137 (832) module 36, x 6.7775, y 12.6925, z 251.531
 35729131 (793) module 34, x 6.2275, y 11.675, z 226.531
 33627380 (756) module 32, x  5.705, y 10.6575, z 201.531
 31525630 (719) module 30, x 5.1825, y 9.6675, z 176.531
 31128503 (715) module 29, x 4.8525, y 9.0875, z 162.469
 29028809 (676) module 27, x   4.33, y 8.0975, z 137.469
 26929371 (629) module 25, x 3.8075, y   7.08, z 112.469
 24829678 (581) module 23, x 3.2575, y 6.0625, z 87.469

Track #28, length 7
 52429594 (1123) module 50, x 17.7225, y -4.9075, z 739.531
 50951678 (1079) module 48, x 16.7075, y -5.155, z 693.469
 48859386 (1036) module 46, x 15.6625, y -5.4025, z 648.469
 46766838 (991) module 44, x 14.645, y -5.6225, z 603.469
 44682218 (951) module 42, x 11.9775, y -6.2825, z 484.921
 42594785 (910) module 40, x   9.86, y -6.7775, z 389.411
 40505050 (869) module 38, x 8.1825, y -7.1625, z 312.463

Track #29, length 16
 52711161 (1124) module 50, x 19.4275, y 34.0425, z 738.469
 50504206 (1080) module 48, x 18.355, y 32.2175, z 694.531
 48398114 (1037) module 46, x 17.2825, y 30.2925, z 649.531
 46292022 (992) module 44, x 16.1825, y 28.395, z 604.531
 44171627 (952) module 42, x 13.2675, y 23.3625, z 485.982
 42056085 (912) module 40, x 10.9575, y  19.32, z 390.473
 39943863 (872) module 38, x   9.06, y 16.0475, z 313.525
 37834451 (833) module 36, x 7.5475, y 13.4075, z 251.531
 35732446 (794) module 34, x 6.9425, y 12.3625, z 226.531
 33630185 (757) module 32, x 6.3375, y 11.2625, z 201.531
 31528180 (720) module 30, x 5.7325, y 10.2175, z 176.531
 29425919 (681) module 28, x 5.1275, y 9.13125, z 151.531
 29031105 (677) module 27, x 4.7975, y 8.5375, z 137.469
 26931156 (630) module 25, x 4.1925, y 7.4925, z 112.469
 24831207 (582) module 23, x 3.5875, y   6.42, z 87.469
 22731259 (528) module 21, x   3.01, y 5.3475, z 62.469

Track #30, length 6
 52743928 (1125) module 50, x 19.455, y 27.0025, z 738.469
 50473229 (1081) module 48, x 18.4375, y 25.5625, z 694.531
 48369184 (1038) module 46, x 17.3925, y 24.0775, z 649.531
 46265651 (993) module 44, x 16.3475, y 22.5925, z 604.531
 44150627 (953) module 42, x 13.7075, y 18.7425, z 485.982
 42038410 (913) module 40, x 11.5625, y 15.4975, z 390.473

Track #31, length 6
 52741859 (1126) module 50, x  20.61, y 27.415, z 738.469
 50651896 (1082) module 48, x 19.4825, y 25.875, z 693.469
 48370446 (1039) module 46, x 18.3458, y 24.3708, z 649.531
 46266660 (994) module 44, x 17.1725, y  22.84, z 604.531
 44150875 (954) module 42, x 14.1475, y 18.7975, z 485.982
 42038663 (914) module 40, x 11.7275, y 15.5525, z 390.473

Track #32, length 13
 52771281 (1127) module 50, x 21.5908, y 20.9892, z 738.469
 50679527 (1083) module 48, x 20.4175, y 19.8525, z 693.469
 48587773 (1041) module 46, x 19.1892, y 18.6608, z 648.469
 46242069 (995) module 44, x 17.9975, y 17.5325, z 604.531
 44130638 (955) module 42, x 14.8625, y 14.4525, z 485.982
 42022012 (916) module 40, x 12.3325, y 11.9775, z 390.473
 39915425 (873) module 38, x 10.2975, y 9.9425, z 313.525
 37811391 (835) module 36, x 8.6475, y 8.3475, z 251.531
 35711178 (796) module 34, x  8.015, y 7.6875, z 226.531
 33610967 (759) module 32, x 7.3275, y 7.0275, z 201.531
 31510755 (722) module 30, x 6.6675, y 6.3675, z 176.531
 29410543 (682) module 28, x   5.98, y 5.7075, z 151.531
 27310332 (636) module 26, x 5.2925, y 5.0475, z 126.531

Track #33, length 13
 52785605 (1128) module 50, x 22.2875, y 17.9275, z 738.469
 50693339 (1084) module 48, x 21.0775, y 16.8825, z 693.469
 48600816 (1042) module 46, x 19.9225, y 15.8925, z 648.469
 46229511 (996) module 44, x 18.7308, y 14.8742, z 604.531
 44119874 (957) module 42, x 15.5225, y 12.1425, z 485.982
 42012530 (917) module 40, x 12.8825, y 9.9425, z 390.473
 39907737 (874) module 38, x 10.7375, y 8.1825, z 313.525
 37803960 (836) module 36, x 9.0325, y   6.78, z 251.531
 35704261 (797) module 34, x 8.3175, y 6.2025, z 226.531
 33604562 (760) module 32, x 7.6025, y   5.68, z 201.531
 31505119 (723) module 30, x 6.8875, y 5.1575, z 176.531
 29405420 (683) module 28, x 6.1725, y 4.6075, z 151.531
 27305721 (637) module 26, x 5.4575, y 4.0575, z 126.531

Track #34, length 11
 52776581 (1129) module 50, x 25.8075, y 19.8525, z 738.469
 50685602 (1085) module 48, x 24.2125, y 18.5325, z 693.469
 48594622 (1043) module 46, x 22.6725, y 17.2125, z 648.469
 46503643 (997) module 44, x 21.0775, y 15.8925, z 603.469
 44120872 (958) module 42, x 16.9525, y 12.3625, z 485.982
 42010981 (918) module 40, x 13.5975, y 9.6125, z 390.473
 39904151 (875) module 38, x 10.8475, y 7.4125, z 313.525
 37799360 (834) module 36, x 8.5925, y   5.79, z 251.531
 35699408 (795) module 34, x  7.685, y 5.1575, z 226.531
 33599457 (758) module 32, x 6.7775, y 4.5525, z 201.531
 31499506 (721) module 30, x 5.8425, y  3.975, z 176.531

Track #35, length 4
 53593874 (1134) module 51, x -18.1625, y -20.0625, z 751.531
 51490092 (1092) module 49, x -16.705, y -18.6325, z 706.531
 49386824 (1049) module 47, x -15.1925, y -17.3125, z 661.531
 45170091 (968) module 43, x  -9.72, y -12.4725, z 497.982

Track #36, length 5
 51465124 (1099) module 49, x -10.1325, y -13.2425, z 706.531
 49364910 (1059) module 47, x -9.5825, y -12.5825, z 661.531
 47264695 (1015) module 45, x -9.0875, y -11.9225, z 616.531
 45158863 (973) module 43, x  -7.74, y -10.0525, z 497.982
 43056101 (936) module 41, x -6.5575, y -8.7325, z 402.473

Track #37, length 4
 51052501 (1067) module 48, x -5.0725, y -7.4375, z 693.469
 48953566 (1023) module 46, x -4.715, y -6.9425, z 648.469
 46854887 (977) module 44, x -4.385, y -6.4475, z 603.469
 44753662 (939) module 42, x -3.505, y -5.1825, z 484.921

Track #38, length 14
 51127562 (1068) module 48, x -3.0375, y -32.5725, z 694.531
 49031213 (1024) module 46, x -2.8725, y -30.6475, z 649.531
 46935121 (979) module 44, x -2.6525, y -28.6675, z 604.531
 44840366 (940) module 42, x -2.1575, y -23.525, z 485.982
 42745082 (902) module 40, x -1.7725, y -19.3725, z 390.473
 40549689 (862) module 38, x -1.4425, y -15.99, z 312.463
 38451561 (825) module 36, x -1.2225, y -13.35, z 250.469
 36353917 (788) module 34, x -1.1125, y -12.2775, z 225.469
 34256272 (752) module 32, x -1.0025, y -11.2325, z 200.469
 32158627 (716) module 30, x -0.919998, y -10.1875, z 175.469
 30061238 (678) module 28, x -0.837498, y -9.1425, z 150.469
 27963593 (632) module 26, x -0.727501, y  -8.07, z 125.469
 25865949 (584) module 24, x -0.6175, y -6.9975, z 100.469
 23768304 (534) module 22, x -0.5075, y -5.9525, z 75.469

Track #39, length 7
 50864557 (1086) module 48, x 35.4992, y -9.60083, z 693.469
 48777406 (1044) module 46, x 33.3725, y -8.675, z 648.469
 46690510 (998) module 44, x 31.1725, y -7.8225, z 603.469
 44619256 (960) module 42, x 25.6175, y -5.5125, z 484.921
 42399966 (920) module 40, x 20.885, y -3.6875, z 389.411
 37765977 (839) module 36, x 14.2575, y -1.3875, z 251.531
 33575042 (763) module 32, x 12.0025, y -0.6725, z 201.531

Track #40, length 12
 50863391 (1087) module 48, x 35.7375, y -17.4475, z 693.469
 48776757 (1045) module 46, x 33.4825, y -16.2375, z 648.469
 46690122 (999) module 44, x   31.2, y -15.0825, z 603.469
 44621698 (959) module 42, x 25.0675, y -11.975, z 484.921
 42546862 (919) module 40, x 20.1725, y -9.555, z 389.411
 40468434 (876) module 38, x 16.1575, y -7.6025, z 312.463
 38386413 (837) module 36, x 12.9125, y -6.1175, z 250.469
 36295417 (798) module 34, x 11.5925, y -5.4575, z 225.469
 33555616 (761) module 32, x 10.325, y -4.8525, z 201.531
 31461561 (724) module 30, x   8.95, y -4.1925, z 176.531
 29367506 (684) module 28, x  7.575, y -3.5325, z 151.531
 27273195 (638) module 26, x 6.2275, y   -2.9, z 126.531

Track #41, length 10
 46594562 (1000) module 44, x 33.0125, y -3.7975, z 603.469
 44493689 (961) module 42, x 26.4675, y     -3, z 484.921
 42393818 (921) module 40, x 21.1325, y -2.3675, z 389.411
 39860777 (877) module 38, x 16.8975, y -1.8825, z 313.525
 37765480 (838) module 36, x 13.4325, y  -1.47, z 251.531
 35669121 (799) module 34, x 12.0575, y -1.305, z 226.531
 33572762 (762) module 32, x 10.655, y -1.1675, z 201.531
 31476404 (725) module 30, x 9.2525, y -1.0025, z 176.531
 29380046 (685) module 28, x 7.8225, y -0.8375, z 151.531
 27283687 (639) module 26, x 6.4475, y -0.6725, z 126.531

Track #42, length 10
 45510759 (963) module 43, x -27.4575, y -3.7925, z 496.921
 43417288 (927) module 41, x -22.1225, y -3.0225, z 401.411
 40929560 (887) module 39, x -17.8325, y -2.4625, z 325.525
 38829912 (851) module 37, x -14.3125, y -1.9125, z 263.531
 36732018 (813) module 35, x -12.8825, y -1.7475, z 238.531
 34633868 (778) module 33, x -11.4525, y -1.5275, z 213.531
 32535973 (742) module 31, x -10.0775, y  -1.39, z 188.531
 30438335 (705) module 29, x  -8.62, y -1.2525, z 163.531
 28340185 (668) module 27, x -7.2175, y -1.0325, z 138.531
 26242034 (622) module 25, x -5.8425, y -0.8125, z 113.531

Track #43, length 10
 45952370 (966) module 43, x -11.62, y 26.8525, z 497.982
 43844561 (930) module 41, x -9.2825, y   21.6, z 402.473
 41557025 (892) module 39, x -7.4125, y 17.3375, z 324.463
 39466847 (856) module 37, x -5.9275, y 13.9275, z 262.469
 37372536 (819) module 35, x -5.3225, y 12.5525, z 237.469
 35278225 (783) module 33, x -4.7175, y 11.1775, z 212.469
 33183914 (747) module 31, x -4.1125, y 9.8025, z 187.469
 31089603 (710) module 29, x -3.5075, y 8.4275, z 162.469
 28995036 (671) module 27, x -2.92083, y 7.03417, z 137.469
 26900726 (624) module 25, x -2.3525, y 5.6225, z 112.469

Track #44, length 4
 47284321 (1003) module 45, x -13.8175, y -16.1575, z 616.531
 45171617 (967) module 43, x -10.27, y -12.8025, z 497.982
 43062484 (934) module 41, x -7.4925, y -10.2175, z 402.473
 38459368 (824) module 36, x -2.8725, y -6.3925, z 250.469

Track #45, length 4
 44043164 (949) module 42, x 10.5725, y -4.4675, z 485.982
 41950916 (907) module 40, x 8.3725, y -3.4225, z 390.473
 39856865 (867) module 38, x   6.75, y -2.735, z 313.525
 37762554 (829) module 36, x  5.375, y -2.1575, z 251.531

Track #46, length 11
 44463207 (962) module 42, x  27.43, y 3.5725, z 484.921
 42368703 (922) module 40, x 22.6175, y 3.0225, z 389.411
 39881223 (879) module 38, x 18.7675, y 2.5175, z 313.525
 37781824 (840) module 36, x 15.6325, y 2.0225, z 251.531
 35683671 (801) module 34, x 14.3675, y 1.8025, z 226.531
 33585518 (764) module 32, x 13.075, y   1.61, z 201.531
 31487621 (727) module 30, x 11.8375, y 1.4175, z 176.531
 29389724 (687) module 28, x 10.545, y 1.2525, z 151.531
 27291571 (642) module 26, x 9.3075, y 1.0325, z 126.531
 23096031 (540) module 22, x 6.8875, y 0.7575, z 76.531
 20998132 (492) module 20, x 5.7325, y 0.5925, z 51.531

Track #47, length 12
 43316317 (926) module 41, x -28.0075, y -24.885, z 401.411
 41237936 (886) module 39, x -23.415, y -20.7875, z 324.463
 39156212 (849) module 37, x -19.7025, y -17.46, z 262.469
 36798736 (810) module 35, x -18.2725, y -16.2125, z 238.531
 34695467 (775) module 33, x -16.7875, y -14.8925, z 213.531
 32591942 (739) module 31, x -15.2658, y -13.5542, z 188.531
 30488673 (701) module 29, x -13.79, y -12.225, z 163.531
 28385405 (662) module 27, x -12.2775, y -10.905, z 138.531
 26282136 (615) module 25, x -10.7925, y -9.5575, z 113.531
 24179379 (567) module 23, x -9.3075, y -8.2375, z 88.531
 22076110 (517) module 21, x -7.8225, y -6.9175, z 63.531
 19972842 (473) module 19, x -6.2825, y -5.5975, z 38.531

Track #48, length 10
 43800941 (938) module 41, x 0.1775, y 27.1275, z 402.473
 41704398 (900) module 39, x 0.0675001, y 21.7925, z 325.525
 39494431 (860) module 37, x 0.0125008, y 17.4475, z 262.469
 37397055 (821) module 35, x -0.0424995, y 15.6875, z 237.469
 35299934 (785) module 33, x -0.0424995, y 13.9825, z 212.469
 33202558 (750) module 31, x -0.0699997, y 12.2225, z 187.469
 31105438 (713) module 29, x -0.0974998, y 10.4625, z 162.469
 29008317 (674) module 27, x -0.0974998, y   8.73, z 137.469
 26910941 (627) module 25, x -0.125, y 6.9975, z 112.469
 24814076 (579) module 23, x -0.0974998, y 5.2925, z 87.469

Track #49, length 10
 42136987 (911) module 40, x 10.6275, y 36.7825, z 390.473
 40004546 (870) module 38, x 8.4825, y  29.22, z 313.525
 37879778 (831) module 36, x 6.7225, y  23.17, z 251.531
 35771119 (792) module 34, x 6.0075, y 20.695, z 226.531
 33662971 (755) module 32, x   5.32, y 18.3025, z 201.531
 33225768 (751) module 31, x  4.935, y 16.9525, z 187.469
 31125588 (714) module 29, x 4.2475, y 14.5325, z 162.469
 29025408 (675) module 27, x 3.5875, y 12.1125, z 137.469
 26924972 (628) module 25, x 2.8725, y 9.6925, z 112.469
 24824536 (580) module 23, x 2.1575, y 7.2725, z 87.469

Track #50, length 12
 42212767 (923) module 40, x 24.3775, y 36.7375, z 389.411
 40144618 (880) module 38, x 20.2525, y 30.5225, z 312.463
 37890343 (841) module 36, x 17.0075, y  25.59, z 251.531
 35783744 (802) module 34, x 15.6325, y 23.555, z 226.531
 33677912 (765) module 32, x 14.3125, y 21.5475, z 201.531
 31571312 (728) module 30, x 12.965, y 19.5125, z 176.531
 29464713 (688) module 28, x 11.6175, y 17.4775, z 151.531
 27358113 (643) module 26, x 10.2975, y 15.4425, z 126.531
 25251514 (592) module 24, x 8.9225, y 13.4075, z 101.531
 23144914 (542) module 22, x 7.6025, y   11.4, z 76.531
 21038314 (495) module 20, x 6.24583, y 9.37417, z 51.531
 18542315 (448) module 17, x 4.1375, y    6.2, z 12.469

Track #51, length 12
 42261022 (924) module 40, x 31.4725, y 26.3425, z 389.411
 40184447 (881) module 38, x 26.1375, y 21.8325, z 312.463
 38104013 (842) module 36, x 21.8475, y 18.2575, z 250.469
 36013805 (803) module 34, x 20.0875, y 16.7725, z 225.469
 33649165 (766) module 32, x 18.4375, y 15.3875, z 201.531
 31545388 (729) module 30, x 16.7325, y 13.9575, z 176.531
 29441356 (689) module 28, x 14.9725, y   12.5, z 151.531
 27337579 (644) module 26, x 13.2675, y 11.0425, z 126.531
 25233803 (593) module 24, x 11.5075, y 9.6125, z 101.531
 23130282 (546) module 22, x 9.8025, y  8.155, z 76.531
 21026506 (497) module 20, x 8.0425, y 6.6975, z 51.531
 18922729 (455) module 18, x   6.31, y 5.2675, z 26.531

Track #52, length 13
 41188934 (884) module 39, x -29.245, y -31.4025, z 324.463
 39115163 (845) module 37, x -24.5975, y -26.3975, z 262.469
 37027261 (807) module 35, x -22.7092, y -24.3808, z 237.469
 34939104 (772) module 33, x -20.8025, y -22.3825, z 212.469
 32624131 (736) module 31, x -18.9875, y -20.4475, z 188.531
 30517541 (699) module 29, x -17.1175, y -18.4125, z 163.531
 28410951 (661) module 27, x -15.2475, y -16.405, z 138.531
 26304617 (612) module 25, x -13.35, y -14.3975, z 113.531
 24198028 (562) module 23, x -11.4525, y -12.3625, z 88.531
 22091438 (515) module 21, x -9.5825, y -10.355, z 63.531
 19985616 (468) module 19, x -7.7125, y -8.3475, z 38.531
 17879026 (446) module 17, x -5.8425, y -6.3125, z 13.531
 17497084 (432) module 16, x -4.8525, y -5.265, z  0.469

Track #53, length 9
 41341786 (885) module 39, x -28.1358, y 1.68917, z 324.463
 39243199 (847) module 37, x -22.59, y 1.3225, z 262.469
 37145320 (809) module 35, x -20.335, y 1.1575, z 237.469
 34621713 (774) module 33, x -18.2175, y 1.0575, z 213.531
 32525370 (738) module 31, x -15.9625, y 0.8925, z 188.531
 30428771 (702) module 29, x -13.7075, y 0.7825, z 163.531
 28332427 (664) module 27, x -11.48, y 0.6175, z 138.531
 26235828 (617) module 25, x -9.2525, y 0.5075, z 113.531
 24139229 (571) module 23, x -6.9975, y 0.3975, z 88.531

Track #54, length 9
 41769477 (889) module 39, x -14.0675, y 32.8475, z 325.525
 39659386 (853) module 37, x -11.2625, y 26.4125, z 263.531
 37556905 (816) module 35, x -10.1442, y 23.7908, z 238.531
 35454937 (781) module 33, x  -8.98, y 21.1875, z 213.531
 31074108 (708) module 29, x -6.77083, y 15.8342, z 162.469
 28982380 (670) module 27, x -5.6525, y 13.185, z 137.469
 26890396 (623) module 25, x -4.5525, y 10.5725, z 112.469
 24798411 (576) module 23, x -3.4525, y   7.96, z 87.469
 22706683 (525) module 21, x -2.2975, y 5.3475, z 62.469

Track #55, length 13
 41073516 (890) module 39, x -13.2125, y -33.5925, z 325.525
 38951569 (854) module 37, x -11.1775, y -28.2575, z 263.531
 36844448 (815) module 35, x -10.325, y -26.1125, z 238.531
 34737327 (780) module 33, x   -9.5, y -23.9675, z 213.531
 32630463 (744) module 31, x -8.6475, y -21.795, z 188.531
 30523342 (707) module 29, x -7.8225, y -19.6225, z 163.531
 28415966 (669) module 27, x -6.9425, y -17.45, z 138.531
 26308845 (621) module 25, x  -6.09, y -15.2775, z 113.531
 24201725 (574) module 23, x -5.2375, y -13.1325, z 88.531
 23788162 (532) module 22, x -4.7975, y -12.0025, z 75.469
 21686953 (484) module 20, x -3.9175, y -9.8575, z 50.469
 19585744 (449) module 18, x -3.0375, y -7.7125, z 25.469
 17484791 (434) module 16, x -2.2125, y -5.5675, z  0.469

Track #56, length 12
 41721379 (899) module 39, x -3.6175, y 31.1975, z 325.525
 39621502 (858) module 37, x -3.0125, y 26.1925, z 263.531
 37523363 (820) module 35, x -2.7925, y 24.1575, z 238.531
 35425223 (784) module 33, x -2.5725, y 22.1775, z 213.531
 33327083 (749) module 31, x -2.3525, y  20.17, z 188.531
 31095827 (712) module 29, x -2.105, y 18.1075, z 162.469
 28999991 (673) module 27, x -1.8575, y   16.1, z 137.469
 26903899 (626) module 25, x -1.6375, y  14.12, z 112.469
 24807808 (578) module 23, x -1.4175, y 12.1125, z 87.469
 22711716 (526) module 21, x -1.1975, y 10.1325, z 62.469
 20615880 (477) module 19, x -0.922501, y  8.125, z 37.469
 18519789 (447) module 17, x -0.702499, y 6.1175, z 12.469

Track #57, length 9
 40674657 (865) module 38, x 4.0025, y -27.76, z 313.525
 38573769 (828) module 36, x 3.1775, y -22.0675, z 251.531
 36475123 (791) module 34, x 2.8475, y -19.7575, z 226.531
 34239776 (754) module 32, x   2.49, y -17.3925, z 200.469
 32144202 (717) module 30, x   2.16, y -15.0825, z 175.469
 30048884 (679) module 28, x 1.8025, y -12.7725, z 150.469
 27953309 (633) module 26, x 1.4725, y -10.49, z 125.469
 25857735 (585) module 24, x 1.1425, y  -8.18, z 100.469
 23762161 (535) module 22, x 0.8125, y -5.8975, z 75.469

Track #58, length 13
 40109363 (882) module 38, x  30.29, y 38.0575, z 312.463
 38041486 (843) module 36, x 25.3125, y 31.7875, z 250.469
 35955891 (804) module 34, x 23.2775, y 29.285, z 225.469
 33870551 (767) module 32, x 21.2792, y 26.7458, z 200.469
 31784956 (730) module 30, x 19.2625, y 24.225, z 175.469
 29484833 (690) module 28, x 17.3375, y 21.8225, z 151.531
 27375942 (645) module 26, x 15.3025, y 19.2925, z 126.531
 25267050 (596) module 24, x 13.3225, y 16.7625, z 101.531
 23158159 (548) module 22, x 11.2875, y 14.2325, z 76.531
 21049267 (500) module 20, x 9.3075, y 11.7025, z 51.531
 18940375 (457) module 18, x    7.3, y 9.1725, z 26.531
 16831996 (439) module 16, x 5.2925, y 6.6425, z  1.531
 16445181 (431) module 15, x 4.15583, y 5.21917, z -12.531

Track #59, length 9
 39322035 (844) module 37, x -37.2775, y 9.3075, z 262.469
 37242052 (806) module 35, x -33.565, y 8.3725, z 237.469
 35162325 (771) module 33, x -29.825, y 7.4375, z 212.469
 33082598 (734) module 31, x -26.085, y 6.5025, z 187.469
 31002359 (697) module 29, x -22.345, y 5.5675, z 162.469
 28313350 (659) module 27, x -18.795, y 4.6875, z 138.531
 26220362 (611) module 25, x -15.0825, y 3.8075, z 113.531
 24127629 (563) module 23, x -11.3975, y 2.8725, z 88.531
 22034896 (518) module 21, x -7.7125, y 1.9375, z 63.531

Track #60, length 8
 39255208 (846) module 37, x -23.855, y 3.9075, z 262.469
 37156308 (808) module 35, x -21.4625, y 3.5225, z 237.469
 35057151 (773) module 33, x -19.0975, y   3.11, z 212.469
 32516650 (737) module 31, x -16.8425, y  2.735, z 188.531
 30421589 (700) module 29, x -14.45, y 2.3225, z 163.531
 28326272 (663) module 27, x -12.085, y 1.9375, z 138.531
 26230699 (616) module 25, x  -9.72, y   1.58, z 113.531
 24135382 (570) module 23, x -7.36417, y 1.18583, z 88.531

Track #61, length 9
 39094776 (850) module 37, x -19.455, y -30.7975, z 262.469
 36852508 (811) module 35, x -17.6125, y -27.8725, z 238.531
 34741055 (776) module 33, x -15.66, y -24.7925, z 213.531
 32630114 (740) module 31, x -13.735, y -21.7125, z 188.531
 30518662 (703) module 29, x -11.7825, y -18.66, z 163.531
 28407209 (665) module 27, x -9.8575, y -15.58, z 138.531
 26296012 (618) module 25, x -7.9325, y -12.5275, z 113.531
 24184559 (572) module 23, x -6.0075, y -9.4475, z 88.531
 23789005 (531) module 22, x -4.9625, y  -7.85, z 75.469

Track #62, length 8
 36059435 (805) module 34, x 30.7575, y   6.79, z 225.469
 33966188 (768) module 32, x 27.155, y 5.9925, z 200.469
 31872685 (731) module 30, x  23.58, y 5.2225, z 175.469
 29779183 (691) module 28, x 19.9775, y  4.425, z 150.469
 27303728 (646) module 26, x 16.5125, y 3.6725, z 126.531
 25202801 (595) module 24, x 12.9375, y  2.875, z 101.531
 23102130 (544) module 22, x  9.335, y 2.0775, z 76.531
 21001204 (493) module 20, x 5.7325, y   1.28, z 51.531

Track #63, length 6
 35473708 (777) module 33, x -13.16, y 30.7025, z 213.531
 33369455 (741) module 31, x -11.5925, y 27.0175, z 188.531
 31264691 (704) module 29, x -9.9425, y 23.2775, z 163.531
 29160696 (666) module 27, x -8.3475, y 19.455, z 138.531
 26880323 (619) module 25, x  -6.67, y 15.4675, z 112.469
 24790663 (575) module 23, x -5.1025, y   11.7, z 87.469

Track #64, length 7
 34519921 (769) module 32, x 33.5925, y -26.9075, z 201.531
 32402097 (732) module 30, x 29.1742, y -23.3508, z 176.531
 30284530 (692) module 28, x 24.7375, y -19.785, z 151.531
 27866935 (648) module 26, x 20.0992, y -16.0908, z 125.469
 25790584 (598) module 24, x 15.6625, y -12.525, z 100.469
 23713976 (547) module 22, x 11.2442, y -8.99583, z 75.469
 21637113 (496) module 20, x 6.8075, y -5.4575, z 50.469

Track #65, length 6
 33066042 (733) module 31, x -29.6325, y 15.9625, z 187.469
 30988130 (696) module 29, x -25.4892, y 13.7258, z 162.469
 28909963 (658) module 27, x -21.3275, y 11.5075, z 137.469
 26832308 (609) module 25, x -17.12, y 9.2525, z 112.469
 24754653 (561) module 23, x -12.9308, y 6.97917, z 87.469
 22021562 (516) module 21, x -8.90417, y 4.76083, z 63.531

Track #66, length 7
 32779469 (735) module 31, x -21.8292, y -35.8758, z 187.469
 30575621 (698) module 29, x -18.8775, y -31.0075, z 163.531
 28454717 (660) module 27, x -15.7975, y -25.92, z 138.531
 26334581 (613) module 25, x -12.7175, y -20.8325, z 113.531
 24213677 (565) module 23, x -9.6375, y -15.745, z 88.531
 22092773 (520) module 21, x -6.52083, y -10.6392, z 63.531
 21691595 (482) module 20, x -4.9075, y  -7.96, z 50.469

Track #67, length 6
 33332484 (748) module 31, x -3.5625, y 32.875, z 188.531
 31233113 (711) module 29, x -3.095, y 28.2275, z 163.531
 29133741 (672) module 27, x -2.5725, y  23.58, z 138.531
 26901767 (625) module 25, x -2.0775, y  18.74, z 112.469
 24807004 (577) module 23, x -1.5825, y 14.0925, z 87.469
 22712240 (527) module 21, x -1.0875, y  9.445, z 62.469

Track #68, length 8
 32278058 (718) module 30, x 2.2975, y -30.785, z 176.531
 30179940 (680) module 28, x 2.0775, y -27.595, z 151.531
 28081566 (634) module 26, x 1.8025, y -24.405, z 126.531
 25983449 (586) module 24, x 1.5825, y -21.1875, z 101.531
 23759383 (537) module 22, x 1.34417, y -17.8692, z 75.469
 21663313 (488) module 20, x 1.10583, y -14.6792, z 50.469
 19567499 (451) module 18, x 0.8675, y -11.48, z 25.469
 17471429 (437) module 16, x 0.647499, y  -8.29, z  0.469

Track #69, length 4
 31478935 (726) module 30, x 10.8475, y -0.4525, z 176.531
 29382828 (686) module 28, x 9.6925, y -0.205, z 151.531
 27286720 (641) module 26, x 8.5925, y -0.0124998, z 126.531
 25190611 (589) module 24, x 7.5475, y 0.2075, z 101.531

Track #70, length 5
 30851629 (695) module 29, x -30.62, y 0.717499, z 162.469
 28754056 (656) module 27, x -25.6425, y 0.607498, z 137.469
 26656738 (608) module 25, x -20.6925, y 0.552498, z 112.469
 24138811 (560) module 23, x -15.88, y 0.4525, z 88.531
 22042263 (514) module 21, x -10.82, y 0.3425, z 63.531

Track #71, length 4
 29805576 (693) module 28, x 32.6825, y -1.2675, z 150.469
 27706994 (650) module 26, x 26.8525, y -0.9375, z 125.469
 25608668 (600) module 24, x 21.0225, y -0.662498, z 100.469
 23090499 (551) module 22, x  15.44, y -0.3975, z 76.531

Track #72, length 5
 28629269 (652) module 27, x -31.9308, y -26.3792, z 137.469
 26556040 (604) module 25, x -25.6425, y -21.1725, z 112.469
 24483322 (556) module 23, x -19.345, y -15.9475, z 87.469
 22094187 (510) module 21, x -13.2675, y -10.96, z 63.531
 19973086 (469) module 19, x -6.90583, y -5.68917, z 38.531

Track #73, length 4
 28653110 (655) module 27, x -30.125, y -21.1725, z 137.469
 26575779 (607) module 25, x -24.1575, y -16.91, z 112.469
 24200205 (559) module 23, x -18.4375, y -12.885, z 88.531
 22084472 (513) module 21, x -12.525, y -8.7325, z 63.531

Track #74, length 4
 28064519 (631) module 26, x -1.8275, y -32.71, z 126.531
 25968776 (583) module 24, x -1.5525, y -25.615, z 101.531
 23771409 (533) module 22, x  -1.25, y -18.19, z 75.469
 21673106 (486) module 20, x -0.947498, y -11.095, z 50.469

Track #75, length 4
 28083724 (635) module 26, x 2.2975, y -32.4625, z 126.531
 25983884 (587) module 24, x 1.6925, y -25.395, z 101.531
 23760659 (536) module 22, x 1.06917, y -18.0708, z 75.469
 21666708 (487) module 20, x 0.427502, y -10.985, z 50.469

Track #76, length 7
 28244917 (651) module 26, x 37.1125, y -23.14, z 126.531
 26124781 (602) module 24, x 32.1625, y -20.0875, z 101.531
 23640873 (554) module 22, x 27.0475, y -16.8975, z 75.469
 21566047 (504) module 20, x 22.1525, y  -13.9, z 50.469
 19491478 (459) module 18, x 17.3125, y -10.875, z 25.469
 17416910 (440) module 16, x 12.445, y -7.8225, z  0.469
 14681038 (411) module 14, x  7.795, y -4.9075, z -23.469

Track #77, length 4
 26519187 (605) module 25, x -25.0192, y -29.1658, z 112.469
 24243713 (558) module 23, x -19.0608, y -22.2442, z 88.531
 22113139 (512) module 21, x -12.8275, y -15.03, z 63.531
 19983076 (470) module 19, x -6.59417, y -7.81583, z 38.531

Track #78, length 4
 27083085 (614) module 25, x -12.6925, y  28.86, z 113.531
 24971470 (566) module 23, x -9.5575, y 21.765, z 88.531
 22687829 (522) module 21, x -6.3125, y  14.45, z 62.469
 20605141 (476) module 19, x -3.19583, y 7.41917, z 37.469

Track #79, length 4
 25318758 (597) module 24, x 13.5425, y  28.01, z 101.531
 23186090 (545) module 22, x 9.76583, y 20.2642, z 76.531
 21052655 (494) module 20, x 5.98917, y 12.4358, z 51.531
 20638153 (480) module 19, x 3.8625, y   8.07, z 37.469

Track #80, length 4
 21505558 (505) module 20, x 35.2242, y -17.9058, z 50.469
 19444061 (462) module 18, x 27.5792, y -14.0008, z 25.469
 17382053 (443) module 16, x 19.9525, y -10.0775, z  0.469
 15320555 (417) module 14, x  12.28, y -6.2275, z -24.531

Track #81, length 5
 16433140 (430) module 15, x   1.58, y 5.7325, z -12.531
 14343816 (400) module 13, x 3.27583, y 11.6542, z -37.531
 12254747 (364) module 11, x 5.0175, y  17.64, z -62.531
 10603251 (339) module 10, x 5.76917, y 20.2458, z -73.469
  8582812 (294) module  8, x 10.5725, y 36.865, z -143.219

Track #82, length 4
 15739385 (426) module 15, x -5.42083, y 2.79917, z -11.469
 14275568 (392) module 13, x -11.51, y 5.9525, z -37.531
 12151224 (352) module 11, x -17.3492, y 8.99583, z -62.531
  9978654 (303) module  9, x -33.6292, y 17.4658, z -132.281

Track #83, length 4
 15379170 (405) module 14, x -0.397499, y -6.695, z -24.531
 13283214 (371) module 12, x -0.672501, y -11.3425, z -49.531
 11187001 (332) module 10, x -0.892498, y -15.99, z -74.531
  9191502 (271) module  8, x -1.5525, y -28.805, z -143.219

Track #84, length 4
 15370708 (406) module 14, x 1.4175, y -7.465, z -24.531
 13268598 (372) module 12, x 2.4625, y -12.635, z -49.531
 11166744 (335) module 10, x 3.4525, y -17.8325, z -74.531
  9227794 (283) module  8, x 6.2575, y -32.105, z -143.219

Track #85, length 4
 15370215 (407) module 14, x 1.5275, y  -6.42, z -24.531
 13268118 (373) module 12, x 2.5725, y -10.875, z -49.531
 11165766 (336) module 10, x  3.645, y -15.3025, z -74.531
  9229413 (284) module  8, x  6.615, y -27.54, z -143.219

Track #86, length 7
 13637630 (395) module 13, x -5.1825, y   3.78, z -36.469
 12194291 (354) module 11, x  -7.99, y 5.7875, z -62.531
 10062225 (307) module  9, x -15.5892, y 11.1408, z -132.281
  7929904 (240) module  7, x -23.17, y 16.5125, z -202.031
  5820173 (172) module  5, x -25.9475, y 18.4375, z -227.031
  4088041 (105) module  3, x -28.5875, y 20.3075, z -250.969
  2003398 (37) module  1, x -31.2825, y 22.2325, z -275.969

Track #87, length 5
 14304747 (396) module 13, x  -5.13, y 6.2275, z -37.531
 12195505 (355) module 11, x -7.715, y 9.4175, z -62.531
 10064912 (308) module  9, x -14.975, y 18.2725, z -132.281
  8252528 (241) module  7, x -22.0975, y 26.9625, z -200.969
  6166838 (173) module  5, x -24.7192, y 30.1158, z -225.969

Track #88, length 7
 14321145 (399) module 13, x -1.6375, y 5.4575, z -37.531
 12220102 (362) module 11, x -2.4625, y 8.2625, z -62.531
 10111803 (317) module  9, x -4.8275, y 15.9075, z -132.281
  8183729 (249) module  7, x -7.1925, y 23.3875, z -200.969
  6090368 (180) module  5, x -8.0175, y 26.0825, z -225.969
  3997262 (112) module  3, x -8.8975, y 28.8325, z -250.969
  1903389 (44) module  1, x  -9.75, y 31.5275, z -275.969

Track #89, length 7
 13285341 (369) module 12, x -1.13083, y -6.96083, z -49.531
 11190186 (330) module 10, x  -1.58, y -9.8025, z -74.531
  9098777 (269) module  8, x -2.8175, y -17.7775, z -144.281
  7082888 (203) module  6, x -4.0275, y -25.6425, z -212.969
  4983380 (135) module  4, x -4.495, y -28.5025, z -237.969
  2884128 (70) module  2, x -4.935, y -31.3625, z -262.969
  1224190 (56) module  1, x -5.1825, y -32.85, z -275.969

Track #90, length 7
 13284340 (370) module 12, x -0.892498, y -5.705, z -49.531
 11188682 (331) module 10, x -1.2225, y -8.0425, z -74.531
  9096019 (270) module  8, x -2.2125, y -14.5875, z -144.281
  7086812 (204) module  6, x -3.2025, y -21.0225, z -212.969
  4988081 (136) module  4, x -3.5325, y -23.36, z -237.969
  2889095 (71) module  2, x -3.9175, y -25.6975, z -262.969
   790364 (0) module  0, x -4.2475, y -28.0625, z -287.969

Track #91, length 7
 12589310 (376) module 12, x 5.1825, y -3.7525, z -48.469
 11148538 (341) module 10, x 7.4125, y -5.375, z -74.531
  9023659 (297) module  8, x 13.435, y -9.7475, z -144.281
  6898524 (234) module  6, x 19.4575, y -14.0925, z -214.031
  4791360 (168) module  4, x 21.6025, y -15.6325, z -239.031
  2684451 (102) module  2, x 23.775, y -17.2275, z -264.031
   577287 (33) module  0, x 25.9475, y -18.7675, z -289.031

Track #92, length 5
 12645606 (379) module 12, x  6.475, y 8.3475, z -48.469
 10564021 (344) module 10, x 9.1975, y  11.84, z -73.469
  8512298 (300) module  8, x 16.815, y 21.6025, z -143.219
  6585500 (237) module  6, x 24.515, y 31.5125, z -214.031
  4471915 (170) module  4, x 27.2375, y 35.005, z -239.031

Track #93, length 7
 12595672 (380) module 12, x 7.2725, y  -2.35, z -48.469
 10494112 (345) module 10, x 10.325, y -3.3125, z -73.469
  8997869 (301) module  8, x  18.99, y -6.1175, z -144.281
  6861500 (238) module  6, x 27.515, y -8.8125, z -214.031
  4750250 (171) module  4, x 30.5675, y -9.8025, z -239.031
  2638744 (104) module  2, x 33.6292, y -10.7742, z -264.031
   527495 (36) module  0, x 36.6725, y -11.7275, z -289.031

Track #94, length 6
 11539194 (358) module 11, x -5.4025, y 4.0825, z -61.469
 10085322 (311) module  9, x -10.6575, y 8.0425, z -132.281
  7964291 (243) module  7, x -15.7725, y 11.9475, z -202.031
  5858409 (174) module  5, x -17.6425, y  13.35, z -227.031
  3752528 (106) module  3, x -19.485, y 14.7525, z -252.031
  1646902 (38) module  1, x -21.3275, y 16.1825, z -277.031

Track #95, length 4
 11560958 (359) module 11, x -5.1825, y -0.5925, z -61.469
  9466277 (312) module  9, x -10.0775, y -1.1425, z -131.219
  7371595 (244) module  7, x -15.0275, y  -1.72, z -200.969
  5275434 (175) module  5, x -16.8425, y -1.9125, z -225.969

Track #96, length 6
 12216824 (361) module 11, x -3.1775, y 5.5125, z -62.531
 10105754 (314) module  9, x -6.1475, y 10.655, z -132.281
  7995196 (247) module  7, x  -9.09, y 15.8525, z -202.031
  5892890 (177) module  5, x -10.2175, y 17.695, z -227.031
  4007672 (109) module  3, x -11.2075, y 19.4825, z -250.969
  1915350 (42) module  1, x -12.28, y 21.3525, z -275.969

Track #97, length 6
 11181798 (333) module 10, x 0.262501, y -6.475, z -74.531
  9083527 (276) module  8, x 0.482502, y -11.7275, z -144.281
  6985255 (211) module  6, x 0.674999, y -17.0075, z -214.031
  4887812 (143) module  4, x 0.7575, y -18.905, z -239.031
  2911201 (78) module  2, x 0.8125, y -20.72, z -262.969
   814271 (7) module  0, x 0.8675, y -22.6175, z -287.969

Track #98, length 6
 11175413 (334) module 10, x 1.6375, y  -5.65, z -74.531
  9072034 (278) module  8, x 2.9575, y -10.2425, z -144.281
  6968399 (214) module  6, x  4.305, y -14.8075, z -214.031
  4869169 (146) module  4, x 4.7725, y -16.4575, z -239.031
  2769683 (82) module  2, x 5.2675, y -18.1075, z -264.031
   836852 (12) module  0, x 5.7075, y -19.675, z -287.969

Track #99, length 6
 10505207 (338) module 10, x   5.54, y -0.9475, z -73.469
  8404388 (292) module  8, x 10.1325, y -1.7175, z -143.219
  6303568 (229) module  6, x 14.725, y -2.4875, z -212.969
  4205106 (162) module  4, x 16.375, y -2.7625, z -237.969
  2106644 (98) module  2, x 18.025, y -3.0375, z -262.969
   455411 (29) module  0, x 19.7575, y -3.3575, z -289.031

Track #100, length 6
 10549737 (340) module 10, x   6.31, y 8.6225, z -73.469
  8484747 (295) module  8, x 11.5075, y 15.6625, z -143.219
  6420523 (231) module  6, x 16.7875, y 22.7575, z -212.969
  4334601 (165) module  4, x 18.6575, y 25.2875, z -237.969
  2407907 (100) module  2, x 20.6375, y 27.9375, z -264.031
   298945 (31) module  0, x 22.5075, y 30.4675, z -289.031

Track #101, length 6
 10556600 (343) module 10, x 9.0325, y 10.2175, z -73.469
  8498480 (299) module  8, x 16.485, y 18.6325, z -143.219
  6605733 (235) module  6, x 24.0475, y  27.14, z -214.031
  4494708 (169) module  4, x 26.7425, y 30.1375, z -239.031
  2383427 (103) module  2, x 29.4008, y 33.1442, z -264.031
   272403 (35) module  0, x 32.0775, y 36.1325, z -289.031

Track #102, length 5
 10108329 (316) module  9, x -5.5975, y 9.8575, z -132.281
  7998546 (248) module  7, x -8.265, y 14.6425, z -202.031
  5897523 (179) module  5, x -9.2275, y 16.3475, z -227.031
  3795732 (110) module  3, x -10.19, y 18.0525, z -252.031
  1910004 (43) module  1, x -11.0975, y 19.7025, z -275.969

Track #103, length 5
 10116791 (318) module  9, x -3.7825, y 9.0875, z -132.281
  8011112 (253) module  7, x -5.5975, y 13.4325, z -202.031
  5910859 (185) module  5, x -6.2575, y     15, z -227.031
  3810607 (117) module  3, x -6.88083, y 16.5492, z -252.031
  1710611 (49) module  1, x -7.5225, y 18.1075, z -277.031

Track #104, length 5
 10116789 (319) module  9, x -3.7825, y 9.1975, z -132.281
  8010850 (252) module  7, x -5.6525, y 13.735, z -202.031
  5910341 (183) module  5, x  -6.34, y 15.3575, z -227.031
  3810087 (115) module  3, x -7.0275, y  16.98, z -252.031
  1709834 (47) module  1, x -7.6875, y 18.6025, z -277.031

Track #105, length 5
 10117307 (320) module  9, x -3.6725, y   8.84, z -132.281
  8011886 (254) module  7, x -5.4325, y 13.1025, z -202.031
  5911890 (186) module  5, x -6.0375, y 14.6425, z -227.031
  3811638 (118) module  3, x -6.6975, y 16.1825, z -252.031
  1711642 (50) module  1, x -7.3025, y 17.7225, z -277.031

Track #106, length 5
 10118388 (321) module  9, x -3.425, y 5.7325, z -132.281
  8013762 (257) module  7, x -5.0475, y  8.455, z -202.031
  5913777 (189) module  5, x -5.6525, y 9.4175, z -227.031
  3813791 (120) module  3, x  -6.23, y 10.4075, z -252.031
  1714061 (52) module  1, x -6.8075, y  11.37, z -277.031

Track #107, length 5
 10123441 (322) module  9, x -2.3525, y 9.4175, z -132.281
  8020574 (258) module  7, x -3.5625, y 13.9825, z -202.031
  5921600 (192) module  5, x -3.9475, y 15.605, z -227.031
  3822371 (123) module  3, x -4.3875, y 17.2275, z -252.031
  1723141 (57) module  1, x -4.8275, y 18.8775, z -277.031

Track #108, length 5
 10132683 (323) module  9, x -0.372501, y 7.9875, z -132.281
  8034692 (260) module  7, x -0.510002, y 11.8925, z -202.031
  5937259 (194) module  5, x -0.565002, y 13.2675, z -227.031
  3839825 (126) module  3, x -0.647499, y  14.67, z -252.031
  1742136 (61) module  1, x -0.7575, y 16.0725, z -277.031

Track #109, length 5
 10136270 (324) module  9, x 0.424999, y  7.795, z -132.281
  8041021 (263) module  7, x 0.837498, y 15.7975, z -202.031
  5944585 (198) module  5, x 1.0025, y 18.6575, z -227.031
  3950805 (130) module  3, x 1.1125, y 21.4075, z -250.969
  1852832 (66) module  1, x 1.2775, y 24.295, z -275.969

Track #110, length 5
 10137337 (325) module  9, x  0.645, y 5.4575, z -132.281
  8041159 (264) module  7, x 0.837498, y   8.18, z -202.031
  5944246 (197) module  5, x 0.919998, y 9.1425, z -227.031
  3847588 (129) module  3, x 1.0025, y 10.1325, z -252.031
  1750674 (63) module  1, x 1.0575, y 11.1225, z -277.031

Track #111, length 5
 10139850 (326) module  9, x 1.1675, y  8.015, z -132.281
  8048181 (266) module  7, x 2.3775, y 16.2375, z -202.031
  5953024 (200) module  5, x 2.8175, y 19.1525, z -227.031
  3941066 (133) module  3, x 3.2025, y 22.0125, z -250.969
  1841813 (68) module  1, x 3.6425, y 24.9275, z -275.969

Track #112, length 5
  9092603 (272) module  8, x -1.4425, y -5.3475, z -144.281
  6998476 (205) module  6, x -2.1025, y -7.9325, z -214.031
  4902332 (137) module  4, x -2.3225, y -8.8125, z -239.031
  2806187 (72) module  2, x -2.5425, y -9.7475, z -264.031
   710042 (1) module  0, x -2.7625, y -10.6825, z -289.031

Track #113, length 5
  9088710 (273) module  8, x -0.654167, y -8.24417, z -144.281
  6992771 (207) module  6, x -0.929169, y -11.9292, z -214.031
  4896107 (139) module  4, x -1.0025, y -13.24, z -239.031
  2799443 (75) module  2, x -1.1125, y -14.56, z -264.031
   702779 (4) module  0, x -1.2225, y -15.88, z -289.031

Track #114, length 5
  9087937 (274) module  8, x -0.452499, y -8.5375, z -144.281
  6990898 (210) module  6, x -0.535, y -16.4025, z -214.031
  5001983 (142) module  4, x -0.535, y -19.0975, z -237.969
  2904780 (77) module  2, x -0.5625, y -21.875, z -262.969
   807577 (6) module  0, x -0.5625, y -24.7075, z -287.969

Track #115, length 5
  9087678 (275) module  8, x -0.397499, y -8.675, z -144.281
  6990898 (210) module  6, x -0.535, y -16.4025, z -214.031
  5001983 (142) module  4, x -0.535, y -19.0975, z -237.969
  2904780 (77) module  2, x -0.5625, y -21.875, z -262.969
   807577 (6) module  0, x -0.5625, y -24.7075, z -287.969

Track #116, length 5
  9078252 (277) module  8, x 1.6375, y -6.1725, z -144.281
  6977465 (212) module  6, x 2.4075, y -8.9775, z -214.031
  4879015 (144) module  4, x 2.6825, y -9.9675, z -239.031
  2780565 (79) module  2, x 2.9575, y -10.9575, z -264.031
   682115 (8) module  0, x 3.2325, y -11.9475, z -289.031

Track #117, length 5
  9058787 (279) module  8, x   5.79, y -6.6675, z -144.281
  6949804 (217) module  6, x 8.3475, y -9.665, z -214.031
  4848793 (151) module  4, x  9.255, y -10.7375, z -239.031
  2747525 (87) module  2, x 10.1625, y -11.8375, z -264.031
   646001 (17) module  0, x 11.0975, y -12.9375, z -289.031

Track #118, length 5
  9057253 (280) module  8, x 6.1475, y -6.5575, z -144.281
  6947248 (218) module  6, x 8.8975, y -9.4725, z -214.031
  4845981 (152) module  4, x 9.8875, y -10.5175, z -239.031
  2744202 (88) module  2, x 10.8775, y -11.5625, z -264.031
   642423 (18) module  0, x 11.8675, y -12.6075, z -289.031

Track #119, length 5
  8423660 (281) module  8, x 6.1725, y 2.4075, z -143.219
  6331577 (219) module  6, x 8.9775, y 3.5075, z -212.969
  4236199 (153) module  4, x 9.9675, y 3.8925, z -237.969
  2140820 (89) module  2, x 10.9942, y 4.31417, z -262.969
    45442 (19) module  0, x 12.0025, y   4.69, z -287.969

Track #120, length 5
  8469995 (282) module  8, x 6.2275, y   12.5, z -143.219
  6399159 (220) module  6, x   9.06, y 18.1375, z -212.969
  4311461 (154) module  4, x 10.0775, y 20.1725, z -237.969
  2223763 (90) module  2, x 11.0675, y 22.235, z -262.969
   135808 (20) module  0, x 12.085, y 24.2975, z -287.969

Track #121, length 5
  8416994 (285) module  8, x 6.7225, y  1.005, z -143.219
  6321834 (222) module  6, x 9.76583, y 1.45417, z -212.969
  4225431 (156) module  4, x 10.8475, y   1.61, z -237.969
  2129027 (91) module  2, x 11.9475, y 1.7475, z -262.969
    32623 (21) module  0, x 13.0475, y 1.9125, z -287.969

Track #122, length 5
  8429794 (286) module  8, x 6.7225, y 3.7275, z -143.219
  6340266 (223) module  6, x 9.8025, y  5.405, z -212.969
  4245910 (157) module  4, x 10.9025, y   6.01, z -237.969
  2151554 (92) module  2, x 12.0025, y  6.615, z -262.969
    57198 (22) module  0, x 13.075, y   7.22, z -287.969

Track #123, length 5
  8424156 (287) module  8, x 7.0525, y 2.5175, z -143.219
  6333348 (224) module  6, x 10.1325, y 3.8925, z -212.969
  4238480 (158) module  4, x 11.2325, y 4.3875, z -237.969
  2143612 (94) module  2, x 12.305, y 4.8825, z -262.969
    48745 (23) module  0, x 13.3775, y 5.3775, z -287.969

Track #124, length 5
  8416725 (288) module  8, x   7.41, y 0.9225, z -143.219
  6321304 (225) module  6, x 10.7925, y 1.3075, z -212.969
  4224642 (159) module  4, x 11.975, y  1.445, z -237.969
  2128236 (95) module  2, x 13.185, y 1.5825, z -262.969
    31831 (26) module  0, x 14.3675, y 1.7475, z -287.969

Track #125, length 5
  8427470 (289) module  8, x 7.8225, y 3.2325, z -143.219
  6337165 (226) module  6, x 11.3975, y 4.7175, z -212.969
  4242550 (160) module  4, x 12.6625, y 5.2675, z -237.969
  2147679 (96) module  2, x 13.9275, y 5.7625, z -262.969
    53064 (27) module  0, x 15.1925, y   6.34, z -287.969

Track #126, length 5
  8404665 (291) module  8, x 8.9775, y -1.6625, z -143.219
  6303855 (227) module  6, x 13.0475, y -2.4325, z -212.969
  4205652 (161) module  4, x 14.5325, y -2.6525, z -237.969
  2107194 (97) module  2, x 15.9625, y -2.9275, z -262.969
     8991 (28) module  0, x 17.4475, y -3.1475, z -287.969

Track #127, length 4
  7463050 (246) module  7, x -11.5625, y -21.4375, z -200.969
  5376372 (176) module  5, x -12.7725, y -23.8025, z -225.969
  3290206 (108) module  3, x -13.9825, y -26.1675, z -250.969
  1203783 (41) module  1, x -15.2475, y -28.4775, z -275.969

Track #128, length 4
  7477978 (250) module  7, x -7.1625, y -24.7375, z -200.969
  5394123 (181) module  5, x -7.9875, y -27.625, z -225.969
  3310524 (113) module  3, x -8.8125, y -30.54, z -250.969
  1226924 (45) module  1, x -9.665, y -33.455, z -275.969

Track #129, length 4
  7365877 (251) module  7, x -5.6775, y -0.4275, z -200.969
  5268969 (184) module  5, x  -6.31, y -0.4825, z -225.969
  3172061 (116) module  3, x -6.9975, y -0.5375, z -250.969
  1074897 (48) module  1, x -7.6575, y -0.565, z -275.969

Track #130, length 4
  7396089 (255) module  7, x  -5.43, y -6.9175, z -200.969
  5304551 (182) module  5, x -6.4475, y -8.155, z -225.969
  3212757 (114) module  3, x  -7.41, y -9.3925, z -250.969
  1120964 (46) module  1, x -8.3725, y -10.575, z -275.969

Track #131, length 4
  7360507 (256) module  7, x -5.3475, y 0.7275, z -200.969
  5263088 (187) module  5, x -5.9525, y 0.7825, z -225.969
  3165413 (119) module  3, x -6.5575, y 0.8925, z -250.969
  1067993 (51) module  1, x  -7.19, y 0.9475, z -275.969

Track #132, length 4
  8020960 (259) module  7, x  -3.48, y 6.8325, z -202.031
  5922001 (193) module  5, x -3.8925, y 7.6575, z -227.031
  3823043 (124) module  3, x -4.2775, y 8.4275, z -252.031
  1723828 (58) module  1, x -4.7175, y 9.2525, z -277.031

Track #133, length 4
  8039412 (261) module  7, x   0.48, y 5.7325, z -202.031
  5942760 (195) module  5, x 0.5625, y 6.3925, z -227.031
  3845852 (127) module  3, x 0.6175, y 7.0525, z -252.031
  1748943 (62) module  1, x 0.672501, y   7.74, z -277.031

Track #134, length 4
  8040954 (262) module  7, x 0.782501, y 5.4025, z -202.031
  5944046 (196) module  5, x 0.864998, y 6.0625, z -227.031
  3847394 (128) module  3, x 0.947498, y 6.7225, z -252.031
  1750742 (64) module  1, x 1.0575, y  7.355, z -277.031

Track #135, length 4
  8041451 (265) module  7, x 0.892498, y 6.2275, z -202.031
  5944798 (199) module  5, x   1.03, y 6.9425, z -227.031
  3848144 (131) module  3, x   1.14, y 7.7125, z -252.031
  1751491 (65) module  1, x   1.25, y 8.4275, z -277.031

Track #136, length 4
  8049120 (267) module  7, x   2.57, y 6.8325, z -202.031
  5953489 (201) module  5, x 2.8725, y   7.63, z -227.031
  3857603 (132) module  3, x  3.175, y 8.4275, z -252.031
  1761973 (67) module  1, x 3.4775, y 9.1975, z -277.031

Track #137, length 4
  6992582 (208) module  6, x -0.864998, y -8.2625, z -214.031
  4896173 (140) module  4, x -1.0025, y  -9.61, z -239.031
  2799764 (74) module  2, x -1.1675, y -10.985, z -264.031
   703355 (3) module  0, x -1.3325, y -12.36, z -289.031

Track #138, length 4
  6992633 (209) module  6, x -0.837498, y -5.4575, z -214.031
  4895726 (141) module  4, x -0.919998, y -6.0625, z -239.031
  2799075 (76) module  2, x -1.0025, y -6.6675, z -264.031
   702424 (5) module  0, x -1.1125, y -7.2725, z -289.031

Track #139, length 4
  6972410 (213) module  6, x 3.5075, y -5.4025, z -214.031
  4872426 (145) module  4, x 4.1125, y -6.2825, z -239.031
  2772697 (80) module  2, x 4.6625, y  -7.19, z -264.031
   672713 (10) module  0, x 5.2675, y -8.0975, z -289.031

Track #140, length 4
  6968281 (215) module  6, x 4.3875, y -7.2175, z -214.031
  4868811 (147) module  4, x 4.8825, y -7.9875, z -239.031
  2769341 (83) module  2, x 5.3775, y -8.7575, z -264.031
   669870 (13) module  0, x 5.8725, y -9.555, z -289.031

Track #141, length 4
  6336491 (216) module  6, x 6.2275, y 4.5525, z -212.969
  4241115 (149) module  4, x 7.1075, y 4.9375, z -237.969
  2145739 (85) module  2, x   7.96, y 5.3225, z -262.969
    50364 (15) module  0, x 8.8125, y 5.7075, z -287.969

Track #142, length 4
  6297527 (221) module  6, x 9.0875, y -3.8075, z -212.969
  4197531 (155) module  4, x   10.6, y -4.4125, z -237.969
  2097280 (93) module  2, x 12.1125, y -5.0725, z -262.969
   634100 (24) module  0, x 13.6825, y -5.7325, z -289.031

Track #143, length 4
  6332480 (230) module  6, x 15.6325, y 3.7275, z -212.969
  4237837 (164) module  4, x 18.4192, y 4.29583, z -237.969
  2514133 (101) module  2, x  21.38, y  4.865, z -264.031
   414626 (32) module  0, x 24.2125, y 5.3875, z -289.031

Track #144, length 4
  5957877 (202) module  5, x  3.835, y 5.6775, z -227.031
  3863525 (134) module  3, x 4.4125, y 6.5575, z -252.031
  1768661 (69) module  1, x 4.9075, y 7.4375, z -277.031
    60158 (9) module  0, x  5.155, y 7.7975, z -287.969

Track #145, length 3
 52199996 (1109) module 49, x -2.105, y 29.8225, z 706.531
 50117334 (1065) module 47, x -5.1575, y 21.3525, z 661.531
 47844470 (1017) module 45, x -8.2925, y 12.635, z 615.469

Track #146, length 3
 44921506 (956) module 42, x 15.3875, y -24.185, z 485.982
 42585902 (915) module 40, x 11.7575, y -16.6225, z 389.411
 40501916 (871) module 38, x 8.8425, y -10.5725, z 312.463

Track #147, length 3
 28688551 (657) module 27, x -23.91, y -13.5825, z 137.469
 26295591 (610) module 25, x -16.98, y -12.4725, z 113.531
 24193196 (564) module 23, x -9.665, y -11.3175, z 88.531

Track #148, length 3
 24247553 (557) module 23, x -19.0608, y -23.0692, z 88.531
 22115698 (511) module 21, x -12.8458, y -15.5892, z 63.531
 19984356 (471) module 19, x -6.59417, y -8.09083, z 38.531

Track #149, length 3
 23462053 (553) module 22, x  24.02, y   9.98, z 75.469
 21024075 (503) module 20, x 14.9908, y 6.23917, z 51.531
 18909174 (454) module 18, x  5.595, y 2.3525, z 26.531

Track #150, length 3
 15735015 (424) module 15, x -6.41083, y 3.73417, z -11.469
 14265547 (390) module 13, x -13.6825, y   7.96, z -37.531
 12135810 (350) module 11, x -20.6308, y 11.9842, z -62.531

Track #151, length 3
 15781864 (425) module 15, x -6.35583, y -6.34917, z -11.469
 13716331 (391) module 13, x -13.2492, y -13.2608, z -36.469
 11879142 (351) module 11, x -20.4358, y -20.4942, z -62.531

Track #152, length 3
 15369663 (408) module 14, x 1.6375, y  -8.62, z -24.531
 13266771 (374) module 12, x 2.81083, y -14.5692, z -49.531
 11314410 (337) module 10, x  3.975, y -20.2525, z -73.469

Track #153, length 3
 15346597 (410) module 14, x 6.56917, y -10.0408, z -24.531
 13228583 (381) module 12, x 11.1525, y -16.98, z -49.531
 11367852 (346) module 10, x 15.5525, y -23.635, z -73.469

Track #154, length 3
 15337385 (412) module 14, x 8.5675, y  -9.83, z -24.531
 13212972 (382) module 12, x 14.4892, y -16.6958, z -49.531
 11389107 (347) module 10, x 20.145, y -23.25, z -73.469

Track #155, length 3
 14718876 (414) module 14, x 10.545, y 3.2325, z -23.469
 12632072 (385) module 12, x 18.6758, y 5.52417, z -48.469
 10888813 (348) module 10, x   27.1, y 7.8625, z -74.531

Track #156, length 3
 14705295 (415) module 14, x  11.26, y 0.3175, z -23.469
 13022713 (387) module 12, x   19.4, y -0.00249863, z -49.531
 10926699 (349) module 10, x  27.21, y -0.2775, z -74.531

Track #157, length 3
 13255294 (377) module 12, x 5.3225, y -12.195, z -49.531
 11147298 (342) module 10, x  7.605, y -17.2825, z -74.531
  9262372 (298) module  8, x 13.7925, y -31.115, z -143.219

Track #158, length 3
 11615986 (357) module 11, x -5.80583, y -12.5642, z -61.469
  9574286 (310) module  9, x -11.3425, y  -24.6, z -131.219
  7533352 (242) module  7, x -16.925, y -36.6725, z -200.969

Track #159, length 3
  5337078 (190) module  5, x -5.6225, y -15.2225, z -225.969
  3247340 (121) module  3, x -6.1725, y -16.8175, z -250.969
  1157858 (53) module  1, x -6.7225, y -18.4675, z -275.969

Track #160, length 3
  5264895 (191) module  5, x -5.1275, y 0.3975, z -225.969
  3167734 (122) module  3, x -5.6225, y 0.3975, z -250.969
  1070316 (54) module  1, x -6.1725, y 0.4525, z -275.969

Track #161, length 3
  4229879 (148) module  4, x 5.5675, y 2.5175, z -237.969
  2134505 (84) module  2, x 6.3375, y 2.9025, z -262.969
    38874 (14) module  0, x 7.1625, y   3.26, z -287.969

Track #162, length 3
  4247999 (150) module  4, x   8.62, y 6.4225, z -237.969
  2153647 (86) module  2, x 9.49083, y 7.04583, z -262.969
    59551 (16) module  0, x  10.38, y  7.715, z -287.969

