Track #0, length 12
 53851153 (934) module 51, x -32.1875, y -14.2425, z 750.469
 51758390 (904) module 49, x -30.1525, y -13.3075, z 705.469
 49665627 (870) module 47, x -28.09, y -12.3725, z 660.469
 47572865 (837) module 45, x -26.0275, y -11.4375, z 615.469
 45486306 (807) module 43, x -20.665, y -9.045, z 496.921
 43048498 (777) module 41, x -16.375, y -7.1375, z 402.473
 40944242 (749) module 39, x -12.855, y -5.5975, z 325.525
 38841254 (723) module 37, x -10.0225, y -4.3325, z 263.531
 36741818 (697) module 35, x -8.895, y -3.8375, z 238.531
 34642383 (673) module 33, x -7.7675, y -3.3425, z 213.531
 32542948 (645) module 31, x -6.6125, y -2.8475, z 188.531
 30443513 (616) module 29, x -5.4575, y -2.3525, z 163.531

Track #1, length 4
 53908791 (935) module 51, x -30.0975, y -1.7575, z 750.469
 51811420 (905) module 49, x -28.035, y -1.8125, z 705.469
 49713794 (871) module 47, x -25.9725, y -1.9225, z 660.469
 47615910 (838) module 45, x -23.9925, y -2.0875, z 615.469

Track #2, length 9
 53900369 (936) module 51, x -28.6675, y -3.5725, z 750.469
 51804274 (906) module 49, x -26.825, y -3.3525, z 705.469
 49708436 (872) module 47, x -24.9825, y -3.0775, z 660.469
 47612342 (839) module 45, x -23.1125, y -2.8575, z 615.469
 45122831 (810) module 43, x -18.2908, y -2.27917, z 497.982
 43023703 (780) module 41, x -14.3675, y -1.8025, z 402.473
 40924561 (750) module 39, x -11.1775, y  -1.39, z 325.525
 38826174 (724) module 37, x -8.7025, y -1.0875, z 263.531
 36728528 (699) module 35, x -7.7125, y -0.9775, z 238.531

Track #3, length 11
 53840099 (937) module 51, x -20.6375, y -16.6625, z 750.469
 51747321 (907) module 49, x -19.4275, y -15.7275, z 705.469
 49374993 (873) module 47, x -18.2175, y -14.7825, z 661.531
 47273254 (840) module 45, x -17.035, y -13.82, z 616.531
 45164384 (811) module 43, x -13.8725, y -11.2625, z 497.982
 43057551 (782) module 41, x -11.2875, y -9.1725, z 402.473
 40953013 (753) module 39, x -9.1975, y -7.4675, z 325.525
 38849492 (727) module 37, x -7.4925, y  -6.12, z 263.531
 36749793 (702) module 35, x -6.7775, y -5.5425, z 238.531
 34650093 (676) module 33, x  -6.09, y -4.9925, z 213.531
 32550394 (647) module 31, x -5.4025, y -4.4425, z 188.531

Track #4, length 9
 54083618 (938) module 51, x -19.6225, y 17.255, z 750.469
 51992374 (908) module 49, x -18.3575, y 16.1825, z 705.469
 49901130 (874) module 47, x -17.0925, y 15.0825, z 660.469
 47809886 (841) module 45, x -15.8275, y 13.955, z 615.469
 45728148 (812) module 43, x -12.5275, y 11.0125, z 496.921
 43643327 (783) module 41, x -9.8875, y 8.6475, z 401.411
 41555425 (754) module 39, x -7.7975, y 6.7775, z 324.463
 39466237 (728) module 37, x -6.0925, y 5.2375, z 262.469
 36702458 (703) module 35, x -5.4025, y 4.6325, z 238.531

Track #5, length 8
 53548884 (939) module 51, x -14.5142, y -10.4008, z 751.531
 51448932 (909) module 49, x -13.6525, y -9.7775, z 706.531
 49348979 (875) module 47, x -12.8275, y -9.1725, z 661.531
 47249539 (843) module 45, x -11.9475, y -8.5675, z 616.531
 45145003 (813) module 43, x  -9.72, y -6.9725, z 497.982
 43041996 (784) module 41, x -7.9325, y -5.7075, z 402.473
 40940006 (755) module 39, x -6.475, y -4.6625, z 325.525
 38839036 (729) module 37, x -5.2925, y -3.8375, z 263.531

Track #6, length 6
 53509553 (940) module 51, x -9.4175, y -1.8025, z 751.531
 51411899 (910) module 49, x -8.8675, y -1.6925, z 706.531
 49314245 (876) module 47, x -8.3175, y -1.5825, z 661.531
 47216591 (844) module 45, x -7.7675, y -1.4725, z 616.531
 45118185 (815) module 43, x -6.3375, y -1.1975, z 497.982
 43020030 (785) module 41, x -5.155, y -0.9775, z 402.473

Track #7, length 7
 53558713 (941) module 51, x -8.9775, y -12.4725, z 751.531
 51458242 (911) module 49, x -8.455, y -11.7575, z 706.531
 49357772 (877) module 47, x -7.9325, y -11.0425, z 661.531
 47257045 (845) module 45, x -7.4375, y  -10.3, z 616.531
 45151726 (816) module 43, x -6.0625, y -8.4025, z 497.982
 42662627 (758) module 40, x -4.7975, y -6.6675, z 389.411
 40561402 (731) module 38, x -3.9175, y -5.4025, z 312.463

Track #8, length 7
 53581246 (942) module 51, x -8.7025, y -17.3125, z 751.531
 51478983 (912) module 49, x -8.2075, y -16.2125, z 706.531
 49376720 (878) module 47, x -7.685, y -15.1125, z 661.531
 47274458 (846) module 45, x -7.1625, y -14.0125, z 616.531
 45163510 (817) module 43, x -5.6225, y -11.07, z 497.982
 42659781 (759) module 40, x -4.1925, y -8.3175, z 389.411
 40558056 (732) module 38, x -3.2025, y -6.3925, z 312.463

Track #9, length 7
 54151821 (943) module 51, x -4.8825, y 11.3975, z 750.469
 52055702 (913) module 49, x -4.64417, y 10.8658, z 705.469
 49959840 (879) module 47, x -4.3875, y 10.3525, z 660.469
 47863979 (847) module 45, x -4.1125, y 9.7475, z 615.469
 45770442 (818) module 43, x -3.3425, y  8.015, z 496.921
 43676388 (786) module 41, x -2.6825, y 6.6125, z 401.411
 41581560 (756) module 39, x -2.1875, y 5.5125, z 324.463

Track #10, length 6
 54167427 (944) module 51, x   -1.5, y 11.9475, z 750.469
 52070800 (914) module 49, x -1.4175, y 11.205, z 705.469
 49973918 (880) module 47, x -1.3625, y 10.4625, z 660.469
 47877291 (848) module 45, x -1.2525, y 9.7475, z 615.469
 45781452 (819) module 43, x -0.977501, y 7.9325, z 496.921
 43685350 (787) module 41, x -0.7575, y  6.475, z 401.411

Track #11, length 4
 54175367 (945) module 51, x 0.204998, y 11.7275, z 750.469
 52075924 (915) module 49, x -0.317501, y 10.985, z 705.469
 49976481 (881) module 47, x -0.785, y 10.2975, z 660.469
 47877291 (848) module 45, x -1.2525, y 9.7475, z 615.469

Track #12, length 5
 53146277 (917) module 50, x -4.3575, y -10.0775, z 738.469
 51047600 (883) module 48, x -4.055, y -9.4725, z 693.469
 48949180 (850) module 46, x -3.7525, y -8.8125, z 648.469
 46850759 (821) module 44, x -3.4775, y  -8.18, z 603.469
 44750311 (790) module 42, x -2.7625, y -6.4475, z 484.921

Track #13, length 5
 53103782 (918) module 50, x 4.7725, y -10.0225, z 738.469
 51008178 (885) module 48, x 4.4425, y -9.3625, z 693.469
 48912574 (851) module 46, x 4.1125, y -8.7025, z 648.469
 46816713 (822) module 44, x   3.81, y -8.0975, z 603.469
 44723688 (791) module 42, x 2.9575, y -6.3925, z 484.921

Track #14, length 6
 52502726 (920) module 50, x 8.2625, y 10.8775, z 739.531
 50402256 (888) module 48, x 7.7125, y 10.1625, z 694.531
 48301786 (853) module 46, x 7.1625, y 9.4475, z 649.531
 46201827 (824) module 44, x 6.6675, y 8.7325, z 604.531
 44095997 (792) module 42, x 5.2375, y   6.89, z 485.982
 43708407 (789) module 41, x   4.22, y 5.5675, z 401.411

Track #15, length 5
 52459425 (921) module 50, x  10.27, y 1.4725, z 739.531
 50361774 (889) module 48, x 9.5825, y 1.3625, z 694.531
 48264378 (854) module 46, x 8.9225, y 1.3075, z 649.531
 46166726 (825) module 44, x 8.2625, y 1.1975, z 604.531
 44068326 (793) module 42, x 6.5025, y 0.9225, z 485.982

Track #16, length 6
 52494997 (922) module 50, x 10.9575, y  9.255, z 739.531
 50395806 (890) module 48, x 10.4625, y 8.6775, z 694.531
 48295849 (855) module 46, x 9.8575, y 8.0725, z 649.531
 46195894 (826) module 44, x 9.1425, y  7.495, z 604.531
 44091863 (794) module 42, x    7.3, y 5.9825, z 485.982
 41988851 (761) module 40, x 5.7875, y  4.745, z 390.473

Track #17, length 11
 53293327 (924) module 50, x 11.8125, y -32.2975, z 739.531
 51192628 (892) module 48, x 11.0425, y -30.235, z 694.531
 49091930 (856) module 46, x 10.2725, y -28.145, z 649.531
 46991489 (827) module 44, x 9.5575, y -26.0275, z 604.531
 44885734 (795) module 42, x 7.5775, y -20.4725, z 485.982
 42612539 (762) module 40, x 5.9275, y -15.9075, z 389.411
 40521341 (733) module 38, x  4.635, y -12.2775, z 312.463
 38429106 (705) module 36, x   3.59, y -9.3625, z 250.469
 36334023 (678) module 34, x   3.15, y -8.2075, z 225.469
 34238939 (649) module 32, x 2.7375, y  -7.08, z 200.469
 32143856 (619) module 30, x 2.2975, y -5.9525, z 175.469

Track #18, length 8
 53050309 (925) module 50, x 16.3775, y -8.3175, z 738.469
 50958030 (893) module 48, x 15.3325, y -7.795, z 693.469
 48865752 (860) module 46, x 14.2875, y -7.2725, z 648.469
 46773474 (828) module 44, x 13.2425, y -6.7225, z 603.469
 44689147 (796) module 42, x 10.4925, y  -5.32, z 484.921
 41947076 (763) module 40, x 8.3725, y -4.2475, z 390.473
 39854052 (734) module 38, x 6.6125, y  -3.34, z 313.525
 37760253 (706) module 36, x 5.2375, y -2.625, z 251.531

Track #19, length 5
 52790264 (926) module 50, x 19.4825, y 16.9375, z 738.469
 50428429 (895) module 48, x 18.4375, y 15.8275, z 694.531
 48326176 (861) module 46, x 17.3925, y 14.7275, z 649.531
 46223666 (829) module 44, x 16.375, y 13.5725, z 604.531
 44112225 (798) module 42, x  13.79, y 10.4925, z 485.982

Track #20, length 6
 52795874 (927) module 50, x 20.6925, y   15.7, z 738.469
 50703096 (896) module 48, x 19.4458, y 14.7742, z 693.469
 48322064 (862) module 46, x 18.245, y 13.8475, z 649.531
 46220839 (830) module 44, x 17.0075, y 12.9675, z 604.531
 44112225 (798) module 42, x  13.79, y 10.4925, z 485.982
 42006673 (765) module 40, x 11.1775, y  8.595, z 390.473

Track #21, length 7
 52734121 (928) module 50, x 23.8275, y 29.0925, z 738.469
 50469906 (894) module 48, x 18.135, y 24.8475, z 694.531
 48352893 (858) module 46, x 12.2775, y 20.4475, z 649.531
 46235367 (823) module 44, x   6.42, y 16.0475, z 604.531
 45750520 (814) module 43, x -7.6325, y 5.5125, z 496.921
 43414252 (774) module 41, x -20.1425, y -3.6825, z 401.411
 41282611 (745) module 39, x -30.2808, y -11.1442, z 324.463

Track #22, length 12
 52776615 (929) module 50, x  23.91, y 19.8525, z 738.469
 50685122 (898) module 48, x 22.4525, y 18.6425, z 693.469
 48593629 (863) module 46, x 20.9675, y 17.4325, z 648.469
 46502135 (831) module 44, x 19.5375, y 16.2225, z 603.469
 44124221 (799) module 42, x  15.77, y 13.0775, z 485.982
 42015349 (766) module 40, x 12.7175, y 10.5475, z 390.473
 39909281 (736) module 38, x 10.2975, y 8.5125, z 313.525
 37804741 (708) module 36, x 8.3175, y 6.9175, z 251.531
 35704531 (680) module 34, x 7.5475, y 6.2575, z 226.531
 33604322 (652) module 32, x 6.7225, y 5.5975, z 201.531
 31504112 (623) module 30, x 5.9525, y 4.9375, z 176.531
 29403902 (588) module 28, x 5.1825, y 4.2775, z 151.531

Track #23, length 11
 52784502 (931) module 50, x 26.6325, y 18.1475, z 738.469
 50692756 (899) module 48, x 24.9825, y 16.9925, z 693.469
 48601011 (864) module 46, x 23.2775, y 15.8375, z 648.469
 46509009 (832) module 44, x 21.6275, y 14.7375, z 603.469
 44118050 (800) module 42, x 17.2825, y 11.7575, z 485.982
 42009699 (767) module 40, x 13.7075, y 9.3375, z 390.473
 39903895 (737) module 38, x 10.8475, y 7.3575, z 313.525
 37799617 (709) module 36, x 8.5375, y 5.8175, z 251.531
 35699410 (681) module 34, x 7.6025, y 5.1575, z 226.531
 33599459 (651) module 32, x 6.6675, y 4.5525, z 201.531
 31499252 (621) module 30, x 5.7325, y   3.92, z 176.531

Track #24, length 13
 52881508 (932) module 50, x 27.595, y -2.8075, z 738.469
 50783618 (900) module 48, x 25.9725, y -2.6425, z 693.469
 48685727 (866) module 46, x  24.35, y -2.4775, z 648.469
 46587837 (833) module 44, x 22.7275, y -2.3125, z 603.469
 44055052 (801) module 42, x 18.4925, y -1.8825, z 485.982
 41959498 (768) module 40, x 15.055, y -1.5525, z 390.473
 39863677 (740) module 38, x 12.2775, y -1.2775, z 313.525
 37767590 (711) module 36, x 10.0225, y -1.0575, z 251.531
 35670710 (683) module 34, x 9.1425, y -1.0025, z 226.531
 33574087 (655) module 32, x 8.2075, y -0.8925, z 201.531
 31477463 (624) module 30, x 7.3275, y -0.7825, z 176.531
 29380584 (589) module 28, x 6.3925, y   -0.7, z 151.531
 27283960 (553) module 26, x 5.5125, y -0.6175, z 126.531

Track #25, length 13
 52989067 (933) module 50, x 29.6325, y -11.48, z 738.469
 50900120 (901) module 48, x 27.8725, y -10.7925, z 693.469
 48811172 (867) module 46, x 26.1125, y -10.105, z 648.469
 46722225 (834) module 44, x 24.3525, y -9.4175, z 603.469
 44645841 (802) module 42, x 19.7875, y -7.6575, z 484.921
 42566124 (771) module 40, x 16.0475, y -6.1725, z 389.411
 39845998 (741) module 38, x 13.1025, y -5.045, z 313.525
 37753241 (712) module 36, x 10.7375, y -4.1375, z 251.531
 35657899 (684) module 34, x 9.7475, y -3.7525, z 226.531
 33562556 (656) module 32, x  8.785, y -3.3675, z 201.531
 31467214 (625) module 30, x 7.8225, y -2.9825, z 176.531
 29371615 (590) module 28, x   6.86, y -2.6525, z 151.531
 27276273 (554) module 26, x 5.8975, y -2.2675, z 126.531

Track #26, length 11
 51674906 (902) module 49, x -31.6925, y -31.3475, z 705.469
 49588289 (869) module 47, x -29.5475, y -29.0925, z 660.469
 47501416 (836) module 45, x -27.4025, y -26.8925, z 615.469
 45429964 (806) module 43, x -21.9025, y -21.2825, z 496.921
 43093023 (776) module 41, x -17.4475, y -16.845, z 402.473
 40979298 (748) module 39, x -13.7625, y -13.2425, z 325.525
 38868632 (722) module 37, x -10.7925, y -10.3275, z 263.531
 36765870 (696) module 35, x -9.5825, y -9.13125, z 238.531
 34663876 (672) module 33, x -8.345, y -7.9625, z 213.531
 32561115 (643) module 31, x -7.1075, y  -6.78, z 188.531
 30458609 (615) module 29, x  -5.87, y -5.5975, z 163.531

Track #27, length 15
 51737886 (903) module 49, x -31.4725, y -17.68, z 705.469
 49645374 (868) module 47, x -29.685, y -16.7175, z 660.469
 47552863 (835) module 45, x -27.8975, y -15.7275, z 615.469
 45467830 (805) module 43, x -23.1125, y -13.115, z 496.921
 43380988 (775) module 41, x -19.2625, y -10.9425, z 401.411
 40960822 (747) module 39, x -16.1825, y -9.2825, z 325.525
 38857572 (721) module 37, x -13.6525, y  -7.88, z 263.531
 36757878 (695) module 35, x -12.6625, y  -7.33, z 238.531
 34658184 (671) module 33, x -11.6725, y  -6.78, z 213.531
 32558746 (642) module 31, x -10.655, y -6.2575, z 188.531
 30458797 (613) module 29, x -9.6375, y  -5.68, z 163.531
 28359103 (580) module 27, x -8.6475, y -5.1025, z 138.531
 26259153 (543) module 25, x -7.6575, y -4.4975, z 113.531
 24159459 (505) module 23, x -6.6675, y -3.9475, z 88.531
 22059765 (467) module 21, x  -5.65, y -3.3975, z 63.531

Track #28, length 5
 45120777 (809) module 43, x -18.63, y -1.8025, z 497.982
 43022678 (779) module 41, x -14.4225, y -1.5825, z 402.473
 40924561 (750) module 39, x -11.1775, y  -1.39, z 325.525
 38826174 (724) module 37, x -8.7025, y -1.0875, z 263.531
 36728528 (699) module 35, x -7.7125, y -0.9775, z 238.531

Track #29, length 7
 44942403 (803) module 42, x 19.8975, y -29.41, z 485.982
 42825658 (769) module 40, x 15.6625, y -22.8925, z 390.473
 40486940 (739) module 38, x 12.1425, y -17.6125, z 312.463
 38402920 (710) module 36, x   9.31, y -13.405, z 250.469
 36310662 (682) module 34, x 8.1825, y -11.755, z 225.469
 34218916 (653) module 32, x 7.0275, y -10.105, z 200.469
 32127170 (622) module 30, x 5.8725, y -8.455, z 175.469

Track #30, length 7
 44943699 (804) module 42, x 20.1725, y -28.53, z 485.982
 42826180 (770) module 40, x   15.8, y -22.3425, z 390.473
 40486945 (738) module 38, x 12.1425, y -17.3375, z 312.463
 38402920 (710) module 36, x   9.31, y -13.405, z 250.469
 36310662 (682) module 34, x 8.1825, y -11.755, z 225.469
 34218916 (653) module 32, x 7.0275, y -10.105, z 200.469
 32127170 (622) module 30, x 5.8725, y -8.455, z 175.469

Track #31, length 11
 43963203 (773) module 41, x -34.94, y 29.4375, z 402.473
 41835180 (746) module 39, x -28.285, y 23.6625, z 325.525
 39388676 (719) module 37, x -22.8125, y 18.905, z 262.469
 37301797 (693) module 35, x -20.6125, y  17.09, z 237.469
 35214662 (669) module 33, x -18.4308, y 15.2842, z 212.469
 33127783 (640) module 31, x -16.2675, y 13.4875, z 187.469
 31040647 (611) module 29, x -14.1225, y 11.7275, z 162.469
 28953255 (579) module 27, x -12.0325, y 9.9675, z 137.469
 26865863 (541) module 25, x -9.9425, y 8.2075, z 112.469
 24777703 (504) module 23, x -7.9075, y 6.4475, z 87.469
 22021616 (466) module 21, x -5.9525, y 4.7975, z 63.531

Track #32, length 13
 43857678 (781) module 41, x -12.1425, y 32.3525, z 402.473
 41751404 (752) module 39, x -10.1625, y 27.1825, z 325.525
 39647672 (725) module 37, x -8.6225, y 23.0025, z 263.531
 37547479 (698) module 35, x -7.9625, y 21.2975, z 238.531
 35447285 (674) module 33, x -7.33917, y 19.6292, z 213.531
 33171735 (644) module 31, x -6.6975, y  17.86, z 187.469
 31077686 (614) module 29, x -6.0375, y 16.1825, z 162.469
 28983381 (582) module 27, x -5.4325, y 14.4775, z 137.469
 26889331 (545) module 25, x -4.7725, y 12.8275, z 112.469
 24795026 (507) module 23, x -4.1675, y 11.1225, z 87.469
 22700976 (468) module 21, x -3.5075, y  9.445, z 62.469
 20606671 (433) module 19, x -2.9025, y 7.7675, z 37.469
 18512366 (393) module 17, x  -2.27, y 6.0625, z 12.469

Track #33, length 11
 43802652 (788) module 41, x -0.2075, y 31.555, z 402.473
 41706628 (757) module 39, x -0.4275, y 25.8625, z 325.525
 39610071 (730) module 37, x -0.5375, y  21.27, z 263.531
 37512697 (704) module 35, x -0.4825, y 19.4275, z 238.531
 35297822 (677) module 33, x -0.482502, y 17.475, z 212.469
 33200704 (648) module 31, x -0.455002, y 15.6325, z 187.469
 31103841 (617) module 29, x -0.427502, y 13.8175, z 162.469
 29006978 (583) module 27, x -0.372501, y 11.975, z 137.469
 26910116 (548) module 25, x -0.317501, y 10.1325, z 112.469
 24813253 (511) module 23, x -0.262501, y 8.3175, z 87.469
 22716390 (471) module 21, x -0.2075, y  6.475, z 62.469

Track #34, length 9
 42799172 (764) module 40, x 9.9975, y -29.3825, z 390.473
 40692660 (735) module 38, x 7.8525, y -23.2225, z 313.525
 38417169 (707) module 36, x 6.1475, y -18.2175, z 250.469
 36323125 (679) module 34, x 5.4875, y -16.2375, z 225.469
 34229081 (650) module 32, x 4.8275, y -14.2575, z 200.469
 32135037 (620) module 30, x   4.14, y -12.2775, z 175.469
 30040993 (587) module 28, x   3.48, y -10.2975, z 150.469
 27947205 (551) module 26, x 2.7925, y -8.3175, z 125.469
 25853161 (512) module 24, x 2.1325, y  -6.31, z 100.469

Track #35, length 11
 42282524 (772) module 40, x 31.5825, y 21.585, z 389.411
 40204167 (743) module 38, x 25.6975, y  17.57, z 312.463
 38122205 (715) module 36, x  20.94, y 14.3525, z 250.469
 35735552 (686) module 34, x 19.125, y 13.0775, z 226.531
 33632291 (658) module 32, x 17.2275, y 11.785, z 201.531
 31529286 (628) module 30, x 15.3025, y 10.4925, z 176.531
 29426024 (593) module 28, x 13.405, y 9.1725, z 151.531
 27323275 (557) module 26, x 11.5075, y 7.8525, z 126.531
 25220270 (518) module 24, x 9.5825, y 6.5875, z 101.531
 23117008 (476) module 22, x 7.7125, y 5.2675, z 76.531
 21013745 (439) module 20, x   5.87, y 3.9475, z 51.531

Track #36, length 6
 41015444 (751) module 39, x -11.0125, y -20.9975, z 325.525
 38896065 (726) module 37, x -8.5375, y -16.2125, z 263.531
 36789970 (700) module 35, x -7.575, y -14.2875, z 238.531
 34683619 (675) module 33, x -6.6675, y -12.3075, z 213.531
 32577269 (646) module 31, x -5.6775, y -10.355, z 188.531
 30076629 (584) module 28, x -4.1375, y -7.4375, z 150.469

Track #37, length 13
 40131561 (742) module 38, x 20.3075, y 33.3275, z 312.463
 37902372 (714) module 36, x 17.145, y 28.1475, z 251.531
 35795260 (685) module 34, x 15.8525, y 26.0025, z 226.531
 33688147 (657) module 32, x 14.5692, y 23.8758, z 201.531
 31581803 (627) module 30, x 13.2675, y 21.7675, z 176.531
 29474690 (592) module 28, x 12.0025, y 19.6225, z 151.531
 27367578 (555) module 26, x 10.6825, y 17.4775, z 126.531
 25260465 (516) module 24, x 9.4175, y  15.36, z 101.531
 23153353 (477) module 22, x 8.0975, y 13.215, z 76.531
 21046497 (440) module 20, x 6.7775, y 11.0975, z 51.531
 18939897 (402) module 18, x 5.4575, y   8.98, z 26.531
 18545103 (397) module 17, x 4.7425, y 7.7675, z 12.469
 16441846 (353) module 15, x 3.4225, y 5.6225, z -12.531

Track #38, length 7
 39754872 (718) module 37, x -31.915, y 26.5225, z 263.531
 37640623 (692) module 35, x -28.23, y 23.4975, z 238.531
 35526374 (668) module 33, x -24.5358, y 20.4542, z 213.531
 33106978 (639) module 31, x -20.695, y 17.2825, z 187.469
 31027034 (610) module 29, x -17.01, y 14.2025, z 162.469
 28947089 (578) module 27, x -13.3525, y  11.15, z 137.469
 26866889 (542) module 25, x -9.695, y 8.0975, z 112.469

Track #39, length 8
 39693597 (720) module 37, x -18.6325, y 31.5275, z 263.531
 37586527 (694) module 35, x -16.4875, y 27.8975, z 238.531
 35479457 (670) module 33, x -14.3425, y 24.2675, z 213.531
 33372387 (641) module 31, x -12.1975, y 20.6375, z 188.531
 31060010 (612) module 29, x -9.9425, y 16.8425, z 162.469
 28972395 (581) module 27, x -7.7975, y  13.24, z 137.469
 26885293 (544) module 25, x -5.6525, y   9.61, z 112.469
 24798191 (508) module 23, x -3.5075, y   5.98, z 87.469

Track #40, length 8
 38149746 (716) module 36, x 26.8525, y  8.275, z 250.469
 36056999 (687) module 34, x 23.9375, y 7.3675, z 225.469
 33963996 (659) module 32, x 21.0225, y 6.4875, z 200.469
 31506961 (629) module 30, x 18.2175, y 5.5975, z 176.531
 29405766 (595) module 28, x 15.275, y 4.7175, z 151.531
 27304316 (559) module 26, x 12.3325, y 3.7825, z 126.531
 25203121 (517) module 24, x 9.4175, y 2.9025, z 101.531
 23101670 (475) module 22, x 6.48417, y 1.98583, z 76.531

Track #41, length 7
 36996155 (691) module 35, x -29.8775, y -31.045, z 237.469
 34918018 (667) module 33, x -25.9358, y -26.9842, z 212.469
 32839369 (638) module 31, x -22.04, y -22.9325, z 187.469
 30520335 (609) module 29, x  -18.3, y -19.0175, z 163.531
 28404054 (577) module 27, x -14.3858, y -14.9292, z 138.531
 26288029 (540) module 25, x -10.49, y -10.85, z 113.531
 24172772 (506) module 23, x -6.585, y -6.8075, z 88.531

Track #42, length 6
 38302679 (717) module 36, x 30.9708, y -7.30917, z 250.469
 36223464 (688) module 34, x 27.1575, y -6.3925, z 225.469
 34143992 (660) module 32, x 23.3625, y -5.5125, z 200.469
 29366331 (596) module 28, x 15.9075, y -3.7525, z 151.531
 27273343 (558) module 26, x  12.14, y -2.8725, z 126.531
 25180356 (515) module 24, x 8.35417, y -1.95583, z 101.531

Track #43, length 9
 36605979 (689) module 34, x 31.2275, y -31.61, z 226.531
 34494293 (663) module 32, x 28.0925, y -28.4475, z 201.531
 32382605 (631) module 30, x 24.9942, y -25.3308, z 176.531
 30271686 (600) module 28, x 21.8775, y -22.205, z 151.531
 27873540 (562) module 26, x  18.66, y -18.9325, z 125.469
 25791037 (522) module 24, x 15.5525, y -15.7975, z 100.469
 23708278 (483) module 22, x 12.4725, y -12.6625, z 75.469
 21625519 (444) module 20, x 9.37417, y -9.49083, z 50.469
 19542248 (408) module 18, x 6.27583, y -6.37417, z 25.469

Track #44, length 9
 36070414 (690) module 34, x 32.3525, y 4.4525, z 225.469
 33975373 (664) module 32, x 28.8875, y 4.0125, z 200.469
 31880588 (632) module 30, x 25.4225, y 3.5175, z 175.469
 29785546 (601) module 28, x 22.0125, y 3.0775, z 150.469
 27298824 (563) module 26, x 18.7125, y 2.6275, z 126.531
 25199686 (521) module 24, x 15.3025, y 2.1875, z 101.531
 23100291 (482) module 22, x  11.92, y 1.6925, z 76.531
 21000897 (442) module 20, x   8.51, y 1.1975, z 51.531
 18901503 (401) module 18, x 5.1275, y   0.73, z 26.531

Track #45, length 7
 34980147 (665) module 33, x -30.29, y  -13.5, z 212.469
 32891515 (636) module 31, x -26.33, y -11.7125, z 187.469
 30802115 (607) module 29, x -22.37, y  -9.98, z 162.469
 28373514 (575) module 27, x -18.5658, y -8.27417, z 138.531
 26268243 (539) module 25, x -14.5875, y -6.505, z 113.531
 24162971 (503) module 23, x -10.6275, y -4.7175, z 88.531
 22057699 (464) module 21, x -6.6675, y -2.9575, z 63.531

Track #46, length 9
 35537166 (666) module 33, x -26.8825, y 32.3525, z 213.531
 33427020 (637) module 31, x -24.0775, y 28.9425, z 188.531
 31317130 (608) module 29, x -21.245, y 25.5325, z 163.531
 29206983 (576) module 27, x -18.44, y  22.15, z 138.531
 26839817 (538) module 25, x -15.4975, y  18.63, z 112.469
 24755527 (501) module 23, x -12.72, y 15.2475, z 87.469
 22671748 (462) module 21, x -9.8875, y 11.8925, z 62.469
 20587201 (431) module 19, x -7.0825, y   8.51, z 37.469
 18503167 (390) module 17, x  -4.25, y 5.1275, z 12.469

Track #47, length 6
 33996417 (662) module 32, x     26, y -0.497498, z 200.469
 31898805 (630) module 30, x 23.1675, y -0.387501, z 175.469
 29801449 (598) module 28, x 20.3075, y -0.3325, z 150.469
 27285533 (561) module 26, x 17.5575, y -0.2325, z 126.531
 25188689 (520) module 24, x  14.67, y -0.1775, z 101.531
 23092101 (481) module 22, x  11.81, y -0.0675001, z 76.531

Track #48, length 4
 33485365 (635) module 31, x -36.6542, y 30.1708, z 188.531
 31368313 (606) module 29, x -32.3275, y 26.4675, z 163.531
 29251259 (572) module 27, x -28.0375, y 22.8375, z 138.531
 27134205 (535) module 25, x -23.7475, y 19.2075, z 113.531

Track #49, length 7
 31760194 (633) module 30, x 29.4925, y 29.5875, z 175.469
 29680260 (602) module 28, x 25.835, y 25.9025, z 150.469
 27599816 (566) module 26, x 22.1225, y 22.2175, z 125.469
 25275913 (523) module 24, x 18.6208, y 18.7242, z 101.531
 23161676 (484) module 22, x 14.9542, y 15.0208, z 76.531
 21047439 (446) module 20, x 11.2875, y 11.345, z 51.531
 18933713 (412) module 18, x 7.62083, y 7.66917, z 26.531

Track #50, length 7
 31780105 (634) module 30, x 32.6092, y 25.2608, z 175.469
 29697106 (603) module 28, x 28.6125, y 22.1625, z 150.469
 27614362 (567) module 26, x 24.6525, y 19.0825, z 125.469
 25531618 (526) module 24, x 20.6742, y 15.9658, z 100.469
 23152425 (486) module 22, x  16.87, y 13.0225, z 76.531
 21040753 (447) module 20, x 12.9008, y 9.92417, z 51.531
 18929850 (416) module 18, x 8.9225, y  6.835, z 26.531

Track #51, length 4
 30953787 (605) module 29, x -32.8592, y 15.8708, z 162.469
 28889721 (573) module 27, x -25.7642, y 12.4608, z 137.469
 26824887 (537) module 25, x -18.7058, y 9.06917, z 112.469
 24760565 (502) module 23, x -11.6658, y 5.65917, z 87.469

Track #52, length 6
 30259529 (597) module 28, x 19.2925, y -29.08, z 151.531
 28149652 (560) module 26, x  16.57, y -24.9825, z 126.531
 26040287 (519) module 24, x 13.9025, y -20.83, z 101.531
 23714608 (480) module 22, x 11.0975, y -16.485, z 75.469
 21629819 (441) module 20, x 8.3475, y -12.36, z 50.469
 19545543 (403) module 18, x 5.5975, y -8.2075, z 25.469

Track #53, length 6
 29702214 (604) module 28, x 29.2725, y 21.0625, z 150.469
 27618704 (568) module 26, x 25.2025, y 18.1475, z 125.469
 25535194 (527) module 24, x 21.1325, y 15.205, z 100.469
 23149603 (487) module 22, x 17.2275, y 12.4175, z 76.531
 21038957 (448) module 20, x 13.1575, y 9.5025, z 51.531
 18928567 (418) module 18, x 9.0875, y   6.56, z 26.531

Track #54, length 5
 28090961 (552) module 26, x 3.87417, y -28.6308, z 126.531
 25991079 (513) module 24, x 3.2325, y -23.9375, z 101.531
 23753730 (474) module 22, x 2.5725, y -19.015, z 75.469
 21659736 (437) module 20, x 1.89417, y -14.2758, z 50.469
 19565998 (400) module 18, x 1.1975, y -9.555, z 25.469

Track #55, length 5
 27692562 (571) module 26, x 32.1325, y  2.115, z 125.469
 25597309 (529) module 24, x 26.2475, y   1.73, z 100.469
 23502056 (490) module 22, x 20.3442, y 1.33583, z 75.469
 20999760 (450) module 20, x 14.725, y 0.9775, z 51.531
 18900924 (415) module 18, x 8.8125, y 0.5925, z 26.531

Track #56, length 5
 27192249 (532) module 25, x -36.2692, y 22.9108, z 113.531
 24678154 (496) module 23, x -29.44, y 18.6025, z 87.469
 22611029 (459) module 21, x -22.895, y 14.4775, z 62.469
 20544416 (427) module 19, x -16.35, y 10.3525, z 37.469
 18477803 (385) module 17, x -9.8325, y 6.2275, z 12.469

Track #57, length 4
 25582157 (530) module 24, x 28.8875, y  4.975, z 100.469
 23490499 (491) module 22, x 22.3975, y 3.8475, z 75.469
 21008182 (451) module 20, x 16.1825, y 2.7925, z 51.531
 18906027 (419) module 18, x   9.72, y 1.6925, z 26.531

Track #58, length 4
 23396372 (494) module 22, x 31.995, y  24.17, z 75.469
 21327526 (455) module 20, x 23.9558, y 18.0742, z 50.469
 18954548 (423) module 18, x 16.2742, y 12.2708, z 26.531
 16829638 (363) module 16, x 8.22583, y 6.18417, z  1.531

Track #59, length 4
 23400713 (495) module 22, x 32.5908, y 23.1892, z 75.469
 21330846 (456) module 20, x 24.3958, y 17.3592, z 50.469
 18952239 (424) module 18, x 16.5492, y 11.7758, z 26.531
 16828868 (364) module 16, x  8.345, y 5.9825, z  1.531

Track #60, length 4
 22907582 (460) module 21, x -16.7075, y 22.645, z 63.531
 20560926 (428) module 19, x -12.7658, y 17.4842, z 37.469
 18481273 (386) module 17, x  -8.98, y 12.4975, z 12.469
 16401619 (349) module 15, x -5.2125, y   7.52, z -12.531

Track #61, length 4
 18917616 (405) module 18, x 5.91583, y 4.20417, z 26.531
 16844136 (370) module 16, x 13.4142, y 9.41083, z  1.531
 15050711 (327) module 14, x 21.2792, y 14.9208, z -24.531
 12928845 (289) module 12, x 28.8508, y 20.2192, z -49.531

Track #62, length 4
 18923756 (407) module 18, x 6.15417, y 5.50583, z 26.531
 16858206 (371) module 16, x 13.9458, y 12.4542, z  1.531
 15028681 (328) module 14, x 22.0492, y 19.6508, z -24.531
 12899644 (290) module 12, x 29.8042, y 26.5808, z -49.531

Track #63, length 4
 18877147 (410) module 18, x 7.07083, y -4.50417, z 26.531
 17398430 (373) module 16, x 16.4142, y -10.4258, z  0.469
 15259959 (329) module 14, x 25.3792, y -16.0908, z -24.531
 13550291 (291) module 12, x 34.005, y -21.5175, z -48.469

Track #64, length 4
 17867209 (387) module 17, x  -8.07, y -3.7825, z 13.531
 15783258 (339) module 15, x -14.175, y -6.6425, z -11.469
 14026212 (294) module 13, x -20.555, y -9.6775, z -37.531
 11916149 (247) module 11, x -26.66, y -12.5375, z -62.531

Track #65, length 4
 18511830 (392) module 17, x -2.37083, y 7.36417, z 12.469
 16406643 (350) module 15, x -4.1125, y   12.8, z -12.531
 14301201 (307) module 13, x -5.83583, y 18.1992, z -37.531
 12379313 (261) module 11, x -7.495, y 23.3875, z -61.469

Track #66, length 4
 18512616 (394) module 17, x -2.2425, y 6.3925, z 12.469
 16407954 (351) module 15, x -3.8375, y 11.095, z -12.531
 14303292 (309) module 13, x -5.4325, y 15.825, z -37.531
 12377064 (264) module 11, x -6.9725, y 20.335, z -61.469

Track #67, length 5
 17474289 (355) module 16, x 0.0424995, y -5.8975, z  0.469
 15377078 (314) module 14, x 0.0424995, y -9.115, z -24.531
 13279612 (273) module 12, x 0.0974998, y -12.305, z -49.531
 11182146 (231) module 10, x 0.1525, y -15.5225, z -74.531
  9200031 (193) module  8, x 0.2625, y -24.35, z -143.219

Track #68, length 4
 16795390 (358) module 16, x  5.155, y -1.2225, z  1.531
 14690952 (324) module 14, x 11.645, y -2.7625, z -23.469
 12586257 (287) module 12, x 18.2175, y -4.3575, z -48.469
 11067375 (245) module 10, x  25.04, y  -5.98, z -74.531

Track #69, length 6
 16809203 (359) module 16, x   5.76, y 1.7475, z  1.531
 14716601 (321) module 14, x 8.9775, y 2.7375, z -23.469
 12623743 (283) module 12, x 12.1675, y 3.6725, z -48.469
 10531141 (240) module 10, x  15.33, y 4.6625, z -73.469
  8793760 (204) module  8, x 24.3225, y 7.4225, z -144.281
  6684160 (165) module  6, x 33.1225, y 10.1313, z -214.031

Track #70, length 5
 16799217 (360) module 16, x 5.8975, y -0.3975, z  1.531
 14700981 (322) module 14, x 9.1975, y -0.6175, z -23.469
 12602746 (284) module 12, x 12.4425, y -0.8375, z -48.469
 10504767 (241) module 10, x 15.6875, y -1.0025, z -73.469
  8835478 (206) module  8, x 24.845, y -1.5425, z -144.281

Track #71, length 5
 16784097 (362) module 16, x 6.74083, y -3.62417, z  1.531
 15327988 (323) module 14, x 10.685, y -5.7325, z -24.531
 13213135 (286) module 12, x  14.48, y -7.7675, z -49.531
 11098283 (242) module 10, x 18.275, y -9.7475, z -74.531
  8952388 (207) module  8, x 28.8625, y -15.385, z -144.281

Track #72, length 7
 15747054 (347) module 15, x -6.0625, y 1.1675, z -11.469
 13647551 (301) module 13, x -8.6475, y 1.6625, z -36.469
 11548047 (254) module 11, x -11.26, y 2.1575, z -61.469
  9444107 (211) module  9, x -18.52, y 3.5875, z -131.219
  5808375 (122) module  5, x -28.5325, y 5.5675, z -227.031
  3698926 (76) module  3, x -31.145, y 6.0625, z -252.031
  1589733 (25) module  1, x -33.7575, y 6.5575, z -277.031

Track #73, length 5
 15378409 (313) module 14, x -0.232498, y  -6.31, z -24.531
 13281707 (272) module 12, x -0.342499, y -9.7475, z -49.531
 11184748 (229) module 10, x -0.424999, y -13.2125, z -74.531
  9195454 (190) module  8, x   -0.7, y -22.6725, z -143.219
  7097103 (149) module  6, x -0.9475, y -32.27, z -212.969

Track #74, length 8
 14696959 (320) module 14, x 5.1275, y -1.4975, z -23.469
 12597213 (281) module 12, x 6.9975, y -2.0475, z -48.469
 10497467 (237) module 10, x   8.84, y -2.5975, z -73.469
  8393054 (202) module  8, x 13.955, y -4.1375, z -143.219
  6900214 (163) module  6, x 19.1275, y -5.6225, z -214.031
  4794348 (120) module  4, x  20.97, y -6.1725, z -239.031
  2688738 (75) module  2, x 22.8125, y -6.7225, z -264.031
   583640 (24) module  0, x 24.6275, y -7.245, z -289.031

Track #75, length 7
 13645539 (304) module 13, x  -6.64, y 2.1025, z -36.469
 11545535 (259) module 11, x -8.6475, y 2.7075, z -61.469
  9440601 (213) module  9, x -14.2575, y 4.3575, z -131.219
  7944942 (170) module  7, x -19.9525, y 6.0625, z -202.031
  5838563 (126) module  5, x -21.9325, y 6.6675, z -227.031
  3732440 (80) module  3, x -23.9675, y 7.2725, z -252.031
  1626061 (28) module  1, x -25.9475, y   7.85, z -277.031

Track #76, length 6
 13662950 (305) module 13, x -6.5025, y -1.6375, z -36.469
 11569075 (258) module 11, x -9.27083, y -2.38917, z -61.469
  9481509 (212) module  9, x -17.09, y -4.4425, z -131.219
  7749011 (167) module  7, x -25.0375, y  -6.57, z -202.031
  5648480 (123) module  5, x -27.8425, y -7.3125, z -227.031
  3547693 (77) module  3, x -30.6475, y -8.055, z -252.031

Track #77, length 7
 13678570 (306) module 13, x -6.255, y -4.9925, z -36.469
 11588296 (260) module 11, x -8.1525, y -6.4775, z -61.469
  9510249 (216) module  9, x -13.3775, y -10.7125, z -131.219
  7432458 (171) module  7, x -18.6025, y -14.8925, z -200.969
  5606372 (127) module  5, x -20.5825, y -16.47, z -227.031
  3502274 (81) module  3, x -22.4525, y -17.9825, z -252.031
  1398176 (31) module  1, x -24.3225, y -19.4675, z -277.031

Track #78, length 7
 13278947 (274) module 12, x 0.262501, y -6.6675, z -49.531
 11181240 (232) module 10, x 0.372501, y -9.0325, z -74.531
  9082688 (194) module  8, x 0.619999, y -15.605, z -144.281
  7105737 (153) module  6, x 0.8675, y -22.0675, z -212.969
  5009054 (108) module  4, x 0.9775, y -24.4325, z -237.969
  2912115 (58) module  2, x 1.0325, y -26.7975, z -262.969
   815433 (6) module  0, x 1.1425, y -29.1075, z -287.969

Track #79, length 7
 13272298 (276) module 12, x 1.6925, y -6.255, z -49.531
 11172813 (234) module 10, x 2.1875, y -7.8775, z -74.531
  9069689 (196) module  8, x 3.4525, y -12.4975, z -144.281
  6966309 (155) module  6, x  4.745, y -17.1175, z -214.031
  4867079 (110) module  4, x 5.2125, y -18.7675, z -239.031
  2933736 (62) module  2, x 5.6525, y -20.3625, z -262.969
   838602 (9) module  0, x 6.0925, y -22.0125, z -287.969

Track #80, length 7
 13265141 (277) module 12, x 3.2325, y -5.6775, z -49.531
 11163866 (236) module 10, x 4.1125, y -7.1625, z -74.531
  9055630 (198) module  8, x 6.4775, y -11.3425, z -144.281
  6947139 (160) module  6, x   8.87, y -15.4675, z -214.031
  4846632 (115) module  4, x 9.7225, y -16.9525, z -239.031
  2745357 (68) module  2, x 10.575, y -18.4375, z -264.031
   862705 (16) module  0, x   11.4, y -19.8675, z -287.969

Track #81, length 6
 11571948 (265) module 11, x -6.1725, y -2.9575, z -61.469
  9483684 (218) module  9, x -10.1325, y -4.8825, z -131.219
  7395420 (174) module  7, x -14.0925, y -6.8075, z -200.969
  5301571 (130) module  5, x -15.4675, y -7.5225, z -225.969
  3207465 (87) module  3, x -16.8975, y  -8.21, z -250.969
  1113615 (36) module  1, x -18.3275, y -8.8975, z -275.969

Track #82, length 6
 11581681 (266) module 11, x -5.86083, y -5.0475, z -61.469
  9499821 (220) module  9, x  -9.61, y -8.3475, z -131.219
  7417449 (176) module  7, x -13.3775, y -11.6475, z -200.969
  5325904 (132) module  5, x -14.725, y -12.8575, z -225.969
  3234104 (89) module  3, x -16.0725, y -14.0125, z -250.969
  1142303 (38) module  1, x -17.4475, y -15.195, z -275.969

Track #83, length 6
 11189213 (227) module 10, x -1.3325, y -6.9975, z -74.531
  9100585 (187) module  8, x -3.2025, y -16.8975, z -144.281
  7078005 (146) module  6, x -5.0725, y -26.6875, z -212.969
  5398521 (141) module  5, x -5.4575, y -28.5325, z -225.969
  3317741 (96) module  3, x -6.1175, y -32.08, z -250.969
  1237217 (44) module  1, x -6.7775, y -35.655, z -275.969

Track #84, length 4
 11183577 (230) module 10, x -0.122498, y -7.2175, z -74.531
  9087007 (191) module  8, x -0.287498, y -17.42, z -144.281
  7099238 (150) module  6, x -0.5075, y -27.485, z -212.969
  5001764 (105) module  4, x -0.5625, y -31.115, z -237.969

Track #85, length 5
  9515612 (214) module  9, x -14.0925, y -11.8675, z -131.219
  7692483 (169) module  7, x -22.3975, y -18.8625, z -202.031
  5584013 (125) module  5, x -25.34, y -21.2825, z -227.031
  3475544 (79) module  3, x -28.2825, y -23.7025, z -252.031
  1367330 (27) module  1, x -31.225, y -26.1775, z -277.031

Track #86, length 5
  9473127 (215) module  9, x -13.4875, y -2.6275, z -131.219
  7759297 (168) module  7, x -22.5075, y -4.3975, z -202.031
  5659271 (124) module  5, x -25.6975, y -5.0025, z -227.031
  3559245 (78) module  3, x -28.8875, y -5.6075, z -252.031
  1458963 (26) module  1, x -32.0775, y -6.2675, z -277.031

Track #87, length 5
  9496716 (217) module  9, x -11.425, y -7.6875, z -131.219
  7413051 (172) module  7, x -15.88, y -10.7125, z -200.969
  5320990 (128) module  5, x -17.475, y -11.8125, z -225.969
  3228673 (86) module  3, x -19.0792, y -12.8758, z -250.969
  1423584 (33) module  1, x -20.775, y -14.0225, z -277.031

Track #88, length 5
  9511338 (219) module  9, x -9.76583, y -10.9692, z -131.219
  7443523 (173) module  7, x -15.44, y -17.2575, z -200.969
  5356575 (129) module  5, x -17.4475, y -19.485, z -225.969
  3484406 (84) module  3, x -19.5925, y -21.8325, z -252.031
  1376721 (32) module  1, x -21.6275, y -24.0875, z -277.031

Track #89, length 5
  9461939 (221) module  9, x -9.3075, y -0.2075, z -131.219
  7365221 (175) module  7, x -13.57, y -0.3175, z -200.969
  5268298 (131) module  5, x -15.0825, y -0.3725, z -225.969
  3171118 (88) module  3, x -16.6225, y -0.3725, z -250.969
  1074194 (37) module  1, x -18.1625, y -0.4275, z -275.969

Track #90, length 5
 10095571 (222) module  9, x -8.3475, y   7.52, z -132.281
  7984030 (177) module  7, x -11.5375, y 10.4625, z -202.031
  5881483 (134) module  5, x -12.6925, y 11.5075, z -227.031
  3778936 (91) module  3, x -13.8475, y 12.5525, z -252.031
  1676389 (39) module  1, x -15.0025, y 13.5975, z -277.031

Track #91, length 5
  9489407 (224) module  9, x -5.1275, y  -6.12, z -131.219
  7410626 (179) module  7, x -8.4825, y -10.1625, z -200.969
  5320108 (136) module  5, x -9.67417, y -11.6108, z -225.969
  3229846 (92) module  3, x -10.875, y -13.0775, z -250.969
  1139329 (41) module  1, x -12.0575, y -14.5075, z -275.969

Track #92, length 5
  9090522 (189) module  8, x -1.0025, y -7.1625, z -144.281
  6994858 (148) module  6, x -1.3325, y -9.8025, z -214.031
  4898201 (104) module  4, x  -1.47, y -10.7375, z -239.031
  2801799 (56) module  2, x -1.6075, y  -11.7, z -264.031
   705142 (3) module  0, x -1.7175, y -12.6625, z -289.031

Track #93, length 5
  9070997 (195) module  8, x 3.1775, y -10.9575, z -144.281
  6965280 (156) module  6, x  4.965, y -17.365, z -214.031
  5030646 (111) module  4, x 5.5975, y -19.565, z -237.969
  2936269 (64) module  2, x   6.23, y -21.8475, z -262.969
   842147 (11) module  0, x 6.8625, y -24.1575, z -287.969

Track #94, length 5
  8433635 (199) module  8, x 6.6675, y 4.5525, z -143.219
  6344118 (161) module  6, x 9.1425, y 6.2025, z -212.969
  4249509 (116) module  4, x  10.05, y   6.78, z -237.969
  2155157 (69) module  2, x  10.93, y 7.3575, z -262.969
    60549 (17) module  0, x 11.8375, y 7.9075, z -287.969

Track #95, length 5
  8404447 (200) module  8, x 6.8875, y -1.7175, z -143.219
  6304177 (162) module  6, x 9.4175, y -2.3775, z -212.969
  4205984 (117) module  4, x 10.325, y -2.5975, z -237.969
  2107792 (70) module  2, x 11.2325, y -2.8175, z -262.969
     9599 (18) module  0, x  12.14, y -3.0375, z -287.969

Track #96, length 4
  7382189 (178) module  7, x  -9.61, y -3.9475, z -200.969
  5288565 (133) module  5, x -12.7175, y -4.7175, z -225.969
  3194684 (90) module  3, x -15.8525, y  -5.46, z -250.969
  1458942 (34) module  1, x -19.1342, y -6.28583, z -277.031

Track #97, length 4
  7385824 (181) module  7, x -6.8325, y -4.7175, z -200.969
  5291472 (138) module  5, x -7.7125, y -5.3225, z -225.969
  3197119 (94) module  3, x -8.62917, y -5.94583, z -250.969
  1103023 (43) module  1, x -9.5275, y -6.5875, z -275.969

Track #98, length 4
  7374049 (182) module  7, x -6.7775, y -2.1875, z -200.969
  5278920 (137) module  5, x -8.1525, y -2.6275, z -225.969
  3183534 (93) module  3, x -9.54583, y -3.03083, z -250.969
  1088406 (42) module  1, x -10.9025, y -3.4525, z -275.969

Track #99, length 4
  7350015 (183) module  7, x -5.1275, y  2.955, z -200.969
  5251573 (139) module  5, x -5.6775, y 3.2575, z -225.969
  3153132 (95) module  3, x -6.1725, y 3.5325, z -250.969
  1054434 (45) module  1, x -6.7225, y 3.8625, z -275.969

Track #100, length 4
  8043186 (184) module  7, x 1.2775, y 9.3625, z -202.031
  5947279 (143) module  5, x 1.5525, y  11.26, z -227.031
  3851373 (99) module  3, x 1.8275, y 13.1575, z -252.031
  1755467 (51) module  1, x 2.1025, y     15, z -277.031

Track #101, length 4
  8043439 (185) module  7, x 1.3325, y 9.5275, z -202.031
  5947532 (144) module  5, x 1.6075, y 11.4525, z -227.031
  3851625 (100) module  3, x 1.8825, y  13.35, z -252.031
  1755719 (52) module  1, x 2.1575, y 15.2475, z -277.031

Track #102, length 4
  7003115 (147) module  6, x -3.0925, y -6.2275, z -214.031
  4907487 (102) module  4, x -3.4225, y -6.8875, z -239.031
  2811859 (54) module  2, x  -3.78, y -7.5475, z -264.031
   716487 (0) module  0, x -4.1375, y -8.2075, z -289.031

Track #103, length 4
  6986239 (152) module  6, x 0.510002, y -5.1275, z -214.031
  4888822 (107) module  4, x 0.592499, y -5.6225, z -239.031
  2791405 (57) module  2, x 0.647499, y -6.1175, z -264.031
   693988 (5) module  0, x 0.702499, y -6.6125, z -289.031

Track #104, length 4
  6980827 (154) module  6, x  1.665, y -7.1075, z -214.031
  4882634 (109) module  4, x  1.885, y -8.0425, z -239.031
  2784441 (61) module  2, x  2.105, y -8.9775, z -264.031
   686248 (7) module  0, x  2.325, y -9.9125, z -289.031

Track #105, length 4
  6382317 (157) module  6, x 6.1175, y 14.5075, z -212.969
  4291554 (112) module  4, x 6.7225, y 15.8825, z -237.969
  2200791 (65) module  2, x 7.3275, y 17.2575, z -262.969
   109772 (12) module  0, x 7.9325, y 18.605, z -287.969

Track #106, length 4
  6340331 (158) module  6, x 6.2275, y 5.3775, z -212.969
  4247766 (113) module  4, x 7.3825, y 6.3675, z -237.969
  2155201 (66) module  2, x   8.51, y 7.3575, z -262.969
    62636 (13) module  0, x  9.665, y 8.3475, z -287.969

Track #107, length 4
  6371560 (159) module  6, x 6.3925, y 12.1975, z -212.969
  4284882 (114) module  4, x 7.6025, y 14.4525, z -237.969
  2198204 (67) module  2, x 8.8125, y 16.7075, z -262.969
   111527 (14) module  0, x 9.9675, y  18.99, z -287.969

Track #108, length 3
 54194668 (946) module 51, x 4.3025, y 6.1725, z 750.469
 52096243 (916) module 49, x  4.055, y 5.7875, z 705.469
 49998073 (882) module 47, x 3.8075, y 5.4575, z 660.469

Track #109, length 3
 52472047 (919) module 50, x 6.0075, y 4.1675, z 739.531
 50373877 (887) module 48, x   5.65, y 3.9475, z 694.531
 48275708 (852) module 46, x 5.2925, y 3.7275, z 649.531

Track #110, length 3
 53071868 (923) module 50, x 11.7392, y -5.2925, z 738.469
 50332051 (891) module 48, x  11.04, y  -4.99, z 694.531
 48236448 (857) module 46, x 10.325, y -4.6875, z 649.531

Track #111, length 3
 26652049 (533) module 25, x -25.12, y -0.4375, z 112.469
 24142136 (500) module 23, x -16.045, y -0.2625, z 88.531
 22044389 (465) module 21, x  -6.53, y -0.0975003, z 63.531

Track #112, length 3
 27032402 (546) module 25, x -1.72917, y 28.5758, z 113.531
 24933343 (509) module 23, x  -1.28, y  20.83, z 88.531
 22713716 (469) module 21, x -0.7575, y 12.745, z 62.469

Track #113, length 3
 23479651 (492) module 22, x  27.65, y 6.1575, z 75.469
 21390837 (453) module 20, x  19.62, y 4.3975, z 50.469
 18910594 (422) module 18, x 11.975, y 2.6825, z 26.531

Track #114, length 3
 22648960 (461) module 21, x -14.7825, y 12.1125, z 62.469
 20571839 (429) module 19, x -10.465, y 8.6475, z 37.469
 18494206 (388) module 17, x -6.175, y 5.1825, z 12.469

Track #115, length 3
 18921172 (411) module 18, x 7.4925, y  4.965, z 26.531
 16852008 (374) module 16, x 16.9158, y 11.1342, z  1.531
 15038067 (330) module 14, x 26.7975, y 17.625, z -24.531

Track #116, length 3
 15826681 (348) module 15, x -5.42083, y -16.0842, z -11.469
 13761999 (302) module 13, x -7.7675, y -23.06, z -36.469
 11696549 (256) module 11, x -10.0775, y -29.99, z -61.469

Track #117, length 3
 15356333 (318) module 14, x 4.4975, y  -9.61, z -24.531
 13247821 (279) module 12, x 6.9175, y -14.89, z -49.531
 11338480 (238) module 10, x 9.2275, y -19.895, z -73.469

Track #118, length 3
 13275108 (275) module 12, x 1.0875, y -6.6125, z -49.531
 11174807 (233) module 10, x   1.72, y -10.8475, z -74.531
  9215168 (197) module  8, x 3.5075, y -22.535, z -143.219

Track #119, length 3
 12610014 (280) module 12, x 6.9425, y 0.7025, z -48.469
 10515083 (239) module 10, x  11.48, y 1.1975, z -73.469
  8816289 (203) module  8, x 24.2675, y 2.5825, z -144.281

Track #120, length 3
  9086946 (192) module  8, x -0.232498, y -6.7225, z -144.281
  6990261 (151) module  6, x -0.342499, y  -9.17, z -214.031
  4893093 (106) module  4, x -0.369999, y -10.0775, z -239.031

Track #121, length 3
  5930236 (142) module  5, x -2.1325, y 5.2925, z -227.031
  3832051 (98) module  3, x -2.325, y 5.7875, z -252.031
  1734122 (50) module  1, x -2.5175, y  6.255, z -277.031

Track #122, length 3
  5952762 (145) module  5, x 2.7075, y 5.4025, z -227.031
  3857641 (101) module  3, x  3.175, y 6.3375, z -252.031
  1762777 (53) module  1, x 3.6425, y 7.2175, z -277.031

Track #123, length 3
  4900597 (103) module  4, x -1.9375, y -5.6775, z -239.031
  2804458 (55) module  2, x -2.1575, y -6.2825, z -264.031
   708318 (2) module  0, x -2.3775, y -6.915, z -289.031

Track #124, length 3
  4289161 (118) module  4, x 11.5992, y 15.4058, z -237.969
  2203261 (72) module  2, x 12.2775, y 17.8075, z -262.969
   117104 (19) module  0, x 12.9925, y   20.2, z -287.969

Track #125, length 3
  4270441 (119) module  4, x 13.3775, y 11.3725, z -237.969
  2155561 (74) module  2, x 16.8792, y 7.50417, z -262.969
   423653 (23) module  0, x 20.5275, y 3.4625, z -289.031

