Track #0, length 8
 53556515 (1287) module 51, x -17.2275, y -12.0325, z 751.531
 51455797 (1224) module 49, x -16.2375, y -11.2625, z 706.531
 49355590 (1163) module 47, x -15.3025, y -10.6025, z 661.531
 47255383 (1105) module 45, x -14.3675, y -9.9425, z 616.531
 45151107 (1059) module 43, x -11.9475, y -8.2925, z 497.982
 43047846 (1012) module 41, x -9.98583, y -7.00917, z 402.473
 40945604 (959) module 39, x -8.3725, y -5.8725, z 325.525
 38843867 (913) module 37, x  -7.08, y  -4.91, z 263.531

Track #1, length 10
 54094878 (1288) module 51, x -17.2025, y 17.5025, z 750.469
 52002352 (1225) module 49, x -16.2125, y 16.5125, z 705.469
 49909827 (1164) module 47, x -15.2225, y 15.4675, z 660.469
 47817301 (1107) module 45, x -14.2325, y 14.4775, z 615.469
 45732230 (1061) module 43, x -11.6475, y 11.7825, z 496.921
 43644845 (1014) module 41, x -9.5575, y 9.6375, z 401.411
 41555148 (962) module 39, x -7.8525, y 7.9325, z 324.463
 39464165 (916) module 37, x -6.505, y 6.5575, z 262.469
 37369583 (870) module 35, x -5.9825, y 6.0075, z 237.469
 35275001 (828) module 33, x -5.4325, y 5.4575, z 212.469

Track #2, length 10
 54107232 (1290) module 51, x -14.5625, y 13.8725, z 750.469
 52013678 (1227) module 49, x -13.7925, y 13.1025, z 705.469
 49920379 (1166) module 47, x -12.9675, y 12.3875, z 660.469
 47826824 (1108) module 45, x -12.1975, y 11.645, z 615.469
 45739436 (1062) module 43, x -10.1075, y 9.6925, z 496.921
 43649736 (1015) module 41, x -8.4025, y  8.125, z 401.411
 41558751 (963) module 39, x -7.0825, y 6.8875, z 324.463
 39466482 (917) module 37, x  -6.01, y 5.8425, z 262.469
 37371385 (871) module 35, x -5.5975, y 5.4575, z 237.469
 34603262 (829) module 33, x -5.1825, y 5.0725, z 213.531

Track #3, length 8
 53543023 (1291) module 51, x -13.02, y  -9.09, z 751.531
 51443836 (1229) module 49, x -12.305, y -8.5675, z 706.531
 49344394 (1168) module 47, x -11.5625, y -8.0725, z 661.531
 47244951 (1109) module 45, x -10.8475, y -7.5775, z 616.531
 45141690 (1063) module 43, x -8.9225, y -6.2575, z 497.982
 43039446 (1017) module 41, x -7.3825, y -5.1575, z 402.473
 40938220 (966) module 39, x -6.1725, y -4.2775, z 325.525
 38837758 (920) module 37, x -5.1825, y -3.5625, z 263.531

Track #4, length 8
 54117303 (1292) module 51, x -12.4175, y 9.0875, z 750.469
 52023232 (1230) module 49, x -11.7575, y 8.5925, z 705.469
 49929161 (1169) module 47, x -11.0975, y 8.0975, z 660.469
 47835090 (1110) module 45, x -10.4375, y 7.6025, z 615.469
 45745641 (1064) module 43, x -8.6775, y 6.3375, z 496.921
 43655164 (1018) module 41, x -7.2475, y 5.2925, z 401.411
 40897517 (967) module 39, x -6.1175, y 4.4675, z 325.525
 38803453 (919) module 37, x -5.2375, y 3.8075, z 263.531

Track #5, length 7
 53527938 (1293) module 51, x -12.0025, y -5.7625, z 751.531
 51429262 (1231) module 49, x -11.3425, y  -5.46, z 706.531
 49330841 (1170) module 47, x -10.7375, y -5.1575, z 661.531
 47232165 (1111) module 45, x -10.0775, y -4.8275, z 616.531
 45131203 (1065) module 43, x   -8.4, y  -4.03, z 497.982
 43031260 (1019) module 41, x -7.0525, y -3.3975, z 402.473
 40931568 (968) module 39, x -5.9525, y -2.8475, z 325.525

Track #6, length 6
 53516423 (1294) module 51, x -11.7275, y -3.2875, z 751.531
 51418515 (1232) module 49, x -11.04, y -3.1225, z 706.531
 49320608 (1171) module 47, x -10.3525, y -2.9575, z 661.531
 47222701 (1112) module 45, x -9.6375, y -2.7925, z 616.531
 45123023 (1066) module 43, x -7.7675, y -2.2425, z 497.982
 43023850 (1020) module 41, x -6.2825, y -1.8025, z 402.473

Track #7, length 7
 53483410 (1295) module 51, x -11.1225, y 3.8075, z 751.531
 51387293 (1233) module 49, x -10.49, y 3.5875, z 706.531
 49290921 (1172) module 47, x -9.8575, y  3.395, z 661.531
 47194805 (1113) module 45, x -9.1975, y  3.175, z 616.531
 45100499 (1067) module 43, x -7.5475, y 2.5975, z 497.982
 43005420 (1021) module 41, x -6.1725, y 2.1575, z 402.473
 40910079 (970) module 39, x -5.1275, y 1.7725, z 325.525

Track #8, length 6
 53502376 (1296) module 51, x -9.9125, y -0.2625, z 751.531
 51404977 (1234) module 49, x -9.38083, y -0.225833, z 706.531
 49307835 (1173) module 47, x -8.8675, y -0.2075, z 661.531
 47210693 (1114) module 45, x -8.3175, y -0.2075, z 616.531
 45113310 (1068) module 43, x -6.9425, y -0.1525, z 497.982
 43016178 (1022) module 41, x -5.815, y -0.1525, z 402.473

Track #9, length 13
 54323195 (1298) module 51, x -7.6325, y 19.3175, z 751.531
 52043792 (1236) module 49, x -7.1925, y 18.2725, z 705.469
 49948451 (1175) module 47, x -6.8075, y 17.2275, z 660.469
 47853110 (1116) module 45, x -6.395, y 16.1825, z 615.469
 45761127 (1069) module 43, x -5.3225, y 13.4875, z 496.921
 43668111 (1023) module 41, x -4.4425, y 11.2875, z 401.411
 41574063 (971) module 39, x -3.7825, y 9.5275, z 324.463
 39479496 (921) module 37, x -3.2325, y  8.125, z 262.469
 37383379 (873) module 35, x -2.985, y 7.5475, z 237.469
 35287517 (831) module 33, x -2.7375, y 6.9975, z 212.469
 33191400 (793) module 31, x -2.5175, y 6.3925, z 187.469
 31095282 (748) module 29, x -2.2975, y 5.8425, z 162.469
 28999165 (704) module 27, x -2.0775, y 5.2375, z 137.469

Track #10, length 8
 53570006 (1299) module 51, x -7.3825, y -14.8925, z 751.531
 51468766 (1237) module 49, x -6.9425, y -14.0125, z 706.531
 49367526 (1178) module 47, x -6.5025, y -13.1325, z 661.531
 47266286 (1119) module 45, x -6.0625, y -12.2525, z 616.531
 44759467 (1030) module 42, x  -4.77, y -9.7475, z 484.921
 42657997 (980) module 40, x -3.835, y -7.8775, z 389.411
 40557544 (927) module 38, x -3.0925, y -6.3925, z 312.463
 38457598 (879) module 36, x -2.50583, y -5.16417, z 250.469

Track #11, length 5
 53508311 (1300) module 51, x -7.3275, y -1.5275, z 751.531
 51410910 (1238) module 49, x -6.9425, y -1.4725, z 706.531
 49313253 (1177) module 47, x -6.5575, y -1.3625, z 661.531
 47215852 (1117) module 45, x -6.1725, y -1.3075, z 616.531
 45117695 (1071) module 43, x -5.1275, y -1.0875, z 497.982

Track #12, length 5
 53506775 (1301) module 51, x -7.3275, y -1.1975, z 751.531
 51409374 (1239) module 49, x -6.9425, y -1.1425, z 706.531
 49311973 (1176) module 47, x -6.5575, y -1.0875, z 661.531
 47214572 (1118) module 45, x -6.1725, y -1.0325, z 616.531
 45116671 (1070) module 43, x -5.1275, y -0.8675, z 497.982

Track #13, length 6
 53548761 (1302) module 51, x -7.2175, y -10.3275, z 751.531
 51449056 (1240) module 49, x -6.8325, y -9.7775, z 706.531
 49349351 (1179) module 47, x -6.4475, y -9.2275, z 661.531
 47250158 (1120) module 45, x -6.0625, y -8.6775, z 616.531
 44760540 (1029) module 42, x -4.9625, y -7.0525, z 484.921
 42659569 (979) module 40, x -4.1375, y  -5.87, z 389.411

Track #14, length 4
 53496541 (1303) module 51, x -6.9975, y 1.0025, z 751.531
 51399651 (1241) module 49, x  -6.64, y 0.9475, z 706.531
 49302762 (1180) module 47, x -6.2825, y 0.8925, z 661.531
 47205873 (1121) module 45, x -5.8975, y 0.8375, z 616.531

Track #15, length 4
 53512934 (1304) module 51, x -6.5025, y -2.5175, z 751.531
 51415277 (1242) module 49, x -6.1175, y -2.4075, z 706.531
 49317363 (1182) module 47, x -5.7875, y -2.2425, z 661.531
 47219705 (1122) module 45, x -5.4575, y -2.1325, z 616.531

Track #16, length 4
 53503975 (1305) module 51, x  -6.42, y -0.5925, z 751.531
 51406830 (1243) module 49, x -6.035, y -0.5925, z 706.531
 49309429 (1183) module 47, x -5.6775, y -0.5375, z 661.531
 47212028 (1124) module 45, x -5.2925, y -0.4825, z 616.531

Track #17, length 15
 53618922 (1306) module 51, x -6.2825, y -25.5075, z 751.531
 51515376 (1244) module 49, x -5.9525, y -24.1325, z 706.531
 49412342 (1184) module 47, x -5.6225, y -22.785, z 661.531
 47309052 (1123) module 45, x -5.2925, y -21.4375, z 616.531
 44757279 (1031) module 42, x -4.3025, y -17.4475, z 484.921
 42656851 (981) module 40, x -3.5875, y -14.5875, z 389.411
 40557181 (928) module 38, x -3.0375, y -12.2775, z 312.463
 38457759 (878) module 36, x  -2.57, y -10.4075, z 250.469
 36359853 (836) module 34, x -2.3775, y -9.6375, z 225.469
 34261947 (800) module 32, x -2.2125, y -8.8675, z 200.469
 32163784 (755) module 30, x -1.9925, y -8.125, z 175.469
 30065878 (711) module 28, x -1.8275, y -7.3825, z 150.469
 27967716 (669) module 26, x -1.635, y -6.6125, z 125.469
 25869810 (632) module 24, x -1.4425, y -5.8425, z 100.469
 23771903 (592) module 22, x -1.2775, y -5.1275, z 75.469

Track #18, length 7
 54152850 (1308) module 51, x -4.6625, y 11.1225, z 750.469
 52057245 (1246) module 49, x -4.3325, y 10.5175, z 705.469
 49961896 (1186) module 47, x -3.9475, y 9.9125, z 660.469
 47866291 (1125) module 45, x -3.6175, y 9.3075, z 615.469
 45773007 (1072) module 43, x -2.7925, y 7.7675, z 496.921
 43678950 (1024) module 41, x -2.1325, y 6.5025, z 401.411
 41584120 (972) module 39, x -1.6375, y 5.5125, z 324.463

Track #19, length 4
 54156444 (1309) module 51, x -3.8925, y 10.5725, z 750.469
 52061353 (1247) module 49, x -3.4525, y 9.8575, z 705.469
 49966006 (1188) module 47, x -3.0675, y  9.115, z 660.469
 47869891 (1127) module 45, x -2.8475, y 8.4275, z 615.469

Track #20, length 4
 54157731 (1311) module 51, x -3.6175, y 10.1875, z 750.469
 52061614 (1248) module 49, x -3.3975, y 9.5825, z 705.469
 49965497 (1187) module 47, x -3.1775, y 8.9775, z 660.469
 47869380 (1126) module 45, x -2.9575, y 8.3725, z 615.469

Track #21, length 15
 54266748 (1315) module 51, x 4.4675, y 26.3025, z 751.531
 52170645 (1250) module 49, x 4.2475, y 24.9275, z 706.531
 50074543 (1190) module 47, x 4.0275, y 23.4975, z 661.531
 47978440 (1128) module 45, x 3.8075, y 22.1225, z 616.531
 45800718 (1073) module 43, x 3.2025, y 18.3825, z 496.921
 43701316 (1026) module 41, x 2.7075, y 15.4125, z 401.411
 41602160 (974) module 39, x 2.2675, y 12.9925, z 324.463
 39503507 (922) module 37, x 1.9375, y 11.0675, z 262.469
 37405857 (874) module 35, x 1.8275, y 10.2975, z 237.469
 35307951 (832) module 33, x 1.6625, y 9.5275, z 212.469
 33210301 (794) module 31, x 1.5525, y 8.7575, z 187.469
 31112395 (749) module 29, x 1.3875, y   7.96, z 162.469
 29014746 (705) module 27, x 1.2775, y 7.1625, z 137.469
 26916840 (661) module 25, x   1.14, y 6.3925, z 112.469
 24819190 (626) module 23, x 1.0025, y 5.6225, z 87.469

Track #22, length 9
 52515828 (1263) module 50, x  5.705, y 13.6825, z 739.531
 50415097 (1204) module 48, x 5.4575, y  12.94, z 694.531
 48314622 (1141) module 46, x 5.1825, y 12.1975, z 649.531
 47906185 (1129) module 45, x 4.9625, y 11.6175, z 615.469
 45805484 (1074) module 43, x 4.1925, y 9.6925, z 496.921
 43705288 (1028) module 41, x 3.5325, y 8.1525, z 401.411
 41605855 (976) module 39, x 3.0375, y 6.8875, z 324.463
 39506673 (924) module 37, x 2.5975, y   5.87, z 262.469
 37408761 (875) module 35, x 2.4325, y 5.4575, z 237.469

Track #23, length 4
 53217284 (1252) module 50, x -4.6325, y -32.9025, z 739.531
 51124528 (1192) module 48, x  -3.67, y -30.4825, z 694.531
 49032285 (1131) module 46, x -2.6525, y -28.0075, z 649.531
 46939785 (1077) module 44, x -1.6625, y -25.56, z 604.531

Track #24, length 9
 53120337 (1259) module 50, x 1.1975, y -14.67, z 738.469
 51023200 (1199) module 48, x 1.1975, y -13.8725, z 693.469
 48926318 (1136) module 46, x 1.1425, y -13.1025, z 648.469
 46829180 (1079) module 44, x 1.1425, y -12.305, z 603.469
 44732323 (1032) module 42, x 1.0875, y -10.1875, z 484.921
 42635716 (982) module 40, x 0.977501, y -8.3725, z 389.411
 40539103 (929) module 38, x 0.8675, y -6.8875, z 312.463
 38442227 (880) module 36, x 0.8125, y -5.7875, z 250.469
 36345083 (837) module 34, x 0.8125, y  -5.32, z 225.469

Track #25, length 4
 53115115 (1260) module 50, x 2.3525, y -6.2275, z 738.469
 51018481 (1200) module 48, x  2.215, y -5.8975, z 693.469
 48922103 (1137) module 46, x 2.0775, y  -5.54, z 648.469
 46825470 (1080) module 44, x 1.9675, y -5.1825, z 603.469

Track #26, length 9
 53105965 (1261) module 50, x 4.2775, y -16.6775, z 738.469
 51010111 (1201) module 48, x 4.0025, y -15.6875, z 693.469
 48914000 (1139) module 46, x 3.76417, y -14.7158, z 648.469
 46818146 (1081) module 44, x 3.5075, y -13.7625, z 603.469
 44724113 (1033) module 42, x 2.8475, y -11.1775, z 484.921
 42629302 (983) module 40, x 2.3525, y -9.1425, z 389.411
 40534229 (930) module 38, x 1.9125, y -7.4375, z 312.463
 38438637 (881) module 36, x 1.5825, y -6.1175, z 250.469
 36342263 (839) module 34, x 1.4175, y -5.5675, z 225.469

Track #27, length 6
 53100965 (1262) module 50, x 5.3775, y -10.05, z 738.469
 51005103 (1203) module 48, x 5.1025, y   -9.5, z 693.469
 48909242 (1140) module 46, x 4.8275, y -8.9225, z 648.469
 46813380 (1082) module 44, x  4.525, y -8.3725, z 603.469
 44719838 (1034) module 42, x 3.7825, y -6.9425, z 484.921
 42625523 (984) module 40, x 3.1775, y -5.7875, z 389.411

Track #28, length 7
 52505065 (1265) module 50, x 6.3375, y 11.3725, z 739.531
 50404848 (1205) module 48, x 5.9525, y 10.7125, z 694.531
 48304887 (1142) module 46, x 5.5675, y 10.1075, z 649.531
 46204670 (1083) module 44, x 5.1825, y 9.4475, z 604.531
 45806028 (1075) module 43, x 4.3025, y 7.9325, z 496.921
 43705062 (1027) module 41, x  3.505, y 6.5025, z 401.411
 41605114 (975) module 39, x 2.8725, y 5.4025, z 324.463

Track #29, length 6
 53096103 (1267) module 50, x  6.395, y -9.9675, z 738.469
 51000754 (1206) module 48, x 6.0375, y -9.3625, z 693.469
 48905405 (1143) module 46, x 5.6525, y -8.7575, z 648.469
 46810055 (1084) module 44, x 5.2675, y  -8.18, z 603.469
 44717540 (1035) module 42, x 4.2775, y -6.6125, z 484.921
 42624251 (985) module 40, x 3.4525, y  -5.32, z 389.411

Track #30, length 7
 53090951 (1268) module 50, x 7.5225, y -11.7275, z 738.469
 50996115 (1207) module 48, x 7.0275, y -11.04, z 693.469
 48901024 (1145) module 46, x 6.5875, y -10.3525, z 648.469
 46805933 (1085) module 44, x 6.1475, y -9.6375, z 603.469
 44714189 (1036) module 42, x  4.965, y -7.8775, z 484.921
 42621415 (986) module 40, x 4.0575, y  -6.42, z 389.411
 40527868 (931) module 38, x 3.2875, y -5.265, z 312.463

Track #31, length 5
 52431037 (1269) module 50, x 8.7575, y -4.6325, z 739.531
 50334919 (1208) module 48, x 8.2075, y -4.4125, z 694.531
 48239057 (1146) module 46, x 7.6575, y -4.1375, z 649.531
 46143194 (1086) module 44, x 7.1625, y -3.8625, z 604.531
 44049395 (1037) module 42, x 5.7875, y -3.1475, z 485.982

Track #32, length 6
 52486589 (1270) module 50, x 8.7575, y   7.33, z 739.531
 50387393 (1209) module 48, x 8.5375, y 6.8625, z 694.531
 48288455 (1147) module 46, x 8.2075, y 6.4775, z 649.531
 46189262 (1089) module 44, x 7.8225, y 6.0375, z 604.531
 44087264 (1040) module 42, x  6.805, y 4.9925, z 485.982
 41986291 (990) module 40, x 5.7875, y 4.1675, z 390.473

Track #33, length 12
 53078295 (1271) module 50, x 10.3275, y -17.8875, z 738.469
 50983721 (1210) module 48, x   9.75, y -16.8975, z 693.469
 48889402 (1149) module 46, x 9.1725, y -15.9625, z 648.469
 46794316 (1092) module 44, x 8.6225, y -14.9725, z 603.469
 44704122 (1041) module 42, x 7.1375, y -12.4425, z 484.921
 42612639 (992) module 40, x 5.9275, y -10.4075, z 389.411
 40519869 (932) module 38, x 4.9925, y -8.7575, z 312.463
 38426326 (882) module 36, x 4.2225, y -7.3825, z 250.469
 36330463 (840) module 34, x 3.92917, y -6.85083, z 225.469
 34234857 (802) module 32, x 3.6175, y  -6.31, z 200.469
 32139251 (758) module 30, x 3.2875, y -5.7875, z 175.469
 30043389 (713) module 28, x 3.0125, y -5.2375, z 150.469

Track #34, length 9
 53074026 (1272) module 50, x 11.2625, y -13.295, z 738.469
 50979447 (1212) module 48, x 10.7125, y -12.6075, z 693.469
 48884868 (1151) module 46, x 10.1625, y -11.8925, z 648.469
 46790289 (1093) module 44, x  9.585, y -11.1775, z 603.469
 44700082 (1043) module 42, x 8.0175, y -9.3625, z 484.921
 42609102 (994) module 40, x 6.6975, y -7.8225, z 389.411
 40516836 (935) module 38, x  5.625, y -6.6125, z 312.463
 38423798 (884) module 36, x 4.7725, y -5.6225, z 250.469
 36328445 (842) module 34, x 4.3875, y -5.2375, z 225.469

Track #35, length 4
 53072983 (1273) module 50, x 11.455, y -14.3675, z 738.469
 50980451 (1211) module 48, x 10.4925, y -13.68, z 693.469
 48887922 (1150) module 46, x 9.46583, y -12.8642, z 648.469
 46795140 (1091) module 44, x 8.4575, y -11.8925, z 603.469

Track #36, length 16
 52574852 (1274) module 50, x 11.8925, y 26.4975, z 739.531
 50471826 (1213) module 48, x 11.095, y  25.26, z 694.531
 48369313 (1152) module 46, x 10.2975, y 24.0775, z 649.531
 46266797 (1094) module 44, x 9.6375, y 22.8125, z 604.531
 44153290 (1042) module 42, x  8.015, y 19.2925, z 485.982
 42042339 (993) module 40, x 6.6675, y 16.3225, z 390.473
 39934199 (934) module 38, x 5.5675, y 13.9575, z 313.525
 39516795 (926) module 37, x 4.7975, y 12.3875, z 262.469
 37418122 (877) module 35, x 4.4675, y 11.5625, z 237.469
 35319193 (834) module 33, x 4.0825, y 10.7375, z 212.469
 33220521 (796) module 31, x 3.7525, y 9.8575, z 187.469
 31121592 (751) module 29, x 3.3675, y  9.005, z 162.469
 29022920 (707) module 27, x 3.0375, y 8.1525, z 137.469
 26924248 (663) module 25, x 2.7075, y 7.2725, z 112.469
 24825576 (628) module 23, x 2.3775, y  6.365, z 87.469
 22726904 (589) module 21, x 2.0475, y 5.5125, z 62.469

Track #37, length 14
 52552539 (1275) module 50, x 14.1475, y 21.6025, z 739.531
 50450025 (1215) module 48, x  13.35, y 20.4475, z 694.531
 48347512 (1153) module 46, x 12.5525, y 19.2925, z 649.531
 46244998 (1095) module 44, x 11.7825, y 18.1375, z 604.531
 44133548 (1045) module 42, x 9.6925, y 15.0575, z 485.982
 42024649 (996) module 40, x 8.0975, y 12.5275, z 390.473
 39918305 (937) module 38, x 6.7775, y 10.5475, z 313.525
 37814004 (887) module 36, x 5.7325, y 8.8975, z 251.531
 35713788 (844) module 34, x 5.2925, y 8.2375, z 226.531
 35323853 (835) module 33, x 5.0725, y 7.8775, z 212.469
 33224665 (797) module 31, x 4.6325, y 7.2175, z 187.469
 31125732 (752) module 29, x 4.2475, y  6.585, z 162.469
 29026544 (708) module 27, x 3.8075, y 5.9525, z 137.469
 26927612 (665) module 25, x 3.4225, y 5.2925, z 112.469

Track #38, length 14
 52569421 (1276) module 50, x  14.89, y 25.3425, z 739.531
 50465629 (1216) module 48, x  14.01, y 23.9125, z 694.531
 48362349 (1154) module 46, x 13.1575, y 22.4825, z 649.531
 46258557 (1096) module 44, x 12.2775, y 21.0525, z 604.531
 44144038 (1046) module 42, x  9.995, y 17.3125, z 485.982
 42033605 (997) module 40, x 8.3175, y 14.4525, z 390.473
 39925469 (938) module 38, x 6.9975, y 12.115, z 313.525
 37819632 (888) module 36, x  5.925, y 10.2175, z 251.531
 35719160 (846) module 34, x 5.5125, y 9.5025, z 226.531
 33225669 (798) module 31, x 4.8525, y   8.29, z 187.469
 31126483 (753) module 29, x 4.4125, y 7.5475, z 162.469
 29027297 (710) module 27, x 3.9725, y 6.7775, z 137.469
 26928110 (666) module 25, x 3.55083, y 6.02583, z 112.469
 24828924 (630) module 23, x   3.12, y 5.2925, z 87.469

Track #39, length 9
 52529430 (1277) module 50, x 17.9425, y  16.68, z 739.531
 50427690 (1217) module 48, x 16.8425, y 15.6625, z 694.531
 48325950 (1155) module 46, x 15.7425, y 14.6725, z 649.531
 46224210 (1097) module 44, x 14.6425, y 13.6825, z 604.531
 44114566 (1047) module 42, x 11.7825, y 11.015, z 485.982
 42008240 (998) module 40, x 9.4725, y 8.8975, z 390.473
 39903186 (939) module 38, x 7.6025, y 7.1925, z 313.525
 37799405 (889) module 36, x 6.1175, y   5.79, z 251.531
 35699704 (845) module 34, x 5.5125, y 5.2125, z 226.531

Track #40, length 12
 52511252 (1278) module 50, x 18.0525, y 12.7475, z 739.531
 50411045 (1218) module 48, x 17.1175, y 12.0875, z 694.531
 48310583 (1156) module 46, x 16.1275, y   11.4, z 649.531
 46210377 (1098) module 44, x 15.1375, y 10.7125, z 604.531
 44105592 (1049) module 42, x 12.5525, y   8.98, z 485.982
 42001566 (999) module 40, x 10.4625, y 7.4675, z 390.473
 39899069 (941) module 38, x 8.7575, y 6.3125, z 313.525
 37797334 (891) module 36, x 7.3825, y 5.3225, z 251.531
 35698400 (848) module 34, x 6.8325, y 4.9375, z 226.531
 33599209 (805) module 32, x 6.31917, y 4.51583, z 201.531
 31500275 (760) module 30, x 5.7875, y 4.1125, z 176.531
 29401341 (715) module 28, x 5.2375, y  3.755, z 151.531

Track #41, length 13
 53003983 (1280) module 50, x 26.415, y -7.7675, z 738.469
 50914008 (1220) module 48, x 24.9025, y -7.2725, z 693.469
 48824032 (1158) module 46, x 23.3625, y -6.8325, z 648.469
 46733544 (1100) module 44, x 21.8225, y -6.3925, z 603.469
 44655102 (1052) module 42, x 17.8075, y -5.1825, z 484.921
 41946963 (1004) module 40, x 14.5875, y -4.2475, z 390.473
 39853186 (945) module 38, x 12.0025, y -3.505, z 313.525
 37759144 (897) module 36, x 9.9125, y -2.8725, z 251.531
 35663032 (852) module 34, x 9.0325, y -2.6525, z 226.531
 33567175 (809) module 32, x   8.18, y -2.3775, z 201.531
 31471063 (764) module 30, x 7.3275, y -2.1575, z 176.531
 29374951 (719) module 28, x 6.4475, y  -1.91, z 151.531
 27279094 (676) module 26, x 5.6225, y -1.6625, z 126.531

Track #42, length 13
 53368788 (1281) module 50, x 28.0925, y -21.4625, z 739.531
 51263723 (1221) module 48, x 26.3875, y -20.1975, z 694.531
 48817669 (1159) module 46, x 24.6825, y -18.8775, z 648.469
 46727708 (1101) module 44, x 23.0325, y -17.6125, z 603.469
 44651098 (1053) module 42, x 18.605, y -14.2025, z 484.921
 42570635 (1005) module 40, x 15.0575, y -11.5075, z 389.411
 40486835 (946) module 38, x 12.1975, y -9.3075, z 312.463
 38400467 (896) module 36, x 9.8875, y -7.5475, z 250.469
 36307168 (851) module 34, x   8.98, y -6.8325, z 225.469
 34214381 (808) module 32, x 8.0175, y -6.1175, z 200.469
 32121594 (763) module 30, x 7.0825, y -5.4025, z 175.469
 29362156 (718) module 28, x 6.1725, y -4.6875, z 151.531
 27268349 (675) module 26, x 5.2375, y -3.9725, z 126.531

Track #43, length 16
 52359112 (1222) module 49, x -36.4525, y 22.1225, z 706.531
 50252511 (1160) module 47, x -34.445, y 20.8575, z 661.531
 48145910 (1102) module 45, x -32.41, y 19.5925, z 616.531
 45660980 (1056) module 43, x -27.0475, y 16.265, z 496.921
 43583333 (1009) module 41, x -22.7575, y 13.5975, z 401.411
 41502348 (954) module 39, x -19.2925, y 11.4525, z 324.463
 39418283 (906) module 37, x -16.4875, y 9.7475, z 262.469
 37326264 (861) module 35, x -15.3875, y 9.0325, z 237.469
 35234500 (819) module 33, x -14.2325, y  8.345, z 212.469
 33142737 (783) module 31, x -13.0775, y 7.6575, z 187.469
 31050973 (737) module 29, x -11.9225, y 6.9975, z 162.469
 28959210 (692) module 27, x -10.7675, y 6.2825, z 137.469
 26867446 (653) module 25, x -9.6125, y 5.6225, z 112.469
 24117697 (619) module 23, x  -8.51, y   4.99, z 88.531
 22023895 (582) module 21, x -7.3275, y 4.3025, z 63.531
 19929836 (544) module 19, x -6.1725, y 3.6425, z 38.531

Track #44, length 13
 51783969 (1223) module 49, x -31.3075, y -7.6975, z 705.469
 49689157 (1161) module 47, x -29.3275, y -7.2025, z 660.469
 47594089 (1103) module 45, x -27.3475, y -6.735, z 615.469
 45502919 (1057) module 43, x -22.1408, y -5.47917, z 496.921
 43035924 (1010) module 41, x -18.025, y -4.4425, z 402.473
 40934994 (957) module 39, x -14.6425, y -3.645, z 325.525
 38834819 (910) module 37, x -11.9475, y -2.9575, z 263.531
 36736407 (866) module 35, x -10.8475, y  -2.71, z 238.531
 34638250 (825) module 33, x -9.775, y -2.4625, z 213.531
 32539838 (789) module 31, x -8.7025, y -2.1875, z 188.531
 30441426 (744) module 29, x -7.6025, y -1.9125, z 163.531
 28343013 (699) module 27, x  -6.53, y -1.6375, z 138.531
 26244601 (658) module 25, x -5.4575, y -1.3625, z 113.531

Track #45, length 13
 51245080 (1219) module 48, x 22.3175, y -31.8025, z 694.531
 49141308 (1157) module 46, x 20.8875, y -29.8225, z 649.531
 47037791 (1099) module 44, x 19.5125, y -27.87, z 604.531
 44923581 (1051) module 42, x 15.8275, y  -22.7, z 485.982
 42580492 (1003) module 40, x 12.9125, y -18.4925, z 389.411
 40494408 (943) module 38, x 10.5475, y -15.165, z 312.463
 38405497 (894) module 36, x   8.65, y -12.47, z 250.469
 36311949 (849) module 34, x   7.88, y -11.3975, z 225.469
 34218401 (806) module 32, x 7.1375, y -10.2975, z 200.469
 32124853 (761) module 30, x 6.3675, y -9.1975, z 175.469
 30031305 (716) module 28, x 5.5975, y -8.0975, z 150.469
 27937501 (674) module 26, x 4.8825, y -6.9975, z 125.469
 25843952 (635) module 24, x 4.1125, y -5.925, z 100.469

Track #46, length 15
 48421831 (1148) module 46, x 8.2075, y 35.3525, z 649.531
 46314448 (1088) module 44, x 7.7125, y 33.1525, z 604.531
 44190441 (1038) module 42, x 6.3375, y 27.3775, z 485.982
 42072318 (987) module 40, x 5.1825, y 22.7575, z 390.473
 41683958 (977) module 39, x 4.4675, y 19.5925, z 325.525
 39511600 (925) module 37, x 3.6975, y 16.5125, z 262.469
 37413190 (876) module 35, x 3.4225, y 15.3025, z 237.469
 35314780 (833) module 33, x 3.1475, y 14.065, z 212.469
 33216371 (795) module 31, x 2.8725, y 12.8275, z 187.469
 31117961 (750) module 29, x 2.5975, y 11.6175, z 162.469
 29019551 (706) module 27, x 2.3225, y 10.4075, z 137.469
 26921141 (662) module 25, x 2.0475, y 9.1975, z 112.469
 24822731 (627) module 23, x 1.7725, y   7.96, z 87.469
 22724322 (588) module 21, x 1.4975, y 6.7225, z 62.469
 20625912 (550) module 19, x 1.2225, y 5.5125, z 37.469

Track #47, length 14
 48062464 (1104) module 45, x -14.3975, y 33.095, z 616.531
 45953896 (1060) module 43, x -11.9225, y 27.4025, z 497.982
 43847611 (1013) module 41, x -9.9425, y 22.8375, z 402.473
 41743614 (960) module 39, x -8.3475, y 19.1525, z 325.525
 39461686 (914) module 37, x     -7, y 16.155, z 262.469
 37367116 (869) module 35, x -6.4775, y 14.9725, z 237.469
 35272546 (827) module 33, x -5.9275, y 13.7625, z 212.469
 33177720 (791) module 31, x -5.4325, y 12.5525, z 187.469
 31083150 (746) module 29, x -4.8825, y 11.3425, z 162.469
 28988579 (702) module 27, x -4.3325, y 10.1875, z 137.469
 26894009 (659) module 25, x -3.7825, y 8.9775, z 112.469
 24799183 (624) module 23, x -3.2875, y 7.7675, z 87.469
 22704612 (586) module 21, x -2.7375, y  6.585, z 62.469
 20610042 (547) module 19, x -2.1875, y 5.4025, z 37.469

Track #48, length 11
 45487658 (1055) module 43, x -30.8125, y -8.715, z 496.921
 43398291 (1008) module 41, x -25.0375, y -7.0925, z 401.411
 41307367 (953) module 39, x -20.39, y -5.7725, z 324.463
 38842924 (905) module 37, x -16.705, y -4.7175, z 263.531
 36743752 (862) module 35, x -15.1925, y -4.2775, z 238.531
 34644579 (820) module 33, x -13.68, y -3.8375, z 213.531
 32545407 (784) module 31, x -12.1675, y -3.425, z 188.531
 30446490 (739) module 29, x -10.6825, y -3.0125, z 163.531
 28347318 (695) module 27, x -9.1425, y -2.5725, z 138.531
 26248145 (656) module 25, x -7.63917, y -2.16917, z 113.531
 24149229 (622) module 23, x -6.1175, y -1.7475, z 88.531

Track #49, length 5
 44706736 (1039) module 42, x 6.5875, y -9.445, z 484.921
 42613710 (989) module 40, x   5.68, y -7.8225, z 389.411
 40519653 (933) module 38, x 5.0475, y -6.5575, z 312.463
 38425077 (883) module 36, x   4.47, y -5.6775, z 250.469
 36329213 (841) module 34, x 4.2225, y -5.2375, z 225.469

Track #50, length 12
 44893980 (1044) module 42, x 9.5025, y -31.5825, z 485.982
 42789507 (995) module 40, x 7.7975, y -25.89, z 390.473
 40685783 (936) module 38, x 6.3675, y -21.2975, z 313.525
 38421534 (885) module 36, x 5.2125, y -17.5025, z 250.469
 36326457 (843) module 34, x 4.7725, y -16.0175, z 225.469
 34231381 (803) module 32, x  4.305, y -14.4775, z 200.469
 32136560 (759) module 30, x 3.8375, y -12.9925, z 175.469
 30041484 (714) module 28, x   3.37, y -11.4525, z 150.469
 27946663 (673) module 26, x 2.9025, y  -9.94, z 125.469
 25851587 (634) module 24, x 2.4625, y -8.4275, z 100.469
 23756511 (594) module 22, x  1.995, y -6.8875, z 75.469
 21661691 (552) module 20, x 1.5275, y -5.3475, z 50.469

Track #51, length 6
 44211779 (1050) module 42, x 15.4675, y 31.9975, z 485.982
 42088563 (1002) module 40, x   12.8, y 26.3875, z 390.473
 39970715 (944) module 38, x 10.6275, y 21.8225, z 313.525
 37855418 (895) module 36, x  8.895, y 17.9175, z 251.531
 35750855 (850) module 34, x 8.2075, y  16.35, z 226.531
 33646548 (807) module 32, x 7.4925, y 14.7825, z 201.531

Track #52, length 10
 44372038 (1054) module 42, x 29.2542, y 23.2258, z 484.921
 42295725 (1006) module 40, x 23.6075, y  18.78, z 389.411
 39940096 (948) module 38, x 19.1525, y 15.2775, z 313.525
 37829699 (898) module 36, x 15.4675, y 12.4175, z 251.531
 35727198 (853) module 34, x 13.9825, y 11.2625, z 226.531
 33624697 (810) module 32, x 12.4975, y 10.1075, z 201.531
 31522708 (765) module 30, x 11.0125, y   8.98, z 176.531
 27317193 (677) module 26, x 8.06083, y 6.56917, z 126.531
 25214692 (636) module 24, x 6.6125, y 5.3775, z 101.531
 23111934 (595) module 22, x 5.16417, y 4.18583, z 76.531

Track #53, length 14
 41089059 (955) module 39, x -17.2275, y -36.975, z 325.525
 38966609 (908) module 37, x -14.67, y -31.5025, z 263.531
 36858980 (864) module 35, x -13.6525, y -29.275, z 238.531
 34751607 (821) module 33, x -12.6075, y -27.075, z 213.531
 32644234 (785) module 31, x -11.5625, y -24.875, z 188.531
 30537372 (740) module 29, x -10.545, y -22.6475, z 163.531
 28429999 (693) module 27, x -9.5275, y -20.4475, z 138.531
 26322626 (654) module 25, x -8.4825, y -18.2475, z 113.531
 24215253 (620) module 23, x -7.4375, y -16.0475, z 88.531
 22107879 (583) module 21, x  -6.42, y -13.8475, z 63.531
 20000506 (546) module 19, x -5.4025, y -11.6475, z 38.531
 19594141 (509) module 18, x -4.8525, y -10.49, z 25.469
 17492165 (462) module 16, x -3.8075, y  -8.29, z  0.469
 15390190 (418) module 14, x -2.7625, y -6.0625, z -24.531

Track #54, length 13
 41089858 (956) module 39, x -15.5225, y -37.1125, z 325.525
 38967148 (909) module 37, x -13.2125, y -31.6125, z 263.531
 36859772 (865) module 35, x -12.305, y -29.4125, z 238.531
 34752141 (824) module 33, x -11.3975, y -27.185, z 213.531
 32644766 (787) module 31, x -10.4625, y -24.9575, z 188.531
 30537903 (742) module 29, x -9.5275, y -22.7575, z 163.531
 28430272 (696) module 27, x -8.5925, y -20.53, z 138.531
 26322897 (655) module 25, x -7.6575, y -18.33, z 113.531
 24215522 (621) module 23, x -6.7225, y -16.1025, z 88.531
 22108147 (584) module 21, x -5.7875, y -13.9025, z 63.531
 19591837 (510) module 18, x -4.3575, y -10.5175, z 25.469
 17490373 (463) module 16, x -3.4225, y -8.3175, z  0.469
 15388909 (419) module 14, x -2.4875, y -6.1175, z -24.531

Track #55, length 11
 41736718 (964) module 39, x -6.9175, y 32.325, z 325.525
 39634291 (918) module 37, x -5.7625, y 26.7975, z 263.531
 37534875 (872) module 35, x -5.2675, y  24.57, z 238.531
 35435716 (830) module 33, x -4.8275, y 22.3425, z 213.531
 33336301 (792) module 31, x -4.3325, y 20.0875, z 188.531
 31087641 (747) module 29, x -3.8925, y 17.7775, z 162.469
 28992834 (703) module 27, x -3.3975, y 15.5225, z 137.469
 26897770 (660) module 25, x -2.92083, y 13.3042, z 112.469
 24802963 (625) module 23, x -2.4625, y 11.0675, z 87.469
 22708155 (587) module 21, x -1.9675, y   8.84, z 62.469
 20613348 (548) module 19, x -1.4725, y 6.6125, z 37.469

Track #56, length 7
 40966896 (969) module 39, x -5.9525, y -10.5475, z 325.525
 38884833 (915) module 37, x -6.7775, y -13.7925, z 263.531
 36793820 (868) module 35, x -7.0525, y -15.14, z 238.531
 34702807 (826) module 33, x -7.3275, y -16.4325, z 213.531
 32611793 (790) module 31, x -7.6575, y -17.78, z 188.531
 30521036 (743) module 29, x -7.905, y -19.1275, z 163.531
 28430024 (698) module 27, x -8.1525, y -20.4475, z 138.531

Track #57, length 10
 40778770 (950) module 38, x 26.6075, y -32.1325, z 313.525
 38662254 (900) module 36, x 22.3175, y -27.045, z 251.531
 36557204 (855) module 34, x 20.6125, y -24.9825, z 226.531
 34452152 (812) module 32, x 18.9075, y -22.975, z 201.531
 32346845 (770) module 30, x 17.175, y -20.9675, z 176.531
 29986053 (724) module 28, x 15.3875, y -18.85, z 150.469
 27896874 (679) module 26, x 13.6825, y -16.815, z 125.469
 25807439 (638) module 24, x 12.0325, y -14.78, z 100.469
 23718004 (599) module 22, x 10.3825, y -12.745, z 75.469
 21628056 (555) module 20, x 8.7325, y -10.765, z 50.469

Track #58, length 12
 40252760 (951) module 38, x 28.2825, y 7.0375, z 312.463
 38160809 (901) module 36, x 23.8275, y 5.9375, z 250.469
 36065737 (857) module 34, x 22.0675, y 5.4975, z 225.469
 33970665 (814) module 32, x  20.28, y 5.0575, z 200.469
 31502346 (772) module 30, x 18.5842, y 4.64417, z 176.531
 29403435 (726) module 28, x 16.7875, y 4.2225, z 151.531
 27304267 (681) module 26, x 15.0275, y 3.7825, z 126.531
 25205099 (640) module 24, x  13.24, y 3.3425, z 101.531
 23105932 (600) module 22, x 11.4525, y 2.9025, z 76.531
 21006764 (556) module 20, x 9.6925, y 2.4625, z 51.531
 18907340 (514) module 18, x 7.91417, y 2.00417, z 26.531
 16808172 (466) module 16, x 6.13583, y 1.56417, z  1.531

Track #59, length 10
 39336763 (904) module 37, x -34.0875, y  15.88, z 262.469
 37254230 (860) module 35, x -30.925, y 14.4225, z 237.469
 35171953 (818) module 33, x -27.7625, y 12.9375, z 212.469
 33089675 (778) module 31, x -24.5725, y 11.5075, z 187.469
 31006629 (735) module 29, x -21.4375, y 10.0775, z 162.469
 28924095 (689) module 27, x -18.275, y   8.62, z 137.469
 26841562 (652) module 25, x -15.14, y 7.1625, z 112.469
 24759284 (618) module 23, x -11.9775, y 5.7325, z 87.469
 22023865 (580) module 21, x -8.9775, y 4.3025, z 63.531
 19933682 (545) module 19, x -5.815, y 2.8175, z 38.531

Track #60, length 9
 39677285 (907) module 37, x -15.1125, y 27.5675, z 263.531
 37573778 (863) module 35, x -13.7375, y 25.065, z 238.531
 35470272 (822) module 33, x -12.3625, y 22.5625, z 213.531
 33366765 (786) module 31, x -11.015, y 20.0875, z 188.531
 31061534 (741) module 29, x -9.585, y 17.475, z 162.469
 28970316 (697) module 27, x -8.2375, y 14.9725, z 137.469
 26879609 (657) module 25, x -6.8625, y 12.4975, z 112.469
 24788902 (623) module 23, x -5.4875, y 10.0225, z 87.469
 22698195 (585) module 21, x -4.1125, y   7.52, z 62.469

Track #61, length 4
 37866215 (890) module 36, x 6.4475, y 20.255, z 251.531
 35759600 (847) module 34, x 5.9525, y 18.1925, z 226.531
 33652730 (804) module 32, x 5.4025, y 16.1025, z 201.531
 33226573 (799) module 31, x 5.0725, y 14.9175, z 187.469

Track #62, length 10
 38723246 (903) module 36, x 35.5542, y -23.5158, z 251.531
 36610519 (859) module 34, x  32.19, y -21.2975, z 226.531
 34118915 (816) module 32, x 28.6975, y -18.9875, z 200.469
 32037419 (773) module 30, x 25.3058, y -16.7692, z 175.469
 29955668 (727) module 28, x 21.9325, y -14.5325, z 150.469
 27874172 (682) module 26, x 18.5775, y -12.3325, z 125.469
 25792676 (641) module 24, x 15.2225, y -10.105, z 100.469
 23711181 (601) module 22, x  11.84, y -7.8775, z 75.469
 21629173 (554) module 20, x  8.485, y -5.6775, z 50.469
 18881788 (512) module 18, x  5.265, y -3.5325, z 26.531

Track #63, length 4
 38660439 (899) module 36, x  21.96, y -28.3375, z 251.531
 36555647 (854) module 34, x 20.2825, y -26.11, z 226.531
 34450856 (811) module 32, x 18.6325, y -23.8825, z 201.531
 30240505 (723) module 28, x 15.1675, y  -19.4, z 151.531

Track #64, length 11
 36466451 (838) module 34, x 1.0325, y -32.05, z 226.531
 34368832 (801) module 32, x 0.9225, y -29.575, z 201.531
 32271470 (757) module 30, x 0.8675, y -27.0725, z 176.531
 30174107 (712) module 28, x 0.8125, y -24.5975, z 151.531
 28076745 (672) module 26, x 0.7575, y -22.0675, z 126.531
 25979126 (633) module 24, x 0.665833, y -19.5558, z 101.531
 23762984 (593) module 22, x 0.592499, y -16.925, z 75.469
 21666134 (551) module 20, x 0.537502, y -14.4225, z 50.469
 19569283 (511) module 18, x 0.445831, y -11.9108, z 25.469
 17472689 (464) module 16, x 0.372501, y  -9.39, z  0.469
 15376095 (420) module 14, x 0.262501, y -6.8875, z -24.531

Track #65, length 5
 36040036 (858) module 34, x 27.595, y 11.1075, z 225.469
 33961957 (815) module 32, x   20.5, y 6.9275, z 200.469
 31494499 (766) module 30, x  13.68, y 2.9025, z 176.531
 29377508 (720) module 28, x 6.57583, y -1.35083, z 151.531
 27963891 (671) module 26, x -0.819168, y -5.75083, z 125.469

Track #66, length 6
 32860972 (777) module 31, x -30.675, y -18.2575, z 187.469
 30774645 (732) module 29, x -26.66, y -15.9475, z 162.469
 28688574 (687) module 27, x -22.6725, y -13.5825, z 137.469
 26290181 (650) module 25, x -18.8592, y -11.3542, z 113.531
 22074771 (578) module 21, x -11.0492, y -6.66083, z 63.531
 19966938 (541) module 19, x -7.1625, y -4.3325, z 38.531

Track #67, length 5
 31126385 (754) module 29, x 4.4125, y  12.91, z 162.469
 29026703 (709) module 27, x 3.8625, y  11.26, z 137.469
 26926765 (664) module 25, x 3.2575, y 9.6375, z 112.469
 24827082 (629) module 23, x  2.735, y 8.0425, z 87.469
 22727656 (590) module 21, x 2.2125, y 6.3925, z 62.469

Track #68, length 7
 30333994 (729) module 28, x 35.435, y -30.8125, z 151.531
 28215157 (683) module 26, x 30.7325, y -26.6875, z 126.531
 26096063 (642) module 24, x 26.0392, y -22.5808, z 101.531
 23667983 (603) module 22, x 21.1075, y  -18.3, z 75.469
 21592667 (561) module 20, x 16.405, y -14.1475, z 50.469
 19517605 (519) module 18, x 11.6842, y -10.0408, z 25.469
 17442032 (468) module 16, x  6.945, y -5.9525, z  0.469

Track #69, length 8
 28224544 (684) module 26, x 32.7675, y -31.335, z 126.531
 26110049 (643) module 24, x 29.0642, y -27.7508, z 101.531
 23995810 (606) module 22, x 25.3425, y -24.185, z 76.531
 21881827 (566) module 20, x 21.6025, y -20.61, z 51.531
 19489321 (523) module 18, x 17.725, y -16.8975, z 25.469
 17409642 (478) module 16, x 13.985, y -13.3225, z  0.469
 15329963 (429) module 14, x 10.245, y -9.7475, z -24.531
 13249771 (369) module 12, x 6.51417, y -6.19083, z -49.531

Track #70, length 8
 27704576 (685) module 26, x 33.1225, y -0.442501, z 125.469
 25607236 (644) module 24, x 29.3825, y -0.387501, z 100.469
 23509897 (607) module 22, x 25.5875, y -0.3325, z 75.469
 21412558 (567) module 20, x 21.7925, y -0.2775, z 50.469
 18896914 (525) module 18, x 18.1625, y -0.2325, z 26.531
 16800087 (479) module 16, x 14.3675, y -0.1775, z  1.531
 14703260 (431) module 14, x 10.5725, y -0.1225, z -23.469
 12606177 (371) module 12, x 6.7775, y -0.0949998, z -48.469

Track #71, length 7
 24550400 (610) module 23, x -33.1225, y -1.3725, z 87.469
 22454098 (573) module 21, x -28.585, y -1.2075, z 62.469
 20357798 (534) module 19, x -23.9925, y -1.015, z 37.469
 18261753 (496) module 17, x  -19.4, y -0.822502, z 12.469
 15755083 (453) module 15, x    -15, y  -0.62, z -11.469
 13657247 (403) module 13, x -10.38, y -0.4275, z -36.469
 11559155 (343) module 11, x  -5.76, y -0.2075, z -61.469

Track #72, length 6
 22865210 (581) module 21, x  -7.55, y 29.9325, z 63.531
 20762513 (543) module 19, x -6.3125, y 25.1475, z 38.531
 18659560 (507) module 17, x -5.08417, y 20.3442, z 13.531
 16407877 (460) module 15, x  -3.81, y 15.3575, z -12.531
 14316443 (411) module 13, x -2.6275, y   10.6, z -37.531
 12225010 (349) module 11, x -1.4175, y 5.8425, z -62.531

Track #73, length 6
 21149574 (558) module 20, x 11.7458, y 33.4092, z 51.531
 19025581 (515) module 18, x 9.6375, y 27.625, z 26.531
 16902099 (470) module 16, x 7.5475, y  21.85, z  1.531
 14778105 (425) module 14, x 5.4575, y 16.075, z -23.469
 14348659 (416) module 13, x   4.33, y 12.8275, z -37.531
 12242652 (356) module 11, x 2.3775, y 7.0525, z -62.531

Track #74, length 5
 21153376 (560) module 20, x 13.8725, y 34.225, z 51.531
 19029131 (518) module 18, x  11.48, y 28.395, z 26.531
 16905144 (474) module 16, x 9.0325, y  22.51, z  1.531
 14780643 (426) module 14, x 6.63083, y 16.6342, z -23.469
 12244949 (357) module 11, x 2.8725, y   7.41, z -62.531

Track #75, length 5
 21912894 (568) module 20, x 28.4225, y -29.685, z 51.531
 19793052 (526) module 18, x 23.5275, y -24.5425, z 26.531
 17673465 (482) module 16, x 18.6142, y -19.3908, z  1.531
 15314780 (433) module 14, x 13.4992, y -14.0558, z -24.531
 13240250 (372) module 12, x 8.5675, y -8.9225, z -49.531

Track #76, length 5
 20504996 (533) module 19, x -24.9392, y 10.0958, z 37.469
 18429384 (495) module 17, x  -20.2, y 8.1525, z 12.469
 16354283 (452) module 15, x -15.47, y 6.2275, z -12.531
 13634965 (401) module 13, x -10.93, y 4.3575, z -36.469
 11546859 (339) module 11, x -6.19083, y 2.41417, z -61.469

Track #77, length 5
 19049500 (522) module 18, x 17.585, y 32.7675, z 26.531
 16920415 (477) module 16, x 13.9092, y 25.9108, z  1.531
 14792098 (428) module 14, x 10.2425, y 19.0725, z -23.469
 12663013 (370) module 12, x 6.5575, y 12.225, z -48.469
 12252356 (358) module 11, x 4.48583, y 8.35417, z -62.531

Track #78, length 4
 19164568 (527) module 18, x 24.7258, y 32.3192, z 25.469
 17099000 (483) module 16, x 19.4825, y 25.545, z  0.469
 14791766 (434) module 14, x 14.4225, y 19.045, z -23.469
 12663222 (374) module 12, x 9.12417, y 12.2708, z -48.469

Track #79, length 5
 19833567 (531) module 18, x 32.2542, y -20.8208, z 26.531
 17357876 (485) module 16, x 25.1958, y -16.2742, z  0.469
 15291779 (436) module 14, x 18.4492, y -11.9108, z -24.531
 13225938 (376) module 12, x 11.7392, y -7.56583, z -49.531
 10493692 (303) module 10, x  5.265, y -3.395, z -73.469

Track #80, length 5
 19404355 (532) module 18, x 36.1042, y -15.4308, z 25.469
 17342591 (486) module 16, x 28.505, y -12.1675, z  0.469
 15280314 (438) module 14, x 20.915, y -8.9225, z -24.531
 13218805 (378) module 12, x 13.2608, y -5.65917, z -49.531
 10497775 (305) module 10, x   5.98, y -2.5425, z -73.469

Track #81, length 4
 18196040 (491) module 17, x -29.1442, y -14.9758, z 12.469
 16115398 (447) module 15, x -22.2142, y -11.4558, z -12.531
 13692481 (396) module 13, x -15.5775, y -8.045, z -36.469
 11579070 (333) module 11, x -8.675, y -4.4975, z -61.469

Track #82, length 4
 18694406 (498) module 17, x -12.7108, y 32.7742, z 13.531
 16583569 (455) module 15, x -9.7225, y  25.12, z -11.469
 14297893 (404) module 13, x -6.5875, y  17.09, z -37.531
 12214449 (344) module 11, x -3.65417, y 9.38083, z -62.531

Track #83, length 4
 18668032 (504) module 17, x -6.93583, y 33.1042, z 13.531
 16563597 (459) module 15, x -5.3225, y  25.34, z -11.469
 14311715 (410) module 13, x -3.58083, y 17.2092, z -37.531
 12222384 (347) module 11, x -1.9675, y  9.445, z -62.531

Track #84, length 4
 17146661 (487) module 16, x 31.0508, y 15.1592, z  0.469
 15068604 (439) module 14, x 22.755, y 11.1075, z -24.531
 12640335 (380) module 12, x  14.78, y 7.2475, z -48.469
 10524390 (307) module 10, x  6.475, y 3.1775, z -73.469

Track #85, length 6
 12607228 (365) module 12, x  5.265, y 0.0975003, z -48.469
 10510273 (312) module 10, x   8.51, y 0.1525, z -73.469
  8413469 (254) module  8, x  17.53, y 0.2625, z -143.219
  6729077 (200) module  6, x 26.6875, y   0.41, z -214.031
  4631610 (148) module  4, x 29.905, y  0.465, z -239.031
  2534400 (90) module  2, x 33.1225, y 0.4925, z -264.031

Track #86, length 4
 12204002 (341) module 11, x   -5.9, y 6.7225, z -62.531
 10072645 (266) module  9, x -13.3525, y 15.3575, z -132.281
  8245671 (206) module  7, x -20.6308, y 23.9192, z -200.969
  6160495 (153) module  5, x -23.28, y  26.99, z -225.969

Track #87, length 5
 11573745 (342) module 11, x -5.8975, y -3.3425, z -61.469
  9498201 (264) module  9, x -14.2575, y -8.0175, z -131.219
  7721149 (205) module  7, x  -22.7, y -12.7025, z -202.031
  5616006 (150) module  5, x -25.7158, y -14.3892, z -227.031
  1406747 (29) module  1, x -31.6375, y -17.5975, z -277.031

Track #88, length 6
 12229878 (352) module 11, x -0.372501, y 5.6225, z -62.531
 10130279 (283) module  9, x -0.8675, y  13.46, z -132.281
  8156633 (228) module  7, x -1.3625, y 21.1875, z -200.969
  6060198 (177) module  5, x -1.5275, y 23.9925, z -225.969
  3963763 (118) module  3, x -1.6925, y 26.7975, z -250.969
  1867327 (57) module  1, x -1.8575, y  29.63, z -275.969

Track #89, length 4
 11177197 (297) module 10, x 1.2525, y -6.1175, z -74.531
  9069088 (240) module  8, x 3.5625, y -17.3925, z -144.281
  7128661 (190) module  6, x 5.8175, y -28.42, z -212.969
  5035276 (139) module  4, x 6.67917, y -32.4258, z -237.969

Track #90, length 6
 10506485 (304) module 10, x   5.65, y -0.6725, z -73.469
  8405384 (248) module  8, x 11.6725, y -1.4975, z -143.219
  6304284 (196) module  6, x 17.6125, y -2.3225, z -212.969
  4646385 (146) module  4, x  19.84, y -2.6425, z -239.031
  2550730 (88) module  2, x 21.985, y -2.9725, z -264.031
   454819 (27) module  0, x  24.13, y -3.2475, z -289.031

Track #91, length 5
  9486734 (269) module  9, x -11.3425, y -5.5425, z -131.219
  7734513 (208) module  7, x -19.8492, y -9.69583, z -202.031
  5631161 (154) module  5, x -22.9292, y -11.1258, z -227.031
  3527553 (95) module  3, x    -26, y -12.5375, z -252.031
  1423945 (30) module  1, x -29.08, y -13.9125, z -277.031

Track #92, length 5
  9502400 (274) module  9, x -8.5925, y -8.8975, z -131.219
  7427176 (212) module  7, x -13.4325, y -13.7375, z -200.969
  5337928 (159) module  5, x -15.1925, y -15.47, z -225.969
  3248936 (101) module  3, x -16.9525, y -17.2025, z -250.969
  1159944 (37) module  1, x -18.685, y -18.9625, z -275.969

Track #93, length 5
  9484490 (275) module  9, x -8.0425, y -5.0475, z -131.219
  7404639 (211) module  7, x -13.9092, y -8.80583, z -200.969
  5313338 (157) module  5, x -15.9625, y -10.1625, z -225.969
  3222292 (100) module  3, x -18.0525, y -11.4825, z -250.969
  1428971 (35) module  1, x -20.1975, y -12.8675, z -277.031

Track #94, length 4
  9484765 (277) module  9, x  -6.97, y -5.1025, z -131.219
  7712753 (207) module  7, x -19.8675, y -14.49, z -202.031
  5600158 (152) module  5, x -24.4325, y -17.8175, z -227.031
  3487307 (92) module  3, x -28.9975, y -21.145, z -252.031

Track #95, length 5
  9487083 (278) module  9, x -6.2275, y -5.625, z -131.219
  7407246 (214) module  7, x -11.3425, y -9.4475, z -200.969
  5316460 (160) module  5, x -13.185, y -10.85, z -225.969
  3225931 (103) module  3, x -15.0275, y -12.2525, z -250.969
  1135146 (39) module  1, x -16.8425, y -13.655, z -275.969

Track #96, length 5
  9438964 (279) module  9, x -5.7325, y 4.7425, z -131.219
  7961703 (209) module  7, x -16.3225, y  13.46, z -202.031
  5846832 (155) module  5, x -20.09, y 16.5125, z -227.031
  4065017 (97) module  3, x -23.665, y 19.4275, z -250.969
  1985474 (31) module  1, x -27.4325, y 22.4525, z -275.969

Track #97, length 5
 10142886 (285) module  9, x 1.8275, y 10.0225, z -132.281
  8050496 (231) module  7, x 2.8725, y 15.605, z -202.031
  5954844 (180) module  5, x 3.2025, y 17.585, z -227.031
  3939576 (121) module  3, x 3.5325, y 19.4825, z -250.969
  1840851 (60) module  1, x 3.8625, y  21.49, z -275.969

Track #98, length 6
 10145244 (286) module  9, x 2.3225, y 7.0525, z -132.281
  8054161 (233) module  7, x 3.6425, y  11.15, z -202.031
  5959287 (183) module  5, x 4.1375, y 12.6075, z -227.031
  3864156 (124) module  3, x 4.5775, y 14.0925, z -252.031
  1769282 (63) module  1, x 5.0725, y 15.5225, z -277.031
    98556 (11) module  0, x  5.265, y 16.1575, z -287.969

Track #99, length 5
  9090302 (238) module  8, x -0.947498, y -5.1825, z -144.281
  6998909 (184) module  6, x  -2.24, y -12.25, z -214.031
  4904016 (126) module  4, x -2.7075, y -14.7525, z -239.031
  2809122 (65) module  2, x -3.2025, y -17.255, z -264.031
   793333 (0) module  0, x -3.6425, y -19.6475, z -287.969

Track #100, length 5
  9060782 (241) module  8, x 5.3775, y -9.5825, z -144.281
  6947132 (193) module  6, x 8.8975, y -15.825, z -214.031
  4844564 (141) module  4, x 10.135, y -18.0525, z -239.031
  2959595 (85) module  2, x 11.345, y -20.1975, z -262.969
   868290 (24) module  0, x  12.61, y -22.4525, z -287.969

Track #101, length 4
  9044658 (245) module  8, x 8.82417, y -9.32583, z -144.281
  7197134 (197) module  6, x 20.6308, y -21.7742, z -212.969
  5119099 (147) module  4, x 24.875, y -26.3575, z -237.969
  3041832 (89) module  2, x 29.1375, y -30.9225, z -262.969

Track #102, length 4
  7346801 (213) module  7, x -12.9375, y 3.6425, z -200.969
  5245498 (158) module  5, x -15.9625, y 4.5225, z -225.969
  3754746 (99) module  3, x -19.0725, y 5.4025, z -252.031
  1644011 (32) module  1, x -21.9875, y    6.2, z -277.031

Track #103, length 4
  7361451 (215) module  7, x  -9.72, y 0.5075, z -200.969
  5263472 (161) module  5, x -12.965, y 0.6725, z -225.969
  3165494 (102) module  3, x -16.1825, y 0.8375, z -250.969
  1493238 (36) module  1, x -19.565, y 1.0475, z -277.031

Track #104, length 4
  7995041 (216) module  7, x -9.1175, y 10.2792, z -202.031
  5888118 (162) module  5, x -11.2625, y 12.635, z -227.031
  3781195 (104) module  3, x -13.3525, y     15, z -252.031
  1674017 (40) module  1, x -15.47, y 17.3375, z -277.031

Track #105, length 4
  7364052 (217) module  7, x -7.465, y -0.0425, z -200.969
  5266869 (163) module  5, x -9.1975, y -0.0425, z -225.969
  3169685 (106) module  3, x -10.93, y -0.0425, z -250.969
  1072502 (42) module  1, x -12.6625, y -0.0425, z -275.969

Track #106, length 4
  7356376 (218) module  7, x -7.2725, y 1.6075, z -200.969
  5257401 (164) module  5, x -8.9775, y 1.9925, z -225.969
  3158682 (107) module  3, x -10.655, y 2.3225, z -250.969
  1059708 (43) module  1, x -12.3325, y 2.7075, z -275.969

Track #107, length 4
  7423707 (219) module  7, x -7.08917, y -12.9858, z -200.969
  5335751 (165) module  5, x -8.2075, y -14.9475, z -225.969
  3247794 (108) module  3, x -9.335, y -16.9275, z -250.969
  1159581 (44) module  1, x -10.4808, y -18.8892, z -275.969

Track #108, length 4
  7437279 (221) module  7, x -6.8875, y -15.8825, z -200.969
  5349839 (166) module  5, x -7.7675, y    -18, z -225.969
  3262654 (111) module  3, x -8.7025, y -20.1175, z -250.969
  1175214 (48) module  1, x -9.5825, y -22.2075, z -275.969

Track #109, length 4
  8008432 (222) module  7, x -6.175, y 5.9525, z -202.031
  5904855 (167) module  5, x -7.5775, y    7.3, z -227.031
  3801279 (109) module  3, x  -8.98, y 8.6475, z -252.031
  1697702 (45) module  1, x -10.4375, y 10.0225, z -277.031

Track #110, length 4
  7384302 (223) module  7, x -6.0625, y -4.3875, z -200.969
  5291733 (168) module  5, x -7.4375, y -5.3775, z -225.969
  3199164 (110) module  3, x -8.8125, y -6.3675, z -250.969
  1106595 (46) module  1, x -10.1875, y -7.385, z -275.969

Track #111, length 4
  8016611 (224) module  7, x -4.415, y 6.6675, z -202.031
  5914823 (172) module  5, x -5.4325, y 8.2075, z -227.031
  3813035 (113) module  3, x -6.4225, y 9.7475, z -252.031
  1710992 (49) module  1, x -7.4675, y 11.2325, z -277.031

Track #112, length 4
  8022146 (226) module  7, x -3.2325, y 11.975, z -202.031
  5921360 (175) module  5, x -4.0025, y 14.725, z -227.031
  3820831 (117) module  3, x -4.7175, y 17.4475, z -252.031
  1884141 (54) module  1, x -5.4325, y 20.0875, z -275.969

Track #113, length 4
  8038378 (229) module  7, x 0.232498, y 6.2825, z -202.031
  5941467 (178) module  5, x 0.287498, y 7.1075, z -227.031
  3844299 (119) module  3, x 0.314999, y 7.9875, z -252.031
  1747388 (58) module  1, x 0.342499, y 8.8125, z -277.031

Track #114, length 4
  8049332 (230) module  7, x 2.5975, y 9.2525, z -202.031
  5954957 (179) module  5, x 3.2025, y 11.3975, z -227.031
  3860582 (122) module  3, x 3.8075, y 13.5425, z -252.031
  1766207 (61) module  1, x 4.4125, y  15.66, z -277.031

Track #115, length 4
  8052160 (232) module  7, x 3.2025, y 8.5925, z -202.031
  5958300 (182) module  5, x 3.9175, y 10.545, z -227.031
  3864441 (125) module  3, x   4.66, y 12.4975, z -252.031
    94453 (12) module  0, x 5.6775, y 15.2775, z -287.969

Track #116, length 4
  6988267 (185) module  6, x 0.0974998, y -6.2275, z -214.031
  4891099 (128) module  4, x 0.0974998, y -7.1075, z -239.031
  2793931 (67) module  2, x 0.0974998, y -7.9875, z -264.031
   696763 (2) module  0, x 0.0974998, y -8.8675, z -289.031

Track #117, length 4
  6987757 (186) module  6, x 0.2075, y -6.1175, z -214.031
  4890325 (130) module  4, x 0.262501, y  -7.41, z -239.031
  2792894 (69) module  2, x 0.317501, y -8.7025, z -264.031
   695463 (4) module  0, x 0.372501, y -9.9675, z -289.031

Track #118, length 4
  6979049 (187) module  6, x   2.05, y -6.3375, z -214.031
  4879304 (133) module  4, x 2.6275, y -8.1525, z -239.031
  2779560 (74) module  2, x 3.1775, y -9.9125, z -264.031
   679559 (10) module  0, x  3.755, y -11.7275, z -289.031

Track #119, length 4
  6966947 (188) module  6, x 4.6625, y -10.16, z -214.031
  4863600 (137) module  4, x  5.955, y -12.9925, z -239.031
  2760252 (81) module  2, x 7.3025, y -15.8525, z -264.031
   656647 (22) module  0, x   8.65, y -18.7675, z -289.031

Track #120, length 4
  6331898 (189) module  6, x 5.4025, y   3.59, z -212.969
  4236782 (138) module  4, x 6.0625, y 4.0025, z -237.969
  2141666 (79) module  2, x 6.7225, y 4.4425, z -262.969
    46550 (18) module  0, x 7.3825, y 4.8825, z -287.969

Track #121, length 4
  6373851 (191) module  6, x 7.1075, y 12.6925, z -212.969
  4283851 (140) module  4, x 7.9875, y  14.26, z -237.969
  2194107 (82) module  2, x 8.8675, y 15.8275, z -262.969
   104363 (23) module  0, x 9.7475, y 17.4225, z -287.969

Track #122, length 4
  6354110 (192) module  6, x  8.675, y 8.3475, z -212.969
  4264605 (142) module  4, x  10.49, y 10.1075, z -237.969
  2175357 (86) module  2, x 12.2775, y  11.84, z -262.969
    86364 (25) module  0, x 14.0925, y 13.5725, z -287.969

Track #123, length 4
  6401449 (195) module  6, x 9.8575, y 18.6325, z -212.969
  4322179 (144) module  4, x  11.92, y  22.51, z -237.969
  2242654 (87) module  2, x 13.9825, y 26.415, z -262.969
   163384 (26) module  0, x 16.045, y 30.265, z -287.969

Track #124, length 3
 53564193 (1286) module 51, x -17.3375, y -13.6825, z 751.531
 51452019 (1228) module 49, x -12.8092, y -10.4558, z 706.531
 49340613 (1174) module 47, x  -8.29, y -7.275, z 661.531

Track #125, length 3
 53506546 (1307) module 51, x -5.8425, y -1.1425, z 751.531
 51408632 (1245) module 49, x -5.5125, y -1.005, z 706.531
 49311229 (1185) module 47, x -5.2375, y -0.9225, z 661.531

Track #126, length 3
 54182266 (1313) module 51, x 1.6625, y 12.4425, z 750.469
 52081318 (1249) module 49, x 0.837498, y 10.0225, z 705.469
 49980627 (1189) module 47, x 0.0675011, y 7.5475, z 660.469

Track #127, length 3
 53136571 (1253) module 50, x -2.2675, y -8.8675, z 738.469
 51042012 (1193) module 48, x -2.8175, y -7.0525, z 693.469
 48947196 (1130) module 46, x -3.3125, y -5.2925, z 648.469

Track #128, length 3
 53129947 (1254) module 50, x -0.837498, y -7.1075, z 738.469
 51033056 (1194) module 48, x -0.892498, y -6.8325, z 693.469
 48935909 (1133) module 46, x -0.892498, y -6.5575, z 648.469

Track #129, length 3
 53128658 (1255) module 50, x -0.5625, y -7.6025, z 738.469
 51032027 (1195) module 48, x -0.700001, y -7.1075, z 693.469
 48935651 (1134) module 46, x -0.837498, y -6.6675, z 648.469

Track #130, length 3
 53120685 (1258) module 50, x 1.1425, y -9.6375, z 738.469
 51031762 (1196) module 48, x -0.6175, y -7.6025, z 693.469
 48942840 (1132) module 46, x -2.3775, y -5.5125, z 648.469

Track #131, length 3
 47249497 (1106) module 45, x -14.2575, y -8.5675, z 616.531
 45146495 (1058) module 43, x -12.14, y -7.3025, z 497.982
 43043483 (1011) module 41, x -10.6275, y -6.0375, z 402.473

Track #132, length 3
 32691565 (782) module 31, x -13.1575, y -35.05, z 188.531
 30568848 (738) module 29, x -11.2325, y -29.55, z 163.531
 28446131 (694) module 27, x  -9.28, y -24.0225, z 138.531

Track #133, length 3
 28749248 (688) module 27, x -22.535, y -0.4375, z 137.469
 26239752 (651) module 25, x -18.7125, y -0.3725, z 113.531
 24141904 (617) module 23, x -14.7525, y -0.235, z 88.531

Track #134, length 3
 27892350 (680) module 26, x 14.6725, y -12.2225, z 125.469
 25805206 (639) module 24, x 12.5275, y -10.9025, z 100.469
 23718317 (597) module 22, x 10.3092, y -9.60083, z 75.469

Track #135, length 3
 26755709 (647) module 25, x -33.7025, y  12.25, z 112.469
 24684968 (611) module 23, x -28.01, y 9.9125, z 87.469
 22613713 (575) module 21, x -22.345, y 7.6575, z 62.469

Track #136, length 3
 26932662 (667) module 25, x 4.5225, y 9.1425, z 112.469
 24831698 (631) module 23, x  3.725, y  7.575, z 87.469
 22731246 (591) module 21, x 2.9825, y  6.035, z 62.469

Track #137, length 3
 24693676 (613) module 23, x -26.14, y 9.6925, z 87.469
 22620108 (576) module 21, x -20.9975, y  7.905, z 62.469
 20547054 (539) module 19, x -15.8275, y 6.0625, z 37.469

Track #138, length 3
 24141904 (617) module 23, x -14.7525, y -0.235, z 88.531
 22044823 (579) module 21, x -10.82, y -0.2075, z 63.531
 19947486 (542) module 19, x -6.9425, y -0.1525, z 38.531

Track #139, length 3
 17621097 (469) module 16, x 7.2475, y -27.32, z  1.531
 15514862 (424) module 14, x 5.2675, y -20.005, z -23.469
 13265019 (361) module 12, x 3.2325, y -12.36, z -49.531

Track #140, length 3
 16128361 (445) module 15, x -27.32, y -8.5775, z -12.531
 13682944 (395) module 13, x -19.125, y -5.9825, z -36.469
 11573402 (332) module 11, x -10.6458, y -3.32417, z -61.469

Track #141, length 3
 15255852 (441) module 14, x 26.2775, y -16.705, z -24.531
 13202844 (384) module 12, x  16.68, y -10.5725, z -49.531
 10487251 (310) module 10, x 7.52917, y -4.76083, z -73.469

Track #142, length 3
 13740688 (400) module 13, x -11.2325, y -18.495, z -36.469
 11612377 (335) module 11, x -7.2175, y -11.7575, z -61.469
 10154194 (290) module  9, x 4.2475, y  7.575, z -132.281

Track #143, length 3
 14301423 (407) module 13, x -5.83583, y 5.98917, z -37.531
 12177538 (329) module 11, x -11.6658, y 11.9842, z -62.531
 10373971 (261) module  9, x -27.46, y  28.53, z -131.219

Track #144, length 3
 10101213 (276) module  9, x -7.1375, y   6.97, z -132.281
  8183204 (220) module  7, x -7.0825, y 24.075, z -200.969
  6085427 (169) module  5, x -6.9725, y  30.29, z -225.969

Track #145, length 3
 10131372 (284) module  9, x -0.647499, y  9.665, z -132.281
  8158583 (227) module  7, x -1.8025, y  26.55, z -200.969
  6063112 (176) module  5, x -2.215, y 32.6825, z -225.969

Track #146, length 3
  8464276 (247) module  8, x 10.985, y 11.2625, z -143.219
  6605179 (199) module  6, x 26.3392, y 27.2408, z -214.031
  4481815 (149) module  4, x 31.8208, y 32.8692, z -239.031

Track #147, length 3
  8167927 (225) module  7, x -3.7825, y  19.51, z -200.969
  6076545 (174) module  5, x -5.0475, y     26, z -225.969
  3985163 (114) module  3, x -6.3125, y  32.49, z -250.969

Track #148, length 3
  5823742 (151) module  5, x -25.2325, y 5.1825, z -227.031
  3710961 (94) module  3, x -28.5692, y 5.87917, z -252.031
  1598181 (28) module  1, x -31.915, y 6.5575, z -277.031

Track #149, length 3
  5860691 (156) module  5, x -17.1475, y 14.5875, z -227.031
  3754292 (98) module  3, x  -19.1, y 16.265, z -252.031
  1648406 (34) module  1, x -20.9975, y 17.9425, z -277.031

Track #150, length 3
  5913342 (171) module  5, x -5.7625, y 5.1825, z -227.031
  3812594 (112) module  3, x -6.5325, y 5.8425, z -252.031
  1711846 (50) module  1, x -7.3025, y 6.5025, z -277.031

Track #151, length 3
  5287165 (173) module  5, x -5.2375, y -4.3875, z -225.969
  3192306 (115) module  3, x -5.8425, y -4.8825, z -250.969
  1097446 (52) module  1, x -6.5025, y -5.3775, z -275.969

Track #152, length 3
  5955315 (181) module  5, x 3.2575, y 5.7875, z -227.031
  3860959 (123) module  3, x 3.8625, y 6.8875, z -252.031
  1766604 (62) module  1, x 4.4675, y 7.9325, z -277.031

Track #153, length 3
  4896756 (127) module  4, x -1.1125, y -5.7325, z -239.031
  2800354 (66) module  2, x -1.2775, y -6.7225, z -264.031
   704208 (1) module  0, x -1.4975, y -7.685, z -289.031

Track #154, length 3
  4890351 (129) module  4, x 0.262501, y -6.0075, z -239.031
  2792924 (68) module  2, x 0.317501, y -7.025, z -264.031
   695498 (3) module  0, x 0.345001, y -8.0425, z -289.031

Track #155, length 3
  4885497 (131) module  4, x 1.3075, y -5.4575, z -239.031
  2787823 (70) module  2, x 1.4175, y -6.0075, z -264.031
   689892 (5) module  0, x 1.5825, y -6.6125, z -289.031

Track #156, length 3
  4884220 (132) module  4, x 1.5825, y -5.2925, z -239.031
  2785255 (72) module  2, x   1.94, y -6.4475, z -264.031
   686545 (6) module  0, x 2.2975, y  -7.63, z -289.031

Track #157, length 3
  4233467 (134) module  4, x 5.3475, y 3.2875, z -237.969
  2139114 (77) module  2, x  6.255, y 3.8925, z -262.969
    44506 (17) module  0, x 7.1625, y 4.4425, z -287.969

Track #158, length 3
  4239608 (135) module  4, x 5.5125, y  4.635, z -237.969
  2146279 (78) module  2, x 6.4475, y 5.4325, z -262.969
    52694 (19) module  0, x 7.3825, y   6.23, z -287.969

Track #159, length 3
  4292593 (136) module  4, x   5.87, y 16.1025, z -237.969
  2208223 (80) module  2, x 6.8875, y 18.8525, z -262.969
   124109 (21) module  0, x 7.8775, y 21.6575, z -287.969

