Track #0, length 9
 54054279 (1013) module 51, x -26.03, y 11.7275, z 750.469
 51965846 (972) module 49, x -24.1875, y 10.9025, z 705.469
 49876644 (932) module 47, x -22.3358, y 10.1142, z 660.469
 47788211 (891) module 45, x -20.5025, y 9.3075, z 615.469
 45713112 (851) module 43, x -15.7725, y 7.2725, z 496.921
 43633398 (807) module 41, x -12.0325, y 5.6225, z 401.411
 40898487 (759) module 39, x -9.0875, y 4.2475, z 325.525
 38806497 (712) module 37, x -6.7775, y 3.1475, z 263.531
 36711153 (660) module 35, x -5.86083, y 2.74417, z 238.531

Track #1, length 13
 53819314 (1014) module 51, x -23.3325, y -21.1175, z 750.469
 51727818 (973) module 49, x -22.0125, y -19.88, z 705.469
 49636578 (933) module 47, x -20.6925, y -18.6425, z 660.469
 47545083 (892) module 45, x -19.3175, y -17.4325, z 615.469
 45178428 (850) module 43, x -15.8525, y -14.2875, z 497.982
 43069295 (805) module 41, x -13.0475, y -11.7025, z 402.473
 40962456 (754) module 39, x -10.765, y -9.6125, z 325.525
 38857914 (707) module 37, x -8.9225, y -7.9075, z 263.531
 36757704 (655) module 35, x -8.1525, y -7.2475, z 238.531
 34657494 (600) module 33, x -7.3825, y -6.5875, z 213.531
 32557283 (540) module 31, x -6.6675, y -5.9275, z 188.531
 30457073 (483) module 29, x -5.8975, y -5.2675, z 163.531
 28356862 (432) module 27, x -5.1825, y -4.6075, z 138.531

Track #2, length 14
 53768686 (1017) module 51, x -20.0325, y -32.1175, z 750.469
 51543812 (976) module 49, x -18.9325, y -30.2925, z 706.531
 49437977 (935) module 47, x -17.7775, y -28.45, z 661.531
 47332398 (894) module 45, x -16.6225, y -26.6075, z 616.531
 45213285 (852) module 43, x -13.5975, y -21.7675, z 497.982
 43097745 (808) module 41, x -11.1775, y -17.835, z 402.473
 40986037 (758) module 39, x -9.1975, y -14.6725, z 325.525
 38877138 (711) module 37, x -7.6025, y -12.1425, z 263.531
 36775133 (659) module 35, x -6.9975, y -11.0975, z 238.531
 34673129 (604) module 33, x -6.3375, y -10.08, z 213.531
 32571636 (546) module 31, x -5.705, y  -9.09, z 188.531
 30079444 (440) module 28, x -4.7425, y -7.4925, z 150.469
 27979238 (393) module 26, x -4.0825, y -6.475, z 125.469
 25879033 (349) module 24, x -3.4225, y -5.4575, z 100.469

Track #3, length 9
 53539360 (1018) module 51, x -17.3925, y -8.2375, z 751.531
 51439923 (978) module 49, x -16.3475, y -7.7425, z 706.531
 49340486 (938) module 47, x -15.3025, y -7.2475, z 661.531
 47241049 (897) module 45, x -14.2575, y -6.7525, z 616.531
 45138059 (855) module 43, x -11.48, y -5.4875, z 497.982
 43036083 (809) module 41, x  -9.28, y -4.4425, z 402.473
 40935123 (762) module 39, x  -7.52, y -3.6175, z 325.525
 38834669 (713) module 37, x  -6.09, y -2.9025, z 263.531
 36736248 (662) module 35, x -5.5125, y -2.655, z 238.531

Track #4, length 14
 53654335 (1019) module 51, x -15.6875, y -33.1525, z 751.531
 51548239 (979) module 49, x -14.8075, y -31.255, z 706.531
 49442399 (939) module 47, x -13.9275, y -29.3575, z 661.531
 47336303 (898) module 45, x -13.0475, y -27.4325, z 616.531
 45216409 (857) module 43, x -10.71, y -22.4275, z 497.982
 43100348 (811) module 41, x -8.8125, y -18.3575, z 402.473
 40988120 (763) module 39, x -7.2725, y -15.1125, z 325.525
 38878702 (714) module 37, x -6.02583, y -12.5092, z 263.531
 36776696 (661) module 35, x -5.5125, y -11.4275, z 238.531
 34273705 (554) module 32, x -4.76083, y -9.83917, z 200.469
 32174268 (494) module 30, x -4.2475, y -8.785, z 175.469
 30074832 (442) module 28, x -3.7525, y -7.7125, z 150.469
 27975395 (395) module 26, x -3.2575, y -6.6675, z 125.469
 25875702 (351) module 24, x -2.735, y -5.6225, z 100.469

Track #5, length 7
 53554047 (1021) module 51, x -12.1675, y -11.4825, z 751.531
 51453835 (981) module 49, x -11.48, y -10.8225, z 706.531
 49353624 (941) module 47, x -10.7925, y -10.1625, z 661.531
 47253412 (900) module 45, x -10.105, y -9.5025, z 616.531
 45148613 (859) module 43, x -8.3175, y -7.7425, z 497.982
 43044832 (814) module 41, x -6.8325, y -6.3125, z 402.473
 40942581 (767) module 39, x  -5.65, y -5.2125, z 325.525

Track #6, length 6
 53530011 (1023) module 51, x -10.6275, y -6.2025, z 751.531
 51430823 (982) module 49, x -9.9675, y  -5.79, z 706.531
 49331891 (942) module 47, x -9.3075, y -5.3775, z 661.531
 47232960 (901) module 45, x -8.5925, y -4.9925, z 616.531
 45130722 (860) module 43, x -6.7225, y -3.8925, z 497.982
 43029502 (815) module 41, x -5.1825, y -3.0125, z 402.473

Track #7, length 5
 54129104 (1026) module 51, x  -9.86, y 7.7125, z 750.469
 52035033 (983) module 49, x -9.2275, y 7.2175, z 705.469
 49940450 (943) module 47, x -8.5675, y 6.7225, z 660.469
 47846123 (902) module 45, x -7.9625, y 6.2275, z 615.469
 45089514 (861) module 43, x -6.2825, y  4.935, z 497.982

Track #8, length 5
 53481679 (1027) module 51, x -7.7675, y  4.165, z 751.531
 51385815 (984) module 49, x -7.3275, y 3.9175, z 706.531
 49289695 (944) module 47, x -6.8875, y 3.6975, z 661.531
 47193575 (903) module 45, x  -6.42, y 3.4775, z 616.531
 45099261 (862) module 43, x -5.2375, y  2.845, z 497.982

Track #9, length 4
 53507028 (1028) module 51, x -7.465, y  -1.28, z 751.531
 51409629 (985) module 49, x -6.9975, y -1.1975, z 706.531
 49312229 (945) module 47, x -6.5575, y -1.1425, z 661.531
 47214573 (904) module 45, x -6.1175, y  -1.06, z 616.531

Track #10, length 5
 54151630 (1030) module 51, x -4.9375, y 7.8225, z 750.469
 52055766 (987) module 49, x -4.6625, y 7.3825, z 705.469
 49959902 (947) module 47, x -4.3875, y 6.9425, z 660.469
 47864038 (905) module 45, x -4.1125, y  6.475, z 615.469
 45770492 (863) module 43, x -3.3425, y 5.2925, z 496.921

Track #11, length 5
 54156740 (1031) module 51, x -3.8375, y  8.345, z 750.469
 52060621 (988) module 49, x  -3.59, y 7.8775, z 705.469
 49964502 (948) module 47, x  -3.37, y 7.3825, z 660.469
 47868383 (906) module 45, x  -3.15, y 6.8875, z 615.469
 45774070 (864) module 43, x -2.5725, y 5.6225, z 496.921

Track #12, length 12
 54303147 (1032) module 51, x -3.3425, y 23.7175, z 751.531
 52204997 (989) module 49, x -3.1225, y 22.2875, z 706.531
 50106847 (949) module 47, x -2.9025, y 20.8575, z 661.531
 48008696 (907) module 45, x -2.70083, y 19.4458, z 616.531
 45775935 (865) module 43, x -2.1325, y 15.6875, z 496.921
 43680886 (816) module 41, x -1.6925, y 12.6625, z 401.411
 41585314 (770) module 39, x -1.3625, y 10.2425, z 324.463
 39489478 (719) module 37, x -1.0875, y 8.2625, z 262.469
 37392852 (665) module 35, x -0.977501, y 7.4925, z 237.469
 35296226 (607) module 33, x -0.8675, y 6.7225, z 212.469
 33199601 (548) module 31, x -0.7575, y 5.8975, z 187.469
 31102975 (489) module 29, x -0.647499, y 5.1275, z 162.469

Track #13, length 11
 54186506 (1034) module 51, x 2.5975, y 18.6025, z 750.469
 52088606 (990) module 49, x 2.4325, y 17.5025, z 705.469
 49990705 (950) module 47, x  2.295, y 16.4575, z 660.469
 47893060 (908) module 45, x 2.1575, y 15.385, z 615.469
 45794168 (866) module 43, x 1.7725, y 12.5525, z 496.921
 43695521 (818) module 41, x 1.4425, y 10.2975, z 401.411
 41597122 (772) module 39, x 1.1675, y 8.4825, z 324.463
 39499229 (721) module 37, x 1.0025, y 6.9975, z 262.469
 37401576 (667) module 35, x 0.892498, y 6.3925, z 237.469
 35303922 (609) module 33, x 0.809998, y  5.815, z 212.469
 33206525 (550) module 31, x 0.727501, y 5.2375, z 187.469

Track #14, length 4
 54193624 (1035) module 51, x 4.0825, y 7.2725, z 750.469
 52095200 (991) module 49, x 3.8075, y 6.8325, z 705.469
 49997031 (951) module 47, x 3.5875, y   6.42, z 660.469
 47898607 (909) module 45, x   3.34, y   5.98, z 615.469

Track #15, length 4
 54195424 (1036) module 51, x 4.4675, y  6.805, z 750.469
 52096744 (992) module 49, x  4.165, y 6.3925, z 705.469
 49998320 (952) module 47, x   3.89, y 5.9525, z 660.469
 47900151 (910) module 45, x 3.6425, y 5.5675, z 615.469

Track #16, length 12
 54266569 (1037) module 51, x 4.5225, y 22.0675, z 751.531
 52170464 (993) module 49, x  4.275, y 20.8025, z 706.531
 50074614 (953) module 47, x 4.0275, y 19.565, z 661.531
 47900688 (911) module 45, x 3.8075, y 18.2725, z 615.469
 45800268 (867) module 43, x   3.12, y 14.9725, z 496.921
 43700861 (820) module 41, x 2.5975, y 12.2775, z 401.411
 41601444 (773) module 39, x   2.13, y 10.1325, z 324.463
 39502788 (722) module 37, x 1.7725, y 8.3725, z 262.469
 37404881 (668) module 35, x 1.6075, y 7.6575, z 237.469
 35307229 (611) module 33, x 1.4975, y   6.97, z 212.469
 33209322 (551) module 31, x 1.3325, y 6.2825, z 187.469
 31111415 (491) module 29, x 1.1675, y 5.5675, z 162.469

Track #17, length 9
 53137470 (995) module 50, x -2.4875, y -15.7425, z 738.469
 51039566 (955) module 48, x -2.35917, y -14.8442, z 693.469
 48941919 (913) module 46, x -2.2125, y -13.9275, z 648.469
 46844016 (869) module 44, x -2.0475, y -12.9925, z 603.469
 44745116 (821) module 42, x -1.6625, y -10.5725, z 484.921
 42646464 (775) module 40, x -1.3325, y -8.5925, z 389.411
 40548061 (725) module 38, x -1.0575, y -6.9975, z 312.463
 38450164 (673) module 36, x -0.892498, y -5.7325, z 250.469
 36352509 (618) module 34, x -0.782501, y -5.2375, z 225.469

Track #18, length 14
 53244220 (996) module 50, x 1.1425, y -29.8225, z 739.531
 51146587 (956) module 48, x   1.06, y -28.1175, z 694.531
 49049211 (914) module 46, x 0.9775, y -26.3575, z 649.531
 46951834 (870) module 44, x 0.9225, y -24.6525, z 604.531
 44853997 (822) module 42, x 0.7575, y -20.0875, z 485.982
 42637363 (776) module 40, x 0.592499, y -16.3475, z 389.411
 40540777 (726) module 38, x 0.482502, y -13.3775, z 312.463
 38444180 (674) module 36, x 0.372501, y -10.985, z 250.469
 36347046 (619) module 34, x 0.372501, y -10.0225, z 225.469
 34250168 (559) module 32, x 0.317501, y -9.0325, z 200.469
 32153289 (500) module 30, x 0.262501, y  -8.07, z 175.469
 30056155 (447) module 28, x 0.262501, y -7.1075, z 150.469
 27959277 (399) module 26, x 0.2075, y -6.1175, z 125.469
 25862142 (354) module 24, x   0.18, y -5.155, z 100.469

Track #19, length 8
 53105974 (997) module 50, x 4.2775, y -16.1825, z 738.469
 51010120 (957) module 48, x 4.0025, y -15.1925, z 693.469
 48914010 (915) module 46, x  3.755, y -14.2025, z 648.469
 46818156 (871) module 44, x 3.5075, y -13.2125, z 603.469
 44724123 (823) module 42, x 2.8475, y -10.6275, z 484.921
 42629569 (777) module 40, x 2.2975, y -8.5375, z 389.411
 40534239 (727) module 38, x  1.885, y -6.8875, z 312.463
 38438903 (675) module 36, x 1.5275, y -5.5675, z 250.469

Track #20, length 5
 53102666 (998) module 50, x 4.9925, y -15.0825, z 738.469
 51006556 (958) module 48, x  4.745, y -14.0925, z 693.469
 48909935 (916) module 46, x 4.6625, y -13.0475, z 648.469
 46813311 (872) module 44, x 4.5525, y -12.1675, z 603.469
 44717231 (824) module 42, x 4.3325, y -9.5275, z 484.921

Track #21, length 5
 53093447 (1000) module 50, x  6.945, y -15.2475, z 738.469
 50998617 (959) module 48, x 6.4775, y -14.2575, z 693.469
 48903532 (917) module 46, x 6.0375, y -13.2125, z 648.469
 46808702 (873) module 44, x 5.5425, y -12.2225, z 603.469
 44717231 (824) module 42, x 4.3325, y -9.5275, z 484.921

Track #22, length 6
 53087636 (1001) module 50, x   8.21, y -11.0125, z 738.469
 50992800 (960) module 48, x 7.7425, y -10.3525, z 693.469
 48897963 (918) module 46, x 7.2475, y -9.7475, z 648.469
 46802871 (875) module 44, x   6.78, y -9.0875, z 603.469
 44711638 (826) module 42, x  5.515, y -7.3825, z 484.921
 42619375 (778) module 40, x 4.4975, y -6.0075, z 389.411

Track #23, length 5
 52470466 (1002) module 50, x 8.4825, y 3.8375, z 739.531
 50372300 (961) module 48, x  7.905, y 3.6175, z 694.531
 48273879 (919) module 46, x 7.3275, y 3.3425, z 649.531
 46175457 (874) module 44, x 6.7775, y 3.0675, z 604.531
 44075260 (825) module 42, x 5.2925, y 2.4075, z 485.982

Track #24, length 7
 52495978 (1003) module 50, x 13.3225, y  9.475, z 739.531
 50396792 (962) module 48, x 12.525, y 8.8975, z 694.531
 48296839 (920) module 46, x 11.7275, y 8.2925, z 649.531
 46197142 (876) module 44, x 10.9025, y 7.7425, z 604.531
 44092861 (828) module 42, x 8.7575, y 6.2025, z 485.982
 41990109 (780) module 40, x 6.9975, y 4.9925, z 390.473
 39888374 (728) module 38, x 5.6225, y   4.03, z 313.525

Track #25, length 5
 52550942 (1004) module 50, x 17.5025, y 21.2725, z 739.531
 50463239 (966) module 48, x 18.7675, y 23.4175, z 694.531
 48555758 (925) module 46, x 20.005, y 25.6825, z 648.469
 46448345 (883) module 44, x 21.1875, y 27.8825, z 603.469
 44324003 (837) module 42, x 24.1575, y 33.685, z 484.921

Track #26, length 10
 52450561 (1005) module 50, x 19.0975, y  -0.37, z 739.531
 50353686 (963) module 48, x 17.9425, y -0.3425, z 694.531
 48256555 (921) module 46, x 16.7875, y -0.315, z 649.531
 46159679 (877) module 44, x 15.6875, y -0.2875, z 604.531
 44062838 (830) module 42, x 12.6625, y -0.2325, z 485.982
 41965985 (782) module 40, x  10.27, y -0.1775, z 390.473
 39869125 (730) module 38, x 8.3175, y -0.1225, z 313.525
 37772257 (678) module 36, x 6.7775, y -0.0675001, z 251.531
 35675372 (622) module 34, x 6.1725, y -0.0124998, z 226.531
 33578232 (561) module 32, x 5.5125, y -0.0124998, z 201.531

Track #27, length 11
 52885490 (1006) module 50, x 19.8125, y -3.6325, z 738.469
 50339337 (964) module 48, x 18.6575, y -3.4225, z 694.531
 48243230 (922) module 46, x 17.5025, y -3.2025, z 649.531
 46147123 (879) module 44, x  16.32, y -2.9825, z 604.531
 44052844 (831) module 42, x 13.2125, y -2.3775, z 485.982
 41958041 (783) module 40, x 10.7375, y -1.8825, z 390.473
 39862461 (732) module 38, x 8.72083, y -1.51583, z 313.525
 37766875 (679) module 36, x 7.1075, y -1.2225, z 251.531
 35670247 (623) module 34, x 6.4475, y -1.1125, z 226.531
 33573619 (563) module 32, x 5.7875, y -0.975, z 201.531
 31477247 (503) module 30, x 5.1275, y -0.8375, z 176.531

Track #28, length 11
 52861426 (1007) module 50, x 19.8125, y 1.5375, z 738.469
 50362632 (965) module 48, x 18.7125, y   1.61, z 694.531
 48265755 (924) module 46, x 17.6675, y  1.665, z 649.531
 46168878 (880) module 44, x 16.6225, y 1.6925, z 604.531
 44071779 (832) module 42, x 13.7075, y   1.72, z 485.982
 41974672 (785) module 40, x 11.205, y 1.6925, z 390.473
 39877046 (733) module 38, x  9.115, y 1.5825, z 313.525
 37779156 (681) module 36, x 7.4925, y 1.4175, z 251.531
 35681504 (625) module 34, x 6.8325, y 1.3075, z 226.531
 33584108 (564) module 32, x 6.1725, y 1.2525, z 201.531
 31486456 (506) module 30, x 5.5125, y 1.1425, z 176.531

Track #29, length 8
 53031955 (1008) module 50, x 20.2825, y -18.08, z 738.469
 50940969 (967) module 48, x 18.9258, y -16.8792, z 693.469
 48850239 (923) module 46, x 17.5875, y -15.66, z 648.469
 46759509 (878) module 44, x 16.2125, y -14.45, z 603.469
 44679055 (829) module 42, x 12.6192, y -11.2692, z 484.921
 42595518 (781) module 40, x 9.7225, y -8.7025, z 389.411
 40508900 (729) module 38, x 7.3575, y -6.6125, z 312.463
 37749495 (676) module 36, x   5.54, y -4.9625, z 251.531

Track #30, length 10
 52734632 (1009) module 50, x 23.8825, y 28.9825, z 738.469
 50646982 (968) module 48, x 22.2325, y 26.9475, z 693.469
 48559076 (926) module 46, x 20.5825, y 24.9675, z 648.469
 46267651 (881) module 44, x 18.9875, y 23.0325, z 604.531
 44146258 (833) module 42, x 14.6425, y 17.8075, z 485.982
 42029457 (784) module 40, x 11.1775, y   13.6, z 390.473
 39916741 (731) module 38, x 8.3175, y 10.2175, z 313.525
 37807342 (677) module 36, x 6.0625, y 7.4675, z 251.531
 35705086 (621) module 34, x  5.155, y 6.3675, z 226.531
 35321844 (613) module 33, x 4.6325, y 5.7325, z 212.469

Track #31, length 11
 53355587 (1010) module 50, x 25.315, y -29.4375, z 739.531
 51251046 (969) module 48, x 23.6925, y -27.5125, z 694.531
 49146761 (927) module 46, x 22.0425, y -25.5875, z 649.531
 47041964 (882) module 44, x 20.3925, y -23.6625, z 604.531
 44663307 (834) module 42, x 15.9925, y -18.5475, z 484.921
 42582613 (786) module 40, x 12.4725, y -14.45, z 389.411
 40498578 (734) module 38, x 9.6675, y -11.1225, z 312.463
 38411714 (680) module 36, x 7.3575, y -8.4825, z 250.469
 36318677 (624) module 34, x 6.4775, y  -7.41, z 225.469
 34225897 (562) module 32, x 5.5425, y -6.3375, z 200.469
 32133116 (502) module 30, x 4.6075, y -5.2925, z 175.469

Track #32, length 11
 52805944 (1011) module 50, x 30.0425, y 13.5275, z 738.469
 50712925 (970) module 48, x 28.0075, y 12.6475, z 693.469
 48619906 (928) module 46, x 25.9725, y  11.74, z 648.469
 46527142 (884) module 44, x 23.9925, y 10.8325, z 603.469
 44103174 (835) module 42, x 18.8225, y 8.4575, z 485.982
 41997393 (787) module 40, x 14.6975, y  6.615, z 390.473
 39893390 (735) module 38, x 11.315, y 5.1025, z 313.525
 37790656 (682) module 36, x 8.5925, y 3.8925, z 251.531
 35691220 (626) module 34, x 7.4925, y 3.3975, z 226.531
 33591783 (565) module 32, x 6.4475, y 2.9025, z 201.531
 31492347 (505) module 30, x 5.3475, y 2.4075, z 176.531

Track #33, length 11
 53394328 (1012) module 50, x  33.62, y -24.7625, z 739.531
 51286967 (971) module 48, x 31.3925, y -23.0575, z 694.531
 49179349 (929) module 46, x 29.165, y -21.4075, z 649.531
 47071731 (885) module 44, x 26.8825, y -19.7575, z 604.531
 44640582 (836) module 42, x 20.8875, y -15.3025, z 484.921
 42566279 (788) module 40, x 15.9925, y -11.7275, z 389.411
 40487611 (736) module 38, x 12.0325, y -8.8675, z 312.463
 38404323 (683) module 36, x   8.98, y  -6.64, z 250.469
 36312820 (627) module 34, x  7.715, y -5.7325, z 225.469
 33555685 (566) module 32, x   6.53, y -4.8525, z 201.531
 31462652 (504) module 30, x 5.2925, y -3.9725, z 176.531

Track #34, length 6
 53553526 (1020) module 51, x -12.635, y  -11.4, z 751.531
 51453316 (980) module 49, x -11.8925, y -10.7125, z 706.531
 49353106 (940) module 47, x -11.1225, y -10.0525, z 661.531
 45148613 (859) module 43, x -8.3175, y -7.7425, z 497.982
 43044832 (814) module 41, x -6.8325, y -6.3125, z 402.473
 40942581 (767) module 39, x  -5.65, y -5.2125, z 325.525

Track #35, length 12
 51565871 (977) module 49, x -16.5675, y -35.05, z 706.531
 49457476 (937) module 47, x -15.4125, y -32.63, z 661.531
 47349081 (896) module 45, x -14.2575, y -30.21, z 616.531
 45222287 (856) module 43, x -11.2738, y -23.8162, z 497.982
 43102140 (812) module 41, x -8.8125, y -18.7425, z 402.473
 40985823 (765) module 39, x  -6.86, y -14.6175, z 325.525
 38873340 (716) module 37, x -5.2925, y -11.3175, z 263.531
 38469019 (670) module 36, x -4.9625, y -10.6275, z 250.469
 36369075 (615) module 34, x -4.3575, y  -9.28, z 225.469
 34268876 (556) module 32, x -3.725, y -7.9325, z 200.469
 32168932 (497) module 30, x -3.0925, y -6.6125, z 175.469
 30068732 (445) module 28, x  -2.46, y -5.2925, z 150.469

Track #36, length 5
 52099750 (994) module 49, x 4.7975, y  9.995, z 705.469
 50001075 (954) module 47, x 4.4675, y 9.3075, z 660.469
 47902400 (912) module 45, x 4.1375, y 8.5925, z 615.469
 45801185 (868) module 43, x 3.2575, y 6.7775, z 496.921
 43700731 (819) module 41, x   2.57, y 5.3475, z 401.411

Track #37, length 12
 49644567 (930) module 47, x -31.8575, y -16.8825, z 660.469
 47552830 (889) module 45, x -29.7125, y -15.7275, z 615.469
 45469862 (846) module 43, x -23.9925, y -12.7025, z 496.921
 43384058 (802) module 41, x -19.3725, y -10.255, z 401.411
 40956734 (751) module 39, x -15.7425, y -8.2925, z 325.525
 38852213 (704) module 37, x -12.7175, y -6.6975, z 263.531
 36752011 (651) module 35, x -11.5075, y -6.0375, z 238.531
 34651809 (596) module 33, x -10.2975, y -5.405, z 213.531
 32551863 (536) module 31, x -9.0875, y -4.7725, z 188.531
 30451660 (478) module 29, x -7.905, y -4.1125, z 163.531
 28351714 (430) module 27, x -6.7225, y -3.5075, z 138.531
 26251512 (387) module 25, x -5.5125, y -2.8475, z 113.531

Track #38, length 13
 49599267 (931) module 47, x -31.1975, y -26.7275, z 660.469
 47510345 (890) module 45, x -29.1075, y -24.9675, z 615.469
 45434282 (847) module 43, x -23.745, y -20.3475, z 496.921
 43354361 (800) module 41, x  -19.4, y -16.635, z 401.411
 40981306 (750) module 39, x -15.9625, y -13.6825, z 325.525
 38872941 (702) module 37, x -13.1575, y -11.2625, z 263.531
 36771202 (649) module 35, x -12.0025, y -10.2725, z 238.531
 34669462 (593) module 33, x -10.8842, y -9.31917, z 213.531
 32568491 (534) module 31, x -9.7475, y -8.3475, z 188.531
 30466751 (476) module 29, x  -8.62, y -7.3575, z 163.531
 28365268 (426) module 27, x -7.4925, y -6.4225, z 138.531
 26263528 (385) module 25, x -6.3925, y  -5.46, z 113.531
 24162044 (344) module 23, x -5.2925, y -4.4975, z 88.531

Track #39, length 8
 47606543 (888) module 45, x -32.2975, y -4.0675, z 615.469
 45513873 (845) module 43, x -25.1475, y -3.105, z 496.921
 43420154 (801) module 41, x -19.3725, y -2.4175, z 401.411
 40926800 (753) module 39, x -14.7525, y -1.8575, z 325.525
 38827668 (706) module 37, x -10.985, y -1.4175, z 263.531
 36729776 (653) module 35, x -9.4725, y -1.2525, z 238.531
 34631627 (599) module 33, x -7.9875, y  -1.06, z 213.531
 32533735 (542) module 31, x -6.4475, y -0.8675, z 188.531

Track #40, length 10
 47372434 (899) module 45, x -11.1225, y -35.1875, z 616.531
 45240765 (858) module 43, x -8.7575, y -27.7625, z 497.982
 43116511 (813) module 41, x  -6.86, y -21.8225, z 402.473
 40997115 (768) module 39, x -5.3475, y -17.0375, z 325.525
 40566581 (724) module 38, x -5.0725, y -16.2375, z 312.463
 38463867 (672) module 36, x -3.8625, y -12.3875, z 250.469
 36364439 (617) module 34, x -3.395, y -10.8475, z 225.469
 34265267 (558) module 32, x -2.9275, y  -9.28, z 200.469
 32165840 (499) module 30, x -2.4325, y -7.7125, z 175.469
 30066411 (446) module 28, x -1.9375, y -6.2275, z 150.469

Track #41, length 9
 47120050 (886) module 44, x 37.2775, y -23.3325, z 604.531
 44603410 (840) module 42, x 28.9725, y -18.1625, z 484.921
 42536541 (790) module 40, x 22.3725, y -14.01, z 389.411
 40464282 (737) module 38, x 17.0375, y -10.655, z 312.463
 38387404 (684) module 36, x 12.6925, y -7.9325, z 250.469
 36298207 (628) module 34, x 10.9692, y -6.85083, z 225.469
 34209267 (567) module 32, x 9.2275, y  -5.76, z 200.469
 31459027 (507) module 30, x 7.5475, y -4.715, z 176.531
 29367027 (449) module 28, x 5.7875, y -3.615, z 151.531

Track #42, length 9
 46034464 (843) module 43, x -29.385, y 31.3625, z 497.982
 43908762 (798) module 41, x -23.0875, y 24.6525, z 402.473
 41788156 (747) module 39, x -18.0275, y 19.2625, z 325.525
 39430223 (701) module 37, x -13.9025, y 14.8075, z 262.469
 37340783 (648) module 35, x -12.2525, y 13.0475, z 237.469
 35251343 (595) module 33, x -10.6025, y 11.2875, z 212.469
 33161391 (538) module 31, x  -8.98, y 9.5275, z 187.469
 31071950 (479) module 29, x -7.3025, y  7.795, z 162.469
 28982510 (431) module 27, x -5.6525, y  6.035, z 137.469

Track #43, length 13
 45364407 (848) module 43, x -23.0575, y -35.4725, z 496.921
 43149572 (803) module 41, x -18.9325, y -29.0825, z 402.473
 41028416 (752) module 39, x -15.605, y -23.9125, z 325.525
 38912114 (703) module 37, x -12.8825, y -19.705, z 263.531
 36807046 (650) module 35, x -11.7825, y    -18, z 238.531
 34701977 (594) module 33, x -10.7008, y -16.3042, z 213.531
 32597165 (535) module 31, x -9.6375, y -14.6175, z 188.531
 30492097 (477) module 29, x -8.5375, y -12.94, z 163.531
 28387284 (428) module 27, x -7.465, y -11.2625, z 138.531
 26282472 (386) module 25, x -6.3925, y  -9.64, z 113.531
 24178172 (343) module 23, x -5.2925, y  -7.99, z 88.531
 23787994 (313) module 22, x -4.7425, y -7.135, z 75.469
 21685752 (283) module 20, x -3.6425, y -5.485, z 50.469

Track #44, length 11
 45973520 (849) module 43, x -16.1575, y 32.2425, z 497.982
 43862145 (804) module 41, x -13.0775, y 26.0275, z 402.473
 41753054 (755) module 39, x -10.52, y 20.9125, z 325.525
 39455019 (708) module 37, x -8.4575, y 16.7875, z 262.469
 37361992 (657) module 35, x -7.5775, y 15.165, z 237.469
 35268710 (602) module 33, x -6.7525, y 13.5425, z 212.469
 33175428 (544) module 31, x -5.9275, y 11.8925, z 187.469
 31082145 (487) module 29, x -5.1025, y 10.2975, z 162.469
 28988862 (435) module 27, x -4.2775, y 8.7025, z 137.469
 26895323 (390) module 25, x  -3.48, y 7.1075, z 112.469
 24802040 (346) module 23, x -2.6825, y  5.485, z 87.469

Track #45, length 11
 44971876 (838) module 42, x  26.36, y -27.6225, z 485.982
 42853056 (789) module 40, x 21.5475, y -22.5625, z 390.473
 40461326 (738) module 38, x 17.6242, y -18.3642, z 312.463
 38378571 (685) module 36, x 14.535, y -15.0275, z 250.469
 36287588 (631) module 34, x 13.2425, y -13.6525, z 225.469
 34196092 (570) module 32, x 12.005, y -12.3325, z 200.469
 32105108 (510) module 30, x 10.7125, y -11.0125, z 175.469
 30013612 (452) module 28, x  9.475, y -9.6925, z 150.469
 27922116 (404) module 26, x 8.1825, y -8.3725, z 125.469
 25830876 (360) module 24, x   6.89, y -7.0525, z 100.469
 23739892 (317) module 22, x 5.5975, y -5.705, z 75.469

Track #46, length 10
 44497714 (841) module 42, x 30.3725, y -3.8525, z 484.921
 42397086 (791) module 40, x 24.4325, y -3.0825, z 389.411
 40297205 (739) module 38, x 19.6475, y -2.4775, z 312.463
 37762876 (687) module 36, x 15.8525, y  -2.02, z 251.531
 35666776 (632) module 34, x 14.3125, y -1.8275, z 226.531
 33570420 (571) module 32, x 12.745, y -1.635, z 201.531
 31474321 (511) module 30, x 11.1775, y -1.4425, z 176.531
 29377965 (453) module 28, x 9.6375, y  -1.25, z 151.531
 27281865 (403) module 26, x   8.07, y -1.0575, z 126.531
 25185510 (358) module 24, x 6.5025, y -0.865, z 101.531

Track #47, length 4
 43151290 (810) module 41, x -8.88583, y -29.4492, z 402.473
 41022176 (766) module 39, x -6.8325, y -22.4275, z 325.525
 38898687 (717) module 37, x -5.1275, y -16.7625, z 263.531
 38468161 (671) module 36, x -4.7975, y -15.5775, z 250.469

Track #48, length 11
 43529904 (794) module 41, x -34.335, y 9.4725, z 401.411
 41463757 (743) module 39, x -27.68, y 7.8775, z 324.463
 39390695 (695) module 37, x  -22.4, y 6.4475, z 262.469
 37303537 (642) module 35, x -20.2825, y 5.8975, z 237.469
 35216380 (587) module 33, x -18.1375, y 5.2925, z 212.469
 32507704 (528) module 31, x -16.0725, y 4.6875, z 188.531
 30413406 (472) module 29, x -13.9825, y  4.055, z 163.531
 28319108 (420) module 27, x -11.8925, y 3.4775, z 138.531
 26224810 (377) module 25, x -9.775, y 2.8725, z 113.531
 24130768 (338) module 23, x -7.7125, y 2.2125, z 88.531
 22036469 (305) module 21, x  -5.65, y 1.6075, z 63.531

Track #49, length 10
 43367720 (795) module 41, x -30.895, y -13.7475, z 401.411
 41282708 (744) module 39, x -24.955, y -11.1625, z 324.463
 39194859 (696) module 37, x -20.17, y -9.0725, z 262.469
 36762383 (643) module 35, x -18.3275, y -8.2925, z 238.531
 34661170 (588) module 33, x -16.375, y -7.4125, z 213.531
 32559958 (529) module 31, x -14.4225, y -6.5325, z 188.531
 30458488 (473) module 29, x -12.5158, y -5.61583, z 163.531
 28357532 (423) module 27, x -10.545, y -4.7725, z 138.531
 26256320 (380) module 25, x -8.5925, y -3.8925, z 113.531
 24155107 (340) module 23, x -6.6675, y -3.0125, z 88.531

Track #50, length 11
 43373404 (796) module 41, x -28.035, y -12.5375, z 401.411
 41286840 (745) module 39, x -23.0025, y -10.2825, z 324.463
 38860547 (698) module 37, x -18.9875, y -8.5125, z 263.531
 36759841 (645) module 35, x -17.3375, y  -7.77, z 238.531
 34659390 (589) module 33, x -15.715, y -7.0275, z 213.531
 32558939 (530) module 31, x -14.12, y -6.3125, z 188.531
 30458488 (473) module 29, x -12.5158, y -5.61583, z 163.531
 28358037 (422) module 27, x -10.9575, y -4.8825, z 138.531
 26257586 (378) module 25, x -9.3625, y -4.1675, z 113.531
 24157135 (337) module 23, x -7.7675, y -3.4525, z 88.531
 22056684 (303) module 21, x -6.1725, y -2.7375, z 63.531

Track #51, length 11
 43182963 (806) module 41, x -12.8275, y -36.2325, z 402.473
 41054113 (756) module 39, x -10.2975, y -29.4125, z 325.525
 38931140 (709) module 37, x -8.3725, y -23.885, z 263.531
 36824274 (656) module 35, x -7.6025, y -21.6575, z 238.531
 34716641 (601) module 33, x -6.7775, y -19.43, z 213.531
 32609263 (543) module 31, x -6.0075, y -17.2025, z 188.531
 30501629 (484) module 29, x -5.2375, y -14.975, z 163.531
 30079585 (439) module 28, x -4.7975, y -13.8175, z 150.469
 27978889 (394) module 26, x -4.0275, y -11.59, z 125.469
 25878194 (350) module 24, x -3.2575, y -9.335, z 100.469
 23777243 (314) module 22, x -2.4325, y  -7.08, z 75.469

Track #52, length 8
 43802421 (817) module 41, x  -0.18, y 30.2075, z 402.473
 41705142 (771) module 39, x -0.0975003, y 23.1125, z 325.525
 39494436 (720) module 37, x 0.0125008, y 17.1725, z 262.469
 37397582 (666) module 35, x 0.0675011, y 14.835, z 237.469
 35300474 (608) module 33, x 0.0675011, y 12.4425, z 212.469
 33203365 (549) module 31, x 0.0675011, y 10.0775, z 187.469
 31106001 (490) module 29, x 0.0125008, y 7.6575, z 162.469
 29008893 (437) module 27, x 0.0125008, y 5.2375, z 137.469

Track #53, length 7
 42265438 (792) module 40, x 27.9525, y 25.4075, z 389.411
 40197086 (740) module 38, x 20.8942, y 19.1008, z 312.463
 37837126 (686) module 36, x 15.3025, y  14.04, z 251.531
 35730543 (630) module 34, x  13.02, y 11.9775, z 226.531
 33623960 (568) module 32, x 10.765, y 9.9425, z 201.531
 31517890 (508) module 30, x 8.4825, y 7.9075, z 176.531
 29411051 (450) module 28, x 6.2275, y 5.8175, z 151.531

Track #54, length 11
 41427060 (742) module 39, x -35.5725, y 12.745, z 324.463
 39358621 (693) module 37, x -29.4125, y 10.5175, z 262.469
 37273005 (640) module 35, x -26.91, y 9.6375, z 237.469
 35187389 (584) module 33, x -24.4625, y 8.7575, z 212.469
 33101262 (523) module 31, x -21.96, y 7.8225, z 187.469
 31015646 (464) module 29, x -19.485, y 6.9425, z 162.469
 28930031 (414) module 27, x -17.01, y 6.0075, z 137.469
 26844671 (372) module 25, x -14.5075, y 5.1275, z 112.469
 24120960 (334) module 23, x -12.1125, y  4.275, z 88.531
 22028205 (300) module 21, x  -9.61, y 3.3675, z 63.531
 19935195 (271) module 19, x -7.1075, y 2.4875, z 38.531

Track #55, length 6
 40902962 (749) module 39, x -16.375, y 3.2575, z 325.525
 38809467 (705) module 37, x -12.3875, y 2.4875, z 263.531
 36713880 (652) module 35, x -10.7925, y   2.13, z 238.531
 34618293 (597) module 33, x -9.1975, y    1.8, z 213.531
 32522706 (539) module 31, x -7.6025, y 1.4975, z 188.531
 30427119 (482) module 29, x -6.0075, y 1.1675, z 163.531

Track #56, length 11
 41748480 (757) module 39, x -9.5575, y 33.095, z 325.525
 39644266 (710) module 37, x -7.9075, y 27.2925, z 263.531
 37544084 (658) module 35, x -7.2475, y 24.9825, z 238.531
 35443646 (603) module 33, x  -6.56, y 22.6725, z 213.531
 33343464 (545) module 31, x -5.8725, y 20.3625, z 188.531
 31081750 (485) module 29, x -5.1575, y 17.9425, z 162.469
 28987968 (434) module 27, x -4.4425, y 15.6325, z 137.469
 26893930 (389) module 25, x -3.7825, y 13.3225, z 112.469
 24799892 (345) module 23, x -3.1225, y 11.0125, z 87.469
 22705853 (308) module 21, x -2.4625, y   8.73, z 62.469
 20611815 (278) module 19, x -1.8025, y 6.4475, z 37.469

Track #57, length 10
 41727558 (769) module 39, x -4.9375, y 29.2725, z 325.525
 39626156 (718) module 37, x -4.0025, y 23.6625, z 263.531
 37527252 (663) module 35, x -3.6175, y 21.435, z 238.531
 35284993 (605) module 33, x -3.2325, y  19.07, z 212.469
 33189675 (547) module 31, x -2.8475, y 16.7875, z 187.469
 31094356 (488) module 29, x -2.4625, y 14.5325, z 162.469
 28998781 (436) module 27, x -2.105, y 12.2775, z 137.469
 26903462 (391) module 25, x -1.7475, y 10.0225, z 112.469
 24808143 (347) module 23, x -1.3625, y 7.7675, z 87.469
 22712824 (309) module 21, x -0.950001, y 5.5125, z 62.469

Track #58, length 6
 41683171 (774) module 39, x  4.605, y  20.61, z 325.525
 39510087 (723) module 37, x 3.3675, y  15.22, z 262.469
 37410670 (669) module 35, x    2.9, y 13.1025, z 237.469
 35311509 (612) module 33, x 2.4325, y 10.9575, z 212.469
 33212091 (552) module 31, x 1.9375, y 8.8675, z 187.469
 31112929 (492) module 29, x 1.4975, y   6.75, z 162.469

Track #59, length 9
 40290407 (741) module 38, x  27.43, y -1.0475, z 312.463
 38192075 (689) module 36, x 21.9575, y -0.799999, z 250.469
 36094707 (634) module 34, x 19.7575, y -0.717499, z 225.469
 33575195 (574) module 32, x  17.64, y -0.6175, z 201.531
 31478340 (513) module 30, x 15.4125, y -0.535, z 176.531
 29381740 (455) module 28, x 13.2125, y -0.4525, z 151.531
 27284884 (406) module 26, x 11.0125, y  -0.37, z 126.531
 25188284 (361) module 24, x 8.8125, y -0.2875, z 101.531
 23091684 (318) module 22, x 6.6125, y -0.1775, z 76.531

Track #60, length 7
 39335099 (692) module 37, x -34.445, y 8.8675, z 262.469
 37258703 (639) module 35, x -29.99, y 7.7675, z 237.469
 35182308 (583) module 33, x -25.5625, y 6.6125, z 212.469
 33105144 (524) module 31, x -21.135, y  5.485, z 187.469
 30412073 (469) module 29, x -16.87, y 4.3575, z 163.531
 28320378 (419) module 27, x -12.415, y 3.2025, z 138.531
 26228684 (383) module 25, x -7.9325, y 2.0475, z 113.531

Track #61, length 7
 39180628 (694) module 37, x -28.475, y -12.2075, z 262.469
 37090194 (641) module 35, x -25.0925, y -10.7775, z 237.469
 34999247 (586) module 33, x -21.71, y  -9.32, z 212.469
 32566284 (526) module 31, x -18.4925, y -7.935, z 188.531
 30462537 (471) module 29, x -15.11, y -6.4775, z 163.531
 28358535 (421) module 27, x -11.7275, y  -5.02, z 138.531
 26254788 (382) module 25, x -8.345, y -3.5625, z 113.531

Track #62, length 7
 39699548 (697) module 37, x -19.8975, y 28.035, z 263.531
 37590430 (644) module 35, x -17.34, y 24.4325, z 238.531
 35481567 (590) module 33, x -14.7825, y  20.83, z 213.531
 33147174 (533) module 31, x -12.0875, y 17.0625, z 187.469
 31061863 (475) module 29, x  -9.53, y  13.46, z 162.469
 28976297 (429) module 27, x -6.9725, y   9.83, z 137.469
 26890987 (388) module 25, x -4.415, y 6.2275, z 112.469

Track #63, length 8
 38805011 (699) module 37, x -18.1075, y 3.4225, z 263.531
 36709171 (646) module 35, x -16.3475, y 3.1475, z 238.531
 34613586 (591) module 33, x -14.615, y 2.8175, z 213.531
 32518002 (532) module 31, x -12.855, y 2.4875, z 188.531
 30422162 (474) module 29, x -11.095, y  2.185, z 163.531
 28326578 (425) module 27, x -9.3625, y  1.855, z 138.531
 26230993 (384) module 25, x -7.6575, y  1.525, z 113.531
 24135408 (342) module 23, x -5.93417, y 1.18583, z 88.531

Track #64, length 7
 38648967 (688) module 36, x 19.485, y -25.6975, z 251.531
 36540610 (633) module 34, x 17.0375, y -22.4525, z 226.531
 34184449 (572) module 32, x 14.5075, y -19.0975, z 200.469
 32098619 (512) module 30, x 12.0875, y -15.88, z 175.469
 30012790 (454) module 28, x   9.64, y -12.6625, z 150.469
 27926704 (401) module 26, x 7.1925, y -9.445, z 125.469
 25840874 (356) module 24, x 4.7725, y -6.255, z 100.469

Track #65, length 8
 38204588 (690) module 36, x 23.635, y -3.4675, z 250.469
 36105943 (635) module 34, x 21.2975, y -3.1375, z 225.469
 33564929 (575) module 32, x 19.0792, y -2.78083, z 201.531
 31469612 (514) module 30, x 16.7325, y -2.4325, z 176.531
 29374038 (456) module 28, x 14.4225, y -2.1025, z 151.531
 27278464 (407) module 26, x 12.085, y -1.7725, z 126.531
 25182891 (362) module 24, x 9.7475, y -1.4425, z 101.531
 23087317 (319) module 22, x   7.41, y -1.1125, z 76.531

Track #66, length 9
 38162196 (691) module 36, x 31.9858, y 5.57083, z 250.469
 36067663 (636) module 34, x 28.7775, y 5.0575, z 225.469
 33973129 (576) module 32, x 25.5875, y 4.5075, z 200.469
 31878595 (516) module 30, x  22.37, y 3.9575, z 175.469
 29784062 (458) module 28, x 19.1525, y 3.4075, z 150.469
 27299896 (411) module 26, x 16.0725, y  2.875, z 126.531
 25200242 (366) module 24, x 12.8825, y 2.2975, z 101.531
 23100588 (321) module 22, x  9.665, y 1.7475, z 76.531
 21000679 (287) module 20, x 6.4475, y   1.17, z 51.531

Track #67, length 7
 37104177 (638) module 35, x  -30.4, y -7.6425, z 237.469
 35011963 (582) module 33, x -26.33, y -6.5975, z 212.469
 32919494 (522) module 31, x -22.2325, y  -5.58, z 187.469
 30453775 (466) module 29, x  -18.3, y -4.6075, z 163.531
 28351834 (417) module 27, x -14.2025, y -3.5625, z 138.531
 26249892 (376) module 25, x -10.1325, y -2.5175, z 113.531
 24147950 (341) module 23, x -6.035, y -1.4725, z 88.531

Track #68, length 5
 37337133 (647) module 35, x -13.0225, y  16.65, z 237.469
 35249244 (592) module 33, x -11.0425, y 14.0925, z 212.469
 33161354 (537) module 31, x  -8.98, y 11.5625, z 187.469
 31073207 (480) module 29, x     -7, y 9.0875, z 162.469
 28985059 (433) module 27, x -5.1025, y 6.6675, z 137.469

Track #69, length 5
 36885169 (654) module 35, x -9.4175, y -34.885, z 238.531
 34761418 (598) module 33, x -8.0425, y -29.165, z 213.531
 32637924 (541) module 31, x -6.6125, y  -23.5, z 188.531
 30515199 (486) module 29, x -5.1275, y -17.89, z 163.531
 30077515 (441) module 28, x -4.3575, y    -15, z 150.469

Track #70, length 6
 36369159 (614) module 34, x  -4.44, y -18.7675, z 225.469
 34269240 (555) module 32, x -3.8075, y -16.045, z 200.469
 32169065 (496) module 30, x -3.175, y -13.35, z 175.469
 30069147 (444) module 28, x -2.5425, y -10.6275, z 150.469
 27968972 (397) module 26, x -1.8825, y -7.9325, z 125.469
 25868797 (352) module 24, x -1.2225, y -5.2375, z 100.469

Track #71, length 4
 36367723 (616) module 34, x -4.0825, y -13.24, z 225.469
 34267286 (557) module 32, x -3.3675, y -10.9025, z 200.469
 32166848 (498) module 30, x -2.6525, y -8.565, z 175.469
 30066411 (446) module 28, x -1.9375, y -6.2275, z 150.469

Track #72, length 6
 36471350 (620) module 34, x 2.0775, y -30.125, z 226.531
 34372749 (560) module 32, x 1.7475, y -25.3675, z 201.531
 32274404 (501) module 30, x 1.4725, y -20.5825, z 176.531
 30051904 (448) module 28, x 1.1425, y -15.6325, z 150.469
 27956375 (400) module 26, x 0.8125, y -10.8475, z 125.469
 25861102 (355) module 24, x 0.427502, y -6.0625, z 100.469

Track #73, length 10
 35838332 (629) module 34, x 12.3325, y 35.2425, z 226.531
 33725073 (569) module 32, x 11.1775, y 31.805, z 201.531
 31611813 (509) module 30, x 10.0775, y  28.34, z 176.531
 29498810 (451) module 28, x 8.9225, y 24.9025, z 151.531
 27386062 (402) module 26, x 7.8225, y 21.465, z 126.531
 25273059 (359) module 24, x 6.6675, y 18.055, z 101.531
 23160313 (316) module 22, x 5.4575, y 14.6725, z 76.531
 22739572 (312) module 21, x 4.7975, y 12.7725, z 62.469
 20636593 (282) module 19, x 3.5325, y 9.4175, z 37.469
 18533614 (253) module 17, x 2.2675, y 6.0625, z 12.469

Track #74, length 5
 34950227 (581) module 33, x -28.53, y -19.9625, z 212.469
 32869293 (521) module 31, x -23.58, y -16.4975, z 187.469
 30492934 (465) module 29, x -18.8225, y -13.1325, z 163.531
 28379745 (418) module 27, x -13.8175, y -9.6675, z 138.531
 26266811 (379) module 25, x  -8.84, y -6.1475, z 113.531

Track #75, length 7
 34868151 (585) module 33, x -23.0208, y -37.7092, z 212.469
 32792042 (525) module 31, x -20.2525, y -33.19, z 187.469
 30565659 (468) module 29, x -17.64, y -28.8625, z 163.531
 28447565 (416) module 27, x -14.89, y -24.3525, z 138.531
 26329983 (374) module 25, x -12.1492, y -19.8608, z 113.531
 24212145 (336) module 23, x -9.4175, y -15.415, z 88.531
 22094306 (302) module 21, x -6.695, y -10.9325, z 63.531

Track #76, length 4
 33999960 (578) module 32, x 28.255, y -1.2675, z 200.469
 31901638 (515) module 30, x 22.2325, y  -1.02, z 175.469
 29380400 (457) module 28, x 16.5125, y -0.7275, z 151.531
 27284891 (405) module 26, x   10.6, y -0.3975, z 126.531

Track #77, length 5
 33882174 (579) module 32, x 29.6942, y 24.115, z 200.469
 31804056 (518) module 30, x 24.735, y 20.0725, z 175.469
 29725683 (459) module 28, x 19.7575, y  16.03, z 150.469
 27342667 (408) module 26, x     15, y 12.1425, z 126.531
 25227174 (363) module 24, x 10.0225, y    8.1, z 101.531

Track #78, length 5
 33888316 (580) module 32, x 29.795, y 22.8225, z 200.469
 31808918 (519) module 30, x 24.8358, y 19.0092, z 175.469
 29729521 (461) module 28, x 19.8492, y 15.1958, z 150.469
 27339850 (409) module 26, x 15.055, y 11.5375, z 126.531
 25225382 (364) module 24, x 10.0225, y  7.715, z 101.531

Track #79, length 8
 32913420 (520) module 31, x -32.4625, y -6.845, z 187.469
 30819919 (463) module 29, x -28.7775, y -6.075, z 162.469
 28726418 (413) module 27, x -25.0925, y -5.305, z 137.469
 26633173 (370) module 25, x -21.4075, y -4.5075, z 112.469
 24158487 (331) module 23, x -17.8875, y -3.7825, z 88.531
 22057562 (298) module 21, x -14.2025, y -2.9575, z 63.531
 19956893 (269) module 19, x -10.5175, y -2.1875, z 38.531
 17856224 (246) module 17, x -6.8325, y -1.4175, z 13.531

Track #80, length 4
 32247906 (495) module 30, x -4.1925, y -27.705, z 176.531
 30156265 (443) module 28, x -3.01917, y -20.2708, z 151.531
 27968631 (398) module 26, x -1.855, y -12.58, z 125.469
 25866749 (353) module 24, x -0.782501, y  -5.21, z 100.469

Track #81, length 4
 31889578 (517) module 30, x 23.745, y 1.5925, z 175.469
 29796082 (460) module 28, x 19.7758, y 0.804169, z 150.469
 27287099 (410) module 26, x 15.9075, y 0.0975003, z 126.531
 25186949 (365) module 24, x  11.81, y -0.5625, z 101.531

Track #82, length 6
 30792745 (462) module 29, x -30.84, y -12.0425, z 162.469
 28704384 (412) module 27, x -26.0458, y -10.145, z 137.469
 26615511 (371) module 25, x -21.2608, y -8.28417, z 112.469
 24171053 (332) module 23, x -16.6775, y -6.4775, z 88.531
 22065284 (299) module 21, x -11.8925, y -4.6075, z 63.531
 19959515 (272) module 19, x  -7.08, y -2.7375, z 38.531

Track #83, length 6
 30601491 (467) module 29, x -18.0892, y -36.5808, z 163.531
 28478022 (415) module 27, x -15.3025, y -30.925, z 138.531
 26354552 (373) module 25, x -12.5342, y -25.2508, z 113.531
 24231595 (335) module 23, x -9.7475, y -19.595, z 88.531
 22108382 (301) module 21, x -6.9425, y -13.9575, z 63.531
 19583995 (254) module 18, x -2.6525, y -5.3475, z 25.469

Track #84, length 6
 29167901 (424) module 27, x -10.0525, y 31.5275, z 138.531
 27064432 (381) module 25, x -8.5675, y 26.935, z 113.531
 24960451 (339) module 23, x -7.11917, y 22.3608, z 88.531
 22691100 (306) module 21, x -5.57917, y 17.5758, z 62.469
 20600944 (277) module 19, x -4.1125, y 12.965, z 37.469
 18510788 (248) module 17, x -2.6275, y 8.3725, z 12.469

Track #85, length 4
 27194775 (368) module 25, x -36.81, y  24.79, z 113.531
 25059324 (328) module 23, x -28.5692, y 19.2258, z 88.531
 22624615 (296) module 21, x -19.9892, y 13.4508, z 62.469
 20565708 (268) module 19, x -11.785, y 7.9325, z 37.469

Track #86, length 4
 26672198 (369) module 25, x -29.2725, y  3.935, z 112.469
 24571070 (330) module 23, x -22.645, y 3.0275, z 87.469
 22033459 (297) module 21, x -16.32, y 2.2125, z 63.531
 19940523 (270) module 19, x  -9.72, y 1.3325, z 38.531

Track #87, length 4
 25719464 (367) module 24, x 31.0258, y -9.89417, z 100.469
 23658454 (323) module 22, x 23.225, y -7.355, z 75.469
 20972094 (290) module 20, x 15.7242, y -4.92583, z 51.531
 18886860 (259) module 18, x  7.905, y -2.4325, z 26.531

Track #88, length 4
 22418468 (293) module 21, x -31.115, y -8.8525, z 62.469
 20332473 (262) module 19, x -22.9475, y -6.4875, z 37.469
 17869385 (241) module 17, x -15.1375, y -4.2775, z 13.531
 15761373 (221) module 15, x  -6.97, y -1.9125, z -11.469

Track #89, length 4
 22067444 (304) module 21, x -5.71417, y -5.06583, z 63.531
 20000362 (266) module 19, x -13.3042, y -11.6658, z 38.531
 18180055 (240) module 17, x -21.2608, y -18.4592, z 12.469
 16052812 (213) module 15, x -28.9242, y -24.9858, z -12.531

Track #90, length 5
 19951591 (273) module 19, x  -6.42, y -1.0325, z 38.531
 17858183 (243) module 17, x  -11.7, y -1.8575, z 13.531
 15764519 (216) module 15, x -16.98, y -2.6275, z -11.469
 14055104 (188) module 13, x -22.5625, y -3.4625, z -37.531
 11954526 (162) module 11, x -27.925, y -4.1775, z -62.531

Track #91, length 5
 19577766 (255) module 18, x -1.3325, y -9.995, z 25.469
 17484094 (229) module 16, x -2.1025, y -15.715, z  0.469
 15477209 (197) module 14, x -2.8175, y -21.1875, z -23.469
 13376369 (172) module 12, x -3.5875, y -26.9075, z -48.469
 11275785 (143) module 10, x -4.3025, y  -32.6, z -73.469

Track #92, length 8
 19569649 (256) module 18, x 0.427502, y  -5.87, z 25.469
 17471427 (230) module 16, x 0.647499, y -8.4275, z  0.469
 15373204 (199) module 14, x 0.8675, y -11.0125, z -24.531
 13274981 (174) module 12, x 1.0875, y -13.5975, z -49.531
 11176758 (146) module 10, x 1.3075, y -16.155, z -74.531
  9207476 (117) module  8, x 1.8575, y -23.2225, z -143.219
  7113009 (88) module  6, x 2.4625, y  -30.4, z -212.969
  5016835 (59) module  4, x 2.6825, y -32.9575, z -237.969

Track #93, length 5
 18899390 (260) module 18, x  8.675, y 0.2625, z 26.531
 16803170 (237) module 16, x 13.7625, y 0.4825, z  1.531
 14706949 (210) module 14, x  18.85, y 0.7025, z -23.469
 13018019 (187) module 12, x  24.13, y 0.987499, z -49.531
 10919238 (160) module 10, x 29.245, y   1.29, z -74.531

Track #94, length 5
 18515933 (249) module 17, x -1.5275, y   6.97, z 12.469
 16413836 (224) module 15, x -2.545, y 11.425, z -12.531
 14311996 (191) module 13, x -3.5625, y 15.825, z -37.531
 12365549 (167) module 11, x -4.4975, y 20.0875, z -61.469
 10281228 (135) module  9, x -7.3025, y 32.4625, z -131.219

Track #95, length 8
 18519526 (250) module 17, x -0.7575, y 6.5025, z 12.469
 16421307 (225) module 15, x -0.977501, y   8.84, z -12.531
 14322833 (192) module 13, x -1.2525, y 11.1775, z -37.531
 12224358 (169) module 11, x -1.5275, y 13.5425, z -62.531
 10257903 (138) module  9, x -2.2425, y  19.95, z -131.219
  8163961 (111) module  7, x -2.9575, y 26.4675, z -200.969
  6067790 (81) module  5, x -3.1775, y 28.805, z -225.969
  3971876 (51) module  3, x -3.4525, y 31.1425, z -250.969

Track #96, length 7
 16807135 (231) module 16, x 6.8875, y  1.335, z  1.531
 14712496 (206) module 14, x  9.445, y 1.8575, z -23.469
 12617602 (184) module 12, x 12.0025, y 2.3525, z -48.469
 10522964 (154) module 10, x 14.5325, y 2.9025, z -73.469
  8807631 (128) module  8, x  21.71, y 4.4525, z -144.281
  6703182 (103) module  6, x 28.805, y 5.9925, z -214.031
  4603424 (75) module  4, x 31.3625, y 6.5425, z -239.031

Track #97, length 8
 16422633 (226) module 15, x -0.702499, y 6.3375, z -12.531
 14324421 (193) module 13, x -0.922501, y   8.29, z -37.531
 12225954 (170) module 11, x -1.1975, y 10.2425, z -62.531
 10125631 (139) module  9, x -1.8575, y 15.6875, z -132.281
  8162267 (112) module  7, x -2.5725, y 21.0775, z -200.969
  6066103 (82) module  5, x  -2.82, y 23.0575, z -225.969
  3970195 (53) module  3, x -3.0675, y 25.0375, z -250.969
  1874287 (26) module  1, x -3.3425, y 27.0175, z -275.969

Track #98, length 8
 15357182 (200) module 14, x 4.3325, y -5.1825, z -24.531
 13254629 (176) module 12, x 5.46917, y -6.52083, z -49.531
 11152076 (150) module 10, x 6.6425, y -7.9325, z -74.531
  9040004 (123) module  8, x 9.9425, y -11.8925, z -144.281
  6926909 (98) module  6, x 13.3525, y -15.7975, z -214.031
  4824099 (70) module  4, x 14.5625, y  -17.2, z -239.031
  2721034 (43) module  2, x   15.8, y -18.6025, z -264.031
   888814 (17) module  0, x 16.9825, y -20.005, z -287.969

Track #99, length 8
 15356393 (201) module 14, x 4.4975, y -6.3375, z -24.531
 13254350 (177) module 12, x 5.5425, y -7.8225, z -49.531
 11152307 (149) module 10, x 6.5875, y  -9.28, z -74.531
  9041515 (122) module  8, x 9.6125, y -13.2675, z -144.281
  6929955 (97) module  6, x 12.6925, y -17.2275, z -214.031
  4827657 (69) module  4, x 13.7925, y -18.6575, z -239.031
  2976238 (41) module  2, x 14.8925, y -20.0325, z -262.969
   884180 (15) module  0, x 15.9925, y -21.4625, z -287.969

Track #100, length 8
 14722038 (202) module 14, x 5.6225, y 3.8925, z -23.469
 12628958 (179) module 12, x 6.9425, y 4.7725, z -48.469
 10536133 (152) module 10, x   8.29, y 5.7075, z -73.469
  8449920 (126) module  8, x 12.1125, y    8.1, z -143.219
  6363192 (100) module  6, x 16.0725, y 10.4375, z -212.969
  4269855 (72) module  4, x 17.4475, y 11.2625, z -237.969
  2176517 (44) module  2, x 18.8775, y 12.0875, z -262.969
   379881 (18) module  0, x 20.3075, y 12.9775, z -289.031

Track #101, length 8
 14683889 (203) module 14, x 5.8975, y -4.3025, z -23.469
 13243379 (182) module 12, x 7.9075, y -5.7875, z -49.531
 11137496 (153) module 10, x 9.8875, y -7.245, z -74.531
  9015183 (127) module  8, x 15.2775, y -11.2875, z -144.281
  6893125 (102) module  6, x 20.6125, y -15.33, z -214.031
  4786987 (74) module  4, x 22.5375, y -16.7875, z -239.031
  2681361 (46) module  2, x 24.4625, y -18.2175, z -264.031
   931574 (20) module  0, x 26.2775, y -19.5925, z -287.969

Track #102, length 7
 12622839 (178) module 12, x 5.5675, y 3.4525, z -48.469
 10528994 (151) module 10, x 6.7225, y 4.1675, z -73.469
  8440997 (124) module  8, x 10.0775, y  6.175, z -143.219
  6353257 (99) module  6, x 13.3775, y 8.1825, z -212.969
  4259411 (71) module  4, x 14.5875, y 8.8975, z -237.969
  2165053 (42) module  2, x 15.7975, y 9.6125, z -262.969
    71208 (16) module  0, x 16.9525, y 10.3275, z -287.969

Track #103, length 6
 11166707 (147) module 10, x 3.5075, y  -5.76, z -74.531
  9061570 (119) module  8, x  5.185, y -8.4825, z -144.281
  6956175 (92) module  6, x  6.945, y -11.2875, z -214.031
  4856187 (65) module  4, x 7.5775, y -12.36, z -239.031
  2755944 (37) module  2, x 8.21917, y -13.3958, z -264.031
   655957 (11) module  0, x 8.8425, y -14.4775, z -289.031

Track #104, length 6
 11154908 (148) module 10, x 6.00083, y -7.03417, z -74.531
  9032295 (125) module  8, x 11.5742, y -13.4508, z -144.281
  7180531 (101) module  6, x 17.065, y -19.7575, z -212.969
  5092809 (73) module  4, x 19.0725, y -22.0675, z -237.969
  3004831 (45) module  2, x 21.0525, y -24.3775, z -262.969
   916853 (19) module  0, x  23.06, y -26.6875, z -287.969

Track #105, length 5
  9465790 (132) module  9, x -8.7025, y -1.0325, z -131.219
  7372110 (105) module  7, x -14.8625, y -1.8025, z -200.969
  5275942 (76) module  5, x -17.0625, y  -2.05, z -225.969
  3574778 (47) module  3, x -19.3725, y -2.3075, z -252.031
  1476305 (21) module  1, x  -21.6, y -2.5825, z -277.031

Track #106, length 5
  9449930 (134) module  9, x -8.015, y 2.3775, z -131.219
  7344739 (106) module  7, x -13.7075, y 4.0825, z -200.969
  5244989 (77) module  5, x -15.77, y 4.6325, z -225.969
  3759868 (48) module  3, x -17.945, y 5.2925, z -252.031
  1652978 (22) module  1, x -20.035, y 5.8425, z -277.031

Track #107, length 5
  9473259 (137) module  9, x -6.2275, y -2.6275, z -131.219
  7380166 (108) module  7, x -8.2625, y -3.5075, z -200.969
  5284280 (78) module  5, x -9.0325, y  -3.81, z -225.969
  3188651 (49) module  3, x -9.7475, y -4.1125, z -250.969
  1093022 (23) module  1, x -10.4625, y -4.4425, z -275.969

Track #108, length 5
 10127539 (140) module  9, x -1.4725, y 9.3075, z -132.281
  8026203 (113) module  7, x -2.3525, y 14.1475, z -202.031
  5927739 (83) module  5, x -2.6275, y 15.9075, z -227.031
  3829276 (54) module  3, x -2.9025, y 17.6125, z -252.031
  1873659 (27) module  1, x -3.205, y  19.29, z -275.969

Track #109, length 6
 10146533 (142) module  9, x 2.5975, y   6.53, z -132.281
  8055720 (114) module  7, x 3.9725, y  9.885, z -202.031
  5961106 (85) module  5, x 4.5225, y 11.095, z -227.031
  3866237 (56) module  3, x 5.0175, y 12.2775, z -252.031
  2180092 (31) module  2, x  5.265, y 12.8025, z -262.969
    88307 (5) module  0, x 5.7875, y 13.985, z -287.969

Track #110, length 5
  9089695 (116) module  8, x -0.855831, y -10.3892, z -144.281
  6994728 (86) module  6, x -1.3325, y -16.9525, z -214.031
  4997885 (57) module  4, x -1.4425, y -19.2075, z -237.969
  2899923 (29) module  2, x  -1.58, y -21.5175, z -262.969
   802472 (1) module  0, x -1.6625, y -23.855, z -287.969

Track #111, length 5
  9069544 (118) module  8, x 3.5075, y -6.3925, z -144.281
  6962080 (89) module  6, x 5.7075, y -10.3525, z -214.031
  4861061 (61) module  4, x 6.5325, y -11.81, z -239.031
  2760299 (33) module  2, x 7.3025, y -13.2675, z -264.031
   659281 (8) module  0, x    8.1, y -14.6975, z -289.031

Track #112, length 5
  8417250 (120) module  8, x 6.7225, y 1.0325, z -143.219
  6321594 (94) module  6, x 8.9225, y 1.3625, z -212.969
  4224939 (66) module  4, x   9.72, y 1.4725, z -237.969
  2128285 (38) module  2, x 10.5175, y   1.61, z -262.969
    31886 (12) module  0, x 11.3425, y 1.7475, z -287.969

Track #113, length 4
  7340522 (109) module  7, x -6.255, y 5.0175, z -200.969
  5908216 (79) module  5, x -6.8625, y 5.5125, z -227.031
  3808240 (50) module  3, x  -7.44, y 5.9525, z -252.031
  1708519 (24) module  1, x -8.0175, y 6.4475, z -277.031

Track #114, length 4
  8023521 (110) module  7, x -2.9575, y 6.7775, z -202.031
  5925077 (80) module  5, x -3.205, y   7.41, z -227.031
  3826890 (52) module  3, x -3.4525, y 8.0425, z -252.031
  1728447 (25) module  1, x -3.7275, y 8.6475, z -277.031

Track #115, length 4
  8058621 (115) module  7, x 4.61417, y 5.20083, z -202.031
  5960951 (84) module  5, x 4.4675, y 5.5675, z -227.031
  3863281 (55) module  3, x 4.3575, y 5.8975, z -252.031
  1765354 (28) module  1, x   4.22, y 6.2825, z -277.031

Track #116, length 4
  6983918 (87) module  6, x 1.0325, y -6.035, z -214.031
  4886242 (58) module  4, x  1.115, y -6.7225, z -239.031
  2789077 (30) module  2, x 1.1425, y -7.4375, z -264.031
   691656 (2) module  0, x 1.1975, y -8.1525, z -289.031

Track #117, length 4
  6341869 (90) module  6, x 6.1175, y 5.7075, z -212.969
  4247263 (62) module  4, x   6.86, y 6.2575, z -237.969
  2152658 (36) module  2, x 7.6025, y  6.835, z -262.969
    58052 (10) module  0, x 8.3725, y  7.385, z -287.969

Track #118, length 4
  6960088 (91) module  6, x 6.1475, y -7.2725, z -214.031
  4859593 (63) module  4, x 6.8625, y -8.0975, z -239.031
  2759097 (35) module  2, x 7.5775, y  -8.95, z -264.031
   658602 (9) module  0, x 8.2925, y -9.8025, z -289.031

Track #119, length 4
  6932145 (95) module  6, x 12.2525, y  -9.39, z -214.031
  4830116 (67) module  4, x 13.2975, y -10.1325, z -239.031
  2727830 (39) module  2, x  14.37, y -10.9025, z -264.031
   625800 (13) module  0, x 15.4058, y -11.6542, z -289.031

Track #120, length 4
  6930864 (96) module  6, x 12.5275, y -9.4725, z -214.031
  4828578 (68) module  4, x 13.6275, y -10.2425, z -239.031
  2726290 (40) module  2, x 14.7275, y -11.095, z -264.031
   624004 (14) module  0, x   15.8, y -11.8925, z -289.031

Track #121, length 3
 53917149 (1015) module 51, x -20.94, y 0.00249863, z 750.469
 51821562 (975) module 49, x -19.345, y 0.360001, z 705.469
 49303577 (936) module 47, x -17.7775, y  0.645, z 661.531

Track #122, length 3
 53930721 (1016) module 51, x -20.7475, y  2.945, z 750.469
 51831801 (974) module 49, x -19.4275, y 2.5325, z 705.469
 49295890 (934) module 47, x -18.1625, y  2.295, z 661.531

Track #123, length 3
 53489137 (1029) module 51, x -5.8975, y 2.5975, z 751.531
 51392760 (986) module 49, x -5.5125, y 2.4325, z 706.531
 49296383 (946) module 47, x -5.1275, y 2.2675, z 661.531

Track #124, length 3
 49295890 (934) module 47, x -18.1625, y  2.295, z 661.531
 47199533 (893) module 45, x -16.6775, y 2.1575, z 616.531
 45102968 (854) module 43, x -12.5525, y   2.02, z 497.982

Track #125, length 3
 49303577 (936) module 47, x -17.7775, y  0.645, z 661.531
 47205427 (895) module 45, x -16.3475, y 0.8925, z 616.531
 45106294 (853) module 43, x -12.6625, y 1.3325, z 497.982

Track #126, length 3
 14329062 (196) module 13, x 0.0675011, y 6.5025, z -37.531
 12232091 (171) module 11, x 0.122498, y 10.6275, z -62.531
 10246860 (141) module  9, x 0.1225, y 21.9025, z -131.219

Track #127, length 3
  9052497 (121) module  8, x 7.1375, y -14.6975, z -144.281
  7135974 (93) module  6, x 7.3575, y -20.4725, z -212.969
  5039041 (64) module  4, x 7.4125, y -22.5075, z -237.969

Track #128, length 3
  4222716 (60) module  4, x 5.2925, y 0.9775, z -237.969
  2125812 (32) module  2, x 5.7325, y 1.0325, z -262.969
    28908 (6) module  0, x 6.1725, y  1.115, z -287.969

Track #129, length 3
  5039041 (64) module  4, x 7.4125, y -22.5075, z -237.969
  2941598 (34) module  2, x 7.3575, y -24.4325, z -262.969
   843644 (7) module  0, x   7.22, y -26.3025, z -287.969

