Track #0, length 13
 53834818 (1162) module 51, x -29.4925, y -17.7625, z 750.469
 51742563 (1117) module 49, x -27.6775, y -16.7175, z 705.469
 49650307 (1067) module 47, x -25.89, y -15.6725, z 660.469
 47558052 (1011) module 45, x -24.1025, y -14.6275, z 615.469
 45473786 (954) module 43, x -19.3725, y -11.8775, z 496.921
 43059520 (899) module 41, x -15.6325, y -9.6125, z 402.473
 40954232 (828) module 39, x -12.5525, y -7.7425, z 325.525
 38850213 (757) module 37, x -10.0775, y -6.2575, z 263.531
 36750263 (690) module 35, x -9.0875, y -5.6525, z 238.531
 34650313 (630) module 33, x -8.0975, y -5.0475, z 213.531
 32550363 (568) module 31, x -7.1075, y -4.4425, z 188.531
 30450413 (508) module 29, x -6.1175, y -3.8375, z 163.531
 28350463 (455) module 27, x -5.1275, y -3.2325, z 138.531

Track #1, length 12
 54046099 (1163) module 51, x -27.8175, y 11.0675, z 750.469
 51956895 (1118) module 49, x -26.1125, y 10.4075, z 705.469
 49867691 (1068) module 47, x -24.38, y 9.7475, z 660.469
 47777975 (1013) module 45, x -22.6658, y 9.06917, z 615.469
 45701847 (957) module 43, x -18.165, y 7.3275, z 496.921
 43621617 (901) module 41, x -14.535, y 5.8975, z 401.411
 40896136 (830) module 39, x -11.6725, y 4.7425, z 325.525
 38803378 (759) module 37, x -9.3625, y 3.8075, z 263.531
 36708035 (693) module 35, x -8.4275, y 3.4225, z 238.531
 34612692 (632) module 33, x -7.4925, y 3.0375, z 213.531
 32517348 (571) module 31, x -6.585, y 2.6525, z 188.531
 30421749 (511) module 29, x -5.6775, y  2.295, z 163.531

Track #2, length 11
 54080677 (1164) module 51, x -20.2825, y  10.05, z 750.469
 51989168 (1119) module 49, x -19.0725, y 9.4725, z 705.469
 49897659 (1069) module 47, x -17.8625, y 8.8675, z 660.469
 47806149 (1014) module 45, x -16.6525, y   8.29, z 615.469
 45723874 (959) module 43, x -13.4625, y 6.7225, z 496.921
 43638521 (903) module 41, x -10.9325, y 5.4575, z 401.411
 40897467 (834) module 39, x -8.8675, y 4.4675, z 325.525
 38804185 (763) module 37, x -7.2175, y 3.6425, z 263.531
 36708581 (696) module 35, x -6.5575, y 3.3125, z 238.531
 34612977 (635) module 33, x -5.8975, y 2.9825, z 213.531
 32517373 (573) module 31, x -5.2375, y 2.6525, z 188.531

Track #3, length 6
 53892336 (1165) module 51, x -19.9225, y -5.3325, z 750.469
 51427078 (1120) module 49, x -18.8225, y -4.9925, z 706.531
 49328410 (1070) module 47, x -17.7225, y -4.6625, z 661.531
 47229743 (1015) module 45, x -16.5675, y -4.3325, z 616.531
 45128551 (958) module 43, x -13.4875, y -3.4525, z 497.982
 43027861 (902) module 41, x -10.9575, y  -2.71, z 402.473

Track #4, length 6
 53896944 (1166) module 51, x -19.895, y -4.3425, z 750.469
 51423240 (1121) module 49, x -18.7125, y -4.1675, z 706.531
 49325341 (1071) module 47, x -17.5575, y -4.0025, z 661.531
 47227186 (1016) module 45, x -16.375, y  -3.81, z 616.531
 45127529 (960) module 43, x -13.3775, y  -3.26, z 497.982
 43027861 (902) module 41, x -10.9575, y  -2.71, z 402.473

Track #5, length 9
 53500177 (1167) module 51, x -18.2175, y   0.15, z 751.531
 51403301 (1122) module 49, x -17.1175, y 0.1225, z 706.531
 49306168 (1072) module 47, x -16.045, y 0.1225, z 661.531
 47209036 (1017) module 45, x -14.9725, y 0.1225, z 616.531
 45112192 (961) module 43, x -12.1125, y 0.0675001, z 497.982
 43015338 (906) module 41, x -9.8025, y 0.0124998, z 402.473
 40918221 (836) module 39, x -7.8775, y 0.0124998, z 325.525
 38821098 (765) module 37, x -6.2825, y 0.0124998, z 263.531
 36723957 (698) module 35, x -5.6775, y 0.0124998, z 238.531

Track #6, length 9
 53574962 (1168) module 51, x -16.4025, y -16.02, z 751.531
 51473475 (1123) module 49, x -15.4675, y -15.085, z 706.531
 49371988 (1073) module 47, x -14.5142, y -14.1408, z 661.531
 47270502 (1018) module 45, x -13.5425, y -13.1875, z 616.531
 45161875 (962) module 43, x -11.04, y -10.7125, z 497.982
 43056056 (907) module 41, x -9.005, y -8.7325, z 402.473
 40951510 (837) module 39, x -7.355, y -7.1375, z 325.525
 38848239 (766) module 37, x -6.0075, y -5.8175, z 263.531
 36748536 (700) module 35, x -5.5125, y -5.2675, z 238.531

Track #7, length 4
 53550661 (1169) module 51, x -15.3575, y -10.795, z 751.531
 51449431 (1124) module 49, x -14.3675, y -9.8875, z 706.531
 49348714 (1074) module 47, x -13.3225, y  -9.09, z 661.531
 47247996 (1019) module 45, x -12.3325, y -8.2375, z 616.531

Track #8, length 8
 53503063 (1170) module 51, x -14.3675, y -0.4275, z 751.531
 51405926 (1125) module 49, x -13.5425, y -0.4275, z 706.531
 49308788 (1075) module 47, x -12.7725, y -0.4275, z 661.531
 47211395 (1020) module 45, x -11.9475, y -0.3725, z 616.531
 45114026 (963) module 43, x -9.775, y -0.3175, z 497.982
 43016652 (908) module 41, x -7.9325, y -0.2625, z 402.473
 40919270 (839) module 39, x -6.5025, y -0.2075, z 325.525
 38821884 (768) module 37, x -5.2925, y -0.1525, z 263.531

Track #9, length 6
 54119621 (1171) module 51, x -11.9225, y   8.29, z 750.469
 52025807 (1126) module 49, x -11.2075, y 7.7675, z 705.469
 49931992 (1076) module 47, x -10.465, y 7.2725, z 660.469
 47838433 (1021) module 45, x -9.7225, y   6.75, z 615.469
 45749498 (965) module 43, x -7.8525, y 5.4025, z 496.921
 42995433 (910) module 41, x -6.3375, y 4.3025, z 402.473

Track #10, length 10
 53580974 (1172) module 51, x -9.5825, y -17.2575, z 751.531
 51478968 (1127) module 49, x -9.0325, y -16.2125, z 706.531
 49377218 (1077) module 47, x -8.4825, y -15.2225, z 661.531
 47275213 (1023) module 45, x -7.8775, y -14.1775, z 616.531
 45165544 (966) module 43, x -6.3925, y -11.51, z 497.982
 43058429 (912) module 41, x -5.2375, y -9.365, z 402.473
 42663607 (853) module 40, x -5.045, y -9.0875, z 389.411
 40562135 (781) module 38, x -4.0825, y -7.3275, z 312.463
 38461424 (713) module 36, x -3.3125, y -5.9525, z 250.469
 36362746 (647) module 34, x  -3.01, y -5.4025, z 225.469

Track #11, length 5
 54137025 (1173) module 51, x -8.0725, y 8.5375, z 750.469
 52042187 (1128) module 49, x -7.5775, y 7.9875, z 705.469
 49947348 (1078) module 47, x -7.0825, y 7.4925, z 660.469
 47852510 (1024) module 45, x -6.5875, y 6.9425, z 615.469
 45761526 (968) module 43, x -5.2675, y  5.595, z 496.921

Track #12, length 5
 53524685 (1174) module 51, x -7.8775, y -5.0475, z 751.531
 51426261 (1129) module 49, x -7.4375, y -4.7725, z 706.531
 49327837 (1079) module 47, x  -6.97, y -4.4975, z 661.531
 47229158 (1025) module 45, x -6.5025, y -4.1675, z 616.531
 45128444 (967) module 43, x -5.2925, y -3.3975, z 497.982

Track #13, length 4
 53492191 (1175) module 51, x -6.8875, y 1.9375, z 751.531
 51395559 (1130) module 49, x -6.4475, y 1.8275, z 706.531
 49298926 (1080) module 47, x -6.0625, y 1.7175, z 661.531
 47202293 (1027) module 45, x -5.6775, y   1.58, z 616.531

Track #14, length 4
 53496298 (1176) module 51, x -6.2825, y 1.0575, z 751.531
 51399409 (1131) module 49, x -5.8975, y 1.0025, z 706.531
 49302263 (1081) module 47, x -5.5675, y  0.975, z 661.531
 47205374 (1028) module 45, x -5.1825, y 0.9475, z 616.531

Track #15, length 7
 54151171 (1178) module 51, x -4.9925, y  18.96, z 750.469
 52058653 (1134) module 49, x -3.975, y 17.5575, z 705.469
 49966134 (1084) module 47, x -2.985, y 16.1825, z 660.469
 47873871 (1032) module 45, x -1.9675, y  14.78, z 615.469
 45789074 (973) module 43, x 0.672501, y 11.1225, z 496.921
 43701705 (917) module 41, x 2.7625, y 8.0975, z 401.411
 41612534 (851) module 39, x 4.4675, y 5.6225, z 324.463

Track #16, length 12
 54299507 (1179) module 51, x -2.5725, y 26.7975, z 751.531
 52201872 (1135) module 49, x -2.4625, y 25.2025, z 706.531
 50103982 (1085) module 47, x -2.325, y 23.5525, z 661.531
 48006347 (1031) module 45, x -2.1875, y 21.9575, z 616.531
 45777178 (971) module 43, x -1.8575, y 17.7225, z 496.921
 43681368 (915) module 41, x -1.5825, y 14.3125, z 401.411
 41585545 (846) module 39, x -1.3075, y 11.6175, z 324.463
 39489201 (775) module 37, x -1.1425, y 9.4175, z 262.469
 37392577 (706) module 35, x -1.0325, y 8.5375, z 237.469
 35295697 (643) module 33, x -0.959167, y 7.62083, z 212.469
 33199074 (582) module 31, x -0.8675, y 6.7225, z 187.469
 31102194 (519) module 29, x -0.785, y 5.8425, z 162.469

Track #17, length 9
 54164519 (1180) module 51, x -2.1325, y 17.0075, z 750.469
 52067897 (1136) module 49, x -2.0225, y 16.0175, z 705.469
 49971275 (1086) module 47, x -1.87583, y 14.9908, z 660.469
 47874910 (1033) module 45, x -1.7475, y 13.9825, z 615.469
 45779342 (972) module 43, x -1.4175, y 11.3425, z 496.921
 43683253 (916) module 41, x -1.1975, y 9.1975, z 401.411
 41587156 (847) module 39, x -0.977501, y 7.4925, z 324.463
 39490797 (776) module 37, x -0.8125, y 6.1175, z 262.469
 37393911 (707) module 35, x  -0.73, y 5.5675, z 237.469

Track #18, length 11
 53216227 (1137) module 50, x -4.9075, y -20.61, z 739.531
 51120378 (1088) module 48, x -4.6325, y -19.3725, z 694.531
 48951571 (1035) module 46, x  -4.33, y -18.1075, z 648.469
 46853161 (977) module 44, x -4.0275, y -16.8975, z 603.469
 44752484 (921) module 42, x -3.2575, y -13.6525, z 484.921
 42652564 (855) module 40, x -2.6525, y -11.0125, z 389.411
 40553146 (784) module 38, x -2.1575, y -8.9225, z 312.463
 38453977 (715) module 36, x -1.745, y -7.2175, z 250.469
 36356325 (649) module 34, x -1.6075, y  -6.53, z 225.469
 34258418 (589) module 32, x -1.4425, y -5.8425, z 200.469
 32160510 (526) module 30, x -1.2775, y -5.1825, z 175.469

Track #19, length 7
 53136493 (1138) module 50, x -2.295, y -13.1575, z 738.469
 51038843 (1089) module 48, x -2.1575, y -12.3875, z 693.469
 48941194 (1037) module 46, x -2.0475, y -11.5625, z 648.469
 46843288 (978) module 44, x -1.8825, y -10.7925, z 603.469
 44744638 (922) module 42, x -1.5525, y -8.7025, z 484.921
 42645980 (856) module 40, x -1.2225, y -7.0525, z 389.411
 40547828 (785) module 38, x -1.0025, y -5.705, z 312.463

Track #20, length 11
 53241276 (1139) module 50, x 0.4825, y -22.755, z 739.531
 51143893 (1091) module 48, x 0.4275, y -21.38, z 694.531
 49046766 (1038) module 46, x 0.4275, y -20.0325, z 649.531
 46832650 (979) module 44, x 0.372501, y -18.6025, z 603.469
 44735819 (924) module 42, x 0.317501, y -15.0275, z 484.921
 42638975 (858) module 40, x 0.262501, y -12.1675, z 389.411
 40542122 (787) module 38, x 0.2075, y -9.8025, z 312.463
 38445260 (718) module 36, x 0.1525, y -7.9325, z 250.469
 36348122 (653) module 34, x 0.1525, y -7.1625, z 225.469
 34250983 (592) module 32, x 0.134167, y -6.42917, z 200.469
 32154101 (529) module 30, x 0.0974998, y -5.6775, z 175.469

Track #21, length 6
 53107106 (1141) module 50, x 4.0575, y -10.215, z 738.469
 51010990 (1092) module 48, x 3.8375, y -9.5825, z 693.469
 48915129 (1039) module 46, x 3.5625, y -8.9775, z 648.469
 46819012 (981) module 44, x 3.3425, y -8.3725, z 603.469
 44724962 (925) module 42, x 2.6825, y -6.7225, z 484.921
 42630137 (859) module 40, x 2.1875, y  -5.43, z 389.411

Track #22, length 6
 53101734 (1142) module 50, x 5.2125, y -10.0225, z 738.469
 51006129 (1093) module 48, x 4.8825, y -9.4175, z 693.469
 48910524 (1040) module 46, x 4.5525, y -8.8125, z 648.469
 46814663 (982) module 44, x   4.25, y -8.2075, z 603.469
 44721379 (926) module 42, x  3.425, y  -6.64, z 484.921
 42627323 (860) module 40, x  2.765, y -5.3475, z 389.411

Track #23, length 11
 52590304 (1143) module 50, x 6.8325, y 29.7975, z 739.531
 50484454 (1095) module 48, x 6.5025, y 27.9275, z 694.531
 48378348 (1043) module 46, x 6.1725, y  26.03, z 649.531
 46272498 (985) module 44, x  5.815, y 24.1325, z 604.531
 45876468 (975) module 43, x  4.825, y 19.7025, z 497.982
 43706939 (919) module 41, x  3.945, y 15.9075, z 401.411
 41606258 (849) module 39, x 3.1475, y 12.8825, z 324.463
 39506079 (778) module 37, x 2.4875, y 10.4075, z 262.469
 37407409 (710) module 35, x  2.185, y 9.4175, z 237.469
 35308738 (644) module 33, x 1.8275, y 8.46417, z 212.469
 31111911 (520) module 29, x 1.2775, y 6.4475, z 162.469

Track #24, length 12
 52587483 (1144) module 50, x 7.1075, y 29.1925, z 739.531
 50482148 (1096) module 48, x 6.6125, y 27.4325, z 694.531
 48376557 (1042) module 46, x 6.1175, y 25.6175, z 649.531
 46271222 (984) module 44, x 5.6225, y 23.8575, z 604.531
 45878004 (974) module 43, x 4.5225, y 19.675, z 497.982
 43705403 (918) module 41, x 3.5875, y 15.9075, z 401.411
 41604978 (848) module 39, x 2.8725, y 12.8825, z 324.463
 39505054 (777) module 37, x  2.295, y 10.4625, z 262.469
 37406896 (709) module 35, x 2.0475, y 9.4725, z 237.469
 35308738 (644) module 33, x 1.8275, y 8.46417, z 212.469
 33210324 (583) module 31, x 1.57083, y 7.45583, z 187.469
 31111911 (520) module 29, x 1.2775, y 6.4475, z 162.469

Track #25, length 10
 53086983 (1146) module 50, x   8.32, y -18.7675, z 738.469
 50992412 (1098) module 48, x 7.7975, y -17.6125, z 693.469
 48897584 (1045) module 46, x 7.3025, y -16.5125, z 648.469
 46802756 (987) module 44, x 6.8075, y -15.385, z 603.469
 44711802 (929) module 42, x 5.4875, y -12.4425, z 484.921
 42619558 (862) module 40, x 4.4425, y -10.0225, z 389.411
 40526281 (789) module 38, x 3.6175, y -8.0975, z 312.463
 38432485 (720) module 36, x 2.9025, y -6.5575, z 250.469
 36336624 (655) module 34, x 2.6275, y -5.925, z 225.469
 34240764 (595) module 32, x 2.3525, y -5.2925, z 200.469

Track #26, length 7
 53082969 (1147) module 50, x 9.3375, y -14.2575, z 738.469
 50987880 (1099) module 48, x 8.7875, y -13.405, z 693.469
 48893304 (1046) module 46, x 8.2375, y -12.5525, z 648.469
 46798728 (988) module 44, x 7.6875, y -11.6725, z 603.469
 44708529 (930) module 42, x 6.2025, y -9.4175, z 484.921
 42616786 (863) module 40, x 5.0475, y -7.6025, z 389.411
 40524269 (790) module 38, x 4.0575, y -6.1175, z 312.463

Track #27, length 8
 52552370 (1148) module 50, x 9.3625, y 21.5475, z 739.531
 50450364 (1100) module 48, x 8.8125, y  20.53, z 694.531
 48348869 (1047) module 46, x 8.3175, y 19.5675, z 649.531
 46247117 (989) module 44, x   7.85, y 18.605, z 604.531
 44138213 (931) module 42, x   6.53, y 16.0475, z 485.982
 42031353 (865) module 40, x 5.4575, y 13.985, z 390.473
 41613688 (852) module 39, x 4.7425, y 12.5525, z 324.463
 39512976 (779) module 37, x      4, y 11.2325, z 262.469

Track #28, length 9
 53065733 (1149) module 50, x 13.0225, y -18.8775, z 738.469
 50972442 (1101) module 48, x 12.1975, y -17.695, z 693.469
 48878896 (1048) module 46, x 11.4275, y -16.5125, z 648.469
 46785605 (990) module 44, x 10.6025, y -15.3575, z 603.469
 44697724 (932) module 42, x 8.5125, y -12.305, z 484.921
 42608553 (867) module 40, x 6.8075, y -9.8575, z 389.411
 40517837 (794) module 38, x 5.4325, y -7.8775, z 312.463
 38425834 (721) module 36, x 4.3325, y -6.2825, z 250.469
 36330742 (656) module 34, x 3.8925, y -5.6225, z 225.469

Track #29, length 7
 53063113 (1150) module 50, x 13.6275, y  -8.07, z 738.469
 50969554 (1102) module 48, x 12.8575, y -7.6025, z 693.469
 48876250 (1050) module 46, x 12.0325, y -7.1625, z 648.469
 46782690 (993) module 44, x 11.2625, y -6.695, z 603.469
 44695545 (934) module 42, x   9.09, y -5.4575, z 484.921
 41946070 (868) module 40, x  7.355, y -4.4675, z 390.473
 39852784 (795) module 38, x 5.9525, y -3.615, z 313.525

Track #30, length 13
 52605442 (1151) module 50, x 19.0058, y 33.1342, z 739.531
 50499352 (1103) module 48, x 17.8325, y 31.1725, z 694.531
 48393005 (1051) module 46, x 16.6775, y 29.1925, z 649.531
 46286658 (994) module 44, x 15.5225, y 27.2125, z 604.531
 44166010 (935) module 42, x 12.4425, y 22.0425, z 485.982
 42049447 (870) module 40, x 9.9675, y 17.8625, z 390.473
 39936715 (797) module 38, x 7.9875, y 14.5075, z 313.525
 37827049 (722) module 36, x 6.3375, y 11.8125, z 251.531
 35724789 (657) module 34, x 5.6775, y 10.7125, z 226.531
 33224889 (585) module 31, x 4.6875, y 8.9775, z 187.469
 31124684 (522) module 29, x 4.0275, y  7.905, z 162.469
 29024480 (466) module 27, x 3.3675, y 6.8325, z 137.469
 26924276 (417) module 25, x 2.7075, y 5.7325, z 112.469

Track #31, length 10
 52837615 (1152) module 50, x 19.9775, y  6.625, z 738.469
 50384135 (1104) module 48, x 18.7675, y   6.23, z 694.531
 48285213 (1052) module 46, x 17.5575, y 5.8175, z 649.531
 46186291 (995) module 44, x  16.32, y 5.4325, z 604.531
 44084078 (937) module 42, x 13.075, y 4.3325, z 485.982
 41983134 (871) module 40, x 10.4625, y 3.5075, z 390.473
 39882692 (798) module 38, x 8.3725, y 2.7925, z 313.525
 37782755 (723) module 36, x 6.6675, y  2.215, z 251.531
 35684591 (658) module 34, x 6.0075, y 1.9675, z 226.531
 33586428 (596) module 32, x 5.2925, y 1.7475, z 201.531

Track #32, length 11
 53020329 (1153) module 50, x 22.8125, y -9.8575, z 738.469
 50929587 (1105) module 48, x 21.4375, y -9.3075, z 693.469
 48838846 (1053) module 46, x 20.0625, y -8.7025, z 648.469
 46747848 (997) module 44, x 18.715, y -8.125, z 603.469
 44667620 (938) module 42, x 15.1125, y -6.6125, z 484.921
 42583803 (872) module 40, x 12.225, y -5.3475, z 389.411
 39849128 (799) module 38, x 9.9125, y -4.4125, z 313.525
 37755850 (724) module 36, x 8.0425, y -3.5875, z 251.531
 35660248 (659) module 34, x 7.2725, y  -3.23, z 226.531
 33564646 (599) module 32, x 6.5025, y   -2.9, z 201.531
 31469300 (533) module 30, x 5.7325, y -2.5425, z 176.531

Track #33, length 12
 52882346 (1154) module 50, x 23.7725, y -2.9725, z 738.469
 50784196 (1106) module 48, x 22.3425, y -2.7525, z 693.469
 48686302 (1055) module 46, x 20.9125, y -2.5875, z 648.469
 46588152 (998) module 44, x 19.4825, y -2.395, z 603.469
 44055101 (939) module 42, x 15.7975, y -1.8825, z 485.982
 41959796 (873) module 40, x 12.7725, y -1.4975, z 390.473
 39864224 (801) module 38, x 10.3525, y -1.1675, z 313.525
 37768132 (726) module 36, x 8.3725, y -0.9475, z 251.531
 35671250 (661) module 34, x 7.6025, y -0.865, z 226.531
 33574625 (602) module 32, x 6.7775, y -0.7825, z 201.531
 31477999 (537) module 30, x 6.0075, y -0.6725, z 176.531
 29381373 (475) module 28, x   5.21, y -0.5625, z 151.531

Track #34, length 6
 52833438 (1155) module 50, x 24.4325, y 7.5325, z 738.469
 50737347 (1107) module 48, x  22.37, y  7.285, z 693.469
 48641513 (1054) module 46, x 20.3075, y 7.0375, z 648.469
 46192399 (996) module 44, x   18.3, y   6.78, z 604.531
 44092274 (936) module 42, x 12.855, y   6.12, z 485.982
 41992899 (869) module 40, x 8.4275, y  5.625, z 390.473

Track #35, length 11
 52879244 (1156) module 50, x 25.4225, y  -2.34, z 738.469
 50781608 (1109) module 48, x 23.8825, y -2.2025, z 693.469
 48683717 (1056) module 46, x 22.2875, y -2.0375, z 648.469
 46586081 (1000) module 44, x 20.7475, y -1.9275, z 603.469
 44056622 (941) module 42, x 16.6225, y -1.5525, z 485.982
 41961066 (875) module 40, x 13.3225, y -1.2225, z 390.473
 39864987 (802) module 38, x 10.6275, y -1.0025, z 313.525
 37768898 (727) module 36, x 8.4825, y -0.7825, z 251.531
 35672018 (662) module 34, x 7.6025, y -0.7275, z 226.531
 33575138 (600) module 32, x 6.7225, y -0.645, z 201.531
 31478513 (535) module 30, x   5.87, y -0.5625, z 176.531

Track #36, length 11
 52755336 (1157) module 50, x 25.6425, y 24.5275, z 738.469
 50664868 (1110) module 48, x 24.075, y 22.9875, z 693.469
 48574657 (1058) module 46, x 22.5075, y 21.475, z 648.469
 46484702 (1001) module 44, x 20.9125, y 19.9625, z 603.469
 44137515 (942) module 42, x 16.7875, y 15.9375, z 485.982
 42025320 (876) module 40, x 13.4325, y 12.6925, z 390.473
 39915929 (803) module 38, x 10.7375, y 10.0525, z 313.525
 37809601 (728) module 36, x 8.5375, y   7.99, z 251.531
 35708625 (663) module 34, x 7.6575, y  7.165, z 226.531
 33607649 (603) module 32, x 6.7775, y   6.34, z 201.531
 31506673 (536) module 30, x 5.8975, y  5.515, z 176.531

Track #37, length 12
 53362360 (1158) module 50, x 26.7358, y -22.9842, z 739.531
 51257554 (1111) module 48, x 25.095, y -21.5725, z 694.531
 49152747 (1060) module 46, x 23.445, y -20.1975, z 649.531
 46733575 (1004) module 44, x 21.7675, y -18.74, z 603.469
 44656715 (943) module 42, x 17.4225, y -15.0275, z 484.921
 42576001 (877) module 40, x 13.9025, y -12.0575, z 389.411
 40491693 (804) module 38, x 11.125, y -9.6375, z 312.463
 38404561 (729) module 36, x   8.87, y -7.6575, z 250.469
 36311775 (664) module 34, x 7.9625, y -6.8875, z 225.469
 34218989 (604) module 32, x 7.0275, y  -6.09, z 200.469
 32125948 (538) module 30, x 6.1475, y -5.2925, z 175.469
 29362685 (476) module 28, x 5.2375, y  -4.55, z 151.531

Track #38, length 12
 53378897 (1159) module 50, x 30.2925, y -28.6675, z 739.531
 51273073 (1112) module 48, x 28.4225, y -26.9075, z 694.531
 49167249 (1061) module 46, x 26.5525, y -25.1475, z 649.531
 47061681 (1005) module 44, x 24.7375, y -23.3875, z 604.531
 44645640 (946) module 42, x 19.7875, y -18.685, z 484.921
 42566732 (879) module 40, x 15.8825, y -14.945, z 389.411
 40484483 (806) module 38, x 12.6925, y -11.9475, z 312.463
 38399407 (732) module 36, x 10.1075, y -9.5275, z 250.469
 36306881 (667) module 34, x   9.09, y -8.5375, z 225.469
 34214355 (607) module 32, x 8.0175, y -7.5475, z 200.469
 32122085 (541) module 30, x 6.9725, y -6.5575, z 175.469
 30029815 (480) module 28, x 5.9275, y -5.5675, z 150.469

Track #39, length 13
 52217114 (1132) module 49, x -5.7625, y 31.665, z 706.531
 50118206 (1082) module 47, x -5.3775, y 29.7125, z 661.531
 48019554 (1029) module 45, x -5.0475, y 27.705, z 616.531
 45918401 (969) module 43, x -4.1675, y  22.48, z 497.982
 43672593 (913) module 41, x -3.4525, y 18.2175, z 401.411
 41577807 (844) module 39, x  -2.93, y 14.8075, z 324.463
 39483009 (773) module 37, x -2.4625, y 12.0575, z 262.469
 37386646 (705) module 35, x  -2.27, y 10.9025, z 237.469
 35290538 (642) module 33, x -2.0775, y 9.8025, z 212.469
 33194174 (580) module 31, x -1.87583, y 8.66583, z 187.469
 31098067 (518) module 29, x -1.665, y 7.5475, z 162.469
 29002215 (464) module 27, x -1.4175, y 6.4475, z 137.469
 26905851 (415) module 25, x -1.23417, y 5.32917, z 112.469

Track #40, length 11
 51118630 (1087) module 48, x -4.9625, y -31.0325, z 694.531
 49023051 (1034) module 46, x -4.6325, y -28.9975, z 649.531
 46927473 (976) module 44, x -4.3025, y -26.9075, z 604.531
 44834516 (920) module 42, x -3.4225, y -21.4625, z 485.982
 42652967 (854) module 40, x -2.7625, y -17.0075, z 389.411
 40553576 (783) module 38, x -2.2675, y -13.4325, z 312.463
 38454427 (714) module 36, x -1.8275, y  -10.6, z 250.469
 36356528 (648) module 34, x -1.6625, y -9.445, z 225.469
 34258629 (588) module 32, x -1.4975, y -8.3175, z 200.469
 32160730 (525) module 30, x -1.3325, y -7.1625, z 175.469
 30062831 (470) module 28, x -1.1675, y -6.0075, z 150.469

Track #41, length 13
 51166231 (1094) module 48, x 5.2675, y -31.8575, z 694.531
 49067580 (1041) module 46, x 4.9375, y -29.8225, z 649.531
 46968929 (983) module 44, x 4.6075, y -27.7875, z 604.531
 44867777 (927) module 42, x 3.7275, y -22.5075, z 485.982
 42626065 (861) module 40, x 3.0125, y -18.19, z 389.411
 40531792 (788) module 38, x 2.4075, y -14.7525, z 312.463
 38436738 (719) module 36, x 1.9675, y -11.975, z 250.469
 36340375 (654) module 34, x  1.775, y -10.8475, z 225.469
 34244267 (594) module 32, x 1.5825, y -9.7475, z 200.469
 32147903 (530) module 30, x 1.4175, y  -8.62, z 175.469
 30051796 (473) module 28, x 1.1975, y -7.4925, z 150.469
 27955433 (424) module 26, x 1.0325, y -6.3375, z 125.469
 25859070 (376) module 24, x   0.84, y -5.1825, z 100.469

Track #42, length 13
 50863983 (1115) module 48, x 35.6275, y -13.0475, z 693.469
 48777342 (1063) module 46, x 33.3725, y -12.2225, z 648.469
 46690701 (1007) module 44, x  31.09, y -11.3975, z 603.469
 44621493 (948) module 42, x 25.1225, y -9.1975, z 484.921
 42546389 (882) module 40, x 20.2825, y -7.4375, z 389.411
 40467183 (809) module 38, x 16.405, y -6.0075, z 312.463
 37749610 (736) module 36, x 13.3225, y -4.9075, z 251.531
 35654529 (671) module 34, x 12.0575, y -4.4675, z 226.531
 33559704 (610) module 32, x 10.7925, y -3.9725, z 201.531
 31464623 (544) module 30, x 9.5275, y -3.5325, z 176.531
 29369542 (483) module 28, x 8.2625, y -3.0925, z 151.531
 27274717 (428) module 26, x 6.9975, y -2.5975, z 126.531
 25179636 (380) module 24, x 5.7325, y  -2.13, z 101.531

Track #43, length 5
 50250076 (1065) module 47, x -33.9592, y 28.0258, z 661.531
 48134589 (1009) module 45, x -29.9808, y 22.7092, z 616.531
 45696447 (955) module 43, x -19.3475, y   8.62, z 496.921
 43026581 (904) module 41, x -10.93, y -2.4075, z 402.473
 40556146 (782) module 38, x -2.8175, y -12.8825, z 312.463

Track #44, length 4
 48500409 (1059) module 46, x 22.9475, y 37.535, z 648.469
 46415572 (1003) module 44, x 21.4625, y 34.9225, z 603.469
 44193563 (944) module 42, x 17.6675, y  28.12, z 485.982
 42071641 (878) module 40, x 14.2575, y 22.675, z 390.473

Track #45, length 12
 48790816 (1062) module 46, x  30.43, y -17.3925, z 648.469
 46703413 (1006) module 44, x 28.3675, y -16.2375, z 603.469
 44630893 (947) module 42, x  22.95, y -13.1575, z 484.921
 42554266 (881) module 40, x 18.5775, y -10.655, z 389.411
 40473791 (808) module 38, x 15.0025, y  -8.62, z 312.463
 38389981 (735) module 36, x 12.1425, y -6.9975, z 250.469
 36298217 (670) module 34, x 10.9875, y -6.3375, z 225.469
 34206453 (609) module 32, x  9.805, y -5.6775, z 200.469
 31457470 (543) module 30, x 8.7025, y -5.045, z 176.531
 29363411 (482) module 28, x 7.5475, y -4.385, z 151.531
 27269352 (427) module 26, x 6.3925, y -3.725, z 126.531
 25175549 (378) module 24, x 5.2375, y -3.0375, z 101.531

Track #46, length 11
 48102164 (1012) module 45, x -22.9225, y 32.0225, z 616.531
 45984901 (956) module 43, x -18.5775, y 25.8075, z 497.982
 43871457 (900) module 41, x -15.0575, y 20.7475, z 402.473
 41535277 (829) module 39, x -12.1975, y 16.6775, z 324.463
 39448936 (758) module 37, x -9.8875, y 13.405, z 262.469
 37355648 (691) module 35, x  -8.98, y 12.1125, z 237.469
 35262872 (631) module 33, x -8.0175, y 10.7925, z 212.469
 33170352 (569) module 31, x -7.0275, y 9.4725, z 187.469
 31077832 (509) module 29, x -6.0375, y 8.1525, z 162.469
 28985312 (456) module 27, x -5.0475, y 6.8325, z 137.469
 26892792 (409) module 25, x -4.0575, y 5.5125, z 112.469

Track #47, length 11
 46949648 (980) module 44, x 0.4825, y -32.2425, z 604.531
 44851842 (923) module 42, x 0.3175, y -25.9725, z 485.982
 42754013 (857) module 40, x 0.1525, y -20.94, z 390.473
 40542762 (786) module 38, x 0.0424995, y -16.815, z 312.463
 38445670 (717) module 36, x 0.0424995, y -13.5425, z 250.469
 36348798 (652) module 34, x -0.0125008, y -12.2225, z 225.469
 34251671 (591) module 32, x -0.0125008, y -10.8475, z 200.469
 32154544 (528) module 30, x -0.0125008, y -9.4725, z 175.469
 30057417 (472) module 28, x -0.0125008, y  -8.07, z 150.469
 27960291 (423) module 26, x -0.0125008, y -6.6675, z 125.469
 25863165 (375) module 24, x -0.0125008, y -5.2375, z 100.469

Track #48, length 6
 46329492 (991) module 44, x 11.0125, y 36.3975, z 604.531
 44194495 (933) module 42, x 8.6475, y 28.2575, z 485.982
 42066913 (866) module 40, x 6.7775, y  21.63, z 390.473
 39944956 (793) module 38, x 5.2925, y 16.2675, z 313.525
 39514229 (780) module 37, x  4.275, y 12.7175, z 262.469
 37415061 (711) module 35, x 3.8075, y 10.9575, z 237.469

Track #49, length 6
 46330512 (992) module 44, x 11.2325, y 36.645, z 604.531
 44194495 (933) module 42, x 8.6475, y 28.2575, z 485.982
 42066913 (866) module 40, x 6.7775, y  21.63, z 390.473
 39944956 (793) module 38, x 5.2925, y 16.2675, z 313.525
 39514229 (780) module 37, x  4.275, y 12.7175, z 262.469
 37415061 (711) module 35, x 3.8075, y 10.9575, z 237.469

Track #50, length 11
 46403309 (999) module 44, x 20.0875, y 37.5625, z 603.469
 44204857 (940) module 42, x 16.0175, y 30.5125, z 485.982
 42080628 (874) module 40, x 12.7725, y  24.71, z 390.473
 39962531 (800) module 38, x 10.1875, y  20.09, z 313.525
 37848008 (725) module 36, x 8.11583, y 16.3592, z 251.531
 35743959 (660) module 34, x 7.3275, y 14.8375, z 226.531
 33639654 (598) module 32, x 6.5025, y 13.2975, z 201.531
 31535348 (534) module 30, x 5.7325, y 11.7575, z 176.531
 29029554 (467) module 27, x  4.495, y  9.335, z 137.469
 26928847 (418) module 25, x  3.725, y 7.7675, z 112.469
 24828395 (370) module 23, x 2.9825, y 6.2275, z 87.469

Track #51, length 10
 45444680 (951) module 43, x -29.1625, y -18.0925, z 496.921
 43364271 (895) module 41, x -23.47, y -14.5175, z 401.411
 40972036 (823) module 39, x -18.9325, y -11.7025, z 325.525
 38864199 (753) module 37, x -15.2475, y -9.3925, z 263.531
 36763234 (688) module 35, x -13.7625, y -8.4575, z 238.531
 34661757 (626) module 33, x -12.25, y -7.5225, z 213.531
 32560281 (564) module 31, x -10.7375, y -6.615, z 188.531
 30459060 (505) module 29, x -9.2525, y -5.7075, z 163.531
 28357583 (452) module 27, x -7.7675, y -4.7725, z 138.531
 26256107 (406) module 25, x -6.2275, y -3.865, z 113.531

Track #52, length 10
 46023016 (952) module 43, x -26.91, y 27.4025, z 497.982
 43902154 (896) module 41, x -21.6758, y 21.9942, z 402.473
 41510940 (826) module 39, x -17.395, y 17.6125, z 324.463
 39429724 (754) module 37, x -13.985, y 14.0925, z 262.469
 37338997 (689) module 35, x -12.61, y 12.7175, z 237.469
 35248271 (628) module 33, x -11.2625, y 11.2875, z 212.469
 33157544 (566) module 31, x  -9.86, y 9.9125, z 187.469
 31066561 (507) module 29, x -8.4575, y   8.51, z 162.469
 28975835 (454) module 27, x -7.055, y 7.1075, z 137.469
 26885108 (407) module 25, x  -5.68, y 5.7325, z 112.469

Track #53, length 10
 45916116 (970) module 43, x -3.6725, y 21.435, z 497.982
 43673885 (914) module 41, x -3.1775, y 17.5575, z 401.411
 41578839 (845) module 39, x -2.7375, y  14.34, z 324.463
 39482760 (772) module 37, x -2.5175, y 11.6725, z 262.469
 37386139 (704) module 35, x -2.4075, y 10.6275, z 237.469
 35289774 (641) module 33, x -2.2425, y 9.5825, z 212.469
 33193666 (579) module 31, x -1.995, y 8.4825, z 187.469
 31097813 (517) module 29, x -1.7475, y 7.4375, z 162.469
 29001704 (463) module 27, x -1.5275, y  6.365, z 137.469
 26905851 (415) module 25, x -1.23417, y 5.32917, z 112.469

Track #54, length 11
 45257922 (964) module 43, x -8.4825, y -31.4475, z 497.982
 43133407 (909) module 41, x -6.8875, y -25.5625, z 402.473
 41014774 (840) module 39, x -5.6225, y -20.8325, z 325.525
 38466101 (712) module 36, x -4.385, y -16.2375, z 250.469
 36367185 (646) module 34, x -3.9725, y -14.6975, z 225.469
 34268013 (586) module 32, x  -3.56, y -13.1575, z 200.469
 32169097 (523) module 30, x -3.1475, y -11.6175, z 175.469
 30069925 (468) module 28, x -2.735, y -10.0775, z 150.469
 27971009 (420) module 26, x -2.3225, y -8.5375, z 125.469
 25871837 (373) module 24, x  -1.91, y -6.9975, z 100.469
 23772921 (333) module 22, x -1.4975, y -5.4575, z 75.469

Track #55, length 10
 44999745 (950) module 42, x 32.355, y -29.5475, z 485.982
 42872493 (885) module 40, x 25.8558, y -23.5892, z 390.473
 40447495 (812) module 38, x 20.6125, y -18.74, z 312.463
 38369612 (739) module 36, x 16.4875, y -14.945, z 250.469
 36280424 (674) module 34, x 14.7825, y -13.4325, z 225.469
 34191236 (612) module 32, x 13.0775, y -11.8925, z 200.469
 32102048 (546) module 30, x 11.345, y -10.3525, z 175.469
 30012861 (485) module 28, x   9.64, y -8.7575, z 150.469
 27923162 (430) module 26, x  7.935, y -7.1625, z 125.469
 25833718 (381) module 24, x  6.285, y -5.6225, z 100.469

Track #56, length 11
 43318531 (890) module 41, x -32.9575, y -24.39, z 401.411
 41242483 (819) module 39, x -26.7975, y -19.7975, z 324.463
 39162574 (749) module 37, x -21.7925, y -16.1125, z 262.469
 37072370 (684) module 35, x -19.8125, y -14.6275, z 237.469
 34687511 (622) module 33, x -17.8875, y -13.1875, z 213.531
 32583483 (560) module 31, x -15.9075, y -11.7025, z 188.531
 30479711 (501) module 29, x -13.9275, y -10.2725, z 163.531
 28376195 (448) module 27, x -11.9475, y -8.7875, z 138.531
 26272423 (402) module 25, x -9.9675, y -7.3575, z 113.531
 24168394 (361) module 23, x -8.02417, y -5.89083, z 88.531
 22064622 (321) module 21, x -6.0625, y -4.4425, z 63.531

Track #57, length 11
 43949584 (891) module 41, x -31.9975, y 32.2425, z 402.473
 41824892 (820) module 39, x -26.0758, y 26.2842, z 325.525
 39706324 (750) module 37, x -21.3275, y 21.4625, z 263.531
 37600247 (685) module 35, x -19.4025, y 19.5375, z 238.531
 35219742 (623) module 33, x -17.3675, y 17.5025, z 212.469
 33131585 (561) module 31, x -15.4425, y 15.5775, z 187.469
 31043428 (502) module 29, x -13.5175, y 13.625, z 162.469
 28955272 (449) module 27, x -11.5925, y 11.6725, z 137.469
 26866859 (403) module 25, x -9.695, y 9.7475, z 112.469
 24778190 (362) module 23, x  -7.77, y 7.8225, z 87.469
 22690033 (322) module 21, x -5.845, y   5.87, z 62.469

Track #58, length 11
 43946984 (892) module 41, x -31.3925, y 20.3625, z 402.473
 41473840 (821) module 39, x -25.5075, y 16.5125, z 324.463
 39397991 (751) module 37, x -20.8325, y 13.4875, z 262.469
 37309565 (686) module 35, x -18.9625, y 12.2775, z 237.469
 35221139 (624) module 33, x -17.0925, y  11.04, z 212.469
 33132970 (562) module 31, x -15.1675, y 9.8025, z 187.469
 31044544 (503) module 29, x -13.2975, y 8.5925, z 162.469
 28956118 (450) module 27, x -11.4275, y 7.3825, z 137.469
 26867948 (404) module 25, x -9.5025, y  6.145, z 112.469
 24117968 (363) module 23, x -7.7125, y 4.9625, z 88.531
 22026482 (323) module 21, x -5.8425, y 3.7525, z 63.531

Track #59, length 9
 43337333 (894) module 41, x -26.66, y -20.2925, z 401.411
 41258455 (822) module 39, x -21.2608, y -16.3692, z 324.463
 38881574 (752) module 37, x -17.0625, y -13.16, z 263.531
 36778565 (687) module 35, x -15.3575, y -11.8675, z 238.531
 34675299 (625) module 33, x -13.68, y -10.5475, z 213.531
 32572034 (563) module 31, x -12.0025, y -9.255, z 188.531
 30469536 (504) module 29, x -10.3525, y -7.9625, z 163.531
 28366526 (451) module 27, x -8.675, y -6.6975, z 138.531
 26263261 (405) module 25, x -6.9975, y -5.405, z 113.531

Track #60, length 10
 43849580 (905) module 41, x -10.3825, y 27.1825, z 402.473
 41743816 (835) module 39, x -8.4025, y 22.1225, z 325.525
 39462677 (764) module 37, x -6.8075, y 17.9975, z 262.469
 37368627 (697) module 35, x -6.1475, y 16.3475, z 237.469
 35274320 (636) module 33, x -5.5425, y 14.7525, z 212.469
 33180013 (574) module 31, x -4.91917, y 13.1208, z 187.469
 31085963 (513) module 29, x -4.2775, y 11.5075, z 162.469
 28991656 (459) module 27, x -3.6725, y  9.885, z 137.469
 26897606 (411) module 25, x -3.0125, y  8.235, z 112.469
 24803557 (366) module 23, x -2.3525, y 6.5575, z 87.469

Track #61, length 10
 43830592 (911) module 41, x  -6.23, y 29.6025, z 402.473
 41728169 (841) module 39, x -5.0475, y 23.8275, z 325.525
 39475457 (770) module 37, x -4.0575, y 19.0975, z 262.469
 37380131 (702) module 35, x -3.6725, y 17.2275, z 237.469
 35285061 (640) module 33, x -3.2325, y  15.33, z 212.469
 33189736 (577) module 31, x -2.8475, y 13.4325, z 187.469
 31094410 (516) module 29, x -2.4625, y 11.5625, z 162.469
 28999084 (462) module 27, x -2.0775, y 9.6925, z 137.469
 26904014 (414) module 25, x -1.6375, y 7.8225, z 112.469
 24808688 (369) module 23, x -1.2525, y  5.925, z 87.469

Track #62, length 7
 41949754 (880) module 40, x 15.9625, y -3.6425, z 390.473
 39856501 (807) module 38, x 12.7175, y -2.8175, z 313.525
 37762469 (731) module 36, x 10.0775, y -2.1575, z 251.531
 35666616 (666) module 34, x 9.0325, y -1.8825, z 226.531
 33570764 (606) module 32, x 7.9325, y -1.6075, z 201.531
 31474912 (540) module 30, x 6.8325, y -1.3325, z 176.531
 29379059 (478) module 28, x   5.76, y -1.0575, z 151.531

Track #63, length 10
 42861824 (883) module 40, x 23.5825, y -33.1225, z 390.473
 40742777 (810) module 38, x 18.7425, y -26.44, z 313.525
 38627547 (737) module 36, x 14.865, y -21.0775, z 251.531
 36287494 (672) module 34, x 13.2425, y -18.795, z 225.469
 34197550 (611) module 32, x 11.7025, y -16.6225, z 200.469
 32107349 (545) module 30, x  10.19, y -14.4775, z 175.469
 30016893 (484) module 28, x 8.6775, y -12.2775, z 150.469
 27926948 (429) module 26, x 7.1375, y -10.1325, z 125.469
 25836747 (379) module 24, x  5.625, y  -7.96, z 100.469
 23746803 (336) module 22, x 4.1125, y -5.7875, z 75.469

Track #64, length 10
 42867802 (884) module 40, x 24.875, y -28.1725, z 390.473
 40749244 (811) module 38, x 20.145, y -22.7825, z 313.525
 38370573 (738) module 36, x 16.2675, y -18.41, z 250.469
 36280365 (673) module 34, x 14.755, y -16.6775, z 225.469
 34190412 (613) module 32, x 13.2242, y -14.9358, z 200.469
 32100460 (547) module 30, x 11.675, y -13.2125, z 175.469
 30010764 (486) module 28, x 10.1075, y -11.4525, z 150.469
 27920299 (431) module 26, x 8.5675, y  -9.72, z 125.469
 25830347 (382) module 24, x 7.0275, y -7.9875, z 100.469
 23740395 (337) module 22, x 5.4875, y -6.2275, z 75.469

Track #65, length 11
 41426338 (817) module 39, x -35.7375, y 10.2425, z 324.463
 39359427 (746) module 37, x -29.2475, y 8.4275, z 262.469
 37274320 (682) module 35, x -26.6625, y  7.685, z 237.469
 35189214 (620) module 33, x -24.05, y 6.9425, z 212.469
 33104108 (558) module 31, x -21.3825, y 6.1725, z 187.469
 31019258 (499) module 29, x -18.715, y 5.4025, z 162.469
 28313654 (446) module 27, x -16.1825, y 4.6325, z 138.531
 26220134 (400) module 25, x -13.515, y 3.8625, z 113.531
 24126614 (359) module 23, x -10.875, y 3.0925, z 88.531
 22033095 (319) module 21, x -8.2075, y 2.3225, z 63.531
 19939575 (281) module 19, x -5.5675, y 1.5525, z 38.531

Track #66, length 8
 41861902 (818) module 39, x -34.0508, y 32.3342, z 325.525
 39735672 (748) module 37, x -27.7808, y 26.5042, z 263.531
 37627044 (683) module 35, x -25.2875, y 24.1025, z 238.531
 35518671 (621) module 33, x -22.785, y 21.7375, z 213.531
 33410042 (559) module 31, x -20.2825, y 19.3725, z 188.531
 31024169 (500) module 29, x -17.6425, y  16.87, z 162.469
 28938581 (447) module 27, x -15.14, y 14.4775, z 137.469
 26853505 (401) module 25, x -12.5825, y 12.0575, z 112.469

Track #67, length 10
 41755753 (831) module 39, x -11.0975, y 27.3475, z 325.525
 39649476 (760) module 37, x  -9.09, y 22.3425, z 263.531
 37549032 (694) module 35, x -8.2925, y 20.335, z 238.531
 35265297 (633) module 33, x -7.4675, y 18.2175, z 212.469
 33172021 (570) module 31, x -6.6425, y 16.2375, z 187.469
 31078490 (510) module 29, x -5.8725, y 14.2025, z 162.469
 28985214 (457) module 27, x -5.0475, y 12.195, z 137.469
 26891939 (408) module 25, x -4.2225, y 10.1875, z 112.469
 24798663 (364) module 23, x -3.3975, y   8.18, z 87.469
 22705388 (324) module 21, x -2.5725, y  6.145, z 62.469

Track #68, length 10
 41746753 (833) module 39, x -9.1725, y  29.52, z 325.525
 39642020 (762) module 37, x  -7.44, y 24.075, z 263.531
 37541836 (695) module 35, x -6.7525, y 21.875, z 238.531
 35441652 (634) module 33, x -6.0925, y 19.675, z 213.531
 33177888 (572) module 31, x -5.3775, y 17.3925, z 187.469
 31084104 (512) module 29, x -4.6625, y 15.1925, z 162.469
 28990064 (458) module 27, x -4.0025, y 12.9925, z 137.469
 26896024 (410) module 25, x -3.3425, y 10.7925, z 112.469
 24802240 (365) module 23, x -2.6275, y 8.5925, z 87.469
 22708200 (325) module 21, x -1.9675, y 6.3925, z 62.469

Track #69, length 9
 41737826 (838) module 39, x -7.1375, y 27.7325, z 325.525
 39633860 (767) module 37, x -5.6525, y 22.3425, z 263.531
 37534187 (701) module 35, x -5.1025, y  20.17, z 238.531
 35278871 (638) module 33, x -4.5525, y 17.8875, z 212.469
 33184575 (575) module 31, x -3.9475, y 15.6875, z 187.469
 31090023 (514) module 29, x -3.3975, y 13.4875, z 162.469
 28995471 (460) module 27, x -2.8475, y 11.2875, z 137.469
 26900919 (412) module 25, x -2.2975, y 9.0875, z 112.469
 24806367 (367) module 23, x -1.7475, y 6.8875, z 87.469

Track #70, length 10
 41727310 (842) module 39, x -4.8825, y 28.8325, z 325.525
 39626158 (771) module 37, x -4.0025, y 23.5525, z 263.531
 37527252 (703) module 35, x -3.6175, y 21.435, z 238.531
 35428603 (639) module 33, x -3.2875, y 19.3175, z 213.531
 33189413 (576) module 31, x -2.9025, y  17.09, z 187.469
 31094092 (515) module 29, x -2.5175, y 14.9725, z 162.469
 28998515 (461) module 27, x -2.1875, y 12.8275, z 137.469
 26903193 (413) module 25, x -1.8025, y  10.71, z 112.469
 24807616 (368) module 23, x -1.4725, y 8.5925, z 87.469
 22712295 (326) module 21, x -1.0875, y 6.4475, z 62.469

Track #71, length 8
 40027008 (805) module 38, x 12.1125, y 34.0325, z 313.525
 37896873 (730) module 36, x 9.82083, y 26.9742, z 251.531
 35786684 (665) module 34, x 8.8125, y 24.1325, z 226.531
 33677007 (605) module 32, x 7.7675, y 21.3275, z 201.531
 29456371 (479) module 28, x 5.7875, y 15.6625, z 151.531
 26931343 (419) module 25, x 4.2475, y  11.26, z 112.469
 24829378 (371) module 23, x 3.2025, y  8.455, z 87.469
 22727412 (328) module 21, x  2.185, y 5.7325, z 62.469

Track #72, length 9
 40419627 (813) module 38, x 26.7175, y -16.76, z 312.463
 38345320 (741) module 36, x 21.7125, y -13.4325, z 250.469
 36257408 (677) module 34, x 19.7325, y -12.085, z 225.469
 34169752 (615) module 32, x 17.6608, y -10.7742, z 200.469
 32082607 (549) module 30, x 15.5525, y   -9.5, z 175.469
 29994950 (490) module 28, x  13.49, y -8.2625, z 150.469
 25819894 (387) module 24, x  9.365, y -5.6225, z 100.469
 23071958 (342) module 22, x 7.3825, y -4.385, z 76.531
 20980987 (293) module 20, x 5.3475, y -3.0925, z 51.531

Track #73, length 9
 40187999 (816) module 38, x 27.8975, y 21.035, z 312.463
 38110916 (743) module 36, x 22.3425, y 16.7725, z 250.469
 36021741 (678) module 34, x  20.06, y 15.0675, z 225.469
 33640215 (616) module 32, x 17.8875, y 13.4625, z 201.531
 31535168 (550) module 30, x 15.6325, y 11.7575, z 176.531
 29429865 (489) module 28, x 13.3775, y 9.9975, z 151.531
 27325331 (434) module 26, x 11.0675, y 8.2925, z 126.531
 25220028 (385) module 24, x  8.785, y 6.5325, z 101.531
 23114726 (340) module 22, x 6.5025, y 4.7725, z 76.531

Track #74, length 10
 39111448 (745) module 37, x -31.8025, y -27.1675, z 262.469
 37025612 (680) module 35, x -28.9425, y -24.72, z 237.469
 34939776 (618) module 33, x -26.0825, y -22.2175, z 212.469
 32853940 (556) module 31, x -23.2225, y -19.77, z 187.469
 30768616 (497) module 29, x -20.335, y -17.2675, z 162.469
 28403997 (445) module 27, x -17.53, y -14.8925, z 138.531
 26295122 (399) module 25, x -14.6242, y -12.3808, z 113.531
 24186504 (358) module 23, x -11.6725, y -9.8875, z 88.531
 22078142 (318) module 21, x -8.7025, y -7.385, z 63.531
 19969268 (280) module 19, x -5.7325, y -4.8275, z 38.531

Track #75, length 7
 38451321 (716) module 36, x -1.1675, y -12.4975, z 250.469
 36353679 (650) module 34, x -1.0575, y -11.2875, z 225.469
 34256036 (590) module 32, x -0.947498, y -10.105, z 200.469
 32158394 (527) module 30, x -0.837498, y -8.9225, z 175.469
 30060751 (471) module 28, x -0.727501, y  -7.74, z 150.469
 27963109 (422) module 26, x -0.6175, y -6.5575, z 125.469
 25865467 (374) module 24, x -0.5075, y -5.3475, z 100.469

Track #76, length 9
 38611566 (734) module 36, x 11.4275, y -27.0725, z 251.531
 36509340 (669) module 34, x 10.3275, y -24.515, z 226.531
 34407115 (608) module 32, x 9.2275, y -21.9575, z 201.531
 32305401 (542) module 30, x  8.155, y  -19.4, z 176.531
 30024492 (481) module 28, x 7.0275, y -16.7325, z 150.469
 27932250 (426) module 26, x 5.9825, y -14.175, z 125.469
 25840265 (377) module 24, x 4.8825, y -11.6175, z 100.469
 23748024 (335) module 22, x   3.81, y -9.0325, z 75.469
 21656038 (291) module 20, x 2.7375, y -6.5025, z 50.469

Track #77, length 9
 38013927 (740) module 36, x 20.4175, y   37.7, z 250.469
 35832334 (676) module 34, x 18.3825, y 33.9775, z 226.531
 33717044 (614) module 32, x 16.2925, y   30.1, z 201.531
 31601754 (548) module 30, x 14.1658, y 26.2042, z 176.531
 29487233 (488) module 28, x 12.0575, y 22.3175, z 151.531
 27371944 (433) module 26, x 9.9125, y 18.4125, z 126.531
 25256398 (384) module 24, x 7.78583, y 14.4892, z 101.531
 23141109 (338) module 22, x 5.6775, y 10.575, z 76.531
 22738116 (330) module 21, x  4.495, y 8.3725, z 62.469

Track #78, length 10
 36971340 (681) module 35, x -28.915, y -36.4075, z 237.469
 34891137 (619) module 33, x -26.0275, y -32.7775, z 212.469
 32810933 (557) module 31, x -23.1675, y -29.1475, z 187.469
 30730729 (498) module 29, x -20.3075, y -25.5175, z 162.469
 28437021 (444) module 27, x -17.5392, y -22.0058, z 138.531
 26323025 (398) module 25, x -14.67, y -18.385, z 113.531
 24209030 (357) module 23, x -11.7825, y -14.7275, z 88.531
 22095034 (317) module 21, x -8.895, y -11.0975, z 63.531
 19981551 (279) module 19, x -6.0075, y -7.495, z 38.531
 19592438 (244) module 18, x -4.495, y -5.6225, z 25.469

Track #79, length 8
 35573293 (617) module 33, x -34.665, y 30.6475, z 213.531
 33457772 (553) module 31, x -30.705, y 27.1825, z 188.531
 31342251 (495) module 29, x -26.745, y 23.7175, z 163.531
 29227241 (442) module 27, x -22.7942, y 20.2708, z 138.531
 26825005 (396) module 25, x -18.6508, y 16.6592, z 112.469
 24746348 (355) module 23, x  -14.7, y 13.2125, z 87.469
 22667691 (316) module 21, x -10.74, y 9.7475, z 62.469
 20588522 (278) module 19, x  -6.78, y 6.2825, z 37.469

Track #80, length 5
 35315882 (645) module 33, x 3.3675, y 9.8025, z 212.469
 33216702 (584) module 31, x 2.9275, y 8.7025, z 187.469
 31117521 (521) module 29, x 2.4875, y 7.6575, z 162.469
 29018340 (465) module 27, x  2.075, y 6.6125, z 137.469
 26919415 (416) module 25, x 1.6625, y 5.5675, z 112.469

Track #81, length 8
 34350372 (587) module 32, x -3.0375, y -31.1425, z 201.531
 32254565 (524) module 30, x -2.7625, y -27.5675, z 176.531
 30158502 (469) module 28, x -2.5425, y -23.965, z 151.531
 28062696 (421) module 26, x -2.2675, y -20.3625, z 126.531
 25871918 (372) module 24, x -1.9375, y -16.595, z 100.469
 23773041 (332) module 22, x -1.5525, y -12.9375, z 75.469
 21673907 (289) module 20, x  -1.14, y -9.3075, z 50.469
 19574773 (248) module 18, x -0.672501, y  -5.65, z 25.469

Track #82, length 7
 32787037 (554) module 31, x -28.0075, y -34.2625, z 187.469
 30709660 (496) module 29, x -24.5425, y    -30, z 162.469
 28632539 (443) module 27, x -21.05, y -25.7375, z 137.469
 26338074 (397) module 25, x -17.7225, y -21.63, z 113.531
 24221273 (356) module 23, x -14.2575, y -17.3675, z 88.531
 22104216 (315) module 21, x -10.7558, y -13.1142, z 63.531
 19987928 (277) module 19, x -7.2725, y -8.8425, z 38.531

Track #83, length 7
 31888681 (552) module 30, x  30.84, y 1.7575, z 175.469
 29792629 (491) module 28, x 26.6875, y 1.5375, z 150.469
 27696576 (437) module 26, x 22.535, y   1.29, z 125.469
 25194251 (389) module 24, x 18.5475, y   1.06, z 101.531
 23096150 (344) module 22, x 14.395, y 0.8125, z 76.531
 20998050 (294) module 20, x 10.215, y 0.5925, z 51.531
 18899949 (252) module 18, x   6.09, y 0.3725, z 26.531

Track #84, length 6
 31370704 (493) module 29, x -32.85, y 21.6825, z 163.531
 28880398 (440) module 27, x -27.7625, y 18.3825, z 137.469
 26805319 (393) module 25, x -22.8858, y 15.2292, z 112.469
 24731008 (352) module 23, x -18.0092, y 12.0758, z 87.469
 22656698 (313) module 21, x -13.1325, y 8.9225, z 62.469
 20581619 (275) module 19, x -8.265, y 5.7875, z 37.469

Track #85, length 6
 30830887 (494) module 29, x -30.9592, y -3.70083, z 162.469
 28736118 (441) module 27, x -26.605, y -3.215, z 137.469
 26641606 (394) module 25, x -22.205, y -2.6925, z 112.469
 24151061 (353) module 23, x -17.9975, y -2.1875, z 88.531
 22051430 (312) module 21, x -13.5425, y -1.665, z 63.531
 19951798 (273) module 19, x -9.115, y -1.0875, z 38.531

Track #86, length 6
 29738542 (492) module 28, x 30.5925, y 13.225, z 150.469
 27650948 (438) module 26, x 25.8625, y  11.19, z 125.469
 25562841 (390) module 24, x 21.1508, y 9.16417, z 100.469
 23125805 (345) module 22, x 16.6775, y   7.22, z 76.531
 21019522 (295) module 20, x 12.0025, y 5.2125, z 51.531
 18912982 (255) module 18, x 7.36417, y 3.19583, z 26.531

Track #87, length 5
 28712721 (439) module 27, x -32.1692, y -8.21083, z 137.469
 26623107 (392) module 25, x -25.9175, y -6.625, z 112.469
 24533492 (351) module 23, x -19.6658, y -5.03917, z 87.469
 22060131 (311) module 21, x -13.68, y -3.5075, z 63.531
 19955669 (276) module 19, x  -7.41, y -1.9125, z 38.531

Track #88, length 5
 28114991 (432) module 26, x   9.09, y -30.51, z 126.531
 26010770 (383) module 24, x 7.48583, y -25.0742, z 101.531
 23906293 (339) module 22, x 5.8725, y -19.62, z 76.531
 21649247 (292) module 20, x 4.1675, y  -13.9, z 50.469
 19559874 (250) module 18, x 2.5175, y -8.455, z 25.469

Track #89, length 4
 26492644 (395) module 25, x -20.5825, y -34.895, z 112.469
 24271148 (354) module 23, x -16.6958, y -28.2392, z 88.531
 22142327 (314) module 21, x -12.6075, y  -21.3, z 63.531
 20012993 (274) module 19, x -8.50083, y -14.3792, z 38.531

Track #90, length 4
 25492841 (391) module 24, x  27.32, y 24.4175, z 100.469
 23420120 (346) module 22, x 21.2425, y 19.055, z 75.469
 21059138 (296) module 20, x 15.4858, y 13.8842, z 51.531
 18937775 (256) module 18, x    9.5, y 8.5125, z 26.531

Track #91, length 4
 24530523 (349) module 23, x -28.09, y -5.6625, z 87.469
 22439898 (308) module 21, x -21.105, y  -4.26, z 62.469
 19960149 (270) module 19, x -14.45, y -2.9025, z 38.531
 17856724 (238) module 17, x -7.465, y -1.5275, z 13.531

Track #92, length 4
 13265597 (187) module 12, x 3.1225, y  -8.73, z -49.531
 11162234 (157) module 10, x 4.4425, y -12.4425, z -74.531
  9236157 (131) module  8, x 8.05417, y -22.6908, z -143.219
  7155456 (102) module  6, x 11.7025, y -33.095, z -212.969

Track #93, length 6
 10517758 (158) module 10, x 5.1825, y 1.7475, z -73.469
  8427696 (133) module  8, x 9.4725, y 3.2875, z -143.219
  6337891 (104) module  6, x 13.7075, y 4.8825, z -212.969
  4243528 (75) module  4, x 15.1925, y 5.4875, z -237.969
  2149165 (46) module  2, x 16.6775, y 6.0925, z -262.969
    54546 (13) module  0, x 18.1625, y 6.6425, z -287.969

Track #94, length 5
 10087865 (146) module  9, x -10.08, y 8.9775, z -132.281
  7963225 (107) module  7, x -15.9558, y 14.2392, z -202.031
  5856311 (77) module  5, x -18.0825, y 16.1275, z -227.031
  3749397 (49) module  3, x -20.1725, y 17.9975, z -252.031
  1961714 (17) module  1, x -22.2075, y 19.785, z -275.969

Track #95, length 5
 10091003 (147) module  9, x -9.4475, y 5.3475, z -132.281
  7971787 (108) module  7, x -14.15, y 7.9875, z -202.031
  5866937 (78) module  5, x -15.8275, y 8.9775, z -227.031
  3761832 (50) module  3, x -17.505, y 9.9125, z -252.031
  1656982 (18) module  1, x -19.1825, y 10.9025, z -277.031

Track #96, length 5
 10097112 (149) module  9, x  -7.99, y 7.2725, z -132.281
  7982230 (109) module  7, x -11.9225, y 10.9025, z -202.031
  5878398 (79) module  5, x -13.325, y 12.195, z -227.031
  3774823 (51) module  3, x -14.7275, y 13.4875, z -252.031
  1671247 (19) module  1, x -16.1025, y 14.8075, z -277.031

Track #97, length 5
 10116823 (150) module  9, x -3.7825, y    7.3, z -132.281
  8009098 (115) module  7, x  -6.01, y 11.5625, z -202.031
  5908334 (85) module  5, x -6.8075, y 13.1025, z -227.031
  3807570 (57) module  3, x -7.5775, y 14.6425, z -252.031
  1706806 (25) module  1, x -8.3475, y 16.155, z -277.031

Track #98, length 5
  9097981 (124) module  8, x -2.5975, y -5.2375, z -144.281
  7007179 (91) module  6, x -3.9725, y -7.9875, z -214.031
  4912312 (62) module  4, x -4.48583, y -8.99583, z -239.031
  2817702 (31) module  2, x -5.0175, y -9.995, z -264.031
  1120509 (28) module  1, x -5.2375, y -10.465, z -275.969

Track #99, length 5
  9094056 (125) module  8, x -1.7725, y -9.9125, z -144.281
  7001160 (92) module  6, x -2.7075, y -15.1925, z -214.031
  4905509 (63) module  4, x -3.0375, y -17.09, z -239.031
  2809859 (32) module  2, x -3.3675, y -18.9875, z -264.031
   793056 (0) module  0, x -3.6975, y -20.775, z -287.969

Track #100, length 5
  9080015 (126) module  8, x 1.2525, y  -7.74, z -144.281
  6979984 (93) module  6, x   1.83, y -11.2325, z -214.031
  4882041 (64) module  4, x 2.0225, y -12.4975, z -239.031
  2784098 (34) module  2, x 2.1875, y -13.7625, z -264.031
   685899 (2) module  0, x 2.4075, y -15.0275, z -289.031

Track #101, length 5
  9074138 (127) module  8, x 2.5175, y -7.1625, z -144.281
  6970517 (94) module  6, x 3.8925, y -10.9575, z -214.031
  4871036 (65) module  4, x 4.3875, y -12.3325, z -239.031
  2771555 (36) module  2, x  4.855, y -13.7075, z -264.031
   672330 (4) module  0, x 5.3225, y -15.055, z -289.031

Track #102, length 5
  9065215 (128) module  8, x 4.4425, y -5.1275, z -144.281
  6957006 (98) module  6, x 6.8075, y -7.8225, z -214.031
  4855996 (70) module  4, x 7.6325, y -8.785, z -239.031
  2754731 (40) module  2, x  8.485, y -9.7475, z -264.031
   654233 (8) module  0, x 9.3375, y -10.7375, z -289.031

Track #103, length 5
  8399868 (129) module  8, x  5.265, y -2.7075, z -143.219
  6296009 (99) module  6, x 8.0975, y -4.1375, z -212.969
  4196534 (71) module  4, x 9.1425, y -4.6325, z -237.969
  2747646 (41) module  2, x 10.1625, y -5.1825, z -264.031
   645621 (9) module  0, x 11.2075, y -5.6775, z -289.031

Track #104, length 5
  8469232 (130) module  8, x 5.9525, y 12.335, z -143.219
  6402997 (100) module  6, x   9.17, y 18.9625, z -212.969
  4316832 (72) module  4, x 10.325, y 21.3275, z -237.969
  2230155 (42) module  2, x 11.5075, y  23.72, z -262.969
   144246 (10) module  0, x 12.6625, y 26.1125, z -287.969

Track #105, length 5
  8389568 (132) module  8, x 8.5925, y -4.9075, z -143.219
  6927315 (103) module  6, x  13.27, y -7.5475, z -214.031
  4822466 (74) module  4, x  14.92, y -8.4825, z -239.031
  2717617 (45) module  2, x  16.57, y -9.4175, z -264.031
   612768 (14) module  0, x  18.22, y -10.3525, z -289.031

Track #106, length 4
  7374029 (110) module  7, x -7.8775, y -2.1875, z -200.969
  5278138 (80) module  5, x -8.9225, y -2.4625, z -225.969
  3182246 (52) module  3, x -9.995, y -2.7375, z -250.969
  1086355 (20) module  1, x -11.0675, y -3.0125, z -275.969

Track #107, length 4
  8001482 (111) module  7, x -7.6875, y 8.0425, z -202.031
  5899446 (81) module  5, x -8.705, y 9.1425, z -227.031
  3798179 (53) module  3, x -9.7225, y 10.1875, z -252.031
  1696143 (21) module  1, x -10.7675, y  11.26, z -277.031

Track #108, length 4
  7385817 (112) module  7, x -7.2175, y -4.745, z -200.969
  5291719 (82) module  5, x  -8.18, y -5.3775, z -225.969
  3197366 (54) module  3, x -9.1425, y -5.9825, z -250.969
  1103012 (22) module  1, x -10.105, y -6.5875, z -275.969

Track #109, length 4
  7373538 (113) module  7, x -6.7225, y -2.0775, z -200.969
  5277650 (83) module  5, x -7.6025, y -2.3525, z -225.969
  3181761 (55) module  3, x -8.5375, y -2.6275, z -250.969
  1085873 (23) module  1, x -9.4175, y -2.9025, z -275.969

Track #110, length 4
  7347951 (116) module  7, x  -5.98, y 3.4225, z -200.969
  5248994 (86) module  5, x -6.695, y 3.8075, z -225.969
  3149781 (58) module  3, x -7.4375, y 4.2475, z -250.969
  1050824 (26) module  1, x -8.1525, y 4.6325, z -275.969

Track #111, length 4
  8022739 (117) module  7, x -3.1225, y 7.5475, z -202.031
  5923520 (87) module  5, x -3.5625, y  8.565, z -227.031
  3824558 (60) module  3, x -3.9475, y 9.5825, z -252.031
  1725340 (29) module  1, x -4.3875, y 10.5725, z -277.031

Track #112, length 4
  8035835 (118) module  7, x -0.317501, y 5.3475, z -202.031
  5938670 (88) module  5, x -0.317501, y 6.0625, z -227.031
  3841249 (61) module  3, x -0.372501, y 6.7775, z -252.031
  1743828 (30) module  1, x -0.427502, y 7.4925, z -277.031

Track #113, length 4
  6962400 (95) module  6, x  5.625, y -6.8325, z -214.031
  4862418 (67) module  4, x 6.2575, y -7.6025, z -239.031
  2762436 (38) module  2, x 6.8625, y -8.3725, z -264.031
   662198 (6) module  0, x 7.5225, y -9.1425, z -289.031

Track #114, length 4
  6332898 (97) module  6, x 6.7225, y   3.81, z -212.969
  4238035 (69) module  4, x 7.5475, y 4.2775, z -237.969
  2143171 (39) module  2, x 8.4275, y 4.7725, z -262.969
    48308 (7) module  0, x 9.2525, y 5.2675, z -287.969

Track #115, length 4
  6677433 (105) module  6, x 22.9108, y 11.6392, z -214.031
  4571290 (76) module  4, x 24.625, y 13.5825, z -239.031
  2465147 (47) module  2, x 26.3575, y 15.5075, z -264.031
   359003 (15) module  0, x  28.09, y 17.4325, z -289.031

Track #116, length 3
 48363741 (1044) module 46, x   6.97, y 22.7575, z 649.531
 46260197 (986) module 44, x 6.5575, y 21.3825, z 604.531
 44148217 (928) module 42, x 5.4575, y 18.1925, z 485.982

Track #117, length 3
 41723604 (843) module 39, x -4.0575, y 21.4625, z 325.525
 39488658 (774) module 37, x -1.225, y 11.1225, z 262.469
 37396956 (708) module 35, x -0.0974998, y 7.0525, z 237.469

Track #118, length 3
 24767660 (360) module 23, x -10.1442, y 9.65583, z 87.469
 22681561 (320) module 21, x -7.6875, y 7.2175, z 62.469
 19923708 (282) module 19, x -5.2925, y  4.935, z 38.531

Track #119, length 3
 14710485 (211) module 14, x 7.41917, y 1.43583, z -23.469
 12618605 (191) module 12, x 13.1392, y 2.59083, z -48.469
 10907903 (161) module 10, x 19.0975, y 3.7925, z -74.531

Track #120, length 3
 14283737 (198) module 13, x  -9.75, y 7.2175, z -37.531
 12161938 (167) module 11, x -15.03, y 11.1225, z -62.531
 10384076 (138) module  9, x -29.5775, y 21.9025, z -131.219

Track #121, length 3
 14294731 (199) module 13, x -7.28417, y 7.95083, z -37.531
 12179581 (171) module 11, x -11.2442, y 12.2408, z -62.531
 10349732 (142) module  9, x -22.0975, y 24.075, z -131.219

Track #122, length 3
 14299623 (200) module 13, x -6.2575, y   6.42, z -37.531
 12172910 (168) module 11, x -12.6742, y 13.0658, z -62.531
 10387233 (137) module  9, x -30.3108, y 31.2892, z -131.219

Track #123, length 3
 13642485 (201) module 13, x -5.64083, y 2.74417, z -36.469
 12176370 (169) module 11, x -11.9408, y 5.82417, z -62.531
 10000987 (139) module  9, x -28.8625, y  14.12, z -132.281

Track #124, length 3
 13659639 (202) module 13, x -5.53083, y -0.959167, z -36.469
 11567244 (170) module 11, x -11.425, y -1.9675, z -61.469
  9854298 (140) module  9, x -28.1725, y -4.8375, z -132.281

Track #125, length 3
 14316015 (203) module 13, x  -2.71, y 6.0075, z -37.531
 12205950 (176) module 11, x -5.4875, y 12.2225, z -62.531
 10307909 (145) module  9, x -13.1325, y   29.3, z -131.219

Track #126, length 3
 14331109 (206) module 13, x 0.5075, y 6.5575, z -37.531
 12234405 (180) module 11, x 0.6175, y 10.0775, z -62.531
 10244086 (151) module  9, x 0.709167, y 19.5742, z -131.219

Track #127, length 3
 14334640 (208) module 13, x 1.2775, y  9.445, z -37.531
 12240468 (181) module 11, x 1.9375, y 14.5325, z -62.531
 10230101 (153) module  9, x 3.6975, y  28.42, z -131.219

Track #128, length 3
 13286612 (185) module 12, x -1.3875, y -7.465, z -49.531
 11193718 (155) module 10, x -2.3225, y -12.635, z -74.531
  9175670 (121) module  8, x -4.9625, y -26.605, z -143.219

Track #129, length 3
 10139118 (152) module  9, x 1.0025, y 6.0625, z -132.281
  8038649 (119) module  7, x 0.287498, y   5.43, z -202.031
  5940222 (89) module  5, x 0.0125008, y 5.1825, z -227.031

Track #130, length 3
  4202231 (66) module  4, x 5.5675, y -3.4225, z -237.969
  2103275 (37) module  2, x    6.2, y -3.8075, z -262.969
     4320 (5) module  0, x 6.8325, y -4.165, z -287.969

