Track #0, length 4
 53528532 (723) module 51, x -7.465, y -5.8725, z 751.531
 51429597 (697) module 49, x -6.9975, y -5.4875, z 706.531
 49330917 (672) module 47, x -6.5575, y -5.1575, z 661.531
 47231981 (644) module 45, x  -6.09, y -4.7725, z 616.531

Track #1, length 6
 54193561 (728) module 51, x 4.0825, y  10.71, z 750.469
 52095141 (702) module 49, x 3.8075, y 10.0775, z 705.469
 49996721 (675) module 47, x   3.56, y 9.4175, z 660.469
 47898557 (647) module 45, x 3.3125, y 8.7575, z 615.469
 45798364 (618) module 43, x 2.6525, y 7.0525, z 496.921
 43698677 (592) module 41, x 2.1025, y   5.65, z 401.411

Track #2, length 4
 53511432 (719) module 51, x -18.7125, y  -2.27, z 751.531
 51425345 (693) module 49, x -15.5775, y -4.6075, z 706.531
 49339003 (668) module 47, x -12.3875, y -6.9175, z 661.531
 47252148 (641) module 45, x -9.23417, y -9.26417, z 616.531

Track #3, length 7
 53565912 (724) module 51, x -7.23583, y -14.0308, z 751.531
 51464928 (698) module 49, x -6.805, y -13.1875, z 706.531
 49363688 (673) module 47, x -6.365, y -12.3075, z 661.531
 47262704 (645) module 45, x -5.925, y -11.4825, z 616.531
 44758969 (593) module 42, x -4.6325, y  -8.95, z 484.921
 42657499 (567) module 40, x -3.6975, y -7.1075, z 389.411
 40556789 (543) module 38, x -2.9275, y  -5.65, z 312.463

Track #4, length 7
 53531243 (720) module 51, x -13.24, y -6.4775, z 751.531
 51432314 (694) module 49, x -12.4425, y -6.0925, z 706.531
 49333129 (669) module 47, x -11.6175, y  -5.68, z 661.531
 47234200 (640) module 45, x -10.7925, y -5.2675, z 616.531
 45132222 (613) module 43, x -8.7025, y -4.2225, z 497.982
 43031261 (588) module 41, x  -6.97, y -3.3975, z 402.473
 40930807 (564) module 39, x -5.5675, y -2.6825, z 325.525

Track #5, length 6
 53477798 (721) module 51, x -10.0225, y 5.0175, z 751.531
 51382193 (695) module 49, x  -9.39, y 4.6875, z 706.531
 49286332 (670) module 47, x -8.785, y 4.4125, z 661.531
 47190728 (642) module 45, x -8.1525, y 4.0825, z 616.531
 45097189 (614) module 43, x -6.5575, y 3.3125, z 497.982
 43003132 (589) module 41, x -5.2925, y 2.6525, z 402.473

Track #6, length 10
 54319465 (725) module 51, x -6.8625, y 27.3475, z 751.531
 52220555 (699) module 49, x -6.4775, y 25.4775, z 706.531
 50121388 (674) module 47, x -6.0375, y 23.635, z 661.531
 48022478 (646) module 45, x -5.6525, y 21.7925, z 616.531
 45764906 (617) module 43, x -4.4975, y 16.8425, z 496.921
 43671922 (591) module 41, x -3.6175, y 12.8825, z 401.411
 41578411 (565) module 39, x -2.8475, y 9.7475, z 324.463
 39483865 (541) module 37, x  -2.27, y 7.2175, z 262.469
 37388012 (511) module 35, x -2.0225, y 6.1725, z 237.469
 35291902 (488) module 33, x -1.8025, y  5.155, z 212.469

Track #7, length 12
 53660079 (722) module 51, x -9.5275, y -34.3625, z 751.531
 51553209 (696) module 49, x -8.9775, y -32.2725, z 706.531
 49446083 (671) module 47, x   -8.4, y -30.1275, z 661.531
 47338958 (643) module 45, x -7.8225, y -28.01, z 616.531
 45216489 (615) module 43, x -6.3375, y -22.4275, z 497.982
 43098367 (590) module 41, x -5.1275, y -17.945, z 402.473
 40561251 (542) module 38, x -3.945, y -13.7075, z 312.463
 38460568 (512) module 36, x -3.1475, y -10.7925, z 250.469
 36361901 (489) module 34, x -2.8175, y -9.6375, z 225.469
 34263234 (465) module 32, x -2.515, y -8.4825, z 200.469
 32164567 (441) module 30, x -2.185, y   -7.3, z 175.469
 30066157 (419) module 28, x -1.8825, y -6.1175, z 150.469

Track #8, length 4
 53251212 (707) module 50, x 2.6275, y -25.395, z 739.531
 51150769 (680) module 48, x 1.9125, y -23.3875, z 694.531
 49050069 (652) module 46, x 1.1425, y -21.4075, z 649.531
 46949624 (623) module 44, x 0.4275, y -19.4825, z 604.531

Track #9, length 5
 52562801 (712) module 50, x 12.9375, y 23.9125, z 739.531
 50459521 (684) module 48, x  12.03, y 22.4825, z 694.531
 48355729 (655) module 46, x 11.1775, y  21.08, z 649.531
 46251424 (626) module 44, x 10.3085, y 19.5235, z 604.531
 44135877 (597) module 42, x 8.28083, y 15.5708, z 485.982

Track #10, length 11
 52806578 (717) module 50, x 23.3325, y  13.39, z 738.469
 50713292 (690) module 48, x 21.9025, y 12.565, z 693.469
 48620007 (662) module 46, x 20.4175, y  11.74, z 648.469
 46211331 (633) module 44, x 18.9875, y 10.9325, z 604.531
 44104520 (604) module 42, x 15.165, y 8.7325, z 485.982
 41999233 (575) module 40, x 12.0575, y 6.9725, z 390.473
 39895470 (551) module 38, x 9.5825, y 5.5425, z 313.525
 37792978 (524) module 36, x  7.575, y 4.3875, z 251.531
 35693793 (494) module 34, x 6.7775, y 3.9475, z 226.531
 33594352 (469) module 32, x 5.9525, y   3.48, z 201.531
 31495167 (445) module 30, x 5.1275, y 3.0125, z 176.531

Track #11, length 4
 53139819 (704) module 50, x  -3.01, y -13.2675, z 738.469
 51041124 (677) module 48, x -2.6525, y -13.625, z 693.469
 48942430 (649) module 46, x -2.3225, y -13.9825, z 648.469
 46843735 (620) module 44, x -1.9925, y -14.3675, z 603.469

Track #12, length 7
 52464242 (711) module 50, x 12.8825, y 2.5175, z 739.531
 50366336 (685) module 48, x 12.0758, y 2.38917, z 694.531
 48268687 (656) module 46, x 11.2875, y 2.2425, z 649.531
 46170781 (627) module 44, x 10.5175, y 2.0775, z 604.531
 44071876 (598) module 42, x 8.3725, y 1.6925, z 485.982
 41973218 (570) module 40, x  6.695, y 1.3625, z 390.473
 39874811 (546) module 38, x   5.32, y 1.0875, z 313.525

Track #13, length 5
 52438606 (713) module 50, x 14.8625, y -2.9825, z 739.531
 50343772 (686) module 48, x 14.0925, y -2.4875, z 694.531
 48248939 (657) module 46, x 13.2675, y -1.9925, z 649.531
 46154106 (628) module 44, x 12.4425, y -1.4975, z 604.531
 44063137 (601) module 42, x 10.2975, y -0.1775, z 485.982

Track #14, length 7
 52542239 (715) module 50, x 17.4475, y 19.4025, z 739.531
 50438965 (688) module 48, x 16.2375, y 18.0825, z 694.531
 48335947 (659) module 46, x 15.0275, y 16.8175, z 649.531
 46232672 (631) module 44, x 13.845, y 15.4975, z 604.531
 44119193 (602) module 42, x 10.7375, y 11.9775, z 485.982
 42009541 (573) module 40, x 8.3175, y   9.31, z 390.473
 39902950 (548) module 38, x 6.5025, y 7.1375, z 313.525

Track #15, length 9
 52514838 (716) module 50, x 17.9425, y 13.545, z 739.531
 50413866 (689) module 48, x 16.8425, y 12.6925, z 694.531
 48312895 (660) module 46, x 15.6875, y 11.8675, z 649.531
 46211923 (632) module 44, x  14.56, y 11.0425, z 604.531
 44105097 (603) module 42, x 11.6175, y 8.8425, z 485.982
 41999796 (574) module 40, x  9.225, y 7.0825, z 390.473
 39896023 (550) module 38, x 7.3275, y 5.6525, z 313.525
 37793523 (518) module 36, x 5.7875, y 4.4975, z 251.531
 35694334 (492) module 34, x  5.155, y 4.0575, z 226.531

Track #16, length 4
 53228060 (705) module 50, x -2.3225, y -31.555, z 739.531
 51131990 (678) module 48, x -2.1025, y -28.3925, z 694.531
 49035663 (650) module 46, x -1.9375, y -25.2575, z 649.531
 46939592 (621) module 44, x -1.7175, y -22.095, z 604.531

Track #17, length 5
 52445618 (709) module 50, x 9.3625, y -1.4975, z 739.531
 50348989 (682) module 48, x 8.7575, y -1.3875, z 694.531
 48252103 (653) module 46, x   8.18, y -1.305, z 649.531
 46155474 (625) module 44, x 7.6025, y -1.2225, z 604.531
 44059630 (596) module 42, x 6.0625, y -0.9475, z 485.982

Track #18, length 7
 53055082 (714) module 50, x 15.305, y -13.3225, z 738.469
 50962553 (687) module 48, x 14.3425, y -12.4975, z 693.469
 48869768 (658) module 46, x 13.4075, y -11.6725, z 648.469
 46776983 (629) module 44, x 12.4725, y -10.8475, z 603.469
 44691647 (600) module 42, x 9.9425, y -8.6475, z 484.921
 42603487 (571) module 40, x 7.9075, y -6.8875, z 389.411
 40513785 (547) module 38, x  6.285, y -5.4575, z 312.463

Track #19, length 4
 53238625 (706) module 50, x  -0.04, y -27.7875, z 739.531
 51140493 (679) module 48, x -0.2875, y -25.3675, z 694.531
 49042361 (651) module 46, x -0.5075, y -22.9475, z 649.531
 46944229 (622) module 44, x -0.7275, y -20.5275, z 604.531

Track #20, length 4
 52975901 (718) module 50, x 32.4375, y -17.5575, z 738.469
 50908965 (691) module 48, x 25.9475, y -17.1175, z 693.469
 48841517 (661) module 46, x 19.4575, y -16.6775, z 648.469
 46774326 (630) module 44, x 12.995, y -16.1825, z 603.469

Track #21, length 13
 51651375 (692) module 49, x -30.5375, y -36.4075, z 705.469
 49565267 (665) module 47, x -28.5575, y -34.0425, z 660.469
 47479159 (637) module 45, x -26.5775, y -31.65, z 615.469
 45411286 (609) module 43, x -21.3525, y -25.38, z 496.921
 43109668 (585) module 41, x -17.1725, y -20.3925, z 402.473
 40993634 (561) module 39, x -13.7625, y -16.3225, z 325.525
 38881172 (538) module 37, x -11.0125, y -13.0225, z 263.531
 36777896 (508) module 35, x -9.9125, y -11.7025, z 238.531
 34674620 (485) module 33, x -8.8125, y -10.3825, z 213.531
 32571600 (462) module 31, x -7.685, y  -9.09, z 188.531
 30468581 (438) module 29, x -6.5575, y -7.7425, z 163.531
 28365305 (415) module 27, x -5.4575, y -6.4225, z 138.531
 27983092 (392) module 26, x -4.9075, y -5.7325, z 125.469

Track #22, length 4
 52564091 (710) module 50, x 12.3875, y 24.1875, z 739.531
 50460809 (683) module 48, x 11.6175, y 22.7575, z 694.531
 48356503 (654) module 46, x 10.8475, y 21.2175, z 649.531
 44135877 (597) module 42, x 8.28083, y 15.5708, z 485.982

Track #23, length 5
 48954212 (648) module 46, x  -4.88, y -13.6525, z 648.469
 46855542 (619) module 44, x -4.5225, y -12.6625, z 603.469
 44754340 (594) module 42, x -3.6425, y -10.105, z 484.921
 42653898 (568) module 40, x -2.9275, y -8.0425, z 389.411
 40553960 (544) module 38, x -2.3225, y -6.365, z 312.463

Track #24, length 12
 48500389 (663) module 46, x 24.0475, y 37.5625, z 648.469
 46415812 (634) module 44, x 22.3425, y 34.8675, z 603.469
 44192534 (605) module 42, x 17.9425, y   27.9, z 485.982
 42069591 (576) module 40, x  14.34, y 22.2075, z 390.473
 39951244 (552) module 38, x 11.4525, y 17.6425, z 313.525
 37836983 (526) module 36, x 9.0875, y 13.985, z 251.531
 35733192 (495) module 34, x  8.125, y 12.5275, z 226.531
 33629146 (470) module 32, x 7.1625, y 11.0425, z 201.531
 31525100 (446) module 30, x 6.1725, y 9.5575, z 176.531
 29421565 (423) module 28, x   5.21, y 8.0725, z 151.531
 29030360 (417) module 27, x   4.66, y 7.2725, z 137.469
 26928883 (391) module 25, x 3.6975, y 5.7875, z 112.469

Track #25, length 11
 47379216 (638) module 45, x -18.245, y -36.6725, z 616.531
 45248081 (610) module 43, x -14.67, y -29.3575, z 497.982
 43123590 (586) module 41, x -11.7825, y -23.4725, z 402.473
 41004976 (562) module 39, x -9.4725, y -18.7425, z 325.525
 38890194 (539) module 37, x -7.6025, y -14.9475, z 263.531
 36785888 (509) module 35, x -6.8325, y -13.4075, z 238.531
 34681582 (486) module 33, x -6.0625, y -11.8675, z 213.531
 32577275 (463) module 31, x  -5.32, y -10.3275, z 188.531
 32177327 (440) module 30, x -4.9075, y -9.5275, z 175.469
 30076618 (418) module 28, x -4.165, y -8.015, z 150.469
 27976166 (393) module 26, x -3.4225, y -6.5025, z 125.469

Track #26, length 10
 46956034 (624) module 44, x 1.8575, y -33.0125, z 604.531
 44857467 (595) module 42, x 1.5275, y -26.3575, z 485.982
 42758876 (569) module 40, x 1.1975, y -20.995, z 390.473
 40538414 (545) module 38, x 0.977501, y -16.595, z 312.463
 38442350 (513) module 36, x 0.7575, y -13.1025, z 250.469
 36345479 (490) module 34, x 0.702499, y  -11.7, z 225.469
 34248865 (466) module 32, x 0.592499, y -10.2975, z 200.469
 32151994 (442) module 30, x 0.519169, y -8.90417, z 175.469
 30055380 (420) module 28, x 0.427502, y -7.4925, z 150.469
 27958765 (394) module 26, x 0.317501, y -6.1175, z 125.469

Track #27, length 10
 46041208 (607) module 43, x -30.815, y 26.5225, z 497.982
 43918551 (582) module 41, x -25.2875, y 21.2975, z 402.473
 41495333 (558) module 39, x -20.7408, y 17.0992, z 324.463
 39415138 (535) module 37, x -17.1475, y 13.7625, z 262.469
 37324923 (505) module 35, x -15.6625, y 12.3875, z 237.469
 35234451 (480) module 33, x -14.1958, y 11.0492, z 212.469
 33144236 (458) module 31, x -12.7475, y  9.665, z 187.469
 31054021 (434) module 29, x -11.2625, y   8.29, z 162.469
 28963806 (411) module 27, x -9.7775, y  6.915, z 137.469
 26873080 (387) module 25, x -8.2925, y 5.5125, z 112.469

Track #28, length 10
 46038890 (608) module 43, x -30.2925, y 27.265, z 497.982
 43913419 (583) module 41, x -24.215, y 21.9575, z 402.473
 41502236 (559) module 39, x -19.2925, y 17.6125, z 324.463
 39423323 (536) module 37, x -15.36, y 14.1475, z 262.469
 37333621 (506) module 35, x -13.7925, y 12.7175, z 237.469
 35243662 (483) module 33, x -12.225, y 11.3425, z 212.469
 33153960 (460) module 31, x -10.6575, y 9.9125, z 187.469
 31064002 (436) module 29, x  -9.09, y 8.4825, z 162.469
 28973532 (413) module 27, x  -7.55, y 7.0525, z 137.469
 26883830 (389) module 25, x -5.9825, y 5.6225, z 112.469

Track #29, length 10
 45956950 (611) module 43, x -12.5825, y 28.365, z 497.982
 43848124 (587) module 41, x -10.0525, y 22.755, z 402.473
 41554194 (563) module 39, x  -7.99, y 18.1625, z 324.463
 39464788 (540) module 37, x -6.3675, y 14.505, z 262.469
 37370735 (510) module 35, x -5.7075, y 13.0475, z 237.469
 35276426 (487) module 33, x -5.075, y 11.5625, z 212.469
 33182372 (464) module 31, x -4.4425, y 10.105, z 187.469
 31088319 (439) module 29, x -3.7825, y 8.6475, z 162.469
 28994266 (416) module 27, x -3.1225, y 7.1625, z 137.469
 26899956 (390) module 25, x -2.5175, y  5.705, z 112.469

Track #30, length 10
 44579131 (606) module 42, x 34.1975, y -15.9075, z 484.921
 42514805 (579) module 40, x 27.1575, y -12.7175, z 389.411
 40443556 (555) module 38, x 21.4925, y -10.1325, z 312.463
 38367691 (529) module 36, x 16.9275, y -7.9875, z 250.469
 36279002 (498) module 34, x 15.085, y -7.135, z 225.469
 34190570 (474) module 32, x 13.2425, y -6.2825, z 200.469
 32101882 (448) module 30, x 11.4275, y -5.4025, z 175.469
 29362604 (425) module 28, x 9.6925, y -4.5775, z 151.531
 27269325 (398) module 26, x 7.8775, y -3.7525, z 126.531
 25176302 (372) module 24, x 6.0625, y -2.8725, z 101.531

Track #31, length 9
 43299154 (581) module 41, x -28.6125, y -28.5975, z 401.411
 41229247 (557) module 39, x -22.6175, y -22.63, z 324.463
 38903575 (534) module 37, x -17.8875, y -17.8625, z 263.531
 36797498 (504) module 35, x -15.935, y -15.9375, z 238.531
 34691166 (481) module 33, x -13.9825, y -13.985, z 213.531
 32585089 (459) module 31, x -12.0575, y -12.06, z 188.531
 30479267 (435) module 29, x -10.16, y -10.1625, z 163.531
 28373703 (412) module 27, x -8.2075, y -8.2375, z 138.531
 26267626 (388) module 25, x -6.255, y -6.3125, z 113.531

Track #32, length 9
 43169041 (584) module 41, x -18.2175, y -33.2625, z 402.473
 41040976 (560) module 39, x -14.7525, y -26.635, z 325.525
 38919298 (537) module 37, x -12.0025, y -21.245, z 263.531
 36812183 (507) module 35, x -10.8475, y -19.0725, z 238.531
 34705068 (484) module 33, x -9.6925, y -16.9275, z 213.531
 32597954 (461) module 31, x -8.4825, y -14.81, z 188.531
 30490840 (437) module 29, x -7.2725, y -12.665, z 163.531
 28383726 (414) module 27, x -6.0625, y -10.4925, z 138.531
 25882585 (367) module 24, x -4.1925, y -7.2175, z 100.469

Track #33, length 6
 42819352 (577) module 40, x  14.37, y -31.775, z 390.473
 40709772 (553) module 38, x 11.6475, y -25.395, z 313.525
 38603496 (527) module 36, x 9.6675, y -20.335, z 251.531
 36307474 (496) module 34, x 8.80583, y -18.1442, z 225.469
 34214201 (471) module 32, x 8.0175, y -15.99, z 200.469
 32120672 (447) module 30, x   7.22, y -13.8725, z 175.469

Track #34, length 8
 42293106 (578) module 40, x 26.8525, y  19.33, z 389.411
 40214487 (554) module 38, x 21.2975, y  15.37, z 312.463
 37828904 (530) module 36, x 16.9525, y 12.2525, z 251.531
 35725641 (499) module 34, x 15.1375, y 10.9325, z 226.531
 33622378 (475) module 32, x 13.3225, y   9.64, z 201.531
 31519882 (450) module 30, x 11.535, y 8.3475, z 176.531
 29416875 (426) module 28, x   9.72, y   7.11, z 151.531
 27313612 (399) module 26, x 7.9325, y   5.79, z 126.531

Track #35, length 9
 39715657 (532) module 37, x  -23.5, y 29.1075, z 263.531
 37608062 (502) module 35, x -21.1258, y 26.1742, z 238.531
 35499956 (478) module 33, x -18.77, y 23.2225, z 213.531
 33391849 (456) module 31, x -16.3775, y  20.28, z 188.531
 31041571 (432) module 29, x -13.9025, y   17.2, z 162.469
 28955481 (409) module 27, x -11.5375, y 14.2575, z 137.469
 26869390 (385) module 25, x -9.1725, y 11.315, z 112.469
 24782788 (364) module 23, x  -6.78, y 8.3725, z 87.469
 22696697 (339) module 21, x -4.40583, y 5.43917, z 62.469

Track #36, length 9
 39713583 (533) module 37, x -22.9225, y  30.51, z 263.531
 37605735 (503) module 35, x -20.6125, y  27.43, z 238.531
 35497888 (479) module 33, x -18.3025, y 24.3225, z 213.531
 33390040 (457) module 31, x -15.9925, y 21.2425, z 188.531
 31043092 (433) module 29, x -13.5725, y 18.025, z 162.469
 28956748 (410) module 27, x -11.2625, y 14.945, z 137.469
 26869893 (386) module 25, x  -8.98, y 11.8375, z 112.469
 24783549 (365) module 23, x -6.615, y 8.7575, z 87.469
 22697205 (340) module 21, x -4.305, y 5.6775, z 62.469

Track #37, length 8
 38587182 (520) module 36, x 6.0925, y -30.5925, z 251.531
 36487016 (493) module 34, x 5.4325, y -27.4025, z 226.531
 34386851 (468) module 32, x 4.79083, y -24.1392, z 201.531
 32286942 (444) module 30, x 4.1675, y -20.885, z 176.531
 30041118 (422) module 28, x 3.4525, y -17.5025, z 150.469
 27946841 (396) module 26, x   2.82, y -14.23, z 125.469
 25852821 (370) module 24, x 2.1875, y -10.9575, z 100.469
 23758800 (344) module 22, x 1.5275, y -7.7125, z 75.469

Track #38, length 8
 38093948 (531) module 36, x 26.3025, y 20.4025, z 250.469
 36007087 (500) module 34, x 23.4975, y 18.2025, z 225.469
 33920226 (476) module 32, x 20.6925, y 16.0025, z 200.469
 31545109 (451) module 30, x 17.9975, y  13.93, z 176.531
 29438024 (427) module 28, x 15.1925, y 11.7575, z 151.531
 27330683 (400) module 26, x 12.3875, y  9.585, z 126.531
 25224110 (373) module 24, x 9.5825, y 7.4125, z 101.531
 23116769 (345) module 22, x 6.7775, y   5.24, z 76.531

Track #39, length 8
 38571014 (514) module 36, x 2.6275, y -32.7925, z 251.531
 36472645 (491) module 34, x 2.3525, y -29.3275, z 226.531
 34374276 (467) module 32, x 2.0775, y -25.8625, z 201.531
 32275907 (443) module 30, x 1.8025, y -22.3975, z 176.531
 30050055 (421) module 28, x 1.5275, y -18.7675, z 150.469
 27954502 (395) module 26, x 1.1975, y -15.3025, z 125.469
 25858693 (369) module 24, x 0.922501, y -11.81, z 100.469
 23762885 (343) module 22, x 0.647499, y -8.3175, z 75.469

Track #40, length 8
 37232273 (501) module 35, x -35.6825, y 11.1775, z 237.469
 35153831 (477) module 33, x -31.6675, y   9.94, z 212.469
 33075134 (454) module 31, x -27.68, y 8.7025, z 187.469
 30996693 (431) module 29, x -23.665, y 7.4375, z 162.469
 28917740 (408) module 27, x -19.65, y 6.1725, z 137.469
 26214717 (384) module 25, x -15.7792, y 4.98083, z 113.531
 24123527 (362) module 23, x -11.7275, y  3.725, z 88.531
 22032336 (337) module 21, x -7.685, y   2.46, z 63.531

Track #41, length 6
 31883802 (453) module 30, x 31.6925, y 2.8025, z 175.469
 29788530 (429) module 28, x 26.825, y 2.4175, z 150.469
 27693259 (402) module 26, x  21.93, y 2.0325, z 125.469
 25197092 (375) module 24, x 17.1725, y 1.6375, z 101.531
 23098238 (347) module 22, x 12.195, y 1.2525, z 76.531
 20998873 (309) module 20, x 7.18083, y 0.794167, z 51.531

Track #42, length 4
 31385185 (430) module 29, x -35.9758, y 27.7692, z 163.531
 29259444 (407) module 27, x -29.7975, y 23.2225, z 138.531
 26803725 (383) module 25, x -23.3625, y  18.41, z 112.469
 24734817 (361) module 23, x -17.175, y  13.79, z 87.469

Track #43, length 5
 29761423 (428) module 28, x 25.2575, y 8.2475, z 150.469
 27671268 (401) module 26, x 20.555, y 6.7625, z 125.469
 25214008 (374) module 24, x 16.045, y 5.2675, z 101.531
 23109774 (346) module 22, x 11.315, y 3.7275, z 76.531
 21005795 (308) module 20, x   6.64, y 2.2425, z 51.531

Track #44, length 5
 28854889 (405) module 27, x -33.235, y 13.3775, z 137.469
 26789531 (381) module 25, x -26.415, y 10.6275, z 112.469
 24723660 (359) module 23, x -19.6042, y 7.89583, z 87.469
 22658303 (333) module 21, x -12.775, y 5.1275, z 62.469
 19934955 (298) module 19, x -6.20917, y 2.50583, z 38.531

Track #45, length 5
 28859302 (406) module 27, x  -32.3, y 10.0225, z 137.469
 26793162 (382) module 25, x -25.6542, y 8.00583, z 112.469
 24726256 (360) module 23, x -19.045, y 5.9525, z 87.469
 22025333 (334) module 21, x -12.69, y 3.9725, z 63.531
 19938030 (299) module 19, x -6.035, y 1.8825, z 38.531

Track #46, length 4
 27677719 (403) module 26, x  31.83, y 5.3325, z 125.469
 25586331 (376) module 24, x  24.57, y 4.1225, z 100.469
 23106075 (348) module 22, x 17.6492, y 2.97583, z 76.531
 21003423 (310) module 20, x  10.38, y 1.7475, z 51.531

Track #47, length 4
 27803142 (404) module 26, x 33.9042, y -18.7858, z 125.469
 25742165 (377) module 24, x  26.14, y -14.4775, z 100.469
 23680674 (349) module 22, x 18.4125, y -10.215, z 75.469
 21619696 (311) module 20, x 10.6392, y -5.91583, z 50.469

Track #48, length 4
 27167613 (380) module 25, x -30.9708, y 26.2292, z 113.531
 25034231 (358) module 23, x -23.0508, y 19.5192, z 88.531
 22648952 (332) module 21, x -14.7642, y 12.5158, z 62.469
 20588274 (297) module 19, x -6.84417, y 5.80583, z 37.469

Track #49, length 8
 15386879 (215) module 14, x -2.0475, y -5.1275, z -24.531
 13295558 (180) module 12, x -3.3125, y -8.2625, z -49.531
 11203980 (152) module 10, x -4.5225, y -11.4525, z -74.531
  9547222 (144) module  9, x -7.3825, y -18.6325, z -131.219
  7490711 (114) module  7, x -10.8475, y -27.4875, z -200.969
  5408127 (82) module  5, x -12.14, y -30.6225, z -225.969
  3325545 (50) module  3, x -13.3775, y -33.785, z -250.969
  1243218 (18) module  1, x -14.6425, y -36.9475, z -275.969

Track #50, length 5
 15384804 (216) module 14, x -1.6075, y -6.6125, z -24.531
 13291930 (181) module 12, x  -2.57, y -10.6825, z -49.531
 11199312 (154) module 10, x -3.5325, y -14.725, z -74.531
  9571060 (147) module  9, x -5.69583, y -23.8942, z -131.219
  7526596 (116) module  7, x -8.345, y -35.1875, z -200.969

Track #51, length 4
 15350733 (219) module 14, x   5.68, y  -7.85, z -24.531
 13237621 (189) module 12, x 9.2275, y -12.69, z -49.531
 11123741 (162) module 10, x 12.8025, y -17.53, z -74.531
  9302569 (132) module  8, x 22.455, y -30.8675, z -143.219

Track #52, length 4
 14312136 (208) module 13, x -3.5625, y 8.1525, z -37.531
 12207235 (174) module 11, x -5.2125, y 11.9475, z -62.531
 10292419 (142) module  9, x -9.7775, y 22.3975, z -131.219
  8216835 (112) module  7, x -14.4525, y 32.9575, z -200.969

Track #53, length 7
 14335486 (212) module 13, x 1.4425, y 5.1825, z -37.531
 12241362 (178) module 11, x 2.1025, y 7.6025, z -62.531
 10152535 (151) module  9, x  3.945, y 14.3675, z -132.281
  6418157 (98) module  6, x   6.09, y 22.2075, z -212.969
  4331745 (68) module  4, x 6.7775, y 24.6275, z -237.969
  2245845 (36) module  2, x 7.4375, y 27.0475, z -262.969
   159945 (6) module  0, x 8.0975, y 29.495, z -287.969

Track #54, length 7
 13273317 (184) module 12, x 1.4725, y -6.5575, z -49.531
 11173559 (156) module 10, x 2.0225, y -9.0875, z -74.531
  9068855 (125) module  8, x 3.6175, y  -16.1, z -144.281
  7125688 (95) module  6, x 5.1575, y -23.0025, z -212.969
  5031050 (65) module  4, x  5.735, y -25.5325, z -237.969
  2936668 (33) module  2, x 6.3125, y -28.035, z -262.969
   842030 (3) module  0, x 6.8625, y -30.565, z -287.969

Track #55, length 5
 13268425 (185) module 12, x 2.5175, y -8.0975, z -49.531
 11166608 (157) module 10, x 3.5075, y -11.2325, z -74.531
  9227251 (127) module  8, x 6.0925, y -19.7575, z -143.219
  7142229 (104) module  6, x 8.7325, y -28.42, z -212.969
  5048861 (74) module  4, x 9.6675, y  -31.5, z -237.969

Track #56, length 6
 12605910 (187) module 12, x 7.34583, y -0.159166, z -48.469
 10508450 (160) module 10, x 10.215, y -0.2325, z -73.469
  8410384 (131) module  8, x 18.245, y -0.3975, z -143.219
  6733690 (108) module  6, x 26.4125, y -0.552498, z -214.031
  4636486 (77) module  4, x 29.2725, y -0.579998, z -239.031
  2539537 (45) module  2, x 32.1875, y -0.607498, z -264.031

Track #57, length 7
 13263103 (186) module 12, x 3.6725, y -5.1275, z -49.531
 11159259 (158) module 10, x 5.1025, y  -7.08, z -74.531
  9044088 (129) module  8, x   8.98, y -12.5525, z -144.281
  6928916 (107) module  6, x 12.9125, y -18.025, z -214.031
  5070321 (76) module  4, x 14.2325, y -19.8675, z -237.969
  2979533 (44) module  2, x 15.6075, y -21.8475, z -262.969
   888745 (13) module  0, x 17.0192, y -23.7908, z -287.969

Track #58, length 7
 13281257 (183) module 12, x -0.232498, y -6.3375, z -49.531
 11184572 (155) module 10, x -0.342499, y -8.785, z -74.531
  9088321 (123) module  8, x  -0.59, y -15.5775, z -144.281
  7097797 (93) module  6, x -0.8375, y -22.2875, z -212.969
  5000088 (62) module  4, x -0.929166, y -24.7258, z -237.969
  2902636 (31) module  2, x -1.0025, y -27.1825, z -262.969
   804928 (1) module  0, x -1.1125, y -29.6025, z -287.969

Track #59, length 6
 12234715 (177) module 11, x 0.672501, y   7.08, z -62.531
 10140266 (149) module  9, x 1.2775, y 13.3225, z -132.281
  8141561 (121) module  7, x 1.8825, y 19.4275, z -200.969
  6043345 (90) module  5, x 2.1025, y 21.6275, z -225.969
  3945385 (59) module  3, x 2.2675, y 23.8275, z -250.969
  1847169 (29) module  1, x 2.4875, y 26.0275, z -275.969

Track #60, length 6
 11565817 (173) module 11, x -5.4575, y -1.665, z -61.469
  9476000 (141) module  9, x -10.325, y -3.2325, z -131.219
  7385928 (111) module  7, x -15.1925, y -4.7725, z -200.969
  5291304 (80) module  5, x -16.9525, y  -5.35, z -225.969
  3196936 (47) module  3, x -18.7125, y -5.9275, z -250.969
  1458148 (16) module  1, x -20.5825, y -6.4875, z -277.031

Track #61, length 5
  9485021 (145) module  9, x  -6.97, y -5.1575, z -131.219
  7421219 (110) module  7, x -17.2275, y -12.4725, z -200.969
  5612251 (79) module  5, x -21.0775, y -15.2325, z -227.031
  3502744 (46) module  3, x -24.7625, y -17.8725, z -252.031
  1393237 (15) module  1, x -28.4475, y -20.5125, z -277.031

Track #62, length 5
  9502175 (146) module  9, x -6.8875, y -8.8425, z -131.219
  7423907 (115) module  7, x -10.1508, y -13.0592, z -200.969
  5333902 (83) module  5, x -11.3425, y -14.5625, z -225.969
  3243641 (51) module  3, x -12.4975, y -16.0475, z -250.969
  1153380 (19) module  1, x -13.6525, y -17.56, z -275.969

Track #63, length 5
 10138308 (148) module  9, x 0.837498, y 8.3725, z -132.281
  8043133 (120) module  7, x 1.2775, y 12.2775, z -202.031
  5946723 (89) module  5, x 1.4425, y 13.7075, z -227.031
  3850056 (58) module  3, x 1.58917, y 15.1558, z -252.031
  1753646 (28) module  1, x 1.7175, y 16.6225, z -277.031

Track #64, length 5
  9475786 (143) module  9, x -8.0425, y -3.1775, z -131.219
  7385221 (113) module  7, x -11.8375, y -4.6075, z -200.969
  5290348 (81) module  5, x -13.2125, y  -5.13, z -225.969
  3195731 (49) module  3, x -14.5875, y -5.6525, z -250.969
  1100858 (17) module  1, x -15.9625, y -6.1475, z -275.969

Track #65, length 5
  8441842 (126) module  8, x 5.8425, y 6.3125, z -143.219
  6357187 (103) module  6, x 8.4275, y   9.09, z -212.969
  4264370 (73) module  4, x 9.3625, y 10.0525, z -237.969
  2171810 (40) module  2, x 10.2425, y 11.0425, z -262.969
    79249 (10) module  0, x 11.1775, y 12.0325, z -287.969

Track #66, length 5
  9096654 (122) module  8, x -2.3225, y -7.8225, z -144.281
  7004048 (92) module  6, x  -3.34, y -11.2325, z -214.031
  4908666 (61) module  4, x -3.6975, y -12.4425, z -239.031
  2813283 (30) module  2, x -4.0825, y -13.68, z -264.031
   717645 (0) module  0, x -4.4125, y -14.9175, z -289.031

Track #67, length 5
  9052139 (128) module  8, x 7.2475, y -6.2275, z -144.281
  6940601 (105) module  6, x 10.4375, y  -8.95, z -214.031
  4837800 (75) module  4, x 11.6475, y -9.9125, z -239.031
  2735254 (43) module  2, x 12.8025, y -10.9025, z -264.031
   632453 (12) module  0, x 14.0125, y -11.8375, z -289.031

Track #68, length 5
  9071298 (124) module  8, x  3.095, y -8.4825, z -144.281
  6967934 (94) module  6, x 4.4425, y -12.2225, z -214.031
  4868454 (64) module  4, x 4.9375, y -13.5425, z -239.031
  2768974 (32) module  2, x 5.4325, y -14.8625, z -264.031
   669494 (2) module  0, x 5.9275, y -16.1825, z -289.031

Track #69, length 4
  8015091 (118) module  7, x -4.7725, y 5.7875, z -202.031
  5915367 (85) module  5, x -5.3225, y 6.4475, z -227.031
  3815643 (53) module  3, x -5.845, y 7.1075, z -252.031
  1716175 (21) module  1, x -6.3675, y   7.74, z -277.031

Track #70, length 4
  8025288 (119) module  7, x -2.5725, y  8.125, z -202.031
  5925545 (87) module  5, x -3.1225, y   9.83, z -227.031
  3825802 (56) module  3, x -3.63583, y 11.5442, z -252.031
  1726315 (26) module  1, x -4.1675, y  13.24, z -277.031

Track #71, length 4
  7358442 (117) module  7, x -6.2825, y 1.1675, z -200.969
  5260242 (84) module  5, x -7.6025, y 1.3875, z -225.969
  3162042 (52) module  3, x -8.9225, y 1.6075, z -250.969
  1063586 (20) module  1, x -10.2425, y 1.8825, z -275.969

Track #72, length 4
  6317035 (99) module  6, x 6.2275, y 0.3725, z -212.969
  4220117 (69) module  4, x 7.4375, y 0.4275, z -237.969
  2123199 (37) module  2, x 8.6475, y   0.51, z -262.969
    26538 (7) module  0, x 9.8025, y 0.5925, z -287.969

Track #73, length 4
  6316262 (100) module  6, x  6.475, y 0.2075, z -212.969
  4219088 (70) module  4, x  7.685, y 0.2075, z -237.969
  2121915 (38) module  2, x 8.8675, y 0.2075, z -262.969
    24485 (8) module  0, x  10.05, y 0.1525, z -287.969

Track #74, length 4
  6308829 (101) module  6, x 6.9975, y  -1.36, z -212.969
  4210628 (71) module  4, x  8.345, y -1.6075, z -237.969
  2112172 (39) module  2, x 9.6925, y -1.8825, z -262.969
    13972 (9) module  0, x 11.0125, y -2.1025, z -287.969

Track #75, length 4
  6325491 (96) module  6, x 5.7875, y 2.1875, z -212.969
  4229352 (66) module  4, x 6.3925, y 2.4075, z -237.969
  2133212 (34) module  2, x 7.0525, y 2.6275, z -262.969
    37328 (4) module  0, x 7.7125, y 2.9025, z -287.969

Track #76, length 4
  6292950 (102) module  6, x 7.3825, y  -4.77, z -212.969
  4850164 (72) module  4, x 8.8975, y -5.7325, z -239.031
  2746851 (41) module  2, x 10.3275, y -6.6675, z -264.031
   643026 (11) module  0, x  11.73, y -7.6025, z -289.031

Track #77, length 4
  6304499 (97) module  6, x 5.7875, y -2.3225, z -212.969
  4206055 (67) module  4, x 6.4475, y  -2.57, z -237.969
  2107868 (35) module  2, x 7.0525, y -2.8175, z -262.969
     9424 (5) module  0, x 7.7125, y -3.065, z -287.969

Track #78, length 3
 41966023 (572) module 40, x 8.2075, y  -0.15, z 390.473
 39869157 (549) module 38, x   6.53, y -0.1225, z 313.525
 37772030 (516) module 36, x  5.155, y -0.0949998, z 251.531

Track #79, length 3
 25573456 (378) module 24, x 28.695, y 6.8725, z 100.469
 23485931 (350) module 22, x  20.17, y 4.8375, z 75.469
 21008513 (313) module 20, x 12.0575, y 2.8475, z 51.531

Track #80, length 3
 25592124 (379) module 24, x 29.795, y 2.8575, z 100.469
 23498972 (351) module 22, x 20.995, y 2.0325, z 75.469
 21001080 (314) module 20, x 12.525, y 1.2525, z 51.531

Track #81, length 3
 24571488 (356) module 23, x -27.815, y 3.1375, z 87.469
 22033931 (329) module 21, x -18.52, y 2.1025, z 63.531
 19942076 (294) module 19, x -8.8125, y 1.0025, z 38.531

Track #82, length 3
 24458859 (357) module 23, x -27.2008, y -21.1542, z 87.469
 22108691 (330) module 21, x -18.0892, y -14.0858, z 63.531
 19977663 (295) module 19, x -8.61083, y -6.67917, z 38.531

Track #83, length 3
 16377799 (242) module 15, x -10.4192, y 8.17083, z -12.531
 14238278 (202) module 13, x -19.4942, y 15.2658, z -37.531
 12474568 (167) module 11, x -28.1842, y 22.0858, z -61.469

Track #84, length 3
 13638838 (204) module 13, x -9.10583, y 3.51417, z -36.469
 12168701 (169) module 11, x  -13.6, y 5.2375, z -62.531
 10016169 (136) module  9, x -25.6175, y 9.8575, z -132.281

Track #85, length 3
 14292919 (205) module 13, x -7.6875, y   9.06, z -37.531
 12180074 (170) module 11, x -11.1525, y 13.295, z -62.531
 10342291 (137) module  9, x -20.5025, y  25.01, z -131.219

Track #86, length 3
 14303932 (206) module 13, x -5.3225, y 8.8125, z -37.531
 12194929 (171) module 11, x -7.825, y  12.91, z -62.531
 10315170 (139) module  9, x  -14.7, y 24.2125, z -131.219

Track #87, length 3
 14310846 (207) module 13, x -3.80083, y 8.68417, z -37.531
 12205429 (172) module 11, x -5.56083, y 12.6992, z -62.531
 10295722 (140) module  9, x -10.4925, y 23.7725, z -131.219

Track #88, length 3
  8393589 (130) module  8, x 12.6808, y -4.00917, z -143.219
  6861503 (109) module  6, x 27.515, y -8.6475, z -214.031
  4739746 (78) module  4, x 32.795, y -10.2425, z -239.031

