Track #0, length 7
 53906261 (716) module 51, x -28.4475, y -2.3075, z 750.469
 51809655 (677) module 49, x -26.55, y -2.1975, z 705.469
 49713050 (638) module 47, x -24.6525, y -2.0875, z 660.469
 47616701 (602) module 45, x -22.7275, y -1.9225, z 615.469
 45119513 (569) module 43, x -17.7775, y -1.5275, z 497.982
 43020642 (536) module 41, x -13.7625, y  -1.17, z 402.473
 40922269 (505) module 39, x -10.5175, y -0.895, z 325.525

Track #1, length 5
 53811305 (718) module 51, x -27.3475, y -22.795, z 750.469
 51721099 (679) module 49, x -25.4775, y -21.3375, z 705.469
 49630635 (640) module 47, x -23.7175, y -19.9075, z 660.469
 47539915 (604) module 45, x -21.93, y -18.5325, z 615.469
 45181731 (571) module 43, x -17.2275, y -15.03, z 497.982

Track #2, length 9
 54385045 (720) module 51, x -21.0525, y   24.9, z 751.531
 52281268 (681) module 49, x -19.65, y 23.2225, z 706.531
 50177490 (642) module 47, x -18.22, y 21.5725, z 661.531
 48073968 (606) module 45, x -16.8175, y 19.895, z 616.531
 45725763 (572) module 43, x -13.0225, y 15.4675, z 496.921
 43642756 (538) module 41, x -9.9975, y 11.8925, z 401.411
 41556408 (506) module 39, x -7.5775, y 9.0325, z 324.463
 39468514 (478) module 37, x -5.5975, y 6.7225, z 262.469
 37374963 (457) module 35, x -4.8275, y 5.7875, z 237.469

Track #3, length 7
 53484574 (723) module 51, x -17.5025, y 3.5325, z 751.531
 51388467 (683) module 49, x -16.32, y  3.285, z 706.531
 49292617 (644) module 47, x -15.1375, y 3.0375, z 661.531
 47196510 (608) module 45, x -13.9825, y 2.8175, z 616.531
 45102486 (574) module 43, x -10.9025, y 2.1575, z 497.982
 43007682 (540) module 41, x -8.455, y 1.6625, z 402.473
 40912615 (508) module 39, x -6.4475, y 1.2225, z 325.525

Track #4, length 7
 53480249 (725) module 51, x -15.99, y 4.4675, z 751.531
 51384395 (685) module 49, x -15.0275, y 4.1925, z 706.531
 49288799 (646) module 47, x -13.9275, y 3.8625, z 661.531
 47192946 (611) module 45, x -12.8825, y 3.5875, z 616.531
 45099685 (577) module 43, x -10.0775, y 2.7625, z 497.982
 43005647 (543) module 41, x -7.7675, y 2.1025, z 402.473
 40910832 (511) module 39, x -5.9525, y 1.6075, z 325.525

Track #5, length 6
 53568464 (729) module 51, x -7.7125, y -14.5625, z 751.531
 51466713 (687) module 49, x -7.2175, y -13.5725, z 706.531
 49364707 (649) module 47, x -6.6675, y -12.555, z 661.531
 47262956 (612) module 45, x -6.1725, y -11.565, z 616.531
 44758974 (549) module 42, x -4.6325, y -8.675, z 484.921
 42656740 (515) module 40, x -3.5325, y -6.6125, z 389.411

Track #6, length 9
 54320608 (730) module 51, x -7.0825, y 20.8025, z 751.531
 52221176 (689) module 49, x -6.5875, y 19.4825, z 706.531
 49951762 (651) module 47, x -6.0925, y 18.1625, z 660.469
 47856938 (614) module 45, x -5.5975, y 16.8425, z 615.469
 45765481 (579) module 43, x -4.3875, y  13.35, z 496.921
 43672989 (545) module 41, x  -3.37, y 10.5175, z 401.411
 41579463 (513) module 39, x -2.6275, y 8.2075, z 324.463
 39485161 (483) module 37, x -2.0225, y 6.3375, z 262.469
 37389046 (461) module 35, x -1.8025, y 5.6225, z 237.469

Track #7, length 7
 53910876 (717) module 51, x -28.0625, y -1.3175, z 750.469
 51814269 (678) module 49, x -26.2475, y -1.2075, z 705.469
 49717149 (639) module 47, x -24.46, y -1.2075, z 660.469
 47620030 (603) module 45, x -22.6725, y -1.2075, z 615.469
 45117463 (568) module 43, x -17.8875, y -1.0875, z 497.982
 43019873 (535) module 41, x -13.79, y -1.005, z 402.473
 40922269 (505) module 39, x -10.5175, y -0.895, z 325.525

Track #8, length 7
 53807985 (719) module 51, x -26.9075, y -23.5375, z 750.469
 51717776 (680) module 49, x -25.175, y -22.0525, z 705.469
 49627824 (641) module 47, x -23.4425, y -20.5125, z 660.469
 47537871 (605) module 45, x -21.7375, y -18.9725, z 615.469
 45181731 (571) module 43, x -17.2275, y -15.03, z 497.982
 43069541 (537) module 41, x -13.5837, y -11.7712, z 402.473
 40960668 (504) module 39, x -10.5725, y -9.2275, z 325.525

Track #9, length 8
 53932287 (721) module 51, x -19.0975, y 3.2475, z 750.469
 51389719 (682) module 49, x -17.86, y 3.0375, z 706.531
 49293614 (643) module 47, x -16.595, y 2.8175, z 661.531
 47197253 (607) module 45, x -15.3575, y  2.625, z 616.531
 45102722 (573) module 43, x -12.0025, y  2.075, z 497.982
 43007922 (539) module 41, x -9.335, y 1.6075, z 402.473
 40912345 (507) module 39, x -7.18083, y 1.25917, z 325.525
 38816761 (479) module 37, x -5.4575, y 0.9475, z 263.531

Track #10, length 8
 53485825 (722) module 51, x -19.0975, y 3.2575, z 751.531
 51389719 (682) module 49, x -17.86, y 3.0375, z 706.531
 49293614 (643) module 47, x -16.595, y 2.8175, z 661.531
 47197253 (607) module 45, x -15.3575, y  2.625, z 616.531
 45102722 (573) module 43, x -12.0025, y  2.075, z 497.982
 43007922 (539) module 41, x -9.335, y 1.6075, z 402.473
 40912345 (507) module 39, x -7.18083, y 1.25917, z 325.525
 38816761 (479) module 37, x -5.4575, y 0.9475, z 263.531

Track #11, length 7
 53572646 (724) module 51, x -17.0625, y -15.4975, z 751.531
 51470651 (684) module 49, x -15.9075, y -14.4525, z 706.531
 49368911 (645) module 47, x -14.78, y -13.4625, z 661.531
 47266916 (609) module 45, x -13.6525, y -12.4175, z 616.531
 45157530 (575) module 43, x -10.6825, y -9.7775, z 497.982
 43050693 (541) module 41, x  -8.29, y -7.5775, z 402.473
 40945640 (509) module 39, x -6.3925, y -5.8725, z 325.525

Track #12, length 7
 53539386 (726) module 51, x -15.935, y -8.2375, z 751.531
 51439693 (686) module 49, x -14.9175, y -7.6875, z 706.531
 49340256 (647) module 47, x -13.8725, y -7.1925, z 661.531
 47240562 (610) module 45, x -12.8825, y -6.6425, z 616.531
 45137059 (576) module 43, x -10.1875, y -5.2675, z 497.982
 43034571 (542) module 41, x -7.9875, y -4.1125, z 402.473
 40933355 (510) module 39, x -6.2275, y -3.2325, z 325.525

Track #13, length 9
 54323642 (728) module 51, x -7.7425, y 22.865, z 751.531
 52223958 (688) module 49, x -7.1925, y 21.325, z 706.531
 50124531 (648) module 47, x -6.6975, y 19.7575, z 661.531
 47854353 (613) module 45, x -6.1475, y 18.2175, z 615.469
 45763417 (578) module 43, x -4.8275, y 14.2575, z 496.921
 43671187 (544) module 41, x -3.7825, y 11.0675, z 401.411
 41578177 (512) module 39, x -2.9025, y 8.5375, z 324.463
 39484390 (482) module 37, x -2.1875, y 6.5025, z 262.469
 37388533 (460) module 35, x -1.9125, y 5.6775, z 237.469

Track #14, length 8
 53583590 (731) module 51, x -6.5025, y -17.8075, z 751.531
 51480813 (690) module 49, x  -6.09, y -16.625, z 706.531
 49378293 (652) module 47, x  -5.65, y -15.4425, z 661.531
 47275773 (615) module 45, x  -5.21, y -14.2875, z 616.531
 46858079 (582) module 44, x -5.0725, y -13.9275, z 603.469
 44755607 (550) module 42, x -3.945, y -10.8475, z 484.921
 42654404 (516) module 40, x -3.0375, y -8.345, z 389.411
 40553961 (486) module 38, x -2.3225, y -6.3375, z 312.463

Track #15, length 5
 53142982 (693) module 50, x -3.6425, y -8.2625, z 738.469
 51044814 (654) module 48, x -3.4225, y -7.795, z 693.469
 48946647 (617) module 46, x -3.2025, y -7.3275, z 648.469
 46848480 (583) module 44, x -2.9825, y -6.8325, z 603.469
 44748791 (551) module 42, x -2.4325, y -5.5675, z 484.921

Track #16, length 6
 53128291 (697) module 50, x -0.544167, y -13.6708, z 738.469
 51031156 (658) module 48, x -0.5075, y -12.7725, z 693.469
 48934020 (621) module 46, x -0.5075, y -11.865, z 648.469
 46836629 (585) module 44, x -0.452499, y -10.9575, z 603.469
 44739265 (552) module 42, x -0.397499, y -8.5375, z 484.921
 42641637 (518) module 40, x -0.287498, y -6.5575, z 389.411

Track #17, length 7
 53125722 (699) module 50, x 0.0424995, y -14.175, z 738.469
 51028588 (660) module 48, x 0.0424995, y -13.2125, z 693.469
 48931453 (623) module 46, x 0.0424995, y -12.2775, z 648.469
 46834062 (587) module 44, x 0.0699997, y -11.3425, z 603.469
 44736954 (554) module 42, x 0.0699997, y -8.895, z 484.921
 42640094 (520) module 40, x 0.0424995, y -6.9425, z 389.411
 40542971 (489) module 38, x 0.0424995, y -5.3475, z 312.463

Track #18, length 7
 53101597 (702) module 50, x 5.2125, y -17.5575, z 738.469
 51006003 (662) module 48, x 4.8825, y -16.3475, z 693.469
 48910664 (625) module 46, x 4.4975, y -15.165, z 648.469
 46815326 (589) module 44, x 4.1125, y -13.9825, z 603.469
 44722583 (556) module 42, x 3.1775, y -10.82, z 484.921
 42629061 (523) module 40, x   2.38, y  -8.29, z 389.411
 40535019 (492) module 38, x 1.7475, y -6.2275, z 312.463

Track #19, length 5
 52490198 (706) module 50, x 7.3825, y 8.0725, z 739.531
 50390494 (666) module 48, x 6.9425, y 7.5225, z 694.531
 48290790 (628) module 46, x 6.46583, y 6.9725, z 649.531
 46191087 (592) module 44, x   5.98, y   6.45, z 604.531
 45808382 (581) module 43, x 4.7975, y 5.1825, z 496.921

Track #20, length 6
 52502718 (708) module 50, x  8.675, y 10.8775, z 739.531
 50402506 (668) module 48, x 8.0425, y 10.2175, z 694.531
 48302037 (629) module 46, x 7.4375, y 9.5025, z 649.531
 46202080 (593) module 44, x 6.8325, y  8.815, z 604.531
 44096509 (558) module 42, x 5.2375, y 6.9725, z 485.982
 43708406 (547) module 41, x 4.1925, y 5.6225, z 401.411

Track #21, length 5
 52465333 (710) module 50, x 9.1975, y 2.7375, z 739.531
 50367424 (670) module 48, x 8.5925, y 2.5725, z 694.531
 48269515 (631) module 46, x 7.9875, y 2.4075, z 649.531
 46171606 (595) module 44, x 7.3825, y 2.2425, z 604.531
 44072178 (560) module 42, x  5.815, y 1.7475, z 485.982

Track #22, length 6
 53079917 (712) module 50, x 9.9975, y -13.1575, z 738.469
 50986108 (672) module 48, x 9.2825, y -12.3325, z 693.469
 48891788 (633) module 46, x 8.5675, y -11.4525, z 648.469
 46797980 (597) module 44, x 7.8525, y -10.5725, z 603.469
 44709575 (562) module 42, x 5.9825, y -8.2075, z 484.921
 42619113 (526) module 40, x 4.5525, y -6.3375, z 389.411

Track #23, length 10
 52598645 (714) module 50, x  12.69, y 31.6125, z 739.531
 50491265 (674) module 48, x 12.0575, y 29.4125, z 694.531
 48383885 (635) module 46, x 11.3975, y  27.24, z 649.531
 46276505 (599) module 44, x 10.7375, y  25.04, z 604.531
 44153532 (564) module 42, x 8.8125, y 19.3475, z 485.982
 42035419 (528) module 40, x 7.1075, y 14.8375, z 390.473
 39921396 (495) module 38, x 5.7325, y 11.2075, z 313.525
 39516861 (485) module 37, x  4.825, y 8.7575, z 262.469
 37417683 (463) module 35, x 4.3575, y 7.5475, z 237.469
 35318504 (441) module 33, x 3.9175, y  6.365, z 212.469

Track #24, length 4
 53140686 (694) module 50, x -3.175, y -7.8225, z 738.469
 51042776 (655) module 48, x -2.9825, y -7.2725, z 693.469
 48944865 (618) module 46, x -2.8175, y -6.7775, z 648.469
 46846698 (584) module 44, x -2.5975, y -6.2825, z 603.469

Track #25, length 7
 53127182 (698) module 50, x -0.287498, y -18.3825, z 738.469
 51030053 (659) module 48, x -0.287498, y -17.1175, z 693.469
 48932924 (622) module 46, x -0.287498, y -15.8525, z 648.469
 46835794 (586) module 44, x -0.287498, y -14.615, z 603.469
 44738447 (553) module 42, x -0.232498, y -11.2875, z 484.921
 42641088 (519) module 40, x -0.177498, y -8.5925, z 389.411
 40543719 (488) module 38, x -0.122498, y -6.4475, z 312.463

Track #26, length 7
 53108019 (700) module 50, x 3.8375, y -16.3475, z 738.469
 51012167 (661) module 48, x 3.5625, y -15.2475, z 693.469
 48916315 (624) module 46, x 3.2875, y -14.1475, z 648.469
 46820463 (588) module 44, x 3.0125, y -13.02, z 603.469
 44726692 (555) module 42, x 2.2975, y -10.105, z 484.921
 42632399 (522) module 40, x 1.6925, y  -7.74, z 389.411
 40537330 (491) module 38, x 1.2525, y -5.8425, z 312.463

Track #27, length 7
 53098302 (703) module 50, x 5.9275, y -15.7425, z 738.469
 51002962 (663) module 48, x 5.5425, y -14.6425, z 693.469
 48907622 (626) module 46, x 5.1575, y -13.5425, z 648.469
 46812538 (590) module 44, x 4.7175, y -12.4425, z 603.469
 44720302 (557) module 42, x 3.6725, y -9.5825, z 484.921
 42627287 (524) module 40, x 2.7925, y   -7.3, z 389.411
 40533497 (493) module 38, x 2.0775, y -5.4575, z 312.463

Track #28, length 4
 52467429 (705) module 50, x 6.5575, y  3.205, z 739.531
 50369517 (665) module 48, x 6.1175, y 3.0125, z 694.531
 48271349 (627) module 46, x 5.6775, y 2.7925, z 649.531
 46173181 (591) module 44, x 5.2375, y 2.5725, z 604.531

Track #29, length 5
 52489172 (707) module 50, x  7.465, y 7.8525, z 739.531
 50389981 (667) module 48, x 6.9975, y 7.4125, z 694.531
 48290790 (628) module 46, x 6.46583, y 6.9725, z 649.531
 46191087 (592) module 44, x   5.98, y   6.45, z 604.531
 45808382 (581) module 43, x 4.7975, y 5.1825, z 496.921

Track #30, length 6
 53085556 (709) module 50, x 8.6775, y -12.745, z 738.469
 50991234 (669) module 48, x 8.0725, y -12.0025, z 693.469
 48896656 (630) module 46, x 7.5225, y -11.2325, z 648.469
 46802078 (594) module 44, x 6.9725, y -10.4625, z 603.469
 44711369 (559) module 42, x 5.5975, y -8.0975, z 484.921
 42619883 (525) module 40, x 4.3875, y   -6.2, z 389.411

Track #31, length 6
 52510385 (711) module 50, x 9.4175, y 12.555, z 739.531
 50409148 (671) module 48, x  8.785, y 11.675, z 694.531
 48308168 (632) module 46, x 8.1525, y 10.8225, z 649.531
 46206931 (596) module 44, x 7.5475, y 9.9425, z 604.531
 44099825 (561) module 42, x 5.8975, y  7.715, z 485.982
 43710701 (548) module 41, x 4.6875, y 6.1175, z 401.411

Track #32, length 14
 53294096 (713) module 50, x 11.9775, y -32.2425, z 739.531
 51193906 (673) module 48, x 11.3175, y -30.3725, z 694.531
 49093460 (634) module 46, x 10.6025, y -28.5025, z 649.531
 46993015 (598) module 44, x 9.8875, y -26.5775, z 604.531
 44887505 (563) module 42, x 7.9625, y -21.6275, z 485.982
 42610205 (527) module 40, x 6.4225, y -17.5575, z 389.411
 40518487 (494) module 38, x 5.2675, y -14.34, z 312.463
 38425735 (466) module 36, x 4.3325, y -11.7275, z 250.469
 36330394 (444) module 34, x 3.9475, y -10.6825, z 225.469
 34235052 (425) module 32, x 3.5625, y -9.665, z 200.469
 32139711 (401) module 30, x 3.1775, y -8.6475, z 175.469
 30044369 (375) module 28, x 2.7925, y -7.6575, z 150.469
 27949027 (348) module 26, x 2.4075, y -6.6675, z 125.469
 25853686 (314) module 24, x 2.0225, y -5.6225, z 100.469

Track #33, length 7
 52448369 (715) module 50, x  12.91, y -0.8925, z 739.531
 50351486 (675) module 48, x 12.2225, y -0.8375, z 694.531
 48254603 (636) module 46, x 11.5075, y -0.7825, z 649.531
 46157463 (600) module 44, x 10.8292, y -0.745833, z 604.531
 44061114 (565) module 42, x  8.895, y -0.6175, z 485.982
 41964247 (529) module 40, x    7.3, y -0.535, z 390.473
 39867631 (496) module 38, x 6.0075, y -0.4525, z 313.525

Track #34, length 11
 52217874 (691) module 49, x -5.9275, y 32.1325, z 706.531
 50118714 (653) module 47, x -5.4875, y 29.9325, z 661.531
 48019554 (616) module 45, x -5.0475, y 27.7325, z 616.531
 45917388 (580) module 43, x -3.9475, y 21.9025, z 497.982
 43674404 (546) module 41, x -3.0675, y 17.1725, z 401.411
 41580649 (514) module 39, x -2.3525, y 13.3775, z 324.463
 39486112 (484) module 37, x -1.8025, y 10.325, z 262.469
 37390007 (462) module 35, x -1.5825, y 9.0875, z 237.469
 35293901 (440) module 33, x -1.3625, y 7.8775, z 212.469
 33197795 (421) module 31, x -1.1425, y 6.6675, z 187.469
 31101689 (398) module 29, x -0.922501, y 5.4575, z 162.469

Track #35, length 10
 50865959 (676) module 48, x 35.1875, y -17.0075, z 693.469
 48780604 (637) module 46, x  32.63, y -15.8525, z 648.469
 46695250 (601) module 44, x   30.1, y -14.6425, z 603.469
 44629130 (566) module 42, x 23.4725, y -11.5625, z 484.921
 42556089 (530) module 40, x 18.165, y -8.9775, z 389.411
 40478431 (497) module 38, x 13.985, y -6.8875, z 312.463
 38396926 (468) module 36, x 10.6575, y -5.1825, z 250.469
 35654322 (445) module 34, x  9.335, y -4.495, z 226.531
 33560524 (426) module 32, x  7.905, y -3.8075, z 201.531
 31466727 (402) module 30, x 6.4475, y -3.0925, z 176.531

Track #36, length 9
 44600939 (567) module 42, x 29.5225, y -13.24, z 484.921
 42533537 (532) module 40, x 23.0325, y -10.2975, z 389.411
 40460748 (498) module 38, x 17.8075, y -7.9325, z 312.463
 38383343 (469) module 36, x 13.5725, y -6.0075, z 250.469
 36294141 (446) module 34, x 11.8675, y -5.2375, z 225.469
 33557154 (427) module 32, x 10.2425, y -4.5225, z 201.531
 31463617 (403) module 30, x 8.5375, y -3.7525, z 176.531
 29370080 (376) module 28, x 6.8325, y -2.9825, z 151.531
 27276287 (349) module 26, x 5.1275, y -2.2675, z 126.531

Track #37, length 8
 43952590 (534) module 41, x -32.6025, y 21.7925, z 402.473
 41477938 (500) module 39, x  -24.6, y 16.4025, z 324.463
 39410047 (475) module 37, x -18.2475, y 12.1675, z 262.469
 37324702 (455) module 35, x -15.7175, y 10.4625, z 237.469
 35239357 (437) module 33, x -13.1508, y 8.73917, z 212.469
 33154268 (418) module 31, x -10.6025, y  7.025, z 187.469
 31068411 (395) module 29, x -8.05417, y 5.31083, z 162.469
 28318198 (370) module 27, x -5.6225, y 3.6975, z 138.531

Track #38, length 6
 41180080 (501) module 39, x -23.4425, y  -33.3, z 324.463
 38939668 (476) module 37, x -18.0525, y -25.755, z 263.531
 36828732 (454) module 35, x -15.8525, y -22.675, z 238.531
 34717283 (435) module 33, x -13.7075, y -19.595, z 213.531
 32606090 (416) module 31, x -11.535, y -16.5425, z 188.531
 30494897 (394) module 29, x  -9.39, y -13.5175, z 163.531

Track #39, length 6
 41178324 (502) module 39, x -21.435, y -33.7125, z 324.463
 38940712 (477) module 37, x -16.9525, y -25.9475, z 263.531
 36829514 (456) module 35, x -15.055, y -22.8125, z 238.531
 34717805 (436) module 33, x -13.1575, y -19.705, z 213.531
 32606350 (417) module 31, x -11.315, y -16.5975, z 188.531
 30494897 (394) module 29, x  -9.39, y -13.5175, z 163.531

Track #40, length 7
 40649136 (487) module 38, x -1.4975, y -23.4425, z 313.525
 38450719 (465) module 36, x -1.085, y -17.4475, z 250.469
 36352842 (443) module 34, x -0.910831, y -15.0458, z 225.469
 34254966 (424) module 32, x -0.755001, y -12.6625, z 200.469
 32157089 (400) module 30, x -0.5625, y -10.27, z 175.469
 30059469 (374) module 28, x -0.452499, y -7.8775, z 150.469
 27961592 (347) module 26, x -0.287498, y -5.5125, z 125.469

Track #41, length 10
 38992911 (474) module 37, x  -18.3, y -37.1675, z 263.531
 36881451 (453) module 35, x -16.7875, y -34.115, z 238.531
 34770247 (434) module 33, x -15.2475, y -31.0625, z 213.531
 32658786 (415) module 31, x -13.7442, y -28.0008, z 188.531
 30547326 (393) module 29, x -12.2225, y -24.93, z 163.531
 28436633 (368) module 27, x -10.7375, y -21.8775, z 138.531
 26325172 (340) module 25, x -9.225, y -18.7975, z 113.531
 24213712 (306) module 23, x -7.685, y -15.7175, z 88.531
 22101996 (273) module 21, x -6.15417, y -12.6008, z 63.531
 19589324 (216) module 18, x -3.8075, y -7.9325, z 25.469

Track #42, length 6
 38374160 (470) module 36, x 15.4975, y -18.2725, z 250.469
 36283439 (447) module 34, x 14.1225, y -16.5675, z 225.469
 34192461 (428) module 32, x 12.8025, y -14.9175, z 200.469
 32101226 (404) module 30, x  11.51, y -13.3225, z 175.469
 30009991 (377) module 28, x 10.2725, y -11.7275, z 150.469
 27918243 (352) module 26, x   9.09, y -10.1875, z 125.469

Track #43, length 6
 38076525 (471) module 36, x   27.1, y  24.17, z 250.469
 35994288 (448) module 34, x 23.415, y 20.9525, z 225.469
 33912563 (429) module 32, x  19.73, y 17.6525, z 200.469
 31547958 (405) module 30, x 16.155, y 14.5075, z 176.531
 29435514 (379) module 28, x 12.4425, y 11.235, z 151.531
 27323581 (350) module 26, x 8.7575, y 7.9075, z 126.531

Track #44, length 8
 38727766 (473) module 36, x 36.535, y -28.3925, z 251.531
 36607386 (451) module 34, x 31.5392, y -24.6158, z 226.531
 34487263 (432) module 32, x 26.5525, y -20.83, z 201.531
 32055082 (408) module 30, x 21.4375, y -16.8425, z 175.469
 29981040 (383) module 28, x 16.4875, y -12.9925, z 150.469
 27906998 (354) module 26, x 11.5375, y -9.1425, z 125.469
 25832445 (318) module 24, x 6.56917, y -5.20083, z 100.469
 19925239 (243) module 19, x  -5.54, y 4.6325, z 38.531

Track #45, length 6
 38301239 (472) module 36, x 31.2642, y -16.0908, z 250.469
 36224096 (449) module 34, x 26.9925, y -13.8725, z 225.469
 34146184 (430) module 32, x  22.73, y -11.6725, z 200.469
 32069040 (406) module 30, x 18.4308, y -9.45417, z 175.469
 29991896 (380) module 28, x 14.1592, y -7.23583, z 150.469
 25175794 (316) module 24, x 5.82417, y -2.94583, z 101.531

Track #46, length 5
 37119810 (452) module 35, x -29.4925, y -4.2875, z 237.469
 35025807 (433) module 33, x -25.2575, y   -3.6, z 212.469
 32932060 (414) module 31, x -20.995, y -2.9125, z 187.469
 30442794 (392) module 29, x -16.8425, y -2.2425, z 163.531
 28342392 (367) module 27, x -12.525, y -1.5275, z 138.531

Track #47, length 6
 37487995 (464) module 35, x 4.7975, y  26.33, z 238.531
 35393985 (442) module 33, x 4.1375, y  22.48, z 213.531
 33218828 (423) module 31, x 3.4225, y 18.4925, z 187.469
 31118418 (399) module 29, x 2.7075, y 14.6425, z 162.469
 29018008 (373) module 27, x 1.9925, y 10.7925, z 137.469
 26917598 (346) module 25, x  1.305, y 6.9425, z 112.469

Track #48, length 6
 37519130 (459) module 35, x -1.94917, y 31.6558, z 238.531
 35421518 (439) module 33, x -1.8025, y 28.805, z 213.531
 33323906 (419) module 31, x -1.6925, y 25.945, z 188.531
 31226037 (396) module 29, x -1.5275, y  23.14, z 163.531
 29128169 (371) module 27, x -1.3625, y  20.28, z 138.531
 26906146 (344) module 25, x -1.1425, y 17.2825, z 112.469

Track #49, length 4
 33061934 (412) module 31, x -30.4942, y 16.5858, z 187.469
 30998647 (390) module 29, x -23.1287, y 12.6075, z 162.469
 28935616 (365) module 27, x  -15.8, y 8.5925, z 137.469
 26215869 (341) module 25, x -8.73917, y 4.76083, z 113.531

Track #50, length 4
 32795263 (413) module 31, x -26.1192, y -32.4658, z 187.469
 30729698 (391) module 29, x -20.6558, y -25.7192, z 162.469
 28424003 (366) module 27, x -15.4308, y -19.2192, z 138.531
 26295462 (339) module 25, x -9.98583, y -12.4542, z 113.531

Track #51, length 4
 32387641 (409) module 30, x 26.0942, y -29.9508, z 176.531
 30263222 (384) module 28, x 20.0992, y -23.0758, z 151.531
 27896123 (356) module 26, x 13.8475, y -15.88, z 125.469
 25826232 (320) module 24, x   7.88, y -9.0325, z 100.469

Track #52, length 5
 30936535 (386) module 29, x -36.59, y 7.3275, z 162.469
 28864983 (359) module 27, x -31.09, y 7.3275, z 137.469
 26793431 (330) module 25, x -25.6175, y 7.3275, z 112.469
 24721111 (297) module 23, x -20.145, y 7.3275, z 87.469
 22649304 (271) module 21, x -14.7275, y 7.2725, z 62.469

Track #53, length 7
 30836798 (387) module 29, x -29.685, y -2.4725, z 162.469
 28740993 (362) module 27, x    -26, y -2.1975, z 137.469
 26645444 (332) module 25, x -22.315, y -1.8675, z 112.469
 24148231 (300) module 23, x -18.7675, y -1.5825, z 88.531
 22049609 (270) module 21, x -15.11, y -1.2525, z 63.531
 19950989 (239) module 19, x -11.3975, y  -0.95, z 38.531
 17852624 (208) module 17, x -7.7125, y -0.6475, z 13.531

Track #54, length 4
 30857077 (388) module 29, x -26.6508, y 1.90917, z 162.469
 28758004 (364) module 27, x -19.675, y 1.4325, z 137.469
 26233456 (338) module 25, x -12.965, y 1.0025, z 113.531
 24138735 (310) module 23, x  -5.98, y 0.5075, z 88.531

Track #55, length 4
 28506294 (369) module 27, x -9.1425, y -36.975, z 138.531
 26385103 (343) module 25, x -7.7675, y -31.7775, z 113.531
 24263654 (309) module 23, x -6.475, y -26.58, z 88.531
 22143229 (275) module 21, x -5.2375, y -21.465, z 63.531

Track #56, length 5
 24927275 (312) module 23, x 0.0124998, y  30.73, z 88.531
 22830488 (276) module 21, x -0.0425, y 24.735, z 63.531
 20619789 (249) module 19, x -0.0424995, y  18.41, z 37.469
 18523003 (214) module 17, x 0.0125008, y 12.3875, z 12.469
 16425960 (186) module 15, x 0.0125008, y  6.365, z -12.531

Track #57, length 4
 20618176 (248) module 19, x -0.427502, y  8.565, z 37.469
 18519359 (213) module 17, x -0.7575, y  15.66, z 12.469
 16543937 (185) module 15, x -1.0875, y  22.48, z -11.469
 14448192 (158) module 13, x -1.4175, y 29.575, z -36.469

Track #58, length 6
 19929595 (244) module 19, x -5.3475, y   3.67, z 38.531
 18476253 (205) module 17, x -10.1625, y   6.97, z 12.469
 16357540 (176) module 15, x -14.755, y 10.1325, z -12.531
 14239083 (150) module 13, x -19.3475, y 13.2675, z -37.531
 12120881 (125) module 11, x -23.9308, y 16.4392, z -62.531
 10416529 (92) module  9, x -36.5808, y 25.1292, z -131.219

Track #59, length 6
 18925306 (223) module 18, x 5.4025, y  5.845, z 26.531
 16844221 (193) module 16, x   8.73, y 9.3925, z  1.531
 14763393 (166) module 14, x 12.0208, y 12.9492, z -23.469
 12682822 (145) module 12, x 15.3025, y 16.515, z -48.469
 10602250 (117) module 10, x 18.6025, y 20.0625, z -73.469
  8688991 (89) module  8, x  27.87, y 30.1375, z -144.281

Track #60, length 6
 18918390 (225) module 18, x 5.6225, y 4.3325, z 26.531
 16833464 (194) module 16, x 8.99583, y 7.00917, z  1.531
 14748283 (167) module 14, x 12.3875, y 9.6675, z -23.469
 12663357 (146) module 12, x 15.7975, y 12.335, z -48.469
 10855419 (119) module 10, x 19.2992, y 15.1408, z -74.531
  8723284 (90) module  8, x 28.5025, y  22.63, z -144.281

Track #61, length 5
 19527417 (229) module 18, x 9.6125, y -5.4575, z 25.469
 17403325 (196) module 16, x  15.36, y -8.7575, z  0.469
 15279490 (169) module 14, x  21.08, y -12.0025, z -24.531
 13156168 (147) module 12, x   26.8, y -15.1925, z -49.531
 11032077 (122) module 10, x 32.575, y -18.41, z -74.531

Track #62, length 4
 18474428 (204) module 17, x -10.5292, y 8.77583, z 12.469
 16354932 (175) module 15, x -15.3142, y 12.7358, z -12.531
 14235437 (149) module 13, x -20.09, y 16.6775, z -37.531
 12458470 (124) module 11, x -24.6825, y 20.445, z -61.469

Track #63, length 4
 17904815 (207) module 17, x -9.5275, y -12.005, z 13.531
 15833186 (177) module 15, x -13.7625, y -17.505, z -11.469
 13761556 (151) module 13, x -18.025, y -22.9775, z -36.469
 11841729 (126) module 11, x -22.48, y -28.6525, z -62.531

Track #64, length 9
 17829623 (212) module 17, x  -5.54, y 4.3025, z 13.531
 16387560 (180) module 15, x  -8.21, y 6.3925, z -12.531
 14279108 (153) module 13, x -10.7675, y 8.3725, z -37.531
 12170143 (128) module 11, x -13.2975, y  10.38, z -62.531
 10040123 (96) module  9, x -20.3375, y 15.9075, z -132.281
  8276181 (69) module  7, x -27.295, y 21.4075, z -200.969
  6190769 (49) module  5, x -29.825, y 23.3875, z -225.969
  4105356 (28) module  3, x -32.3275, y 25.4225, z -250.969
  2019687 (7) module  1, x -34.8392, y 27.4208, z -275.969

Track #65, length 5
 17860048 (209) module 17, x -7.685, y -2.2425, z 13.531
 15767695 (178) module 15, x -11.2875, y -3.2875, z -11.469
 13675342 (152) module 13, x -14.8625, y -4.3325, z -36.469
 11582988 (127) module 11, x -18.465, y -5.3775, z -61.469
  9838162 (94) module  9, x -28.585, y -8.3025, z -132.281

Track #66, length 4
 17464490 (189) module 16, x 2.1325, y -9.8025, z  0.469
 15362387 (161) module 14, x 3.1775, y -14.5875, z -24.531
 13412606 (137) module 12, x 4.1675, y -19.1525, z -48.469
 11320487 (109) module 10, x 5.2675, y -23.91, z -73.469

Track #67, length 9
 17450751 (190) module 16, x 5.1025, y -5.1275, z  0.469
 15344861 (163) module 14, x 6.9725, y -6.9975, z -24.531
 13238459 (141) module 12, x 8.93875, y -8.8675, z -49.531
 11132824 (113) module 10, x 10.8775, y -10.7925, z -74.531
  9010487 (87) module  8, x  16.24, y -16.1275, z -144.281
  7201749 (66) module  6, x 21.6025, y -21.4075, z -212.969
  5113010 (46) module  4, x 23.5275, y -23.3325, z -237.969
  3024782 (26) module  2, x 25.4525, y -25.285, z -262.969
   936299 (6) module  0, x  27.35, y -27.2375, z -287.969

Track #68, length 5
 16398284 (182) module 15, x -5.9275, y 7.9325, z -12.531
 14286996 (154) module 13, x  -8.98, y 10.985, z -37.531
 12175709 (129) module 11, x -12.0875, y 14.0375, z -62.531
 10342850 (95) module  9, x -20.6125, y 22.4525, z -131.219
  8284967 (68) module  7, x -29.2108, y 30.9592, z -200.969

Track #69, length 8
 16411107 (184) module 15, x -3.1775, y 6.6675, z -12.531
 14309566 (155) module 13, x -4.1125, y 8.7025, z -37.531
 12207769 (132) module 11, x -5.1025, y  10.71, z -62.531
 10096950 (99) module  9, x  -7.99, y 16.1825, z -132.281
  8199890 (71) module  7, x -10.7675, y 21.5725, z -200.969
  6107566 (51) module  5, x -11.8125, y 23.5525, z -225.969
  4014987 (30) module  3, x -12.83, y 25.4775, z -250.969
  1922920 (9) module  1, x -13.9025, y 27.4025, z -275.969

Track #70, length 8
 16406234 (183) module 15, x -4.2225, y 7.1625, z -12.531
 14311617 (156) module 13, x -3.6725, y   8.51, z -37.531
 12217257 (134) module 11, x -3.0675, y 9.8575, z -62.531
 10127716 (106) module  9, x -1.4175, y 13.625, z -132.281
  8038175 (80) module  7, x 0.232498, y  17.42, z -202.031
  5943815 (60) module  5, x 0.837498, y 18.7675, z -227.031
  3949549 (40) module  3, x 1.3875, y 20.0875, z -250.969
  1849556 (20) module  1, x 1.9925, y 21.435, z -275.969

Track #71, length 8
 14739940 (162) module 14, x 6.6125, y 7.7425, z -23.469
 12652227 (139) module 12, x    8.4, y 9.8875, z -48.469
 10565027 (112) module 10, x 10.1875, y 12.0325, z -73.469
  8495432 (86) module  8, x 15.1925, y     18, z -143.219
  6619626 (65) module  6, x 20.2158, y 24.0692, z -214.031
  4512970 (45) module  4, x 22.0125, y 26.205, z -239.031
  2405802 (25) module  2, x 23.7725, y  28.35, z -264.031
   298889 (5) module  0, x  25.56, y 30.4675, z -289.031

Track #72, length 7
 14317554 (157) module 13, x -2.4075, y  5.815, z -37.531
 12217045 (133) module 11, x -3.1225, y 7.4375, z -62.531
 10111106 (104) module  9, x -4.9925, y 12.0025, z -132.281
  8004912 (75) module  7, x -6.9175, y 16.485, z -202.031
  5904659 (55) module  5, x -7.5775, y 18.1075, z -227.031
  3994357 (34) module  3, x -8.2375, y 19.6475, z -250.969
  1900248 (13) module  1, x -8.93875, y 21.2425, z -275.969

Track #73, length 6
 10526974 (108) module 10, x 5.1825, y 3.7275, z -73.469
  8439497 (84) module  8, x 8.0975, y 5.8175, z -143.219
  6352276 (64) module  6, x 11.0125, y 7.9625, z -212.969
  4258690 (44) module  4, x 12.0025, y 8.7325, z -237.969
  2164591 (24) module  2, x 13.0475, y 9.5025, z -262.969
    71004 (3) module  0, x 14.0925, y 10.2725, z -287.969

Track #74, length 5
  9480172 (101) module  9, x -6.1725, y -4.1125, z -131.219
  7390139 (73) module  7, x -8.8675, y -5.6525, z -200.969
  5295274 (53) module  5, x -9.775, y -6.1475, z -225.969
  3200411 (32) module  3, x -10.6275, y -6.6425, z -250.969
  1105547 (11) module  1, x -11.5075, y -7.1375, z -275.969

Track #75, length 5
  9521620 (100) module  9, x -7.4925, y -13.1325, z -131.219
  7447711 (72) module  7, x -10.4075, y -18.1375, z -200.969
  5358732 (52) module  5, x -11.4525, y -19.8975, z -225.969
  3270009 (31) module  3, x -12.47, y -21.7125, z -250.969
  1180518 (10) module  1, x -13.515, y  -23.5, z -275.969

Track #76, length 5
  9475060 (102) module  9, x -5.7325, y  -3.04, z -131.219
  7383245 (74) module  7, x -7.8775, y -4.195, z -200.969
  5288126 (54) module  5, x -8.675, y -4.6075, z -225.969
  3193008 (33) module  3, x -9.445, y -5.0475, z -250.969
  1097634 (12) module  1, x -10.2425, y  -5.46, z -275.969

Track #77, length 5
 10113255 (105) module  9, x -4.5525, y 6.4475, z -132.281
  8007867 (76) module  7, x -6.285, y 8.8675, z -202.031
  5907883 (56) module  5, x -6.9175, y 9.7475, z -227.031
  3807899 (35) module  3, x -7.5225, y   10.6, z -252.031
  1707916 (14) module  1, x -8.1275, y 11.4525, z -277.031

Track #78, length 5
  9087224 (82) module  8, x -0.287498, y -5.5125, z -144.281
  6990548 (62) module  6, x -0.397499, y -7.4925, z -214.031
  4893384 (41) module  4, x -0.424999, y -8.1525, z -239.031
  2796475 (21) module  2, x -0.452499, y -8.8675, z -264.031
   699566 (0) module  0, x -0.5075, y -9.5825, z -289.031

Track #79, length 5
  8391898 (83) module  8, x 7.1625, y -4.4125, z -143.219
  6944754 (63) module  6, x 9.5575, y -5.8425, z -214.031
  4843497 (43) module  4, x 10.4375, y -6.3375, z -239.031
  2742496 (23) module  2, x 11.2625, y -6.8325, z -264.031
   641239 (2) module  0, x 12.1425, y -7.3275, z -289.031

Track #80, length 4
  7386623 (78) module  7, x -5.1275, y -4.8825, z -200.969
  5291511 (58) module  5, x -5.5675, y -5.3225, z -225.969
  3196398 (36) module  3, x -6.0625, y  -5.79, z -250.969
  1101541 (15) module  1, x -6.5575, y -6.2575, z -275.969

Track #81, length 4
  8016888 (79) module  7, x -4.3875, y 5.5125, z -202.031
  5917935 (59) module  5, x -4.7725, y 6.0075, z -227.031
  3818982 (38) module  3, x -5.1575, y 6.5025, z -252.031
  1719773 (17) module  1, x -5.5975, y 6.9975, z -277.031

Track #82, length 4
  8041463 (81) module  7, x 0.892498, y 5.5675, z -202.031
  5944557 (61) module  5, x 0.965832, y 6.08083, z -227.031
  3847908 (39) module  3, x 1.0575, y 6.6125, z -252.031
  1751003 (19) module  1, x 1.1125, y 7.1075, z -277.031

Track #83, length 3
 53137390 (695) module 50, x -2.4325, y -6.0625, z 738.469
 51039477 (656) module 48, x -2.2675, y -5.6775, z 693.469
 48941565 (619) module 46, x -2.1025, y -5.2375, z 648.469

Track #84, length 3
 53131241 (696) module 50, x -1.1125, y -6.3375, z 738.469
 51033841 (657) module 48, x -1.0575, y -5.8975, z 693.469
 48936185 (620) module 46, x -0.974998, y -5.4575, z 648.469

Track #85, length 3
 39622433 (481) module 37, x -3.2325, y 31.3075, z 263.531
 37521986 (458) module 35, x -2.5175, y 29.465, z 238.531
 35421796 (438) module 33, x -1.87583, y 27.6042, z 213.531

Track #86, length 3
 34478452 (431) module 32, x 24.7192, y -26.7058, z 201.531
 32360146 (407) module 30, x 20.0075, y -21.545, z 176.531
 29987125 (381) module 28, x 15.1675, y -16.21, z 150.469

Track #87, length 3
 28916526 (363) module 27, x -19.8792, y 16.5858, z 137.469
 26846340 (337) module 25, x -14.0858, y 11.8742, z 112.469
 24775641 (305) module 23, x -8.32917, y 7.18083, z 87.469

Track #88, length 3
 25827262 (319) module 24, x 7.6875, y -8.7025, z 100.469
 23736538 (285) module 22, x  6.285, y -7.1625, z 75.469
 21646070 (259) module 20, x 4.8825, y -5.6225, z 50.469

Track #89, length 3
 21689863 (251) module 20, x -4.5775, y -18.74, z 50.469
 19586662 (217) module 18, x -3.27583, y -13.5242, z 25.469
 17483717 (187) module 16, x -1.9925, y  -8.29, z  0.469

Track #90, length 3
 20566479 (237) module 19, x -11.6475, y   7.74, z 37.469
 18423898 (201) module 17, x -21.3458, y 14.1842, z 12.469
 16680168 (172) module 15, x -30.6042, y 20.3258, z -11.469

Track #91, length 3
 17866154 (206) module 17, x -9.775, y -3.5625, z 13.531
 15779893 (173) module 15, x -16.2375, y -5.9275, z -11.469
 14032055 (148) module 13, x -23.0208, y -8.39417, z -37.531

Track #92, length 3
 15331186 (165) module 14, x 9.9975, y -12.8825, z -24.531
 13221169 (144) module 12, x 12.7475, y -16.43, z -49.531
 11366896 (116) module 10, x 15.3692, y -19.8858, z -73.469

Track #93, length 3
 10055163 (97) module  9, x -17.1475, y   5.32, z -132.281
  7899060 (67) module  7, x -29.88, y 9.2525, z -202.031
  5780634 (48) module  5, x -34.4358, y 10.6642, z -227.031

