Track #0, length 12
 53826999 (1747) module 51, x -23.0575, y -19.4675, z 750.469
 51734991 (1675) module 49, x -21.7375, y -18.3675, z 705.469
 49643239 (1605) module 47, x -20.4175, y -17.2125, z 660.469
 47551231 (1537) module 45, x -19.0975, y -16.1125, z 615.469
 45173312 (1472) module 43, x -15.6325, y -13.1875, z 497.982
 43065203 (1408) module 41, x -12.8275, y -10.8225, z 402.473
 40959644 (1343) module 39, x -10.5725, y -8.8975, z 325.525
 38855357 (1272) module 37, x -8.7575, y -7.3575, z 263.531
 36755147 (1202) module 35, x -7.9875, y -6.725, z 238.531
 34655192 (1135) module 33, x -7.2725, y -6.0925, z 213.531
 32555238 (1072) module 31, x -6.5025, y -5.4875, z 188.531
 30455027 (1005) module 29, x -5.7875, y -4.855, z 163.531

Track #1, length 8
 54082603 (1751) module 51, x -19.8425, y 16.7875, z 750.469
 51991872 (1679) module 49, x -18.4675, y 15.6325, z 705.469
 49901141 (1610) module 47, x -17.0925, y 14.4775, z 660.469
 47810410 (1543) module 45, x -15.7175, y 13.3225, z 615.469
 45730209 (1477) module 43, x -12.0875, y 10.2975, z 496.921
 43646413 (1414) module 41, x -9.2275, y 7.8775, z 401.411
 41559280 (1350) module 39, x -6.9725, y 5.9525, z 324.463
 38800382 (1280) module 37, x -5.1825, y   4.44, z 263.531

Track #2, length 6
 54100672 (1755) module 51, x -15.965, y 8.5925, z 750.469
 52008908 (1683) module 49, x -14.81, y 7.9325, z 705.469
 49917143 (1615) module 47, x -13.655, y 7.3275, z 660.469
 47825634 (1549) module 45, x -12.4725, y 6.7225, z 615.469
 45742591 (1483) module 43, x -9.4475, y 5.1275, z 496.921
 42997725 (1420) module 41, x -6.9975, y 3.8075, z 402.473

Track #3, length 12
 54331815 (1762) module 51, x -9.6125, y 23.9375, z 751.531
 52232384 (1689) module 49, x  -9.09, y 22.5625, z 706.531
 50132954 (1619) module 47, x -8.5125, y 21.1325, z 661.531
 48033011 (1553) module 45, x -7.9075, y 19.7575, z 616.531
 45755960 (1487) module 43, x -6.4225, y 16.045, z 496.921
 43664494 (1424) module 41, x -5.2125, y 13.1025, z 401.411
 41571994 (1356) module 39, x -4.2225, y 10.6825, z 324.463
 39478204 (1281) module 37, x -3.5075, y 8.8125, z 262.469
 37382602 (1210) module 35, x -3.1775, y 8.0425, z 237.469
 35286744 (1139) module 33, x -2.9025, y 7.2725, z 212.469
 33190885 (1075) module 31, x   -2.6, y 6.5575, z 187.469
 31095283 (1006) module 29, x -2.2975, y 5.7875, z 162.469

Track #4, length 9
 53573073 (1767) module 51, x -7.6575, y -15.5525, z 751.531
 51471577 (1694) module 49, x -7.2175, y -14.6175, z 706.531
 49370337 (1624) module 47, x -6.7775, y -13.7375, z 661.531
 47268841 (1558) module 45, x  -6.31, y -12.8025, z 616.531
 45160191 (1493) module 43, x -5.1275, y -10.355, z 497.982
 44760741 (1430) module 42, x -5.0175, y -10.0775, z 484.921
 42659017 (1367) module 40, x -4.0275, y -8.0975, z 389.411
 40558310 (1292) module 38, x -3.285, y -6.5025, z 312.463
 38458365 (1223) module 36, x -2.6525, y -5.2375, z 250.469

Track #5, length 13
 53889848 (1743) module 51, x -30.0425, y   -5.8, z 750.469
 51794264 (1672) module 49, x -28.2825, y  -5.47, z 705.469
 49698680 (1603) module 47, x -26.495, y  -5.14, z 660.469
 47603353 (1534) module 45, x -24.7075, y -4.7825, z 615.469
 45510383 (1469) module 43, x -19.9775, y -3.9025, z 496.921
 43030069 (1406) module 41, x -16.2375, y -3.1775, z 402.473
 40930412 (1341) module 39, x -13.2125, y -2.6275, z 325.525
 38831001 (1270) module 37, x -10.7375, y -2.1325, z 263.531
 36733099 (1200) module 35, x -9.7475, y -1.9675, z 238.531
 34634941 (1133) module 33, x -8.7575, y -1.7475, z 213.531
 32536783 (1068) module 31, x -7.7675, y -1.5275, z 188.531
 30438881 (1001) module 29, x  -6.75, y -1.3625, z 163.531
 28340724 (928) module 27, x -5.7325, y -1.1425, z 138.531

Track #6, length 11
 54070352 (1748) module 51, x -22.4825, y 14.7525, z 750.469
 51979616 (1676) module 49, x -21.1075, y 13.8725, z 705.469
 49888624 (1607) module 47, x -19.7875, y 12.9925, z 660.469
 47797888 (1539) module 45, x -18.4125, y 12.1125, z 615.469
 45717163 (1473) module 43, x -14.865, y 9.7475, z 496.921
 43633613 (1409) module 41, x -11.9775, y 7.8775, z 401.411
 41547240 (1344) module 39, x -9.6675, y 6.3925, z 324.463
 39458046 (1273) module 37, x -7.825, y  5.155, z 262.469
 36702171 (1204) module 35, x -7.1075, y 4.6875, z 238.531
 34607337 (1136) module 33, x -6.3375, y 4.1925, z 213.531
 32512502 (1073) module 31, x -5.6225, y 3.6975, z 188.531

Track #7, length 9
 53530404 (1752) module 51, x -17.1725, y -6.3125, z 751.531
 51431478 (1680) module 49, x -16.1825, y -5.9275, z 706.531
 49332553 (1611) module 47, x -15.1375, y -5.5425, z 661.531
 47233627 (1544) module 45, x -14.1475, y -5.185, z 616.531
 45131916 (1478) module 43, x -11.4525, y -4.195, z 497.982
 43031219 (1413) module 41, x -9.3075, y -3.3975, z 402.473
 40931027 (1348) module 39, x -7.5475, y -2.765, z 325.525
 38831597 (1276) module 37, x -6.1175, y -2.2425, z 263.531
 36733431 (1207) module 35, x -5.5675, y -2.0225, z 238.531

Track #8, length 11
 53614657 (1756) module 51, x -15.5775, y -24.6275, z 751.531
 51511121 (1684) module 49, x -14.67, y -23.17, z 706.531
 49407330 (1614) module 47, x -13.7625, y -21.7125, z 661.531
 47303283 (1548) module 45, x -12.8275, y -20.2275, z 616.531
 45188255 (1481) module 43, x -10.38, y -16.3775, z 497.982
 43076547 (1416) module 41, x   -8.4, y -13.2425, z 402.473
 40967649 (1351) module 39, x -6.7775, y -10.74, z 325.525
 38861816 (1279) module 37, x -5.5125, y -8.7325, z 263.531
 36370900 (1150) module 34, x -4.7425, y -7.4925, z 225.469
 34271203 (1088) module 32, x -4.1925, y -6.6675, z 200.469
 32171762 (1018) module 30, x -3.6975, y -5.8425, z 175.469

Track #9, length 9
 53587888 (1763) module 51, x -9.445, y -18.7425, z 751.531
 51485371 (1690) module 49, x -8.8675, y -17.615, z 706.531
 49383109 (1620) module 47, x -8.3175, y -16.4875, z 661.531
 47280847 (1554) module 45, x  -7.74, y -15.3875, z 616.531
 45169899 (1488) module 43, x -6.2275, y -12.4175, z 497.982
 42662828 (1366) module 40, x  -4.88, y -9.6925, z 389.411
 40561359 (1291) module 38, x -3.9175, y -7.7675, z 312.463
 38460651 (1222) module 36, x -3.1475, y -6.2275, z 250.469
 36361974 (1152) module 34, x -2.8175, y -5.595, z 225.469

Track #10, length 5
 53502405 (1764) module 51, x -8.29917, y -0.299167, z 751.531
 51405262 (1691) module 49, x -7.795, y -0.2625, z 706.531
 49308120 (1621) module 47, x -7.2725, y -0.2625, z 661.531
 47210721 (1555) module 45, x -6.7775, y -0.235, z 616.531
 45113592 (1490) module 43, x -5.5125, y -0.2075, z 497.982

Track #11, length 4
 53520853 (1768) module 51, x  -7.41, y -4.2225, z 751.531
 51422429 (1695) module 49, x  -6.97, y -3.9475, z 706.531
 49324005 (1625) module 47, x -6.52083, y -3.70917, z 661.531
 47225837 (1559) module 45, x  -6.09, y -3.4525, z 616.531

Track #12, length 4
 54142417 (1771) module 51, x -6.9175, y 7.6575, z 750.469
 52047579 (1699) module 49, x -6.395, y 7.1075, z 705.469
 49952997 (1628) module 47, x -5.8725, y 6.5575, z 660.469
 47858159 (1562) module 45, x -5.3775, y   5.98, z 615.469

Track #13, length 4
 54153288 (1776) module 51, x -4.5525, y 15.1925, z 750.469
 52057434 (1703) module 49, x -4.2775, y 14.2025, z 705.469
 49961579 (1632) module 47, x -4.0025, y 13.2675, z 660.469
 47865725 (1564) module 45, x -3.7275, y 12.2775, z 615.469

Track #14, length 13
 53742919 (1744) module 51, x -29.2175, y -37.6175, z 750.469
 51656296 (1673) module 49, x -27.4025, y -35.335, z 705.469
 49569928 (1604) module 47, x -25.6058, y -33.0342, z 660.469
 47483561 (1535) module 45, x -23.8275, y -30.7425, z 615.469
 45226496 (1471) module 43, x -19.1525, y -24.7375, z 497.982
 43107140 (1407) module 41, x -15.4125, y -19.8425, z 402.473
 40991611 (1342) module 39, x -12.3875, y -15.8825, z 325.525
 38879655 (1271) module 37, x -9.9675, y -12.72, z 263.531
 36776633 (1201) module 35, x -8.9775, y -11.455, z 238.531
 34673611 (1134) module 33, x -7.9875, y -10.1625, z 213.531
 32571101 (1070) module 31, x -6.9975, y -8.8975, z 188.531
 30468079 (1003) module 29, x -6.0075, y -7.6325, z 163.531
 27981301 (878) module 26, x -4.5225, y -5.6775, z 125.469

Track #15, length 11
 54072335 (1749) module 51, x -22.0425, y   18.3, z 750.469
 51981603 (1677) module 49, x -20.6675, y   17.2, z 705.469
 49890871 (1608) module 47, x -19.2925, y   16.1, z 660.469
 47799884 (1541) module 45, x -17.9725, y 14.9725, z 615.469
 45719426 (1475) module 43, x -14.37, y 12.0025, z 496.921
 43635885 (1410) module 41, x -11.4825, y 9.6375, z 401.411
 41549519 (1345) module 39, x -9.1725, y 7.7675, z 324.463
 39460586 (1274) module 37, x -7.3025, y 6.2825, z 262.469
 37366772 (1205) module 35, x -6.5875, y 5.7325, z 237.469
 35272703 (1137) module 33, x   -5.9, y 5.1275, z 212.469
 32508413 (1074) module 31, x -5.2375, y 4.5775, z 188.531

Track #16, length 7
 54095271 (1753) module 51, x -17.1475, y 9.9675, z 750.469
 52003764 (1681) module 49, x -15.9375, y 9.2525, z 705.469
 49912257 (1612) module 47, x -14.7275, y 8.5375, z 660.469
 47821007 (1546) module 45, x -13.4625, y 7.7675, z 615.469
 45739250 (1482) module 43, x -10.1625, y 5.8425, z 496.921
 42995156 (1418) module 41, x -7.4925, y   4.33, z 402.473
 40903931 (1354) module 39, x -5.3475, y 3.0925, z 325.525

Track #17, length 7
 53492593 (1757) module 51, x -12.9375, y 1.8275, z 751.531
 51395969 (1686) module 49, x -12.0575, y 1.7175, z 706.531
 49299600 (1616) module 47, x -11.205, y 1.5525, z 661.531
 47203232 (1550) module 45, x -10.3525, y 1.3875, z 616.531
 45107398 (1484) module 43, x -8.2625, y 1.1125, z 497.982
 43011300 (1421) module 41, x -6.6125, y 0.8925, z 402.473
 40914940 (1355) module 39, x -5.265, y 0.7275, z 325.525

Track #18, length 13
 54325002 (1765) module 51, x -8.0725, y 32.5725, z 751.531
 52225582 (1692) module 49, x -7.5775, y 30.5925, z 706.531
 50126161 (1622) module 47, x -7.0825, y  28.64, z 661.531
 48026741 (1556) module 45, x -6.5875, y 26.6875, z 616.531
 45923540 (1491) module 43, x -5.2675, y 21.4625, z 497.982
 43669027 (1425) module 41, x -4.195, y 17.2275, z 401.411
 41576032 (1357) module 39, x -3.3425, y 13.845, z 324.463
 39482002 (1282) module 37, x -2.6825, y 11.1225, z 262.469
 37386150 (1211) module 35, x -2.4075, y 10.0225, z 237.469
 35290298 (1140) module 33, x -2.1325, y 8.9225, z 212.469
 33194446 (1076) module 31, x -1.8575, y 7.8225, z 187.469
 31098594 (1007) module 29, x -1.5825, y 6.7225, z 162.469
 29002742 (932) module 27, x -1.3075, y  5.595, z 137.469

Track #19, length 8
 54153247 (1777) module 51, x -4.5525, y 17.4475, z 750.469
 52057649 (1704) module 49, x -4.195, y 16.4575, z 705.469
 49962053 (1633) module 47, x -3.865, y 15.3575, z 660.469
 47866713 (1565) module 45, x -3.5075, y 14.2575, z 615.469
 45773451 (1496) module 43, x -2.6825, y 11.5075, z 496.921
 43678897 (1428) module 41, x -2.105, y 9.4175, z 401.411
 39486702 (1284) module 37, x -1.6925, y 6.0625, z 262.469
 37390073 (1213) module 35, x -1.555, y 5.4575, z 237.469

Track #20, length 12
 54290116 (1778) module 51, x -0.5375, y 22.3425, z 751.531
 52192988 (1705) module 49, x -0.5375, y 21.0225, z 706.531
 50095604 (1635) module 47, x -0.4825, y 19.7025, z 661.531
 47880718 (1567) module 45, x -0.482502, y 18.3825, z 615.469
 45783885 (1498) module 43, x -0.400002, y 14.9175, z 496.921
 43687295 (1429) module 41, x -0.317501, y  12.14, z 401.411
 41590440 (1362) module 39, x -0.262501, y 9.9125, z 324.463
 39493320 (1285) module 37, x -0.235001, y 8.1525, z 262.469
 37396437 (1214) module 35, x -0.2075, y 7.4375, z 237.469
 35299297 (1141) module 33, x -0.2075, y   6.75, z 212.469
 33202158 (1077) module 31, x  -0.18, y 6.0625, z 187.469
 31105275 (1008) module 29, x -0.1525, y 5.3475, z 162.469

Track #21, length 4
 54177002 (1779) module 51, x 0.5075, y 6.2825, z 750.469
 52079601 (1706) module 49, x 0.452499, y 5.8975, z 705.469
 49982456 (1636) module 47, x 0.452499, y 5.5125, z 660.469
 47885055 (1568) module 45, x 0.397499, y 5.1275, z 615.469

Track #22, length 8
 53906093 (1745) module 51, x -23.58, y -2.3625, z 750.469
 51809739 (1674) module 49, x -21.9575, y -2.1975, z 705.469
 49713128 (1606) module 47, x -20.3625, y  -2.06, z 660.469
 47218438 (1538) module 45, x -18.8225, y -1.9125, z 616.531
 45119315 (1474) module 43, x -14.5875, y -1.4725, z 497.982
 43020689 (1411) module 41, x -11.1775, y -1.1425, z 402.473
 40922306 (1347) module 39, x -8.455, y -0.8675, z 325.525
 38824173 (1277) module 37, x -6.1175, y -0.675, z 263.531

Track #23, length 10
 54078652 (1750) module 51, x -20.7225, y 8.8125, z 750.469
 51987654 (1678) module 49, x -19.4025, y 8.2625, z 705.469
 49896400 (1609) module 47, x -18.11, y 7.7125, z 660.469
 47805402 (1542) module 45, x -16.8175, y 7.1625, z 615.469
 45724148 (1476) module 43, x -13.4075, y 5.7325, z 496.921
 42993818 (1412) module 41, x -10.6825, y 4.6325, z 402.473
 40901057 (1346) module 39, x -8.5375, y 3.6975, z 325.525
 38807263 (1275) module 37, x  -6.86, y 2.9825, z 263.531
 36711404 (1206) module 35, x -6.1725, y 2.7075, z 238.531
 34615544 (1138) module 33, x -5.5125, y 2.4325, z 213.531

Track #24, length 7
 53591593 (1754) module 51, x -16.8975, y -19.5675, z 751.531
 51488317 (1682) module 49, x -15.7975, y -18.275, z 706.531
 49385297 (1613) module 47, x -14.6975, y -16.9825, z 661.531
 47282021 (1545) module 45, x -13.5975, y -15.6625, z 616.531
 45168539 (1480) module 43, x -10.5908, y -12.1608, z 497.982
 43058632 (1417) module 41, x -8.1525, y -9.3925, z 402.473
 40951276 (1352) module 39, x -6.1725, y  -7.11, z 325.525

Track #25, length 6
 53479330 (1760) module 51, x -10.2425, y 4.6875, z 751.531
 51383469 (1687) module 49, x -9.6375, y 4.4125, z 706.531
 49287608 (1617) module 47, x -9.0325, y 4.1375, z 661.531
 47191747 (1551) module 45, x -8.4275, y 3.8625, z 616.531
 45097952 (1485) module 43, x -6.8325, y 3.1475, z 497.982
 43003639 (1422) module 41, x -5.5675, y 2.5425, z 402.473

Track #26, length 8
 53562794 (1761) module 51, x -9.8025, y -13.3525, z 751.531
 51462069 (1688) module 49, x -9.1975, y -12.5825, z 706.531
 49361087 (1618) module 47, x -8.6475, y -11.7575, z 661.531
 47260362 (1552) module 45, x -8.0425, y -10.9875, z 616.531
 45154022 (1486) module 43, x -6.5025, y -8.8975, z 497.982
 43048957 (1423) module 41, x -5.2375, y -7.1925, z 402.473
 42663902 (1365) module 40, x -5.0725, y -6.9425, z 389.411
 40562166 (1290) module 38, x -4.0825, y -5.595, z 312.463

Track #27, length 10
 53585360 (1766) module 51, x -7.7125, y -18.1925, z 751.531
 51483096 (1693) module 49, x -7.2725, y -17.12, z 706.531
 49380833 (1623) module 47, x -6.7775, y -16.02, z 661.531
 47278825 (1557) module 45, x -6.3375, y -14.9475, z 616.531
 45168127 (1492) module 43, x -5.1275, y -12.0325, z 497.982
 44760455 (1431) module 42, x -4.9625, y -11.7275, z 484.921
 42658737 (1368) module 40, x     -4, y -9.4175, z 389.411
 40558035 (1293) module 38, x -3.2025, y -7.5475, z 312.463
 38457838 (1224) module 36, x  -2.57, y -6.0625, z 250.469
 36359673 (1153) module 34, x -2.3225, y -5.4575, z 225.469

Track #28, length 7
 54141478 (1770) module 51, x -7.0825, y 17.035, z 750.469
 52046652 (1697) module 49, x -6.5875, y 15.8525, z 705.469
 49951825 (1626) module 47, x -6.0925, y 14.6975, z 660.469
 47856742 (1560) module 45, x -5.625, y 13.5425, z 615.469
 45765789 (1494) module 43, x -4.3325, y 10.5175, z 496.921
 43673289 (1426) module 41, x -3.3425, y 8.0975, z 401.411
 41580013 (1359) module 39, x -2.5175, y 6.1175, z 324.463

Track #29, length 4
 53502955 (1773) module 51, x -6.2275, y -0.3725, z 751.531
 51405553 (1701) module 49, x -5.8975, y -0.3175, z 706.531
 49308152 (1630) module 47, x -5.5125, y -0.2625, z 661.531
 47210750 (1563) module 45, x -5.1825, y -0.2075, z 616.531

Track #30, length 5
 54189509 (1782) module 51, x 3.2025, y 8.3175, z 750.469
 52091598 (1708) module 49, x 3.0375, y 7.8225, z 705.469
 49993431 (1637) module 47, x 2.8175, y 7.3275, z 660.469
 47895520 (1569) module 45, x 2.6525, y 6.8325, z 615.469
 45796088 (1499) module 43, x 2.1575, y 5.5125, z 496.921

Track #31, length 4
 53149416 (1709) module 50, x -5.045, y -6.3925, z 738.469
 51050991 (1638) module 48, x -4.7425, y -6.0075, z 693.469
 48952310 (1570) module 46, x -4.4125, y -5.6225, z 648.469
 46853885 (1501) module 44, x -4.1375, y -5.2375, z 603.469

Track #32, length 5
 53132994 (1713) module 50, x -1.4975, y -8.455, z 738.469
 51035340 (1642) module 48, x -1.3875, y -7.9325, z 693.469
 48937685 (1574) module 46, x -1.2775, y -7.4375, z 648.469
 46840286 (1505) module 44, x -1.2225, y -6.9425, z 603.469
 44741879 (1433) module 42, x -0.947498, y -5.5675, z 484.921

Track #33, length 7
 53117801 (1717) module 50, x 1.7475, y -13.35, z 738.469
 51021176 (1646) module 48, x 1.6375, y -12.5525, z 693.469
 48924550 (1577) module 46, x    1.5, y -11.7825, z 648.469
 46827925 (1508) module 44, x 1.4175, y -10.9575, z 603.469
 44732092 (1436) module 42, x 1.1425, y -8.8125, z 484.921
 42635995 (1371) module 40, x 0.922501, y -7.1075, z 389.411
 40539636 (1296) module 38, x 0.7575, y -5.7325, z 312.463

Track #34, length 12
 52567187 (1726) module 50, x  11.04, y 24.8475, z 739.531
 50462880 (1654) module 48, x 10.3525, y  23.28, z 694.531
 48359084 (1587) module 46, x 9.6925, y 21.7675, z 649.531
 46254777 (1516) module 44, x 8.9775, y 20.2275, z 604.531
 44138713 (1443) module 42, x   7.19, y 16.1575, z 485.982
 42026484 (1375) module 40, x 5.7325, y 12.9125, z 390.473
 41613722 (1364) module 39, x 4.7425, y 10.6825, z 324.463
 39512001 (1287) module 37, x   3.78, y 8.5375, z 262.469
 37413328 (1217) module 35, x 3.4225, y 7.7125, z 237.469
 35314399 (1144) module 33, x 3.0375, y   6.86, z 212.469
 33215471 (1080) module 31, x 2.6525, y 6.0075, z 187.469
 31116542 (1011) module 29, x 2.2675, y  5.155, z 162.469

Track #35, length 11
 52709363 (1734) module 50, x 19.7575, y 34.4275, z 738.469
 50503693 (1663) module 48, x 18.4375, y 32.1075, z 694.531
 48395301 (1594) module 46, x 17.1175, y 29.715, z 649.531
 46287165 (1523) module 44, x  15.77, y 27.3225, z 604.531
 44161406 (1452) module 42, x 12.2225, y 21.0525, z 485.982
 42041010 (1382) module 40, x  9.335, y 16.0475, z 390.473
 39924957 (1304) module 38, x 6.9975, y 12.005, z 313.525
 37813247 (1228) module 36, x 5.1275, y 8.7325, z 251.531
 37419211 (1220) module 35, x 4.6875, y 7.9875, z 237.469
 35318499 (1146) module 33, x  3.945, y 6.6675, z 212.469
 33217786 (1082) module 31, x 3.18417, y 5.36583, z 187.469

Track #36, length 7
 52700214 (1741) module 50, x 30.1342, y 36.3158, z 738.469
 50616415 (1669) module 48, x 27.8975, y 33.4925, z 693.469
 48532360 (1600) module 46, x 25.6425, y 30.6875, z 648.469
 46448305 (1530) module 44, x 23.3875, y 27.8825, z 603.469
 44159262 (1459) module 42, x 17.5025, y 20.6125, z 485.982
 42034549 (1390) module 40, x 12.7175, y 14.6725, z 390.473
 39916218 (1309) module 38, x  8.895, y 10.1075, z 313.525

Track #37, length 5
 53142991 (1710) module 50, x  -3.67, y -7.7675, z 738.469
 51044824 (1639) module 48, x -3.4225, y -7.2725, z 693.469
 48946656 (1571) module 46, x -3.2025, y -6.8325, z 648.469
 46848489 (1502) module 44, x -2.9825, y -6.3375, z 603.469
 44748543 (1432) module 42, x -2.405, y -5.1275, z 484.921

Track #38, length 11
 53239242 (1714) module 50, x 0.0425, y -22.0125, z 739.531
 51142114 (1643) module 48, x 0.0425, y -20.6925, z 694.531
 49044986 (1575) module 46, x 0.0425, y -19.345, z 649.531
 46834197 (1506) module 44, x 0.0424995, y -17.9975, z 603.469
 44737109 (1434) module 42, x 0.0424995, y -14.4775, z 484.921
 42640009 (1369) module 40, x 0.0424995, y -11.6175, z 389.411
 40542898 (1294) module 38, x 0.0149994, y -9.3625, z 312.463
 38445779 (1225) module 36, x 0.0149994, y  -7.52, z 250.469
 36348641 (1154) module 34, x 0.0149994, y -6.7775, z 225.469
 34251758 (1090) module 32, x -0.0125008, y -6.0625, z 200.469
 32154620 (1020) module 30, x -0.0125008, y -5.2925, z 175.469

Track #39, length 5
 53112528 (1718) module 50, x 2.9025, y -7.7125, z 738.469
 51016152 (1647) module 48, x 2.7375, y -7.2725, z 693.469
 48919776 (1578) module 46, x 2.5725, y -6.805, z 648.469
 46823401 (1509) module 44, x 2.4075, y -6.3375, z 603.469
 44728318 (1437) module 42, x 1.9675, y -5.1825, z 484.921

Track #40, length 4
 52456912 (1723) module 50, x 7.7125, y 0.9225, z 739.531
 50359514 (1651) module 48, x 7.1625, y 0.8675, z 694.531
 48262116 (1583) module 46, x 6.6125, y 0.8125, z 649.531
 46164717 (1512) module 44, x 6.1175, y  0.785, z 604.531

Track #41, length 12
 53332585 (1735) module 50, x 20.2275, y -27.3475, z 739.531
 51229576 (1664) module 48, x 18.9625, y -25.6425, z 694.531
 49126822 (1595) module 46, x 17.7525, y -23.965, z 649.531
 47023813 (1525) module 44, x 16.4875, y -22.2875, z 604.531
 44676377 (1454) module 42, x 13.1875, y -17.7775, z 484.921
 42591578 (1386) module 40, x 10.5475, y -14.175, z 389.411
 40503695 (1308) module 38, x 8.4575, y -11.2875, z 312.463
 38414522 (1234) module 36, x 6.7525, y -8.9225, z 250.469
 36320715 (1160) module 34, x 6.0375, y -7.9875, z 225.469
 34226908 (1092) module 32, x 5.3225, y -7.0525, z 200.469
 32133101 (1021) module 30, x 4.6075, y -6.1175, z 175.469
 30039294 (947) module 28, x 3.8925, y -5.1825, z 150.469

Track #42, length 11
 52884448 (1736) module 50, x 20.8025, y -3.4125, z 738.469
 50786294 (1665) module 48, x 19.565, y -3.1925, z 693.469
 48244495 (1596) module 46, x 18.3275, y -2.9275, z 649.531
 46148389 (1526) module 44, x 17.1175, y -2.7075, z 604.531
 44054113 (1455) module 42, x 13.8175, y -2.1025, z 485.982
 41959313 (1387) module 40, x 11.1775, y -1.6075, z 390.473
 39863736 (1311) module 38, x  9.005, y -1.2775, z 313.525
 37767897 (1236) module 36, x 7.2175, y -1.0025, z 251.531
 35671269 (1162) module 34, x   6.53, y -0.8925, z 226.531
 33574642 (1094) module 32, x  5.815, y -0.7825, z 201.531
 31477759 (1023) module 30, x 5.1275, y   -0.7, z 176.531

Track #43, length 11
 52766930 (1737) module 50, x 21.5725, y 21.9425, z 738.469
 50675945 (1666) module 48, x 20.3075, y 20.595, z 693.469
 48347394 (1597) module 46, x 19.015, y 19.2925, z 649.531
 46244122 (1527) module 44, x 17.7225, y 17.9725, z 604.531
 44130649 (1457) module 42, x 14.2575, y 14.4525, z 485.982
 42020235 (1389) module 40, x 11.5075, y  11.62, z 390.473
 39912628 (1312) module 38, x 9.2525, y 9.3375, z 313.525
 37807572 (1237) module 36, x  7.465, y 7.5225, z 251.531
 35707106 (1163) module 34, x 6.7225, y 6.8075, z 226.531
 33606383 (1095) module 32, x 6.0075, y 6.0375, z 201.531
 31505916 (1024) module 30, x 5.2925, y 5.3225, z 176.531

Track #44, length 12
 52819283 (1739) module 50, x 28.5392, y 10.6492, z 738.469
 50724980 (1668) module 48, x 26.7425, y   9.98, z 693.469
 48630676 (1599) module 46, x 24.9825, y 9.3475, z 648.469
 46536628 (1529) module 44, x 23.195, y 8.6875, z 603.469
 44096267 (1460) module 42, x 18.5292, y 6.99083, z 485.982
 41992784 (1392) module 40, x 14.7525, y 5.5975, z 390.473
 39890823 (1314) module 38, x 11.7275, y 4.5525, z 313.525
 37789618 (1239) module 36, x 9.3625, y 3.6725, z 251.531
 35690691 (1165) module 34, x 8.4275, y 3.2875, z 226.531
 33592020 (1097) module 32, x 7.4925, y 2.9575, z 201.531
 31493092 (1027) module 30, x  6.585, y 2.5725, z 176.531
 29394421 (949) module 28, x 5.6775, y 2.2425, z 151.531

Track #45, length 4
 53139669 (1711) module 50, x -2.94583, y -7.41917, z 738.469
 51041759 (1640) module 48, x -2.7625, y -6.8875, z 693.469
 48943592 (1572) module 46, x -2.5425, y -6.3925, z 648.469
 46845425 (1503) module 44, x  -2.35, y  -5.87, z 603.469

Track #46, length 9
 53119770 (1715) module 50, x 1.3075, y -17.695, z 738.469
 51023150 (1644) module 48, x 1.1975, y -16.6225, z 693.469
 48926529 (1576) module 46, x 1.0875, y -15.5775, z 648.469
 46829908 (1507) module 44, x 0.977501, y -14.505, z 603.469
 44733831 (1435) module 42, x   0.73, y  -11.7, z 484.921
 42637745 (1370) module 40, x 0.537502, y -9.4175, z 389.411
 40541138 (1295) module 38, x 0.427502, y -7.6025, z 312.463
 38444269 (1226) module 36, x 0.345001, y -6.1175, z 250.469
 36347384 (1155) module 34, x 0.317501, y -5.5125, z 225.469

Track #47, length 11
 52580267 (1724) module 50, x 9.7475, y  27.68, z 739.531
 50475190 (1652) module 48, x  9.115, y 25.9475, z 694.531
 48370113 (1584) module 46, x   8.51, y 24.2425, z 649.531
 46265549 (1514) module 44, x 7.8775, y 22.5375, z 604.531
 44147434 (1441) module 42, x 6.2825, y 18.0275, z 485.982
 41610628 (1363) module 39, x   4.11, y 11.8925, z 324.463
 39509935 (1286) module 37, x 3.3125, y 9.5275, z 262.469
 37411264 (1216) module 35, x 2.9825, y 8.5925, z 237.469
 35312593 (1143) module 33, x 2.6525, y 7.6575, z 212.469
 33213922 (1079) module 31, x 2.3225, y  6.695, z 187.469
 31115252 (1010) module 29, x 1.9925, y 5.7325, z 162.469

Track #48, length 7
 53054803 (1729) module 50, x 15.3875, y -14.5875, z 738.469
 50962533 (1659) module 48, x 14.3425, y -13.57, z 693.469
 48870264 (1591) module 46, x 13.2975, y -12.5525, z 648.469
 46778250 (1520) module 44, x 12.1975, y -11.5625, z 603.469
 44693946 (1447) module 42, x   9.42, y -8.9225, z 484.921
 42606817 (1377) module 40, x 7.1925, y -6.7775, z 389.411
 39846138 (1299) module 38, x 5.4025, y -5.0725, z 313.525

Track #49, length 7
 52529921 (1733) module 50, x  19.07, y 16.7625, z 739.531
 50427673 (1662) module 48, x  17.75, y 15.6625, z 694.531
 48325169 (1593) module 46, x 16.4575, y 14.5075, z 649.531
 46222665 (1522) module 44, x 15.1375, y  13.38, z 604.531
 44111752 (1450) module 42, x 11.645, y 10.3825, z 485.982
 42003643 (1381) module 40, x 8.8675, y 7.9075, z 390.473
 39897315 (1303) module 38, x 6.6675, y 5.9275, z 313.525

Track #50, length 12
 52809022 (1740) module 50, x 29.685, y 12.8675, z 738.469
 50715999 (1670) module 48, x 27.8975, y 11.9875, z 693.469
 48622719 (1601) module 46, x 26.1375, y 11.1625, z 648.469
 46529439 (1531) module 44, x  24.35, y 10.3375, z 603.469
 44442103 (1461) module 42, x 19.5375, y 8.1375, z 484.921
 41996096 (1393) module 40, x 15.6325, y   6.34, z 390.473
 39892346 (1315) module 38, x 12.415, y 4.8825, z 313.525
 37789865 (1240) module 36, x   9.83, y 3.7275, z 251.531
 35690940 (1166) module 34, x 8.8125, y 3.3425, z 226.531
 33592014 (1098) module 32, x 7.8225, y 2.9575, z 201.531
 31493088 (1028) module 30, x 6.8325, y 2.5725, z 176.531
 29394162 (950) module 28, x 5.8425, y  2.215, z 151.531

Track #51, length 4
 53137107 (1712) module 50, x -2.3775, y -7.5475, z 738.469
 51039195 (1641) module 48, x  -2.24, y -7.1075, z 693.469
 48941539 (1573) module 46, x -2.1025, y -6.6675, z 648.469
 46843628 (1504) module 44, x -1.9375, y -6.1725, z 603.469

Track #52, length 7
 53099130 (1721) module 50, x 5.7625, y -12.4425, z 738.469
 51003527 (1649) module 48, x 5.4325, y  -11.7, z 693.469
 48908181 (1580) module 46, x 5.0475, y -10.93, z 648.469
 46812579 (1510) module 44, x 4.7175, y -10.16, z 603.469
 44719816 (1438) module 42, x 3.7825, y -8.1525, z 484.921
 42626021 (1372) module 40, x 3.0675, y -6.5575, z 389.411
 40531708 (1297) module 38, x 2.4625, y -5.265, z 312.463

Track #53, length 6
 52432281 (1725) module 50, x 10.7375, y -4.3575, z 739.531
 50336421 (1653) module 48, x 10.0775, y -4.0825, z 694.531
 48240304 (1586) module 46, x 9.43583, y -3.82583, z 649.531
 46144444 (1515) module 44, x 8.8125, y -3.5875, z 604.531
 44050651 (1442) module 42, x 7.1075, y -2.8725, z 485.982
 41956084 (1374) module 40, x 5.7325, y -2.3225, z 390.473

Track #54, length 14
 52608613 (1727) module 50, x 13.5975, y 33.7575, z 739.531
 50502004 (1657) module 48, x 12.7725, y 31.7225, z 694.531
 48395395 (1588) module 46, x 11.9475, y 29.6875, z 649.531
 46288530 (1517) module 44, x 11.1042, y 27.6158, z 604.531
 44167098 (1444) module 42, x 8.9225, y 22.2625, z 485.982
 42049754 (1376) module 40, x 7.1625, y 17.9175, z 390.473
 39936243 (1300) module 38, x 5.7875, y 14.425, z 313.525
 39517056 (1289) module 37, x 4.8525, y 12.1125, z 262.469
 37417877 (1219) module 35, x 4.4125, y 10.9575, z 237.469
 35318697 (1147) module 33, x 3.9725, y 9.8575, z 212.469
 33219262 (1083) module 31, x  3.505, y 8.7025, z 187.469
 31120083 (1013) module 29, x 3.0375, y 7.5475, z 162.469
 29020903 (936) module 27, x 2.5975, y 6.4475, z 137.469
 26921724 (875) module 25, x 2.1575, y 5.2925, z 112.469

Track #55, length 7
 53059813 (1728) module 50, x 14.3425, y -6.5575, z 738.469
 50966764 (1658) module 48, x 13.4625, y -6.1725, z 693.469
 48873715 (1589) module 46, x 12.5825, y  -5.76, z 648.469
 46780667 (1518) module 44, x 11.7025, y -5.3475, z 603.469
 44043953 (1446) module 42, x 9.4175, y -4.3025, z 485.982
 41950931 (1379) module 40, x 7.5475, y -3.4225, z 390.473
 39857135 (1301) module 38, x 6.0075, y -2.7075, z 313.525

Track #56, length 10
 52554792 (1732) module 50, x 16.9525, y 22.0975, z 739.531
 50451514 (1661) module 48, x 15.9625, y 20.805, z 694.531
 48348492 (1592) module 46, x 14.9725, y 19.5125, z 649.531
 46245213 (1521) module 44, x 14.0375, y 18.1925, z 604.531
 44131977 (1449) module 42, x  11.59, y 14.7275, z 485.982
 42021551 (1383) module 40, x 9.5275, y 11.8675, z 390.473
 39913681 (1306) module 38, x 7.6575, y 9.5575, z 313.525
 37808365 (1232) module 36, x 6.1175, y 7.6875, z 251.531
 35707640 (1158) module 34, x 5.5125, y 6.9175, z 226.531
 33224436 (1085) module 31, x 4.5775, y 5.7325, z 187.469

Track #57, length 12
 52723855 (1738) module 50, x 25.2575, y 31.2925, z 738.469
 50635691 (1667) module 48, x  23.69, y 29.3675, z 693.469
 48547528 (1598) module 46, x 22.1225, y 27.4425, z 648.469
 46459364 (1528) module 44, x 20.5825, y 25.5175, z 603.469
 44158512 (1458) module 42, x 16.5125, y 20.4475, z 485.982
 42042220 (1391) module 40, x 13.1758, y 16.3592, z 390.473
 39929757 (1313) module 38, x 10.5175, y 13.0225, z 313.525
 37820101 (1238) module 36, x 8.3175, y 10.355, z 251.531
 35718100 (1164) module 34, x  7.465, y 9.2825, z 226.531
 33616356 (1096) module 32, x 6.6125, y 8.1825, z 201.531
 31514356 (1025) module 30, x 5.7325, y 7.1375, z 176.531
 29029113 (941) module 27, x 4.3575, y   5.43, z 137.469

Track #58, length 14
 51654154 (1671) module 49, x -32.5725, y -35.8025, z 705.469
 49567535 (1602) module 47, x -30.5192, y -33.5108, z 660.469
 47481173 (1533) module 45, x -28.4475, y -31.2375, z 615.469
 45412023 (1468) module 43, x -23.0575, y -25.2425, z 496.921
 43110150 (1405) module 41, x -18.795, y -20.5025, z 402.473
 40994886 (1339) module 39, x -15.3025, y -16.5975, z 325.525
 38883193 (1268) module 37, x -12.47, y -13.4625, z 263.531
 36780174 (1198) module 35, x -11.3425, y -12.1975, z 238.531
 34677154 (1130) module 33, x -10.215, y -10.9325, z 213.531
 32574135 (1066) module 31, x -9.0875, y -9.6675, z 188.531
 30471627 (999) module 29, x  -7.96, y -8.4025, z 163.531
 28368609 (923) module 27, x -6.7775, y -7.1375, z 138.531
 26265590 (865) module 25, x -5.595, y -5.8725, z 113.531
 25886205 (822) module 24, x -4.9625, y -5.2375, z 100.469

Track #59, length 4
 52045950 (1696) module 49, x -6.725, y 12.2225, z 705.469
 49951880 (1627) module 47, x -6.0925, y 11.6725, z 660.469
 47857808 (1561) module 45, x -5.405, y 11.2325, z 615.469
 45768351 (1495) module 43, x -3.755, y 10.4075, z 496.921

Track #60, length 4
 53054181 (1730) module 50, x 15.5525, y -6.5575, z 738.469
 50962666 (1660) module 48, x 14.3425, y -6.2825, z 693.469
 48870895 (1590) module 46, x 13.1875, y -6.0075, z 648.469
 44040627 (1445) module 42, x   9.28, y -5.0175, z 485.982

Track #61, length 8
 51173493 (1650) module 48, x  6.835, y -26.6875, z 694.531
 49074841 (1582) module 46, x 6.4775, y -24.7075, z 649.531
 46975676 (1511) module 44, x 6.0375, y -22.7825, z 604.531
 44716058 (1439) module 42, x 4.5525, y -17.7225, z 484.921
 42623847 (1373) module 40, x 3.5075, y -13.4875, z 389.411
 40530597 (1298) module 38, x 2.6825, y -10.0775, z 312.463
 38436567 (1227) module 36, x 2.0225, y -7.3275, z 250.469
 36340715 (1156) module 34, x 1.71083, y -6.20917, z 225.469

Track #62, length 11
 47532041 (1532) module 45, x -32.6092, y -20.1458, z 615.469
 45453694 (1467) module 43, x -26.1925, y -16.1675, z 496.921
 43371484 (1404) module 41, x -21.0225, y -12.9775, z 401.411
 40966184 (1338) module 39, x -16.9525, y -10.465, z 325.525
 38860133 (1267) module 37, x -13.5975, y -8.4025, z 263.531
 36759166 (1197) module 35, x -12.2225, y -7.5775, z 238.531
 34657942 (1128) module 33, x -10.875, y -6.6975, z 213.531
 32556975 (1065) module 31, x -9.5275, y -5.8725, z 188.531
 30456008 (998) module 29, x -8.1525, y -5.0475, z 163.531
 28355040 (922) module 27, x -6.8325, y -4.2225, z 138.531
 26253817 (866) module 25, x -5.4575, y  -3.37, z 113.531

Track #63, length 12
 47379306 (1547) module 45, x -13.3225, y  -36.7, z 616.531
 45249687 (1479) module 43, x -10.82, y -29.6875, z 497.982
 43126204 (1415) module 41, x -8.785, y -24.0225, z 402.473
 41008346 (1349) module 39, x -7.135, y -19.4575, z 325.525
 38894067 (1278) module 37, x -5.7875, y -15.7725, z 263.531
 36790013 (1209) module 35, x -5.2375, y -14.315, z 238.531
 36371814 (1149) module 34, x -4.9625, y -13.5425, z 225.469
 34272129 (1087) module 32, x  -4.44, y -12.0575, z 200.469
 32172444 (1017) module 30, x  -3.89, y -10.5725, z 175.469
 30073014 (942) module 28, x -3.3675, y -9.115, z 150.469
 27973329 (880) module 26, x -2.8175, y -7.6575, z 125.469
 25873644 (824) module 24, x -2.2675, y -6.1725, z 100.469

Track #64, length 11
 46328369 (1524) module 44, x 16.4575, y 36.1775, z 604.531
 44196207 (1453) module 42, x 13.0475, y  28.67, z 485.982
 42071454 (1385) module 40, x 10.4625, y 22.5925, z 390.473
 39952070 (1307) module 38, x 8.2625, y 17.835, z 313.525
 37837796 (1233) module 36, x 6.6125, y  14.15, z 251.531
 35733744 (1159) module 34, x 5.9525, y 12.665, z 226.531
 33629692 (1091) module 32, x 5.2925, y  11.18, z 201.531
 33225888 (1086) module 31, x 4.9075, y 10.3525, z 187.469
 31125434 (1015) module 29, x 4.1925, y  8.895, z 162.469
 29025237 (939) module 27, x 3.5325, y 7.4375, z 137.469
 26924784 (877) module 25, x  2.845, y 5.9525, z 112.469

Track #65, length 10
 45358368 (1465) module 43, x -31.3625, y -36.71, z 496.921
 43295121 (1402) module 41, x -25.1475, y -29.4775, z 401.411
 41224684 (1335) module 39, x -20.1425, y -23.62, z 324.463
 38908725 (1263) module 37, x -16.2375, y -18.99, z 263.531
 36802899 (1193) module 35, x -14.5875, y -17.0925, z 238.531
 34696816 (1126) module 33, x -12.9925, y -15.195, z 213.531
 32590989 (1063) module 31, x -11.37, y -13.2975, z 188.531
 30484907 (995) module 29, x -9.7475, y -11.3725, z 163.531
 28379080 (920) module 27, x -8.125, y -9.5025, z 138.531
 26273510 (863) module 25, x -6.5025, y -7.605, z 113.531

Track #66, length 10
 45364287 (1466) module 43, x -29.63, y -35.4725, z 496.921
 43299754 (1403) module 41, x -23.7725, y -28.4875, z 401.411
 41024256 (1336) module 39, x -19.1525, y -22.9225, z 325.525
 38905925 (1264) module 37, x -15.3575, y -18.3575, z 263.531
 36800353 (1194) module 35, x -13.8175, y -16.5425, z 238.531
 34694525 (1127) module 33, x -12.2775, y  -14.7, z 213.531
 32588952 (1064) module 31, x -10.765, y -12.8575, z 188.531
 30483380 (996) module 29, x -9.2525, y -11.0425, z 163.531
 28377808 (921) module 27, x -7.7125, y -9.2275, z 138.531
 26272492 (864) module 25, x -6.1725, y -7.385, z 113.531

Track #67, length 9
 44345703 (1462) module 42, x 27.4575, y 29.0375, z 484.921
 42274766 (1395) module 40, x 21.7925, y  23.29, z 389.411
 39955746 (1316) module 38, x 17.2825, y 18.6325, z 313.525
 37840996 (1242) module 36, x 13.625, y 14.8375, z 251.531
 35736703 (1168) module 34, x 12.1675, y 13.2975, z 226.531
 33632409 (1100) module 32, x 10.7375, y 11.7575, z 201.531
 31528115 (1031) module 30, x 9.3075, y 10.2175, z 176.531
 29424333 (954) module 28, x 7.8775, y 8.6775, z 151.531
 27320039 (886) module 26, x 6.4475, y 7.1375, z 126.531

Track #68, length 10
 44202111 (1451) module 42, x 12.1675, y 29.935, z 485.982
 42076589 (1384) module 40, x 9.6375, y  23.83, z 390.473
 39957458 (1305) module 38, x 7.6025, y 18.9625, z 313.525
 37842159 (1231) module 36, x 6.0075, y 15.0575, z 251.531
 35737595 (1157) module 34, x 5.3475, y 13.4625, z 226.531
 35323255 (1148) module 33, x   4.99, y  12.58, z 212.469
 33223316 (1084) module 31, x 4.3575, y 11.0125, z 187.469
 31123121 (1014) module 29, x 3.6975, y 9.4175, z 162.469
 29023181 (938) module 27, x 3.0925, y 7.8775, z 137.469
 26922986 (876) module 25, x 2.4325, y 6.2825, z 112.469

Track #69, length 10
 44915015 (1456) module 42, x 14.0125, y -29.19, z 485.982
 42804910 (1388) module 40, x 11.2442, y -23.5342, z 390.473
 40501253 (1310) module 38, x   8.98, y -18.8775, z 312.463
 38412360 (1235) module 36, x  7.165, y -15.1925, z 250.469
 36318819 (1161) module 34, x 6.4225, y -13.68, z 225.469
 34225022 (1093) module 32, x 5.7075, y -12.195, z 200.469
 32130969 (1022) module 30, x 5.0475, y -10.71, z 175.469
 30037173 (948) module 28, x 4.3325, y -9.1975, z 150.469
 27943376 (883) module 26, x 3.6175, y -7.7125, z 125.469
 25849579 (829) module 24, x 2.9025, y   -6.2, z 100.469

Track #70, length 4
 43673268 (1427) module 41, x -3.3425, y 9.2525, z 401.411
 41578708 (1358) module 39, x -2.7925, y 7.4925, z 324.463
 39484655 (1283) module 37, x -2.1325, y 6.0075, z 262.469
 37388792 (1212) module 35, x -1.8575, y  5.485, z 237.469

Track #71, length 10
 42353460 (1398) module 40, x 30.2625, y 6.2675, z 389.411
 40262053 (1322) module 38, x 24.0475, y   5.03, z 312.463
 37790977 (1246) module 36, x 19.0975, y 4.0025, z 251.531
 35692069 (1173) module 34, x  17.09, y 3.6175, z 226.531
 33592906 (1105) module 32, x 15.0825, y 3.1775, z 201.531
 31493998 (1034) module 30, x 13.075, y 2.7925, z 176.531
 29394835 (958) module 28, x 11.0675, y 2.3525, z 151.531
 27295671 (891) module 26, x 9.0875, y 1.9125, z 126.531
 25196507 (833) module 24, x 7.1075, y    1.5, z 101.531
 23097599 (772) module 22, x 5.1275, y 1.0875, z 76.531

Track #72, length 11
 42307369 (1399) module 40, x  30.84, y 16.2775, z 389.411
 40224402 (1323) module 38, x 25.0925, y 13.2525, z 312.463
 38138854 (1248) module 36, x 20.4725, y 10.7775, z 250.469
 35720456 (1175) module 34, x 18.7125, y 9.8325, z 226.531
 33619242 (1107) module 32, x 16.8425, y   8.87, z 201.531
 31517771 (1037) module 30, x     15, y 7.9075, z 176.531
 29416045 (964) module 28, x 13.1575, y 6.9175, z 151.531
 27314318 (895) module 26, x 11.315, y 5.9275, z 126.531
 25212848 (837) module 24, x 9.4725, y 4.9925, z 101.531
 23111121 (781) module 22, x 7.6575, y 4.0025, z 76.531
 21009650 (714) module 20, x 5.8425, y 3.0675, z 51.531

Track #73, length 6
 42898602 (1400) module 40, x 31.475, y -23.7725, z 390.473
 40440621 (1319) module 38, x 22.0975, y -16.65, z 312.463
 38378388 (1244) module 36, x 14.6175, y -11.0125, z 250.469
 36295101 (1167) module 34, x  11.62, y -8.7575, z 225.469
 34211558 (1099) module 32, x  8.595, y -6.5025, z 200.469
 31460852 (1026) module 30, x 5.7325, y  -4.33, z 176.531

Track #74, length 10
 42342738 (1396) module 40, x 28.6125, y   8.55, z 389.411
 40253623 (1320) module 38, x  23.03, y 6.8725, z 312.463
 37798154 (1245) module 36, x 18.6025, y   5.57, z 251.531
 35698475 (1172) module 34, x 16.7875, y   5.02, z 226.531
 33599052 (1104) module 32, x 14.9725, y 4.4975, z 201.531
 31499373 (1035) module 30, x  13.13, y 3.9475, z 176.531
 29399694 (960) module 28, x 11.315, y 3.3975, z 151.531
 27300015 (892) module 26, x    9.5, y 2.8475, z 126.531
 25200336 (834) module 24, x  7.685, y 2.2975, z 101.531
 23100658 (775) module 22, x 5.8425, y 1.7475, z 76.531

Track #75, length 10
 42268220 (1397) module 40, x 29.795, y 24.8025, z 389.411
 40193190 (1321) module 38, x 23.9925, y 19.9625, z 312.463
 38114299 (1247) module 36, x 19.3175, y 16.0575, z 250.469
 35742494 (1174) module 34, x 17.5025, y 14.5625, z 226.531
 33637952 (1106) module 32, x 15.6325, y 12.9675, z 201.531
 31533411 (1036) module 30, x 13.7075, y 11.3725, z 176.531
 29429125 (962) module 28, x 11.8375, y 9.8325, z 151.531
 27325095 (893) module 26, x   9.94, y 8.2375, z 126.531
 25220554 (835) module 24, x 8.0425, y   6.67, z 101.531
 23116268 (778) module 22, x  6.145, y 5.1025, z 76.531

Track #76, length 10
 41168550 (1333) module 39, x -23.965, y -35.8025, z 324.463
 39104509 (1261) module 37, x -19.2075, y -28.7075, z 262.469
 36843553 (1192) module 35, x -17.3375, y -25.9475, z 238.531
 34733636 (1125) module 33, x -15.4125, y -23.0875, z 213.531
 32623207 (1062) module 31, x -13.46, y -20.2275, z 188.531
 30512778 (994) module 29, x -11.5625, y -17.3675, z 163.531
 28402349 (918) module 27, x  -9.61, y -14.5075, z 138.531
 26291664 (862) module 25, x -7.67583, y -11.6292, z 113.531
 24181747 (812) module 23, x -5.7875, y -8.7325, z 88.531
 23788248 (766) module 22, x -4.7975, y -7.245, z 75.469

Track #77, length 10
 41773393 (1340) module 39, x -14.8925, y 28.6675, z 325.525
 39663283 (1269) module 37, x -12.0875, y  23.25, z 263.531
 37560795 (1199) module 35, x -10.96, y 21.0775, z 238.531
 35255047 (1131) module 33, x -9.7775, y 18.7675, z 212.469
 33162542 (1067) module 31, x -8.6775, y 16.595, z 187.469
 31070806 (1000) module 29, x -7.5225, y 14.4225, z 162.469
 28978813 (926) module 27, x -6.395, y 12.2775, z 137.469
 26887077 (868) module 25, x -5.2675, y 10.0775, z 112.469
 24795084 (813) module 23, x  -4.14, y 7.9325, z 87.469
 22703347 (760) module 21, x -3.0125, y   5.76, z 62.469

Track #78, length 10
 41170715 (1328) module 39, x -31.6192, y -35.2708, z 324.463
 39106446 (1258) module 37, x -25.3125, y -28.2675, z 262.469
 37022396 (1189) module 35, x -22.7825, y -25.435, z 237.469
 34938090 (1123) module 33, x -20.2525, y -22.6025, z 212.469
 32621592 (1060) module 31, x -17.805, y -19.8975, z 188.531
 30511430 (989) module 29, x -15.275, y -17.0925, z 163.531
 28401012 (915) module 27, x -12.7542, y -14.2508, z 138.531
 26290850 (860) module 25, x -10.215, y -11.4275, z 113.531
 24180944 (810) module 23, x -7.67583, y -8.60417, z 88.531
 22070782 (757) module 21, x -5.155, y -5.7625, z 63.531

Track #79, length 5
 41177253 (1332) module 39, x -24.0475, y -33.9325, z 324.463
 38928431 (1262) module 37, x -16.54, y -23.28, z 263.531
 36811368 (1195) module 35, x -13.4325, y -18.935, z 238.531
 34694304 (1129) module 33, x -10.3525, y -14.6175, z 213.531
 32576983 (1069) module 31, x -7.29083, y -10.3092, z 188.531

Track #80, length 5
 41217226 (1334) module 39, x -22.0125, y -25.3525, z 324.463
 38901319 (1266) module 37, x -15.22, y -17.3675, z 263.531
 36789114 (1196) module 35, x -12.4058, y -14.1592, z 238.531
 34676909 (1132) module 33, x  -9.61, y -10.8775, z 213.531
 32565217 (1071) module 31, x -6.7775, y  -7.66, z 188.531

Track #81, length 10
 41860908 (1327) module 39, x -33.84, y 30.7025, z 325.525
 39734166 (1256) module 37, x -27.46, y 24.8725, z 263.531
 37625281 (1186) module 35, x -24.9025, y 22.5075, z 238.531
 35516651 (1119) module 33, x -22.3175, y  20.17, z 213.531
 33111834 (1055) module 31, x -19.65, y 17.7225, z 187.469
 31026756 (985) module 29, x -17.0925, y 15.4125, z 162.469
 28941678 (911) module 27, x -14.5075, y 13.075, z 137.469
 26856344 (855) module 25, x -11.9408, y 10.7742, z 112.469
 24771266 (806) module 23, x -9.3925, y 8.4825, z 87.469
 22685420 (750) module 21, x -6.835, y 6.1725, z 62.469

Track #82, length 9
 41297509 (1331) module 39, x -27.54, y -7.8625, z 324.463
 39207369 (1260) module 37, x -22.0675, y  -6.35, z 262.469
 37113329 (1191) module 35, x -19.8675, y -5.7175, z 237.469
 34650393 (1124) module 33, x -17.75, y -5.1025, z 213.531
 32550466 (1061) module 31, x -15.5225, y -4.4975, z 188.531
 30450538 (993) module 29, x -13.3225, y -3.8925, z 163.531
 28350354 (916) module 27, x -11.1225, y -3.2325, z 138.531
 26250170 (861) module 25, x -8.9225, y   -2.6, z 113.531
 24150242 (811) module 23, x -6.7225, y -1.9675, z 88.531

Track #83, length 11
 40028704 (1317) module 38, x 17.3925, y 34.4175, z 313.525
 37902424 (1243) module 36, x 14.3125, y 28.1475, z 251.531
 35793519 (1170) module 34, x 13.0475, y 25.6175, z 226.531
 33684869 (1102) module 32, x 11.8375, y  23.06, z 201.531
 31575964 (1033) module 30, x 10.5725, y  20.53, z 176.531
 29467314 (955) module 28, x  9.335, y 18.0275, z 151.531
 27358409 (887) module 26, x 8.0975, y 15.525, z 126.531
 25249760 (830) module 24, x 6.8325, y 13.0225, z 101.531
 23140855 (773) module 22, x   5.54, y 10.4925, z 76.531
 22739639 (765) module 21, x 4.7975, y 9.0875, z 62.469
 20636644 (703) module 19, x 3.5325, y  6.585, z 37.469

Track #84, length 10
 40137304 (1324) module 38, x 28.2825, y 32.035, z 312.463
 38071234 (1250) module 36, x 22.425, y 25.4075, z 250.469
 35985901 (1176) module 34, x  20.06, y  22.74, z 225.469
 33671193 (1108) module 32, x 17.7775, y 20.145, z 201.531
 31561540 (1038) module 30, x 15.4125, y  17.45, z 176.531
 29451887 (963) module 28, x 13.0475, y 14.755, z 151.531
 27342490 (894) module 26, x 10.6825, y 12.0875, z 126.531
 25232836 (836) module 24, x 8.3725, y   9.42, z 101.531
 23123950 (777) module 22, x 6.0625, y   6.78, z 76.531
 22739452 (764) module 21, x 4.7425, y 5.2925, z 62.469

Track #85, length 10
 40826531 (1326) module 38, x 36.8375, y -24.1575, z 313.525
 38696441 (1251) module 36, x 29.7425, y  -19.4, z 251.531
 36225312 (1177) module 34, x 26.7175, y -17.3925, z 225.469
 34141506 (1109) module 32, x  23.83, y -15.5225, z 200.469
 32057445 (1041) module 30, x 20.915, y -13.5975, z 175.469
 29973895 (967) module 28, x 18.0275, y  -11.7, z 150.469
 27890346 (898) module 26, x 15.085, y -9.8025, z 125.469
 25806796 (841) module 24, x 12.1975, y -7.905, z 100.469
 23723247 (784) module 22, x 9.2825, y -6.0075, z 75.469
 20975846 (715) module 20, x 6.5025, y -4.1925, z 51.531

Track #86, length 5
 40802949 (1325) module 38, x 31.7775, y -25.8075, z 313.525
 38348839 (1249) module 36, x 20.915, y -17.0075, z 250.469
 36271975 (1171) module 34, x 16.5975, y -13.4875, z 225.469
 34194854 (1103) module 32, x 12.3075, y -10.0225, z 200.469
 32117222 (1030) module 30, x   7.99, y -6.5025, z 175.469

Track #87, length 9
 39341850 (1254) module 37, x -32.96, y 17.7225, z 262.469
 37260090 (1184) module 35, x -29.6875, y 15.9625, z 237.469
 35178074 (1116) module 33, x -26.4425, y 14.2025, z 212.469
 33095802 (1053) module 31, x -23.17, y 12.4425, z 187.469
 31014041 (984) module 29, x -19.8425, y  10.71, z 162.469
 28932281 (910) module 27, x -16.5425, y   8.95, z 137.469
 26850521 (854) module 25, x -13.2425, y   7.19, z 112.469
 24768761 (805) module 23, x -9.9425, y   5.43, z 87.469
 22026465 (752) module 21, x  -6.75, y  3.725, z 63.531

Track #88, length 9
 39223915 (1257) module 37, x -27.21, y -2.8025, z 262.469
 37128090 (1188) module 35, x -24.6525, y -2.5275, z 237.469
 35032009 (1121) module 33, x -22.04, y  -2.28, z 212.469
 32936184 (1056) module 31, x -19.455, y -2.0325, z 187.469
 30440487 (986) module 29, x -17.0075, y -1.7475, z 163.531
 28342358 (912) module 27, x -14.4225, y -1.5275, z 138.531
 26243972 (856) module 25, x -11.865, y -1.2525, z 113.531
 24145587 (807) module 23, x -9.3075, y -0.9775, z 88.531
 22047201 (751) module 21, x -6.7775, y -0.7025, z 63.531

Track #89, length 9
 39760941 (1253) module 37, x -33.2075, y  30.62, z 263.531
 37648741 (1183) module 35, x -29.9625, y 27.5675, z 238.531
 35536540 (1115) module 33, x -26.7175, y 24.515, z 213.531
 33424083 (1052) module 31, x -23.4358, y 21.4992, z 188.531
 31013135 (983) module 29, x -19.98, y 18.3275, z 162.469
 28931654 (909) module 27, x -16.6525, y 15.3025, z 137.469
 26849917 (853) module 25, x -13.325, y 12.2775, z 112.469
 24768437 (804) module 23, x -9.9975, y 9.1975, z 87.469
 22686188 (753) module 21, x  -6.67, y 6.1725, z 62.469

Track #90, length 9
 39217253 (1255) module 37, x -27.5308, y -4.19583, z 262.469
 37122199 (1187) module 35, x -24.8175, y -3.765, z 237.469
 35027145 (1120) module 33, x -22.0675, y -3.325, z 212.469
 32932091 (1057) module 31, x -19.3175, y -2.885, z 187.469
 30443821 (987) module 29, x -16.6775, y -2.4625, z 163.531
 28344671 (913) module 27, x -13.9275, y -2.0225, z 138.531
 26245521 (858) module 25, x -11.1592, y -1.60083, z 113.531
 24146627 (808) module 23, x   -8.4, y -1.1975, z 88.531
 22047478 (754) module 21, x -5.6225, y -0.785, z 63.531

Track #91, length 9
 39588884 (1288) module 37, x 3.9725, y 31.995, z 263.531
 37493579 (1218) module 35, x 3.5875, y  28.97, z 238.531
 35398018 (1145) module 33, x 3.2575, y 25.9725, z 213.531
 33302713 (1081) module 31, x 2.8725, y 22.9475, z 188.531
 31207151 (1012) module 29, x 2.5425, y 19.9775, z 163.531
 29018665 (935) module 27, x 2.1575, y  16.87, z 137.469
 26919775 (873) module 25, x 1.7725, y   13.9, z 112.469
 24820885 (820) module 23, x 1.3875, y  10.93, z 87.469
 22721995 (762) module 21, x 1.0025, y   7.96, z 62.469

Track #92, length 9
 38133800 (1252) module 36, x 30.895, y 11.8225, z 250.469
 36042080 (1178) module 34, x 27.8425, y 10.6675, z 225.469
 33949847 (1110) module 32, x 24.8175, y  9.485, z 200.469
 31858382 (1042) module 30, x 21.765, y 8.3025, z 175.469
 29417221 (968) module 28, x 18.8775, y 7.1925, z 151.531
 27314748 (899) module 26, x 15.8525, y 6.0375, z 126.531
 25212275 (842) module 24, x 12.8275, y 4.8825, z 101.531
 23109802 (785) module 22, x 9.8025, y 3.7275, z 76.531
 21007329 (716) module 20, x   6.75, y 2.5725, z 51.531

Track #93, length 8
 38539236 (1221) module 36, x -4.2475, y -20.5825, z 251.531
 36366095 (1151) module 34, x -3.7525, y -18.3275, z 225.469
 34266934 (1089) module 32, x -3.3125, y -16.1825, z 200.469
 32167773 (1019) module 30, x -2.8725, y -14.01, z 175.469
 30068613 (944) module 28, x -2.4325, y -11.8375, z 150.469
 27969452 (882) module 26, x -1.9925, y -9.6925, z 125.469
 25870291 (826) module 24, x -1.5525, y -7.5475, z 100.469
 23771130 (769) module 22, x -1.1125, y -5.4025, z 75.469

Track #94, length 8
 37076235 (1181) module 35, x -32.5175, y -13.7475, z 237.469
 34986573 (1114) module 33, x -28.8875, y -12.1525, z 212.469
 32896911 (1050) module 31, x -25.2575, y -10.5575, z 187.469
 30806737 (980) module 29, x  -21.6, y -8.9625, z 162.469
 28369683 (907) module 27, x -18.1075, y  -7.44, z 138.531
 26265685 (851) module 25, x -14.45, y -5.9275, z 113.531
 24161432 (802) module 23, x -10.7925, y -4.3875, z 88.531
 22057177 (748) module 21, x -7.2175, y -2.8475, z 63.531

Track #95, length 7
 37509899 (1215) module 35, x 0.0675001, y  32.49, z 238.531
 35412808 (1142) module 33, x 0.0675001, y 29.135, z 213.531
 33315718 (1078) module 31, x 0.0675001, y 25.7525, z 188.531
 31218627 (1009) module 29, x 0.0675001, y 22.3975, z 163.531
 29008644 (934) module 27, x 0.0400009, y 18.905, z 137.469
 26911553 (872) module 25, x 0.0125008, y 15.5775, z 112.469
 24814462 (817) module 23, x 0.0125008, y 12.2225, z 87.469

Track #96, length 8
 36178722 (1179) module 34, x   36.7, y -17.2825, z 225.469
 34100292 (1111) module 32, x 32.7125, y -15.385, z 200.469
 32021862 (1044) module 30, x 28.6975, y -13.515, z 175.469
 29943177 (971) module 28, x  24.71, y -11.6175, z 150.469
 27864235 (900) module 26, x 20.695, y -9.7475, z 125.469
 25785805 (843) module 24, x  16.68, y -7.8775, z 100.469
 23707119 (786) module 22, x 12.7108, y -5.98917, z 75.469
 20975802 (719) module 20, x  8.895, y -4.1925, z 51.531

Track #97, length 4
 35820153 (1169) module 34, x 12.4608, y 31.3742, z 226.531
 33699979 (1101) module 32, x  11.48, y 26.415, z 201.531
 31580317 (1032) module 30, x 10.5175, y 21.4375, z 176.531
 29459630 (956) module 28, x 9.54583, y 16.4142, z 151.531

Track #98, length 7
 35024706 (1113) module 33, x -29.4925, y -3.8475, z 212.469
 32929669 (1049) module 31, x -25.8075, y -3.4075, z 187.469
 30834632 (979) module 29, x -22.1225, y  -2.94, z 162.469
 28346634 (906) module 27, x -18.6025, y -2.4625, z 138.531
 26247244 (850) module 25, x -14.945, y -1.9675, z 113.531
 24147599 (801) module 23, x -11.2875, y -1.445, z 88.531
 22048466 (747) module 21, x -7.6025, y -0.9775, z 63.531

Track #99, length 8
 34881748 (1122) module 33, x -21.4625, y -34.8125, z 212.469
 32670981 (1058) module 31, x -18.8775, y -30.65, z 188.531
 30553653 (988) module 29, x -16.21, y -26.2775, z 163.531
 28436582 (914) module 27, x -13.5425, y -21.905, z 138.531
 26319255 (859) module 25, x -10.8475, y -17.56, z 113.531
 24201928 (809) module 23, x -8.1525, y -13.1875, z 88.531
 22085113 (755) module 21, x -5.4575, y -8.8425, z 63.531
 21687780 (705) module 20, x -4.0825, y -6.585, z 50.469

Track #100, length 7
 32811574 (1047) module 31, x -30.1525, y -28.9825, z 187.469
 30732158 (976) module 29, x -26.1925, y -25.1875, z 162.469
 28652229 (904) module 27, x -22.26, y -21.3925, z 137.469
 26320140 (849) module 25, x -18.4925, y -17.78, z 113.531
 24205395 (800) module 23, x -14.5508, y -13.9942, z 88.531
 22090907 (746) module 21, x  -10.6, y -10.2175, z 63.531
 19976675 (693) module 19, x -6.6675, y -6.4225, z 38.531

Track #101, length 7
 32249102 (1016) module 30, x -3.9175, y -32.325, z 176.531
 30154592 (943) module 28, x -3.3675, y -27.8425, z 151.531
 28060081 (881) module 26, x -2.8175, y -23.36, z 126.531
 25873416 (825) module 24, x -2.2675, y -18.7125, z 100.469
 23773785 (768) module 22, x -1.7175, y -14.23, z 75.469
 21674154 (708) module 20, x -1.1675, y -9.775, z 50.469
 19574524 (645) module 18, x -0.6175, y -5.2925, z 25.469

Track #102, length 4
 32302929 (1029) module 30, x 7.6325, y -28.6675, z 176.531
 30198703 (951) module 28, x 6.0925, y -23.47, z 151.531
 27939091 (884) module 26, x   4.47, y -18.1075, z 125.469
 25849457 (828) module 24, x 2.86583, y -12.9192, z 100.469

Track #103, length 5
 30671596 (982) module 29, x -20.1425, y -38.2225, z 162.469
 28483624 (908) module 27, x -16.9525, y -32.135, z 138.531
 26356837 (852) module 25, x -13.5975, y -25.755, z 113.531
 24230562 (803) module 23, x -10.2425, y -19.375, z 88.531
 22103775 (749) module 21, x -6.8875, y -12.995, z 63.531

Track #104, length 4
 31257431 (997) module 29, x -8.2925, y  28.31, z 163.531
 29146583 (929) module 27, x -5.3225, y  21.27, z 138.531
 26901343 (870) module 25, x -2.1875, y   13.9, z 112.469
 24817887 (819) module 23, x 0.764168, y 6.86917, z 87.469

Track #105, length 6
 30236686 (965) module 28, x 14.4342, y -32.3158, z 151.531
 28129134 (896) module 26, x  12.17, y -27.0725, z 126.531
 26021325 (838) module 24, x 9.85083, y -21.8292, z 101.531
 23730993 (779) module 22, x   7.44, y -16.4575, z 75.469
 21644943 (712) module 20, x 5.1025, y -11.26, z 50.469
 19558638 (648) module 18, x 2.75583, y -6.04417, z 25.469

Track #106, length 5
 29902028 (974) module 28, x 33.565, y -7.9325, z 150.469
 27833061 (902) module 26, x 27.515, y -6.5575, z 125.469
 25763583 (844) module 24, x 21.465, y -5.1275, z 100.469
 23075135 (787) module 22, x  15.66, y -3.6975, z 76.531
 20984750 (720) module 20, x  9.555, y -2.2675, z 51.531

Track #107, length 6
 29785090 (973) module 28, x 33.0125, y  3.105, z 150.469
 27690339 (903) module 26, x 27.6775, y 2.6375, z 125.469
 25595332 (845) module 24, x 22.3425, y   2.17, z 100.469
 23100195 (789) module 22, x 17.2275, y 1.6925, z 76.531
 21000580 (722) module 20, x 11.8742, y 1.16083, z 51.531
 18901221 (652) module 18, x   6.53, y 0.6475, z 26.531

Track #108, length 4
 26545718 (848) module 25, x -30.125, y -23.3725, z 112.469
 24471980 (798) module 23, x -23.6258, y -18.3492, z 87.469
 22106142 (744) module 21, x -17.4842, y -13.5358, z 63.531
 19986323 (688) module 19, x -11.04, y -8.5125, z 38.531

Track #109, length 4
 27034480 (871) module 25, x -2.1325, y 26.935, z 113.531
 24935146 (816) module 23, x -1.6375, y 20.225, z 88.531
 22712170 (761) module 21, x -1.0875, y 13.295, z 62.469
 20617699 (699) module 19, x -0.537502, y   6.64, z 37.469

Track #110, length 7
 24802030 (815) module 23, x -2.6825, y  6.035, z 87.469
 22697132 (759) module 21, x -4.305, y  9.665, z 62.469
 20592490 (695) module 19, x -5.9275, y 13.295, z 37.469
 18487847 (631) module 17, x -7.5225, y 17.0075, z 12.469
 16580580 (587) module 15, x -9.01667, y 20.5642, z -11.469
 14490529 (517) module 13, x -10.6025, y 24.2675, z -36.469
 12400733 (443) module 11, x -12.1975, y  27.98, z -61.469

Track #111, length 4
 23865591 (767) module 22, x -2.8725, y -19.51, z 76.531
 21678671 (707) module 20, x -2.1575, y -14.78, z 50.469
 19578018 (643) module 18, x -1.42417, y -10.2058, z 25.469
 17477879 (607) module 16, x -0.727501, y  -5.54, z  0.469

Track #112, length 6
 23138771 (780) module 22, x 7.5475, y 10.0525, z 76.531
 21063826 (721) module 20, x 11.1225, y 14.8375, z 51.531
 18988881 (671) module 18, x 14.6975, y  19.65, z 26.531
 16913680 (620) module 16, x 18.2725, y  24.49, z  1.531
 14983370 (569) module 14, x 22.0125, y 29.505, z -24.531
 12863880 (500) module 12, x 25.615, y 34.3175, z -49.531

Track #113, length 11
 22058236 (756) module 21, x -5.2925, y -3.0675, z 63.531
 19966423 (691) module 19, x -7.3275, y -4.2225, z 38.531
 17874610 (627) module 17, x -9.3625, y -5.3775, z 13.531
 15782797 (584) module 15, x -11.3975, y -6.5325, z -11.469
 13690984 (512) module 13, x -13.4325, y -7.6875, z -36.469
 11599171 (438) module 11, x -15.4675, y -8.8425, z -61.469
  9820888 (365) module  9, x -21.2425, y -12.1525, z -132.281
  7708529 (292) module  7, x -26.9075, y -15.3975, z -202.031
  5605964 (212) module  5, x -28.9425, y -16.5525, z -227.031
  3503399 (125) module  3, x -30.9775, y -17.7075, z -252.031
  1400834 (45) module  1, x -33.0125, y -18.835, z -277.031

Track #114, length 4
 23466549 (796) module 22, x  30.18, y 8.9625, z 75.469
 21382369 (730) module 20, x 20.7292, y 6.17583, z 50.469
 18914440 (662) module 18, x 11.645, y 3.5075, z 26.531
 13670524 (514) module 13, x -12.3325, y -3.315, z -36.469

Track #115, length 8
 19938557 (697) module 19, x -5.2375, y 1.7725, z 38.531
 17836746 (630) module 17, x -8.0425, y 2.7625, z 13.531
 15735190 (585) module 15, x -10.875, y 3.6975, z -11.469
 13633634 (511) module 13, x -13.735, y 4.6325, z -36.469
 12154358 (435) module 11, x -16.68, y 5.6225, z -62.531
 10020806 (363) module  9, x  -24.6, y 8.2625, z -132.281
  7886484 (290) module  7, x -32.5842, y 10.9758, z -202.031
  5776002 (211) module  5, x -35.4258, y 11.9842, z -227.031

Track #116, length 7
 20632300 (702) module 19, x 2.61583, y 6.15417, z 37.469
 18538445 (637) module 17, x 3.3125, y 7.8775, z 12.469
 16444591 (604) module 15, x 4.0275, y 9.5275, z -12.531
 14350480 (537) module 13, x 4.6875, y 11.205, z -37.531
 10572277 (400) module 10, x 5.6775, y 13.5725, z -73.469
  8496849 (336) module  8, x   7.63, y 18.2475, z -143.219
  6421168 (266) module  6, x 9.4725, y 22.8675, z -212.969

Track #117, length 10
 20609535 (698) module 19, x -2.2975, y 5.1275, z 37.469
 18509286 (636) module 17, x -2.9575, y 6.5025, z 12.469
 16409037 (595) module 15, x -3.6175, y 7.8775, z -12.531
 14308787 (529) module 13, x  -4.25, y 9.3075, z -37.531
 12208793 (454) module 11, x -4.8825, y  10.71, z -62.531
 10102865 (375) module  9, x -6.73417, y 14.6608, z -132.281
  7997193 (305) module  7, x -8.5675, y 18.6575, z -202.031
  6095598 (226) module  5, x -9.2275, y 20.005, z -225.969
  4001492 (142) module  3, x -9.8875, y 21.435, z -250.969
  1907386 (60) module  1, x -10.5475, y 22.865, z -275.969

Track #118, length 10
 19923963 (696) module 19, x -5.3475, y 4.9075, z 38.531
 18490857 (632) module 17, x  -6.89, y 6.3375, z 12.469
 16386768 (588) module 15, x -8.4025, y  7.685, z -12.531
 14283191 (520) module 13, x -9.8875, y   9.06, z -37.531
 12179103 (444) module 11, x -11.3725, y 10.4075, z -62.531
 10062681 (367) module  9, x -15.4975, y 14.2575, z -132.281
  7946004 (296) module  7, x -19.6775, y 18.0525, z -202.031
  6150650 (216) module  5, x -21.08, y 19.3725, z -225.969
  4060641 (129) module  3, x -22.5925, y  20.72, z -250.969
  1969865 (50) module  1, x -24.0775, y 22.0675, z -275.969

Track #119, length 4
 18448767 (624) module 17, x -16.02, y 12.1675, z 12.469
 16327458 (576) module 15, x -21.1992, y 17.2458, z -12.531
 14562504 (504) module 13, x -26.195, y 22.1225, z -36.469
 12489835 (425) module 11, x -31.4475, y 27.2375, z -61.469

Track #120, length 9
 17836782 (634) module 17, x -6.0625, y 2.7625, z 13.531
 15736789 (590) module 15, x  -7.41, y 3.3675, z -11.469
 13636797 (523) module 13, x -8.7575, y 3.9725, z -36.469
 11536549 (447) module 11, x -10.0775, y 4.6325, z -61.469
 10070504 (370) module  9, x -13.8475, y 6.3925, z -132.281
  7955656 (297) module  7, x -17.6425, y 8.1525, z -202.031
  5852093 (217) module  5, x -18.99, y 8.7575, z -227.031
  3748529 (131) module  3, x -20.365, y 9.4175, z -252.031
  1644966 (53) module  1, x -21.74, y 10.0225, z -277.031

Track #121, length 9
 17473515 (608) module 16, x 0.2075, y -6.2275, z  0.469
 15376085 (542) module 14, x 0.262501, y -7.4375, z -24.531
 13278911 (470) module 12, x 0.262501, y -8.6475, z -49.531
 11181481 (393) module 10, x 0.317501, y -9.8575, z -74.531
  9083756 (325) module  8, x 0.427502, y -13.2125, z -144.281
  6985775 (253) module  6, x 0.565002, y -16.5675, z -214.031
  4888601 (174) module  4, x 0.592499, y -17.7775, z -239.031
  2791171 (90) module  2, x 0.647499, y -18.9875, z -264.031
   813548 (9) module  0, x 0.7025, y -20.115, z -287.969

Track #122, length 9
 16812265 (609) module 16, x   6.31, y 2.4075, z  1.531
 14718407 (550) module 14, x 8.2075, y 3.1225, z -23.469
 12624549 (485) module 12, x 10.0775, y 3.8375, z -48.469
 10530690 (411) module 10, x 12.0025, y 4.5525, z -73.469
  8442913 (346) module  8, x  17.31, y 6.5875, z -143.219
  6690749 (277) module  6, x 22.7275, y 8.6875, z -214.031
  4590235 (202) module  4, x 24.5975, y 9.4025, z -239.031
  2489976 (119) module  2, x 26.5225, y 10.1313, z -264.031
   389461 (40) module  0, x 28.4292, y 10.8692, z -289.031

Track #123, length 4
 15736831 (594) module 15, x -5.1275, y 3.3675, z -11.469
 14279645 (516) module 13, x -10.6575, y 6.9975, z -37.531
 12157341 (437) module 11, x -16.0292, y 10.4808, z -62.531
 10389485 (358) module  9, x -30.76, y 20.0875, z -131.219

Track #124, length 4
 14714586 (547) module 14, x  7.135, y 2.2975, z -23.469
 12624768 (488) module 12, x 12.1125, y 3.8925, z -48.469
 10534693 (415) module 10, x  17.09, y   5.46, z -73.469
  8782115 (355) module  8, x  31.17, y 9.8975, z -144.281

Track #125, length 4
 15379177 (541) module 14, x -0.397499, y -6.3375, z -24.531
 13283227 (468) module 12, x -0.672501, y -10.6275, z -49.531
 11187277 (391) module 10, x -0.947498, y -14.89, z -74.531
  9190772 (322) module  8, x -1.7175, y -26.715, z -143.219

Track #126, length 4
 14692323 (546) module 14, x 6.6675, y -2.4875, z -23.469
 12586894 (486) module 12, x 11.3425, y -4.2475, z -48.469
 11108078 (414) module 10, x 16.185, y -6.0625, z -74.531
  8950933 (352) module  8, x 29.165, y -10.9575, z -144.281

Track #127, length 4
 12625385 (478) module 12, x 6.30083, y 4.03917, z -48.469
 10538665 (407) module 10, x 9.8575, y  6.285, z -73.469
  8769775 (349) module  8, x  19.95, y 12.7025, z -144.281
  6643003 (287) module  6, x 29.8775, y     19, z -214.031

Track #128, length 5
 12616143 (481) module 12, x   7.74, y 2.0225, z -48.469
 10522773 (409) module 10, x  10.93, y 2.8475, z -73.469
  8804079 (348) module  8, x  19.95, y  5.195, z -144.281
  6696013 (281) module  6, x 28.8508, y 7.51417, z -214.031
  4594963 (209) module  4, x 32.0408, y 8.33917, z -239.031

Track #129, length 7
 13280508 (469) module 12, x -0.0675011, y -5.2925, z -49.531
 11183317 (392) module 10, x -0.0950012, y -7.4375, z -74.531
  9086567 (323) module  8, x -0.177498, y -13.46, z -144.281
  7100410 (251) module  6, x -0.2875, y -19.3725, z -212.969
  5002963 (171) module  4, x -0.315, y -21.5175, z -237.969
  2905772 (86) module  2, x -0.3425, y -23.6625, z -262.969
   808325 (5) module  0, x  -0.37, y -25.8075, z -287.969

Track #130, length 7
 13266175 (473) module 12, x 3.0125, y -5.1275, z -49.531
 11163098 (396) module 10, x   4.25, y -7.1625, z -74.531
  9050480 (335) module  8, x 7.5775, y -12.9925, z -144.281
  6938374 (268) module  6, x 10.8775, y -18.8225, z -214.031
  5060063 (192) module  4, x 12.0325, y -20.8575, z -237.969
  2968249 (109) module  2, x 13.1875, y -22.9475, z -262.969
   876435 (26) module  0, x  14.37, y -25.0375, z -287.969

Track #131, length 4
 12603106 (479) module 12, x 6.7225, y -0.7825, z -48.469
 10503581 (408) module 10, x 10.5175, y  -1.25, z -73.469
  8840408 (351) module  8, x 21.2058, y -2.62417, z -144.281
  6749721 (289) module  6, x 31.7475, y -4.045, z -214.031

Track #132, length 5
 12611021 (482) module 12, x 7.8775, y 0.9225, z -48.469
 10515602 (410) module 10, x 11.1225, y 1.3075, z -73.469
  8817384 (350) module  8, x 20.335, y 2.3625, z -144.281
  6715203 (284) module  6, x  29.41, y 3.4075, z -214.031
  4616200 (210) module  4, x 32.655, y 3.7925, z -239.031

Track #133, length 7
 13285375 (467) module 12, x -1.1125, y -5.1275, z -49.531
 11190988 (389) module 10, x -1.745, y -7.9325, z -74.531
  9101629 (320) module  8, x -3.4225, y -15.7975, z -144.281
  7078318 (247) module  6, x  -4.99, y -23.5525, z -212.969
  5382140 (234) module  5, x -5.2925, y -25.0125, z -225.969
  3297777 (153) module  3, x -5.8975, y -27.79, z -250.969
  1213927 (68) module  1, x -6.4475, y -30.6225, z -275.969

Track #134, length 7
 12596986 (476) module 12, x  5.375, y -2.1025, z -48.469
 10494147 (405) module 10, x    8.4, y -3.3125, z -73.469
  9007331 (345) module  8, x 16.9825, y -6.6675, z -144.281
  6871207 (279) module  6, x 25.425, y -9.9675, z -214.031
  4759953 (208) module  4, x  28.45, y -11.1775, z -239.031
  2648700 (123) module  2, x 31.475, y -12.3325, z -264.031
   537446 (43) module  0, x   34.5, y -13.5425, z -289.031

Track #135, length 6
 13278714 (471) module 12, x 0.317501, y -5.4025, z -49.531
 11180739 (394) module 10, x 0.482502, y   -8.4, z -74.531
  9080618 (326) module  8, x 1.0875, y -16.8425, z -144.281
  7109520 (254) module  6, x 1.6925, y -25.2025, z -212.969
  5013337 (175) module  4, x 1.9125, y -28.2275, z -237.969
  2917154 (91) module  2, x 2.1325, y -31.225, z -262.969

Track #136, length 4
 12626155 (477) module 12, x 6.2275, y 4.1675, z -48.469
 10539691 (406) module 10, x 9.7475, y  6.505, z -73.469
  8767732 (347) module  8, x 19.7025, y 13.115, z -144.281
  6640195 (283) module  6, x 29.4045, y 19.5995, z -214.031

Track #137, length 6
 13285358 (466) module 12, x -1.1125, y -6.035, z -49.531
 11190962 (390) module 10, x -1.7175, y -9.3625, z -74.531
  9101576 (319) module  8, x -3.4225, y -18.685, z -144.281
  5403386 (233) module  5, x -5.4025, y -29.605, z -225.969
  3321838 (152) module  3, x -6.035, y -32.9325, z -250.969
  1240035 (67) module  1, x -6.6675, y -36.26, z -275.969

Track #138, length 6
 11555044 (450) module 11, x -6.585, y 0.6725, z -61.469
  9454418 (369) module  9, x -14.615, y 1.3875, z -131.219
  7789755 (294) module  7, x -22.81, y 2.1475, z -202.031
  5693831 (214) module  5, x -25.6975, y 2.4225, z -227.031
  3597906 (126) module  3, x -28.585, y 2.6975, z -252.031
  1501982 (46) module  1, x -31.4725, y 2.9725, z -277.031

Track #139, length 5
 11581912 (449) module 11, x -7.245, y -5.1025, z -61.469
  9513528 (366) module  9, x -16.045, y -11.4275, z -131.219
  7697300 (293) module  7, x -24.9825, y -17.8175, z -202.031
  5589849 (213) module  5, x  -28.2, y -20.0175, z -227.031
  3482656 (124) module  3, x -31.3625, y -22.1625, z -252.031

Track #140, length 5
 12219602 (456) module 11, x -2.5725, y  7.575, z -62.531
 10107691 (380) module  9, x  -5.68, y  16.76, z -132.281
  8191108 (303) module  7, x -8.7875, y 25.835, z -200.969
  6098760 (224) module  5, x -9.9425, y 29.135, z -225.969
  4006924 (140) module  3, x -11.0975, y 32.435, z -250.969

Track #141, length 6
 12237285 (459) module 11, x 1.2225, y 6.5575, z -62.531
 10145397 (384) module  9, x 2.3775, y  12.69, z -132.281
  8053510 (316) module  7, x 3.5325, y 18.795, z -202.031
  6034910 (246) module  5, x 3.9175, y 20.885, z -225.969
  3935926 (164) module  3, x 4.3025, y 23.085, z -250.969
  1836687 (81) module  1, x 4.7425, y 25.2575, z -275.969

Track #142, length 6
 11591123 (448) module 11, x -7.5475, y -7.0825, z -61.469
  9524306 (368) module  9, x -14.6425, y -13.765, z -131.219
  7684556 (295) module  7, x -21.8842, y -20.5308, z -202.031
  5576350 (215) module  5, x -24.4325, y -22.9325, z -227.031
  3468399 (127) module  3, x -26.99, y -25.3525, z -252.031
  1359937 (47) module  1, x -29.5475, y -27.745, z -277.031

Track #143, length 6
 10491388 (398) module 10, x  5.265, y -3.9175, z -73.469
  9036747 (341) module  8, x 10.6575, y  -7.96, z -144.281
  6914692 (273) module  6, x 15.9925, y -11.8925, z -214.031
  4808554 (197) module  4, x 17.9175, y -13.3225, z -239.031
  2702672 (115) module  2, x 19.7875, y -14.725, z -264.031
   596535 (37) module  0, x 21.7125, y -16.1275, z -289.031

Track #144, length 6
 10517232 (401) module 10, x  5.925, y 1.6375, z -73.469
  8426137 (342) module  8, x 10.7375, y 2.9575, z -143.219
  6335042 (272) module  6, x 15.5225, y 4.2775, z -212.969
  4240162 (196) module  4, x 17.2825, y 4.7725, z -237.969
  2512383 (114) module  2, x 19.0975, y 5.2775, z -264.031
   412896 (36) module  0, x 20.8025, y  5.745, z -289.031

Track #145, length 6
 10543353 (399) module 10, x   5.43, y 7.2475, z -73.469
  8473001 (339) module  8, x 9.8575, y  13.16, z -143.219
  6403416 (270) module  6, x 14.285, y 19.0725, z -212.969
  4315963 (193) module  4, x 15.8708, y 21.1992, z -237.969
  2228254 (110) module  2, x 17.475, y 23.3212, z -262.969
   321790 (33) module  0, x 19.1525, y 25.545, z -289.031

Track #146, length 6
 11159544 (397) module 10, x 5.0475, y -5.5125, z -74.531
  9039252 (340) module  8, x  10.08, y -11.0125, z -144.281
  6918704 (271) module  6, x 15.1125, y -16.5125, z -214.031
  4813068 (195) module  4, x 16.9092, y -18.4558, z -239.031
  2993640 (112) module  2, x 18.6325, y -20.3625, z -262.969
   904900 (35) module  0, x 20.4475, y -22.315, z -287.969

Track #147, length 4
 11144393 (404) module 10, x 8.2925, y -8.0975, z -74.531
  9009982 (344) module  8, x  16.35, y -15.7425, z -144.281
  7213490 (278) module  6, x 24.2425, y -23.305, z -212.969
  5129343 (205) module  4, x 27.075, y -26.1375, z -237.969

Track #148, length 5
  9443484 (373) module  9, x -10.5725, y  3.725, z -131.219
  7961074 (298) module  7, x -16.4875, y  5.815, z -202.031
  5853925 (218) module  5, x -18.605, y 6.5575, z -227.031
  3747031 (130) module  3, x -20.695, y 7.3275, z -252.031
  1640138 (51) module  1, x -22.785, y 8.0425, z -277.031

Track #149, length 4
  9549551 (376) module  9, x -6.0075, y -19.1275, z -131.219
  7500468 (302) module  7, x -9.2525, y -29.605, z -200.969
  5420447 (223) module  5, x -10.4075, y -33.2625, z -225.969
  3340424 (138) module  3, x -11.6358, y -36.9658, z -250.969

Track #150, length 5
 10141137 (382) module  9, x 1.4425, y 7.6575, z -132.281
  8047494 (313) module  7, x 2.2125, y 11.7825, z -202.031
  5951595 (243) module  5, x  2.515, y 13.2675, z -227.031
  3855952 (160) module  3, x 2.8175, y 14.7525, z -252.031
  1760053 (77) module  1, x 3.0925, y 16.2375, z -277.031

Track #151, length 5
 10142668 (383) module  9, x 1.7725, y 7.9325, z -132.281
  8049789 (314) module  7, x 2.7075, y  12.25, z -202.031
  5954145 (244) module  5, x 3.0375, y  13.79, z -227.031
  3858501 (161) module  3, x  3.395, y  15.33, z -252.031
  1763113 (79) module  1, x 3.7525, y 16.8975, z -277.031

Track #152, length 5
  9460429 (374) module  9, x -7.8775, y 0.1225, z -131.219
  7362952 (300) module  7, x -11.6725, y   0.15, z -200.969
  5265775 (221) module  5, x -13.0475, y 0.1775, z -225.969
  3168598 (137) module  3, x -14.4225, y 0.1775, z -250.969
  1071421 (55) module  1, x -15.7975, y 0.1775, z -275.969

Track #153, length 5
  9532146 (379) module  9, x -5.8425, y -15.3875, z -131.219
  7470013 (304) module  7, x  -8.73, y -22.9225, z -200.969
  5384875 (225) module  5, x -9.7475, y -25.6175, z -225.969
  3300248 (141) module  3, x -10.7925, y -28.3125, z -250.969
  1215365 (57) module  1, x -11.8375, y -30.98, z -275.969

Track #154, length 5
  9450480 (377) module  9, x -5.9525, y 2.2675, z -131.219
  7347380 (301) module  7, x -9.2525, y 3.5325, z -200.969
  5248159 (222) module  5, x -10.4075, y 3.9725, z -225.969
  3148937 (139) module  3, x -11.6175, y 4.4125, z -250.969
  1049716 (56) module  1, x -12.7725, y 4.8525, z -275.969

Track #155, length 5
  9059578 (329) module  8, x 5.6525, y -5.4025, z -144.281
  6949064 (263) module  6, x  8.485, y -8.125, z -214.031
  4847799 (188) module  4, x 9.5025, y -9.0875, z -239.031
  2746021 (105) module  2, x 10.4925, y -10.0775, z -264.031
   643987 (21) module  0, x 11.5192, y -11.0308, z -289.031

Track #156, length 5
  9084909 (324) module  8, x 0.2075, y -6.1175, z -144.281
  6987195 (252) module  6, x 0.317501, y  -8.84, z -214.031
  4889770 (173) module  4, x 0.345001, y -9.8025, z -239.031
  2792600 (89) module  2, x 0.372501, y -10.7925, z -264.031
   695174 (7) module  0, x 0.427502, y -11.7825, z -289.031

Track #157, length 5
  8457455 (330) module  8, x 6.0075, y 9.7775, z -143.219
  6380478 (264) module  6, x 8.7025, y 14.1225, z -212.969
  4290732 (189) module  4, x 9.6925, y 15.7175, z -237.969
  2200986 (106) module  2, x 10.655, y 17.3125, z -262.969
   110985 (22) module  0, x 11.6175, y 18.8525, z -287.969

Track #158, length 5
  8413577 (343) module  8, x 11.6175, y 0.2625, z -143.219
  6318877 (276) module  6, x 17.5575, y 0.8125, z -212.969
  4629491 (200) module  4, x 19.7575, y 0.987499, z -239.031
  2531788 (116) module  2, x 21.9025, y 1.0975, z -264.031
   433830 (38) module  0, x 23.9925, y 1.2625, z -289.031

Track #159, length 5
  9068482 (327) module  8, x 3.7275, y -8.4825, z -144.281
  6963323 (257) module  6, x  5.405, y -12.36, z -214.031
  4863330 (179) module  4, x   6.01, y -13.7625, z -239.031
  2763336 (96) module  2, x 6.5985, y -15.1595, z -264.031
   663343 (15) module  0, x   7.22, y -16.5675, z -289.031

Track #160, length 5
  8391671 (328) module  8, x 5.5675, y -4.4675, z -143.219
  6951142 (261) module  6, x 8.0725, y -6.5025, z -214.031
  4849881 (185) module  4, x   8.98, y -7.2175, z -239.031
  2748876 (103) module  2, x 9.8875, y -7.9325, z -264.031
   647615 (20) module  0, x 10.7675, y -8.6475, z -289.031

Track #161, length 5
  8411622 (333) module  8, x 6.5025, y -0.1775, z -143.219
  6313905 (265) module  6, x 9.4175, y -0.2875, z -212.969
  4216477 (190) module  4, x 10.5175, y -0.3425, z -237.969
  2118794 (107) module  2, x 11.5625, y -0.425, z -262.969
    21366 (23) module  0, x 12.6625, y -0.5075, z -287.969

Track #162, length 5
  8429744 (337) module  8, x 9.4725, y 3.7275, z -143.219
  6341210 (269) module  6, x 14.2025, y 5.5975, z -212.969
  4247099 (194) module  4, x 15.9075, y 6.2575, z -237.969
  2152988 (111) module  2, x 17.6125, y 6.9175, z -262.969
   404474 (34) module  0, x 19.3725, y 7.5875, z -289.031

Track #163, length 5
  8423655 (331) module  8, x 6.4475, y 2.4075, z -143.219
  6330051 (262) module  6, x 8.4275, y 3.1775, z -212.969
  4234167 (186) module  4, x 9.0875, y 3.4525, z -237.969
  2138026 (102) module  2, x 9.8025, y    3.7, z -262.969
    42141 (19) module  0, x 10.5175, y 3.9475, z -287.969

Track #164, length 4
  7397865 (308) module  7, x -6.3375, y  -7.33, z -200.969
  5304795 (229) module  5, x -7.1075, y -8.1825, z -225.969
  3211213 (148) module  3, x -7.8775, y  -8.98, z -250.969
  1117632 (64) module  1, x -8.5925, y  -9.86, z -275.969

Track #165, length 4
  7963053 (299) module  7, x -16.02, y 9.6375, z -202.031
  5856920 (219) module  5, x -17.945, y 10.765, z -227.031
  3750788 (133) module  3, x -19.87, y 11.8925, z -252.031
  1644656 (52) module  1, x -21.8225, y 12.965, z -277.031

Track #166, length 4
  8033743 (311) module  7, x -0.7575, y   7.74, z -202.031
  5936318 (241) module  5, x -0.8125, y 8.7025, z -227.031
  3838636 (158) module  3, x -0.922501, y 9.6925, z -252.031
  1740955 (73) module  1, x -1.0325, y 10.6275, z -277.031

Track #167, length 4
  7416804 (307) module  7, x -6.6125, y -11.4825, z -200.969
  5326548 (227) module  5, x -7.4925, y -12.9675, z -225.969
  3236037 (145) module  3, x -8.3175, y -14.3975, z -250.969
  1145525 (63) module  1, x -9.16083, y -15.8458, z -275.969

Track #168, length 4
  8030690 (310) module  7, x -1.4175, y 6.7225, z -202.031
  5932754 (240) module  5, x -1.5825, y  7.575, z -227.031
  3834563 (156) module  3, x -1.775, y 8.4275, z -252.031
  1736627 (72) module  1, x  -1.94, y 9.3075, z -277.031

Track #169, length 4
  8034813 (312) module  7, x -0.537502, y 5.2375, z -202.031
  5937394 (242) module  5, x -0.592499, y 5.8425, z -227.031
  3839975 (159) module  3, x -0.647499, y 6.4475, z -252.031
  1742556 (74) module  1, x -0.702499, y 7.0525, z -277.031

Track #170, length 4
  8051444 (315) module  7, x 3.0375, y 5.7325, z -202.031
  5955563 (245) module  5, x 3.3125, y 6.2275, z -227.031
  3859682 (163) module  3, x 3.5875, y 6.7225, z -252.031
  1763545 (80) module  1, x  3.835, y 7.2175, z -277.031

Track #171, length 4
  7344867 (306) module  7, x -6.6675, y 4.0825, z -200.969
  5245396 (228) module  5, x -7.4925, y 4.5775, z -225.969
  3145924 (144) module  3, x -8.3725, y 5.0725, z -250.969
  1703414 (62) module  1, x -9.2275, y 5.6225, z -277.031

Track #172, length 4
  6992967 (248) module  6, x -0.974998, y -15.2475, z -214.031
  4897061 (166) module  4, x -1.2225, y -17.09, z -239.031
  2800900 (82) module  2, x -1.4425, y -18.9325, z -264.031
   802530 (1) module  0, x -1.6625, y -20.665, z -287.969

Track #173, length 4
  6991943 (249) module  6, x -0.755001, y -15.2475, z -214.031
  4892967 (170) module  4, x -0.342499, y -17.0075, z -239.031
  2793735 (88) module  2, x 0.0974998, y -18.7675, z -264.031
   812775 (8) module  0, x 0.5375, y -20.4175, z -287.969

Track #174, length 4
  6332898 (258) module  6, x 6.7225, y 3.7825, z -212.969
  4237779 (182) module  4, x   7.52, y 4.2225, z -237.969
  2142661 (101) module  2, x 8.3175, y 4.6625, z -262.969
    47542 (18) module  0, x 9.1425, y 5.1025, z -287.969

Track #175, length 4
  6378208 (260) module  6, x 6.8325, y 13.6275, z -212.969
  4288210 (183) module  4, x  7.575, y 15.1675, z -237.969
  2197957 (100) module  2, x 8.3175, y  16.68, z -262.969
   107960 (17) module  0, x 9.01417, y 18.2108, z -287.969

Track #176, length 4
  6978534 (255) module  6, x 2.1875, y -6.5025, z -214.031
  4880344 (176) module  4, x 2.4075, y -7.245, z -239.031
  2781899 (92) module  2, x  2.655, y -7.9875, z -264.031
   683710 (10) module  0, x 2.9025, y -8.7025, z -289.031

Track #177, length 4
  6990830 (250) module  6, x -0.452499, y -6.035, z -214.031
  4893922 (169) module  4, x -0.535, y -6.7225, z -239.031
  2797270 (85) module  2, x -0.6175, y -7.3825, z -264.031
   700362 (4) module  0, x -0.672501, y -8.0425, z -289.031

Track #178, length 4
  6970849 (256) module  6, x 3.8375, y -6.7775, z -214.031
  4871635 (177) module  4, x 4.2775, y -7.5475, z -239.031
  2772677 (93) module  2, x 4.6625, y -8.3175, z -264.031
   673719 (11) module  0, x 5.0475, y -9.0875, z -289.031

Track #179, length 4
  6369762 (259) module  6, x 6.7225, y  11.84, z -212.969
  4278740 (181) module  4, x 7.4925, y 13.1325, z -237.969
  2187718 (99) module  2, x  8.235, y 14.4525, z -262.969
    96697 (16) module  0, x 8.9775, y 15.7725, z -287.969

Track #180, length 3
 53498097 (1774) module 51, x -5.8975, y  0.645, z 751.531
 51401207 (1702) module 49, x -5.5675, y 0.6175, z 706.531
 49304318 (1631) module 47, x -5.1825, y 0.5625, z 661.531

Track #181, length 3
 53504232 (1772) module 51, x -6.3925, y -0.675, z 751.531
 51406319 (1700) module 49, x -6.0075, y  -0.51, z 706.531
 49308150 (1629) module 47, x -5.6225, y -0.2625, z 661.531

Track #182, length 3
 53109485 (1719) module 50, x 3.5625, y -6.1175, z 738.469
 51013364 (1648) module 48, x 3.3425, y -5.7325, z 693.469
 48917242 (1579) module 46, x 3.1225, y -5.4025, z 648.469

Track #183, length 3
 52079959 (1707) module 49, x 0.5625, y 14.3675, z 705.469
 49977190 (1634) module 47, x -0.647499, y 13.5425, z 660.469
 47874935 (1566) module 45, x -1.7475, y  12.58, z 615.469

Track #184, length 3
 41946829 (1380) module 40, x 7.8775, y -4.3025, z 390.473
 39851749 (1302) module 38, x 6.5575, y -3.8625, z 313.525
 37757178 (1229) module 36, x 5.4025, y -3.3125, z 251.531

Track #185, length 3
 41186878 (1329) module 39, x -29.7125, y -31.8425, z 324.463
 39119020 (1259) module 37, x -23.635, y -25.545, z 262.469
 37033432 (1190) module 35, x -21.2425, y -22.9875, z 237.469

Track #186, length 3
 41186371 (1330) module 39, x -29.4375, y -31.9525, z 324.463
 39119020 (1259) module 37, x -23.635, y -25.545, z 262.469
 37033432 (1190) module 35, x -21.2425, y -22.9875, z 237.469

Track #187, length 3
 37139737 (1182) module 35, x -31.7475, y 0.00249863, z 237.469
 35043386 (1112) module 33, x -29.9325, y 0.1675, z 212.469
 32946779 (1048) module 31, x -28.1175, y 0.2775, z 187.469

Track #188, length 3
 32883185 (1054) module 31, x -19.8675, y -13.5275, z 187.469
 30480970 (990) module 29, x -15.0642, y -10.5658, z 163.531
 28370085 (917) module 27, x -10.05, y -7.4675, z 138.531

Track #189, length 3
 27443832 (897) module 26, x 12.5525, y 34.005, z 126.531
 25316768 (840) module 24, x 10.3342, y 27.5608, z 101.531
 23189962 (782) module 22, x 8.0425, y  21.08, z 76.531

Track #190, length 3
 25815546 (839) module 24, x 10.3275, y -5.375, z 100.469
 23676838 (791) module 22, x 19.2008, y -10.0042, z 75.469
 21538642 (734) module 20, x 28.1292, y -14.6058, z 50.469

Track #191, length 3
 24800383 (814) module 23, x -3.0125, y 12.1675, z 87.469
 22852605 (758) module 21, x -4.79083, y 19.1892, z 63.531
 20764024 (694) module 19, x -6.6425, y 26.495, z 38.531

Track #192, length 3
 24124742 (799) module 23, x -15.3025, y 3.4775, z 88.531
 22032273 (745) module 21, x -11.15, y 2.4875, z 63.531
 19939548 (692) module 19, x -7.025, y 1.5525, z 38.531

Track #193, length 3
 23511182 (793) module 22, x 25.3125, y -0.64875, z 75.469
 20993050 (727) module 20, x 17.695, y -0.4525, z 51.531
 18897066 (658) module 18, x  9.775, y -0.2325, z 26.531

Track #194, length 3
 18897066 (658) module 18, x  9.775, y -0.2325, z 26.531
 16805582 (613) module 16, x 7.8225, y 0.9775, z  1.531
 14714353 (545) module 14, x   5.87, y 2.2425, z -23.469

Track #195, length 3
 15746516 (589) module 15, x -7.45583, y 1.25917, z -11.469
 13643334 (510) module 13, x -15.275, y 2.5425, z -36.469
 11992241 (428) module 11, x -23.36, y 3.9075, z -62.531

Track #196, length 3
 15776436 (586) module 15, x -9.23875, y -5.19875, z -11.469
 13704195 (509) module 13, x -18.9508, y -10.6942, z -36.469
 11897929 (426) module 11, x -29.0892, y -16.4058, z -62.531

Track #197, length 3
 15752680 (591) module 15, x -6.3925, y -0.0425, z -11.469
 13655405 (513) module 13, x -13.1208, y -0.0608335, z -36.469
 11973356 (431) module 11, x -20.115, y -0.162502, z -62.531

Track #198, length 3
 14715826 (552) module 14, x  9.335, y 2.5725, z -23.469
 12626748 (492) module 12, x 15.825, y   4.36, z -48.469
 10896319 (420) module 10, x 22.6175, y   6.24, z -74.531

Track #199, length 3
 14707453 (544) module 14, x   5.21, y 0.7575, z -23.469
 12614531 (487) module 12, x  11.92, y 1.6925, z -48.469
 10521865 (417) module 10, x  18.63, y 2.6825, z -73.469

Track #200, length 3
 14740398 (553) module 14, x 9.54583, y 7.88917, z -23.469
 12668213 (493) module 12, x 16.2008, y 13.3892, z -48.469
 10836917 (421) module 10, x 23.1492, y 19.1008, z -74.531

Track #201, length 3
 13648344 (526) module 13, x -7.2725, y 1.4975, z -36.469
 11545713 (442) module 11, x -12.91, y 2.6525, z -61.469
 10000883 (360) module  9, x -28.9175, y 5.7875, z -132.281

Track #202, length 3
 13664490 (527) module 13, x -6.2825, y -1.9675, z -36.469
 11574160 (445) module 11, x -11.205, y -3.4525, z -61.469
  9841298 (362) module  9, x -25.065, y -7.6425, z -132.281

Track #203, length 3
 14282983 (519) module 13, x -9.9425, y 6.4475, z -37.531
 12162477 (439) module 11, x -14.92, y 9.6375, z -62.531
 10001674 (361) module  9, x -28.6608, y 18.5842, z -132.281

Track #204, length 3
 14301427 (528) module 13, x -5.8725, y   5.76, z -37.531
 12183972 (446) module 11, x -10.3275, y 10.105, z -62.531
 10351562 (364) module  9, x -22.4825, y 22.0125, z -131.219

Track #205, length 3
 13270456 (472) module 12, x 2.0775, y -9.0325, z -49.531
 11167581 (395) module 10, x   3.26, y -14.01, z -74.531
  9228642 (332) module  8, x 6.45917, y -27.6958, z -143.219

Track #206, length 3
 12620718 (483) module 12, x  9.555, y   3.04, z -48.469
 10532175 (412) module 10, x 14.8075, y 4.8825, z -73.469
  8781887 (354) module  8, x 29.6575, y 9.93875, z -144.281

