Track #0, length 9
 53907048 (1716) module 51, x -27.4025, y -2.1425, z 750.469
 51810699 (1672) module 49, x -25.4775, y -1.9775, z 705.469
 49714349 (1628) module 47, x -23.6075, y -1.8125, z 660.469
 47618000 (1588) module 45, x -21.6825, y -1.6475, z 615.469
 45118251 (1551) module 43, x -16.76, y -1.2525, z 497.982
 43019636 (1504) module 41, x -12.745, y -0.9225, z 402.473
 40921263 (1459) module 39, x -9.5275, y -0.6475, z 325.525
 38823135 (1407) module 37, x -6.8875, y -0.4275, z 263.531
 36725746 (1355) module 35, x -5.8425, y -0.3725, z 238.531

Track #1, length 11
 53840546 (1721) module 51, x -24.185, y -16.5525, z 750.469
 51748029 (1676) module 49, x -22.7275, y -15.5625, z 705.469
 49655768 (1632) module 47, x -21.2425, y -14.5175, z 660.469
 47563251 (1592) module 45, x -19.7575, y -13.5275, z 615.469
 45162556 (1554) module 43, x -15.8525, y -10.905, z 497.982
 43056246 (1505) module 41, x -12.6625, y -8.7875, z 402.473
 40950948 (1458) module 39, x -10.1325, y -7.0275, z 325.525
 38847434 (1404) module 37, x -8.0425, y -5.6525, z 263.531
 36747737 (1353) module 35, x -7.2175, y -5.1025, z 238.531
 34648040 (1300) module 33, x -6.3925, y -4.5525, z 213.531
 32548087 (1246) module 31, x -5.5675, y -3.975, z 188.531

Track #2, length 9
 54092196 (1725) module 51, x -17.8075, y 10.1325, z 750.469
 52000175 (1680) module 49, x -16.7075, y 9.5275, z 705.469
 49908154 (1636) module 47, x -15.6075, y 8.9225, z 660.469
 47815877 (1595) module 45, x -14.535, y 8.3175, z 615.469
 45732321 (1557) module 43, x -11.6475, y 6.7775, z 496.921
 43645944 (1508) module 41, x -9.3375, y 5.5125, z 401.411
 40897235 (1462) module 39, x  -7.52, y 4.5225, z 325.525
 38803951 (1409) module 37, x -6.0075, y 3.6975, z 263.531
 36708346 (1357) module 35, x -5.4025, y 3.3675, z 238.531

Track #3, length 7
 53523855 (1729) module 51, x -11.2875, y  -4.91, z 751.531
 51425434 (1684) module 49, x -10.6825, y -4.635, z 706.531
 49327270 (1642) module 47, x -10.0225, y -4.3875, z 661.531
 47228593 (1599) module 45, x -9.4175, y -4.085, z 616.531
 45128144 (1561) module 43, x -7.7125, y -3.3425, z 497.982
 43028456 (1513) module 41, x -6.3925, y -2.7925, z 402.473
 40929020 (1467) module 39, x -5.2925, y -2.2975, z 325.525

Track #4, length 4
 54164202 (1733) module 51, x -2.2425, y 6.2825, z 750.469
 52067568 (1689) module 49, x -2.1325, y  5.925, z 705.469
 49970935 (1646) module 47, x -2.0225, y 5.5675, z 660.469
 47874557 (1603) module 45, x -1.8575, y 5.2375, z 615.469

Track #5, length 10
 53771644 (1717) module 51, x -26.275, y -31.4575, z 750.469
 51683996 (1673) module 49, x -24.5425, y -29.4225, z 705.469
 49596860 (1629) module 47, x -22.7825, y -27.2775, z 660.469
 47509468 (1590) module 45, x -21.0225, y -25.1875, z 615.469
 45203507 (1553) module 43, x -16.3475, y -19.705, z 497.982
 43085945 (1506) module 41, x -12.4975, y -15.305, z 402.473
 40971952 (1460) module 39, x -9.4725, y -11.675, z 325.525
 38861277 (1406) module 37, x -6.9975, y -8.6225, z 263.531
 36758510 (1354) module 35, x -6.035, y -7.4125, z 238.531
 34272759 (1255) module 32, x -4.5225, y -5.5675, z 200.469

Track #6, length 7
 54384671 (1722) module 51, x -21.025, y 31.4175, z 751.531
 52280396 (1677) module 49, x -19.4575, y 28.915, z 706.531
 50176122 (1633) module 47, x -17.945, y 26.4125, z 661.531
 48071591 (1593) module 45, x -16.3408, y 23.9192, z 616.531
 45730080 (1556) module 43, x -12.0875, y 17.365, z 496.921
 43648129 (1509) module 41, x -8.705, y 12.0575, z 401.411
 41563856 (1466) module 39, x -5.9825, y 7.7125, z 324.463

Track #7, length 9
 54368690 (1726) module 51, x -17.5325, y 23.305, z 751.531
 52265935 (1681) module 49, x -16.3225, y 21.7375, z 706.531
 50163178 (1640) module 47, x -15.1125, y 20.2525, z 661.531
 47818761 (1597) module 45, x -13.9025, y 18.6575, z 615.469
 45736020 (1558) module 43, x -10.8225, y 14.5325, z 496.921
 43650192 (1510) module 41, x -8.2925, y 11.2325, z 401.411
 41562305 (1463) module 39, x -6.3125, y 8.5375, z 324.463
 39472615 (1412) module 37, x -4.7175, y   6.42, z 262.469
 37378551 (1358) module 35, x -4.0575, y 5.5675, z 237.469

Track #8, length 5
 54125545 (1730) module 51, x -10.6575, y 6.3375, z 750.469
 52031729 (1685) module 49, x -9.9425, y 5.8975, z 705.469
 49937912 (1643) module 47, x -9.2275, y 5.5125, z 660.469
 47186113 (1600) module 45, x -8.5375, y 5.0725, z 616.531
 45094372 (1562) module 43, x -6.6125, y 3.9175, z 497.982

Track #9, length 12
 54055344 (1718) module 51, x -25.8375, y 9.4725, z 750.469
 51965371 (1674) module 49, x -24.2975, y 8.8675, z 705.469
 49874887 (1630) module 47, x -22.7575, y 8.2075, z 660.469
 47784913 (1589) module 45, x -21.2175, y   7.63, z 615.469
 45706734 (1550) module 43, x -17.1475, y  6.035, z 496.921
 42992992 (1502) module 41, x -13.8725, y   4.77, z 402.473
 40900497 (1455) module 39, x -11.1775, y 3.8075, z 325.525
 38806969 (1401) module 37, x -8.9775, y 3.0375, z 263.531
 36711113 (1350) module 35, x -8.0975, y  2.735, z 238.531
 34615513 (1297) module 33, x -7.2175, y 2.4325, z 213.531
 32519657 (1244) module 31, x -6.3375, y 2.1575, z 188.531
 30424058 (1185) module 29, x -5.4025, y 1.8275, z 163.531

Track #10, length 10
 53479682 (1723) module 51, x -19.0425, y 4.5775, z 751.531
 51383831 (1678) module 49, x -17.8875, y 4.3025, z 706.531
 49287724 (1634) module 47, x -16.7325, y  4.055, z 661.531
 47191873 (1594) module 45, x -15.5775, y 3.8075, z 616.531
 45097849 (1555) module 43, x -12.4975, y 3.1475, z 497.982
 43003302 (1507) module 41, x -10.0225, y 2.5975, z 402.473
 40908234 (1461) module 39, x -8.0425, y 2.1575, z 325.525
 38812647 (1408) module 37, x  -6.42, y 1.8275, z 263.531
 36716275 (1356) module 35, x -5.7875, y 1.6625, z 238.531
 34619647 (1301) module 33, x -5.1275, y 1.5525, z 213.531

Track #11, length 7
 54093820 (1727) module 51, x -17.4775, y 5.2925, z 750.469
 51380787 (1682) module 49, x -16.32, y 4.9625, z 706.531
 49285449 (1639) module 47, x -15.1375, y 4.5775, z 661.531
 47190111 (1596) module 45, x -13.9275, y 4.1925, z 616.531
 45097369 (1559) module 43, x -10.7375, y 3.2575, z 497.982
 43003848 (1511) module 41, x -8.1525, y   2.46, z 402.473
 40909805 (1465) module 39, x  -6.09, y 1.8275, z 325.525

Track #12, length 4
 53512407 (1731) module 51, x   -7.3, y -2.4075, z 751.531
 51414495 (1686) module 49, x  -6.86, y -2.2425, z 706.531
 49316584 (1644) module 47, x -6.3925, y -2.105, z 661.531
 47218928 (1601) module 45, x -5.9525, y -1.9675, z 616.531

Track #13, length 12
 53933711 (1719) module 51, x -25.2575, y 3.5775, z 750.469
 51835307 (1675) module 49, x -23.7175, y 3.3025, z 705.469
 49736903 (1631) module 47, x -22.1775, y  3.055, z 660.469
 47638755 (1591) module 45, x -20.6375, y 2.8075, z 615.469
 45102125 (1552) module 43, x -16.6775, y  2.185, z 497.982
 43007336 (1503) module 41, x -13.4325, y 1.7175, z 402.473
 40912279 (1456) module 39, x -10.8475, y 1.2775, z 325.525
 38816189 (1402) module 37, x  -8.73, y 1.0575, z 263.531
 36719565 (1351) module 35, x -7.8775, y 0.9475, z 238.531
 34622941 (1299) module 33, x -6.9975, y 0.8375, z 213.531
 32526316 (1245) module 31, x -6.1725, y 0.7275, z 188.531
 30429691 (1186) module 29, x  -5.32, y 0.6175, z 163.531

Track #14, length 7
 54095854 (1728) module 51, x -17.01, y 6.0625, z 750.469
 52004086 (1683) module 49, x -15.8825, y 5.6225, z 705.469
 49912317 (1641) module 47, x -14.7275, y   5.21, z 660.469
 47187301 (1598) module 45, x -13.5975, y 4.7975, z 616.531
 45095323 (1560) module 43, x -10.6275, y 3.6975, z 497.982
 43002056 (1512) module 41, x -8.1525, y 2.8725, z 402.473
 40908267 (1464) module 39, x -6.2275, y 2.1575, z 325.525

Track #15, length 4
 53489370 (1732) module 51, x -7.135, y 2.5425, z 751.531
 51392995 (1687) module 49, x -6.6675, y 2.3775, z 706.531
 49296620 (1645) module 47, x -6.1725, y 2.2125, z 661.531
 47200245 (1602) module 45, x -5.6775, y 2.0475, z 616.531

Track #16, length 4
 52476129 (1698) module 50, x 6.7775, y 5.0475, z 739.531
 50377194 (1655) module 48, x 6.2825, y 4.6625, z 694.531
 48278514 (1612) module 46, x  5.815, y 4.3325, z 649.531
 46179579 (1570) module 44, x 5.3475, y  3.975, z 604.531

Track #17, length 6
 53082017 (1702) module 50, x   9.53, y -10.2975, z 738.469
 50987180 (1659) module 48, x   8.98, y -9.6925, z 693.469
 48892856 (1616) module 46, x 8.3475, y -9.0325, z 648.469
 46798275 (1574) module 44, x   7.77, y -8.4275, z 603.469
 44708322 (1524) module 42, x   6.23, y -6.7225, z 484.921
 42617082 (1473) module 40, x 4.9925, y -5.4025, z 389.411

Track #18, length 11
 52538709 (1705) module 50, x 14.4775, y 18.6325, z 739.531
 50436451 (1660) module 48, x 13.7075, y 17.5325, z 694.531
 48334193 (1618) module 46, x 12.9375, y 16.4325, z 649.531
 46231935 (1576) module 44, x 12.1675, y 15.3325, z 604.531
 44121508 (1528) module 42, x 10.1325, y 12.4725, z 485.982
 42013378 (1480) module 40, x 8.4825, y 10.135, z 390.473
 39908058 (1428) module 38, x  7.135, y 8.2375, z 313.525
 37804014 (1370) module 36, x 6.0625, y 6.7525, z 251.531
 35704054 (1315) module 34, x 5.6225, y 6.1475, z 226.531
 33604094 (1261) module 32, x 5.1825, y 5.5425, z 201.531
 33226238 (1254) module 31, x 4.9625, y 5.1825, z 187.469

Track #19, length 6
 53055864 (1706) module 50, x 15.1675, y -12.5525, z 738.469
 50965399 (1661) module 48, x 13.7375, y -10.8475, z 693.469
 48875190 (1617) module 46, x 12.2525, y -9.1425, z 648.469
 46784980 (1575) module 44, x 10.7675, y -7.465, z 603.469
 44050654 (1525) module 42, x 6.9425, y -2.8725, z 485.982
 39491834 (1415) module 37, x -0.565002, y 5.4025, z 262.469

Track #20, length 7
 52877780 (1712) module 50, x 21.4625, y -1.9825, z 738.469
 50779888 (1668) module 48, x 19.9225, y -1.8175, z 693.469
 48250125 (1624) module 46, x 18.4375, y -1.7175, z 649.531
 46153769 (1582) module 44, x 16.8975, y -1.5525, z 604.531
 44058225 (1535) module 42, x  12.91, y -1.195, z 485.982
 41962668 (1482) module 40, x 9.6925, y -0.8925, z 390.473
 39866586 (1429) module 38, x  7.135, y -0.6725, z 313.525

Track #21, length 5
 53142697 (1691) module 50, x -3.615, y -9.8575, z 738.469
 51044533 (1648) module 48, x -3.3675, y -9.1975, z 693.469
 48946369 (1604) module 46, x -3.1475, y -8.5375, z 648.469
 46847950 (1565) module 44, x -2.8725, y -7.8225, z 603.469
 44747758 (1518) module 42, x  -2.24, y -6.0625, z 484.921

Track #22, length 12
 53263955 (1695) module 50, x 5.3775, y -28.5575, z 739.531
 51164786 (1652) module 48, x 4.9375, y -26.825, z 694.531
 49065873 (1609) module 46, x 4.5525, y -25.12, z 649.531
 46967217 (1568) module 44, x 4.2225, y -23.3875, z 604.531
 44721670 (1520) module 42, x 3.3425, y -18.795, z 484.921
 42627913 (1472) module 40, x 2.6275, y -15.1375, z 389.411
 40532863 (1422) module 38, x   2.16, y -12.1675, z 312.463
 38437547 (1367) module 36, x  1.775, y -9.7475, z 250.469
 36341437 (1312) module 34, x 1.5825, y -8.7575, z 225.469
 34245071 (1258) module 32, x 1.4175, y -7.7675, z 200.469
 32148705 (1198) module 30, x 1.2525, y -6.7775, z 175.469
 30052339 (1137) module 28, x 1.0875, y -5.7875, z 150.469

Track #23, length 5
 52489916 (1699) module 50, x 8.8125, y 8.0175, z 739.531
 50389960 (1656) module 48, x 8.1525, y 7.4125, z 694.531
 48290004 (1613) module 46, x 7.4925, y  6.835, z 649.531
 46190303 (1571) module 44, x   6.86, y 6.2575, z 604.531
 44086015 (1521) module 42, x 5.1275, y 4.7175, z 485.982

Track #24, length 8
 52546601 (1708) module 50, x 16.8975, y 20.3375, z 739.531
 50443069 (1662) module 48, x  15.77, y 18.9625, z 694.531
 48339538 (1619) module 46, x 14.6425, y 17.5875, z 649.531
 46235751 (1577) module 44, x 13.4875, y 16.1575, z 604.531
 44121758 (1529) module 42, x 10.4625, y 12.5275, z 485.982
 42010827 (1478) module 40, x 7.9875, y 9.5575, z 390.473
 39902959 (1425) module 38, x 6.0075, y 7.1375, z 313.525
 39516407 (1418) module 37, x 4.6875, y 5.5675, z 262.469

Track #25, length 11
 53356480 (1713) module 50, x 25.4525, y -22.5625, z 739.531
 51251930 (1669) module 48, x 23.8575, y -21.1325, z 694.531
 49147891 (1626) module 46, x  22.29, y -19.7575, z 649.531
 46738703 (1584) module 44, x 20.6675, y -18.3275, z 603.469
 44660818 (1536) module 42, x 16.5425, y -14.6425, z 484.921
 42579335 (1484) module 40, x 13.1875, y -11.7275, z 389.411
 40494771 (1431) module 38, x 10.4925, y -9.3075, z 312.463
 38407125 (1371) module 36, x 8.31083, y -7.41917, z 250.469
 36314083 (1316) module 34, x 7.4675, y  -6.64, z 225.469
 34221041 (1262) module 32, x 6.5875, y -5.8975, z 200.469
 32127743 (1200) module 30, x  5.735, y -5.1275, z 175.469

Track #26, length 4
 53130720 (1692) module 50, x -1.0025, y -6.8325, z 738.469
 51033320 (1649) module 48, x -0.984169, y -6.35583, z 693.469
 48936177 (1606) module 46, x -0.947498, y -5.8975, z 648.469
 46838521 (1566) module 44, x -0.864998, y  -5.43, z 603.469

Track #27, length 8
 52517816 (1700) module 50, x 9.0325, y 14.1225, z 739.531
 50416833 (1657) module 48, x 8.5375, y 13.2975, z 694.531
 48315851 (1614) module 46, x 7.9875, y 12.4725, z 649.531
 46214868 (1573) module 44, x  7.465, y 11.6475, z 604.531
 44107760 (1523) module 42, x 5.9525, y 9.5025, z 485.982
 43711693 (1517) module 41, x 4.9075, y 7.8775, z 401.411
 41609960 (1471) module 39, x 3.9175, y 6.3925, z 324.463
 39509246 (1417) module 37, x 3.1475, y 5.1825, z 262.469

Track #28, length 10
 53316318 (1707) module 50, x 16.7075, y -20.885, z 739.531
 51214837 (1663) module 48, x 15.7725, y -19.62, z 694.531
 48863247 (1620) module 46, x 14.7825, y -18.3275, z 648.469
 46770726 (1578) module 44, x 13.7925, y -17.0625, z 603.469
 44685922 (1532) module 42, x 11.1525, y -13.7625, z 484.921
 42598547 (1481) module 40, x   8.98, y -11.0675, z 389.411
 40509371 (1430) module 38, x 7.2475, y -8.8675, z 312.463
 38418651 (1369) module 36, x 5.8725, y -7.1075, z 250.469
 36324328 (1314) module 34, x 5.2675, y -6.3925, z 225.469
 34230005 (1260) module 32, x 4.6625, y -5.6775, z 200.469

Track #29, length 7
 53044232 (1709) module 50, x 17.615, y -18.7125, z 738.469
 50952992 (1664) module 48, x 16.3775, y -17.3925, z 693.469
 48861751 (1622) module 46, x 15.1125, y  -16.1, z 648.469
 46770511 (1580) module 44, x 13.8475, y -14.8075, z 603.469
 44688526 (1530) module 42, x 10.6025, y -11.3425, z 484.921
 42603201 (1477) module 40, x 7.9625, y -8.5375, z 389.411
 40515818 (1423) module 38, x  5.845, y -6.2825, z 312.463

Track #30, length 6
 52822120 (1714) module 50, x 27.4025, y   9.98, z 738.469
 50728091 (1670) module 48, x  24.57, y 9.2925, z 693.469
 48634319 (1625) module 46, x 21.7375, y 8.5775, z 648.469
 46197762 (1583) module 44, x 19.015, y 7.9075, z 604.531
 44091785 (1533) module 42, x 11.6175, y   6.01, z 485.982
 41987829 (1474) module 40, x 5.6775, y 4.4975, z 390.473

Track #31, length 5
 53124030 (1693) module 50, x 0.427502, y -8.7025, z 738.469
 51026889 (1650) module 48, x 0.400002, y -8.0975, z 693.469
 48930004 (1607) module 46, x 0.372501, y -7.4925, z 648.469
 46833118 (1567) module 44, x 0.317501, y -6.915, z 603.469
 44736251 (1519) module 42, x 0.262501, y -5.3475, z 484.921

Track #32, length 6
 52503268 (1697) module 50, x 6.6125, y 10.9875, z 739.531
 50402540 (1654) module 48, x 6.1725, y 10.2175, z 694.531
 48301813 (1611) module 46, x 5.6775, y  9.475, z 649.531
 46201597 (1569) module 44, x 5.2375, y  8.705, z 604.531
 45805279 (1564) module 43, x 4.1375, y   6.86, z 496.921
 43703549 (1516) module 41, x 3.1475, y 5.2375, z 401.411

Track #33, length 5
 52462514 (1701) module 50, x 9.3625, y 2.1325, z 739.531
 50364606 (1658) module 48, x 8.7025, y 1.9675, z 694.531
 48266697 (1615) module 46, x   8.07, y   1.83, z 649.531
 46169045 (1572) module 44, x 7.4375, y 1.6925, z 604.531
 44070132 (1522) module 42, x 5.7325, y 1.3075, z 485.982

Track #34, length 6
 52883426 (1711) module 50, x 20.6925, y -3.1925, z 738.469
 50785276 (1667) module 48, x 19.2625, y -2.9725, z 693.469
 48245014 (1623) module 46, x 17.915, y -2.80375, z 649.531
 46148913 (1581) module 44, x  16.43, y  -2.57, z 604.531
 44054645 (1534) module 42, x  12.69, y -1.9925, z 485.982
 39866586 (1429) module 38, x  7.135, y -0.6725, z 313.525

Track #35, length 12
 51311907 (1671) module 48, x 36.7825, y -31.1975, z 694.531
 49203017 (1627) module 46, x  34.28, y -29.1075, z 649.531
 47094383 (1585) module 44, x 31.7775, y -27.0175, z 604.531
 44966611 (1539) module 42, x 25.1775, y -21.5175, z 485.982
 42548518 (1486) module 40, x 19.7875, y -17.035, z 389.411
 40471143 (1434) module 38, x 15.525, y -13.4875, z 312.463
 38390172 (1375) module 36, x 12.0875, y -10.5725, z 250.469
 36299441 (1320) module 34, x 10.685, y -9.4175, z 225.469
 34208966 (1267) module 32, x 9.2825, y -8.2625, z 200.469
 32117723 (1208) module 30, x 7.9075, y -7.1075, z 175.469
 30027248 (1145) module 28, x 6.4775, y -5.9525, z 150.469
 27264254 (1084) module 26, x 5.1825, y -4.8525, z 126.531

Track #36, length 9
 48425803 (1621) module 46, x 15.0275, y 36.2325, z 649.531
 46315105 (1579) module 44, x 13.8175, y 33.345, z 604.531
 44182938 (1531) module 42, x 10.6825, y 25.7825, z 485.982
 42057928 (1479) module 40, x 8.1525, y 19.6775, z 390.473
 39937773 (1427) module 38, x 6.1175, y 14.755, z 313.525
 39516556 (1419) module 37, x   4.77, y 11.4525, z 262.469
 37416361 (1363) module 35, x 4.0825, y 9.8575, z 237.469
 35316166 (1307) module 33, x 3.4225, y 8.2625, z 212.469
 33215972 (1252) module 31, x 2.7625, y 6.6125, z 187.469

Track #37, length 5
 48158145 (1587) module 45, x -35.0225, y  22.48, z 616.531
 45670961 (1549) module 43, x -24.9025, y  16.43, z 496.921
 43611271 (1501) module 41, x -16.7625, y   11.7, z 401.411
 41544398 (1457) module 39, x -10.2725, y  7.795, z 324.463
 38799358 (1411) module 37, x -5.155, y 4.6875, z 263.531

Track #38, length 11
 48158312 (1586) module 45, x -35.105, y 27.4025, z 616.531
 46029513 (1547) module 43, x -28.2575, y 22.0675, z 497.982
 43583514 (1498) module 41, x -22.7025, y 17.7225, z 401.411
 41506905 (1451) module 39, x -18.2658, y 14.2392, z 324.463
 39426700 (1398) module 37, x -14.6725, y 11.4525, z 262.469
 37336225 (1344) module 35, x -13.2425, y 10.2975, z 237.469
 35245749 (1290) module 33, x -11.8125, y 9.1975, z 212.469
 33155274 (1235) module 31, x -10.355, y 8.0425, z 187.469
 31064542 (1176) module 29, x -8.8975, y 6.9425, z 162.469
 28974067 (1120) module 27, x -7.4675, y 5.7875, z 137.469
 26216173 (1063) module 25, x  -6.09, y 4.7425, z 113.531

Track #39, length 8
 45633979 (1544) module 43, x -32.85, y 8.8675, z 496.921
 43571936 (1497) module 41, x -25.3425, y 6.8325, z 401.411
 41502461 (1450) module 39, x -19.2925, y 5.2375, z 324.463
 38802516 (1399) module 37, x -14.5325, y 3.9725, z 263.531
 36707959 (1347) module 35, x -12.58, y 3.4225, z 238.531
 34613147 (1295) module 33, x -10.6275, y 2.9275, z 213.531
 32518591 (1241) module 31, x -8.6475, y 2.3775, z 188.531
 30424035 (1181) module 29, x -6.6675, y 1.8275, z 163.531

Track #40, length 4
 45506058 (1546) module 43, x -32.5725, y -4.7825, z 496.921
 43423185 (1499) module 41, x  -21.6, y -1.7575, z 401.411
 40915057 (1454) module 39, x -12.9375, y 0.6725, z 325.525
 38808817 (1410) module 37, x  -5.87, y 2.6525, z 263.531

Track #41, length 10
 45903174 (1563) module 43, x -0.9225, y 29.2725, z 497.982
 43805359 (1515) module 41, x -0.785, y  23.47, z 402.473
 41588487 (1469) module 39, x -0.647499, y  18.74, z 324.463
 39491659 (1414) module 37, x -0.574169, y 15.0092, z 262.469
 37394791 (1360) module 35, x -0.537502, y  13.46, z 237.469
 35297922 (1304) module 33, x -0.482502, y 11.975, z 212.469
 33200798 (1249) module 31, x -0.445831, y 10.4258, z 187.469
 31103930 (1190) module 29, x -0.427502, y 8.9225, z 162.469
 29007061 (1128) module 27, x -0.372501, y   7.41, z 137.469
 26909937 (1068) module 25, x -0.345001, y 5.8975, z 112.469

Track #42, length 8
 45388806 (1545) module 43, x -32.7925, y -30.1925, z 496.921
 43323788 (1496) module 41, x -25.4225, y -23.2075, z 401.411
 41252857 (1449) module 39, x -19.4275, y -17.5975, z 324.463
 38881358 (1397) module 37, x -14.8258, y -13.1142, z 263.531
 36775793 (1346) module 35, x -12.91, y -11.2625, z 238.531
 34670229 (1292) module 33, x -10.9575, y -9.4475, z 213.531
 32565178 (1238) module 31, x -8.9225, y -7.6325, z 188.531
 30459616 (1180) module 29, x -6.8325, y -5.8175, z 163.531

Track #43, length 8
 45526911 (1548) module 43, x -26.11, y -0.327499, z 496.921
 43430124 (1500) module 41, x -20.1425, y -0.244999, z 401.411
 40919108 (1453) module 39, x -15.4125, y -0.2075, z 325.525
 38821771 (1400) module 37, x -11.5075, y -0.1525, z 263.531
 36724391 (1349) module 35, x -9.9675, y -0.0975003, z 238.531
 34627268 (1296) module 33, x -8.3725, y -0.0975003, z 213.531
 32529888 (1242) module 31, x -6.8325, y -0.0425, z 188.531
 30432764 (1187) module 29, x -5.265, y -0.0425, z 163.531

Track #44, length 11
 44215217 (1526) module 42, x 9.4175, y 32.7125, z 485.982
 42087635 (1475) module 40, x 7.5475, y 26.1675, z 390.473
 39966190 (1426) module 38, x 6.0625, y  20.86, z 313.525
 39517984 (1420) module 37, x 5.0725, y 17.365, z 262.469
 37418560 (1364) module 35, x 4.5775, y 15.6325, z 237.469
 35319135 (1308) module 33, x 4.0825, y 13.9275, z 212.469
 33219710 (1253) module 31, x 3.5875, y 12.2225, z 187.469
 31120285 (1193) module 29, x 3.0925, y 10.5175, z 162.469
 29020860 (1131) module 27, x 2.5975, y 8.8125, z 137.469
 26921179 (1071) module 25, x  2.075, y 7.1075, z 112.469
 24821754 (1020) module 23, x 1.5525, y 5.4025, z 87.469

Track #45, length 9
 44895851 (1527) module 42, x 9.8875, y -27.21, z 485.982
 42789330 (1476) module 40, x 7.7425, y -21.5725, z 390.473
 40515112 (1424) module 38, x 5.9825, y -16.9525, z 312.463
 38424427 (1368) module 36, x   4.58, y -13.2675, z 250.469
 36330118 (1313) module 34, x 4.0025, y -11.7825, z 225.469
 34235553 (1259) module 32, x 3.4525, y -10.2975, z 200.469
 32140988 (1199) module 30, x  2.875, y -8.8125, z 175.469
 30046679 (1138) module 28, x 2.2975, y -7.3275, z 150.469
 27952113 (1079) module 26, x 1.7475, y  -5.87, z 125.469

Track #46, length 7
 44308045 (1541) module 42, x 28.8875, y 37.1225, z 484.921
 42252234 (1488) module 40, x 22.0125, y 28.2675, z 389.411
 39967792 (1435) module 38, x 16.5125, y 21.2175, z 313.525
 37844097 (1374) module 36, x 12.0575, y 15.4975, z 251.531
 35735970 (1319) module 34, x 10.2425, y  13.16, z 226.531
 33628099 (1265) module 32, x 8.4275, y 10.8225, z 201.531
 31520739 (1203) module 30, x   6.64, y 8.5125, z 176.531

Track #47, length 10
 44235818 (1537) module 42, x 16.8058, y 37.2042, z 485.982
 42104168 (1485) module 40, x 13.4325, y 29.7425, z 390.473
 39979161 (1432) module 38, x 10.7375, y 23.7475, z 313.525
 37860033 (1372) module 36, x   8.51, y 18.9075, z 251.531
 35753682 (1317) module 34, x 7.6025, y 16.955, z 226.531
 33647586 (1264) module 32, x 6.7225, y 15.0025, z 201.531
 31541234 (1201) module 30, x  5.815, y  13.05, z 176.531
 29029542 (1132) module 27, x 4.4675, y 10.0225, z 137.469
 26928329 (1072) module 25, x 3.5875, y   8.07, z 112.469
 24827372 (1023) module 23, x 2.7625, y  6.145, z 87.469

Track #48, length 8
 44996301 (1542) module 42, x 31.5575, y -21.8475, z 485.982
 42529069 (1489) module 40, x 24.0775, y -16.65, z 389.411
 40459385 (1436) module 38, x 18.0825, y -12.4975, z 312.463
 38384565 (1376) module 36, x 13.2975, y -9.1975, z 250.469
 36296397 (1322) module 34, x 11.3542, y -7.84083, z 225.469
 34208486 (1268) module 32, x 9.3925, y -6.5025, z 200.469
 32119806 (1205) module 30, x 7.4675, y -5.155, z 175.469
 29366006 (1140) module 28, x 5.6225, y -3.8625, z 151.531

Track #49, length 7
 45009978 (1543) module 42, x 34.555, y -29.905, z 485.982
 42873280 (1490) module 40, x 26.0025, y -22.535, z 390.473
 40454704 (1437) module 38, x 19.045, y -16.5125, z 312.463
 38383495 (1378) module 36, x  13.49, y -11.7275, z 250.469
 36296874 (1321) module 34, x 11.2625, y -9.775, z 225.469
 34209741 (1266) module 32, x 9.05333, y -7.84083, z 200.469
 32122865 (1204) module 30, x 6.8075, y -5.8975, z 175.469

Track #50, length 6
 44386921 (1540) module 42, x 27.3475, y 20.0725, z 484.921
 42311656 (1487) module 40, x 20.3625, y 15.3975, z 389.411
 39923535 (1433) module 38, x 14.8075, y 11.7025, z 313.525
 37812641 (1373) module 36, x 10.2608, y 8.65917, z 251.531
 35709891 (1318) module 34, x 8.4275, y 7.4125, z 226.531
 33606884 (1263) module 32, x 6.6125, y 6.1475, z 201.531

Track #51, length 8
 43958555 (1493) module 41, x -33.95, y 31.6375, z 402.473
 41823398 (1446) module 39, x -25.7275, y 23.965, z 325.525
 39406362 (1393) module 37, x -19.0175, y 17.695, z 262.469
 37321544 (1341) module 35, x -16.35, y 15.1925, z 237.469
 35236981 (1288) module 33, x -13.6825, y 12.7175, z 212.469
 33152162 (1234) module 31, x -11.015, y 10.2425, z 187.469
 31066831 (1178) module 29, x -8.375, y 7.7675, z 162.469
 28982268 (1123) module 27, x -5.7075, y  5.265, z 137.469

Track #52, length 8
 43436323 (1494) module 41, x -31.1975, y 1.1025, z 401.411
 41338030 (1447) module 39, x -23.5525, y 0.827499, z 324.463
 38818076 (1394) module 37, x -17.585, y 0.6175, z 263.531
 36721225 (1342) module 35, x -15.11, y 0.5625, z 238.531
 34624630 (1289) module 33, x -12.6625, y 0.4525, z 213.531
 32527779 (1236) module 31, x -10.1875, y 0.3975, z 188.531
 30431183 (1179) module 29, x  -7.74, y 0.2875, z 163.531
 28334588 (1124) module 27, x -5.2925, y 0.1775, z 138.531

Track #53, length 7
 43552695 (1495) module 41, x -29.44, y 9.0875, z 401.411
 41489377 (1448) module 39, x -22.0975, y 6.7775, z 324.463
 38798134 (1395) module 37, x -16.1825, y 4.9075, z 263.531
 36704355 (1343) module 35, x -13.7075, y 4.1925, z 238.531
 34610831 (1291) module 33, x -11.26, y 3.4225, z 213.531
 32517052 (1239) module 31, x -8.8125, y   2.68, z 188.531
 30423529 (1183) module 29, x -6.3375, y 1.9375, z 163.531

Track #54, length 7
 43826291 (1514) module 41, x -5.2675, y 26.7975, z 402.473
 41723622 (1468) module 39, x -4.0575, y 20.445, z 325.525
 39480391 (1413) module 37, x -3.0125, y  15.22, z 262.469
 37385325 (1359) module 35, x -2.5725, y  13.13, z 237.469
 35290003 (1303) module 33, x -2.1875, y 11.0675, z 212.469
 33194681 (1248) module 31, x -1.775, y 8.9775, z 187.469
 31099614 (1189) module 29, x -1.3625, y  6.915, z 162.469

Track #55, length 7
 42246978 (1491) module 40, x 29.465, y 29.3675, z 389.411
 40185553 (1438) module 38, x 21.6275, y 21.6125, z 312.463
 37843779 (1379) module 36, x  15.44, y 15.4425, z 251.531
 35734898 (1324) module 34, x 12.8825, y 12.9125, z 226.531
 33626016 (1270) module 32, x 10.3525, y 10.3825, z 201.531
 31517646 (1206) module 30, x 7.8225, y 7.8525, z 176.531
 29408764 (1139) module 28, x 5.2925, y 5.3225, z 151.531

Track #56, length 10
 42491485 (1492) module 40, x 32.135, y -14.0375, z 389.411
 40424847 (1439) module 38, x 25.6175, y -11.2875, z 312.463
 38351288 (1382) module 36, x 20.4108, y -9.01417, z 250.469
 36264137 (1328) module 34, x 18.3025, y -8.0975, z 225.469
 34176730 (1275) module 32, x 16.2125, y -7.1625, z 200.469
 32089322 (1214) module 30, x 14.095, y -6.2825, z 175.469
 30002171 (1151) module 28, x 11.9775, y -5.3475, z 150.469
 27265959 (1090) module 26, x 9.9675, y -4.4675, z 126.531
 25173198 (1038) module 24, x 7.8225, y -3.5325, z 101.531
 23080436 (982) module 22, x 5.7325, y -2.5975, z 76.531

Track #57, length 9
 41289574 (1444) module 39, x -27.5125, y -9.5675, z 324.463
 39201743 (1390) module 37, x -21.71, y -7.5875, z 262.469
 37108218 (1338) module 35, x -19.3725, y -6.8175, z 237.469
 34655012 (1285) module 33, x -17.145, y -6.0925, z 213.531
 32554319 (1231) module 31, x -14.8075, y -5.3225, z 188.531
 30453626 (1171) module 29, x -12.4425, y -4.5525, z 163.531
 28352676 (1114) module 27, x -10.1325, y -3.755, z 138.531
 26251983 (1061) module 25, x -7.7675, y -2.9575, z 113.531
 24151289 (1013) module 23, x -5.4575, y -2.1875, z 88.531

Track #58, length 7
 41211722 (1443) module 39, x -29.025, y -26.5075, z 324.463
 39145937 (1391) module 37, x  -21.6, y -19.6875, z 262.469
 36802568 (1339) module 35, x -18.7125, y -17.065, z 238.531
 34692670 (1286) module 33, x -15.715, y -14.2875, z 213.531
 32582517 (1232) module 31, x -12.6808, y -11.5192, z 188.531
 30473132 (1174) module 29, x -9.6925, y  -8.76, z 163.531
 28363235 (1121) module 27, x -6.6675, y  -6.01, z 138.531

Track #59, length 7
 41236848 (1445) module 39, x -26.9625, y -20.98, z 324.463
 39165166 (1392) module 37, x -20.005, y -15.5625, z 262.469
 36785953 (1340) module 35, x -17.3375, y -13.4625, z 238.531
 34678612 (1287) module 33, x -14.5325, y -11.2625, z 213.531
 32571527 (1233) module 31, x -11.7275, y  -9.09, z 188.531
 30464442 (1175) module 29, x -8.9225, y  -6.89, z 163.531
 28357357 (1122) module 27, x -6.1175, y -4.7175, z 138.531

Track #60, length 9
 41690213 (1470) module 39, x 3.0925, y 27.5675, z 325.525
 39596750 (1416) module 37, x 2.3225, y 21.7925, z 263.531
 37501176 (1362) module 35, x 1.9925, y 19.4825, z 238.531
 35307814 (1306) module 33, x 1.6625, y 17.035, z 212.469
 33209425 (1251) module 31, x 1.3875, y  14.67, z 187.469
 31111037 (1192) module 29, x 1.1125, y 12.2775, z 162.469
 29012648 (1130) module 27, x 0.837498, y 9.9125, z 137.469
 26914259 (1070) module 25, x 0.599167, y 7.51083, z 112.469
 24816127 (1019) module 23, x 0.369999, y 5.1275, z 87.469

Track #61, length 7
 41871064 (1442) module 39, x -35.985, y 21.2425, z 325.525
 39370557 (1389) module 37, x -26.8275, y  15.77, z 262.469
 37290085 (1337) module 35, x -23.17, y 13.5975, z 237.469
 35209612 (1284) module 33, x -19.54, y 11.4525, z 212.469
 33129395 (1229) module 31, x -15.91, y 9.3075, z 187.469
 31049434 (1172) module 29, x -12.2342, y 7.12583, z 162.469
 28311742 (1117) module 27, x -8.7025, y 5.0725, z 138.531

Track #62, length 6
 40662406 (1421) module 38, x 1.3625, y -25.725, z 313.525
 38441477 (1366) module 36, x 0.922501, y -18.8775, z 250.469
 36345142 (1311) module 34, x 0.7575, y -16.1825, z 225.469
 34248808 (1257) module 32, x 0.592499, y -13.405, z 200.469
 32152219 (1197) module 30, x 0.455002, y -10.6275, z 175.469
 30055629 (1136) module 28, x 0.345001, y -7.8775, z 150.469

Track #63, length 6
 40292720 (1440) module 38, x 26.935, y -1.5425, z 312.463
 38193663 (1381) module 36, x 19.0975, y -1.1025, z 250.469
 35670839 (1326) module 34, x   16.1, y -0.9475, z 226.531
 33574513 (1273) module 32, x 12.9375, y -0.755, z 201.531
 31478442 (1211) module 30, x  9.775, y -0.5625, z 176.531
 29382116 (1146) module 28, x 6.6125, y -0.3975, z 151.531

Track #64, length 9
 39765879 (1387) module 37, x -34.2892, y 26.5408, z 263.531
 37653159 (1334) module 35, x -30.925, y 23.9375, z 238.531
 35540438 (1280) module 33, x -27.5425, y 21.325, z 213.531
 33091850 (1224) module 31, x -24.05, y 18.6025, z 187.469
 31009849 (1166) module 29, x -20.695, y 16.0175, z 162.469
 28928360 (1110) module 27, x -17.3308, y 13.4142, z 137.469
 26847128 (1056) module 25, x -13.9575, y 10.7925, z 112.469
 24765639 (1009) module 23, x -10.6025, y 8.2075, z 87.469
 22683638 (959) module 21, x -7.2475, y 5.6225, z 62.469

Track #65, length 7
 38966721 (1403) module 37, x -8.5375, y -31.53, z 263.531
 36854733 (1352) module 35, x -7.8775, y -28.34, z 238.531
 34742746 (1298) module 33, x -7.1625, y -25.15, z 213.531
 32631526 (1243) module 31, x -6.5025, y -21.9875, z 188.531
 30519794 (1184) module 29, x -5.8425, y -18.8525, z 163.531
 28408062 (1125) module 27, x -5.155, y -15.745, z 138.531
 25881491 (1025) module 24, x -3.9725, y -11.04, z 100.469

Track #66, length 6
 39677021 (1396) module 37, x -15.085, y 28.0075, z 263.531
 37570212 (1345) module 35, x -12.9675, y 24.1025, z 238.531
 35463403 (1293) module 33, x -10.8775, y 20.1975, z 213.531
 33162551 (1240) module 31, x -8.6775, y   16.1, z 187.469
 31075198 (1182) module 29, x -6.5875, y 12.195, z 162.469
 28987845 (1126) module 27, x -4.4975, y 8.3175, z 137.469

Track #67, length 6
 39358909 (1388) module 37, x -29.3575, y 8.7575, z 262.469
 37280723 (1336) module 35, x -25.26, y 7.5475, z 237.469
 35202026 (1283) module 33, x -21.2175, y 6.2825, z 212.469
 32505890 (1228) module 31, x -17.2825, y 5.0725, z 188.531
 30414445 (1170) module 29, x -13.1575, y 3.8625, z 163.531
 28323000 (1116) module 27, x -9.005, y 2.6525, z 138.531

Track #68, length 6
 38562400 (1365) module 36, x 0.7575, y -27.815, z 251.531
 36464812 (1310) module 34, x 0.6475, y -23.6625, z 226.531
 34366967 (1256) module 32, x 0.4825, y -19.5375, z 201.531
 32152648 (1196) module 30, x 0.372501, y -15.1925, z 175.469
 30056083 (1135) module 28, x 0.262501, y -11.04, z 150.469
 27959519 (1077) module 26, x 0.1525, y -6.8875, z 125.469

Track #69, length 6
 38634116 (1380) module 36, x 16.295, y -25.835, z 251.531
 36525771 (1325) module 34, x 13.8475, y -21.9575, z 226.531
 34199318 (1272) module 32, x 11.3175, y -17.9425, z 200.469
 32113244 (1209) module 30, x 8.8425, y -14.065, z 175.469
 30027426 (1144) module 28, x 6.4225, y -10.2425, z 150.469
 27941608 (1081) module 26, x 4.0025, y -6.3925, z 125.469

Track #70, length 9
 37936234 (1377) module 36, x 13.3225, y 35.435, z 251.531
 35822210 (1323) module 34, x 12.0025, y 31.805, z 226.531
 33708186 (1271) module 32, x 10.6825, y 28.1475, z 201.531
 31593906 (1210) module 30, x 9.3625, y 24.4625, z 176.531
 29480395 (1147) module 28, x 7.9875, y 20.8325, z 151.531
 27366116 (1086) module 26, x 6.6125, y 17.175, z 126.531
 25252093 (1033) module 24, x 5.21917, y 13.5358, z 101.531
 24834955 (1024) module 23, x 4.4125, y  11.48, z 87.469
 22731214 (971) module 21, x   3.01, y 7.8225, z 62.469

Track #71, length 5
 38319943 (1385) module 36, x  27.24, y -15.2475, z 250.469
 36243317 (1329) module 34, x  22.73, y -12.7175, z 225.469
 34167203 (1276) module 32, x 18.2475, y -10.1875, z 200.469
 32091088 (1213) module 30, x 13.7192, y -7.67583, z 175.469
 30014974 (1148) module 28, x    9.2, y -5.1825, z 150.469

Track #72, length 8
 38653440 (1383) module 36, x 20.475, y -33.1225, z 251.531
 36545339 (1327) module 34, x 18.0825, y -29.8775, z 226.531
 34436982 (1274) module 32, x 15.6625, y -26.605, z 201.531
 32328625 (1212) module 30, x 13.2425, y -23.36, z 176.531
 30220269 (1150) module 28, x 10.8225, y -20.0875, z 151.531
 27921196 (1089) module 26, x 8.32917, y -16.6958, z 125.469
 25835368 (1036) module 24, x 5.9275, y -13.4325, z 100.469
 23749539 (978) module 22, x 3.5075, y -10.1875, z 75.469

Track #73, length 8
 38099824 (1384) module 36, x 26.935, y 19.1375, z 250.469
 36011939 (1330) module 34, x 24.1575, y 17.1575, z 225.469
 33924053 (1277) module 32, x  21.38, y 15.1775, z 200.469
 31542023 (1216) module 30, x  18.74, y 13.2425, z 176.531
 29435706 (1153) module 28, x 15.9625, y 11.2625, z 151.531
 27329388 (1092) module 26, x 13.185, y 9.2825, z 126.531
 25223583 (1039) module 24, x 10.4075, y 7.3025, z 101.531
 23117266 (987) module 22, x 7.6025, y   5.35, z 76.531

Track #74, length 5
 36885382 (1348) module 35, x -11.755, y -34.94, z 238.531
 34770841 (1294) module 33, x -10.7375, y -31.1725, z 213.531
 32656044 (1237) module 31, x -9.6925, y -27.405, z 188.531
 30541502 (1177) module 29, x -8.7025, y -23.6375, z 163.531
 28427473 (1119) module 27, x -7.6575, y -19.8975, z 138.531

Track #75, length 6
 37509133 (1361) module 35, x 0.2325, y  32.38, z 238.531
 35412074 (1305) module 33, x 0.2325, y 27.265, z 213.531
 33315271 (1250) module 31, x 0.1775, y 22.1775, z 188.531
 31106601 (1191) module 29, x 0.177498, y  16.87, z 162.469
 29009285 (1129) module 27, x 0.122498, y  11.81, z 137.469
 26911969 (1069) module 25, x 0.0675011, y   6.75, z 112.469

Track #76, length 5
 36970121 (1335) module 35, x -25.56, y -36.6825, z 237.469
 34892241 (1282) module 33, x -21.6275, y -32.5575, z 212.469
 32661527 (1227) module 31, x -17.86, y -28.5875, z 188.531
 30544991 (1169) module 29, x -13.9275, y -24.4075, z 163.531
 28428966 (1115) module 27, x -10.0225, y -20.255, z 138.531

Track #77, length 5
 36615611 (1331) module 34, x  33.29, y -22.8375, z 226.531
 34129170 (1278) module 32, x 26.4975, y -18.135, z 200.469
 32061796 (1217) module 30, x  19.98, y -13.6525, z 175.469
 29995189 (1152) module 28, x 13.435, y -9.1975, z 150.469
 27263962 (1088) module 26, x  7.135, y -4.9075, z 126.531

Track #78, length 5
 35061638 (1281) module 33, x -25.7525, y 4.0725, z 212.469
 32960737 (1225) module 31, x -20.7475, y 3.2475, z 187.469
 30420794 (1168) module 29, x -15.9625, y 2.4875, z 163.531
 28327317 (1113) module 27, x -10.9575, y 1.7175, z 138.531
 26234096 (1064) module 25, x -5.925, y 0.8925, z 113.531

Track #79, length 7
 35428616 (1302) module 33, x  -3.37, y 32.6825, z 213.531
 33329745 (1247) module 31, x -2.9575, y 28.6675, z 188.531
 31230873 (1188) module 29, x -2.5725, y  24.68, z 163.531
 29131746 (1127) module 27, x -2.1325, y 20.6925, z 138.531
 26903599 (1067) module 25, x -1.6925, y  16.54, z 112.469
 24808312 (1016) module 23, x -1.3075, y 12.525, z 87.469
 22713024 (965) module 21, x -0.904167, y 8.55583, z 62.469

Track #80, length 7
 34530131 (1279) module 32, x  35.82, y -28.5575, z 201.531
 32411542 (1220) module 30, x 31.1725, y -24.845, z 176.531
 30292698 (1159) module 28, x 26.525, y -21.1325, z 151.531
 27859489 (1095) module 26, x 21.6758, y -17.3192, z 125.469
 25784164 (1044) module 24, x 17.0375, y -13.625, z 100.469
 23708583 (993) module 22, x 12.3992, y -9.93083, z 75.469
 21632490 (924) module 20, x 7.77917, y -6.24583, z 50.469

Track #81, length 7
 32788733 (1226) module 31, x -19.2075, y -33.905, z 187.469
 30567982 (1167) module 29, x -16.6225, y -29.385, z 163.531
 28449118 (1112) module 27, x -13.9825, y -24.71, z 138.531
 26330766 (1057) module 25, x -11.3425, y -20.0075, z 113.531
 24211647 (1011) module 23, x -8.6475, y -15.2775, z 88.531
 22092528 (961) module 21, x -5.9525, y -10.5475, z 63.531
 21689802 (914) module 20, x -4.5225, y -8.0425, z 50.469

Track #82, length 5
 32261434 (1194) module 30, x -1.2775, y -29.905, z 176.531
 30168977 (1133) module 28, x -0.2875, y -25.1475, z 151.531
 28076264 (1078) module 26, x 0.6475, y -20.3625, z 126.531
 25855045 (1029) module 24, x 1.6925, y -15.3575, z 100.469
 23753628 (977) module 22, x 2.6275, y -10.5725, z 75.469

Track #83, length 6
 31381434 (1161) module 29, x -35.1508, y 22.8742, z 163.531
 28873218 (1104) module 27, x -29.2658, y 19.0242, z 137.469
 26802501 (1051) module 25, x -23.6008, y 15.3392, z 112.469
 24731272 (1004) module 23, x -17.9542, y 11.6358, z 87.469
 22660556 (952) module 21, x -12.3075, y 7.9325, z 62.469
 19926239 (895) module 19, x  -6.86, y 4.4125, z 38.531

Track #84, length 7
 30956050 (1162) module 29, x -32.355, y 18.1625, z 162.469
 28883272 (1105) module 27, x -27.1575, y 15.165, z 137.469
 26809981 (1052) module 25, x -21.9142, y 12.2408, z 112.469
 24737459 (1005) module 23, x -16.625, y 9.3075, z 87.469
 22664937 (954) module 21, x -11.345, y 6.3375, z 62.469
 19930345 (897) module 19, x -6.3375, y 3.5325, z 38.531
 14686946 (666) module 14, x 6.7225, y -3.615, z -23.469

Track #85, length 4
 27721651 (1097) module 26, x  23.25, y -4.0725, z 125.469
 25174283 (1045) module 24, x 18.5292, y -3.22083, z 101.531
 23081572 (994) module 22, x 13.625, y -2.3225, z 76.531
 20988350 (926) module 20, x  8.675, y -1.4975, z 51.531

Track #86, length 6
 28198729 (1099) module 26, x  27.24, y -29.08, z 126.531
 26083476 (1046) module 24, x 23.335, y -24.9458, z 101.531
 23968992 (997) module 22, x 19.4575, y -20.775, z 76.531
 21597489 (935) module 20, x 15.3692, y -16.4208, z 50.469
 19518589 (852) module 18, x 11.4458, y -12.2592, z 25.469
 17439434 (767) module 16, x  7.495, y -8.0425, z  0.469

Track #87, length 4
 28082968 (1080) module 26, x 2.1325, y -31.775, z 126.531
 25983634 (1028) module 24, x  1.665, y -25.065, z 101.531
 23760147 (975) module 22, x 1.1975, y -18.08, z 75.469
 21665165 (915) module 20, x 0.7575, y -11.37, z 50.469

Track #88, length 4
 22710436 (964) module 21, x -1.4725, y 10.105, z 62.469
 20608295 (903) module 19, x -2.48083, y 16.9892, z 37.469
 18652077 (816) module 17, x -3.4525, y  23.58, z 13.531
 16559664 (732) module 15, x -4.4975, y 30.455, z -11.469

Track #89, length 4
 22036178 (956) module 21, x -7.575, y 1.6625, z 63.531
 19929131 (881) module 19, x -16.76, y 3.7525, z 38.531
 18401522 (799) module 17, x -26.3325, y 5.8425, z 12.469
 16261837 (702) module 15, x -35.435, y 7.8775, z -12.531

Track #90, length 5
 22720712 (967) module 21, x 0.727501, y  8.125, z 62.469
 20625764 (908) module 19, x 1.2225, y 13.6525, z 37.469
 18530816 (824) module 17, x  1.745, y 19.1525, z 12.469
 16528286 (743) module 15, x   2.24, y 24.4325, z -11.469
 14428729 (633) module 13, x 2.7625, y  29.96, z -36.469

Track #91, length 5
 22034666 (960) module 21, x -6.255, y 1.9925, z 63.531
 19925856 (884) module 19, x -13.845, y 4.4675, z 38.531
 18422236 (802) module 17, x -21.7492, y 7.01583, z 12.469
 16290223 (707) module 15, x -29.3392, y 9.49083, z -12.531
 14157699 (588) module 13, x -36.92, y 11.9475, z -37.531

Track #92, length 5
 22022136 (962) module 21, x -5.49417, y 4.65083, z 63.531
 20562587 (885) module 19, x -12.4358, y 10.6092, z 37.469
 18434356 (804) module 17, x  -19.1, y 16.2925, z 12.469
 16656335 (708) module 15, x -25.48, y 21.7375, z -11.469
 14590055 (589) module 13, x -32.1258, y 27.4392, z -36.469

Track #93, length 7
 20986108 (921) module 20, x  5.265, y -1.9925, z 51.531
 18881971 (850) module 18, x 9.3075, y -3.4775, z 26.531
 16777577 (778) module 16, x  13.35, y -5.0175, z  1.531
 15295972 (692) module 14, x 17.5875, y -6.585, z -24.531
 13179849 (583) module 12, x  21.63, y -8.0975, z -49.531
 11064237 (481) module 10, x   25.7, y -9.6375, z -74.531
  8914783 (382) module  8, x 36.9475, y -13.9275, z -144.281

Track #94, length 5
 21010648 (923) module 20, x 7.2725, y 3.2875, z 51.531
 18924914 (855) module 18, x 12.855, y 5.7625, z 26.531
 16839180 (782) module 16, x 18.4558, y 8.27417, z  1.531
 15069601 (698) module 14, x 24.2675, y 10.8875, z -24.531
 12960572 (586) module 12, x 29.8225, y 13.4175, z -49.531

Track #95, length 5
 20989688 (922) module 20, x  5.485, y -1.2225, z 51.531
 18888363 (851) module 18, x   9.72, y -2.1025, z 26.531
 16786782 (779) module 16, x 13.955, y -3.0375, z  1.531
 14685202 (693) module 14, x 18.1625, y -3.9725, z -23.469
 11059186 (482) module 10, x   26.8, y -5.8425, z -74.531

Track #96, length 5
 21651957 (919) module 20, x 3.6175, y -5.6775, z 50.469
 19541929 (844) module 18, x 6.33083, y -9.83917, z 25.469
 17432415 (773) module 16, x   9.09, y -13.9275, z  0.469
 15322645 (684) module 14, x 11.8125, y -17.9975, z -24.531
 13459660 (575) module 12, x 14.3975, y -21.875, z -48.469

Track #97, length 4
 20982460 (927) module 20, x  8.785, y -2.7625, z 51.531
 18878999 (862) module 18, x 17.8692, y -4.04583, z 26.531
 17348602 (787) module 16, x 27.2675, y -5.4025, z  0.469
 15209442 (701) module 14, x  36.26, y -6.7225, z -24.531

Track #98, length 4
 20991150 (929) module 20, x  9.555, y -0.8925, z 51.531
 18890536 (859) module 18, x 16.925, y -1.6075, z 26.531
 17227675 (785) module 16, x  24.57, y -2.3125, z  0.469
 15133461 (700) module 14, x  31.94, y -2.9725, z -24.531

Track #99, length 5
 20622037 (907) module 19, x 0.397499, y   7.41, z 37.469
 18525837 (822) module 17, x 0.6175, y  11.37, z 12.469
 16429637 (739) module 15, x 0.837498, y 15.3575, z -12.531
 14436861 (630) module 13, x 1.0575, y  19.18, z -36.469
 12338613 (526) module 11, x 1.2775, y 23.1675, z -61.469

Track #100, length 6
 20620751 (905) module 19, x 0.122498, y   7.74, z 37.469
 18523798 (819) module 17, x 0.177498, y 10.875, z 12.469
 16426845 (736) module 15, x 0.232498, y  14.01, z -12.531
 14329892 (626) module 13, x 0.287498, y 17.145, z -37.531
 12343020 (522) module 11, x 0.3425, y 20.1425, z -61.469
 10244940 (417) module  9, x   0.48, y 28.915, z -131.219

Track #101, length 5
 20571853 (887) module 19, x -10.4925, y 7.8775, z 37.469
 18448256 (806) module 17, x -16.13, y 12.1125, z 12.469
 16324915 (709) module 15, x -21.74, y 16.3475, z -12.531
 14566887 (591) module 13, x -27.1025, y  20.39, z -36.469
 12495770 (490) module 11, x -32.7125, y 24.625, z -61.469

Track #102, length 5
 20600252 (901) module 19, x -4.24083, y 8.79417, z 37.469
 18492264 (814) module 17, x -6.56917, y 13.3958, z 12.469
 16384276 (726) module 15, x -8.8975, y 18.025, z -12.531
 14492866 (608) module 13, x -11.0975, y 22.425, z -36.469
 12406381 (504) module 11, x -13.4075, y   27.1, z -61.469

Track #103, length 5
 19943636 (894) module 19, x -7.4925, y 0.6725, z 38.531
 17844361 (808) module 17, x -11.6175, y  1.085, z 13.531
 15745342 (713) module 15, x -15.715, y 1.4975, z -11.469
 14080237 (600) module 13, x -20.06, y 1.9275, z -37.531
 11984802 (494) module 11, x -24.2125, y 2.3125, z -62.531

Track #104, length 5
 19954656 (896) module 19, x -6.8325, y -1.6925, z 38.531
 17862292 (809) module 17, x -10.985, y -2.7375, z 13.531
 15769929 (714) module 15, x -15.11, y -3.7825, z -11.469
 14048505 (601) module 13, x -19.4275, y -4.865, z -37.531
 11946669 (496) module 11, x -23.58, y -5.8825, z -62.531

Track #105, length 7
 19936247 (898) module 19, x -5.5675, y   2.24, z 38.531
 17833408 (810) module 17, x -8.5925, y 3.4775, z 13.531
 15730312 (716) module 15, x -11.6358, y 4.72417, z -11.469
 14260207 (604) module 13, x -14.81, y 6.0075, z -37.531
 12148953 (497) module 11, x -17.8625, y 7.2175, z -62.531
 10012571 (385) module  9, x -26.3875, y   10.6, z -132.281
  7875678 (292) module  7, x -34.9125, y 13.9825, z -202.031

Track #106, length 6
 19965691 (899) module 19, x -5.3475, y -4.0575, z 38.531
 17878981 (811) module 17, x -8.3175, y -6.3125, z 13.531
 15792015 (718) module 15, x -11.26, y -8.5125, z -11.469
 13704794 (605) module 13, x -14.2025, y -10.7675, z -36.469
 11617829 (498) module 11, x -17.1175, y -12.9675, z -61.469
  9787532 (387) module  9, x -25.395, y -19.3025, z -132.281

Track #107, length 4
 20606102 (902) module 19, x -3.0125, y 10.9025, z 37.469
 18500384 (815) module 17, x -4.8275, y 17.365, z 12.469
 16569261 (730) module 15, x -6.5325, y  23.58, z -11.469
 14480184 (612) module 13, x -8.2925, y 30.0425, z -36.469

Track #108, length 7
 20621567 (906) module 19, x 0.287498, y 5.1275, z 37.469
 18524877 (821) module 17, x 0.424999, y 7.8775, z 12.469
 16428443 (738) module 15, x 0.5625, y 10.6275, z -12.531
 14332009 (629) module 13, x 0.727501, y 13.3775, z -37.531
 12235319 (525) module 11, x 0.837498, y 16.1275, z -62.531
 10241707 (420) module  9, x 1.2225, y 23.7175, z -131.219
  8142881 (324) module  7, x 1.5525, y 31.3075, z -200.969

Track #109, length 6
 19583983 (830) module 18, x -2.6525, y  -5.98, z 25.469
 17491905 (749) module 16, x -3.7525, y -8.5375, z  0.469
 15400083 (637) module 14, x -4.9075, y -11.0675, z -24.531
 13711865 (618) module 13, x -5.4575, y -12.2525, z -36.469
 11626468 (513) module 11, x -6.6125, y -14.7825, z -61.469
  9561766 (401) module  9, x -10.0225, y -21.7675, z -131.219

Track #110, length 8
 18906615 (839) module 18, x 5.5675, y 1.8025, z 26.531
 16813002 (769) module 16, x  8.015, y 2.5725, z  1.531
 14719646 (679) module 14, x 10.435, y 3.3975, z -23.469
 12626034 (570) module 12, x 12.8825, y 4.1675, z -48.469
 10532422 (465) module 10, x 15.3025, y 4.9375, z -73.469
  8794822 (371) module  8, x 22.205, y 7.2025, z -144.281
  6687307 (287) module  6, x 28.9975, y 9.4025, z -214.031
  4587039 (207) module  4, x 31.4175, y 10.1725, z -239.031

Track #111, length 10
 18889201 (841) module 18, x   5.87, y -1.9375, z 26.531
 16788419 (770) module 16, x 8.4275, y -2.7075, z  1.531
 14687892 (680) module 14, x 10.985, y -3.4225, z -23.469
 12587367 (572) module 12, x 13.4875, y  -4.11, z -48.469
 10487098 (467) module 10, x 15.9625, y  -4.77, z -73.469
  8979428 (373) module  8, x 22.9775, y -6.6125, z -144.281
  6850500 (289) module  6, x  29.88, y -8.3725, z -214.031
  4742073 (208) module  4, x 32.3275, y -8.9775, z -239.031
  2633391 (123) module  2, x 34.8025, y -9.5275, z -264.031
   524708 (37) module  0, x 37.2775, y -10.1325, z -289.031

Track #112, length 9
 19536870 (847) module 18, x 7.4675, y -6.5025, z 25.469
 17428414 (776) module 16, x 9.9975, y -8.7025, z  0.469
 15319446 (686) module 14, x   12.5, y -10.9025, z -24.531
 13210478 (577) module 12, x 15.0208, y -13.0842, z -49.531
 11101510 (472) module 10, x  17.56, y -15.275, z -74.531
  9311958 (375) module  8, x 24.5358, y -21.3342, z -143.219
  7247463 (291) module  6, x 31.585, y -27.4575, z -212.969
  5162047 (211) module  4, x 34.115, y -29.6575, z -237.969
  3076631 (125) module  2, x 36.6175, y -31.8575, z -262.969

Track #113, length 6
 19567808 (832) module 18, x 0.775833, y -8.57417, z 25.469
 17469310 (754) module 16, x 1.0875, y -12.195, z  0.469
 15370556 (650) module 14, x 1.4175, y -15.825, z -24.531
 13401339 (537) module 12, x 1.7475, y -19.3175, z -48.469
 11305657 (431) module 10, x 2.0775, y -22.92, z -73.469
  9212418 (339) module  8, x 2.9575, y -33.0125, z -143.219

Track #114, length 7
 19550703 (837) module 18, x 4.4975, y  -5.98, z 25.469
 17443773 (762) module 16, x 6.5875, y  -8.73, z  0.469
 15336843 (674) module 14, x 8.6775, y -11.48, z -24.531
 13230425 (563) module 12, x  10.74, y -14.2575, z -49.531
 11123493 (457) module 10, x  12.83, y -17.09, z -74.531
  9284759 (364) module  8, x 18.5775, y -24.79, z -143.219
  7214601 (284) module  6, x 24.5175, y -32.6275, z -212.969

Track #115, length 5
 18953712 (842) module 18, x 5.9525, y  12.06, z 26.531
 16880576 (771) module 16, x 8.5925, y  17.23, z  1.531
 14807696 (681) module 14, x 11.2325, y 22.4275, z -23.469
 12734302 (573) module 12, x 13.9458, y 27.6892, z -48.469
 10661678 (469) module 10, x 16.6225, y 32.9325, z -73.469

Track #116, length 9
 18879211 (843) module 18, x 6.2275, y -4.0825, z 26.531
 17432560 (772) module 16, x  9.035, y -5.9525, z  0.469
 15323343 (683) module 14, x 11.7025, y -7.7675, z -24.531
 13214126 (574) module 12, x 14.2875, y -9.555, z -49.531
 11104911 (470) module 10, x 16.8725, y -11.2875, z -74.531
  8974644 (374) module  8, x 24.0775, y -16.2925, z -144.281
  7245273 (290) module  6, x 31.0625, y -21.16, z -212.969
  5159865 (210) module  4, x 33.5925, y -22.9475, z -237.969
  3074457 (124) module  2, x 36.1225, y -24.7075, z -262.969

Track #117, length 6
 18905031 (848) module 18, x   8.18, y 1.4725, z 26.531
 16810886 (777) module 16, x 11.755, y 2.1325, z  1.531
 14716741 (690) module 14, x  15.33, y 2.7925, z -23.469
 12622596 (581) module 12, x 18.905, y 3.4525, z -48.469
 10906302 (477) module 10, x 22.645, y 4.1225, z -74.531
  8800521 (380) module  8, x   32.6, y 5.9375, z -144.281

Track #118, length 9
 17836516 (813) module 17, x -6.6125, y 2.8175, z 13.531
 15734457 (725) module 15, x  -8.95, y 3.8625, z -11.469
 13632399 (607) module 13, x -11.2875, y 4.9075, z -36.469
 12168175 (502) module 11, x -13.7375, y 6.0075, z -62.531
 10040505 (390) module  9, x -20.2825, y 8.9775, z -132.281
  7913348 (293) module  7, x -26.8275, y 11.8925, z -202.031
  5805169 (213) module  5, x -29.165, y 12.9375, z -227.031
  3697246 (127) module  3, x -31.5025, y 13.9825, z -252.031
  1589323 (39) module  1, x -33.8125, y 15.0275, z -277.031

Track #119, length 9
 18524919 (820) module 17, x 0.397499, y 5.5675, z 12.469
 16428250 (737) module 15, x 0.5075, y 7.1625, z -12.531
 14331581 (628) module 13, x  0.645, y 8.7575, z -37.531
 12235168 (524) module 11, x 0.782501, y 10.3525, z -62.531
 10139215 (419) module  9, x 1.0575, y 14.8075, z -132.281
  8144382 (323) module  7, x 1.2775, y 19.1525, z -200.969
  6046689 (247) module  5, x 1.3875, y 20.7475, z -225.969
  3949252 (167) module  3, x 1.4425, y 22.315, z -250.969
  1851560 (82) module  1, x 1.5525, y 23.8825, z -275.969

Track #120, length 8
 18510817 (817) module 17, x -2.6275, y   6.75, z 12.469
 16409527 (733) module 15, x -3.5075, y 9.0875, z -12.531
 14307980 (621) module 13, x -4.4425, y 11.425, z -37.531
 12206690 (515) module 11, x -5.3225, y 13.7625, z -62.531
 10283755 (405) module  9, x -7.7975, y  20.17, z -131.219
  8197493 (305) module  7, x  -10.3, y 26.6875, z -200.969
  6104650 (225) module  5, x -11.2075, y 29.025, z -225.969
  4011552 (142) module  3, x -12.115, y 31.3625, z -250.969

Track #121, length 8
 17844185 (812) module 17, x  -7.19, y 1.1675, z 13.531
 15745195 (723) module 15, x -9.7475, y 1.5525, z -11.469
 13645949 (606) module 13, x -12.2775, y 1.9925, z -36.469
 11546958 (500) module 11, x -14.835, y 2.3775, z -61.469
  9893577 (389) module  9, x -22.04, y 3.5775, z -132.281
  5793791 (212) module  5, x -31.6675, y 5.1275, z -227.031
  3684856 (126) module  3, x -34.1975, y 5.5125, z -252.031
  1575921 (38) module  1, x -36.7275, y 5.8975, z -277.031

Track #122, length 9
 17479150 (750) module 16, x -1.0025, y -6.0625, z  0.469
 15383502 (645) module 14, x -1.3325, y -7.8225, z -24.531
 13287597 (533) module 12, x -1.6075, y -9.6375, z -49.531
 11191693 (426) module 10, x -1.8825, y -11.3975, z -74.531
  9098290 (332) module  8, x -2.735, y -16.4025, z -144.281
  7085271 (253) module  6, x -3.5325, y -21.2975, z -212.969
  4986551 (171) module  4, x -3.835, y -23.0575, z -237.969
  2888086 (86) module  2, x -4.1375, y -24.8725, z -262.969
   789622 (0) module  0, x -4.4125, y -26.6325, z -287.969

Track #123, length 9
 16789483 (760) module 16, x 6.2275, y -2.4875, z  1.531
 14688713 (672) module 14, x 8.0975, y -3.2575, z -23.469
 12588198 (560) module 12, x  9.995, y -3.9725, z -48.469
 10487428 (451) module 10, x 11.8925, y -4.7425, z -73.469
  9006047 (362) module  8, x 17.2575, y -6.8875, z -144.281
  6884281 (282) module  6, x  22.51, y -8.9775, z -214.031
  4778923 (202) module  4, x 24.4075, y -9.7475, z -239.031
  2673053 (118) module  2, x 26.2775, y -10.49, z -264.031
   567184 (31) module  0, x 28.1475, y -11.2325, z -289.031

Track #124, length 5
 17454745 (757) module 16, x  4.195, y -10.7375, z  0.469
 15351133 (658) module 14, x 5.56083, y -14.0192, z -24.531
 13247777 (546) module 12, x   6.89, y -17.3375, z -49.531
 11334116 (441) module 10, x 8.1825, y -20.555, z -73.469
  9253942 (353) module  8, x 11.9775, y -30.125, z -143.219

Track #125, length 9
 16799465 (761) module 16, x   6.31, y -0.3425, z  1.531
 14701767 (673) module 14, x 8.2075, y -0.4525, z -23.469
 12604324 (561) module 12, x 10.1325, y -0.5075, z -48.469
 10506625 (452) module 10, x  12.03, y -0.6175, z -73.469
  8407840 (363) module  8, x 17.365, y -0.9475, z -143.219
  6736828 (283) module  6, x 22.7825, y -1.2125, z -214.031
  4640153 (203) module  4, x 24.7075, y -1.3225, z -239.031
  2543478 (119) module  2, x 26.6325, y -1.4325, z -264.031
   446803 (32) module  0, x 28.5575, y -1.5425, z -289.031

Track #126, length 5
 17454590 (758) module 16, x   4.25, y -5.1825, z  0.469
 15351008 (659) module 14, x  5.625, y -6.8325, z -24.531
 13247169 (548) module 12, x 7.0825, y  -8.51, z -49.531
 11143330 (443) module 10, x 8.5125, y -10.2425, z -74.531
  9028426 (355) module  8, x 12.4175, y -15.0825, z -144.281

Track #127, length 9
 16815579 (764) module 16, x   7.08, y 3.1225, z  1.531
 14722740 (675) module 14, x 9.2525, y 4.0575, z -23.469
 12629901 (565) module 12, x 11.3975, y   5.02, z -48.469
 10537318 (458) module 10, x 13.5425, y 5.9825, z -73.469
  8787957 (367) module  8, x 19.6475, y 8.6875, z -144.281
  6678920 (285) module  6, x 25.6425, y 11.3275, z -214.031
  4577377 (205) module  4, x 27.7875, y 12.2625, z -239.031
  2475578 (121) module  2, x 29.9325, y 13.225, z -264.031
   374035 (35) module  0, x 32.0775, y 14.1875, z -289.031

Track #128, length 9
 17440478 (765) module 16, x 7.3025, y -6.915, z  0.469
 15333561 (676) module 14, x  9.475, y -8.9775, z -24.531
 13226387 (567) module 12, x 11.6475, y -11.0675, z -49.531
 11118957 (460) module 10, x 13.8292, y -13.1208, z -74.531
  8993540 (368) module  8, x 19.8975, y -18.9325, z -144.281
  7220890 (286) module  6, x 25.8375, y -24.6525, z -212.969
  5133940 (206) module  4, x 28.0375, y -26.7425, z -237.969
  3046734 (122) module  2, x 30.1825, y -28.8325, z -262.969
   959528 (36) module  0, x 32.355, y -30.9225, z -287.969

Track #129, length 6
 16429995 (740) module 15, x 0.892498, y   9.72, z -12.531
 14334078 (631) module 13, x 1.1675, y 12.2225, z -37.531
 12238161 (527) module 11, x 1.4425, y 14.6975, z -62.531
 10237138 (421) module  9, x 2.19417, y 21.5358, z -131.219
  8136020 (325) module  7, x 3.0375, y 28.5025, z -200.969
  6037544 (249) module  5, x 3.3125, y 30.9225, z -225.969

Track #130, length 4
 15810813 (731) module 15, x -5.2375, y -12.665, z -11.469
 13729253 (614) module 13, x -6.5575, y -15.9925, z -36.469
 11647437 (509) module 11, x -7.8775, y -19.32, z -61.469
  9593227 (399) module  9, x -11.5075, y -28.6425, z -131.219

Track #131, length 8
 16418537 (735) module 15, x -1.5825, y 6.3375, z -12.531
 14319563 (622) module 13, x -1.9675, y 7.9875, z -37.531
 12220589 (517) module 11, x -2.3525, y 9.6375, z -62.531
 10118234 (414) module  9, x -3.4525, y 14.2025, z -132.281
  8015879 (315) module  7, x -4.5525, y 18.7675, z -202.031
  6076137 (239) module  5, x -4.9375, y 20.3075, z -225.969
  3980747 (159) module  3, x -5.3225, y 21.9575, z -250.969
  1885357 (70) module  1, x -5.74417, y 23.5708, z -275.969

Track #132, length 8
 15391478 (641) module 14, x -3.0375, y -5.6225, z -24.531
 13297630 (529) module 12, x -3.7525, y -6.915, z -49.531
 11203783 (423) module 10, x -4.4675, y -8.2075, z -74.531
  9512175 (408) module  9, x -6.0075, y -11.125, z -131.219
  7432141 (308) module  7, x -7.8775, y -14.7825, z -200.969
  5340865 (229) module  5, x -8.5375, y -16.0475, z -225.969
  3249845 (147) module  3, x -9.1975, y -17.3675, z -250.969
  1158313 (60) module  1, x -9.83917, y -18.5958, z -275.969

Track #133, length 6
 15360395 (653) module 14, x 3.6175, y -11.5075, z -24.531
 13261406 (541) module 12, x 4.0025, y -13.955, z -49.531
 11162418 (433) module 10, x 4.3875, y -16.375, z -74.531
  9224118 (341) module  8, x 5.4325, y -23.085, z -143.219
  7131962 (263) module  6, x   6.56, y -29.905, z -212.969
  5036814 (182) module  4, x 6.9725, y -32.3525, z -237.969

Track #134, length 8
 14716914 (662) module 14, x 5.8425, y 2.7925, z -23.469
 12622808 (549) module 12, x  7.245, y 3.4525, z -48.469
 10528959 (444) module 10, x 8.6475, y 4.1675, z -73.469
  8440438 (357) module  8, x 12.635, y 6.0375, z -143.219
  6351918 (277) module  6, x 16.6225, y  7.935, z -212.969
  4258068 (197) module  4, x 18.0525, y 8.6225, z -237.969
  2493431 (114) module  2, x 19.5375, y   9.32, z -264.031
   393437 (27) module  0, x 20.9675, y   9.98, z -289.031

Track #135, length 8
 14713063 (664) module 14, x 6.4475, y 1.9675, z -23.469
 12617931 (553) module 12, x   7.96, y 2.4075, z -48.469
 10523056 (446) module 10, x 9.4725, y 2.9025, z -73.469
  8432227 (358) module  8, x 13.7075, y 4.2775, z -143.219
  6341398 (278) module  6, x 17.9425, y 5.6525, z -212.969
  4605431 (198) module  4, x 19.5375, y 6.1575, z -239.031
  2505691 (115) module  2, x 21.0775, y   6.68, z -264.031
   406463 (28) module  0, x 22.6175, y 7.1475, z -289.031

Track #136, length 4
 14697977 (657) module 14, x   5.43, y -1.2775, z -23.469
 12595627 (558) module 12, x 9.7475, y  -2.35, z -48.469
 10493532 (461) module 10, x 14.065, y -3.4225, z -73.469
  8964329 (376) module  8, x 26.305, y -6.3375, z -144.281

Track #137, length 5
 14761713 (663) module 14, x 5.8975, y 12.555, z -23.469
 12678360 (550) module 12, x 7.2725, y 15.4975, z -48.469
 10594751 (445) module 10, x 8.6475, y  18.44, z -73.469
  8535162 (356) module  8, x 12.4425, y 26.6075, z -143.219
  6475828 (276) module  6, x 16.265, y 34.7475, z -212.969

Track #138, length 4
 14733542 (665) module 14, x  6.475, y 6.3675, z -23.469
 12659081 (566) module 12, x  11.59, y 11.3725, z -48.469
 10585134 (468) module 10, x 16.6225, y 16.3775, z -73.469
  8686890 (379) module  8, x 30.7758, y 30.5592, z -144.281

Track #139, length 7
 15386349 (642) module 14, x -1.9375, y -6.1175, z -24.531
 13291219 (531) module 12, x -2.3775, y -7.5475, z -49.531
 11196089 (424) module 10, x -2.8175, y  -8.95, z -74.531
  9104498 (330) module  8, x -4.0275, y -12.8825, z -144.281
  5347577 (237) module  5, x -5.4575, y -17.4775, z -225.969
  3256817 (156) module  3, x -5.8975, y -18.88, z -250.969
  1166313 (67) module  1, x -6.3375, y -20.2825, z -275.969

Track #140, length 4
 15356908 (655) module 14, x 4.35083, y -6.15417, z -24.531
 13244311 (551) module 12, x 7.6875, y -10.82, z -49.531
 11131971 (448) module 10, x 11.015, y -15.4675, z -74.531
  9291864 (369) module  8, x 20.1175, y -28.255, z -143.219

Track #141, length 7
 14755828 (660) module 14, x 5.71417, y 11.2808, z -23.469
 12670940 (547) module 12, x 7.0525, y 13.9025, z -48.469
 10586052 (442) module 10, x 8.3725, y 16.5425, z -73.469
  8522368 (354) module  8, x 12.0942, y 23.8758, z -143.219
  6459452 (275) module  6, x 15.8525, y 31.2275, z -212.969
  4374307 (196) module  4, x 17.1908, y 33.8492, z -237.969
  2289419 (113) module  2, x 18.5475, y 36.4525, z -262.969

Track #142, length 8
 15384557 (643) module 14, x  -1.58, y -6.1175, z -24.531
 13289171 (532) module 12, x -1.9375, y  -7.52, z -49.531
 11193786 (425) module 10, x -2.3225, y -8.9225, z -74.531
  9101171 (331) module  8, x -3.3125, y -12.8275, z -144.281
  7008556 (252) module  6, x -4.3025, y -16.7325, z -214.031
  4913170 (170) module  4, x -4.6875, y -18.135, z -239.031
  2884088 (84) module  2, x -5.0175, y -19.4825, z -262.969
  1166077 (73) module  1, x  -5.21, y -20.2275, z -275.969

Track #143, length 4
 15367919 (652) module 14, x 2.0225, y  -5.98, z -24.531
 13263517 (540) module 12, x 3.5625, y -10.49, z -49.531
 11159115 (436) module 10, x 5.1025, y    -15, z -74.531
  9241960 (351) module  8, x 9.3925, y -27.4025, z -143.219

Track #144, length 6
 14323188 (623) module 13, x -1.1975, y 5.7325, z -37.531
 12222906 (520) module 11, x -1.8575, y  8.895, z -62.531
 10116635 (412) module  9, x -3.755, y 17.6675, z -132.281
  8176507 (313) module  7, x -5.6525, y 26.3575, z -200.969
  6082370 (234) module  5, x  -6.34, y 29.4925, z -225.969
  3988488 (153) module  3, x -7.0275, y 32.655, z -250.969

Track #145, length 4
 14326236 (625) module 13, x -0.537502, y 7.0525, z -37.531
 12227478 (521) module 11, x -0.8675, y 10.9025, z -62.531
 10255570 (416) module  9, x -1.7475, y 21.545, z -131.219
  8162318 (317) module  7, x -2.6275, y 32.3525, z -200.969

Track #146, length 7
 13634296 (617) module 13, x -5.5125, y 4.5225, z -36.469
 12200954 (514) module 11, x -6.5875, y  5.375, z -62.531
 10091216 (403) module  9, x -9.3925, y  7.685, z -132.281
  7980710 (302) module  7, x -12.225, y 10.0225, z -202.031
  5878934 (222) module  5, x -13.2425, y 10.9025, z -227.031
  3776903 (138) module  3, x -14.26, y 11.7275, z -252.031
  1675127 (49) module  1, x -15.2775, y  12.58, z -277.031

Track #147, length 8
 14337265 (632) module 13, x 1.8275, y 5.8975, z -37.531
 12241883 (528) module 11, x 2.2125, y 7.1075, z -62.531
 10149277 (422) module  9, x   3.23, y 10.5175, z -132.281
  8056928 (327) module  7, x 4.2475, y 13.8725, z -202.031
  5961545 (251) module  5, x 4.6325, y  15.11, z -227.031
  3866163 (169) module  3, x 5.0175, y  16.32, z -252.031
  2198782 (94) module  2, x 5.1825, y 16.845, z -262.969
   107511 (8) module  0, x   5.54, y 18.0825, z -287.969

Track #148, length 7
 13691885 (615) module 13, x -6.1175, y -7.8525, z -36.469
 11601622 (510) module 11, x -7.3825, y -9.4475, z -61.469
  9525397 (400) module  9, x -10.9575, y -13.9575, z -131.219
  7449172 (300) module  7, x -14.5325, y -18.4675, z -200.969
  5359421 (220) module  5, x -15.7975, y -20.0625, z -225.969
  3269670 (136) module  3, x -17.0625, y -21.685, z -250.969
  1179663 (46) module  1, x -18.3275, y -23.28, z -275.969

Track #149, length 4
 14330866 (627) module 13, x 0.452499, y 5.8425, z -37.531
 12234204 (523) module 11, x 0.5625, y 7.0525, z -62.531
 10138014 (418) module  9, x 0.782501, y 10.4625, z -132.281
  8042596 (322) module  7, x 1.1675, y 13.6525, z -202.031

Track #150, length 5
 13282523 (534) module 12, x -0.5075, y -7.1075, z -49.531
 11186339 (428) module 10, x -0.727501, y -10.1875, z -74.531
  9091847 (335) module  8, x -1.3325, y -18.74, z -144.281
  7093355 (258) module  6, x -1.7725, y -27.21, z -212.969
  4995379 (176) module  4, x -1.9375, y -30.3175, z -237.969

Track #151, length 7
 12585925 (555) module 12, x 8.3175, y  -4.44, z -48.469
 11137276 (447) module 10, x 9.9425, y -5.2925, z -74.531
  9019601 (359) module  8, x 14.3425, y  -7.63, z -144.281
  6901927 (279) module  6, x 18.7425, y -9.9675, z -214.031
  4797336 (199) module  4, x  20.31, y -10.7925, z -239.031
  2693001 (116) module  2, x 21.8775, y -11.6175, z -264.031
   588921 (29) module  0, x 23.4725, y -12.4975, z -289.031

Track #152, length 7
 12647934 (542) module 12, x 5.1825, y 8.8425, z -48.469
 10558188 (437) module 10, x 6.1725, y 10.5475, z -73.469
  8482745 (349) module  8, x   8.95, y 15.2225, z -143.219
  6407303 (271) module  6, x 11.7275, y 19.8975, z -212.969
  4317813 (193) module  4, x  12.69, y 21.5475, z -237.969
  2228067 (110) module  2, x 13.6708, y 23.2433, z -262.969
   138578 (23) module  0, x 14.6425, y 24.9025, z -287.969

Track #153, length 5
 13278939 (536) module 12, x 0.262501, y -7.1075, z -49.531
 11181219 (430) module 10, x 0.372501, y -10.16, z -74.531
  9082633 (338) module  8, x 0.647499, y -18.6575, z -144.281
  7105648 (259) module  6, x 0.8675, y -26.9625, z -212.969
  5008697 (177) module  4, x 0.9225, y -29.9875, z -237.969

Track #154, length 7
 12631804 (543) module 12, x 5.2925, y 5.3775, z -48.469
 10539242 (438) module 10, x 6.2825, y  6.395, z -73.469
  8455095 (350) module  8, x 9.0875, y 9.2825, z -143.219
  6370949 (272) module  6, x 11.8375, y 12.115, z -212.969
  4278643 (194) module  4, x 12.8275, y 13.1325, z -237.969
  2186081 (111) module  2, x 13.8175, y  14.15, z -262.969
    93775 (24) module  0, x 14.8075, y 15.1675, z -287.969

Track #155, length 6
 11544544 (512) module 11, x -6.8325, y 2.9275, z -61.469
 10071024 (397) module  9, x -13.71, y 5.9525, z -132.281
  7942330 (295) module  7, x -20.4842, y 8.88583, z -202.031
  5833896 (214) module  5, x -22.895, y 9.9125, z -227.031
  3725973 (128) module  3, x -25.3425, y 10.9575, z -252.031
  1617537 (42) module  1, x -27.7625, y 12.0575, z -277.031

Track #156, length 6
 12221940 (518) module 11, x -2.0775, y 5.7325, z -62.531
 10119873 (415) module  9, x -3.1225, y 8.5375, z -132.281
  8017807 (316) module  7, x -4.1675, y 11.2875, z -202.031
  5918844 (240) module  5, x -4.5525, y 12.305, z -227.031
  3819882 (160) module  3, x -4.9375, y 13.3225, z -252.031
  1720920 (72) module  1, x -5.3225, y 14.3125, z -277.031

Track #157, length 6
 11573247 (516) module 11, x -5.1275, y -3.2325, z -61.469
  9482963 (406) module  9, x -7.5475, y -4.745, z -131.219
  7392935 (306) module  7, x  -9.94, y -6.2575, z -200.969
  5298327 (226) module  5, x -10.82, y -6.8075, z -225.969
  3203720 (144) module  3, x -11.6725, y -7.385, z -250.969
  1109368 (55) module  1, x -12.5525, y -7.9625, z -275.969

Track #158, length 6
 11166179 (432) module 10, x 3.6175, y -6.6675, z -74.531
  9054590 (346) module  8, x   6.67, y -12.2225, z -144.281
  6943768 (270) module  6, x 9.7225, y -17.805, z -214.031
  5054196 (190) module  4, x 10.7675, y -19.7025, z -237.969
  2962127 (107) module  2, x 11.8675, y -21.71, z -262.969
   870059 (21) module  0, x 12.9675, y -23.69, z -287.969

Track #159, length 6
 10489148 (466) module 10, x 15.8525, y -4.3575, z -73.469
  8997609 (366) module  8, x 19.0725, y -6.3375, z -144.281
  6885574 (281) module  6, x 22.2625, y -8.2625, z -214.031
  4783545 (201) module  4, x 23.4175, y -8.9775, z -239.031
  2681005 (117) module  2, x 24.545, y -9.6375, z -264.031
   578720 (30) module  0, x 25.6725, y -10.3525, z -289.031

Track #160, length 6
 11186426 (427) module 10, x -0.727501, y -5.4025, z -74.531
  9092007 (336) module  8, x -1.3325, y -9.9675, z -144.281
  6997587 (257) module  6, x -1.9375, y -14.5875, z -214.031
  4901173 (175) module  4, x -2.1025, y -16.2375, z -239.031
  2804759 (90) module  2, x -2.295, y -17.8875, z -264.031
   798968 (4) module  0, x -2.4325, y -19.4825, z -287.969

Track #161, length 5
  9445614 (407) module  9, x -6.035, y 3.3125, z -131.219
  7343821 (309) module  7, x -7.8775, y 4.3025, z -200.969
  5245121 (230) module  5, x  -8.51, y 4.6325, z -225.969
  3146166 (148) module  3, x -9.1425, y 5.0175, z -250.969
  1700603 (61) module  1, x -9.8325, y 5.3475, z -277.031

Track #162, length 5
  9498564 (404) module  9, x -8.3725, y   -8.1, z -131.219
  7419768 (301) module  7, x -12.5525, y -12.1425, z -200.969
  5329244 (221) module  5, x -14.0925, y -13.5725, z -225.969
  3238977 (137) module  3, x -15.5775, y -15.0575, z -250.969
  1148454 (48) module  1, x -17.0625, y -16.4875, z -275.969

Track #163, length 5
  9467633 (409) module  9, x -5.86083, y -1.45417, z -131.219
  7372751 (310) module  7, x -7.7675, y -1.9125, z -200.969
  5276355 (231) module  5, x -8.4275, y -2.0775, z -225.969
  3179958 (149) module  3, x -9.115, y -2.2425, z -250.969
  1083562 (62) module  1, x -9.8025, y -2.4075, z -275.969

Track #164, length 5
 10116577 (411) module  9, x -3.8375, y 6.7775, z -132.281
  8013497 (314) module  7, x -5.1025, y 8.9775, z -202.031
  5914282 (236) module  5, x -5.5425, y  9.775, z -227.031
  3815068 (155) module  3, x -5.9825, y 10.5725, z -252.031
  1715854 (66) module  1, x -6.4225, y 11.3425, z -277.031

Track #165, length 5
  9439225 (410) module  9, x -5.4575, y 4.6875, z -131.219
  7998940 (307) module  7, x -8.2375, y 7.0525, z -202.031
  5897676 (228) module  5, x -9.2275, y  7.905, z -227.031
  3795901 (146) module  3, x -10.19, y 8.7575, z -252.031
  1694382 (57) module  1, x -11.1525, y 9.5825, z -277.031

Track #166, length 5
  9499818 (402) module  9, x -9.8025, y -8.3475, z -131.219
  7421266 (299) module  7, x -14.6425, y -12.4725, z -200.969
  5330994 (219) module  5, x -16.4025, y -13.9575, z -225.969
  3240722 (134) module  3, x -18.135, y -15.47, z -250.969
  1409519 (44) module  1, x -19.9775, y -17.02, z -277.031

Track #167, length 5
  9071094 (340) module  8, x 3.1775, y -5.6225, z -144.281
  6969302 (260) module  6, x 4.1675, y -7.355, z -214.031
  4870603 (178) module  4, x 4.4975, y -7.9875, z -239.031
  2771648 (93) module  2, x 4.8825, y -8.5925, z -264.031
   672949 (7) module  0, x 5.2125, y -9.1975, z -289.031

Track #168, length 5
  9058747 (344) module  8, x 5.8175, y -8.8675, z -144.281
  6949233 (268) module  6, x 8.4575, y -12.9375, z -214.031
  4848215 (189) module  4, x 9.3925, y -14.3675, z -239.031
  2746684 (104) module  2, x 10.3275, y -15.8525, z -264.031
   645154 (16) module  0, x 11.2625, y -17.2825, z -289.031

Track #169, length 5
  8413687 (342) module  8, x 5.5675, y 0.2625, z -143.219
  6317485 (269) module  6, x 9.6375, y 0.4825, z -212.969
  4220818 (191) module  4, x 11.095, y 0.5925, z -237.969
  2123896 (108) module  2, x 12.5525, y 0.6475, z -262.969
    27229 (22) module  0, x 14.0375, y 0.7575, z -287.969

Track #170, length 5
  9098204 (333) module  8, x -2.6525, y -7.0525, z -144.281
  7004853 (254) module  6, x -3.4775, y -9.1975, z -214.031
  4908967 (172) module  4, x -3.7525, y -9.9675, z -239.031
  2813081 (87) module  2, x -4.0275, y -10.7375, z -264.031
   717195 (1) module  0, x -4.3025, y -11.5075, z -289.031

Track #171, length 5
  8406515 (343) module  8, x 5.7875, y -1.2775, z -143.219
  6307540 (266) module  6, x  7.465, y -1.6625, z -212.969
  4209610 (184) module  4, x 8.0425, y   -1.8, z -237.969
  2111935 (99) module  2, x 8.6475, y -1.9375, z -262.969
    14004 (13) module  0, x 9.2525, y -2.075, z -287.969

Track #172, length 5
  9096414 (334) module  8, x -2.295, y -6.9425, z -144.281
  7002551 (255) module  6, x  -3.01, y -9.0875, z -214.031
  4906665 (173) module  4, x -3.2575, y -9.8575, z -239.031
  2810779 (88) module  2, x -3.5325, y -10.6275, z -264.031
   714637 (2) module  0, x -3.7525, y -11.3975, z -289.031

Track #173, length 5
  8419568 (345) module  8, x 5.9525, y 1.5275, z -143.219
  6324430 (267) module  6, x  7.795, y 1.9675, z -212.969
  4228034 (186) module  4, x 8.4825, y 2.1325, z -237.969
  2131638 (100) module  2, x 9.1425, y 2.2975, z -262.969
    35242 (14) module  0, x 9.8025, y 2.4625, z -287.969

Track #174, length 4
  7368083 (303) module  7, x -11.0675, y -0.9225, z -200.969
  5271680 (223) module  5, x -12.1125, y -1.0875, z -225.969
  3174764 (139) module  3, x -13.185, y  -1.17, z -250.969
  1078360 (50) module  1, x -14.3125, y -1.3075, z -275.969

Track #175, length 4
  7374565 (311) module  7, x -6.5575, y -2.2975, z -200.969
  5278171 (233) module  5, x -7.1075, y -2.4625, z -225.969
  3182033 (152) module  3, x -7.6575, y -2.6825, z -250.969
  1085639 (64) module  1, x -8.2075, y -2.8475, z -275.969

Track #176, length 4
  8034677 (320) module  7, x -0.537502, y  12.69, z -202.031
  5937250 (244) module  5, x -0.592499, y 13.7625, z -227.031
  3839566 (164) module  3, x -0.702499, y 14.8625, z -252.031
  1741882 (78) module  1, x -0.785, y 15.9625, z -277.031

Track #177, length 4
  7483963 (296) module  7, x -15.88, y -26.0575, z -200.969
  5393941 (215) module  5, x -17.97, y -27.5975, z -225.969
  3450605 (131) module  3, x -20.06, y -29.2025, z -252.031
  1345993 (43) module  1, x -22.0675, y -30.7975, z -277.031

Track #178, length 4
  7368087 (304) module  7, x -10.82, y  -0.95, z -200.969
  5271690 (224) module  5, x -11.5625, y -1.0875, z -225.969
  3175293 (141) module  3, x -12.2775, y  -1.28, z -250.969
  1079153 (52) module  1, x -12.9375, y -1.4725, z -275.969

Track #179, length 4
  8035703 (321) module  7, x -0.317501, y 12.6075, z -202.031
  5938533 (245) module  5, x -0.317501, y 13.5975, z -227.031
  3841362 (165) module  3, x -0.317501, y 14.615, z -252.031
  1743935 (79) module  1, x -0.372501, y 15.6875, z -277.031

Track #180, length 4
  7964069 (297) module  7, x -15.8275, y  10.05, z -202.031
  5860502 (216) module  5, x -17.2025, y 10.9025, z -227.031
  3756935 (133) module  3, x -18.55, y 11.7275, z -252.031
  1653623 (45) module  1, x -19.8975, y 12.6075, z -277.031

Track #181, length 4
  8029434 (318) module  7, x -1.6925, y 5.4025, z -202.031
  5931505 (243) module  5, x -1.8575, y 5.8975, z -227.031
  3833576 (163) module  3, x -1.995, y 6.3925, z -252.031
  1735904 (76) module  1, x -2.1325, y 6.8325, z -277.031

Track #182, length 4
  7429607 (312) module  7, x -6.4475, y -14.26, z -200.969
  5343189 (232) module  5, x -7.4375, y -16.57, z -225.969
  3256516 (151) module  3, x -8.3725, y -18.825, z -250.969
  1170098 (63) module  1, x -9.3625, y -21.1075, z -275.969

Track #183, length 4
  7001332 (256) module  6, x -2.7075, y -5.7325, z -214.031
  4905195 (174) module  4, x -2.9275, y -6.2275, z -239.031
  2809058 (89) module  2, x -3.1475, y -6.695, z -264.031
   712922 (3) module  0, x -3.3675, y -7.1625, z -289.031

Track #184, length 4
  6337521 (262) module  6, x 5.8975, y 4.7725, z -212.969
  4242152 (179) module  4, x 6.3925, y  5.185, z -237.969
  2147039 (96) module  2, x 6.8875, y 5.5975, z -262.969
    51670 (10) module  0, x 7.3825, y 5.9825, z -287.969

Track #185, length 4
  7174652 (274) module  6, x 15.7725, y -19.2625, z -212.969
  5082848 (195) module  4, x 16.9275, y -20.8025, z -237.969
  2990788 (112) module  2, x 18.0275, y -22.315, z -262.969
   898984 (25) module  0, x 19.1825, y -23.8825, z -287.969

Track #186, length 4
  6889718 (280) module  6, x 21.3825, y -5.6225, z -214.031
  4776671 (204) module  4, x 24.9025, y -6.8875, z -239.031
  2663112 (120) module  2, x 28.4225, y -8.125, z -264.031
   549554 (34) module  0, x 31.9425, y -9.3625, z -289.031

Track #187, length 4
  6333681 (261) module  6, x 5.8975, y 3.9475, z -212.969
  4238565 (180) module  4, x 6.5575, y  4.415, z -237.969
  2143706 (97) module  2, x 7.1625, y 4.8825, z -262.969
    48590 (11) module  0, x 7.8225, y 5.3225, z -287.969

Track #188, length 4
  6339957 (273) module  6, x 12.7175, y   5.35, z -212.969
  4260222 (192) module  4, x 12.2225, y 9.1725, z -237.969
  2180486 (106) module  2, x 11.755, y 12.9125, z -262.969
   100751 (17) module  0, x 11.2875, y  16.68, z -287.969

Track #189, length 4
  6297316 (264) module  6, x 6.6125, y -3.8625, z -212.969
  4198102 (183) module  4, x 7.3825, y -4.3025, z -237.969
  2098632 (98) module  2, x  8.125, y -4.7975, z -262.969
   655868 (12) module  0, x 8.8975, y -5.2925, z -289.031

Track #190, length 4
  6313688 (265) module  6, x  7.245, y -0.3425, z -212.969
  4216261 (185) module  4, x 8.3175, y -0.3975, z -237.969
  2118833 (101) module  2, x 9.4175, y -0.425, z -262.969
    21661 (15) module  0, x 10.5175, y -0.4525, z -287.969

Track #191, length 3
 54371437 (1724) module 51, x -18.1375, y   27.1, z 751.531
 52268405 (1679) module 49, x -16.8725, y 26.6875, z 706.531
 50165628 (1635) module 47, x -15.6625, y 26.275, z 661.531

Track #192, length 3
 53115120 (1694) module 50, x 2.3525, y -5.9525, z 738.469
 51018743 (1651) module 48, x 2.1875, y -5.5675, z 693.469
 48922366 (1608) module 46, x 2.0225, y -5.155, z 648.469

Track #193, length 3
 52489960 (1696) module 50, x 6.3925, y 8.0175, z 739.531
 50390256 (1653) module 48, x 5.9525, y 7.4675, z 694.531
 48290552 (1610) module 46, x 5.5125, y  6.945, z 649.531

Track #194, length 3
 30825060 (1163) module 29, x -27.6042, y -4.96583, z 162.469
 28351232 (1108) module 27, x -19.1525, y -3.4525, z 138.531
 26246815 (1059) module 25, x -10.38, y -1.8575, z 113.531

Track #195, length 3
 26765630 (1050) module 25, x -31.53, y 15.7425, z 112.469
 24703363 (1002) module 23, x -24.05, y 11.9475, z 87.469
 22640839 (946) module 21, x -16.5242, y 8.17083, z 62.469

Track #196, length 3
 27006413 (1073) module 25, x 3.9175, y  21.82, z 113.531
 24826195 (1022) module 23, x 2.5425, y  14.56, z 87.469
 22723025 (968) module 21, x 1.25917, y 7.63917, z 62.469

Track #197, length 3
 26114929 (1047) module 24, x 30.0908, y -26.8892, z 101.531
 23980788 (999) module 22, x 22.0058, y -19.6842, z 76.531
 21605758 (934) module 20, x 13.6092, y -12.1858, z 50.469

Track #198, length 3
 23729396 (988) module 22, x 7.83417, y -5.69583, z 75.469
 21593991 (936) module 20, x  16.13, y -11.7275, z 50.469
 19458585 (866) module 18, x 24.4258, y -17.7592, z 25.469

Track #199, length 3
 22069199 (955) module 21, x  -7.74, y  -5.46, z 63.531
 20002340 (880) module 19, x -17.1542, y -12.1058, z 38.531
 18177392 (798) module 17, x -26.935, y    -19, z 12.469

Track #200, length 3
 21017971 (933) module 20, x 12.7863, y 4.89625, z 51.531
 19272888 (865) module 18, x 22.975, y 8.8525, z 25.469
 17158407 (792) module 16, x 32.7192, y 12.6108, z  0.469

Track #201, length 3
 19942731 (883) module 19, x -15.0275, y 0.8265, z 38.531
 18269363 (801) module 17, x -23.25, y 0.827499, z 12.469
 16172068 (704) module 15, x -31.115, y 0.827499, z -12.531

Track #202, length 3
 18986482 (840) module 18, x 5.82417, y 19.0908, z 26.531
 16918735 (768) module 16, x 7.7675, y 25.535, z  1.531
 14852012 (678) module 14, x  9.665, y 32.0525, z -23.469

Track #203, length 3
 18890728 (845) module 18, x 6.3925, y -1.6075, z 26.531
 16790453 (775) module 16, x   9.17, y -2.2675, z  1.531
 14689923 (685) module 14, x 11.9475, y -2.9825, z -23.469

Track #204, length 3
 16415996 (734) module 15, x -2.1325, y  5.265, z -12.531
 14306953 (620) module 13, x -4.62583, y 11.5992, z -37.531
 12198166 (511) module 11, x -7.1375, y 17.9425, z -62.531

Track #205, length 3
 15352672 (656) module 14, x 5.2675, y -13.8725, z -24.531
 13250086 (545) module 12, x 6.4225, y -17.0625, z -49.531
 11331309 (439) module 10, x 7.5775, y -20.0875, z -73.469

Track #206, length 3
 14726795 (682) module 14, x  11.48, y 4.9375, z -23.469
 12980702 (582) module 12, x 20.885, y 9.0175, z -49.531
 10865721 (484) module 10, x 29.9692, y 12.8858, z -74.531

Track #207, length 3
 15340671 (671) module 14, x 7.83417, y -12.1308, z -24.531
 13208127 (578) module 12, x 15.5342, y -15.6508, z -49.531
 11075584 (478) module 10, x  23.17, y -19.1525, z -74.531

Track #208, length 3
 14288295 (611) module 13, x -8.6775, y 9.9675, z -37.531
 12163399 (501) module 11, x  -14.7, y 15.2475, z -62.531
 10391102 (384) module  9, x -31.1542, y 29.6758, z -131.219

Track #209, length 3
 13658841 (613) module 13, x  -7.19, y -0.7575, z -36.469
 11563408 (507) module 11, x -11.2325, y -1.1425, z -61.469
  9866427 (388) module  9, x -22.81, y -2.225, z -132.281

Track #210, length 3
 13711269 (609) module 13, x -10.0775, y -12.17, z -36.469
 11645503 (499) module 11, x -15.66, y -18.9075, z -61.469
  9700381 (383) module  9, x -31.5092, y -38.0758, z -132.281

Track #211, length 3
 12620993 (556) module 12, x   8.51, y 3.0675, z -48.469
 10530173 (454) module 10, x 12.2775, y 4.4425, z -73.469
  8789433 (372) module  8, x 22.9475, y   8.33, z -144.281

Track #212, length 3
 12594858 (559) module 12, x 9.8025, y -2.5425, z -48.469
 10500433 (463) module 10, x 14.6975, y -1.9375, z -73.469
  8829006 (377) module  8, x 28.8325, y -0.1675, z -144.281

Track #213, length 3
 13265798 (539) module 12, x 3.03083, y -11.7642, z -49.531
 11162155 (434) module 10, x  4.415, y -16.76, z -74.531
  9236783 (348) module  8, x 8.1825, y -30.51, z -143.219

Track #214, length 3
 10079441 (398) module  9, x -11.9225, y 7.6575, z -132.281
  7966116 (298) module  7, x -15.3875, y 10.1325, z -202.031
  5863060 (217) module  5, x -16.6525, y 11.0125, z -227.031

Track #215, length 3
  8132084 (326) module  7, x 3.9175, y 19.675, z -200.969
  6042283 (248) module  5, x 2.3225, y 23.7175, z -225.969
  3952736 (166) module  3, x 0.6725, y 27.815, z -250.969

