Track #0, length 10
 54067377 (1648) module 51, x -23.17, y   9.39, z 750.469
 51977148 (1597) module 49, x -21.6575, y  8.785, z 705.469
 49886919 (1543) module 47, x -20.1725, y   8.18, z 660.469
 47796691 (1490) module 45, x -18.6875, y 7.5475, z 615.469
 45717744 (1435) module 43, x -14.755, y 5.9525, z 496.921
 42993545 (1374) module 41, x -11.6175, y 4.6875, z 402.473
 40901304 (1311) module 39, x -9.0325, y 3.6425, z 325.525
 38808029 (1257) module 37, x -6.9975, y 2.8175, z 263.531
 36712428 (1194) module 35, x -6.145, y 2.4875, z 238.531
 34616828 (1135) module 33, x -5.2925, y 2.1575, z 213.531

Track #1, length 9
 54100645 (1653) module 51, x -15.9925, y  10.05, z 750.469
 52007856 (1601) module 49, x -15.03, y  9.445, z 705.469
 49915323 (1547) module 47, x -14.0675, y   8.84, z 660.469
 47822534 (1495) module 45, x -13.1325, y  8.235, z 615.469
 45736931 (1440) module 43, x -10.6575, y   6.64, z 496.921
 43648763 (1379) module 41, x -8.6225, y 5.3475, z 401.411
 40898012 (1315) module 39, x -7.025, y 4.3575, z 325.525
 38804724 (1261) module 37, x -5.7325, y 3.5325, z 263.531
 36709118 (1198) module 35, x -5.1825, y 3.2025, z 238.531

Track #2, length 13
 54336782 (1659) module 51, x -10.7125, y 32.3525, z 751.531
 52236593 (1607) module 49, x -10.0525, y 30.4275, z 706.531
 50136660 (1553) module 47, x -9.4475, y 28.5025, z 661.531
 48036983 (1501) module 45, x -8.7875, y 26.5775, z 616.531
 45932244 (1447) module 43, x -7.1375, y 21.4625, z 497.982
 43661601 (1385) module 41, x  -5.79, y 17.3375, z 401.411
 41569629 (1321) module 39, x -4.7175, y 14.0375, z 324.463
 39476365 (1262) module 37, x -3.8925, y 11.3975, z 262.469
 37381025 (1199) module 35, x -3.5075, y 10.2975, z 237.469
 35285428 (1137) module 33, x -3.1775, y 9.2525, z 212.469
 33189832 (1080) module 31, x -2.8475, y 8.1525, z 187.469
 31094235 (1022) module 29, x  -2.49, y 7.1075, z 162.469
 28998894 (948) module 27, x -2.1325, y  6.035, z 137.469

Track #3, length 7
 54176411 (1667) module 51, x 0.397499, y   10.6, z 750.469
 52079014 (1613) module 49, x 0.342499, y 10.0225, z 705.469
 49981872 (1559) module 47, x 0.342499, y  9.445, z 660.469
 47884475 (1506) module 45, x 0.287498, y 8.8675, z 615.469
 45786838 (1452) module 43, x 0.177498, y 7.3825, z 496.921
 43689452 (1390) module 41, x 0.122498, y 6.1725, z 401.411
 41592318 (1325) module 39, x 0.122498, y 5.1825, z 324.463

Track #4, length 13
 54023465 (1645) module 51, x -32.6575, y  16.87, z 750.469
 51935548 (1594) module 49, x -30.6775, y 15.8525, z 705.469
 49847630 (1539) module 47, x -28.6975, y 14.8625, z 660.469
 47759456 (1487) module 45, x -26.7725, y 13.845, z 615.469
 45685905 (1433) module 43, x -21.6025, y 11.1775, z 496.921
 43607991 (1372) module 41, x -17.4775, y   9.06, z 401.411
 41526487 (1309) module 39, x -14.1225, y 7.3275, z 324.463
 39441904 (1254) module 37, x -11.4275, y 5.9525, z 262.469
 37349626 (1192) module 35, x -10.3825, y 5.4025, z 237.469
 34604210 (1133) module 33, x -9.335, y 4.8525, z 213.531
 32509638 (1078) module 31, x -8.2625, y 4.3025, z 188.531
 30415065 (1019) module 29, x -7.2175, y 3.7525, z 163.531
 28320493 (944) module 27, x -6.1175, y  3.175, z 138.531

Track #5, length 10
 54391510 (1649) module 51, x -22.4275, y 21.3525, z 751.531
 52287472 (1598) module 49, x -20.9425, y 19.9225, z 706.531
 49889803 (1544) module 47, x -19.485, y 18.5475, z 660.469
 47799589 (1491) module 45, x -18.0275, y 17.1175, z 615.469
 45720168 (1437) module 43, x -14.205, y 13.4325, z 496.921
 43637661 (1375) module 41, x -11.0975, y 10.5175, z 401.411
 41551304 (1312) module 39, x -8.6775, y 8.1525, z 324.463
 39463402 (1258) module 37, x -6.6975, y 6.2825, z 262.469
 37369847 (1195) module 35, x -5.9275, y   5.54, z 237.469
 34604542 (1136) module 33, x -5.155, y 4.7975, z 213.531

Track #6, length 7
 54106098 (1654) module 51, x -14.8192, y 5.82417, z 750.469
 52013561 (1602) module 49, x -13.8475, y 5.4575, z 705.469
 49283186 (1548) module 47, x -12.8825, y 5.0725, z 661.531
 47187843 (1497) module 45, x -11.9475, y 4.6875, z 616.531
 45095346 (1443) module 43, x -9.3625, y 3.6975, z 497.982
 43001814 (1381) module 41, x -7.355, y 2.9275, z 402.473
 40907764 (1318) module 39, x -5.7325, y 2.2675, z 325.525

Track #7, length 12
 53616553 (1660) module 51, x -9.8575, y -25.04, z 751.531
 51512500 (1608) module 49, x -9.2525, y -23.555, z 706.531
 49408958 (1554) module 47, x -8.7025, y -22.0425, z 661.531
 47304905 (1502) module 45, x -8.0975, y -20.5575, z 616.531
 45189604 (1449) module 43, x -6.6125, y -16.6525, z 497.982
 43077882 (1387) module 41, x -5.4025, y -13.5175, z 402.473
 40562589 (1271) module 38, x -4.1925, y -10.5175, z 312.463
 38461634 (1212) module 36, x -3.395, y -8.4825, z 250.469
 36363217 (1150) module 34, x -3.0925, y  -7.63, z 225.469
 34264544 (1093) module 32, x -2.7625, y -6.805, z 200.469
 32165872 (1035) module 30, x -2.4325, y -5.9525, z 175.469
 30067199 (962) module 28, x -2.1025, y -5.1275, z 150.469

Track #8, length 7
 54180143 (1668) module 51, x 1.2225, y 16.5675, z 750.469
 52082499 (1614) module 49, x   1.14, y 15.4675, z 705.469
 49985110 (1560) module 47, x 1.0575, y 14.4225, z 660.469
 47887721 (1507) module 45, x 1.0025, y 13.3775, z 615.469
 45789852 (1453) module 43, x 0.837498, y 10.545, z 496.921
 43691974 (1391) module 41, x 0.672501, y 8.2625, z 401.411
 41594087 (1326) module 39, x 0.5075, y 6.4475, z 324.463

Track #9, length 15
 53869935 (1647) module 51, x -27.0175, y -10.2275, z 750.469
 51774858 (1595) module 49, x -25.5325, y  -9.65, z 705.469
 49680292 (1540) module 47, x -24.1025, y -9.1275, z 660.469
 47585726 (1488) module 45, x -22.6725, y  -8.55, z 615.469
 45145605 (1434) module 43, x -18.8775, y -7.1375, z 497.982
 43043134 (1373) module 41, x -15.7425, y -5.9825, z 402.473
 40941675 (1310) module 39, x -13.2675, y -5.0475, z 325.525
 38840976 (1255) module 37, x -11.2325, y -4.2775, z 263.531
 36742302 (1191) module 35, x -10.4625, y -3.975, z 238.531
 34643885 (1132) module 33, x -9.6375, y -3.6725, z 213.531
 32545212 (1076) module 31, x -8.8125, y -3.3425, z 188.531
 30446794 (1017) module 29, x -8.0425, y -3.0675, z 163.531
 28348121 (940) module 27, x -7.2175, y -2.7375, z 138.531
 26249447 (862) module 25, x -6.42917, y -2.42583, z 113.531
 24151030 (789) module 23, x -5.6225, y -2.1325, z 88.531

Track #10, length 7
 54106814 (1655) module 51, x -14.6725, y  8.675, z 750.469
 52013768 (1603) module 49, x -13.765, y 8.1525, z 705.469
 49920977 (1549) module 47, x -12.8575, y   7.63, z 660.469
 47827931 (1496) module 45, x -11.9775, y 7.1075, z 615.469
 45742070 (1442) module 43, x -9.5575, y 5.6225, z 496.921
 42994644 (1380) module 41, x -7.4925, y 4.4675, z 402.473
 40901875 (1317) module 39, x -5.7875, y 3.5325, z 325.525

Track #11, length 11
 54341444 (1657) module 51, x -11.7025, y 29.355, z 751.531
 52240743 (1605) module 49, x -10.96, y 27.4575, z 706.531
 50140298 (1551) module 47, x -10.2175, y 25.5325, z 661.531
 48039596 (1499) module 45, x -9.4475, y 23.635, z 616.531
 45751050 (1446) module 43, x -7.4675, y 18.6025, z 496.921
 43661652 (1384) module 41, x -5.8175, y 14.5325, z 401.411
 41570447 (1322) module 39, x -4.5525, y 11.2875, z 324.463
 39478206 (1263) module 37, x -3.5075, y 8.7025, z 262.469
 37382865 (1200) module 35, x -3.1225, y 7.6575, z 237.469
 35287780 (1138) module 33, x -2.6825, y  6.585, z 212.469
 33192695 (1081) module 31, x -2.2425, y   5.54, z 187.469

Track #12, length 6
 53485742 (1661) module 51, x -9.5825, y 3.3125, z 751.531
 51389367 (1609) module 49, x -9.0875, y   3.12, z 706.531
 49293248 (1555) module 47, x -8.5925, y 2.9275, z 661.531
 47196874 (1503) module 45, x -8.0425, y 2.7625, z 616.531
 45101794 (1448) module 43, x -6.7225, y 2.3225, z 497.982
 43006454 (1386) module 41, x -5.6225, y 1.9375, z 402.473

Track #13, length 5
 54141626 (1663) module 51, x -7.0825, y  8.895, z 750.469
 52046533 (1611) module 49, x -6.6425, y 8.3175, z 705.469
 49951439 (1557) module 47, x -6.16583, y 7.73083, z 660.469
 47856602 (1505) module 45, x -5.7075, y 7.1625, z 615.469
 45765109 (1450) module 43, x -4.4975, y   5.65, z 496.921

Track #14, length 6
 54196388 (1669) module 51, x 4.6875, y 10.1325, z 750.469
 52097967 (1615) module 49, x 4.4125, y 9.5275, z 705.469
 49999546 (1561) module 47, x 4.1375, y 8.9225, z 660.469
 47901125 (1508) module 45, x 3.8625, y 8.3175, z 615.469
 45800417 (1455) module 43, x   3.12, y   6.75, z 496.921
 43700729 (1394) module 41, x 2.5425, y 5.4575, z 401.411

Track #15, length 9
 53778532 (1646) module 51, x -27.6042, y -29.9358, z 750.469
 51691406 (1596) module 49, x -25.285, y -27.8275, z 705.469
 49604024 (1542) module 47, x -23.0025, y -25.71, z 660.469
 47516386 (1489) module 45, x -20.6925, y -23.5925, z 615.469
 45196371 (1436) module 43, x -14.5875, y -18.1375, z 497.982
 43078569 (1378) module 41, x -9.8575, y -13.6825, z 402.473
 40964591 (1316) module 39, x -6.0075, y -10.0525, z 325.525
 38456806 (1213) module 36, x -2.3225, y -6.5025, z 250.469
 36354044 (1151) module 34, x  -1.14, y -5.2925, z 225.469

Track #16, length 9
 53860842 (1652) module 51, x -20.225, y -12.2075, z 750.469
 51456516 (1600) module 49, x -18.9325, y -11.4275, z 706.531
 49355547 (1545) module 47, x -17.6675, y -10.63, z 661.531
 47254835 (1493) module 45, x -16.3475, y -9.8325, z 616.531
 45148530 (1438) module 43, x -12.8825, y -7.7425, z 497.982
 43043748 (1376) module 41, x -10.1325, y -6.0925, z 402.473
 40940237 (1313) module 39, x -7.8775, y -4.7175, z 325.525
 38837998 (1259) module 37, x -6.0625, y -3.645, z 263.531
 36738811 (1196) module 35, x -5.3475, y -3.205, z 238.531

Track #17, length 7
 54108310 (1656) module 51, x -14.3425, y 10.9025, z 750.469
 52015267 (1604) module 49, x -13.4258, y 10.1508, z 705.469
 49922481 (1550) module 47, x  -12.5, y 9.4175, z 660.469
 47829694 (1498) module 45, x -11.5925, y 8.7025, z 615.469
 45744096 (1444) module 43, x  -9.09, y 6.8325, z 496.921
 43655675 (1382) module 41, x -7.1375, y 5.3475, z 401.411
 40898807 (1319) module 39, x -5.5675, y 4.1925, z 325.525

Track #18, length 5
 53486997 (1658) module 51, x -10.9575, y   3.01, z 751.531
 51390626 (1606) module 49, x -10.2425, y  2.845, z 706.531
 49294511 (1552) module 47, x -9.5275, y 2.6525, z 661.531
 47198140 (1500) module 45, x -8.8125, y 2.4875, z 616.531
 45101794 (1448) module 43, x -6.7225, y 2.3225, z 497.982

Track #19, length 4
 54137554 (1662) module 51, x -7.9625, y 7.6025, z 750.469
 52042972 (1610) module 49, x -7.4125, y 7.0525, z 705.469
 49948133 (1556) module 47, x -6.9175, y 6.5575, z 660.469
 47853550 (1504) module 45, x -6.3675, y 6.0625, z 615.469

Track #20, length 12
 53114136 (1618) module 50, x 2.5175, y -17.8325, z 738.469
 51017513 (1563) module 48, x 2.4075, y -16.8975, z 693.469
 48920890 (1510) module 46, x   2.27, y -15.9625, z 648.469
 46824523 (1458) module 44, x 2.1325, y    -15, z 603.469
 44728953 (1398) module 42, x 1.8025, y -12.4975, z 484.921
 42633118 (1332) module 40, x    1.5, y -10.4625, z 389.411
 40537019 (1272) module 38, x 1.3075, y  -8.84, z 312.463
 38440660 (1214) module 36, x 1.1425, y -7.4925, z 250.469
 36343774 (1152) module 34, x 1.0875, y -6.9425, z 225.469
 34246887 (1094) module 32, x 1.0325, y  -6.42, z 200.469
 32150257 (1036) module 30, x 0.922501, y -5.8975, z 175.469
 30053627 (964) module 28, x 0.8125, y  -5.32, z 150.469

Track #21, length 5
 53101212 (1622) module 50, x 5.3225, y -10.5725, z 738.469
 51005609 (1567) module 48, x  4.965, y -9.8575, z 693.469
 48910262 (1513) module 46, x 4.6075, y -9.1425, z 648.469
 46814914 (1461) module 44, x 4.2225, y -8.455, z 603.469
 44722148 (1400) module 42, x 3.2875, y -6.585, z 484.921

Track #22, length 7
 52529379 (1626) module 50, x 6.6675, y 16.5975, z 739.531
 50427115 (1571) module 48, x 6.2275, y 15.4975, z 694.531
 48324851 (1516) module 46, x 5.7875, y 14.3975, z 649.531
 46222587 (1464) module 44, x 5.3475, y 13.2975, z 604.531
 45805978 (1457) module 43, x 4.3025, y 10.6825, z 496.921
 43704516 (1396) module 41, x 3.3675, y 8.3725, z 401.411
 41603814 (1329) module 39, x 2.5975, y  6.475, z 324.463

Track #23, length 10
 52538063 (1630) module 50, x   7.74, y 18.4675, z 739.531
 50435799 (1575) module 48, x    7.3, y 17.3675, z 694.531
 48333279 (1521) module 46, x   6.86, y 16.2125, z 649.531
 46231016 (1468) module 44, x 6.3925, y 15.1125, z 604.531
 44120063 (1404) module 42, x 5.1275, y  12.17, z 485.982
 43708581 (1397) module 41, x 4.2475, y  10.05, z 401.411
 41607624 (1330) module 39, x 3.4225, y  8.125, z 324.463
 39507429 (1268) module 37, x 2.7625, y 6.5575, z 262.469
 37409008 (1207) module 35, x 2.4875, y 5.9525, z 237.469
 35310587 (1145) module 33, x 2.2125, y   5.32, z 212.469

Track #24, length 6
 52503179 (1634) module 50, x  11.48, y 10.9875, z 739.531
 50403224 (1579) module 48, x 10.7925, y 10.3825, z 694.531
 48303012 (1525) module 46, x 10.1325, y 9.7225, z 649.531
 46203057 (1473) module 44, x 9.4175, y   9.09, z 604.531
 44098259 (1407) module 42, x 7.5475, y  7.385, z 485.982
 41994734 (1340) module 40, x 6.0625, y 5.9825, z 390.473

Track #25, length 10
 52825207 (1642) module 50, x 26.5775, y 9.2925, z 738.469
 50730902 (1588) module 48, x 24.845, y 8.6875, z 693.469
 48636598 (1533) module 46, x 23.085, y 8.0825, z 648.469
 46542294 (1481) module 44, x 21.3525, y 7.4775, z 603.469
 44091179 (1419) module 42, x 16.7875, y 5.8725, z 485.982
 41987951 (1351) module 40, x 13.0475, y   4.58, z 390.473
 39885989 (1285) module 38, x  10.05, y 3.5075, z 313.525
 37785041 (1225) module 36, x 7.6575, y 2.6825, z 251.531
 35686371 (1160) module 34, x 6.6675, y 2.3525, z 226.531
 33587445 (1099) module 32, x 5.6775, y  1.995, z 201.531

Track #26, length 4
 53109729 (1619) module 50, x 3.5075, y  -6.75, z 738.469
 51013609 (1564) module 48, x 3.2875, y -6.3375, z 693.469
 48917488 (1511) module 46, x 3.0675, y -5.9525, z 648.469
 46821112 (1459) module 44, x  2.875, y -5.5125, z 603.469

Track #27, length 4
 52481761 (1627) module 50, x 6.75917, y 6.27583, z 739.531
 50382825 (1572) module 48, x   6.31, y 5.8725, z 694.531
 48283634 (1517) module 46, x 5.8425, y   5.46, z 649.531
 46184698 (1465) module 44, x 5.4025, y 5.0475, z 604.531

Track #28, length 4
 53083458 (1631) module 50, x 9.2275, y -15.5225, z 738.469
 50988116 (1576) module 48, x 8.7325, y -14.5325, z 693.469
 48893543 (1522) module 46, x 8.1825, y -13.4875, z 648.469
 46798970 (1470) module 44, x  7.605, y -12.4425, z 603.469

Track #29, length 6
 52431744 (1635) module 50, x 12.1125, y -4.4675, z 739.531
 50335887 (1580) module 48, x 11.2875, y -4.1925, z 694.531
 48240285 (1526) module 46, x  10.49, y -3.8625, z 649.531
 46144428 (1474) module 44, x 9.6925, y -3.5875, z 604.531
 44050898 (1408) module 42, x 7.6025, y  -2.79, z 485.982
 41956849 (1338) module 40, x 5.8975, y -2.1575, z 390.473

Track #30, length 7
 53055330 (1638) module 50, x 15.2775, y -13.735, z 738.469
 50963315 (1584) module 48, x 14.1775, y -12.8275, z 693.469
 48871043 (1529) module 46, x 13.105, y -11.9475, z 648.469
 46779028 (1477) module 44, x 12.005, y -11.0125, z 603.469
 44695232 (1411) module 42, x 9.1725, y -8.5925, z 484.921
 42608100 (1342) module 40, x 6.9175, y -6.6125, z 389.411
 39846398 (1277) module 38, x 5.1825, y -5.0175, z 313.525

Track #31, length 7
 53096844 (1624) module 50, x   6.23, y -11.4525, z 738.469
 51002007 (1569) module 48, x  5.735, y -10.8475, z 693.469
 48907426 (1514) module 46, x 5.2125, y -10.215, z 648.469
 46812590 (1462) module 44, x 4.7175, y -9.5825, z 603.469
 44721356 (1401) module 42, x  3.425, y -7.9325, z 484.921
 42629348 (1334) module 40, x 2.3525, y -6.6125, z 389.411
 40536056 (1273) module 38, x 1.5275, y -5.5125, z 312.463

Track #32, length 6
 53093788 (1628) module 50, x 6.9175, y -10.5725, z 738.469
 50998953 (1573) module 48, x 6.4225, y -9.8575, z 693.469
 48903862 (1519) module 46, x 5.9825, y -9.1425, z 648.469
 46808770 (1466) module 44, x 5.5425, y -8.455, z 603.469
 44717284 (1402) module 42, x 4.3325, y -6.6125, z 484.921
 42624767 (1335) module 40, x 3.3425, y -5.1275, z 389.411

Track #33, length 4
 53080128 (1632) module 50, x 9.9425, y -15.6325, z 738.469
 50986323 (1577) module 48, x 9.2275, y -14.5875, z 693.469
 48892006 (1523) module 46, x 8.5125, y -13.515, z 648.469
 46798201 (1471) module 44, x 7.7975, y -12.47, z 603.469

Track #34, length 6
 53070069 (1636) module 50, x 12.115, y -5.6775, z 738.469
 50976764 (1581) module 48, x 11.3175, y -5.2925, z 693.469
 48235421 (1527) module 46, x 10.5175, y -4.9075, z 649.531
 46140075 (1475) module 44, x 9.7475, y -4.5225, z 604.531
 44047570 (1409) module 42, x 7.6025, y -3.5325, z 485.982
 41954032 (1339) module 40, x  5.925, y -2.735, z 390.473

Track #35, length 9
 52550693 (1639) module 50, x 17.1175, y 21.2175, z 739.531
 50446906 (1585) module 48, x 15.9625, y 19.7875, z 694.531
 48343119 (1530) module 46, x  14.78, y 18.3575, z 649.531
 46239332 (1478) module 44, x 13.6525, y 16.955, z 604.531
 44125083 (1413) module 42, x 10.6275, y 13.2425, z 485.982
 42014406 (1344) module 40, x 8.2625, y 10.3275, z 390.473
 39906793 (1279) module 38, x 6.3375, y 7.9625, z 313.525
 39518184 (1270) module 37, x 5.0725, y 6.3925, z 262.469
 37418230 (1210) module 35, x 4.4675, y 5.6225, z 237.469

Track #36, length 13
 52778035 (1644) module 50, x 30.3175, y 19.5225, z 738.469
 50686293 (1589) module 48, x 28.4475, y 18.3675, z 693.469
 48594807 (1534) module 46, x 26.5775, y 17.1575, z 648.469
 46503065 (1482) module 44, x  24.68, y 16.0025, z 603.469
 44420339 (1422) module 42, x 19.7575, y 12.9225, z 484.921
 42014779 (1354) module 40, x  15.88, y 10.4375, z 390.473
 39908725 (1289) module 38, x 12.7175, y   8.43, z 313.525
 37804195 (1230) module 36, x 10.1875, y 6.8075, z 251.531
 35703990 (1164) module 34, x 9.1425, y 6.1475, z 226.531
 33603784 (1103) module 32, x 8.1525, y  5.515, z 201.531
 31503834 (1044) module 30, x  7.135, y 4.8825, z 176.531
 29403373 (972) module 28, x 6.1175, y  4.195, z 151.531
 27303167 (886) module 26, x 5.1275, y  3.535, z 126.531

Track #37, length 15
 53257799 (1620) module 50, x 4.0575, y -29.2175, z 739.531
 51159397 (1566) module 48, x   3.81, y -27.5675, z 694.531
 49061251 (1512) module 46, x 3.5625, y -25.9175, z 649.531
 46962849 (1460) module 44, x  3.315, y -24.2675, z 604.531
 44863473 (1399) module 42, x 2.7925, y -19.8675, z 485.982
 42629171 (1333) module 40, x 2.3525, y -16.32, z 389.411
 40533606 (1274) module 38, x  1.995, y -13.515, z 312.463
 38437775 (1215) module 36, x 1.7475, y -11.2875, z 250.469
 36341151 (1153) module 34, x 1.6375, y -10.4075, z 225.469
 34244527 (1095) module 32, x 1.5275, y -9.5275, z 200.469
 32147903 (1038) module 30, x 1.4175, y -8.6475, z 175.469
 30051278 (966) module 28, x   1.28, y -7.8225, z 150.469
 27954909 (882) module 26, x 1.1425, y -6.9975, z 125.469
 25858284 (808) module 24, x 1.0325, y -6.1725, z 100.469
 23761659 (733) module 22, x 0.922501, y -5.3475, z 75.469

Track #38, length 4
 52479461 (1625) module 50, x 6.5575, y 5.7625, z 739.531
 50380525 (1570) module 48, x 6.1175, y 5.3775, z 694.531
 48281588 (1515) module 46, x  5.705, y 4.9925, z 649.531
 46182652 (1463) module 44, x  5.265, y 4.6075, z 604.531

Track #39, length 4
 52454098 (1629) module 50, x 7.6025, y 0.3175, z 739.531
 50356955 (1574) module 48, x 7.1075, y 0.3175, z 694.531
 48259812 (1520) module 46, x 6.6125, y 0.3175, z 649.531
 46162669 (1467) module 44, x 6.1175, y 0.3175, z 604.531

Track #40, length 9
 53074703 (1633) module 50, x 11.0975, y -18.3275, z 738.469
 50980899 (1578) module 48, x 10.3825, y -17.2275, z 693.469
 48887095 (1524) module 46, x 9.6675, y  -16.1, z 648.469
 46792780 (1472) module 44, x   8.98, y -14.9725, z 603.469
 44704385 (1406) module 42, x 7.0825, y -12.0575, z 484.921
 42614188 (1337) module 40, x 5.5975, y -9.665, z 389.411
 40522191 (1276) module 38, x 4.4975, y -7.7675, z 312.463
 38429163 (1217) module 36, x 3.6175, y -6.2275, z 250.469
 36333814 (1155) module 34, x 3.2325, y -5.6225, z 225.469

Track #41, length 13
 53299260 (1637) module 50, x 13.0775, y -29.8225, z 739.531
 51198557 (1582) module 48, x 12.3075, y -28.0075, z 694.531
 49097597 (1528) module 46, x 11.4825, y -26.22, z 649.531
 46996894 (1476) module 44, x 10.7125, y -24.405, z 604.531
 44890613 (1410) module 42, x 8.6225, y -19.6475, z 485.982
 42607934 (1343) module 40, x 6.9175, y -15.7425, z 389.411
 40517238 (1278) module 38, x 5.5425, y -12.6625, z 312.463
 38425251 (1218) module 36, x 4.4425, y -10.1875, z 250.469
 36330165 (1156) module 34, x 4.0025, y -9.1975, z 225.469
 34234823 (1097) module 32, x   3.59, y -8.2075, z 200.469
 32139737 (1039) module 30, x   3.15, y -7.2175, z 175.469
 30044651 (967) module 28, x   2.71, y -6.2275, z 150.469
 27949565 (883) module 26, x   2.27, y -5.2375, z 125.469

Track #42, length 9
 53041377 (1640) module 50, x 18.3025, y -6.7775, z 738.469
 50949352 (1586) module 48, x 17.2025, y -6.3925, z 693.469
 48857327 (1531) module 46, x 16.075, y -6.0075, z 648.469
 46765559 (1479) module 44, x 14.9475, y -5.5675, z 603.469
 44042881 (1416) module 42, x 12.0575, y -4.5225, z 485.982
 41949611 (1346) module 40, x   9.72, y -3.6975, z 390.473
 39855565 (1280) module 38, x 7.84083, y -3.01917, z 313.525
 37761258 (1221) module 36, x 6.2825, y -2.4325, z 251.531
 35665141 (1157) module 34, x 5.6775, y -2.2125, z 226.531

Track #43, length 8
 52100110 (1616) module 49, x 4.9075, y 18.3825, z 705.469
 50001445 (1562) module 47, x 4.5775, y 17.1175, z 660.469
 47902780 (1509) module 45, x 4.2475, y 15.825, z 615.469
 45801337 (1456) module 43, x 3.3125, y  12.47, z 496.921
 43700907 (1395) module 41, x 2.5975, y 9.7475, z 401.411
 41600978 (1328) module 39, x 1.9925, y 7.6025, z 324.463
 39501810 (1267) module 37, x 1.5525, y 5.8425, z 262.469
 37403647 (1204) module 35, x 1.3325, y 5.1275, z 237.469

Track #44, length 12
 51570179 (1599) module 49, x -18.9875, y -35.9575, z 706.531
 49461275 (1546) module 47, x -17.6675, y -33.4275, z 661.531
 47352371 (1494) module 45, x -16.3475, y -30.925, z 616.531
 45224562 (1439) module 43, x -12.8825, y -24.325, z 497.982
 43103653 (1377) module 41, x -10.05, y -19.0725, z 402.473
 40986831 (1314) module 39, x -7.7675, y -14.8375, z 325.525
 38873840 (1260) module 37, x -5.9525, y -11.4275, z 263.531
 36770301 (1197) module 35, x -5.2375, y -10.0525, z 238.531
 36371379 (1149) module 34, x -4.8525, y -9.3075, z 225.469
 34270924 (1092) module 32, x -4.1375, y -7.9325, z 200.469
 32170469 (1034) module 30, x -3.4225, y -6.5575, z 175.469
 30070014 (961) module 28, x -2.7075, y -5.1825, z 150.469

Track #45, length 5
 52710045 (1641) module 50, x 24.4875, y 34.235, z 738.469
 50624699 (1587) module 48, x 22.8375, y 31.705, z 693.469
 48539863 (1532) module 46, x 21.2975, y 29.0925, z 648.469
 44156997 (1418) module 42, x 15.3575, y 20.1175, z 485.982
 42035844 (1348) module 40, x 11.865, y 14.9475, z 390.473

Track #46, length 10
 50789921 (1591) module 48, x 31.3075, y -4.0175, z 693.469
 48691273 (1536) module 46, x 29.1075, y -3.715, z 648.469
 46592881 (1484) module 44, x  26.88, y  -3.44, z 603.469
 44492764 (1425) module 42, x 21.0225, y -2.7525, z 484.921
 41956403 (1356) module 40, x 16.3475, y -2.2125, z 390.473
 39861368 (1288) module 38, x 12.525, y -1.7725, z 313.525
 37766065 (1228) module 36, x 9.4175, y  -1.36, z 251.531
 35669704 (1163) module 34, x 8.1525, y -1.2225, z 226.531
 33573342 (1102) module 32, x  6.915, y -1.0575, z 201.531
 31476982 (1040) module 30, x  5.595, y -0.8925, z 176.531

Track #47, length 8
 50753044 (1592) module 48, x 32.0225, y 3.9025, z 693.469
 48657475 (1537) module 46, x 29.4375, y 3.5725, z 648.469
 46561905 (1485) module 44, x 26.9075, y 3.2425, z 603.469
 44469225 (1424) module 42, x  20.28, y 2.3075, z 484.921
 41974091 (1353) module 40, x     15, y 1.5825, z 390.473
 39874456 (1286) module 38, x 10.765, y 1.0325, z 313.525
 37775573 (1223) module 36, x   7.41, y 0.6475, z 251.531
 35677678 (1158) module 34, x 6.0625, y 0.4825, z 226.531

Track #48, length 9
 48508791 (1535) module 46, x 26.5775, y  35.72, z 648.469
 46423192 (1483) module 44, x 24.7625, y 33.245, z 603.469
 44356849 (1423) module 42, x 19.8675, y 26.645, z 484.921
 42065464 (1355) module 40, x 16.045, y 21.3275, z 390.473
 39947889 (1290) module 38, x 12.9008, y 16.9642, z 313.525
 37834656 (1231) module 36, x 10.3525, y 13.4625, z 251.531
 35731122 (1165) module 34, x  9.335, y 12.0875, z 226.531
 33627845 (1104) module 32, x   8.29, y 10.7675, z 201.531
 31524569 (1045) module 30, x 7.2175, y 9.4475, z 176.531

Track #49, length 9
 45917967 (1451) module 43, x -4.1125, y 32.2975, z 497.982
 43816846 (1388) module 41, x -3.2325, y 25.3125, z 402.473
 41716467 (1323) module 39, x -2.5175, y  19.73, z 325.525
 39485513 (1264) module 37, x -1.9125, y 15.1375, z 262.469
 37389418 (1201) module 35, x -1.6925, y 13.3225, z 237.469
 35293323 (1139) module 33, x -1.4725, y  11.48, z 212.469
 33197229 (1082) module 31, x -1.2525, y 9.6375, z 187.469
 31101134 (1023) module 29, x -1.005, y 7.8225, z 162.469
 29005295 (949) module 27, x -0.7575, y 6.0075, z 137.469

Track #50, length 11
 45887791 (1454) module 43, x 2.3775, y  30.51, z 497.982
 43793814 (1393) module 41, x 1.7175, y 24.845, z 402.473
 41698796 (1327) module 39, x 1.2775, y 20.1425, z 325.525
 39499058 (1266) module 37, x 1.0025, y 16.375, z 262.469
 37401422 (1203) module 35, x 0.892498, y 14.8625, z 237.469
 35303786 (1142) module 33, x 0.782501, y 13.3225, z 212.469
 33206149 (1085) module 31, x 0.672501, y  11.81, z 187.469
 31108513 (1026) module 29, x   0.59, y 10.2975, z 162.469
 29011133 (952) module 27, x 0.5075, y 8.7575, z 137.469
 26913496 (873) module 25, x 0.397499, y  7.245, z 112.469
 24815860 (797) module 23, x 0.287498, y  5.705, z 87.469

Track #51, length 9
 46034247 (1431) module 43, x -29.3025, y 29.2175, z 497.982
 43908281 (1371) module 41, x -23.0142, y 22.9108, z 402.473
 41508889 (1308) module 39, x -17.8258, y 17.7592, z 324.463
 39431012 (1253) module 37, x -13.7375, y 13.6525, z 262.469
 37341570 (1190) module 35, x -12.06, y 12.0025, z 237.469
 35252128 (1131) module 33, x -10.41, y 10.3525, z 212.469
 33162430 (1077) module 31, x -8.7325, y 8.7025, z 187.469
 31072988 (1020) module 29, x -7.0825, y 7.0525, z 162.469
 28983546 (946) module 27, x -5.4325, y 5.4025, z 137.469

Track #52, length 8
 44873279 (1403) module 42, x 4.9375, y -29.6575, z 485.982
 42771128 (1336) module 40, x  3.865, y -23.0025, z 390.473
 40528924 (1275) module 38, x  2.985, y -17.6125, z 312.463
 38435178 (1216) module 36, x   2.27, y -13.3225, z 250.469
 36339593 (1154) module 34, x 1.9675, y -11.59, z 225.469
 34243753 (1096) module 32, x 1.6925, y -9.8575, z 200.469
 32148168 (1037) module 30, x 1.3625, y -8.1525, z 175.469
 30052327 (965) module 28, x 1.0875, y  -6.42, z 150.469

Track #53, length 11
 44231974 (1420) module 42, x 17.035, y 36.3425, z 485.982
 42101861 (1352) module 40, x 13.5975, y 29.275, z 390.473
 39978136 (1287) module 38, x 10.7925, y 23.5275, z 313.525
 37860287 (1227) module 36, x 8.6475, y 18.9625, z 251.531
 35754447 (1162) module 34, x 7.7675, y  17.12, z 226.531
 33648863 (1101) module 32, x 6.8875, y 15.2775, z 201.531
 31543022 (1042) module 30, x 6.0625, y 13.4075, z 176.531
 29437182 (969) module 28, x 5.1825, y 11.565, z 151.531
 29030557 (959) module 27, x 4.6875, y 10.5175, z 137.469
 26929599 (879) module 25, x 3.8625, y 8.6475, z 112.469
 24828385 (799) module 23, x 2.9825, y 6.7775, z 87.469

Track #54, length 11
 44996497 (1428) module 42, x  31.64, y -25.1475, z 485.982
 42870761 (1360) module 40, x  25.48, y -20.28, z 390.473
 40448308 (1297) module 38, x 20.4475, y -16.2925, z 312.463
 38369645 (1237) module 36, x  16.46, y -13.1575, z 250.469
 36280196 (1171) module 34, x 14.8375, y -11.865, z 225.469
 34190492 (1109) module 32, x 13.2425, y -10.5725, z 200.469
 32100787 (1050) module 30, x 11.6475, y -9.3075, z 175.469
 30011082 (981) module 28, x 10.025, y -8.015, z 150.469
 27921122 (896) module 26, x 8.4025, y -6.7225, z 125.469
 25831417 (814) module 24, x 6.8075, y -5.4575, z 100.469
 23072764 (737) module 22, x  5.265, y -4.2475, z 76.531

Track #55, length 10
 44920434 (1417) module 42, x 15.1675, y -26.8525, z 485.982
 42809809 (1349) module 40, x 12.2525, y -21.6275, z 390.473
 40497440 (1284) module 38, x 9.8875, y -17.3925, z 312.463
 38408541 (1226) module 36, x   7.99, y -14.0375, z 250.469
 36314998 (1161) module 34, x   7.22, y -12.6625, z 225.469
 34221710 (1100) module 32, x 6.4225, y -11.315, z 200.469
 32128167 (1041) module 30, x  5.625, y -9.9675, z 175.469
 30034880 (968) module 28, x 4.8275, y -8.5925, z 150.469
 27941337 (884) module 26, x 4.0575, y -7.2175, z 125.469
 25847794 (810) module 24, x   3.26, y -5.8425, z 100.469

Track #56, length 7
 44589362 (1430) module 42, x  31.97, y -16.4025, z 484.921
 42519150 (1361) module 40, x 26.195, y -13.1025, z 389.411
 40444058 (1299) module 38, x 21.3825, y -10.6825, z 312.463
 38364349 (1239) module 36, x 17.615, y -8.7575, z 250.469
 36274123 (1174) module 34, x 16.1575, y -7.9875, z 225.469
 34184152 (1113) module 32, x 14.6175, y -7.2725, z 200.469
 32093926 (1055) module 30, x 13.1325, y -6.5025, z 175.469

Track #57, length 5
 44996509 (1429) module 42, x  31.64, y -24.4875, z 485.982
 42525704 (1359) module 40, x 24.7925, y -18.7125, z 389.411
 40453979 (1295) module 38, x 19.2375, y -14.1475, z 312.463
 38378142 (1235) module 36, x 14.6725, y -10.4625, z 250.469
 36289465 (1169) module 34, x  12.83, y -8.9775, z 225.469

Track #58, length 13
 43286585 (1368) module 41, x -29.9875, y -31.2925, z 401.411
 41212818 (1305) module 39, x -25.0558, y -26.2692, z 324.463
 39133915 (1249) module 37, x -21.0775, y -22.2725, z 262.469
 37044472 (1186) module 35, x -19.4825, y -20.6225, z 237.469
 34714646 (1126) module 33, x -17.9425, y -19.045, z 213.531
 32609842 (1070) module 31, x -16.4025, y -17.3675, z 188.531
 30505039 (1007) module 29, x -14.8075, y -15.7175, z 163.531
 28400235 (931) module 27, x -13.2675, y -14.0675, z 138.531
 26295431 (850) module 25, x -11.6908, y -12.4542, z 113.531
 24190884 (783) module 23, x -10.1325, y -10.8225, z 88.531
 22086336 (716) module 21, x -8.5925, y -9.2275, z 63.531
 19982043 (679) module 19, x -7.08917, y -7.59583, z 38.531
 17877496 (613) module 17, x -5.5125, y -5.9825, z 13.531

Track #59, length 8
 43419964 (1369) module 41, x -29.795, y -2.4175, z 401.411
 41325493 (1306) module 39, x -23.1675, y -1.8675, z 324.463
 38827543 (1250) module 37, x -17.8875, y -1.4175, z 263.531
 36729406 (1187) module 35, x -15.7425, y -1.225, z 238.531
 34631525 (1127) module 33, x -13.5975, y -1.0325, z 213.531
 32533644 (1072) module 31, x -11.425, y -0.8675, z 188.531
 30435763 (1014) module 29, x  -9.28, y -0.7025, z 163.531
 28337882 (941) module 27, x -7.135, y -0.5375, z 138.531

Track #60, length 8
 43914816 (1370) module 41, x -24.5542, y 29.5658, z 402.473
 41793208 (1307) module 39, x -19.1275, y 23.0025, z 325.525
 39426588 (1252) module 37, x -14.6725, y 17.6125, z 262.469
 37337666 (1189) module 35, x -12.9125, y 15.495, z 237.469
 35248745 (1130) module 33, x -11.125, y 13.3775, z 212.469
 33159824 (1075) module 31, x -9.3925, y 11.2325, z 187.469
 31070391 (1018) module 29, x -7.605, y 9.0875, z 162.469
 28981725 (945) module 27, x -5.8175, y   6.97, z 137.469

Track #61, length 10
 43809109 (1389) module 41, x -1.5825, y 28.4475, z 402.473
 41710520 (1324) module 39, x -1.2525, y 22.975, z 325.525
 39489548 (1265) module 37, x -1.0325, y 18.4925, z 262.469
 37392939 (1202) module 35, x -0.922501, y  16.76, z 237.469
 35296331 (1140) module 33, x -0.8125, y 15.0275, z 212.469
 33199467 (1083) module 31, x -0.7575, y 13.2675, z 187.469
 31102858 (1024) module 29, x -0.647499, y 11.5625, z 162.469
 29005994 (950) module 27, x -0.565002, y 9.8025, z 137.469
 26909385 (871) module 25, x -0.482502, y 8.0975, z 112.469
 24812776 (795) module 23, x -0.372501, y  6.365, z 87.469

Track #62, length 4
 44335511 (1426) module 42, x 24.8175, y 31.2375, z 484.921
 42267631 (1358) module 40, x 19.9775, y 24.9675, z 389.411
 39962170 (1294) module 38, x 15.9625, y 20.0075, z 313.525
 35741330 (1168) module 34, x 11.1225, y 14.315, z 226.531

Track #63, length 9
 42116213 (1350) module 40, x 12.7175, y 32.3275, z 390.473
 39984554 (1283) module 38, x 9.8025, y 24.9025, z 313.525
 37860052 (1224) module 36, x  7.465, y 18.9075, z 251.531
 35751654 (1159) module 34, x 6.5025, y 16.515, z 226.531
 33643255 (1098) module 32, x 5.5675, y 14.095, z 201.531
 33226356 (1091) module 31, x  5.045, y 12.745, z 187.469
 31124896 (1033) module 29, x 4.0825, y 10.3525, z 162.469
 29023436 (958) module 27, x 3.1475, y 7.9325, z 137.469
 26921720 (876) module 25, x 2.1575, y 5.5125, z 112.469

Track #64, length 6
 42923173 (1366) module 40, x 36.7275, y -24.02, z 390.473
 40412940 (1302) module 38, x  28.12, y -18.4925, z 312.463
 38347356 (1241) module 36, x 21.245, y -14.0925, z 250.469
 36263036 (1175) module 34, x 18.495, y -12.305, z 225.469
 34178716 (1114) module 32, x 15.7542, y -10.5542, z 200.469
 32094396 (1053) module 30, x 13.0225, y -8.8125, z 175.469

Track #65, length 8
 42351481 (1362) module 40, x 26.4675, y 6.7075, z 389.411
 40261608 (1296) module 38, x 20.3625, y 5.1675, z 312.463
 37790786 (1236) module 36, x 15.5225, y 3.9475, z 251.531
 35691366 (1170) module 34, x 13.5425, y 3.4525, z 226.531
 33591946 (1108) module 32, x 11.5625, y 2.9575, z 201.531
 31492270 (1047) module 30, x  9.555, y  2.435, z 176.531
 29392850 (975) module 28, x 7.58417, y 1.93083, z 151.531
 27293430 (889) module 26, x  5.595, y 1.4175, z 126.531

Track #66, length 8
 42384673 (1364) module 40, x  31.28, y -0.470001, z 389.411
 40287397 (1301) module 38, x  24.02, y -0.387501, z 312.463
 37771023 (1240) module 36, x   18.3, y -0.2875, z 251.531
 35673914 (1173) module 34, x 15.9625, y -0.2875, z 226.531
 33577061 (1110) module 32, x 13.5975, y -0.2325, z 201.531
 31480207 (1049) module 30, x 11.2875, y -0.1775, z 176.531
 29383353 (978) module 28, x   8.95, y -0.1225, z 151.531
 27286244 (891) module 26, x 6.6125, y -0.1225, z 126.531

Track #67, length 4
 42271742 (1357) module 40, x 19.1342, y 23.9408, z 389.411
 39960132 (1293) module 38, x 15.4125, y 19.595, z 313.525
 37845627 (1233) module 36, x 12.3508, y 15.8275, z 251.531
 35741330 (1168) module 34, x 11.1225, y 14.315, z 226.531

Track #68, length 6
 42924451 (1367) module 40, x 37.0025, y -24.1575, z 390.473
 40412940 (1302) module 38, x  28.12, y -18.4925, z 312.463
 38347356 (1241) module 36, x 21.245, y -14.0925, z 250.469
 36263036 (1175) module 34, x 18.495, y -12.305, z 225.469
 34178716 (1114) module 32, x 15.7542, y -10.5542, z 200.469
 32094396 (1053) module 30, x 13.0225, y -8.8125, z 175.469

Track #69, length 8
 41684245 (1331) module 39, x 4.3575, y 31.9675, z 325.525
 39591834 (1269) module 37, x 3.3675, y 24.625, z 263.531
 37496528 (1208) module 35, x 2.9825, y 21.6825, z 238.531
 35311882 (1146) module 33, x 2.5425, y 18.6025, z 212.469
 33212736 (1088) module 31, x   2.13, y 15.6325, z 187.469
 31113846 (1030) module 29, x 1.7175, y 12.6625, z 162.469
 29014956 (955) module 27, x 1.3325, y 9.6925, z 137.469
 26915810 (874) module 25, x 0.892498, y 6.7225, z 112.469

Track #70, length 8
 40012612 (1291) module 38, x 15.4125, y  30.98, z 313.525
 37881737 (1232) module 36, x 11.6175, y 23.6925, z 251.531
 35771044 (1166) module 34, x 10.1325, y 20.6675, z 226.531
 33659840 (1105) module 32, x 8.5925, y 17.6425, z 201.531
 31548635 (1043) module 30, x 7.1075, y 14.6175, z 176.531
 29437429 (970) module 28, x   5.65, y 11.5925, z 151.531
 29031080 (960) module 27, x 4.7975, y 9.9125, z 137.469
 26927070 (877) module 25, x 3.3125, y 6.9425, z 112.469

Track #71, length 8
 40013380 (1292) module 38, x 15.4125, y 31.1175, z 313.525
 37881737 (1232) module 36, x 11.6175, y 23.6925, z 251.531
 35771044 (1166) module 34, x 10.1325, y 20.6675, z 226.531
 33659840 (1105) module 32, x 8.5925, y 17.6425, z 201.531
 31548635 (1043) module 30, x 7.1075, y 14.6175, z 176.531
 29437429 (970) module 28, x   5.65, y 11.5925, z 151.531
 29031080 (960) module 27, x 4.7975, y 9.9125, z 137.469
 26927070 (877) module 25, x 3.3125, y 6.9425, z 112.469

Track #72, length 10
 40398772 (1304) module 38, x 31.2275, y -9.2525, z 312.463
 38330068 (1243) module 36, x 25.095, y -7.4925, z 250.469
 36243937 (1177) module 34, x 22.6475, y -6.7775, z 225.469
 34158318 (1116) module 32, x 20.1725, y -6.0625, z 200.469
 32072443 (1057) module 30, x 17.725, y -5.3475, z 175.469
 29362244 (986) module 28, x 15.385, y -4.6325, z 151.531
 27268465 (899) module 26, x  12.91, y -3.9175, z 126.531
 25174686 (818) module 24, x 10.4625, y -3.2025, z 101.531
 23081163 (746) module 22, x 7.9875, y -2.4325, z 76.531
 20987384 (693) module 20, x 5.5125, y -1.7175, z 51.531

Track #73, length 8
 40110655 (1303) module 38, x 29.6208, y 37.7642, z 312.463
 38056641 (1242) module 36, x 22.5075, y 28.5425, z 250.469
 35976693 (1176) module 34, x  19.62, y 24.8575, z 225.469
 33676842 (1115) module 32, x 16.8425, y 21.355, z 201.531
 31562846 (1056) module 30, x 13.955, y 17.6975, z 176.531
 29448595 (983) module 28, x 11.0675, y  14.04, z 151.531
 27334600 (895) module 26, x 8.1525, y 10.3825, z 126.531
 25220860 (812) module 24, x 5.2925, y  6.725, z 101.531

Track #74, length 7
 39152465 (1247) module 37, x -28.6675, y -18.23, z 262.469
 37065872 (1183) module 35, x -25.2025, y -16.0025, z 237.469
 34979023 (1123) module 33, x -21.71, y -13.8025, z 212.469
 32583438 (1067) module 31, x -18.3825, y -11.7025, z 188.531
 30476109 (1006) module 29, x -14.9175, y -9.5025, z 163.531
 28369292 (934) module 27, x -11.4525, y -7.3025, z 138.531
 26261707 (858) module 25, x -7.9875, y -5.075, z 113.531

Track #75, length 7
 39248970 (1246) module 37, x -29.0525, y 2.5875, z 262.469
 37150346 (1181) module 35, x -25.5325, y 2.2575, z 237.469
 35051722 (1121) module 33, x -22.0125, y  1.955, z 212.469
 32521737 (1065) module 31, x -18.6575, y 1.6625, z 188.531
 30426185 (1004) module 29, x -15.1375, y 1.3325, z 163.531
 28330376 (932) module 27, x -11.645, y 1.0575, z 138.531
 26234824 (855) module 25, x -8.125, y 0.7275, z 113.531

Track #76, length 7
 39251329 (1248) module 37, x    -26, y 3.0825, z 262.469
 37152699 (1185) module 35, x -22.8375, y 2.7525, z 237.469
 35053812 (1125) module 33, x -19.7025, y 2.3675, z 212.469
 32519980 (1069) module 31, x -16.705, y 2.0475, z 188.531
 30424678 (1010) module 29, x -13.5425, y 1.6625, z 163.531
 28329119 (936) module 27, x -10.38, y 1.3325, z 138.531
 26233560 (860) module 25, x -7.245, y  0.975, z 113.531

Track #77, length 7
 39646780 (1256) module 37, x -8.4575, y 29.795, z 263.531
 37544829 (1193) module 35, x -7.4125, y  26.22, z 238.531
 35442879 (1134) module 33, x -6.395, y 22.6175, z 213.531
 33178117 (1079) module 31, x -5.3225, y 18.8775, z 187.469
 31085638 (1021) module 29, x -4.3325, y 15.275, z 162.469
 28993415 (947) module 27, x -3.2875, y   11.7, z 137.469
 26900936 (870) module 25, x -2.2975, y  8.125, z 112.469

Track #78, length 7
 39689557 (1251) module 37, x -17.7525, y  28.42, z 263.531
 37582483 (1188) module 35, x -15.6258, y 25.0192, z 238.531
 35475665 (1128) module 33, x -13.5175, y   21.6, z 213.531
 33150740 (1073) module 31, x -11.29, y 18.0525, z 187.469
 31063633 (1015) module 29, x -9.13125, y 14.6975, z 162.469
 28976015 (942) module 27, x -7.0275, y 11.2875, z 137.469
 26888910 (865) module 25, x -4.8825, y 7.8225, z 112.469

Track #79, length 6
 38298227 (1244) module 36, x 31.9425, y -12.8275, z 250.469
 36220560 (1178) module 34, x 27.7258, y -11.2142, z 225.469
 34142895 (1117) module 32, x 23.555, y -9.5275, z 200.469
 32064717 (1058) module 30, x 19.4025, y -7.8775, z 175.469
 29986795 (985) module 28, x 15.2775, y -6.2275, z 150.469
 27265422 (898) module 26, x 11.3425, y -4.5775, z 126.531

Track #80, length 7
 37033259 (1180) module 35, x -30.7208, y -22.9692, z 237.469
 34951032 (1120) module 33, x -26.495, y -19.7975, z 212.469
 32868549 (1064) module 31, x -22.2875, y -16.635, z 187.469
 30495248 (1003) module 29, x -18.245, y -13.6275, z 163.531
 28383325 (930) module 27, x -14.0192, y -10.4558, z 138.531
 26271914 (854) module 25, x -9.76583, y -7.28417, z 113.531
 24160247 (791) module 23, x  -5.54, y -4.1125, z 88.531

Track #81, length 7
 37618954 (1184) module 35, x -23.5825, y 32.5725, z 238.531
 35507290 (1124) module 33, x -20.365, y 28.145, z 213.531
 33395115 (1068) module 31, x -17.1292, y 23.6808, z 188.531
 31042050 (1009) module 29, x -13.765, y 19.0425, z 162.469
 28960083 (935) module 27, x -10.5475, y 14.5875, z 137.469
 26877348 (859) module 25, x  -7.33, y 10.1325, z 112.469
 24795381 (792) module 23, x -4.085, y 5.6775, z 87.469

Track #82, length 6
 36974223 (1182) module 35, x -25.2208, y -35.7842, z 237.469
 34900174 (1122) module 33, x -21.765, y -30.8525, z 212.469
 32649996 (1066) module 31, x -18.4558, y -26.1492, z 188.531
 30530635 (1005) module 29, x    -15, y -21.2175, z 163.531
 28410506 (933) module 27, x -11.5258, y -16.3042, z 138.531
 26290378 (857) module 25, x -8.0425, y -11.345, z 113.531

Track #83, length 6
 35415054 (1141) module 33, x -0.4275, y 32.3525, z 213.531
 33317739 (1084) module 31, x -0.3725, y  27.21, z 188.531
 31220424 (1025) module 29, x -0.3175, y 22.095, z 163.531
 29007659 (951) module 27, x -0.2075, y  16.76, z 137.469
 26910857 (872) module 25, x -0.1525, y 11.6175, z 112.469
 24814054 (796) module 23, x -0.0974998, y 6.5025, z 87.469

Track #84, length 5
 34777714 (1129) module 33, x -12.8825, y -32.685, z 213.531
 32656535 (1074) module 31, x -10.8292, y -27.5058, z 188.531
 30535868 (1016) module 29, x -8.79417, y -22.3358, z 163.531
 28414689 (943) module 27, x  -6.75, y -17.1475, z 138.531
 25879988 (806) module 24, x -3.6425, y -9.225, z 100.469

Track #85, length 4
 35398032 (1147) module 33, x 3.2575, y 25.175, z 213.531
 33302744 (1089) module 31, x 2.8725, y 21.2425, z 188.531
 31117092 (1031) module 29, x 2.4325, y 17.1725, z 162.469
 29017962 (956) module 27, x 1.9925, y 13.295, z 137.469

Track #86, length 4
 35393151 (1148) module 33, x 4.3025, y  26.11, z 213.531
 33299404 (1090) module 31, x 3.5875, y 21.875, z 188.531
 31119133 (1032) module 29, x 2.8725, y  17.53, z 162.469
 29018984 (957) module 27, x   2.24, y 13.4325, z 137.469

Track #87, length 7
 34415874 (1107) module 32, x 11.1892, y -32.9758, z 201.531
 32312651 (1048) module 30, x 9.8325, y -28.97, z 176.531
 30209684 (977) module 28, x 8.4575, y -24.955, z 151.531
 28105949 (893) module 26, x  7.055, y -20.9675, z 126.531
 25836586 (813) module 24, x 5.63417, y -16.8058, z 100.469
 23745907 (736) module 22, x 4.2775, y  -12.8, z 75.469
 21654972 (692) module 20, x 2.9575, y -8.8125, z 50.469

Track #88, length 4
 34201042 (1106) module 32, x  10.96, y -7.6025, z 200.469
 32112619 (1046) module 30, x   9.09, y -6.2275, z 175.469
 29360855 (974) module 28, x 7.3275, y -4.935, z 151.531
 27270137 (888) module 26, x 5.4575, y -3.5875, z 126.531

Track #89, length 5
 33822802 (1118) module 32, x 28.585, y 37.0125, z 200.469
 31755437 (1059) module 30, x 23.5708, y 30.6142, z 175.469
 29496582 (987) module 28, x 18.8225, y  24.49, z 151.531
 27370336 (900) module 26, x 13.8542, y 18.1008, z 126.531
 25243577 (817) module 24, x 8.95917, y 11.7208, z 101.531

Track #90, length 5
 33736026 (1112) module 32, x 14.2025, y  34.17, z 201.531
 31611526 (1051) module 30, x 11.7458, y 28.2942, z 176.531
 29487794 (979) module 28, x 9.32583, y 22.4642, z 151.531
 27363295 (892) module 26, x 6.8875, y  16.57, z 126.531
 24828629 (800) module 23, x 3.0375, y   7.41, z 87.469

Track #91, length 5
 31771677 (1060) module 30, x 31.4908, y 27.0942, z 175.469
 29700501 (989) module 28, x   24.9, y 21.4475, z 150.469
 27360521 (902) module 26, x 18.6208, y 16.0292, z 126.531
 25237377 (819) module 24, x  12.03, y 10.3825, z 101.531
 23114489 (738) module 22, x   5.43, y 4.7175, z 76.531

Track #92, length 5
 30581904 (1012) module 29, x -11.2325, y -32.3275, z 163.531
 28449983 (938) module 27, x -8.62917, y -24.8658, z 138.531
 26318318 (863) module 25, x -6.02583, y -17.3492, z 113.531
 25884520 (803) module 24, x -4.66917, y -13.3958, z 100.469
 23775473 (730) module 22, x -2.06583, y -5.87917, z 75.469

Track #93, length 4
 30695401 (1000) module 29, x -20.3075, y -33.08, z 162.469
 28453438 (927) module 27, x -15.7425, y -25.645, z 138.531
 26320788 (851) module 25, x -10.9758, y -17.8992, z 113.531
 24187627 (788) module 23, x   -6.2, y -10.1075, z 88.531

Track #94, length 4
 30723334 (996) module 29, x -32.7558, y -27.0392, z 162.469
 28644957 (921) module 27, x -27.98, y -22.9325, z 137.469
 26567092 (840) module 25, x -23.195, y -18.8075, z 112.469
 24209417 (771) module 23, x -18.63, y -14.8375, z 88.531

Track #95, length 4
 31385488 (995) module 29, x -36.04, y 25.2025, z 163.531
 29249530 (922) module 27, x -27.6525, y 19.345, z 138.531
 26823787 (845) module 25, x -18.9442, y 13.2308, z 112.469
 24765653 (782) module 23, x -10.5842, y 7.40083, z 87.469

Track #96, length 4
 29711228 (990) module 28, x 26.2658, y 19.1192, z 150.469
 27637755 (903) module 26, x 19.3175, y 14.0638, z 125.469
 25231989 (820) module 24, x 12.6808, y 9.26417, z 101.531
 23111924 (739) module 22, x 5.71417, y 4.18583, z 76.531

Track #97, length 4
 29681015 (991) module 28, x 26.5592, y 25.7008, z 150.469
 27614966 (904) module 26, x 19.5742, y 18.9358, z 125.469
 25246835 (821) module 24, x 12.8092, y 12.4358, z 101.531
 23118834 (740) module 22, x 5.80583, y 5.68917, z 76.531

Track #98, length 6
 26895104 (868) module 25, x -3.5075, y 19.1525, z 112.469
 24800044 (793) module 23, x -3.0675, y 16.7325, z 87.469
 22705239 (724) module 21, x -2.5725, y  14.34, z 62.469
 20610179 (682) module 19, x -2.1325, y  11.92, z 37.469
 18515119 (618) module 17, x -1.6925, y 9.5275, z 12.469
 16420059 (549) module 15, x -1.2525, y 7.1075, z -12.531

Track #99, length 4
 19967474 (680) module 19, x -5.82417, y -4.46083, z 38.531
 17899610 (601) module 17, x -14.1658, y -10.9142, z 13.531
 16086457 (529) module 15, x -22.9292, y -17.6708, z -12.531
 13959201 (451) module 13, x -31.2708, y -24.1425, z -37.531

Track #100, length 4
 18928328 (645) module 18, x 8.1525, y  6.505, z 26.531
 16856138 (585) module 16, x 15.0642, y 11.9958, z  1.531
 15037892 (527) module 14, x 22.3242, y 17.6708, z -24.531
 12915013 (449) module 12, x 29.3092, y 23.1708, z -49.531

Track #101, length 6
 19577071 (631) module 18, x -1.195, y  -5.98, z 25.469
 17484438 (557) module 16, x -2.1575, y -10.9025, z  0.469
 15391804 (492) module 14, x -3.1475, y -15.825, z -24.531
 13374180 (408) module 12, x -4.0825, y -20.555, z -48.469
 11272330 (314) module 10, x -5.0725, y -25.505, z -73.469
  9631447 (303) module  9, x -7.3275, y -36.865, z -131.219

Track #102, length 5
 19574010 (634) module 18, x -0.5075, y -5.375, z 25.469
 17478569 (561) module 16, x -0.919998, y -9.8575, z  0.469
 15383384 (495) module 14, x -1.3325, y -14.285, z -24.531
 13287943 (411) module 12, x -1.745, y -18.74, z -49.531
 11285944 (317) module 10, x -2.1575, y -23.0025, z -73.469

Track #103, length 5
 19565806 (635) module 18, x 1.2525, y -6.0625, z 25.469
 17463699 (565) module 16, x 2.2975, y -11.0675, z  0.469
 15361592 (500) module 14, x 3.3425, y -16.0725, z -24.531
 13413342 (419) module 12, x 4.3325, y -20.885, z -48.469
 11320963 (327) module 10, x 5.3775, y -25.89, z -73.469

Track #104, length 5
 19575270 (632) module 18, x -0.800831, y -6.48417, z 25.469
 17481093 (558) module 16, x -1.4425, y -11.81, z  0.469
 15386916 (493) module 14, x -2.1025, y -17.145, z -24.531
 13380548 (409) module 12, x -2.7075, y -22.315, z -48.469
 11279971 (316) module 10, x -3.395, y -27.65, z -73.469

Track #105, length 5
 19564020 (636) module 18, x 1.60083, y -5.71417, z 25.469
 17460894 (566) module 16, x 2.9025, y -10.4625, z  0.469
 15357511 (501) module 14, x 4.2225, y -15.22, z -24.531
 13418739 (420) module 12, x 5.4875, y -19.7575, z -48.469
 11327644 (330) module 10, x 6.8075, y -24.515, z -73.469

Track #106, length 5
 19538164 (641) module 18, x  7.165, y -5.7325, z 25.469
 17414302 (583) module 16, x 13.0225, y -10.4625, z  0.469
 15289672 (524) module 14, x  18.88, y -15.1925, z -24.531
 13506292 (446) module 12, x 24.5175, y -19.7025, z -48.469
 11436446 (357) module 10, x 30.4208, y -24.4142, z -73.469

Track #107, length 6
 18880249 (637) module 18, x 5.42083, y -3.84417, z 26.531
 17427417 (579) module 16, x 10.2175, y -7.2175, z  0.469
 15308702 (521) module 14, x 14.8008, y -10.4442, z -24.531
 13190243 (444) module 12, x 19.4025, y -13.68, z -49.531
 11072041 (353) module 10, x 23.995, y -16.8975, z -74.531
  9368198 (277) module  8, x 36.6542, y -25.7158, z -143.219

Track #108, length 5
 18904296 (638) module 18, x 6.3925, y 1.3075, z 26.531
 16811908 (580) module 16, x 11.8925, y 2.3525, z  1.531
 14719776 (523) module 14, x 17.3925, y 3.4525, z -23.469
 13001397 (445) module 12, x  23.14, y 4.5625, z -49.531
 10899025 (356) module 10, x  28.64, y 5.6625, z -74.531

Track #109, length 5
 18911962 (640) module 18, x 7.14417, y 2.97583, z 26.531
 16826474 (584) module 16, x 13.295, y 5.4875, z  1.531
 15081972 (525) module 14, x 19.675, y 8.1375, z -24.531
 12973444 (447) module 12, x 25.835, y 10.6675, z -49.531
 10864405 (358) module 10, x 31.9675, y 13.1975, z -74.531

Track #110, length 4
 17865111 (604) module 17, x -10.8475, y -3.3425, z 13.531
 15777058 (530) module 15, x -17.255, y -5.3225, z -11.469
 14036647 (453) module 13, x -23.9375, y -7.395, z -37.531
 11930162 (365) module 11, x -30.345, y -9.4025, z -62.531

Track #111, length 5
 18499028 (615) module 17, x -5.1575, y  7.465, z 12.469
 16387974 (539) module 15, x -8.1275, y 11.755, z -12.531
 14277432 (464) module 13, x -11.0975, y 16.045, z -37.531
 12408812 (378) module 11, x -13.93, y 20.1425, z -61.469
 10349843 (285) module  9, x -22.1525, y 32.0775, z -131.219

Track #112, length 5
 18512357 (617) module 17, x -2.2975, y   6.53, z 12.469
 16408993 (546) module 15, x -3.6175, y  10.27, z -12.531
 14305373 (478) module 13, x -4.965, y 14.0375, z -37.531
 12202009 (392) module 11, x -6.285, y 17.7775, z -62.531
 10293083 (295) module  9, x -9.9425, y  28.09, z -131.219

Track #113, length 5
 18522866 (620) module 17, x -0.0424995, y 5.8425, z 12.469
 16425653 (553) module 15, x -0.0424995, y   9.17, z -12.531
 14328440 (485) module 13, x -0.0424995, y 12.525, z -37.531
 12231227 (402) module 11, x -0.0424995, y  15.88, z -62.531
 10247826 (311) module  9, x -0.0975003, y 25.065, z -131.219

Track #114, length 4
 18484136 (607) module 17, x -8.3475, y  9.885, z 12.469
 16365121 (531) module 15, x -13.1325, y 15.5775, z -12.531
 14523611 (457) module 13, x -17.7342, y 21.0408, z -36.469
 12448628 (367) module 11, x -22.4825, y 26.7425, z -61.469

Track #115, length 5
 17843434 (612) module 17, x -6.255, y 1.3325, z 13.531
 15742631 (536) module 15, x  -9.94, y 2.1025, z -11.469
 13642084 (461) module 13, x -13.625, y 2.8175, z -36.469
 11541281 (374) module 11, x -17.31, y 3.5875, z -61.469
 10006003 (281) module  9, x -27.7992, y 5.75083, z -132.281

Track #116, length 4
 17870545 (609) module 17, x -7.6575, y -4.4975, z 13.531
 15785598 (533) module 15, x -12.195, y -7.1375, z -11.469
 13699884 (458) module 13, x -16.705, y -9.7225, z -36.469
 11917013 (370) module 11, x -21.4075, y -12.3725, z -62.531

Track #117, length 5
 17860313 (610) module 17, x  -7.19, y -2.2975, z 13.531
 15769228 (534) module 15, x -11.425, y -3.6175, z -11.469
 13678143 (460) module 13, x -15.6508, y -4.97417, z -36.469
 11944429 (372) module 11, x -20.06, y -6.3775, z -62.531
  9829909 (278) module  9, x -31.94, y -10.1313, z -132.281

Track #118, length 6
 17851898 (614) module 17, x -5.375, y -0.4825, z 13.531
 15756225 (538) module 15, x -8.5375, y -0.8125, z -11.469
 13660295 (463) module 13, x  -11.7, y -1.0875, z -36.469
 11564366 (376) module 11, x -14.8625, y -1.3625, z -61.469
  9866666 (284) module  9, x -23.7725, y -2.1975, z -132.281
  7765770 (207) module  7, x -32.5725, y -2.9675, z -202.031

Track #119, length 4
 18522259 (619) module 17, x -0.1525, y  11.04, z 12.469
 16424736 (552) module 15, x -0.2075, y 17.365, z -12.531
 14442929 (484) module 13, x -0.2625, y  23.36, z -36.469
 12345918 (401) module 11, x -0.3175, y 29.7125, z -61.469

Track #120, length 6
 18529269 (621) module 17, x 1.3325, y   5.65, z 12.469
 16435642 (554) module 15, x 2.1025, y  8.895, z -12.531
 14342015 (488) module 13, x 2.8725, y  12.14, z -37.531
 12248388 (404) module 11, x 3.6425, y 15.4125, z -62.531
  8531949 (248) module  8, x 6.1175, y 25.8925, z -143.219
  6476998 (184) module  6, x 8.2625, y 34.995, z -212.969

Track #121, length 7
 16815091 (569) module 16, x 5.7875, y 3.0125, z  1.531
 14724546 (511) module 14, x 8.4825, y 4.4425, z -23.469
 12633746 (430) module 12, x 11.1225, y 5.8175, z -48.469
 10542946 (340) module 10, x 13.7625, y 7.1925, z -73.469
  8776919 (264) module  8, x 21.2975, y 11.135, z -144.281
  6661711 (199) module  6, x  28.75, y 15.0125, z -214.031
  4558111 (142) module  4, x 31.4175, y 16.3875, z -239.031

Track #122, length 6
 16781279 (572) module 16, x   6.86, y -4.2475, z  1.531
 15330537 (515) module 14, x 10.1625, y -6.3375, z -24.531
 13218245 (437) module 12, x  13.38, y -8.3175, z -49.531
 11105952 (346) module 10, x 16.6158, y -10.3342, z -74.531
  8967228 (271) module  8, x 25.6725, y -15.8525, z -144.281
  7261913 (206) module  6, x 34.6375, y -21.16, z -212.969

Track #123, length 5
 16782791 (575) module 16, x 8.17083, y -3.89917, z  1.531
 15321331 (517) module 14, x 12.115, y -5.7875, z -24.531
 13206738 (440) module 12, x 15.8825, y -7.6025, z -49.531
 11091889 (350) module 10, x 19.6775, y -9.4175, z -74.531
  8946005 (274) module  8, x  30.21, y -14.4775, z -144.281

Track #124, length 4
 16871104 (577) module 16, x 8.57417, y 15.1858, z  1.531
 14806393 (519) module 14, x 12.4975, y  22.18, z -23.469
 12741170 (442) module 12, x 16.4025, y 29.165, z -48.469
 10756581 (352) module 10, x 20.5092, y 36.4808, z -74.531

Track #125, length 6
 16835043 (570) module 16, x 6.64917, y 7.32083, z  1.531
 14752940 (512) module 14, x 9.6925, y 10.685, z -23.469
 12671348 (434) module 12, x 12.7358, y 14.0492, z -48.469
 10589757 (343) module 10, x 15.7975, y 17.395, z -73.469
  8703902 (268) module  8, x 24.4325, y 26.9475, z -144.281
  6562819 (205) module  6, x 32.9575, y 36.325, z -214.031

Track #126, length 5
 16784069 (576) module 16, x 8.3175, y -3.615, z  1.531
 15320315 (518) module 14, x 12.335, y -5.3475, z -24.531
 13204957 (441) module 12, x  16.24, y -6.9975, z -49.531
 11089854 (351) module 10, x 20.1175, y -8.675, z -74.531
  8942699 (275) module  8, x 30.925, y -13.2675, z -144.281

Track #127, length 5
 17473218 (562) module 16, x 0.262501, y -8.455, z  0.469
 15375229 (497) module 14, x 0.427502, y -12.2775, z -24.531
 13277495 (413) module 12, x 0.537502, y  -16.1, z -49.531
 11299059 (320) module 10, x  0.675, y -19.7575, z -73.469
  9203761 (240) module  8, x 1.0875, y -30.4275, z -143.219

Track #128, length 6
 16796897 (571) module 16, x 6.7775, y -0.8925, z  1.531
 14697640 (513) module 14, x 9.9125, y -1.3325, z -23.469
 12598383 (435) module 12, x  13.02, y -1.7725, z -48.469
 10499127 (344) module 10, x 16.1275, y -2.2125, z -73.469
  8844181 (269) module  8, x   24.9, y -3.4125, z -144.281
  4721919 (145) module  4, x 36.6725, y -5.1275, z -239.031

Track #129, length 4
 17414632 (582) module 16, x 12.9492, y -6.35583, z  0.469
 15283644 (526) module 14, x   20.2, y -8.8125, z -24.531
 13152912 (448) module 12, x 27.515, y -11.2325, z -49.531
 11021924 (360) module 10, x 34.8025, y -13.6525, z -74.531

Track #130, length 5
 17471953 (563) module 16, x 0.510002, y -7.6575, z  0.469
 15373714 (498) module 14, x 0.7575, y -11.095, z -24.531
 13275475 (414) module 12, x 0.977501, y -14.56, z -49.531
 11177236 (321) module 10, x 1.1975, y -18.025, z -74.531
  9207398 (241) module  8, x 1.8575, y -27.5125, z -143.219

Track #131, length 5
 16805854 (573) module 16, x  6.915, y 1.0325, z  1.531
 14710948 (514) module 14, x 10.105, y 1.5275, z -23.469
 12615786 (436) module 12, x 13.3225, y 1.9675, z -48.469
 10520624 (345) module 10, x 16.5125, y  2.435, z -73.469
  8810889 (270) module  8, x  25.56, y 3.7375, z -144.281

Track #132, length 5
 16813773 (574) module 16, x 7.8775, y  2.765, z  1.531
 14722443 (516) module 14, x 11.5075, y   4.03, z -23.469
 12631112 (438) module 12, x 15.1558, y 5.30417, z -48.469
 10539782 (349) module 10, x 18.795, y   6.56, z -73.469
  8781640 (273) module  8, x 29.135, y  10.09, z -144.281

Track #133, length 6
 16409043 (547) module 15, x  -3.59, y 7.5475, z -12.531
 14305952 (479) module 13, x -4.8825, y 10.325, z -37.531
 12202607 (393) module 11, x -6.2025, y 13.0475, z -62.531
 10292451 (296) module  9, x -9.79583, y 20.6192, z -131.219
  8212312 (218) module  7, x -13.49, y 28.2825, z -200.969
  6121254 (156) module  5, x -14.8008, y 31.0142, z -225.969

Track #134, length 6
 16420564 (550) module 15, x -1.115, y 7.4925, z -12.531
 14321570 (481) module 13, x -1.5275, y 10.215, z -37.531
 12222320 (398) module 11, x -1.94917, y 12.9558, z -62.531
 10261989 (307) module  9, x -3.1225, y   20.5, z -131.219
  8170074 (232) module  7, x -4.2775, y 28.1725, z -200.969
  6074664 (168) module  5, x -4.6625, y 30.9225, z -225.969

Track #135, length 6
 15792354 (540) module 15, x -6.695, y -8.5675, z -11.469
 13709238 (466) module 13, x -9.1425, y -11.73, z -36.469
 11626890 (383) module 11, x -11.5625, y -14.92, z -61.469
  9570575 (287) module  9, x -18.3275, y -23.83, z -131.219
  7627663 (210) module  7, x -25.2392, y -32.8508, z -202.031
  5515619 (149) module  5, x -27.6775, y -36.05, z -227.031

Track #136, length 4
 15806193 (541) module 15, x -5.87917, y -11.6658, z -11.469
 13729481 (470) module 13, x  -8.07, y -16.0475, z -36.469
 11652770 (386) module 11, x -10.2425, y -20.4475, z -61.469
  9612083 (288) module  9, x -16.3475, y -32.74, z -131.219

Track #137, length 8
 15377896 (496) module 14, x -0.122498, y -6.3925, z -24.531
 13280964 (412) module 12, x -0.177498, y -8.3725, z -49.531
 11183775 (319) module 10, x -0.177498, y -10.38, z -74.531
  9086522 (239) module  8, x -0.177498, y -15.9625, z -144.281
  7100883 (175) module  6, x -0.1775, y -21.49, z -212.969
  5003695 (117) module  4, x -0.1775, y -23.4975, z -237.969
  2906506 (60) module  2, x -0.1775, y -25.505, z -262.969
   809318 (1) module  0, x -0.1775, y -27.5125, z -287.969

Track #138, length 8
 15373051 (499) module 14, x 0.922501, y -5.3475, z -24.531
 13274333 (416) module 12, x 1.2525, y -6.9975, z -49.531
 11175870 (322) module 10, x 1.5275, y -8.7025, z -74.531
  9074793 (242) module  8, x 2.3525, y -13.3775, z -144.281
  6973716 (177) module  6, x 3.1775, y -18.0525, z -214.031
  5020661 (119) module  4, x 3.4525, y -19.6475, z -237.969
  2924759 (63) module  2, x 3.7275, y -21.2975, z -262.969
   829112 (5) module  0, x 4.0575, y -23.0025, z -287.969

Track #139, length 6
 14738937 (506) module 14, x 5.4575, y 7.5225, z -23.469
 12652250 (424) module 12, x 7.1625, y 9.8875, z -48.469
 10566074 (333) module 10, x  8.895, y 12.2525, z -73.469
  8499811 (257) module  8, x 13.7075, y 18.935, z -143.219
  6433291 (193) module  6, x  18.52, y 25.6175, z -212.969
  4504042 (136) module  4, x 20.2525, y  28.13, z -239.031

Track #140, length 6
 14690554 (505) module 14, x 5.4025, y -2.8725, z -23.469
 12589268 (426) module 12, x 7.4925, y -3.7525, z -48.469
 10487726 (335) module 10, x 9.5825, y -4.6875, z -73.469
  9014234 (261) module  8, x 15.4975, y -7.1625, z -144.281
  6890416 (197) module  6, x 21.2175, y -9.4725, z -214.031
  2676883 (88) module  2, x 25.425, y -11.0675, z -264.031

Track #141, length 8
 15348727 (509) module 14, x 6.1475, y  -5.54, z -24.531
 13242584 (428) module 12, x 8.0725, y -7.2725, z -49.531
 11136952 (339) module 10, x 9.9975, y -9.005, z -74.531
  9014624 (260) module  8, x  15.36, y -13.8725, z -144.281
  6892552 (196) module  6, x 20.7225, y -18.7125, z -214.031
  5108967 (139) module  4, x 22.5742, y -20.3808, z -237.969
  3020488 (87) module  2, x 24.5175, y -22.1225, z -262.969
   932264 (29) module  0, x 26.4425, y -23.8825, z -287.969

Track #142, length 7
 14297594 (474) module 13, x -6.6975, y 5.4025, z -37.531
 12192224 (387) module 11, x -8.4575, y 6.8325, z -62.531
 10072470 (290) module  9, x -13.38, y 10.9025, z -132.281
  7952460 (213) module  7, x -18.3025, y 14.9725, z -202.031
  5846833 (151) module  5, x -20.1175, y  16.43, z -227.031
  3741463 (94) module  3, x -21.8775, y 17.8875, z -252.031
  1967612 (35) module  1, x -23.5825, y 19.2625, z -275.969

Track #143, length 6
 13649900 (476) module 13, x -6.1725, y 1.1675, z -36.469
 11551182 (388) module 11, x -7.8225, y 1.4975, z -61.469
  9449594 (291) module  9, x -12.4425, y  2.405, z -131.219
  7348262 (215) module  7, x -17.0625, y 3.3125, z -200.969
  5249288 (153) module  5, x -18.7125, y   3.67, z -225.969
  3604198 (95) module  3, x -20.445, y 4.0175, z -252.031

Track #144, length 7
 13633269 (477) module 13, x -5.6775, y 4.7425, z -36.469
 12197870 (390) module 11, x -7.2475, y 6.0625, z -62.531
 10081197 (293) module  9, x -11.5375, y 9.6375, z -132.281
  7964013 (216) module  7, x -15.8275, y 13.1575, z -202.031
  5859670 (154) module  5, x -17.3675, y 14.4225, z -227.031
  3755327 (96) module  3, x -18.9075, y 15.6875, z -252.031
  1650984 (36) module  1, x -20.4475, y 16.9525, z -277.031

Track #145, length 7
 14322162 (482) module 13, x -1.4175, y  5.815, z -37.531
 12223190 (399) module 11, x -1.775, y  7.355, z -62.531
 10121352 (309) module  9, x -2.7925, y 11.6725, z -132.281
  8019257 (234) module  7, x -3.81917, y 15.9808, z -202.031
  5920541 (170) module  5, x -4.1675, y  17.53, z -227.031
  3821825 (110) module  3, x -4.4975, y 19.0975, z -252.031
  1881316 (52) module  1, x -4.855, y 20.5825, z -275.969

Track #146, length 7
 14338013 (487) module 13, x 2.01083, y 6.97917, z -37.531
 12243387 (403) module 11, x 2.5425, y   8.84, z -62.531
 10153310 (312) module  9, x 4.0825, y 13.9825, z -132.281
  6407667 (180) module  6, x 5.7875, y 19.9525, z -212.969
  4318952 (124) module  4, x 6.3925, y 21.7675, z -237.969
  2229470 (71) module  2, x 6.9425, y 23.555, z -262.969
   140755 (13) module  0, x 7.5475, y 25.3425, z -287.969

Track #147, length 7
 13267707 (418) module 12, x 2.6825, y -5.3475, z -49.531
 11167716 (326) module 10, x 3.2875, y -6.6125, z -74.531
  9062307 (246) module  8, x 5.0475, y -10.16, z -144.281
  6956643 (182) module  6, x  6.835, y -13.7075, z -214.031
  4856652 (126) module  4, x 7.4675, y -14.9725, z -239.031
  2756405 (73) module  2, x    8.1, y -16.2375, z -264.031
   656158 (15) module  0, x   8.76, y -17.5025, z -289.031

Track #148, length 7
 12628173 (427) module 12, x   7.85, y 4.6075, z -48.469
 10536108 (338) module 10, x 9.6925, y 5.7075, z -73.469
  8452687 (258) module  8, x  14.78, y 8.6775, z -143.219
  6676975 (194) module  6, x 19.9775, y 11.7675, z -214.031
  4574670 (137) module  4, x 21.7925, y 12.8675, z -239.031
  2472364 (84) module  2, x 23.6625, y 13.9675, z -264.031
   370314 (26) module  0, x 25.5325, y 15.0125, z -289.031

Track #149, length 5
 12611060 (422) module 12, x 5.7325, y 0.9225, z -48.469
 10516408 (334) module 10, x 9.0325, y 1.4725, z -73.469
  8426002 (263) module  8, x 18.1625, y 2.9575, z -143.219
  6710632 (198) module  6, x 27.375, y 4.3975, z -214.031
  4610861 (141) module  4, x  30.62, y 4.9475, z -239.031

Track #150, length 7
 12641774 (423) module 12, x 6.0625, y 7.5225, z -48.469
 10552275 (331) module 10, x 7.5475, y   9.31, z -73.469
  8478346 (254) module  8, x 11.5625, y 14.315, z -143.219
  6404416 (192) module  6, x 15.605, y 19.2925, z -212.969
  4315686 (134) module  4, x 17.0625, y 21.1075, z -237.969
  2226700 (81) module  2, x 18.4925, y 22.895, z -262.969
   325614 (24) module  0, x 20.0325, y 24.7475, z -289.031

Track #151, length 4
 12654215 (433) module 12, x 11.7275, y 10.3275, z -48.469
 10568531 (341) module 10, x 14.5508, y 12.8392, z -73.469
  8736191 (267) module  8, x 22.6175, y 19.9075, z -144.281
  6606385 (203) module  6, x 30.4275, y 26.975, z -214.031

Track #152, length 6
 11552905 (382) module 11, x -11.6175, y 1.1125, z -61.469
  9452556 (286) module  9, x -18.4925, y 1.7725, z -131.219
  7790986 (208) module  7, x -25.505, y 2.4225, z -202.031
  5694814 (148) module  5, x -27.9525, y 2.6425, z -227.031
  3598897 (92) module  3, x -30.4275, y 2.9175, z -252.031
  1502724 (33) module  1, x -32.9025, y 3.1375, z -277.031

Track #153, length 4
 12207308 (396) module 11, x -5.2125, y 7.9325, z -62.531
 10081309 (294) module  9, x -11.4825, y 17.5575, z -132.281
  8231791 (214) module  7, x -17.6425, y 27.0175, z -200.969
  6144816 (152) module  5, x -19.8608, y 30.4642, z -225.969

Track #154, length 6
 12253399 (405) module 11, x 4.6875, y 7.3275, z -62.531
 10156419 (313) module  9, x   4.77, y  11.92, z -132.281
  8059952 (237) module  7, x 4.9075, y 16.5125, z -202.031
  5962769 (173) module  5, x 4.94417, y 18.1808, z -227.031
  3932915 (115) module  3, x 4.9625, y 19.7575, z -250.969
  1835477 (58) module  1, x 5.0175, y 21.4075, z -275.969

Track #155, length 6
 11539197 (395) module 11, x -5.2375, y 4.0825, z -61.469
 10095333 (299) module  9, x -8.4025, y 6.5575, z -132.281
  7984313 (221) module  7, x -11.4825, y 8.9775, z -202.031
  5882025 (160) module  5, x -12.5825, y 9.8575, z -227.031
  3779737 (101) module  3, x -13.6825, y 10.7375, z -252.031
  1677449 (42) module  1, x -14.7825, y 11.6175, z -277.031

Track #156, length 6
 11574523 (394) module 11, x -5.3475, y -3.5075, z -61.469
  9497219 (292) module  9, x -11.9475, y -7.7975, z -131.219
  7419147 (212) module  7, x -18.5475, y -12.06, z -200.969
  5619676 (150) module  5, x -21.0225, y -13.6375, z -227.031
  3515312 (93) module  3, x -23.415, y -15.1775, z -252.031
  1410949 (34) module  1, x -25.78, y -16.7175, z -277.031

Track #157, length 5
 11558614 (389) module 11, x -7.355, y -0.0975003, z -61.469
  9461811 (289) module  9, x -16.3475, y -0.2075, z -131.219
  7778187 (209) module  7, x -25.4775, y -0.327499, z -202.031
  5680976 (147) module  5, x -28.7225, y -0.327499, z -227.031
  3583510 (90) module  3, x -31.9125, y -0.3825, z -252.031

Track #158, length 4
 13245386 (425) module 12, x 7.4675, y -8.0425, z -49.531
 11142314 (332) module 10, x  8.705, y -9.8025, z -74.531
  9029459 (255) module  8, x 12.1975, y -14.5875, z -144.281
  5081309 (133) module  4, x 16.5975, y -20.9675, z -237.969

Track #159, length 6
 11185146 (318) module 10, x -0.452499, y -5.4025, z -74.531
  9088711 (238) module  8, x -0.645, y -8.2075, z -144.281
  6992275 (174) module  6, x -0.782501, y -11.0675, z -214.031
  4895105 (116) module  4, x -0.782501, y -12.0575, z -239.031
  2798191 (59) module  2, x -0.837498, y -13.0475, z -264.031
   701020 (0) module  0, x -0.864998, y -14.0925, z -289.031

Track #160, length 6
 10503340 (336) module 10, x 9.6925, y -1.3325, z -73.469
  8402509 (259) module  8, x 14.9175, y -2.1025, z -143.219
  6744298 (195) module  6, x 20.2525, y -2.8075, z -214.031
  4648392 (138) module  4, x 22.1225, y -3.0825, z -239.031
  2552230 (85) module  2, x 23.9925, y -3.3025, z -264.031
   456323 (27) module  0, x  25.89, y -3.5775, z -289.031

Track #161, length 6
 11168248 (325) module 10, x 3.1775, y -5.485, z -74.531
  9055894 (249) module  8, x 6.4225, y -10.9025, z -144.281
  6944049 (186) module  6, x 9.6675, y -16.43, z -214.031
  4841485 (129) module  4, x 10.8225, y -18.41, z -239.031
  2962408 (77) module  2, x 11.9225, y -20.335, z -262.969
   870596 (20) module  0, x 13.105, y -22.3425, z -287.969

Track #162, length 5
  9467331 (300) module  9, x   -8.4, y  -1.39, z -131.219
  7373679 (219) module  7, x -13.0475, y -2.1325, z -200.969
  5277521 (157) module  5, x -14.6975, y -2.3525, z -225.969
  3181619 (98) module  3, x -16.3475, y -2.6275, z -250.969
  1085460 (39) module  1, x -18.0525, y -2.8475, z -275.969

Track #163, length 5
  9534932 (302) module  9, x -7.4925, y -15.9925, z -131.219
  7465633 (227) module  7, x -10.2975, y -21.9875, z -200.969
  5377935 (163) module  5, x -11.2875, y -24.1325, z -225.969
  3290749 (103) module  3, x -12.2775, y -26.2775, z -250.969
  1203562 (44) module  1, x -13.295, y -28.4225, z -275.969

Track #164, length 5
  9460958 (305) module  9, x -6.9425, y 0.0124998, z -131.219
  7363759 (228) module  7, x -9.5275, y -0.0149999, z -200.969
  5266846 (164) module  5, x -10.4625, y -0.0425, z -225.969
  3169420 (105) module  3, x -11.425, y -0.0149999, z -250.969
  1072251 (46) module  1, x -12.3875, y 0.0124998, z -275.969

Track #165, length 5
 10120933 (308) module  9, x -2.9025, y 6.5575, z -132.281
  8018872 (233) module  7, x -3.9475, y 9.0325, z -202.031
  5919656 (169) module  5, x  -4.36, y 9.9125, z -227.031
  3820696 (109) module  3, x -4.7725, y 10.7925, z -252.031
  1721480 (51) module  1, x -5.2125, y 11.6725, z -277.031

Track #166, length 5
  9512115 (298) module  9, x  -9.28, y -11.0975, z -131.219
  7442003 (217) module  7, x -14.56, y -16.9275, z -200.969
  5354289 (155) module  5, x -16.4575, y -18.99, z -225.969
  3266831 (97) module  3, x -18.3275, y -21.0525, z -250.969
  1380841 (37) module  1, x -20.3075, y -23.2075, z -277.031

Track #167, length 5
  9481466 (306) module  9, x -5.4025, y -4.3875, z -131.219
  7395524 (229) module  7, x -8.345, y -6.8075, z -200.969
  5302193 (165) module  5, x -9.4175, y -7.6325, z -225.969
  3209118 (106) module  3, x -10.4625, y -8.5125, z -250.969
  1115530 (47) module  1, x -11.5625, y -9.3925, z -275.969

Track #168, length 5
  9479376 (301) module  9, x -7.7125, y -3.9475, z -131.219
  7388064 (226) module  7, x -10.3525, y -5.2125, z -200.969
  5293199 (162) module  5, x -11.2875, y -5.7075, z -225.969
  3198335 (104) module  3, x -12.1675, y -6.2025, z -250.969
  1103470 (45) module  1, x -13.1025, y -6.6975, z -275.969

Track #169, length 5
 10130672 (310) module  9, x -0.8125, y  5.925, z -132.281
  8031670 (235) module  7, x  -1.17, y 9.1425, z -202.031
  5933985 (171) module  5, x -1.3075, y 10.2975, z -227.031
  3836044 (113) module  3, x -1.4725, y 11.4525, z -252.031
  1738359 (56) module  1, x -1.5825, y 12.6075, z -277.031

Track #170, length 5
  9071576 (243) module  8, x   3.04, y -7.2725, z -144.281
  6969514 (178) module  6, x 4.1125, y -9.8025, z -214.031
  4870553 (120) module  4, x 4.4975, y -10.7375, z -239.031
  2771592 (64) module  2, x 4.8825, y -11.645, z -264.031
   672632 (6) module  0, x 5.2675, y -12.5525, z -289.031

Track #171, length 5
  8417791 (247) module  8, x 5.1275, y 1.1425, z -143.219
  6322399 (183) module  6, x 6.8875, y 1.5275, z -212.969
  4225747 (127) module  4, x 7.5475, y 1.6375, z -237.969
  2129352 (74) module  2, x 8.1525, y 1.8025, z -262.969
    32700 (16) module  0, x 8.8125, y 1.9125, z -287.969

Track #172, length 5
  8412886 (251) module  8, x  7.355, y 0.0975003, z -143.219
  6315687 (187) module  6, x   9.94, y 0.0975003, z -212.969
  4218519 (130) module  4, x 10.8475, y  0.125, z -237.969
  2121606 (76) module  2, x 11.7825, y 0.1525, z -262.969
    24437 (19) module  0, x 12.7175, y 0.1525, z -287.969

Track #173, length 5
  9062806 (245) module  8, x 4.9375, y -10.875, z -144.281
  6957650 (181) module  6, x 6.62417, y -14.6242, z -214.031
  4857658 (125) module  4, x 7.2475, y -15.935, z -239.031
  2757410 (72) module  2, x 7.86625, y -17.2688, z -264.031
   657417 (14) module  0, x 8.4905, y -18.6135, z -289.031

Track #174, length 5
  8412125 (250) module  8, x 6.9975, y  -0.04, z -143.219
  6314928 (185) module  6, x 9.4725, y -0.0675001, z -212.969
  4217760 (128) module  4, x 10.3525, y -0.0675001, z -237.969
  2120592 (75) module  2, x 11.2325, y -0.0675001, z -262.969
    23424 (18) module  0, x 12.1125, y -0.0675001, z -287.969

Track #175, length 4
  7360403 (225) module  7, x -11.0675, y 0.7275, z -200.969
  5262439 (158) module  5, x -13.4875, y 0.8925, z -225.969
  3164475 (99) module  3, x -15.9075, y 1.0575, z -250.969
  1066511 (38) module  1, x -18.3275, y 1.2225, z -275.969

Track #176, length 4
  8046075 (236) module  7, x 1.8825, y 5.3475, z -202.031
  5949682 (172) module  5, x 2.0475, y 5.8425, z -227.031
  3853545 (114) module  3, x 2.2675, y 6.3375, z -252.031
  1757151 (57) module  1, x 2.4325, y 6.8875, z -277.031

Track #177, length 4
  7464335 (222) module  7, x -11.2875, y -21.7125, z -200.969
  5376379 (161) module  5, x -12.36, y -23.8025, z -225.969
  3288936 (102) module  3, x -13.4325, y -25.92, z -250.969
  1201748 (43) module  1, x -14.5325, y -28.0375, z -275.969

Track #178, length 4
  8005352 (230) module  7, x -6.8625, y 6.3925, z -202.031
  5905117 (167) module  5, x -7.5225, y 6.9975, z -227.031
  3804625 (108) module  3, x  -8.21, y 7.6575, z -252.031
  1704390 (49) module  1, x -8.8975, y 8.2625, z -277.031

Track #179, length 4
  7364582 (231) module  7, x -6.5025, y  -0.18, z -200.969
  5267661 (166) module  5, x -7.8775, y -0.2075, z -225.969
  3170739 (107) module  3, x -9.3075, y -0.2625, z -250.969
  1073818 (48) module  1, x -10.6825, y -0.3175, z -275.969

Track #180, length 4
  6347381 (188) module  6, x  12.69, y 6.9175, z -212.969
  4253280 (132) module  4, x 13.8725, y 7.5775, z -237.969
  2159178 (79) module  2, x 15.0825, y 8.2375, z -262.969
    65077 (22) module  0, x 16.2375, y 8.8975, z -287.969

Track #181, length 4
  6983926 (176) module  6, x 1.0325, y -5.6225, z -214.031
  4885994 (118) module  4, x   1.17, y -6.2825, z -239.031
  2788318 (61) module  2, x 1.3075, y -6.9425, z -264.031
   690642 (3) module  0, x 1.4175, y -7.6025, z -289.031

Track #182, length 4
  6315254 (179) module  6, x  5.595, y -0.0124998, z -212.969
  4218093 (123) module  4, x 6.1175, y -0.0124998, z -237.969
  2120676 (70) module  2, x 6.6125, y  -0.04, z -262.969
    23514 (12) module  0, x 7.1625, y -0.0675001, z -287.969

Track #183, length 4
  6925014 (190) module  6, x 13.765, y -7.3825, z -214.031
  4804054 (135) module  4, x  18.88, y -7.3825, z -239.031
  2683606 (86) module  2, x 24.0225, y -7.355, z -264.031
   562390 (31) module  0, x 29.165, y -7.3825, z -289.031

Track #184, length 3
 53502450 (1664) module 51, x -5.8425, y -0.2625, z 751.531
 51405049 (1612) module 49, x -5.4575, y -0.235, z 706.531
 49307903 (1558) module 47, x -5.1275, y -0.2075, z 661.531

Track #185, length 3
 53245830 (1617) module 50, x 1.4725, y -25.725, z 739.531
 51011343 (1565) module 48, x 3.70917, y -18.3092, z 693.469
 48904083 (1518) module 46, x 5.9275, y -11.04, z 648.469

Track #186, length 3
 40281021 (1300) module 38, x   22.7, y 0.987499, z 312.463
 37771099 (1234) module 36, x 14.1475, y -0.2875, z 251.531
 35671707 (1167) module 34, x   10.6, y -0.7825, z 226.531

Track #187, length 3
 39768704 (1245) module 37, x -34.8575, y 26.055, z 263.531
 37655491 (1179) module 35, x -31.3925, y 22.3975, z 238.531
 35171596 (1119) module 33, x -27.8175, y 18.4925, z 212.469

Track #188, length 3
 35404115 (1143) module 33, x 1.9375, y  28.53, z 213.531
 33308072 (1086) module 31, x 1.7175, y 23.8825, z 188.531
 31112450 (1028) module 29, x 1.4425, y 19.0425, z 162.469

Track #189, length 3
 32682839 (1071) module 31, x -14.34, y -33.1525, z 188.531
 30556295 (1011) module 29, x  -11.7, y -26.8275, z 163.531
 28430006 (937) module 27, x -9.1425, y -20.475, z 138.531

Track #190, length 3
 33090134 (1063) module 31, x -24.435, y 14.4225, z 187.469
 31008413 (999) module 29, x -21.0525, y  10.49, z 162.469
 28926693 (926) module 27, x -17.725, y 6.5575, z 137.469

Track #191, length 3
 33307309 (1087) module 31, x  1.855, y 23.6075, z 188.531
 31112450 (1028) module 29, x 1.4425, y 19.0425, z 162.469
 29013842 (954) module 27, x 1.1125, y 14.6425, z 137.469

Track #192, length 3
 30843534 (998) module 29, x -25.285, y -1.0425, z 162.469
 28747771 (925) module 27, x -19.29, y -0.767502, z 137.469
 26240101 (849) module 25, x -13.57, y -0.4275, z 113.531

Track #193, length 3
 29885033 (994) module 28, x 37.2225, y -13.35, z 150.469
 27833769 (909) module 26, x 27.3775, y -9.82083, z 125.469
 25781994 (827) module 24, x 17.4958, y -6.26417, z 100.469

Track #194, length 3
 29256865 (920) module 27, x -29.2475, y  24.24, z 138.531
 26818606 (844) module 25, x -20.035, y 16.595, z 112.469
 24762803 (781) module 23, x -11.1892, y 9.27083, z 87.469

Track #195, length 3
 28910220 (924) module 27, x -21.245, y 11.4525, z 137.469
 26843594 (846) module 25, x  -14.7, y 8.0425, z 112.469
 24118977 (784) module 23, x -8.50083, y 4.72417, z 88.531

Track #196, length 3
 29189308 (929) module 27, x -14.645, y 22.7825, z 138.531
 26865216 (853) module 25, x -10.0158, y 15.6142, z 112.469
 24788157 (790) module 23, x -5.61583, y 8.73917, z 87.469

Track #197, length 3
 29262275 (918) module 27, x -30.4392, y 22.3608, z 138.531
 26814789 (842) module 25, x -20.8508, y 15.3392, z 112.469
 24760768 (779) module 23, x -11.6475, y  8.565, z 87.469

Track #198, length 3
 27831798 (910) module 26, x 27.8175, y -5.58583, z 125.469
 25172496 (829) module 24, x 18.245, y -3.6425, z 101.531
 23084742 (749) module 22, x 8.2625, y -1.635, z 76.531

Track #199, length 3
 27838674 (908) module 26, x 26.305, y -7.6025, z 125.469
 25172496 (829) module 24, x 18.245, y -3.6425, z 101.531
 23094698 (754) module 22, x 9.8025, y 0.4825, z 76.531

Track #200, length 3
 26649905 (838) module 25, x  -30.4, y -0.850002, z 112.469
 24553382 (767) module 23, x -23.965, y -0.740002, z 87.469
 22046745 (708) module 21, x -17.75, y -0.6475, z 63.531

Track #201, length 3
 23516247 (762) module 22, x  28.31, y -1.7075, z 75.469
 21416952 (701) module 20, x 19.4825, y -1.2125, z 50.469
 18894739 (647) module 18, x  11.04, y -0.7275, z 26.531

Track #202, length 3
 17479716 (559) module 16, x -1.1675, y -17.145, z  0.469
 15482779 (494) module 14, x -1.6075, y -24.57, z -23.469
 13383694 (410) module 12, x -1.9925, y -32.325, z -48.469

Track #203, length 3
 15821948 (532) module 15, x -12.3142, y -15.0758, z -11.469
 13750572 (459) module 13, x -16.705, y -20.6125, z -36.469
 11851991 (371) module 11, x -21.27, y -26.4525, z -62.531

Track #204, length 3
 13672152 (473) module 13, x -7.23583, y -3.65417, z -36.469
 11588207 (380) module 11, x -13.02, y -6.4775, z -61.469
  9810245 (280) module  9, x  -29.3, y -14.4075, z -132.281

Track #205, length 3
 13651687 (475) module 13, x  -6.42, y 0.7825, z -36.469
 11551371 (384) module 11, x -11.48, y 1.4425, z -61.469
  9892228 (283) module  9, x -25.8625, y 3.3025, z -132.281

Track #206, length 3
 13274326 (415) module 12, x 1.2525, y -7.3825, z -49.531
 11174027 (323) module 10, x 1.9125, y -11.5075, z -74.531
  9215676 (244) module  8, x 3.65417, y -22.7642, z -143.219

Track #207, length 3
 10090926 (297) module  9, x  -9.42, y 9.5825, z -132.281
  8260513 (211) module  7, x -23.9125, y  24.24, z -200.969
  6187586 (146) module  5, x -29.165, y 29.4925, z -225.969

Track #208, length 3
  8736195 (266) module  8, x 22.3975, y  19.88, z -144.281
  6607157 (202) module  6, x  30.18, y 26.8375, z -214.031
  4498434 (144) module  4, x 32.985, y 29.3125, z -239.031

Track #209, length 3
  7465355 (220) module  7, x -11.5075, y -21.9325, z -200.969
  5378420 (159) module  5, x -12.7725, y -24.2425, z -225.969
  3291742 (100) module  3, x -13.9825, y -26.4975, z -250.969

Track #210, length 3
  6345840 (189) module  6, x 12.965, y 6.5875, z -212.969
  4250216 (131) module  4, x 13.4325, y 6.9175, z -237.969
  2154334 (78) module  2, x 13.955, y 7.1925, z -262.969

