Track #0, length 12
 54444873 (1231) module 51, x -34.0325, y 29.1075, z 751.531
 52337770 (1175) module 49, x -31.8875, y 27.265, z 706.531
 50230668 (1119) module 47, x -29.7425, y 25.4225, z 661.531
 48123566 (1077) module 45, x -27.5975, y 23.5525, z 616.531
 45684233 (1037) module 43, x -21.9325, y  18.63, z 496.921
 43608401 (995) module 41, x -17.34, y 14.6975, z 401.411
 41528714 (943) module 39, x -13.6275, y 11.535, z 324.463
 39445433 (897) module 37, x -10.6575, y 8.9775, z 262.469
 37353931 (835) module 35, x -9.4475, y 7.9875, z 237.469
 35261918 (778) module 33, x -8.2375, y 6.9425, z 212.469
 33170416 (723) module 31, x -7.0275, y 5.9525, z 187.469
 30409457 (674) module 29, x -5.8975, y 4.9625, z 163.531

Track #1, length 7
 53497875 (1237) module 51, x -18.1075, y 0.6725, z 751.531
 51401001 (1181) module 49, x -16.8975, y 0.6175, z 706.531
 49303870 (1125) module 47, x -15.7425, y   0.59, z 661.531
 47206996 (1080) module 45, x -14.5325, y 0.5625, z 616.531
 45110414 (1041) module 43, x -11.3425, y 0.4525, z 497.982
 43013822 (1003) module 41, x -8.7025, y 0.3425, z 402.473
 40916964 (952) module 39, x -6.6125, y 0.2875, z 325.525

Track #2, length 7
 53530927 (1238) module 51, x -16.5675, y  -6.45, z 751.531
 51431747 (1183) module 49, x -15.4675, y  -6.01, z 706.531
 49332567 (1127) module 47, x -14.3675, y  -5.57, z 661.531
 47233387 (1081) module 45, x -13.2675, y -5.1025, z 616.531
 45130912 (1042) module 43, x -10.325, y -3.9475, z 497.982
 43029452 (1004) module 41, x -7.9325, y -3.0125, z 402.473
 40929006 (955) module 39, x -6.0625, y -2.2975, z 325.525

Track #3, length 5
 53543599 (1242) module 51, x -9.5275, y -9.2275, z 751.531
 51444154 (1188) module 49, x -8.895, y -8.6225, z 706.531
 49343942 (1134) module 47, x -8.2625, y  -7.99, z 661.531
 47243986 (1085) module 45, x -7.6025, y -7.3575, z 616.531
 45139185 (1046) module 43, x -5.8975, y -5.7075, z 497.982

Track #4, length 5
 53535932 (1244) module 51, x -8.8125, y -7.4675, z 751.531
 51436742 (1190) module 49, x -8.2625, y -7.0275, z 706.531
 49337296 (1136) module 47, x -7.7125, y -6.5325, z 661.531
 47237850 (1087) module 45, x -7.1625, y -6.0375, z 616.531
 45135093 (1047) module 43, x -5.6775, y -4.8275, z 497.982

Track #5, length 5
 53558985 (1246) module 51, x -8.0975, y -12.555, z 751.531
 51458257 (1191) module 49, x -7.6575, y -11.7575, z 706.531
 49357274 (1137) module 47, x -7.1625, y -10.9325, z 661.531
 47256291 (1088) module 45, x -6.6675, y -10.1075, z 616.531
 45149692 (1049) module 43, x -5.2925, y  -7.99, z 497.982

Track #6, length 4
 53496531 (1247) module 51, x -7.5475, y 1.0025, z 751.531
 51399644 (1193) module 49, x -7.0525, y 0.9475, z 706.531
 49302757 (1138) module 47, x -6.5575, y 0.8925, z 661.531
 47206127 (1089) module 45, x -6.0075, y 0.7825, z 616.531

Track #7, length 4
 54151628 (1251) module 51, x -4.9375, y 7.9325, z 750.469
 52056022 (1196) module 49, x -4.6075, y 7.3825, z 705.469
 49960415 (1141) module 47, x -4.2775, y   6.86, z 660.469
 47864809 (1091) module 45, x -3.9475, y 6.3375, z 615.469

Track #8, length 5
 54158260 (1252) module 51, x -3.5075, y 9.2525, z 750.469
 52062400 (1197) module 49, x -3.2325, y 8.5925, z 705.469
 49966283 (1142) module 47, x -3.0125, y 7.9875, z 660.469
 47870422 (1092) module 45, x -2.7375, y 7.3825, z 615.469
 45776115 (1051) module 43, x -2.1325, y 5.7875, z 496.921

Track #9, length 8
 54118956 (1239) module 51, x -12.0325, y 16.7325, z 750.469
 52025407 (1185) module 49, x -11.2625, y 15.6875, z 705.469
 49931858 (1130) module 47, x -10.4925, y 14.615, z 660.469
 47838310 (1083) module 45, x -9.7225, y 13.5425, z 615.469
 45750168 (1043) module 43, x -7.6875, y 10.765, z 496.921
 43660481 (1005) module 41, x -6.0925, y   8.51, z 401.411
 41569507 (956) module 39, x -4.7725, y 6.6675, z 324.463
 39477245 (905) module 37, x -3.7275, y 5.2375, z 262.469

Track #10, length 5
 53521324 (1241) module 51, x -9.6925, y -4.3325, z 751.531
 51422904 (1187) module 49, x -9.0325, y -4.0575, z 706.531
 49324484 (1133) module 47, x -8.3725, y -3.7825, z 661.531
 47225808 (1084) module 45, x -7.7125, y -3.4525, z 616.531
 45125103 (1045) module 43, x -6.0075, y -2.6825, z 497.982

Track #11, length 5
 53564853 (1243) module 51, x  -9.17, y -13.7925, z 751.531
 51463362 (1189) module 49, x -8.455, y -12.8575, z 706.531
 49361870 (1135) module 47, x -7.8225, y -11.9225, z 661.531
 47260377 (1086) module 45, x -7.2175, y -10.9875, z 616.531
 45150458 (1048) module 43, x -5.4025, y -8.155, z 497.982

Track #12, length 4
 53545923 (1245) module 51, x   -8.4, y -9.7225, z 751.531
 51468110 (1184) module 49, x -14.8442, y -13.9208, z 706.531
 49638355 (1123) module 47, x -21.49, y -18.2575, z 660.469
 47520861 (1076) module 45, x -27.98, y -22.6025, z 615.469

Track #13, length 4
 54150607 (1250) module 51, x -5.1575, y 7.7675, z 750.469
 52055257 (1195) module 49, x -4.7725, y 7.2175, z 705.469
 49959650 (1140) module 47, x -4.4425, y  6.695, z 660.469
 47864044 (1090) module 45, x -4.1125, y 6.1725, z 615.469

Track #14, length 4
 54194137 (1255) module 51, x 4.1925, y 7.2175, z 750.469
 52095714 (1200) module 49, x 3.9175, y 6.7225, z 705.469
 49997291 (1146) module 47, x 3.6425, y 6.2275, z 660.469
 47898868 (1093) module 45, x 3.3675, y 5.7325, z 615.469

Track #15, length 4
 53142990 (1202) module 50, x -3.6425, y -7.8225, z 738.469
 51044568 (1148) module 48, x -3.395, y -7.2725, z 693.469
 48946401 (1095) module 46, x -3.1475, y  -6.75, z 648.469
 46847979 (1052) module 44, x   -2.9, y -6.2275, z 603.469

Track #16, length 7
 52522148 (1213) module 50, x 10.1325, y 15.0575, z 739.531
 50420146 (1158) module 48, x 9.3625, y 14.0125, z 694.531
 48318402 (1100) module 46, x 8.4825, y 13.0225, z 649.531
 46216401 (1056) module 44, x 7.6575, y 11.9775, z 604.531
 44107254 (1014) module 42, x 5.6225, y 9.3925, z 485.982
 43709141 (1008) module 41, x 4.3575, y 7.4375, z 401.411
 41607414 (960) module 39, x 3.3675, y 5.6225, z 324.463

Track #17, length 9
 53287300 (1215) module 50, x 10.4925, y -25.835, z 739.531
 51186597 (1160) module 48, x 9.7225, y -24.0475, z 694.531
 49086406 (1103) module 46, x   8.98, y -22.2325, z 649.531
 46985958 (1059) module 44, x 8.2375, y -20.445, z 604.531
 44708160 (1017) module 42, x 6.2575, y -15.6325, z 484.921
 42618246 (968) module 40, x 4.7175, y -11.7825, z 389.411
 40526782 (914) module 38, x 3.5075, y -8.7025, z 312.463
 38434025 (855) module 36, x 2.5725, y -6.3375, z 250.469
 36338683 (795) module 34, x   2.16, y -5.3475, z 225.469

Track #18, length 8
 52551293 (1216) module 50, x 12.2775, y 21.3275, z 739.531
 50447500 (1162) module 48, x 11.4525, y 19.8975, z 694.531
 48343451 (1106) module 46, x 10.6275, y 18.4125, z 649.531
 46239402 (1062) module 44, x 9.76583, y 16.9642, z 604.531
 44124371 (1019) module 42, x   7.52, y 13.0775, z 485.982
 42012660 (970) module 40, x 5.7325, y   9.97, z 390.473
 41612494 (963) module 39, x 4.4675, y  7.795, z 324.463
 39509747 (911) module 37, x  3.285, y 5.7875, z 262.469

Track #19, length 6
 52460139 (1219) module 50, x 13.2675, y 1.6375, z 739.531
 50362492 (1164) module 48, x 12.3325, y  1.555, z 694.531
 48265100 (1108) module 46, x 11.4525, y 1.4725, z 649.531
 46167709 (1064) module 44, x 10.5175, y 1.4175, z 604.531
 44069064 (1021) module 42, x 8.1525, y 1.0875, z 485.982
 41970924 (972) module 40, x 6.1725, y 0.8675, z 390.473

Track #20, length 4
 53056102 (1221) module 50, x 15.1125, y -13.5425, z 738.469
 50963831 (1167) module 48, x 14.0675, y -12.6075, z 693.469
 48871560 (1110) module 46, x 13.0225, y -11.6725, z 648.469
 46779032 (1066) module 44, x 12.0215, y -10.7815, z 603.469

Track #21, length 4
 53055330 (1222) module 50, x 15.2775, y -13.735, z 738.469
 50963060 (1168) module 48, x 14.205, y -12.7725, z 693.469
 48871045 (1111) module 46, x 13.1325, y -11.81, z 648.469
 46779032 (1066) module 44, x 12.0215, y -10.7815, z 603.469

Track #22, length 8
 53315022 (1224) module 50, x  16.46, y -21.7925, z 739.531
 51212777 (1169) module 48, x 15.3325, y -20.28, z 694.531
 48866055 (1112) module 46, x 14.1775, y -18.74, z 648.469
 46774307 (1067) module 44, x 13.0225, y -17.2275, z 603.469
 44691050 (1022) module 42, x 10.0525, y -13.295, z 484.921
 42604708 (973) module 40, x 7.6325, y -10.1325, z 389.411
 40516563 (915) module 38, x   5.68, y -7.5475, z 312.463
 38426872 (858) module 36, x 4.1125, y -5.5125, z 250.469

Track #23, length 7
 52838908 (1226) module 50, x 19.2625, y   6.35, z 738.469
 50382869 (1172) module 48, x 17.9975, y 5.9275, z 694.531
 48283693 (1115) module 46, x 16.6775, y  5.515, z 649.531
 46184517 (1070) module 44, x  15.33, y  5.075, z 604.531
 44082053 (1025) module 42, x 11.8375, y 3.8925, z 485.982
 41980600 (977) module 40, x 9.0325, y 2.9575, z 390.473
 39879905 (919) module 38, x   6.75, y 2.1875, z 313.525

Track #24, length 10
 53375965 (1229) module 50, x  29.66, y -20.9675, z 739.531
 51269367 (1173) module 48, x 27.5975, y -19.51, z 694.531
 48813844 (1116) module 46, x 25.5075, y -18.0525, z 648.469
 46726190 (1071) module 44, x 23.4725, y -16.595, z 603.469
 44653683 (1027) module 42, x 18.0825, y  -12.8, z 484.921
 42576811 (979) module 40, x 13.7375, y -9.7475, z 389.411
 40495832 (922) module 38, x 10.2725, y -7.2725, z 312.463
 38411260 (865) module 36, x 7.4675, y -5.2925, z 250.469
 35654376 (799) module 34, x 6.3925, y -4.5225, z 226.531
 33560829 (742) module 32, x 5.2375, y -3.7525, z 201.531

Track #25, length 6
 53140056 (1203) module 50, x -3.0375, y -14.3125, z 738.469
 51041898 (1149) module 48, x -2.8175, y -13.3225, z 693.469
 48943740 (1096) module 46, x -2.5975, y -12.3325, z 648.469
 46845582 (1053) module 44, x -2.3775, y -11.3425, z 603.469
 44745917 (1012) module 42, x -1.8275, y -8.7575, z 484.921
 42646755 (965) module 40, x -1.3875, y -6.6675, z 389.411

Track #26, length 4
 53090274 (1210) module 50, x 7.6875, y -6.7225, z 738.469
 50995690 (1155) module 48, x 7.1375, y -6.255, z 693.469
 48900851 (1098) module 46, x 6.6425, y -5.7875, z 648.469
 46806267 (1054) module 44, x 6.0925, y  -5.32, z 603.469

Track #27, length 6
 53084561 (1212) module 50, x 8.8975, y -11.1775, z 738.469
 50990238 (1157) module 48, x 8.2925, y -10.435, z 693.469
 48895916 (1099) module 46, x 7.6875, y -9.6925, z 648.469
 46801594 (1055) module 44, x 7.0825, y -8.9225, z 603.469
 44711903 (1013) module 42, x   5.46, y -6.8875, z 484.921
 42620925 (967) module 40, x 4.1675, y -5.2375, z 389.411

Track #28, length 10
 52597923 (1214) module 50, x  10.16, y 31.4475, z 739.531
 50490800 (1159) module 48, x 9.4725, y 29.3025, z 694.531
 48383420 (1102) module 46, x  8.785, y 27.1025, z 649.531
 46276297 (1058) module 44, x 8.0975, y 24.9575, z 604.531
 44153066 (1016) module 42, x  6.255, y 19.2375, z 485.982
 43711561 (1010) module 41, x  4.935, y 15.1375, z 401.411
 41609100 (962) module 39, x 3.7525, y 11.4525, z 324.463
 39507394 (910) module 37, x 2.7625, y 8.4825, z 262.469
 37408472 (845) module 35, x 2.3775, y 7.2725, z 237.469
 35309550 (786) module 33, x 1.9925, y 6.0625, z 212.469

Track #29, length 6
 52433019 (1217) module 50, x  12.36, y -4.1925, z 739.531
 50337677 (1161) module 48, x 11.3975, y -3.8075, z 694.531
 48242334 (1105) module 46, x 10.4625, y -3.4225, z 649.531
 46146478 (1061) module 44, x 9.5825, y  -3.12, z 604.531
 44052952 (1018) module 42, x  7.245, y -2.3775, z 485.982
 41958649 (969) module 40, x   5.43, y -1.7725, z 390.473

Track #30, length 7
 52519286 (1218) module 50, x 12.6625, y  14.48, z 739.531
 50417541 (1163) module 48, x  11.81, y 13.4625, z 694.531
 48315796 (1107) module 46, x 10.985, y 12.4725, z 649.531
 46214051 (1063) module 44, x 10.1875, y 11.4825, z 604.531
 44105421 (1020) module 42, x 7.8775, y 8.8975, z 485.982
 41998575 (971) module 40, x 6.0075, y 6.8075, z 390.473
 41613819 (964) module 39, x 4.7425, y 5.3475, z 324.463

Track #31, length 4
 53063770 (1220) module 50, x 13.4625, y -14.2025, z 738.469
 50970984 (1165) module 48, x 12.5275, y -13.405, z 693.469
 48877689 (1109) module 46, x 11.7025, y -12.4975, z 648.469
 46784904 (1065) module 44, x 10.7675, y -11.645, z 603.469

Track #32, length 8
 53316828 (1225) module 50, x 16.8175, y -21.0225, z 739.531
 51214327 (1170) module 48, x 15.6625, y -19.5375, z 694.531
 48864788 (1113) module 46, x 14.4525, y -18.0525, z 648.469
 46773038 (1068) module 44, x 13.2975, y -16.6225, z 603.469
 44690035 (1023) module 42, x 10.245, y -12.8275, z 484.921
 42603947 (974) module 40, x 7.7975, y -9.7475, z 389.411
 40516056 (916) module 38, x 5.8175, y -7.2725, z 312.463
 38426364 (859) module 36, x 4.2225, y -5.2925, z 250.469

Track #33, length 9
 54039788 (1232) module 51, x -29.1925, y 6.1725, z 750.469
 51951859 (1176) module 49, x -27.2125, y 5.7875, z 705.469
 49863931 (1121) module 47, x -25.2325, y 5.3475, z 660.469
 45094419 (1038) module 43, x -18.1075, y  3.835, z 497.982
 43001695 (996) module 41, x -13.9275, y 2.9275, z 402.473
 40907932 (946) module 39, x -10.5725, y 2.2125, z 325.525
 38813390 (899) module 37, x -7.8225, y 1.6625, z 263.531
 36717282 (838) module 35, x -6.7225, y 1.4425, z 238.531
 34621174 (781) module 33, x -5.6225, y 1.2225, z 213.531

Track #34, length 4
 51990304 (1179) module 49, x -18.77, y 17.3925, z 705.469
 49896263 (1124) module 47, x -18.11, y 15.2475, z 660.469
 47802223 (1079) module 45, x -17.4775, y 13.0475, z 615.469
 43001695 (996) module 41, x -13.9275, y 2.9275, z 402.473

Track #35, length 6
 48337090 (1101) module 46, x 8.4825, y 17.065, z 649.531
 46233551 (1057) module 44, x 7.7675, y 15.6625, z 604.531
 44119280 (1015) module 42, x 5.9525, y 12.005, z 485.982
 43710641 (1009) module 41, x 4.6875, y 9.4175, z 401.411
 41608155 (961) module 39, x 3.5325, y 7.1075, z 324.463
 39506685 (909) module 37, x  2.625, y 5.2375, z 262.469

Track #36, length 5
 48859635 (1114) module 46, x 15.6075, y  -5.76, z 648.469
 46768380 (1069) module 44, x 14.315, y -5.2925, z 603.469
 44044948 (1024) module 42, x 11.0125, y -4.0825, z 485.982
 41952196 (976) module 40, x 8.3725, y -3.1475, z 390.473
 39858923 (918) module 38, x 6.2275, y -2.3225, z 313.525

Track #37, length 9
 48539401 (1118) module 46, x 32.6275, y 29.1475, z 648.469
 46453304 (1073) module 44, x 30.015, y 26.7825, z 603.469
 44384181 (1029) module 42, x 23.1675, y  20.65, z 484.921
 42039577 (981) module 40, x  17.75, y 15.7725, z 390.473
 39924074 (924) module 38, x 13.3225, y 11.8125, z 313.525
 37812651 (866) module 36, x 9.7475, y   8.65, z 251.531
 35709637 (800) module 34, x 8.3175, y 7.3575, z 226.531
 33606367 (743) module 32, x 6.85083, y 6.07417, z 201.531
 31503354 (690) module 30, x 5.4025, y 4.7725, z 176.531

Track #38, length 8
 46557195 (1075) module 44, x 32.5175, y  4.205, z 603.469
 44464786 (1031) module 42, x 25.0925, y 3.2425, z 484.921
 42371327 (983) module 40, x 19.0975, y 2.4725, z 389.411
 39878232 (926) module 38, x 14.3125, y 1.8575, z 313.525
 37778847 (869) module 36, x 10.4075, y 1.3625, z 251.531
 35680699 (802) module 34, x   8.84, y   1.17, z 226.531
 33582808 (745) module 32, x 7.2725, y 0.9775, z 201.531
 31484661 (691) module 30, x 5.6775, y 0.7575, z 176.531

Track #39, length 8
 46516011 (1074) module 44, x  30.73, y  13.17, z 603.469
 44433067 (1030) module 42, x 23.7175, y 10.1725, z 484.921
 42002961 (982) module 40, x  18.19, y 7.7975, z 390.473
 39896421 (925) module 38, x  13.57, y   5.79, z 313.525
 37791913 (867) module 36, x 9.8575, y  4.195, z 251.531
 35691972 (801) module 34, x 8.3725, y 3.5625, z 226.531
 33591775 (744) module 32, x 6.8875, y 2.9025, z 201.531
 31491834 (689) module 30, x 5.4025, y 2.2975, z 176.531

Track #40, length 8
 46068332 (1035) module 43, x -36.645, y 27.1825, z 497.982
 43931873 (992) module 41, x -28.175, y 20.7475, z 402.473
 41493058 (937) module 39, x -21.245, y 15.5225, z 324.463
 39421837 (889) module 37, x -15.7175, y 11.3975, z 262.469
 37334955 (826) module 35, x -13.5175, y 9.7475, z 237.469
 35247816 (771) module 33, x -11.3358, y 8.13417, z 212.469
 33161189 (719) module 31, x  -9.09, y   6.53, z 187.469
 30409181 (670) module 29, x -6.9975, y 5.0175, z 163.531

Track #41, length 6
 45482776 (1036) module 43, x -31.7842, y -9.75083, z 496.921
 43396255 (994) module 41, x -24.3775, y -7.5325, z 401.411
 40944651 (942) module 39, x -18.52, y -5.7075, z 325.525
 38840674 (895) module 37, x -13.735, y -4.2225, z 263.531
 36740742 (831) module 35, x -11.7825, y -3.6175, z 238.531
 34640809 (776) module 33, x -9.8575, y  -3.04, z 213.531

Track #42, length 7
 45909367 (1050) module 43, x -2.2425, y 26.5775, z 497.982
 43810023 (1007) module 41, x -1.7475, y 20.4175, z 402.473
 41585221 (959) module 39, x -1.335, y 15.3575, z 324.463
 39489934 (908) module 37, x -0.977501, y 11.3425, z 262.469
 37393323 (844) module 35, x -0.8675, y   9.72, z 237.469
 35296969 (785) module 33, x -0.702499, y 8.0975, z 212.469
 33200358 (729) module 31, x -0.592499, y 6.5025, z 187.469

Track #43, length 7
 44973354 (1032) module 42, x 26.6625, y -30.8125, z 485.982
 42847151 (985) module 40, x 20.2825, y -23.47, z 390.473
 40473375 (927) module 38, x 15.0575, y -17.4475, z 312.463
 38395509 (870) module 36, x 10.9325, y -12.69, z 250.469
 36306072 (803) module 34, x 9.2825, y -10.765, z 225.469
 34216124 (746) module 32, x  7.605, y -8.8125, z 200.469
 32126943 (692) module 30, x 5.9275, y -6.8875, z 175.469

Track #44, length 8
 44461327 (1033) module 42, x  32.27, y   3.93, z 484.921
 42368925 (987) module 40, x 24.4875, y 2.9675, z 389.411
 39879695 (929) module 38, x 18.3275, y 2.1875, z 313.525
 37779818 (872) module 36, x 13.3225, y 1.5825, z 251.531
 35681422 (806) module 34, x 11.315, y 1.3075, z 226.531
 33583027 (749) module 32, x 9.3075, y 1.0325, z 201.531
 31484888 (696) module 30, x 7.2725, y 0.8125, z 176.531
 29386748 (638) module 28, x 5.2925, y 0.5925, z 151.531

Track #45, length 8
 44227380 (1026) module 42, x 16.2925, y  35.38, z 485.982
 42090875 (978) module 40, x 12.3508, y 26.9192, z 390.473
 39962805 (921) module 38, x 9.1975, y 20.1175, z 313.525
 37840099 (864) module 36, x 6.6675, y 14.6175, z 251.531
 35732725 (798) module 34, x 5.6775, y 12.4175, z 226.531
 35323793 (787) module 33, x 5.0725, y 11.1775, z 212.469
 33222073 (731) module 31, x 4.0825, y 8.9775, z 187.469
 31120353 (679) module 29, x 3.0925, y 6.7775, z 162.469

Track #46, length 8
 45015268 (1034) module 42, x 35.6275, y -20.5825, z 485.982
 42515264 (988) module 40, x 27.0292, y -15.5958, z 389.411
 40449673 (930) module 38, x 20.1725, y -11.6175, z 312.463
 38378435 (873) module 36, x 14.6175, y -8.4275, z 250.469
 36291546 (807) module 34, x 12.4175, y -7.135, z 225.469
 34204658 (750) module 32, x  10.19, y -5.8425, z 200.469
 31459529 (697) module 30, x   8.07, y -4.6325, z 176.531
 29368306 (639) module 28, x 5.8425, y -3.3675, z 151.531

Track #47, length 8
 43186605 (1000) module 41, x -9.6375, y -37.0025, z 402.473
 41047256 (951) module 39, x -7.245, y -27.9275, z 325.525
 38916347 (904) module 37, x -5.3475, y -20.585, z 263.531
 38535933 (847) module 36, x -4.9625, y -19.18, z 251.531
 36367928 (790) module 34, x -4.1375, y -16.0725, z 225.469
 34267246 (734) module 32, x -3.395, y -13.1025, z 200.469
 32166820 (683) module 30, x -2.6525, y -10.1325, z 175.469
 30066138 (631) module 28, x -1.8825, y -7.1625, z 150.469

Track #48, length 8
 43373851 (991) module 41, x -31.61, y -12.4275, z 401.411
 41290409 (935) module 39, x  -23.8, y -9.4025, z 324.463
 38853402 (888) module 37, x -17.7225, y -6.9725, z 263.531
 36751687 (825) module 35, x -15.2475, y -5.9825, z 238.531
 34649971 (770) module 33, x  -12.8, y -4.9925, z 213.531
 32548256 (716) module 31, x -10.325, y -4.0025, z 188.531
 30446542 (667) module 29, x -7.795, y -3.0125, z 163.531
 28344828 (618) module 27, x -5.2925, y  -2.05, z 138.531

Track #49, length 7
 43284591 (993) module 41, x -26.99, y -31.7325, z 401.411
 41222629 (939) module 39, x  -20.5, y -24.0875, z 324.463
 38904134 (890) module 37, x -15.3025, y    -18, z 263.531
 36795501 (827) module 35, x -13.1575, y -15.4975, z 238.531
 34686612 (772) module 33, x -10.985, y -12.9675, z 213.531
 32577724 (720) module 31, x -8.8125, y -10.465, z 188.531
 30469859 (671) module 29, x -6.6675, y -8.0175, z 163.531

Track #50, length 8
 43184792 (999) module 41, x -10.7925, y -36.6175, z 402.473
 41046470 (949) module 39, x -8.2625, y -27.79, z 325.525
 38916332 (902) module 37, x -6.1725, y -20.585, z 263.531
 36805627 (840) module 35, x -5.3475, y -17.67, z 238.531
 36371254 (789) module 34, x  -4.88, y -16.155, z 225.469
 34270315 (733) module 32, x -4.0275, y -13.2675, z 200.469
 32169120 (682) module 30, x -3.1475, y -10.3525, z 175.469
 30067925 (630) module 28, x -2.2675, y -7.4375, z 150.469

Track #51, length 7
 42237669 (986) module 40, x 20.4908, y 31.3842, z 389.411
 39978053 (928) module 38, x 15.3575, y 23.5275, z 313.525
 37851793 (871) module 36, x  11.15, y 17.1475, z 251.531
 35742640 (804) module 34, x 9.4725, y 14.5625, z 226.531
 33633487 (747) module 32, x 7.7675, y 11.9775, z 201.531
 31524077 (693) module 30, x 6.08083, y 9.37417, z 176.531
 29024763 (625) module 27, x   3.45, y 5.3475, z 137.469

Track #52, length 7
 42790696 (975) module 40, x 8.0725, y -30.895, z 390.473
 40683959 (917) module 38, x 5.9825, y -23.0575, z 313.525
 38425901 (860) module 36, x 4.2775, y -16.6775, z 250.469
 36331867 (796) module 34, x 3.6175, y -14.12, z 225.469
 34237834 (740) module 32, x 2.9575, y -11.5625, z 200.469
 32143800 (687) module 30, x 2.2975, y -9.0325, z 175.469
 30049766 (635) module 28, x 1.6375, y -6.5025, z 150.469

Track #53, length 8
 42232171 (989) module 40, x 27.2375, y 32.5575, z 389.411
 40173544 (931) module 38, x 20.335, y  24.28, z 312.463
 37854542 (874) module 36, x 14.8625, y 17.7525, z 251.531
 35744886 (808) module 34, x 12.6258, y 15.0942, z 226.531
 33635231 (751) module 32, x 10.3892, y 12.3808, z 201.531
 31525832 (698) module 30, x 8.1525, y 9.7225, z 176.531
 29416689 (640) module 28, x 5.8975, y 7.0275, z 151.531
 29030392 (626) module 27, x 4.6325, y 5.5125, z 137.469

Track #54, length 7
 41057724 (948) module 39, x -8.8125, y -30.1825, z 325.525
 38924262 (900) module 37, x -6.5025, y -22.29, z 263.531
 36812535 (839) module 35, x -5.5675, y -19.1275, z 238.531
 36372254 (788) module 34, x -5.0725, y -17.475, z 225.469
 34270808 (732) module 32, x -4.1375, y -14.3125, z 200.469
 32169362 (681) module 30, x -3.2025, y -11.1225, z 175.469
 30067916 (629) module 28, x -2.2675, y -7.9325, z 150.469

Track #55, length 8
 41186980 (934) module 39, x -24.075, y -31.815, z 324.463
 38930455 (887) module 37, x -17.8875, y -23.7475, z 263.531
 36818501 (824) module 35, x -15.3575, y -20.4475, z 238.531
 34705779 (769) module 33, x -12.8092, y -17.1108, z 213.531
 32593313 (717) module 31, x -10.27, y -13.7925, z 188.531
 30480591 (668) module 29, x  -7.74, y -10.4375, z 163.531
 28368381 (619) module 27, x -5.2375, y -7.0825, z 138.531
 27978492 (585) module 26, x -3.9175, y -5.2925, z 125.469

Track #56, length 4
 41308860 (936) module 39, x -22.755, y -5.4425, z 324.463
 38842709 (893) module 37, x -14.4775, y -4.6625, z 263.531
 36744082 (834) module 35, x -11.095, y -4.3325, z 238.531
 34645455 (779) module 33, x -7.75779, y -4.03971, z 213.531

Track #57, length 6
 41197547 (940) module 39, x -20.1792, y -29.5508, z 324.463
 38923084 (891) module 37, x -14.9725, y -22.0425, z 263.531
 36811635 (828) module 35, x -12.8275, y -18.99, z 238.531
 34700186 (773) module 33, x -10.6825, y -15.91, z 213.531
 32588737 (721) module 31, x -8.5375, y -12.8025, z 188.531
 30476776 (672) module 29, x -6.3925, y  -9.64, z 163.531

Track #58, length 7
 41795880 (941) module 39, x -19.7325, y 30.895, z 325.525
 39674810 (892) module 37, x -14.5808, y 22.8742, z 263.531
 37568245 (829) module 35, x -12.5275, y 19.6475, z 238.531
 35252276 (775) module 33, x -10.3825, y 16.2925, z 212.469
 33164143 (722) module 31, x -8.3475, y 13.0475, z 187.469
 31076521 (673) module 29, x -6.285, y 9.8575, z 162.469
 28989155 (620) module 27, x -4.2225, y   6.64, z 137.469

Track #59, length 8
 41087349 (944) module 39, x -12.7175, y -36.5625, z 325.525
 38945714 (898) module 37, x -9.3625, y -26.9925, z 263.531
 36831179 (836) module 35, x -7.9875, y -23.17, z 238.531
 34715875 (780) module 33, x -6.6675, y -19.265, z 213.531
 32600828 (725) module 31, x -5.2925, y -15.415, z 188.531
 32175720 (680) module 30, x -4.5775, y -13.405, z 175.469
 30072494 (627) module 28, x -3.2575, y -9.555, z 150.469
 27969012 (586) module 26, x -1.8825, y -5.705, z 125.469

Track #60, length 7
 41740394 (950) module 39, x -7.70583, y 27.2742, z 325.525
 39634155 (903) module 37, x -5.735, y 20.1975, z 263.531
 37374499 (841) module 35, x -4.8825, y 17.2275, z 237.469
 35280982 (782) module 33, x -4.1125, y 14.395, z 212.469
 33187722 (726) module 31, x -3.2875, y 11.5625, z 187.469
 31094205 (675) module 29, x -2.5175, y   8.73, z 162.469
 29000945 (621) module 27, x -1.6925, y 5.8975, z 137.469

Track #61, length 7
 41724689 (958) module 39, x -4.3325, y 32.1875, z 325.525
 39622568 (907) module 37, x -3.2325, y 23.855, z 263.531
 37523429 (842) module 35, x -2.7925, y   20.5, z 238.531
 35289383 (783) module 33, x -2.2975, y 17.0075, z 212.469
 33194340 (727) module 31, x -1.8575, y 13.6525, z 187.469
 31099297 (676) module 29, x -1.4175, y 10.2975, z 162.469
 29004254 (622) module 27, x -0.977501, y 6.9425, z 137.469

Track #62, length 9
 40688725 (920) module 38, x 7.0275, y -28.4475, z 313.525
 38585020 (862) module 36, x 5.5975, y -22.7825, z 251.531
 36485349 (797) module 34, x 5.0475, y  -20.5, z 226.531
 34230802 (741) module 32, x 4.4425, y -18.135, z 200.469
 32136252 (688) module 30, x 3.8925, y -15.8525, z 175.469
 30041957 (636) module 28, x 3.2875, y -13.57, z 150.469
 27947407 (588) module 26, x 2.7375, y -11.2875, z 125.469
 25852856 (552) module 24, x 2.1875, y -9.005, z 100.469
 23758306 (529) module 22, x   1.61, y -6.7225, z 75.469

Track #63, length 6
 40213391 (932) module 38, x 25.2575, y  15.59, z 312.463
 37824780 (875) module 36, x 18.4558, y 11.4092, z 251.531
 35719743 (809) module 34, x  15.66, y 9.6675, z 226.531
 33615218 (752) module 32, x 12.8825, y 7.9625, z 201.531
 31510181 (699) module 30, x 10.0775, y 6.2575, z 176.531
 29404887 (641) module 28, x 7.29083, y 4.51583, z 151.531

Track #64, length 7
 39775864 (881) module 37, x -36.425, y 26.5225, z 263.531
 37654715 (815) module 35, x -31.2458, y 22.8192, z 238.531
 35533822 (762) module 33, x -26.1125, y 19.1525, z 213.531
 33106503 (709) module 31, x -20.805, y 15.2475, z 187.469
 31033483 (661) module 29, x -15.6625, y 11.5075, z 162.469
 28960206 (612) module 27, x -10.5292, y 7.78583, z 137.469
 26218742 (581) module 25, x -5.58583, y 4.17417, z 113.531

Track #65, length 6
 39163477 (884) module 37, x -28.4475, y -15.865, z 262.469
 37076894 (818) module 35, x -24.4325, y -13.6375, z 237.469
 34990311 (764) module 33, x -20.39, y -11.3825, z 212.469
 32571951 (711) module 31, x -16.54, y -9.2275, z 188.531
 30464889 (662) module 29, x -12.4975, y -6.9725, z 163.531
 28357314 (613) module 27, x -8.455, y -4.7175, z 138.531

Track #66, length 8
 39670846 (894) module 37, x -13.7375, y 29.7125, z 263.531
 37566587 (830) module 35, x -12.1975, y 26.3575, z 238.531
 35462328 (774) module 33, x -10.6575, y 22.975, z 213.531
 33358069 (718) module 31, x  -9.09, y  19.62, z 188.531
 31070775 (669) module 29, x -7.495, y 16.1275, z 162.469
 28980852 (616) module 27, x -5.955, y 12.7725, z 137.469
 26890929 (582) module 25, x -4.415, y 9.4175, z 112.469
 24801262 (549) module 23, x -2.8475, y 6.0625, z 87.469

Track #67, length 6
 38567777 (854) module 36, x 1.9125, y -27.76, z 251.531
 36469421 (794) module 34, x 1.6375, y -23.58, z 226.531
 34371066 (739) module 32, x 1.3625, y -19.3725, z 201.531
 32149324 (686) module 30, x   1.06, y -14.9725, z 175.469
 30053784 (634) module 28, x 0.7575, y -10.7925, z 150.469
 27957988 (587) module 26, x 0.482502, y -6.585, z 125.469

Track #68, length 6
 38718166 (877) module 36, x 34.445, y -21.3525, z 251.531
 36214037 (812) module 34, x 29.1375, y -17.97, z 225.469
 34140752 (756) module 32, x 24.0088, y -14.7388, z 200.469
 32067466 (702) module 30, x 18.7975, y -11.535, z 175.469
 29994693 (643) module 28, x 13.545, y -8.3175, z 150.469
 27921663 (590) module 26, x 8.2925, y -5.1275, z 125.469

Track #69, length 6
 38278450 (880) module 36, x 36.1775, y -16.375, z 250.469
 36206943 (814) module 34, x 30.6775, y  -13.9, z 225.469
 34135180 (757) module 32, x 25.2142, y -11.4158, z 200.469
 32063161 (703) module 30, x 19.7142, y -8.94083, z 175.469
 29991655 (645) module 28, x 14.2325, y -6.4475, z 150.469
 27267768 (592) module 26, x  9.005, y -4.0825, z 126.531

Track #70, length 5
 38537725 (849) module 36, x  -4.55, y -19.2075, z 251.531
 36366390 (791) module 34, x -3.8075, y -16.1825, z 225.469
 34266218 (735) module 32, x -3.1475, y -13.295, z 200.469
 32165791 (684) module 30, x -2.4325, y -10.4075, z 175.469
 30065620 (632) module 28, x -1.7725, y -7.4925, z 150.469

Track #71, length 5
 38466817 (850) module 36, x -4.5225, y -19.07, z 250.469
 36366390 (791) module 34, x -3.8075, y -16.1825, z 225.469
 34266218 (735) module 32, x -3.1475, y -13.295, z 200.469
 32165791 (684) module 30, x -2.4325, y -10.4075, z 175.469
 30065620 (632) module 28, x -1.7725, y -7.4925, z 150.469

Track #72, length 5
 38052344 (876) module 36, x 19.4825, y 29.4775, z 250.469
 35791405 (810) module 34, x 16.6408, y 25.2142, z 226.531
 33674083 (753) module 32, x 13.6892, y 20.7408, z 201.531
 31556249 (700) module 30, x 10.7375, y 16.2675, z 176.531
 29438159 (642) module 28, x 7.7675, y 11.785, z 151.531

Track #73, length 5
 37290498 (820) module 35, x -23.0325, y 19.0425, z 237.469
 35211579 (766) module 33, x -19.1275, y 15.9075, z 212.469
 33132404 (712) module 31, x -15.2775, y 12.7725, z 187.469
 31052973 (663) module 29, x -11.455, y 9.6375, z 162.469
 28973030 (614) module 27, x -7.6875, y 6.5025, z 137.469

Track #74, length 6
 37517102 (843) module 35, x -1.4725, y 30.565, z 238.531
 35419017 (784) module 33, x -1.2525, y  25.56, z 213.531
 33320676 (728) module 31, x -0.9775, y 20.555, z 188.531
 31102278 (677) module 29, x -0.7575, y 15.3025, z 162.469
 29006241 (623) module 27, x -0.510002, y 10.2975, z 137.469
 26910460 (583) module 25, x -0.262501, y 5.2925, z 112.469

Track #75, length 5
 36507146 (805) module 34, x  9.915, y -32.5725, z 226.531
 34402419 (748) module 32, x 8.1275, y -26.77, z 201.531
 32296925 (694) module 30, x 6.33083, y -20.9492, z 176.531
 30036301 (637) module 28, x 4.4975, y -14.9175, z 150.469
 27947190 (589) module 26, x 2.75583, y -9.12417, z 125.469

Track #76, length 5
 35152396 (761) module 33, x -31.915, y 18.4925, z 212.469
 33084494 (708) module 31, x -25.6542, y 14.8258, z 187.469
 31016081 (660) module 29, x -19.3658, y 11.1592, z 162.469
 28948180 (611) module 27, x -13.1325, y 7.4925, z 137.469
 26219483 (580) module 25, x -7.1075, y 4.0275, z 113.531

Track #77, length 4
 33896459 (760) module 32, x 32.4808, y 21.0442, z 200.469
 31820684 (706) module 30, x 25.3858, y 16.4792, z 175.469
 29439498 (650) module 28, x 18.575, y 12.0875, z 151.531
 27321484 (596) module 26, x 11.4525, y 7.4675, z 126.531

Track #78, length 4
 34486582 (758) module 32, x 26.4608, y -30.1342, z 201.531
 32363436 (704) module 30, x 20.7225, y -23.635, z 176.531
 29988906 (647) module 28, x 14.755, y -16.8425, z 150.469
 27918240 (593) module 26, x 9.05333, y -10.3158, z 125.469

Track #79, length 4
 33300588 (730) module 31, x 3.3125, y 27.155, z 188.531
 31207141 (678) module 29, x 2.5425, y   20.5, z 163.531
 29016421 (624) module 27, x 1.6625, y  13.57, z 137.469
 26915549 (584) module 25, x 0.837498, y   6.97, z 112.469

Track #80, length 5
 28165165 (600) module 26, x 19.9342, y -30.6108, z 126.531
 26049181 (563) module 24, x 15.8642, y -24.4508, z 101.531
 23711765 (543) module 22, x 11.7025, y -17.97, z 75.469
 21632901 (489) module 20, x 7.6875, y -11.81, z 50.469
 19554549 (420) module 18, x 3.6725, y  -5.65, z 25.469

Track #81, length 4
 25693825 (568) module 24, x 36.5442, y -12.0208, z 100.469
 23639994 (547) module 22, x  27.24, y -8.9225, z 75.469
 21585906 (501) module 20, x 17.9175, y -5.8425, z 50.469
 18884536 (428) module 18, x  9.005, y -2.9275, z 26.531

Track #82, length 4
 21677518 (474) module 20, x -1.8825, y -7.795, z 50.469
 19586666 (412) module 18, x -3.2575, y -13.3225, z 25.469
 17495813 (349) module 16, x -4.6325, y -18.85, z  0.469
 15852028 (343) module 15, x -5.2925, y -21.52, z -11.469

Track #83, length 6
 21668065 (475) module 20, x 0.1525, y -6.7775, z 50.469
 19570314 (415) module 18, x 0.262501, y -11.535, z 25.469
 17472564 (355) module 16, x 0.345001, y -16.2925, z  0.469
 15492319 (300) module 14, x 0.4275, y -20.83, z -23.469
 13395593 (244) module 12, x 0.5375, y -25.5875, z -48.469
 11298866 (194) module 10, x 0.6475, y -30.345, z -73.469

Track #84, length 6
 21662952 (479) module 20, x 1.23417, y -6.35583, z 50.469
 19561879 (419) module 18, x 2.0775, y -10.8475, z 25.469
 17460550 (359) module 16, x 2.9575, y -15.3025, z  0.469
 15507958 (304) module 14, x 3.7825, y -19.5925, z -23.469
 13414565 (247) module 12, x 4.6075, y -24.0475, z -48.469
 11321427 (196) module 10, x 5.4875, y -28.53, z -73.469

Track #85, length 7
 20985852 (482) module 20, x 5.25583, y -2.02917, z 51.531
 18881719 (429) module 18, x 9.0875, y -3.505, z 26.531
 16777842 (367) module 16, x 12.8825, y -4.9625, z  1.531
 15299302 (314) module 14, x 16.8725, y -6.5025, z -24.531
 13184458 (259) module 12, x 20.6675, y -8.015, z -49.531
 11069871 (207) module 10, x  24.49, y -9.5275, z -74.531
  8923491 (164) module  8, x 35.0775, y -13.7075, z -144.281

Track #86, length 4
 20987637 (483) module 20, x 5.6775, y -1.6625, z 51.531
 18884775 (430) module 18, x 9.93083, y -2.85417, z 26.531
 16782169 (368) module 16, x  14.23, y -4.0275, z  1.531
 15290620 (315) module 14, x 18.715, y -5.2925, z -24.531

Track #87, length 6
 21011435 (484) module 20, x    6.2, y   3.48, z 51.531
 18926232 (431) module 18, x 10.7925, y  6.065, z 26.531
 16841284 (369) module 16, x 15.385, y 8.6775, z  1.531
 15067371 (318) module 14, x  20.17, y 11.3825, z -24.531
 12958103 (263) module 12, x  24.79, y 13.9675, z -49.531
 10848580 (212) module 10, x 29.3825, y 16.6075, z -74.531

Track #88, length 6
 20974823 (486) module 20, x   6.42, y -4.4125, z 51.531
 19520721 (433) module 18, x 11.0425, y  -7.63, z 25.469
 17403034 (371) module 16, x 15.4425, y -10.6825, z  0.469
 15285090 (316) module 14, x 19.8608, y -13.7442, z -24.531
 13168170 (261) module 12, x 24.2425, y -16.815, z -49.531
 11427571 (210) module 10, x 28.4775, y -19.7575, z -73.469

Track #89, length 5
 21666796 (477) module 20, x 0.400002, y -6.1725, z 50.469
 19568542 (416) module 18, x 0.647499, y -10.435, z 25.469
 17470287 (356) module 16, x 0.8675, y -14.78, z  0.469
 15372034 (301) module 14, x 1.0875, y -19.0425, z -24.531
 13399478 (245) module 12, x 1.3625, y -23.085, z -48.469

Track #90, length 6
 21664491 (478) module 20, x 0.922501, y   -6.2, z 50.469
 19563932 (418) module 18, x 1.60083, y -10.5542, z 25.469
 17463629 (358) module 16, x 2.2975, y -14.9175, z  0.469
 15503871 (302) module 14, x 2.9025, y -19.0975, z -23.469
 13409968 (246) module 12, x 3.6175, y -23.415, z -48.469
 11315809 (195) module 10, x 4.2775, y -27.76, z -73.469

Track #91, length 6
 21006570 (485) module 20, x  6.255, y 2.4075, z 51.531
 18917271 (432) module 18, x  10.82, y 4.1125, z 26.531
 16827716 (370) module 16, x 15.4125, y 5.7625, z  1.531
 15085035 (317) module 14, x  20.17, y 7.4775, z -24.531
 12980376 (262) module 12, x 24.7625, y 9.0725, z -49.531
 10875973 (211) module 10, x 29.3275, y 10.7225, z -74.531

Track #92, length 5
 19976401 (456) module 19, x  -7.63, y -6.3675, z 38.531
 17894280 (386) module 17, x -11.645, y -9.7225, z 13.531
 15812927 (325) module 15, x -15.6875, y -13.1325, z -11.469
 13994224 (268) module 13, x -19.8858, y -16.6442, z -37.531
 11881383 (216) module 11, x -23.91, y -20.0175, z -62.531

Track #93, length 6
 19930601 (460) module 19, x -6.3375, y 3.4775, z 38.531
 18477818 (390) module 17, x -9.8325, y 5.4025, z 12.469
 16365016 (329) module 15, x -13.1875, y 7.2725, z -12.531
 14252214 (272) module 13, x -16.5425, y  9.115, z -37.531
 12139413 (219) module 11, x -19.8975, y 10.9575, z -62.531
  9998903 (168) module  9, x -29.275, y 16.1275, z -132.281

Track #94, length 5
 19995130 (462) module 19, x -5.4025, y -10.52, z 38.531
 17923782 (393) module 17, x -8.2625, y -16.075, z 13.531
 15852434 (331) module 15, x -11.1225, y -21.6025, z -11.469
 13780319 (274) module 13, x -13.9275, y -27.13, z -36.469
 11708716 (220) module 11, x -16.7325, y -32.63, z -61.469

Track #95, length 5
 20599458 (464) module 19, x -4.415, y 10.215, z 37.469
 18491715 (396) module 17, x -6.6975, y  15.44, z 12.469
 16580070 (334) module 15, x -8.86083, y 20.4542, z -11.469
 14493063 (276) module 13, x -11.1525, y  25.67, z -36.469
 12406312 (222) module 11, x -13.4075, y 30.9225, z -61.469

Track #96, length 5
 19985865 (454) module 19, x -8.0975, y  -8.43, z 38.531
 17909115 (385) module 17, x -12.3875, y -12.94, z 13.531
 15832877 (324) module 15, x -16.6775, y -17.45, z -11.469
 13968601 (267) module 13, x -21.1875, y -22.135, z -37.531
 11850890 (215) module 11, x -25.505, y -26.6725, z -62.531

Track #97, length 6
 19932119 (457) module 19, x   -7.3, y 3.1475, z 38.531
 17827217 (387) module 17, x -11.1408, y 4.77917, z 13.531
 16355814 (326) module 15, x -15.1492, y 6.46583, z -12.531
 14240713 (269) module 13, x -18.99, y 8.0975, z -37.531
 12125867 (217) module 11, x -22.8125, y 9.7475, z -62.531
  9979478 (166) module  9, x -33.4825, y 14.4225, z -132.281

Track #98, length 6
 19931876 (458) module 19, x -6.6125, y 3.2025, z 38.531
 17826723 (389) module 17, x -10.16, y 4.9075, z 13.531
 16361955 (328) module 15, x -13.82, y 6.6675, z -12.531
 14248387 (271) module 13, x -17.3675, y    8.4, z -37.531
 12134820 (218) module 11, x -20.8875, y 10.1325, z -62.531
  9992013 (167) module  9, x -30.76, y 14.9175, z -132.281

Track #99, length 7
 19953918 (463) module 19, x -5.155, y -1.5275, z 38.531
 17860557 (394) module 17, x -7.8775, y -2.3525, z 13.531
 15767195 (332) module 15, x -10.6275, y -3.1775, z -11.469
 13673833 (275) module 13, x -13.35, y -4.0025, z -36.469
 11580471 (221) module 11, x  -16.1, y -4.8275, z -61.469
  9843369 (169) module  9, x -23.8275, y -7.2025, z -132.281
  7735326 (127) module  7, x -31.4725, y -9.5125, z -202.031

Track #100, length 5
 19548861 (422) module 18, x 4.8825, y  -8.73, z 25.469
 17442171 (361) module 16, x 6.9175, y -12.36, z  0.469
 15335481 (307) module 14, x   8.98, y -15.99, z -24.531
 13443320 (253) module 12, x 10.8775, y -19.4825, z -48.469
 11355573 (201) module 10, x 12.9125, y -23.14, z -73.469

Track #101, length 6
 18914503 (426) module 18, x 8.17083, y 3.54417, z 26.531
 16824200 (365) module 16, x 11.6542, y 5.01083, z  1.531
 14733898 (312) module 14, x 15.0825, y 6.4775, z -23.469
 12643340 (256) module 12, x 18.4925, y 7.9075, z -48.469
 10881736 (205) module 10, x 22.0858, y 9.38417, z -74.531
  8766490 (163) module  8, x 31.6925, y 13.3625, z -144.281

Track #102, length 7
 19572198 (414) module 18, x -0.149998, y -6.5025, z 25.469
 17475509 (354) module 16, x -0.232498, y  -9.17, z  0.469
 15378566 (299) module 14, x -0.287498, y -11.755, z -24.531
 13281623 (243) module 12, x -0.369999, y -14.34, z -49.531
 11184936 (193) module 10, x -0.452499, y -16.925, z -74.531
  9195685 (156) module  8, x -0.6725, y -24.02, z -143.219
  7097122 (119) module  6, x -0.9475, y -31.2525, z -212.969

Track #103, length 10
 18889214 (423) module 18, x 5.1825, y -1.9375, z 26.531
 16788183 (362) module 16, x 7.3275, y -2.7625, z  1.531
 14687151 (308) module 14, x    9.5, y -3.5875, z -23.469
 12586120 (254) module 12, x 11.645, y -4.4125, z -48.469
 11118844 (203) module 10, x 13.9025, y -5.2925, z -74.531
  8993489 (162) module  8, x 19.9525, y -7.6575, z -144.281
  6868646 (126) module  6, x 26.0025, y -10.0225, z -214.031
  4761494 (89) module  4, x 28.1475, y -10.9025, z -239.031
  2654086 (53) module  2, x  30.32, y -11.7825, z -264.031
   546934 (15) module  0, x 32.4925, y -12.6625, z -289.031

Track #104, length 5
 18945222 (427) module 18, x  8.235, y 10.2175, z 26.531
 16867975 (366) module 16, x   11.7, y 14.5075, z  1.531
 14790472 (313) module 14, x 15.1558, y 18.7792, z -23.469
 12712969 (257) module 12, x 18.6208, y 23.0142, z -48.469
 10798790 (206) module 10, x 22.2325, y 27.415, z -74.531

Track #105, length 8
 19582692 (413) module 18, x -2.3775, y -6.585, z 25.469
 17490099 (351) module 16, x -3.3675, y -9.3075, z  0.469
 15397506 (297) module 14, x -4.3575, y -11.975, z -24.531
 11631346 (234) module 11, x -5.8425, y -15.855, z -61.469
  9568188 (179) module  9, x -8.785, y -23.17, z -131.219
  7505286 (138) module  7, x -11.7825, y -30.6225, z -200.969
  5420403 (99) module  5, x -12.8275, y -33.29, z -225.969
  3335775 (62) module  3, x -13.9275, y -35.9575, z -250.969

Track #106, length 4
 17916734 (382) module 17, x -15.715, y -14.5625, z 13.531
 16076502 (321) module 15, x -21.3525, y -19.825, z -12.531
 13956468 (264) module 13, x -26.7058, y -24.8392, z -37.531
 11835668 (213) module 11, x -31.995, y -29.9175, z -62.531

Track #107, length 9
 17831914 (398) module 17, x -6.255, y 3.8075, z 13.531
 16386302 (335) module 15, x -8.5125, y 5.1825, z -12.531
 14279397 (277) module 13, x -10.6942, y 6.52083, z -37.531
 12172237 (223) module 11, x -12.8575, y 7.8775, z -62.531
 10046858 (170) module  9, x -18.9075, y 11.5625, z -132.281
  7921990 (128) module  7, x -24.9575, y 15.275, z -202.031
  5814574 (90) module  5, x -27.13, y 16.6225, z -227.031
  3707414 (54) module  3, x -29.3025, y 17.9425, z -252.031
  2003965 (16) module  1, x -31.3925, y 19.2075, z -275.969

Track #108, length 9
 17830134 (401) module 17, x -5.6225, y 4.1925, z 13.531
 16390132 (338) module 15, x  -7.66, y  5.705, z -12.531
 14284506 (279) module 13, x -9.6125, y 7.1625, z -37.531
 12178367 (224) module 11, x -11.5375, y   8.62, z -62.531
 10055797 (171) module  9, x -16.9825, y  12.69, z -132.281
  7933227 (129) module  7, x  -22.4, y 16.7875, z -202.031
  5827601 (91) module  5, x -24.3525, y 18.2175, z -227.031
  4077045 (55) module  3, x -26.2225, y  19.62, z -250.969
  1988827 (17) module  1, x -28.1475, y 21.0775, z -275.969

Track #109, length 9
 18497788 (402) module 17, x -5.4325, y  5.265, z 12.469
 16391900 (340) module 15, x -7.275, y 7.0525, z -12.531
 14286779 (280) module 13, x  -9.09, y   8.84, z -37.531
 12181147 (225) module 11, x -10.9325, y 10.6275, z -62.531
 10059841 (172) module  9, x -16.1025, y 15.5775, z -132.281
  8248293 (130) module  7, x -21.1625, y   20.5, z -200.969
  6159557 (92) module  5, x -22.9775, y 22.2875, z -225.969
  4070564 (56) module  3, x -24.8475, y 24.075, z -250.969
  1981828 (18) module  1, x -26.6625, y 25.8625, z -275.969

Track #110, length 9
 18499054 (404) module 17, x  -5.13, y 6.0625, z 12.469
 16393928 (342) module 15, x -6.8625, y  8.125, z -12.531
 14288547 (282) module 13, x -8.6225, y 10.1875, z -37.531
 12183677 (226) module 11, x -10.3825, y 12.2775, z -62.531
 10063636 (173) module  9, x -15.2775, y 18.0525, z -132.281
  8243114 (131) module  7, x -20.0625, y 23.745, z -200.969
  6154116 (93) module  5, x -21.8225, y 25.8625, z -225.969
  4064606 (57) module  3, x -23.5825, y 27.9525, z -250.969
  1975607 (19) module  1, x -25.3425, y 30.0975, z -275.969

Track #111, length 7
 18506195 (405) module 17, x -3.6175, y 7.5475, z 12.469
 16403621 (344) module 15, x -4.7725, y 10.0775, z -12.531
 14300790 (286) module 13, x -5.9825, y 12.635, z -37.531
 12197960 (230) module 11, x -7.165, y 15.1925, z -62.531
 10295495 (175) module  9, x -10.4375, y 22.1775, z -131.219
  8214086 (133) module  7, x -13.8475, y 29.2725, z -200.969
  6122519 (95) module  5, x -15.0575, y  31.83, z -225.969

Track #112, length 9
 18516474 (407) module 17, x -1.4175, y 5.4025, z 12.469
 16417240 (347) module 15, x -1.8575, y 7.2725, z -12.531
 14317751 (292) module 13, x -2.3525, y 9.0875, z -37.531
 12218261 (238) module 11, x -2.8475, y  10.93, z -62.531
 10114616 (187) module  9, x -4.18583, y 16.0542, z -132.281
  8176090 (147) module  7, x -5.5425, y 21.105, z -200.969
  6081209 (110) module  5, x -6.0375, y 22.9475, z -225.969
  3986327 (72) module  3, x -6.5325, y  24.79, z -250.969
  1891446 (33) module  1, x -7.0275, y 26.6325, z -275.969

Track #113, length 9
 17479921 (353) module 16, x -1.1675, y  -5.87, z  0.469
 15384274 (298) module 14, x -1.4975, y -7.575, z -24.531
 13288627 (242) module 12, x -1.8275, y -9.3075, z -49.531
 11192980 (191) module 10, x -2.1575, y -11.0125, z -74.531
  9100093 (153) module  8, x -3.0925, y -15.77, z -144.281
  7082982 (116) module  6, x -4.0275, y -20.4725, z -212.969
  4984263 (78) module  4, x -4.3575, y -22.1775, z -237.969
  2885544 (40) module  2, x -4.6875, y -23.8825, z -262.969
   786824 (0) module  0, x -5.0175, y -25.615, z -287.969

Track #114, length 9
 16778487 (360) module 16, x 5.5675, y -4.8525, z  1.531
 15343337 (306) module 14, x 7.3025, y -6.3375, z -24.531
 13238479 (252) module 12, x   8.98, y -7.7675, z -49.531
 11133877 (200) module 10, x 10.6208, y -9.17917, z -74.531
  9015153 (160) module  8, x 15.2775, y -12.9375, z -144.281
  6896429 (124) module  6, x 19.8975, y -16.6775, z -214.031
  4791572 (87) module  4, x  21.52, y -18.0525, z -239.031
  3014395 (51) module  2, x 23.1287, y -19.3175, z -262.969
   924642 (12) module  0, x 24.7925, y -20.6925, z -287.969

Track #115, length 8
 14758799 (309) module 14, x  11.26, y 11.9225, z -23.469
 12670575 (255) module 12, x 13.0475, y 13.875, z -48.469
 10582862 (204) module 10, x 14.835, y 15.8825, z -73.469
  8728561 (161) module  8, x  19.84, y 21.5575, z -144.281
  6605720 (125) module  6, x 24.7625, y 27.1675, z -214.031
  4499320 (88) module  4, x 26.5225, y 29.1475, z -239.031
  2392663 (52) module  2, x 28.3008, y 31.1642, z -264.031
   286519 (14) module  0, x  30.07, y 33.1075, z -289.031

Track #116, length 8
 15359230 (305) module 14, x 3.8925, y -5.155, z -24.531
 13255902 (249) module 12, x 5.2125, y -6.9425, z -49.531
 11152574 (198) module 10, x 6.5325, y -8.7025, z -74.531
  9038436 (159) module  8, x 10.245, y -13.6525, z -144.281
  6923787 (123) module  6, x 13.985, y -18.5475, z -214.031
  5075178 (86) module  4, x 15.2775, y -20.2525, z -237.969
  2984138 (50) module  2, x 16.5975, y -22.0125, z -262.969
   893353 (9) module  0, x 17.9725, y  -23.8, z -287.969

Track #117, length 7
 13697014 (289) module 13, x -5.6225, y  -8.98, z -36.469
 11608033 (232) module 11, x -6.7775, y -10.85, z -61.469
  9534631 (177) module  9, x -9.9675, y -15.965, z -131.219
  7461228 (137) module  7, x -13.185, y -21.0525, z -200.969
  5372247 (98) module  5, x -14.3675, y -22.84, z -225.969
  3283010 (61) module  3, x -15.5225, y -24.6275, z -250.969
  1193772 (22) module  1, x -16.6958, y -26.3692, z -275.969

Track #118, length 7
 14307837 (291) module 13, x -4.4975, y 5.2375, z -37.531
 12206569 (236) module 11, x -5.3775, y 6.3375, z -62.531
 10097588 (181) module  9, x -7.9075, y 9.2525, z -132.281
  7989118 (140) module  7, x -10.4375, y 12.2225, z -202.031
  5887851 (101) module  5, x -11.3175, y 13.2675, z -227.031
  3786328 (64) module  3, x -12.2525, y 14.3125, z -252.031
  1685060 (25) module  1, x -13.1325, y 15.385, z -277.031

Track #119, length 7
 13657581 (285) module 13, x  -6.09, y  -0.51, z -36.469
 11560919 (229) module 11, x -7.3275, y -0.5925, z -61.469
  9464984 (174) module  9, x -10.7925, y -0.895, z -131.219
  7369050 (132) module  7, x -14.2025, y  -1.17, z -200.969
  5272387 (94) module  5, x -15.4675, y -1.2525, z -225.969
  3175725 (58) module  3, x -16.6775, y -1.3625, z -250.969
  1079062 (20) module  1, x -17.915, y -1.4725, z -275.969

Track #120, length 7
 13649907 (287) module 13, x -5.7875, y 1.1675, z -36.469
 11551454 (231) module 11, x -6.9425, y  1.415, z -61.469
  9451170 (176) module  9, x -10.2425, y 2.1025, z -131.219
  7350887 (134) module  7, x -13.4875, y 2.7625, z -200.969
  5252689 (96) module  5, x -14.6975, y 2.9825, z -225.969
  3154236 (59) module  3, x -15.8525, y   3.23, z -250.969
  1056039 (21) module  1, x -17.0075, y 3.4775, z -275.969

Track #121, length 7
 13663990 (288) module 13, x -5.6225, y -1.8575, z -36.469
 11568609 (233) module 11, x -6.7775, y -2.2425, z -61.469
  9476263 (178) module  9, x -9.9675, y -3.315, z -131.219
  7384172 (136) module  7, x -13.2125, y -4.3875, z -200.969
  5288791 (97) module  5, x -14.3675, y -4.7725, z -225.969
  3193410 (60) module  3, x -15.5225, y -5.1575, z -250.969
  1097773 (23) module  1, x -16.6775, y -5.515, z -275.969

Track #122, length 7
 14318814 (293) module 13, x -2.1325, y 6.9425, z -37.531
 12218040 (237) module 11, x -2.9025, y 9.0325, z -62.531
 10110030 (186) module  9, x -5.2125, y 14.8625, z -132.281
  8185315 (144) module  7, x -7.5225, y 20.6375, z -200.969
  6091965 (107) module  5, x -8.3475, y 22.7275, z -225.969
  3998358 (69) module  3, x -9.2275, y 24.8725, z -250.969
  1905263 (30) module  1, x -10.1075, y  26.99, z -275.969

Track #123, length 7
 14326270 (294) module 13, x -0.510002, y 5.1825, z -37.531
 12228843 (239) module 11, x -0.592499, y 6.2275, z -62.531
 10130102 (188) module  9, x -0.922501, y  9.115, z -132.281
  8031361 (150) module  7, x -1.2525, y 12.0575, z -202.031
  5933421 (113) module  5, x  -1.39, y  13.13, z -227.031
  3835738 (75) module  3, x -1.5275, y 14.2025, z -252.031
  1738055 (37) module  1, x -1.6375, y 15.2475, z -277.031

Track #124, length 7
 14333662 (295) module 13, x 1.0575, y  6.915, z -37.531
 12237509 (240) module 11, x 1.2775, y 8.3175, z -62.531
 10143358 (189) module  9, x 1.9375, y 12.2225, z -132.281
  8049207 (151) module  7, x 2.5975, y 16.1275, z -202.031
  5953053 (114) module  5, x 2.8175, y  17.53, z -227.031
  3856900 (76) module  3, x 3.0375, y 18.9325, z -252.031
  1843689 (38) module  1, x 3.2575, y 20.3075, z -275.969

Track #125, length 7
 12583934 (248) module 12, x  5.155, y -4.9075, z -48.469
 11154162 (197) module 10, x 6.2025, y -5.8425, z -74.531
  9044420 (157) module  8, x 8.8975, y -8.3725, z -144.281
  6934937 (121) module  6, x 11.6475, y -10.71, z -214.031
  4833163 (84) module  4, x 12.6375, y -11.5075, z -239.031
  2731644 (48) module  2, x 13.5725, y -12.3325, z -264.031
   629870 (7) module  0, x 14.5625, y -13.1025, z -289.031

Track #126, length 7
 12604660 (250) module 12, x 5.7325, y -0.4525, z -48.469
 10507233 (199) module 10, x 6.7775, y -0.5075, z -73.469
  8408747 (158) module  8, x 9.7475, y -0.7825, z -143.219
  6310517 (122) module  6, x 12.7175, y -1.0025, z -212.969
  4213089 (85) module  4, x  13.79, y -1.0575, z -237.969
  2115406 (49) module  2, x 14.8625, y -1.1675, z -262.969
    17978 (8) module  0, x 15.935, y -1.2225, z -287.969

Track #127, length 6
 11550195 (235) module 11, x -5.7875, y 1.7175, z -61.469
  9449153 (180) module  9, x -8.5375, y  2.515, z -131.219
  7348368 (139) module  7, x -11.2325, y 3.3125, z -200.969
  5249918 (100) module  5, x -12.2225, y 3.5875, z -225.969
  3151212 (63) module  3, x -13.2125, y   3.89, z -250.969
  1052762 (24) module  1, x -14.2025, y 4.1925, z -275.969

Track #128, length 6
 12238073 (241) module 11, x  1.415, y   5.43, z -62.531
 10143947 (190) module  9, x  2.075, y 7.9875, z -132.281
  8050077 (152) module  7, x 2.7625, y 10.5175, z -202.031
  5953933 (115) module  5, x 2.9825, y 11.3975, z -227.031
  3857788 (77) module  3, x   3.23, y 12.3325, z -252.031
  1761900 (39) module  1, x 3.4775, y 13.2125, z -277.031

Track #129, length 6
 11190775 (192) module 10, x -1.6625, y -5.5675, z -74.531
  9096907 (154) module  8, x -2.405, y -7.9875, z -144.281
  7003295 (117) module  6, x -3.1475, y -10.4075, z -214.031
  4907407 (79) module  4, x -3.4225, y -11.26, z -239.031
  2811520 (41) module  2, x -3.6975, y -12.1125, z -264.031
   715632 (1) module  0, x -3.9725, y -12.9925, z -289.031

Track #130, length 5
  9442777 (182) module  9, x  -7.19, y 3.9175, z -131.219
  7993341 (141) module  7, x  -9.53, y 5.2375, z -202.031
  5892340 (103) module  5, x -10.355, y 5.7325, z -227.031
  3791595 (66) module  3, x -11.1525, y 6.2275, z -252.031
  1690595 (27) module  1, x -11.9775, y 6.6675, z -277.031

Track #131, length 5
  9444589 (184) module  9, x -6.1175, y 3.5325, z -131.219
  7342025 (143) module  7, x -8.0975, y 4.6875, z -200.969
  5899007 (105) module  5, x -8.8425, y 5.1275, z -227.031
  3799032 (68) module  3, x -9.5575, y 5.5125, z -252.031
  1698545 (29) module  1, x -10.245, y 5.8975, z -277.031

Track #132, length 5
  9452279 (185) module  9, x -5.5675, y 1.8825, z -131.219
  7352278 (145) module  7, x -7.3825, y   2.46, z -200.969
  5254346 (108) module  5, x -8.0425, y 2.6525, z -225.969
  3156159 (70) module  3, x -8.6475, y 2.8725, z -250.969
  1057971 (31) module  1, x -9.3075, y 3.0925, z -275.969

Track #133, length 5
  9464040 (183) module  9, x -6.365, y -0.6475, z -131.219
  7367875 (142) module  7, x -8.4275, y -0.8675, z -200.969
  5270966 (104) module  5, x -9.1425, y -0.9225, z -225.969
  3174057 (67) module  3, x -9.8575, y -1.005, z -250.969
  1077403 (28) module  1, x  -10.6, y -1.0875, z -275.969

Track #134, length 5
  9096176 (155) module  8, x -2.2125, y -5.9525, z -144.281
  7002063 (118) module  6, x -2.8725, y -7.7675, z -214.031
  4905923 (80) module  4, x -3.0925, y -8.4275, z -239.031
  2810040 (42) module  2, x -3.3675, y -9.0325, z -264.031
   713900 (2) module  0, x -3.5875, y -9.6925, z -289.031

Track #135, length 4
  7373308 (148) module  7, x -5.2925, y -2.0225, z -200.969
  5276915 (111) module  5, x  -5.76, y -2.1875, z -225.969
  3180523 (73) module  3, x -6.2275, y -2.3525, z -250.969
  1084130 (34) module  1, x -6.695, y -2.5175, z -275.969

Track #136, length 4
  7368172 (146) module  7, x -6.1725, y -0.9225, z -200.969
  5271523 (109) module  5, x -6.6675, y -1.0325, z -225.969
  3174617 (71) module  3, x -7.2175, y -1.0875, z -250.969
  1077711 (32) module  1, x -7.7675, y -1.1425, z -275.969

Track #137, length 4
  8016127 (149) module  7, x -4.5525, y 5.1275, z -202.031
  5916919 (112) module  5, x -4.97417, y 5.53083, z -227.031
  3817967 (74) module  3, x -5.3775, y   5.98, z -252.031
  1719015 (36) module  1, x -5.7625, y 6.4475, z -277.031

Track #138, length 4
  6307317 (120) module  6, x 5.6775, y -1.7175, z -212.969
  4209389 (83) module  4, x 6.1175, y -1.8825, z -237.969
  2111460 (47) module  2, x 6.6125, y  -2.02, z -262.969
    13787 (4) module  0, x   7.08, y -2.1575, z -287.969

Track #139, length 3
 54122226 (1240) module 51, x -11.345, y  5.815, z 750.469
 51381143 (1186) module 49, x -10.8475, y 4.9075, z 706.531
 49288352 (1131) module 47, x -10.3525, y 3.9725, z 661.531

Track #140, length 3
 54148315 (1248) module 51, x -5.6525, y 7.1075, z 750.469
 52043509 (1192) module 49, x -7.275, y 5.6775, z 705.469
 49286843 (1132) module 47, x -8.8675, y 4.3025, z 661.531

Track #141, length 3
 54181872 (1254) module 51, x   1.58, y 5.9525, z 750.469
 52084215 (1199) module 49, x 1.4425, y   5.54, z 705.469
 49986559 (1145) module 47, x 1.3325, y 5.1275, z 660.469

Track #142, length 3
 54393527 (1234) module 51, x -22.8675, y  23.03, z 751.531
 51994177 (1180) module 49, x -17.9725, y 15.5775, z 705.469
 49919430 (1128) module 47, x -13.1875, y  8.235, z 660.469

Track #143, length 3
 54378568 (1236) module 51, x -19.6775, y 29.135, z 751.531
 52264695 (1182) module 49, x -16.0475, y  19.51, z 706.531
 49922988 (1129) module 47, x -12.39, y 9.6925, z 660.469

Track #144, length 3
 54161129 (1253) module 51, x -2.9025, y 6.3375, z 750.469
 52064752 (1198) module 49, x -2.71917, y 5.91583, z 705.469
 49968632 (1143) module 47, x -2.5175, y 5.5125, z 660.469

Track #145, length 3
 52100513 (1201) module 49, x 4.9625, y 10.2975, z 705.469
 50000840 (1147) module 47, x 4.4125, y 8.1525, z 660.469
 47900910 (1094) module 45, x 3.8075, y 6.0625, z 615.469

Track #146, length 3
 47194539 (1082) module 45, x -9.7475, y 3.2575, z 616.531
 45100755 (1044) module 43, x -7.5475, y  2.515, z 497.982
 43006451 (1006) module 41, x -5.7875, y 1.9375, z 402.473

Track #147, length 3
 43844634 (1001) module 41, x -9.3375, y 31.6925, z 402.473
 41562907 (954) module 39, x  -6.12, y 17.6675, z 324.463
 39477479 (906) module 37, x -3.6725, y   6.42, z 262.469

Track #148, length 3
 41285535 (933) module 39, x -24.3775, y -10.5575, z 324.463
 38856462 (886) module 37, x -18.3825, y -7.6325, z 263.531
 36753978 (823) module 35, x -15.9625, y -6.505, z 238.531

Track #149, length 3
 41725611 (957) module 39, x -4.53417, y 23.6808, z 325.525
 39465160 (901) module 37, x -6.3125, y  8.125, z 262.469
 36713437 (837) module 35, x -6.9975, y   2.24, z 238.531

Track #150, length 3
 36353437 (793) module 34, x  -1.03, y -10.5175, z 225.469
 34255551 (737) module 32, x -0.837498, y -8.6475, z 200.469
 32157665 (685) module 30, x -0.672501, y  -6.75, z 175.469

Track #151, length 3
 33440777 (707) module 31, x -27.0475, y 32.6275, z 188.531
 31321966 (658) module 29, x -22.2808, y 27.0542, z 163.531
 29202644 (609) module 27, x -17.4775, y 21.435, z 138.531

Track #152, length 3
 31770054 (705) module 30, x 22.1958, y 27.4792, z 175.469
 29476918 (649) module 28, x 16.155, y 20.145, z 151.531
 27344039 (595) module 26, x 9.93083, y 12.4542, z 126.531

Track #153, length 3
 30805551 (655) module 29, x -30.5192, y -9.14583, z 162.469
 28722402 (606) module 27, x -20.6925, y -6.185, z 137.469
 26253712 (576) module 25, x -11.205, y -3.3425, z 113.531

Track #154, length 3
 22062275 (512) module 21, x -8.39083, y -3.98417, z 63.531
 19985691 (446) module 19, x -17.6675, y  -8.43, z 38.531
 18205289 (376) module 17, x -27.32, y -13.0325, z 12.469

Track #155, length 3
 22054087 (513) module 21, x  -8.18, y -2.1875, z 63.531
 19968035 (447) module 19, x  -17.2, y -4.6075, z 38.531
 18232182 (377) module 17, x -26.605, y -7.1475, z 12.469

Track #156, length 3
 22049745 (514) module 21, x  -7.63, y -1.2525, z 63.531
 19958839 (448) module 19, x  -16.1, y -2.6275, z 38.531
 18246549 (379) module 17, x  -24.9, y -4.0675, z 12.469

Track #157, length 3
 22702570 (518) module 21, x -3.1775, y 6.2825, z 62.469
 20589679 (459) module 19, x -6.51417, y 13.0108, z 37.469
 18680568 (391) module 17, x -9.70417, y 19.4458, z 13.531

Track #158, length 3
 20618603 (467) module 19, x -0.280834, y 13.2492, z 37.469
 18643956 (406) module 17, x -1.6925, y 19.675, z 13.531
 16553337 (346) module 15, x -3.14083, y 26.4492, z -11.469

Track #159, length 3
 20601672 (465) module 19, x -3.9475, y 15.165, z 37.469
 18663358 (399) module 17, x   -5.9, y 22.645, z 13.531
 16575280 (337) module 15, x -7.87083, y 30.4825, z -11.469

Track #160, length 3
 17940970 (397) module 17, x -6.2825, y -19.76, z 13.531
 15875011 (336) module 15, x -8.4275, y -26.58, z -11.469
 13809307 (278) module 13, x -10.6092, y -33.3358, z -36.469

Track #161, length 3
 17941243 (403) module 17, x -5.3475, y -19.815, z 13.531
 15875802 (341) module 15, x -7.1625, y -26.745, z -11.469
 13810872 (281) module 13, x -9.0325, y -33.675, z -36.469

Track #162, length 3
 14772568 (311) module 14, x 14.285, y 14.8925, z -23.469
 12924904 (258) module 12, x 20.3442, y 21.0808, z -49.531
 10800254 (208) module 10, x 26.1558, y 27.0942, z -74.531

