Track #0, length 9
 54002621 (1285) module 51, x -37.14, y 8.7575, z 750.469
 51916479 (1206) module 49, x -34.8025, y 8.6475, z 705.469
 49830337 (1132) module 47, x -32.4375, y 8.5375, z 660.469
 47744195 (1068) module 45, x -30.0725, y 8.4275, z 615.469
 45675720 (1007) module 43, x -23.9125, y 8.1525, z 496.921
 43601356 (941) module 41, x -18.88, y 7.9325, z 401.411
 41523150 (878) module 39, x -14.8375, y 7.8225, z 324.463
 39441104 (821) module 37, x -11.565, y 7.7125, z 262.469
 37350097 (763) module 35, x -10.2725, y 7.6575, z 237.469

Track #1, length 5
 53486275 (1295) module 51, x -8.4275, y 3.2025, z 751.531
 51389900 (1219) module 49, x -7.9325, y 3.0375, z 706.531
 49293524 (1142) module 47, x -7.4925, y 2.8725, z 661.531
 47197149 (1078) module 45, x -6.9975, y   2.68, z 616.531
 45102068 (1018) module 43, x -5.7325, y 2.2675, z 497.982

Track #2, length 4
 53483471 (1296) module 51, x -7.7675, y 3.8075, z 751.531
 51387609 (1220) module 49, x  -7.19, y 3.5325, z 706.531
 49291747 (1143) module 47, x -6.6675, y 3.2575, z 661.531
 47195885 (1079) module 45, x -6.1175, y 2.9825, z 616.531

Track #3, length 9
 53537108 (1292) module 51, x -14.5325, y -7.7425, z 751.531
 51437923 (1216) module 49, x -13.7075, y -7.3025, z 706.531
 49338738 (1139) module 47, x -12.8825, y -6.8625, z 661.531
 47239553 (1075) module 45, x -12.0575, y -6.4225, z 616.531
 45137064 (1014) module 43, x -9.9125, y -5.2675, z 497.982
 43035592 (950) module 41, x -8.1525, y -4.3325, z 402.473
 40934882 (886) module 39, x -6.7225, y -3.5625, z 325.525
 38834935 (829) module 37, x -5.5675, y -2.9575, z 263.531
 36736767 (773) module 35, x -5.1275, y -2.7375, z 238.531

Track #4, length 10
 54321913 (1298) module 51, x -7.385, y 19.4275, z 751.531
 52045073 (1221) module 49, x -6.9175, y 18.2175, z 705.469
 49949990 (1144) module 47, x -6.4775, y 17.035, z 660.469
 47854908 (1080) module 45, x -6.0375, y 15.8525, z 615.469
 45763188 (1020) module 43, x -4.8825, y 12.7725, z 496.921
 43670433 (956) module 41, x -3.9475, y  10.27, z 401.411
 41576902 (891) module 39, x -3.1775, y 8.2625, z 324.463
 39482596 (831) module 37, x -2.5725, y 6.6125, z 262.469
 37386736 (775) module 35, x -2.2975, y 5.9525, z 237.469
 35290619 (718) module 33, x -2.05917, y 5.32917, z 212.469

Track #5, length 12
 54391876 (1286) module 51, x -22.5375, y 29.3825, z 751.531
 52288356 (1208) module 49, x -21.1625, y 27.595, z 706.531
 50184837 (1133) module 47, x -19.815, y 25.8075, z 661.531
 48081574 (1069) module 45, x -18.4675, y 23.9925, z 616.531
 45967611 (1008) module 43, x -14.865, y 19.3175, z 497.982
 43633730 (943) module 41, x -11.9225, y 15.495, z 401.411
 41547386 (880) module 39, x -9.6125, y 12.4425, z 324.463
 39458470 (825) module 37, x -7.715, y 10.0225, z 262.469
 37364920 (769) module 35, x -6.9725, y 9.0325, z 237.469
 35271370 (713) module 33, x -6.2025, y 8.0425, z 212.469
 33177820 (666) module 31, x -5.4325, y 7.0525, z 187.469
 31084270 (630) module 29, x -4.6625, y 6.0625, z 162.469

Track #6, length 11
 53777657 (1289) module 51, x -19.4275, y -30.1925, z 750.469
 51534864 (1212) module 49, x -18.2725, y -28.3675, z 706.531
 49428774 (1137) module 47, x -17.0625, y -26.4425, z 661.531
 47322684 (1073) module 45, x -15.825, y -24.545, z 616.531
 45202807 (1012) module 43, x -12.6075, y -19.54, z 497.982
 43087015 (948) module 41, x -9.9675, y -15.4975, z 402.473
 40974797 (884) module 39, x -7.8775, y -12.2525, z 325.525
 38865387 (828) module 37, x -6.2275, y -9.6125, z 263.531
 36763896 (772) module 35, x -5.5125, y -8.5675, z 238.531
 34272478 (678) module 32, x -4.495, y -6.9425, z 200.469
 32172273 (636) module 30, x -3.8075, y -5.8975, z 175.469

Track #7, length 7
 53539439 (1293) module 51, x -13.02, y -8.265, z 751.531
 51439998 (1217) module 49, x -12.2225, y -7.7425, z 706.531
 49340301 (1140) module 47, x -11.3975, y  -7.22, z 661.531
 47240859 (1076) module 45, x -10.6275, y -6.6975, z 616.531
 45137346 (1015) module 43, x -8.4825, y  -5.35, z 497.982
 43035361 (952) module 41, x -6.7775, y -4.2775, z 402.473
 40934138 (888) module 39, x -5.4025, y -3.3975, z 325.525

Track #8, length 4
 54177750 (1306) module 51, x 0.672501, y  7.355, z 750.469
 52080351 (1229) module 49, x 0.6175, y 6.8875, z 705.469
 49982951 (1155) module 47, x 0.5625, y 6.4475, z 660.469
 47885551 (1084) module 45, x 0.525833, y 5.98917, z 615.469

Track #9, length 4
 54277617 (1311) module 51, x   2.13, y 19.8675, z 751.531
 52086283 (1237) module 49, x 1.9375, y 18.5475, z 705.469
 49988130 (1157) module 47, x 1.7175, y 17.2825, z 660.469
 47890232 (1085) module 45, x 1.5525, y 16.045, z 615.469

Track #10, length 10
 53820898 (1288) module 51, x -20.6925, y -20.76, z 750.469
 51729913 (1209) module 49, x -19.4275, y -19.4675, z 705.469
 49390866 (1134) module 47, x -18.1625, y -18.1925, z 661.531
 47287594 (1070) module 45, x -16.8425, y -16.8725, z 616.531
 45174631 (1010) module 43, x -13.4875, y -13.4625, z 497.982
 43064729 (945) module 41, x -10.7375, y -10.7125, z 402.473
 40957889 (881) module 39, x -8.5375, y -8.5125, z 325.525
 38852577 (826) module 37, x -6.7775, y -6.7525, z 263.531
 36752110 (770) module 35, x -6.0625, y -6.0375, z 238.531
 34651643 (715) module 33, x -5.3475, y -5.3225, z 213.531

Track #11, length 7
 54086051 (1290) module 51, x -19.1275, y  10.16, z 750.469
 51993522 (1213) module 49, x -18.1375, y  9.335, z 705.469
 49900994 (1136) module 47, x -17.1475, y 8.4825, z 660.469
 47808465 (1072) module 45, x -16.1575, y 7.6575, z 615.469
 45723130 (1009) module 43, x -13.6275, y 5.4025, z 496.921
 42998665 (944) module 41, x -11.6175, y 3.5875, z 402.473
 40907689 (879) module 39, x -9.8575, y 2.2675, z 325.525

Track #12, length 10
 54337941 (1294) module 51, x -10.96, y 24.9275, z 751.531
 52236723 (1218) module 49, x -10.08, y 23.2775, z 706.531
 50135505 (1141) module 47, x -9.1725, y 21.6275, z 661.531
 48034799 (1077) module 45, x -8.2925, y 19.9775, z 616.531
 45758016 (1017) module 43, x -5.9825, y 15.6325, z 496.921
 43669630 (955) module 41, x -4.1125, y 12.2225, z 401.411
 41578416 (892) module 39, x -2.8475, y  9.445, z 324.463
 39485913 (832) module 37, x -1.8575, y   7.19, z 262.469
 37390570 (776) module 35, x -1.4725, y 6.2825, z 237.469
 35295227 (719) module 33, x -1.0875, y 5.3475, z 212.469

Track #13, length 7
 54191730 (1313) module 51, x 3.6975, y 12.8825, z 750.469
 52093568 (1238) module 49, x 3.4775, y 12.085, z 705.469
 49995407 (1160) module 47, x 3.2575, y 11.2875, z 660.469
 47897246 (1087) module 45, x  3.065, y 10.4625, z 615.469
 45797572 (1022) module 43, x 2.4875, y 8.3725, z 496.921
 43697891 (959) module 41, x 1.9375, y   6.64, z 401.411
 41598973 (895) module 39, x 1.5525, y 5.2375, z 324.463

Track #14, length 6
 53555182 (1301) module 51, x -6.0625, y -11.7025, z 751.531
 51454453 (1224) module 49, x -5.6775, y -10.9325, z 706.531
 49353979 (1146) module 47, x  -5.32, y -10.2175, z 661.531
 46857140 (1027) module 44, x -4.8525, y -9.2525, z 603.469
 44755416 (967) module 42, x -3.8625, y -7.2725, z 484.921
 42654707 (905) module 40, x -3.0925, y  -5.76, z 389.411

Track #15, length 6
 53137309 (1240) module 50, x -2.4325, y -10.5175, z 738.469
 51039401 (1161) module 48, x -2.295, y -9.8575, z 693.469
 48941749 (1090) module 46, x -2.1575, y -9.1975, z 648.469
 46843841 (1028) module 44, x -1.9925, y -8.5375, z 603.469
 44744929 (968) module 42, x -1.6075, y -6.7775, z 484.921
 42646267 (906) module 40, x -1.2775, y -5.3475, z 389.411

Track #16, length 11
 52560069 (1252) module 50, x 8.3175, y  23.28, z 739.531
 50456526 (1173) module 48, x  7.795, y 21.8225, z 694.531
 48352472 (1100) module 46, x 7.2725, y 20.3375, z 649.531
 46248418 (1038) module 44, x 6.7225, y 18.8525, z 604.531
 44133115 (975) module 42, x 5.3475, y 14.975, z 485.982
 43709054 (965) module 41, x 4.3575, y 12.195, z 401.411
 41607596 (903) module 39, x 3.4225, y  9.665, z 324.463
 39507153 (839) module 37, x 2.7075, y   7.63, z 262.469
 37408480 (782) module 35, x  2.405, y 6.8325, z 237.469
 35310063 (721) module 33, x 2.1025, y 6.0075, z 212.469
 33211646 (671) module 31, x 1.8275, y 5.1825, z 187.469

Track #17, length 9
 53079343 (1257) module 50, x 10.1075, y -16.5675, z 738.469
 50985538 (1177) module 48, x  9.365, y -15.5225, z 693.469
 48891732 (1104) module 46, x 8.5675, y -14.5325, z 648.469
 46798181 (1041) module 44, x 7.7975, y -13.57, z 603.469
 44710545 (976) module 42, x 5.7625, y -11.1775, z 484.921
 42620085 (907) module 40, x 4.3325, y -9.1975, z 389.411
 40527314 (843) module 38, x   3.37, y -7.6025, z 312.463
 38434283 (786) module 36, x 2.5175, y   -6.2, z 250.469
 36338421 (728) module 34, x 2.2425, y -5.6775, z 225.469

Track #18, length 7
 52493450 (1260) module 50, x 11.5625, y 8.7875, z 739.531
 50394007 (1181) module 48, x  10.82, y 8.2925, z 694.531
 48294565 (1108) module 46, x 10.0775, y 7.7975, z 649.531
 46195377 (1045) module 44, x 9.4175, y 7.3575, z 604.531
 44092879 (982) module 42, x   7.74, y   6.23, z 485.982
 41991146 (911) module 40, x 6.2825, y 5.2125, z 390.473
 39889917 (846) module 38, x 5.2375, y 4.3325, z 313.525

Track #19, length 10
 52773004 (1278) module 50, x 25.4225, y 20.6225, z 738.469
 50682282 (1198) module 48, x 23.7725, y 19.2475, z 693.469
 48591303 (1122) module 46, x  22.15, y 17.9275, z 648.469
 46500325 (1059) module 44, x 20.5275, y 16.6075, z 603.469
 44124469 (997) module 42, x 16.2375, y 13.1325, z 485.982
 42014068 (926) module 40, x 12.745, y 10.2725, z 390.473
 39906728 (860) module 38, x 9.9125, y 7.9625, z 313.525
 37801169 (798) module 36, x 7.6575, y 6.1475, z 251.531
 35700449 (738) module 34, x 6.7775, y 5.3775, z 226.531
 33599986 (686) module 32, x 5.8425, y 4.6625, z 201.531

Track #20, length 5
 53135551 (1241) module 50, x -2.075, y -8.6475, z 738.469
 51037897 (1162) module 48, x -1.9375, y -8.0975, z 693.469
 48940243 (1091) module 46, x -1.8275, y -7.5475, z 648.469
 46842589 (1029) module 44, x -1.7175, y -6.9975, z 603.469
 44743927 (969) module 42, x -1.3875, y -5.5675, z 484.921

Track #21, length 5
 52471243 (1249) module 50, x 7.9875, y 4.0025, z 739.531
 50373076 (1170) module 48, x 7.4925, y 3.7825, z 694.531
 48274653 (1097) module 46, x   6.97, y 3.5075, z 649.531
 46176487 (1035) module 44, x 6.4475, y 3.2875, z 604.531
 44076287 (972) module 42, x 5.1275, y 2.6275, z 485.982

Track #22, length 4
 52447678 (1255) module 50, x 8.7025, y -1.0575, z 739.531
 50350283 (1174) module 48, x 7.9875, y -1.1125, z 694.531
 48252886 (1101) module 46, x 7.3825, y -1.1675, z 649.531
 46155490 (1039) module 44, x 6.7225, y -1.2225, z 604.531

Track #23, length 6
 52491175 (1256) module 50, x 9.9675, y 8.2925, z 739.531
 50392240 (1178) module 48, x  9.445, y 7.9075, z 694.531
 48293049 (1105) module 46, x 8.9775, y 7.4675, z 649.531
 46193344 (1042) module 44, x 8.5925, y  6.945, z 604.531
 44091346 (980) module 42, x 7.6025, y 5.8725, z 485.982
 39891428 (853) module 38, x 6.6125, y 4.6625, z 313.525

Track #24, length 4
 52491135 (1261) module 50, x 12.1675, y 8.2925, z 739.531
 50392461 (1182) module 48, x 11.3975, y 7.9625, z 694.531
 48293274 (1110) module 46, x 10.6825, y 7.5225, z 649.531
 46194085 (1048) module 44, x 10.0592, y 7.11917, z 604.531

Track #25, length 7
 52477519 (1266) module 50, x 14.8075, y  5.405, z 739.531
 50378848 (1186) module 48, x 13.8725, y 5.0475, z 694.531
 48280177 (1113) module 46, x 12.9375, y 4.7175, z 649.531
 46181506 (1049) module 44, x 12.0025, y 4.3875, z 604.531
 44080047 (985) module 42, x 9.5275, y 3.4525, z 485.982
 41979603 (915) module 40, x 7.5475, y 2.7375, z 390.473
 39879664 (848) module 38, x 5.9525, y 2.1325, z 313.525

Track #26, length 9
 52869117 (1273) module 50, x 19.2075, y -0.139999, z 738.469
 50354708 (1193) module 48, x 18.0525, y -0.1225, z 694.531
 48257578 (1119) module 46, x 16.815, y -0.1225, z 649.531
 46160448 (1056) module 44, x 15.605, y -0.1225, z 604.531
 44063355 (993) module 42, x 12.3875, y -0.0949998, z 485.982
 41966506 (923) module 40, x 9.8025, y -0.0675001, z 390.473
 39869392 (857) module 38, x 7.7125, y -0.0675001, z 313.525
 37772270 (796) module 36, x 6.0625, y -0.0675001, z 251.531
 35675130 (735) module 34, x 5.38417, y -0.0491662, z 226.531

Track #27, length 8
 52760585 (1284) module 50, x 32.6275, y 23.2625, z 738.469
 50670134 (1202) module 48, x 30.1525, y 21.8325, z 693.469
 48579684 (1125) module 46, x 27.6225, y 20.4025, z 648.469
 46489233 (1062) module 44, x  25.12, y 18.9725, z 603.469
 44134409 (998) module 42, x 18.6575, y 15.2775, z 485.982
 42023530 (927) module 40, x 13.3225, y 12.3075, z 390.473
 39915446 (859) module 38, x 9.12417, y 9.96083, z 313.525
 37810673 (794) module 36, x 5.8975, y 8.1825, z 251.531

Track #28, length 5
 53133759 (1242) module 50, x -1.6625, y -8.6475, z 738.469
 51036104 (1163) module 48, x -1.5525, y -8.1525, z 693.469
 48938194 (1092) module 46, x -1.415, y -7.6025, z 648.469
 46840539 (1030) module 44, x -1.2775, y -7.1075, z 603.469
 44741876 (970) module 42, x -0.947498, y -5.7325, z 484.921

Track #29, length 7
 52512999 (1246) module 50, x 6.4475, y 13.0775, z 739.531
 50412015 (1167) module 48, x 6.0075, y 12.2525, z 694.531
 48311030 (1094) module 46, x 5.6225, y 11.4275, z 649.531
 46210046 (1032) module 44, x 5.1825, y 10.6025, z 604.531
 45805760 (1024) module 43, x 4.2475, y 8.5925, z 496.921
 43704544 (961) module 41, x 3.3675, y 6.8325, z 401.411
 41604089 (900) module 39, x 2.6525, y 5.4575, z 324.463

Track #30, length 11
 52558017 (1254) module 50, x 8.5375, y 22.7575, z 739.531
 50454473 (1175) module 48, x 8.0975, y 21.3825, z 694.531
 48351185 (1103) module 46, x 7.6575, y 20.0625, z 649.531
 46247641 (1040) module 44, x 7.2175, y 18.6875, z 604.531
 44132848 (977) module 42, x 5.9525, y  14.92, z 485.982
 43711872 (966) module 41, x 4.9625, y 12.085, z 401.411
 41610414 (904) module 39, x 4.0275, y 9.5825, z 324.463
 39509714 (840) module 37, x 3.2575, y 7.6025, z 262.469
 37411296 (783) module 35, x 2.9825, y  6.805, z 237.469
 35312623 (722) module 33, x 2.6525, y 6.0075, z 212.469
 33213949 (672) module 31, x 2.3225, y 5.2375, z 187.469

Track #31, length 7
 52494478 (1258) module 50, x 11.3425, y   9.09, z 739.531
 50395547 (1179) module 48, x 10.6275, y 8.6225, z 694.531
 48296103 (1106) module 46, x 9.9675, y 8.1275, z 649.531
 46196403 (1044) module 44, x 9.3075, y  7.605, z 604.531
 44092879 (982) module 42, x   7.74, y   6.23, z 485.982
 41990887 (913) module 40, x 6.41083, y 5.1575, z 390.473
 39889917 (846) module 38, x 5.2375, y 4.3325, z 313.525

Track #32, length 7
 52485500 (1262) module 50, x 12.3325, y 7.0825, z 739.531
 50386314 (1183) module 48, x 11.5625, y 6.6425, z 694.531
 48287128 (1111) module 46, x 10.7925, y 6.2025, z 649.531
 46187941 (1047) module 44, x  10.05, y 5.7625, z 604.531
 44085450 (984) module 42, x 8.0425, y 4.6075, z 485.982
 41983975 (914) module 40, x 6.4475, y    3.7, z 390.473
 39883519 (845) module 38, x 5.1275, y 2.9575, z 313.525

Track #33, length 7
 52454720 (1267) module 50, x 15.6325, y   0.51, z 739.531
 50357586 (1187) module 48, x 14.6425, y 0.4825, z 694.531
 48260196 (1114) module 46, x 13.6525, y  0.455, z 649.531
 46163062 (1051) module 44, x 12.6625, y 0.4275, z 604.531
 44065445 (987) module 42, x 10.0775, y  0.345, z 485.982
 41968074 (917) module 40, x  8.015, y 0.2625, z 390.473
 39870697 (850) module 38, x 6.3375, y 0.2075, z 313.525

Track #34, length 5
 53117838 (1243) module 50, x 1.7475, y -11.3425, z 738.469
 51021470 (1164) module 48, x 1.5825, y -10.4625, z 693.469
 48925102 (1093) module 46, x 1.4175, y -9.5825, z 648.469
 46828733 (1031) module 44, x 1.2525, y  -8.73, z 603.469
 44733671 (971) module 42, x 0.8125, y -6.4475, z 484.921

Track #35, length 11
 52566243 (1247) module 50, x 6.6675, y 24.655, z 739.531
 50462442 (1168) module 48, x  6.255, y 23.0875, z 694.531
 48357874 (1095) module 46, x 5.8425, y  21.52, z 649.531
 46253562 (1033) module 44, x 5.4025, y 19.9525, z 604.531
 45806134 (1025) module 43, x  4.385, y 16.1825, z 496.921
 43704946 (962) module 41, x 3.4775, y 12.8825, z 401.411
 41604515 (901) module 39, x 2.7625, y 10.1875, z 324.463
 39504586 (838) module 37, x 2.1575, y 8.0425, z 262.469
 37406425 (780) module 35, x 1.9375, y   7.19, z 237.469
 35308009 (720) module 33, x   1.69, y 6.3375, z 212.469
 33209849 (670) module 31, x 1.4425, y 5.4575, z 187.469

Track #36, length 5
 52445384 (1250) module 50, x  8.125, y -1.5525, z 739.531
 50348754 (1172) module 48, x 7.6025, y -1.4425, z 694.531
 48252123 (1099) module 46, x   7.08, y -1.3325, z 649.531
 46155492 (1037) module 44, x  6.585, y -1.2225, z 604.531
 44059645 (974) module 42, x 5.2375, y -0.9475, z 485.982

Track #37, length 7
 52496781 (1259) module 50, x 11.3975, y 9.6125, z 739.531
 50397081 (1180) module 48, x 10.7375, y   8.98, z 694.531
 48297125 (1109) module 46, x 10.0775, y 8.3475, z 649.531
 46197169 (1046) module 44, x 9.4175, y 7.7425, z 604.531
 44092368 (981) module 42, x 7.7125, y 6.0925, z 485.982
 41987817 (912) module 40, x 6.3375, y 4.4975, z 390.473
 39883519 (845) module 38, x 5.1275, y 2.9575, z 313.525

Track #38, length 6
 52493435 (1264) module 50, x 12.3875, y 8.7875, z 739.531
 50393737 (1184) module 48, x 11.6175, y 8.2375, z 694.531
 48293782 (1112) module 46, x 10.875, y   7.66, z 649.531
 46194085 (1048) module 44, x 10.0592, y 7.11917, z 604.531
 44090315 (983) module 42, x 7.9875, y 5.6525, z 485.982
 41987817 (912) module 40, x 6.3375, y 4.4975, z 390.473

Track #39, length 10
 53311967 (1268) module 50, x 15.7725, y -20.8575, z 739.531
 51210230 (1188) module 48, x 14.7825, y -19.565, z 694.531
 48867856 (1115) module 46, x 13.7925, y -18.2725, z 648.469
 46775079 (1052) module 44, x  12.83, y -16.98, z 603.469
 44690021 (988) module 42, x 10.2725, y -13.5975, z 484.921
 42601878 (918) module 40, x   8.21, y -10.9025, z 389.411
 40512702 (852) module 38, x 6.5325, y -8.7025, z 312.463
 38421726 (791) module 36, x 5.2125, y -6.9425, z 250.469
 36327147 (732) module 34, x 4.6625, y -6.2275, z 225.469
 34232312 (683) module 32, x   4.14, y -5.5125, z 200.469

Track #40, length 8
 52506162 (1269) module 50, x 16.4025, y 11.675, z 739.531
 50405701 (1189) module 48, x 15.3575, y 10.9325, z 694.531
 48304983 (1116) module 46, x 14.3675, y 10.1625, z 649.531
 46204522 (1053) module 44, x 13.3225, y 9.4475, z 604.531
 44098715 (990) module 42, x 10.6275, y 7.4675, z 485.982
 41994436 (920) module 40, x 8.3725, y 5.9275, z 390.473
 39891428 (853) module 38, x 6.6125, y 4.6625, z 313.525
 37789438 (790) module 36, x 5.1825, y  3.645, z 251.531

Track #41, length 10
 53316708 (1271) module 50, x 16.8175, y -27.6225, z 739.531
 51214469 (1190) module 48, x 15.7175, y -25.8075, z 694.531
 49112231 (1117) module 46, x 14.6175, y -23.9375, z 649.531
 47009992 (1054) module 44, x 13.5175, y -22.1225, z 604.531
 44688419 (989) module 42, x 10.6025, y -17.2275, z 484.921
 42601321 (919) module 40, x 8.3475, y -13.35, z 389.411
 40512674 (851) module 38, x 6.5325, y -10.215, z 312.463
 38422224 (789) module 36, x  5.075, y -7.7125, z 250.469
 36327906 (731) module 34, x 4.4975, y -6.7225, z 225.469
 34233333 (681) module 32, x   3.92, y -5.6775, z 200.469

Track #42, length 8
 53044818 (1272) module 50, x 17.5325, y -14.6425, z 738.469
 50952803 (1191) module 48, x 16.4325, y -13.68, z 693.469
 48860789 (1118) module 46, x 15.3325, y -12.7175, z 648.469
 46768775 (1055) module 44, x 14.2325, y -11.7275, z 603.469
 44685494 (992) module 42, x 11.2625, y -9.1425, z 484.921
 42598876 (922) module 40, x 8.8975, y -7.0525, z 389.411
 40510715 (855) module 38, x 6.9725, y -5.3475, z 312.463
 37753849 (792) module 36, x 5.4575, y -4.0275, z 251.531

Track #43, length 9
 52845303 (1274) module 50, x 19.5375, y 5.0025, z 738.469
 50377231 (1195) module 48, x 18.3275, y 4.7175, z 694.531
 48278566 (1120) module 46, x 17.0625, y 4.3875, z 649.531
 46179900 (1057) module 44, x 15.825, y  4.085, z 604.531
 44079224 (994) module 42, x 12.525, y 3.2875, z 485.982
 41979049 (924) module 40, x 9.8575, y 2.6275, z 390.473
 39879632 (856) module 38, x 7.7125, y 2.1325, z 313.525
 37780463 (795) module 36, x 6.0075, y 1.6925, z 251.531
 35682300 (734) module 34, x 5.2925, y    1.5, z 226.531

Track #44, length 11
 52762576 (1276) module 50, x 21.655, y 22.8775, z 738.469
 50672105 (1196) module 48, x 20.3075, y  21.42, z 693.469
 48350723 (1121) module 46, x 18.9875, y 20.0075, z 649.531
 46246684 (1058) module 44, x 17.6125, y  18.55, z 604.531
 44131933 (996) module 42, x 14.0375, y 14.7275, z 485.982
 42020498 (925) module 40, x 11.1225, y 11.6475, z 390.473
 39911869 (858) module 38, x 8.7575, y 9.1725, z 313.525
 37805791 (797) module 36, x   6.86, y 7.1375, z 251.531
 35705069 (736) module 34, x   6.09, y 6.3675, z 226.531
 33604091 (685) module 32, x   5.32, y 5.5425, z 201.531
 33225983 (676) module 31, x 4.9075, y 5.1275, z 187.469

Track #45, length 4
 52832014 (1283) module 50, x 32.325, y 7.8075, z 738.469
 50738735 (1203) module 48, x 30.5375, y 6.9825, z 693.469
 48644942 (1126) module 46, x 28.8325, y 6.2675, z 648.469
 46551149 (1063) module 44, x   27.1, y 5.5525, z 603.469

Track #46, length 8
 52195592 (1227) module 49, x -1.1425, y 32.6825, z 706.531
 50102580 (1150) module 47, x -2.0225, y 30.2625, z 661.531
 48009567 (1082) module 45, x -2.9025, y 27.8975, z 616.531
 45923282 (1019) module 43, x -5.2125, y 21.5725, z 497.982
 43656239 (951) module 41, x -6.945, y 16.5675, z 401.411
 41552760 (882) module 39, x -8.3475, y 12.525, z 324.463
 39451315 (822) module 37, x -9.365, y 9.3075, z 262.469
 37352395 (764) module 35, x -9.7775, y 7.9875, z 237.469

Track #47, length 11
 51574272 (1210) module 49, x -19.1525, y -36.8375, z 706.531
 49465623 (1135) module 47, x -17.8875, y -34.3625, z 661.531
 47356975 (1071) module 45, x -16.5675, y -31.8875, z 616.531
 45229420 (1011) module 43, x -13.2125, y -25.3425, z 497.982
 43108253 (947) module 41, x -10.5175, y -20.0625, z 402.473
 40991429 (883) module 39, x -8.3175, y -15.8275, z 325.525
 38878438 (827) module 37, x -6.5025, y -12.445, z 263.531
 36775155 (771) module 35, x -5.7875, y -11.0975, z 238.531
 34273464 (677) module 32, x -4.70583, y -8.99583, z 200.469
 32173009 (635) module 30, x -3.99083, y -7.63917, z 175.469
 30072554 (597) module 28, x -3.285, y -6.2825, z 150.469

Track #48, length 11
 51649790 (1211) module 49, x -19.125, y -36.7925, z 705.469
 49465623 (1135) module 47, x -17.8875, y -34.3625, z 661.531
 47356975 (1071) module 45, x -16.5675, y -31.8875, z 616.531
 45229420 (1011) module 43, x -13.2125, y -25.3425, z 497.982
 43108253 (947) module 41, x -10.5175, y -20.0625, z 402.473
 40991429 (883) module 39, x -8.3175, y -15.8275, z 325.525
 38878438 (827) module 37, x -6.5025, y -12.445, z 263.531
 36775155 (771) module 35, x -5.7875, y -11.0975, z 238.531
 34273464 (677) module 32, x -4.70583, y -8.99583, z 200.469
 32173009 (635) module 30, x -3.99083, y -7.63917, z 175.469
 30072554 (597) module 28, x -3.285, y -6.2825, z 150.469

Track #49, length 6
 50407379 (1171) module 48, x   7.52, y 11.2625, z 694.531
 48306653 (1098) module 46, x 6.9975, y 10.4925, z 649.531
 46205926 (1036) module 44, x  6.475, y 9.7225, z 604.531
 44100094 (973) module 42, x  5.155, y 7.7425, z 485.982
 43708393 (964) module 41, x   4.22, y 6.3375, z 401.411
 41607423 (902) module 39, x  3.395, y 5.1275, z 324.463

Track #50, length 11
 50746896 (1204) module 48, x 32.2425, y 5.2225, z 693.469
 48651577 (1128) module 46, x 29.9875, y 4.8375, z 648.469
 46556001 (1064) module 44, x 27.7875, y 4.5075, z 603.469
 44463309 (1001) module 42, x 21.8475, y 3.5725, z 484.921
 41979940 (931) module 40, x 17.1725, y 2.8475, z 390.473
 39880041 (863) module 38, x 13.3408, y 2.26083, z 313.525
 37780898 (801) module 36, x 10.2425, y 1.8025, z 251.531
 35682744 (740) module 34, x 9.0325, y 1.5825, z 226.531
 33584846 (688) module 32, x  7.795, y 1.4175, z 201.531
 31486693 (641) module 30, x 6.5575, y 1.1975, z 176.531
 29388795 (602) module 28, x   5.32, y 1.0325, z 151.531

Track #51, length 7
 49808453 (1130) module 47, x -37.1125, y 15.3575, z 660.469
 47724372 (1066) module 45, x -34.28, y 14.5325, z 615.469
 45662075 (1005) module 43, x  -26.8, y 12.3875, z 496.921
 43592602 (940) module 41, x -20.75, y 10.6825, z 401.411
 41518259 (877) module 39, x -15.8825, y 9.3075, z 324.463
 39439559 (820) module 37, x -11.9225, y 8.2075, z 262.469
 37349839 (762) module 35, x -10.3275, y 7.7675, z 237.469

Track #52, length 6
 49977881 (1152) module 47, x -0.482502, y  17.75, z 660.469
 47881267 (1083) module 45, x -0.372501, y 16.3475, z 615.469
 45785463 (1021) module 43, x -0.0974998, y 12.6075, z 496.921
 43689389 (958) module 41, x 0.122498, y 9.6375, z 401.411
 41593304 (894) module 39, x 0.342499, y  7.245, z 324.463
 39496955 (833) module 37, x 0.5075, y 5.3475, z 262.469

Track #53, length 4
 48305830 (1107) module 46, x 9.97012, y 10.3563, z 649.531
 46205367 (1043) module 44, x 9.0875, y 9.6125, z 604.531
 44100058 (978) module 42, x 7.1625, y 7.7425, z 485.982
 41994995 (908) module 40, x 5.7875, y 6.0375, z 390.473

Track #54, length 6
 48680582 (1124) module 46, x 25.725, y -1.3775, z 648.469
 46582179 (1061) module 44, x 24.1575, y -1.1025, z 603.469
 44481777 (999) module 42, x  19.84, y -0.387501, z 484.921
 41968181 (929) module 40, x 16.2375, y 0.3175, z 390.473
 39872876 (862) module 38, x 13.185, y 0.7025, z 313.525
 37776280 (803) module 36, x 10.7925, y 0.8125, z 251.531

Track #55, length 11
 48571144 (1129) module 46, x 32.6825, y 22.2175, z 648.469
 46481459 (1065) module 44, x 30.3175, y 20.595, z 603.469
 44404132 (1002) module 42, x 24.075, y 16.3875, z 484.921
 42026753 (932) module 40, x 19.0975, y 13.0225, z 390.473
 39916875 (865) module 38, x 15.0275, y 10.2725, z 313.525
 37809798 (804) module 36, x 11.7825, y 8.0175, z 251.531
 35708574 (741) module 34, x 10.435, y 7.1375, z 226.531
 33607350 (689) module 32, x 9.1425, y 6.2575, z 201.531
 31505870 (643) module 30, x 7.8225, y   5.35, z 176.531
 29404646 (604) module 28, x 6.5025, y 4.4425, z 151.531
 27303422 (574) module 26, x 5.1825, y 3.5625, z 126.531

Track #56, length 6
 47905091 (1089) module 45, x 4.7425, y  15.44, z 615.469
 45803385 (1023) module 43, x 3.7525, y  12.47, z 496.921
 43702693 (960) module 41, x   3.01, y 10.0775, z 401.411
 41602760 (897) module 39, x 2.3775, y 8.1525, z 324.463
 39503079 (837) module 37, x 1.8275, y 6.4475, z 262.469
 37404915 (779) module 35, x 1.6075, y   5.76, z 237.469

Track #57, length 10
 47004445 (1050) module 44, x 12.3625, y -31.5275, z 604.531
 44895887 (986) module 42, x 9.8875, y -25.2575, z 485.982
 42790122 (916) module 40, x 7.9075, y -20.2525, z 390.473
 40513847 (849) module 38, x 6.2575, y -16.1275, z 312.463
 38422642 (788) module 36, x 4.9925, y -12.855, z 250.469
 36328074 (730) module 34, x 4.4425, y -11.535, z 225.469
 34233250 (682) module 32, x 3.9475, y -10.215, z 200.469
 32138426 (639) module 30, x  3.425, y -8.895, z 175.469
 30043859 (600) module 28, x 2.9025, y -7.5475, z 150.469
 27949035 (571) module 26, x 2.4075, y -6.2275, z 125.469

Track #58, length 11
 45281221 (1016) module 43, x -8.3175, y -36.4525, z 497.982
 43149539 (953) module 41, x  -6.64, y -29.055, z 402.473
 41025276 (889) module 39, x -5.2925, y -23.0875, z 325.525
 40632519 (841) module 38, x -5.0725, y -22.15, z 313.525
 38464290 (784) module 36, x -3.9725, y -17.2825, z 250.469
 36365125 (726) module 34, x -3.5325, y -15.33, z 225.469
 34265960 (679) module 32, x -3.0925, y -13.405, z 200.469
 32166796 (637) module 30, x -2.6525, y -11.4525, z 175.469
 30067631 (598) module 28, x -2.2125, y -9.5275, z 150.469
 27968466 (569) module 26, x -1.7725, y -7.6025, z 125.469
 25869301 (541) module 24, x -1.3325, y -5.6775, z 100.469

Track #59, length 5
 45497176 (1004) module 43, x -28.2825, y -6.7075, z 496.921
 43424208 (939) module 41, x -21.6825, y -1.5375, z 401.411
 40906289 (876) module 39, x -16.43, y 2.5425, z 325.525
 39438832 (819) module 37, x -12.0875, y 5.9525, z 262.469
 37349591 (761) module 35, x -10.3642, y 7.30917, z 237.469

Track #60, length 10
 44885318 (979) module 42, x 7.5225, y -29.2725, z 485.982
 42781104 (909) module 40, x 5.9825, y -23.415, z 390.473
 40520713 (844) module 38, x 4.7725, y -18.6575, z 312.463
 38427982 (787) module 36, x   3.81, y -14.8625, z 250.469
 36332906 (729) module 34, x 3.3975, y -13.3225, z 225.469
 34237574 (680) module 32, x 3.0125, y -11.7825, z 200.469
 32142241 (638) module 30, x 2.6275, y -10.27, z 175.469
 30046909 (599) module 28, x 2.2425, y -8.7575, z 150.469
 27951577 (570) module 26, x 1.8575, y -7.2175, z 125.469
 25856245 (542) module 24, x  1.445, y -5.6775, z 100.469

Track #61, length 10
 44900137 (991) module 42, x 10.8225, y -30.8675, z 485.982
 42793369 (921) module 40, x 8.6225, y -24.7075, z 390.473
 40688115 (854) module 38, x   6.89, y -19.7575, z 313.525
 38420287 (793) module 36, x   5.46, y -15.6875, z 250.469
 36325980 (733) module 34, x 4.8825, y -14.065, z 225.469
 34231418 (684) module 32, x 4.3325, y -12.4425, z 200.469
 32136855 (640) module 30, x  3.755, y -10.8475, z 175.469
 30042548 (601) module 28, x 3.1775, y -9.225, z 150.469
 27947986 (572) module 26, x 2.6275, y -7.6025, z 125.469
 25853423 (543) module 24, x 2.0775, y -6.0075, z 100.469

Track #62, length 9
 44435271 (1003) module 42, x 29.1992, y 9.54917, z 484.921
 42347448 (933) module 40, x 23.0025, y 7.5875, z 389.411
 39897617 (866) module 38, x 18.2175, y 6.0375, z 313.525
 37794650 (805) module 36, x 14.2025, y 4.7725, z 251.531
 35695223 (742) module 34, x 12.6075, y 4.2775, z 226.531
 33595540 (690) module 32, x 11.0125, y 3.7275, z 201.531
 31496112 (644) module 30, x  9.445, y 3.2325, z 176.531
 29396429 (605) module 28, x   7.85, y 2.6825, z 151.531
 27296746 (575) module 26, x 6.26417, y 2.16917, z 126.531

Track #63, length 4
 44462552 (1000) module 42, x 21.2425, y 3.7375, z 484.921
 41978664 (930) module 40, x 16.9525, y 2.5725, z 390.473
 39876710 (864) module 38, x 13.515, y 1.5275, z 313.525
 37775768 (802) module 36, x 10.7925, y 0.7025, z 251.531

Track #64, length 12
 43344939 (937) module 41, x -30.7575, y -18.6425, z 401.411
 41262988 (874) module 39, x -25.4225, y -15.37, z 324.463
 39178202 (814) module 37, x -21.1325, y -12.7575, z 262.469
 37085946 (755) module 35, x -19.3725, y -11.685, z 237.469
 34675738 (705) module 33, x -17.7225, y -10.6575, z 213.531
 32573754 (659) module 31, x -15.9625, y -9.6125, z 188.531
 30472026 (622) module 29, x -14.2025, y  -8.54, z 163.531
 28370042 (588) module 27, x -12.4425, y -7.4675, z 138.531
 26268058 (560) module 25, x -10.6825, y -6.4225, z 113.531
 24166074 (531) module 23, x -8.9225, y -5.3775, z 88.531
 22064089 (495) module 21, x  -7.19, y -4.3325, z 63.531
 19962105 (470) module 19, x -5.4575, y -3.2875, z 38.531

Track #65, length 7
 43328338 (938) module 41, x -28.6125, y -22.2175, z 401.411
 41253809 (875) module 39, x -23.3875, y -17.3775, z 324.463
 39174653 (816) module 37, x -19.2075, y -13.5275, z 262.469
 36779293 (758) module 35, x -17.5575, y -12.0325, z 238.531
 34674748 (707) module 33, x -15.8525, y -10.465, z 213.531
 32570971 (661) module 31, x -14.1475, y -8.8975, z 188.531
 30466682 (624) module 29, x -12.4425, y -7.3575, z 163.531

Track #66, length 4
 43814044 (957) module 41, x -2.64583, y 24.5058, z 402.473
 41563690 (887) module 39, x -5.955, y 16.8425, z 324.463
 39454617 (823) module 37, x -8.5675, y 10.7375, z 262.469
 37353157 (765) module 35, x -9.6125, y 8.3175, z 237.469

Track #67, length 9
 43954627 (936) module 41, x -33.0425, y  22.37, z 402.473
 41470746 (873) module 39, x -26.1308, y 17.7042, z 324.463
 39398493 (815) module 37, x -20.6858, y 14.0192, z 262.469
 37311864 (757) module 35, x -18.4675, y 12.525, z 237.469
 35224980 (706) module 33, x -16.2675, y 11.0125, z 212.469
 33137839 (662) module 31, x -14.095, y 9.5275, z 187.469
 31050954 (625) module 29, x -11.895, y 8.0425, z 162.469
 28964069 (590) module 27, x -9.7225, y 6.5575, z 137.469
 24124153 (535) module 23, x  -5.43, y 3.6425, z 88.531

Track #68, length 10
 42822938 (928) module 40, x 15.1125, y -31.6925, z 390.473
 40711566 (861) module 38, x  12.06, y -25.3125, z 313.525
 38603243 (799) module 36, x 9.6125, y -20.1975, z 251.531
 36308756 (739) module 34, x 8.5675, y -18.0525, z 225.469
 34216249 (687) module 32, x 7.5775, y -15.99, z 200.469
 32123743 (642) module 30, x 6.5875, y -13.9275, z 175.469
 30031237 (603) module 28, x 5.5975, y -11.8375, z 150.469
 27938731 (573) module 26, x 4.6075, y -9.7475, z 125.469
 25846224 (544) module 24, x 3.6175, y -7.685, z 100.469
 23753718 (506) module 22, x 2.6275, y -5.6225, z 75.469

Track #69, length 9
 41302347 (871) module 39, x -28.97, y -6.8175, z 324.463
 39211961 (813) module 37, x -22.9475, y -5.3875, z 262.469
 37117669 (754) module 35, x  -20.5, y -4.7825, z 237.469
 34646290 (704) module 33, x -18.1625, y  -4.25, z 213.531
 32546622 (660) module 31, x -15.7425, y -3.6725, z 188.531
 30446698 (623) module 29, x -13.295, y -3.0675, z 163.531
 28347031 (589) module 27, x -10.8475, y -2.5175, z 138.531
 26247107 (561) module 25, x -8.4275, y -1.9125, z 113.531
 24147439 (533) module 23, x -6.0075, y -1.3625, z 88.531

Track #70, length 9
 41736555 (885) module 39, x -6.8625, y 27.2375, z 325.525
 39633099 (830) module 37, x -5.515, y 21.9575, z 263.531
 37533682 (774) module 35, x -4.9925, y 19.8125, z 238.531
 35279389 (716) module 33, x -4.4425, y 17.5575, z 212.469
 33184836 (668) module 31, x -3.8925, y 15.4125, z 187.469
 31090283 (632) module 29, x -3.3425, y 13.2675, z 162.469
 28995730 (594) module 27, x -2.7925, y 11.1225, z 137.469
 26901177 (564) module 25, x -2.2425, y 8.9775, z 112.469
 24806368 (537) module 23, x  -1.72, y 6.8325, z 87.469

Track #71, length 6
 40431275 (868) module 38, x 24.2425, y -9.7475, z 312.463
 38357453 (806) module 36, x 19.1275, y -7.8775, z 250.469
 36269786 (744) module 34, x 17.0925, y -7.135, z 225.469
 34182120 (692) module 32, x 15.0575, y -6.365, z 200.469
 32094200 (645) module 30, x  13.05, y -5.5125, z 175.469
 29362066 (606) module 28, x 11.1225, y -4.6875, z 151.531

Track #72, length 4
 38812878 (824) module 37, x -7.8225, y 1.7725, z 263.531
 36716509 (768) module 35, x -6.9975, y 1.6075, z 238.531
 34620140 (714) module 33, x -6.1725, y  1.415, z 213.531
 32524027 (667) module 31, x -5.3475, y 1.2225, z 188.531

Track #73, length 8
 40394196 (869) module 38, x  32.19, y -7.4925, z 312.463
 38329585 (808) module 36, x 25.1958, y -5.87917, z 250.469
 36245245 (746) module 34, x 22.3725, y -5.2375, z 225.469
 31462698 (649) module 30, x 16.8425, y -3.9175, z 176.531
 29368669 (610) module 28, x  14.01, y -3.2575, z 151.531
 27274641 (578) module 26, x 11.1775, y -2.5975, z 126.531
 25180612 (547) module 24, x 8.3725, y -1.9375, z 101.531
 23086583 (508) module 22, x 5.5675, y -1.2775, z 76.531

Track #74, length 8
 38024153 (807) module 36, x 21.1875, y   35.5, z 250.469
 35821828 (745) module 34, x 18.905, y 31.7225, z 226.531
 33706288 (693) module 32, x 16.5125, y  27.79, z 201.531
 31590747 (646) module 30, x 14.1108, y 23.8392, z 176.531
 29475975 (608) module 28, x   11.7, y 19.8975, z 151.531
 27360179 (577) module 26, x 9.3075, y  15.91, z 126.531
 25244381 (546) module 24, x 6.97917, y 11.8858, z 101.531
 22732789 (502) module 21, x 3.3125, y   5.65, z 62.469

Track #75, length 7
 36882367 (767) module 35, x -8.6475, y -34.28, z 238.531
 34766289 (712) module 33, x -7.6575, y -30.21, z 213.531
 32650468 (665) module 31, x -6.6125, y -26.1675, z 188.531
 30534902 (629) module 29, x -5.6225, y -22.125, z 163.531
 27978810 (568) module 26, x -4.055, y -15.9625, z 125.469
 25877124 (540) module 24, x -3.0375, y -11.8925, z 100.469
 23775181 (505) module 22, x -1.9925, y  -7.85, z 75.469

Track #76, length 5
 37106980 (753) module 35, x -31.115, y -7.0375, z 237.469
 35013992 (702) module 33, x -27.375, y -6.1575, z 212.469
 32921260 (657) module 31, x -23.635, y -5.2225, z 187.469
 30828528 (620) module 29, x -19.895, y -4.2875, z 162.469
 26250360 (559) module 25, x -12.525, y -2.6275, z 113.531

Track #77, length 7
 38192660 (810) module 36, x 32.0225, y -0.9375, z 250.469
 36095060 (748) module 34, x 28.475, y -0.827499, z 225.469
 33997204 (695) module 32, x 24.955, y -0.662498, z 200.469
 29381397 (613) module 28, x  17.97, y -0.5075, z 151.531
 27285078 (580) module 26, x 14.395, y -0.3425, z 126.531
 25188503 (549) module 24, x  10.82, y -0.2325, z 101.531
 23091929 (510) module 22, x 7.2175, y -0.1225, z 76.531

Track #78, length 7
 36631073 (752) module 34, x 36.6358, y -31.2892, z 226.531
 34512488 (700) module 32, x 32.0342, y -27.3658, z 201.531
 32394159 (656) module 30, x 27.4325, y -23.47, z 176.531
 30276087 (617) module 28, x 22.8125, y -19.5375, z 151.531
 27876675 (582) module 26, x 18.0275, y -15.4675, z 125.469
 25800842 (551) module 24, x 13.4258, y -11.5442, z 100.469
 23724754 (513) module 22, x  8.815, y -7.6025, z 75.469

Track #79, length 5
 36193982 (750) module 34, x 33.455, y -8.7025, z 225.469
 34116560 (697) module 32, x  29.22, y -7.7125, z 200.469
 32039394 (653) module 30, x 24.9575, y -6.7225, z 175.469
 29961460 (614) module 28, x 20.695, y -5.7325, z 150.469
 27264302 (581) module 26, x 16.6042, y -4.76083, z 126.531

Track #80, length 4
 35258332 (711) module 33, x  -9.09, y  7.025, z 212.469
 33166060 (664) module 31, x -7.9625, y 6.1725, z 187.469
 31074044 (628) module 29, x -6.8625, y 5.2925, z 162.469
 28314610 (593) module 27, x -5.815, y 4.4675, z 138.531

Track #81, length 6
 34783310 (708) module 33, x -14.8625, y -33.895, z 213.531
 32665202 (663) module 31, x -12.855, y -29.3575, z 188.531
 30546838 (626) module 29, x -10.8658, y -24.8292, z 163.531
 28429243 (591) module 27, x -8.8675, y -20.2825, z 138.531
 26310879 (562) module 25, x -6.8875, y -15.745, z 113.531
 23783868 (504) module 22, x -3.8625, y -8.8125, z 75.469

Track #82, length 6
 33983261 (699) module 32, x   31.5, y 2.3075, z 200.469
 31887728 (655) module 30, x 26.9625, y 1.9775, z 175.469
 29791938 (616) module 28, x 22.425, y  1.675, z 150.469
 27293203 (583) module 26, x  18.08, y 1.4175, z 126.531
 25194598 (552) module 24, x 13.515, y 1.0875, z 101.531
 23095993 (514) module 22, x   8.95, y 0.7575, z 76.531

Track #83, length 5
 31262242 (627) module 29, x -9.4475, y 31.225, z 163.531
 29157514 (592) module 27, x -7.72417, y 25.4958, z 138.531
 27052531 (563) module 25, x -5.9825, y 19.7575, z 113.531
 24794721 (536) module 23, x -4.2225, y  13.79, z 87.469
 22705609 (499) module 21, x -2.5175, y   8.07, z 62.469

Track #84, length 5
 31234349 (631) module 29, x -3.3425, y 30.6475, z 163.531
 29134483 (595) module 27, x -2.7375, y  25.01, z 138.531
 26901504 (566) module 25, x -2.105, y 19.1525, z 112.469
 24807269 (538) module 23, x   -1.5, y  13.57, z 87.469
 22713035 (500) module 21, x -0.885834, y 7.95083, z 62.469

Track #85, length 5
 30338913 (619) module 28, x 36.4892, y -27.7508, z 151.531
 28208070 (585) module 26, x 29.2108, y -22.2142, z 126.531
 25762866 (554) module 24, x 21.5842, y -16.3658, z 100.469
 23700120 (516) module 22, x 14.2142, y -10.7558, z 75.469
 21636861 (476) module 20, x 6.8625, y  -5.21, z 50.469

Track #86, length 5
 30222158 (607) module 28, x 11.2808, y -28.8142, z 151.531
 28114872 (576) module 26, x   8.98, y -22.975, z 126.531
 25831976 (545) module 24, x 6.6425, y -16.925, z 100.469
 23745425 (507) module 22, x 4.36917, y -11.1408, z 75.469
 21659130 (474) module 20, x 2.0775, y -5.375, z 50.469

Track #87, length 5
 29552977 (611) module 28, x 14.6608, y 36.5992, z 151.531
 27421320 (579) module 26, x 11.6725, y 29.165, z 126.531
 25290430 (548) module 24, x 8.66583, y 21.8042, z 101.531
 23159284 (509) module 22, x 5.7325, y  14.48, z 76.531
 22736287 (503) module 21, x 4.0825, y  10.38, z 62.469

Track #88, length 4
 25590557 (556) module 24, x 31.5275, y 3.1875, z 100.469
 23495809 (520) module 22, x     26, y 2.6925, z 75.469
 21401061 (485) module 20, x 20.5275, y 2.1975, z 50.469
 18905927 (461) module 18, x  15.22, y 1.6925, z 26.531

Track #89, length 4
 16784331 (437) module 16, x 7.9875, y -3.5875, z  1.531
 15302617 (395) module 14, x  16.13, y -7.2175, z -24.531
 13169562 (348) module 12, x  23.94, y -10.6825, z -49.531
 11035994 (301) module 10, x  31.75, y -14.175, z -74.531

Track #90, length 4
 17461498 (432) module 16, x 2.7925, y -5.375, z  0.469
 15351967 (382) module 14, x 5.4325, y -10.38, z -24.531
 13242436 (337) module 12, x 8.0725, y -15.385, z -49.531
 11344619 (291) module 10, x 10.5475, y -20.17, z -73.469

Track #91, length 4
 15735226 (415) module 15, x -8.9225, y   3.67, z -11.469
 14259692 (357) module 13, x -14.92, y  6.145, z -37.531
 12135617 (306) module 11, x -20.6858, y 8.51917, z -62.531
  9964361 (255) module  9, x -36.7275, y 15.1375, z -132.281

Track #92, length 5
 15755771 (418) module 15, x  -5.32, y -0.7025, z -11.469
 13660605 (360) module 13, x  -8.73, y -1.1425, z -36.469
 11565439 (309) module 11, x -12.1675, y  -1.61, z -61.469
  9863373 (257) module  9, x -21.8475, y -2.9125, z -132.281
  7760159 (204) module  7, x -31.39, y -4.1775, z -202.031

Track #93, length 4
 15386305 (375) module 14, x -1.965, y -8.5375, z -24.531
 13293429 (327) module 12, x -2.8725, y -12.69, z -49.531
 11200298 (281) module 10, x -3.7525, y -16.8425, z -74.531
  9582066 (273) module  9, x -5.8425, y -26.2225, z -131.219

Track #94, length 5
 15385543 (376) module 14, x -1.7725, y  -8.18, z -24.531
 13292159 (328) module 12, x -2.5975, y -12.14, z -49.531
 11198775 (282) module 10, x -3.4225, y -16.1275, z -74.531
  9577212 (274) module  9, x -5.2925, y -25.205, z -131.219
  7531986 (222) module  7, x -7.575, y -36.3425, z -200.969

Track #95, length 6
 15384280 (377) module 14, x -1.4975, y -7.245, z -24.531
 13290392 (329) module 12, x -2.23083, y -10.7558, z -49.531
 11196761 (283) module 10, x -2.9825, y -14.2575, z -74.531
  9175720 (232) module  8, x -4.9625, y -23.8825, z -143.219
  7511779 (224) module  7, x -6.6675, y -32.025, z -200.969
  5430741 (164) module  5, x -7.4375, y -35.49, z -225.969

Track #96, length 5
 14680309 (383) module 14, x 5.6775, y -5.0725, z -23.469
 13240016 (338) module 12, x 8.6225, y -7.7125, z -49.531
 11130529 (293) module 10, x 11.3542, y -10.2608, z -74.531
  8997920 (250) module  8, x 18.9442, y -17.3558, z -144.281
  7223968 (201) module  6, x 26.4975, y -24.295, z -212.969

Track #97, length 6
 14691314 (385) module 14, x 5.8425, y -2.7075, z -23.469
 12587965 (339) module 12, x 8.7575, y -4.0275, z -48.469
 11128569 (294) module 10, x 11.785, y -5.4575, z -74.531
  8993203 (251) module  8, x  19.98, y -9.3075, z -144.281
  6858348 (202) module  6, x 28.2025, y -13.2125, z -214.031
  4747602 (148) module  4, x 31.1175, y -14.6425, z -239.031

Track #98, length 8
 15372534 (379) module 14, x 1.0325, y -5.595, z -24.531
 13266889 (331) module 12, x 2.8475, y  -8.07, z -49.531
 11160989 (287) module 10, x 4.7175, y -10.5175, z -74.531
  9040160 (244) module  8, x 9.8875, y -17.365, z -144.281
  7170212 (194) module  6, x 14.8375, y -24.1025, z -212.969
  5081463 (140) module  4, x 16.6525, y -26.55, z -237.969
  2992459 (85) module  2, x  18.44, y -28.9975, z -262.969
   903710 (27) module  0, x 20.2275, y -31.4725, z -287.969

Track #99, length 4
 14706148 (386) module 14, x 6.6125, y   0.51, z -23.469
 12610947 (341) module 12, x  11.92, y 0.9225, z -48.469
 10515747 (297) module 10, x   17.2, y 1.3625, z -73.469
  8815887 (253) module  8, x 32.2975, y   2.61, z -144.281

Track #100, length 7
 13632251 (368) module 13, x  -5.32, y 4.9625, z -36.469
 12196829 (315) module 11, x -7.4675, y 6.9975, z -62.531
 10072698 (262) module  9, x -13.3525, y 12.4425, z -132.281
  7948055 (211) module  7, x -19.2375, y 17.8875, z -202.031
  6151411 (154) module  5, x -21.245, y 19.7575, z -225.969
  4063695 (97) module  3, x -23.3625, y  21.71, z -250.969
  1976236 (37) module  1, x -25.4525, y 23.6625, z -275.969

Track #101, length 7
 13673467 (367) module 13, x -5.32917, y -3.91083, z -36.469
 11583446 (316) module 11, x -7.3825, y -5.4325, z -61.469
  9505387 (263) module  9, x -13.2675, y -9.695, z -131.219
  7428096 (212) module  7, x -19.1525, y -13.9575, z -200.969
  5610966 (153) module  5, x -21.3525, y -15.5075, z -227.031
  3506607 (96) module  3, x -23.4975, y -17.0475, z -252.031
  1402249 (36) module  1, x -25.5875, y -18.56, z -277.031

Track #102, length 4
 13701351 (364) module 13, x -6.42917, y -10.0158, z -36.469
 11622586 (313) module 11, x -8.9225, y -13.9575, z -61.469
  9575995 (260) module  9, x -15.9075, y -24.985, z -131.219
  7612345 (207) module  7, x -22.9475, y -36.1875, z -202.031

Track #103, length 7
 13679868 (369) module 13, x -5.2925, y -5.295, z -36.469
 11592406 (317) module 11, x -7.355, y -7.3575, z -61.469
  9521519 (264) module  9, x -13.0475, y -13.16, z -131.219
  7451143 (213) module  7, x -18.7675, y -18.9075, z -200.969
  5585118 (155) module  5, x -20.9125, y -21.0625, z -227.031
  3478201 (98) module  3, x -22.9475, y -23.1525, z -252.031
  1371796 (38) module  1, x -24.9825, y -25.215, z -277.031

Track #104, length 5
 13668306 (361) module 13, x -7.575, y  -2.82, z -36.469
 11575964 (310) module 11, x -10.5542, y -3.87417, z -61.469
  9492741 (258) module  9, x -18.85, y  -6.89, z -131.219
  7733354 (205) module  7, x -27.2925, y  -9.98, z -202.031
  5631539 (149) module  5, x -30.3175, y -11.0525, z -227.031

Track #105, length 7
 13684211 (366) module 13, x -5.76917, y -6.22083, z -36.469
 11598539 (314) module 11, x -7.9875, y -8.6775, z -61.469
  9532249 (261) module  9, x -14.2575, y -15.4425, z -131.219
  7676387 (209) module  7, x -20.6375, y -22.3275, z -202.031
  5568186 (152) module  5, x -22.8925, y -24.775, z -227.031
  3459729 (95) module  3, x -25.12, y -27.2225, z -252.031
  1351273 (35) module  1, x -27.3475, y -29.6425, z -277.031

Track #106, length 6
 14327035 (371) module 13, x -0.372501, y   5.32, z -37.531
 12228550 (323) module 11, x -0.619999, y  8.235, z -62.531
 10128433 (277) module  9, x -1.2525, y 16.4575, z -132.281
  8158619 (228) module  7, x -1.8025, y  24.57, z -200.969
  6062182 (171) module  5, x -1.9675, y 27.5125, z -225.969
  3966000 (112) module  3, x -2.1875, y 30.4825, z -250.969

Track #107, length 7
 13279701 (330) module 12, x 0.0974998, y -7.4375, z -49.531
 11181993 (284) module 10, x   0.18, y -9.8575, z -74.531
  9083950 (237) module  8, x 0.372501, y -16.6225, z -144.281
  7104435 (181) module  6, x 0.5925, y -23.2775, z -212.969
  5007495 (123) module  4, x 0.6475, y -25.6975, z -237.969
  2910555 (62) module  2, x 0.7025, y -28.1175, z -262.969
   813615 (5) module  0, x 0.7575, y -30.51, z -287.969

Track #108, length 7
 12634366 (333) module 12, x  5.155, y 5.9275, z -48.469
 10546399 (288) module 10, x 6.8875, y 7.9075, z -73.469
  8473992 (246) module  8, x 11.645, y 13.3525, z -143.219
  6401841 (197) module  6, x 16.4392, y 18.7608, z -212.969
  4313874 (143) module  4, x 18.1625, y 20.7225, z -237.969
  2431472 (86) module  2, x 19.9225, y  22.74, z -264.031
   325840 (28) module  0, x 21.655, y 24.6925, z -289.031

Track #109, length 7
 13254896 (335) module 12, x 5.4325, y -5.9525, z -49.531
 11149518 (290) module 10, x 7.1925, y -7.8225, z -74.531
  9029741 (249) module  8, x 12.1425, y -13.13, z -144.281
  6909708 (198) module  6, x 17.0375, y -18.465, z -214.031
  5091305 (145) module  4, x 18.7425, y -20.3075, z -237.969
  3002054 (87) module  2, x 20.475, y -22.2325, z -262.969
   913060 (29) module  0, x 22.2075, y -24.075, z -287.969

Track #110, length 6
 11582968 (320) module 11, x -5.5125, y -5.3225, z -61.469
  9504682 (268) module  9, x -9.8025, y -9.5025, z -131.219
  7426907 (216) module  7, x -14.12, y -13.6825, z -200.969
  5336895 (158) module  5, x -15.66, y -15.2225, z -225.969
  3246628 (100) module  3, x -17.1725, y -16.7075, z -250.969
  1156616 (40) module  1, x -18.7125, y -18.2475, z -275.969

Track #111, length 6
 11568366 (318) module 11, x -6.0625, y -2.1875, z -61.469
  9479064 (266) module  9, x -10.7925, y -3.8925, z -131.219
  7389505 (215) module  7, x -15.5408, y -5.57917, z -200.969
  5295138 (157) module  5, x -17.255, y -6.1475, z -225.969
  3200771 (99) module  3, x -18.96, y -6.7525, z -250.969
  1453793 (39) module  1, x -20.7475, y -7.4225, z -277.031

Track #112, length 6
 11171059 (285) module 10, x  2.545, y -5.7875, z -74.531
  9065899 (238) module  8, x 4.2775, y -9.7475, z -144.281
  6960482 (184) module  6, x 6.0375, y -13.7625, z -214.031
  4860488 (129) module  4, x 6.6425, y -15.1925, z -239.031
  2760494 (73) module  2, x 7.2475, y -16.6225, z -264.031
   660244 (15) module  0, x   7.88, y -18.0525, z -289.031

Track #113, length 5
  9447296 (265) module  9, x -12.085, y 2.9275, z -131.219
  7937277 (208) module  7, x -21.6025, y 5.2375, z -202.031
  5825006 (151) module  5, x -24.9575, y  6.035, z -227.031
  3712224 (94) module  3, x -28.3125, y 6.8325, z -252.031
  1599441 (34) module  1, x -31.6675, y 7.6575, z -277.031

Track #114, length 5
  9533167 (272) module  9, x -6.0075, y -15.6075, z -131.219
  7468481 (220) module  7, x -8.5375, y -22.5925, z -200.969
  5382321 (163) module  5, x -9.4175, y -25.095, z -225.969
  3296673 (105) module  3, x -10.2975, y -27.57, z -250.969
  1211025 (45) module  1, x -11.1775, y -30.0175, z -275.969

Track #115, length 5
 10129631 (278) module  9, x -1.0325, y 6.8875, z -132.281
  8030120 (229) module  7, x -1.5275, y 9.9125, z -202.031
  5932180 (172) module  5, x -1.665, y 11.0125, z -227.031
  3834240 (113) module  3, x  -1.83, y 12.1125, z -252.031
  1736300 (52) module  1, x -2.0225, y 13.2125, z -277.031

Track #116, length 5
  9498855 (270) module  9, x -6.4475, y -8.155, z -131.219
  7420331 (217) module  7, x -9.7475, y -12.2525, z -200.969
  5329814 (159) module  5, x -10.9025, y -13.6825, z -225.969
  3239553 (102) module  3, x -12.0575, y -15.1675, z -250.969
  1149035 (43) module  1, x -13.2492, y -16.6158, z -275.969

Track #117, length 5
 10124254 (276) module  9, x  -2.16, y 6.9425, z -132.281
  8022174 (226) module  7, x -3.2325, y 10.435, z -202.031
  5923464 (169) module  5, x -3.5625, y 11.6725, z -227.031
  3824497 (111) module  3, x -3.9475, y 12.9375, z -252.031
  1725786 (51) module  1, x -4.2775, y 14.2025, z -277.031

Track #118, length 5
 10131943 (279) module  9, x -0.510002, y 6.4475, z -132.281
  8032908 (230) module  7, x -0.922501, y 11.425, z -202.031
  5934956 (173) module  5, x -1.0875, y 13.2125, z -227.031
  3837004 (114) module  3, x -1.2525, y 14.9725, z -252.031
  1739051 (53) module  1, x  -1.39, y 16.7875, z -277.031

Track #119, length 4
  9493000 (259) module  9, x -18.7125, y -6.9175, z -131.219
  7733360 (206) module  7, x -26.9625, y  -9.98, z -202.031
  5631291 (150) module  5, x -29.8775, y -11.1075, z -227.031
  3528966 (92) module  3, x -32.7925, y -12.2075, z -252.031

Track #120, length 5
  9474543 (271) module  9, x -6.0075, y -2.9025, z -131.219
  7383231 (218) module  7, x -8.6475, y -4.1675, z -200.969
  5288110 (162) module  5, x -9.5825, y -4.635, z -225.969
  3193244 (104) module  3, x -10.545, y -5.1025, z -250.969
  1098379 (44) module  1, x -11.48, y -5.5975, z -275.969

Track #121, length 5
 10117620 (275) module  9, x -3.6175, y 5.7325, z -132.281
  7997028 (219) module  7, x -8.6225, y 13.6525, z -202.031
  5892144 (160) module  5, x -10.3825, y 16.485, z -227.031
  4011773 (101) module  3, x -12.115, y 19.2075, z -250.969
  1923017 (41) module  1, x -13.9025, y  22.04, z -275.969

Track #122, length 5
  9097972 (233) module  8, x -2.5975, y -5.7325, z -144.281
  7005642 (177) module  6, x -3.6425, y -8.0425, z -214.031
  4910266 (118) module  4, x -4.0275, y -8.895, z -239.031
  2814891 (58) module  2, x -4.4125, y -9.7475, z -264.031
   719516 (0) module  0, x -4.7975, y -10.5725, z -289.031

Track #123, length 5
  8449746 (241) module  8, x  7.575, y 8.0175, z -143.219
  6367641 (189) module  6, x 10.7375, y   11.4, z -212.969
  4276100 (134) module  4, x 11.8925, y  12.61, z -237.969
  2184559 (79) module  2, x 13.0475, y  13.82, z -262.969
    93275 (19) module  0, x 14.1475, y 15.0575, z -287.969

Track #124, length 4
  9093095 (234) module  8, x -1.5525, y  -6.42, z -144.281
  7004005 (178) module  6, x -3.3125, y -13.5975, z -214.031
  4909622 (119) module  4, x -3.945, y -16.1825, z -239.031
  2815751 (57) module  2, x -4.6325, y -18.7675, z -264.031

Track #125, length 5
  8392428 (239) module  8, x 6.1725, y -4.3025, z -143.219
  6948077 (186) module  6, x 8.7325, y -6.1175, z -214.031
  4847073 (131) module  4, x 9.6675, y -6.7775, z -239.031
  2745813 (75) module  2, x 10.5475, y  -7.41, z -264.031
   644297 (17) module  0, x 11.4825, y  -8.07, z -289.031

Track #126, length 5
  8393170 (242) module  8, x 7.6025, y -4.1375, z -143.219
  6938866 (190) module  6, x 10.795, y -5.8425, z -214.031
  4836583 (135) module  4, x 11.9225, y -6.4475, z -239.031
  2734300 (78) module  2, x 13.0225, y -7.0525, z -264.031
   631761 (20) module  0, x 14.1775, y -7.6575, z -289.031

Track #127, length 5
  9087723 (235) module  8, x -0.397499, y -6.2275, z -144.281
  6991287 (179) module  6, x -0.5625, y -9.0875, z -214.031
  4894117 (121) module  4, x  -0.59, y -10.0775, z -239.031
  2797202 (60) module  2, x -0.645, y -11.1225, z -264.031
   700288 (3) module  0, x -0.700001, y -12.1125, z -289.031

Track #128, length 5
  8477649 (243) module  8, x 7.6575, y  14.15, z -143.219
  6411409 (191) module  6, x 11.1775, y 20.7775, z -212.969
  4325242 (136) module  4, x 12.415, y  23.17, z -237.969
  2238564 (80) module  2, x 13.6525, y 25.5075, z -262.969
   152397 (22) module  0, x 14.9175, y 27.8725, z -287.969

Track #129, length 5
  9034641 (245) module  8, x 11.0975, y -11.1775, z -144.281
  6919238 (195) module  6, x 15.0025, y -15.3025, z -214.031
  4815658 (139) module  4, x 16.3775, y -16.8425, z -239.031
  2712079 (83) module  2, x 17.7525, y -18.3275, z -264.031
   898292 (26) module  0, x 19.045, y -19.7025, z -287.969

Track #130, length 5
  9086447 (236) module  8, x -0.122498, y  -5.98, z -144.281
  6989507 (180) module  6, x -0.177498, y -8.4275, z -214.031
  4892339 (122) module  4, x -0.177498, y  -9.28, z -239.031
  2795172 (61) module  2, x -0.177498, y -10.1325, z -264.031
   698004 (4) module  0, x -0.177498, y -11.0125, z -289.031

Track #131, length 4
  7390918 (221) module  7, x -8.235, y -5.8175, z -200.969
  5299367 (161) module  5, x -9.9675, y -7.0275, z -225.969
  3207816 (103) module  3, x -11.6725, y -8.2375, z -250.969
  1115753 (42) module  1, x -13.3775, y -9.4475, z -275.969

Track #132, length 4
  8015069 (225) module  7, x -4.7725, y   6.97, z -202.031
  5915344 (168) module  5, x -5.3225, y 7.7125, z -227.031
  3815874 (109) module  3, x -5.8175, y 8.4825, z -252.031
  1716148 (49) module  1, x -6.3675, y 9.2525, z -277.031

Track #133, length 4
  8052220 (231) module  7, x 3.2025, y 5.2925, z -202.031
  5956593 (175) module  5, x 3.5325, y   5.87, z -227.031
  3860967 (116) module  3, x 3.8625, y 6.4475, z -252.031
  1765597 (55) module  1, x 4.2475, y 6.9975, z -277.031

Track #134, length 4
  8006115 (223) module  7, x -6.6975, y 6.6675, z -202.031
  5905622 (165) module  5, x -7.4125, y 7.3825, z -227.031
  3805129 (106) module  3, x -8.1275, y 8.0975, z -252.031
  1704635 (46) module  1, x -8.8425, y   8.84, z -277.031

Track #135, length 4
  8023988 (227) module  7, x -2.8475, y 9.2525, z -202.031
  5923729 (170) module  5, x -3.5075, y 11.1775, z -227.031
  3823726 (110) module  3, x -4.1125, y 13.1025, z -252.031
  1723467 (50) module  1, x -4.7725, y 15.0275, z -277.031

Track #136, length 4
  6378627 (192) module  6, x 11.9292, y 13.7558, z -212.969
  4291693 (137) module  4, x  13.13, y 15.9375, z -237.969
  2204760 (81) module  2, x 14.3125, y 18.1375, z -262.969
   117570 (23) module  0, x 15.5225, y 20.2825, z -287.969

Track #137, length 4
  6893441 (200) module  6, x 20.5575, y -12.0575, z -214.031
  4789624 (146) module  4, x  21.96, y -12.5525, z -239.031
  2686575 (88) module  2, x 23.3625, y -13.0475, z -264.031
   583014 (30) module  0, x 24.7375, y -13.515, z -289.031

Track #138, length 4
  6971633 (182) module  6, x 3.6725, y -5.8975, z -214.031
  4872677 (124) module  4, x 4.0575, y  -6.53, z -239.031
  2773722 (64) module  2, x 4.4425, y -7.1625, z -264.031
   674767 (8) module  0, x 4.8275, y -7.7675, z -289.031

Track #139, length 4
  6955773 (185) module  6, x 7.0825, y -5.2375, z -214.031
  4855027 (130) module  4, x 7.8525, y -5.7875, z -239.031
  2754537 (74) module  2, x 8.5675, y -6.3375, z -264.031
   654303 (16) module  0, x   9.31, y -6.8875, z -289.031

Track #140, length 4
  6378369 (193) module  6, x 12.0575, y  13.71, z -212.969
  4290399 (138) module  4, x 13.9275, y 15.6625, z -237.969
  2202429 (82) module  2, x 15.7975, y 17.6425, z -262.969
   114203 (24) module  0, x 17.6675, y 19.5675, z -287.969

Track #141, length 4
  6361020 (187) module  6, x 8.8125, y 9.9425, z -212.969
  4272542 (132) module  4, x 10.4625, y  11.84, z -237.969
  2184319 (76) module  2, x 12.1675, y 13.7375, z -262.969
    95841 (18) module  0, x 13.8175, y 15.635, z -287.969

Track #142, length 3
 54190876 (1312) module 51, x 3.5325, y 17.6125, z 750.469
 52084500 (1235) module 49, x 1.5525, y 18.0525, z 705.469
 49978126 (1153) module 47, x -0.409168, y 18.3733, z 660.469

Track #143, length 3
 53504751 (1302) module 51, x  -5.98, y -0.7575, z 751.531
 51407350 (1225) module 49, x -5.6225, y -0.7025, z 706.531
 49309949 (1147) module 47, x -5.2375, y -0.6475, z 661.531

Track #144, length 3
 54183477 (1309) module 51, x 1.9375, y 16.2375, z 750.469
 52086075 (1236) module 49, x 1.8825, y 15.9075, z 705.469
 49988675 (1158) module 47, x 1.8275, y 15.4675, z 660.469

Track #145, length 3
 52494550 (1248) module 50, x 7.3825, y   9.09, z 739.531
 50397405 (1169) module 48, x 6.9975, y   9.09, z 694.531
 48300774 (1096) module 46, x 6.5025, y 9.2275, z 649.531

Track #146, length 3
 43705299 (963) module 41, x   3.56, y 7.5475, z 401.411
 41603038 (899) module 39, x   2.46, y 6.9425, z 324.463
 39501802 (835) module 37, x 1.5525, y 6.2825, z 262.469

Track #147, length 3
 41852154 (870) module 39, x -31.8875, y 19.3725, z 325.525
 39414666 (817) module 37, x -17.2575, y 11.5625, z 262.469
 37344450 (759) module 35, x -11.455, y 8.4825, z 237.469

Track #148, length 3
 41694758 (896) module 39, x 2.1025, y 31.0325, z 325.525
 39599514 (836) module 37, x 1.70375, y 24.6113, z 263.531
 37503178 (778) module 35, x 1.53417, y 21.9758, z 238.531

Track #149, length 3
 29812757 (618) module 28, x  31.94, y -2.8075, z 150.469
 27713162 (584) module 26, x 25.505, y -2.2575, z 125.469
 25613310 (553) module 24, x 19.125, y -1.6525, z 100.469

Track #150, length 3
 26589846 (558) module 25, x -24.8542, y -13.8758, z 112.469
 24186647 (528) module 23, x -17.8692, y -9.96083, z 88.531
 22071194 (493) module 21, x -10.6642, y -5.89083, z 63.531

Track #151, length 3
 25612435 (555) module 24, x  25.01, y -1.4875, z 100.469
 23087658 (517) module 22, x 16.8425, y -1.0025, z 76.531
 20993221 (477) module 20, x   8.29, y -0.4525, z 51.531

Track #152, length 3
 16805822 (439) module 16, x  8.675, y 1.0325, z  1.531
 14713635 (397) module 14, x   17.2, y 2.1325, z -23.469
 13007233 (349) module 12, x     26, y 3.2975, z -49.531

Track #153, length 3
 16362951 (411) module 15, x -13.6092, y 8.17083, z -12.531
 14225770 (353) module 13, x -22.1708, y 13.3042, z -37.531
 12088845 (303) module 11, x -30.815, y 18.4375, z -62.531

Track #154, length 3
 15780762 (412) module 15, x -10.6458, y -6.12917, z -11.469
 14022132 (355) module 13, x -19.6658, y -10.6492, z -37.531
 11904855 (304) module 11, x -28.3008, y -14.9392, z -62.531

Track #155, length 3
 14716030 (390) module 14, x 12.1858, y 2.66417, z -23.469
 12999875 (347) module 12, x  22.37, y 4.8925, z -49.531
 10892561 (302) module 10, x  32.16, y 7.0375, z -74.531

Track #156, length 3
 15320512 (391) module 14, x 12.2708, y -8.57417, z -24.531
 13193331 (343) module 12, x 18.7242, y -12.7908, z -49.531
 11066662 (298) module 10, x 25.1592, y -17.0258, z -74.531

Track #157, length 3
 13719985 (358) module 13, x -9.39917, y -14.0308, z -36.469
 11649644 (307) module 11, x -13.185, y -19.7875, z -61.469
  9710242 (256) module  9, x -24.1758, y -36.0042, z -132.281

Track #158, length 3
 12679678 (334) module 12, x 5.1825, y   15.8, z -48.469
 10606815 (289) module 10, x 6.8875, y 21.025, z -73.469
  8576647 (247) module  8, x 11.7275, y 35.545, z -143.219

Track #159, length 3
 12615094 (340) module 12, x 9.1425, y   1.83, z -48.469
 10521708 (295) module 10, x 13.185, y 2.6275, z -73.469
  8805273 (252) module  8, x  24.68, y 4.9475, z -144.281

Track #160, length 3
  9051762 (240) module  8, x 7.3025, y -12.855, z -144.281
  7171953 (196) module  6, x  15.25, y -26.9075, z -212.969
  5088275 (142) module  4, x 18.1375, y -32.05, z -237.969

